dataset_path: /home/djy/dataset/dataset
pretrained : False 
parallel: False

msg: ca_cbam_resnet
using model: ResNet, resnet18
using device cuda:0
batch_size = 20
epochs = 64
loss_function = CrossEntropyLoss()
optimizer = Adam (
Parameter Group 0
    amsgrad: False
    betas: (0.9, 0.999)
    eps: 1e-08
    lr: 0.0001
    weight_decay: 0
)


========== Train Epoch 1 ==========
Loss: 1.838	Accuracy: 35.64%	Cost 49s

========== Train Epoch 2 ==========
Loss: 1.698	Accuracy: 42.55%	Cost 49s

========== Train Epoch 3 ==========
Loss: 1.600	Accuracy: 38.83%	Cost 49s

========== Train Epoch 4 ==========
Loss: 1.507	Accuracy: 39.89%	Cost 50s

========== Train Epoch 5 ==========
Loss: 1.422	Accuracy: 38.30%	Cost 51s

========== Train Epoch 6 ==========
Loss: 1.336	Accuracy: 40.43%	Cost 49s

========== Train Epoch 7 ==========
Loss: 1.279	Accuracy: 45.74%	Cost 50s

========== Train Epoch 8 ==========
Loss: 1.205	Accuracy: 53.72%	Cost 52s

========== Train Epoch 9 ==========
Loss: 1.146	Accuracy: 52.13%	Cost 48s

========== Train Epoch 10 ==========
Loss: 1.068	Accuracy: 52.66%	Cost 48s

========== Train Epoch 11 ==========
Loss: 0.992	Accuracy: 53.19%	Cost 50s

========== Train Epoch 12 ==========
Loss: 0.908	Accuracy: 55.32%	Cost 49s

========== Train Epoch 13 ==========
Loss: 0.826	Accuracy: 56.38%	Cost 48s

========== Train Epoch 14 ==========
Loss: 0.766	Accuracy: 57.45%	Cost 50s

========== Train Epoch 15 ==========
Loss: 0.640	Accuracy: 57.98%	Cost 50s

========== Train Epoch 16 ==========
Loss: 0.532	Accuracy: 58.51%	Cost 48s

========== Train Epoch 17 ==========
Loss: 0.460	Accuracy: 59.04%	Cost 49s

========== Train Epoch 18 ==========
Loss: 0.348	Accuracy: 55.85%	Cost 49s

========== Train Epoch 19 ==========
Loss: 0.265	Accuracy: 59.04%	Cost 52s

========== Train Epoch 20 ==========
Loss: 0.213	Accuracy: 56.91%	Cost 49s

========== Train Epoch 21 ==========
Loss: 0.179	Accuracy: 55.32%	Cost 48s

========== Train Epoch 22 ==========
Loss: 0.151	Accuracy: 64.89%	Cost 51s

========== Train Epoch 23 ==========
Loss: 0.118	Accuracy: 64.89%	Cost 49s

========== Train Epoch 24 ==========
Loss: 0.087	Accuracy: 63.30%	Cost 50s

========== Train Epoch 25 ==========
Loss: 0.071	Accuracy: 69.15%	Cost 48s

========== Train Epoch 26 ==========
Loss: 0.059	Accuracy: 64.89%	Cost 49s

========== Train Epoch 27 ==========
Loss: 0.067	Accuracy: 67.02%	Cost 49s

========== Train Epoch 28 ==========
Loss: 0.071	Accuracy: 65.96%	Cost 51s

========== Train Epoch 29 ==========
Loss: 0.051	Accuracy: 66.49%	Cost 49s

========== Train Epoch 30 ==========
Loss: 0.060	Accuracy: 59.57%	Cost 51s

========== Train Epoch 31 ==========
Loss: 0.040	Accuracy: 64.36%	Cost 50s

========== Train Epoch 32 ==========
Loss: 0.040	Accuracy: 60.64%	Cost 50s

========== Train Epoch 33 ==========
Loss: 0.048	Accuracy: 62.23%	Cost 50s

========== Train Epoch 34 ==========
Loss: 0.048	Accuracy: 60.64%	Cost 48s

========== Train Epoch 35 ==========
Loss: 0.039	Accuracy: 64.36%	Cost 47s

========== Train Epoch 36 ==========
Loss: 0.025	Accuracy: 64.89%	Cost 50s

========== Train Epoch 37 ==========
Loss: 0.017	Accuracy: 63.30%	Cost 51s

========== Train Epoch 38 ==========
Loss: 0.019	Accuracy: 64.36%	Cost 49s

========== Train Epoch 39 ==========
Loss: 0.013	Accuracy: 66.49%	Cost 51s

========== Train Epoch 40 ==========
Loss: 0.015	Accuracy: 67.02%	Cost 51s

========== Train Epoch 41 ==========
Loss: 0.013	Accuracy: 64.89%	Cost 51s

========== Train Epoch 42 ==========
Loss: 0.014	Accuracy: 62.77%	Cost 50s

========== Train Epoch 43 ==========
Loss: 0.012	Accuracy: 65.43%	Cost 49s

========== Train Epoch 44 ==========
Loss: 0.010	Accuracy: 67.55%	Cost 49s

========== Train Epoch 45 ==========
Loss: 0.010	Accuracy: 67.02%	Cost 49s

========== Train Epoch 46 ==========
Loss: 0.014	Accuracy: 56.91%	Cost 50s

========== Train Epoch 47 ==========
Loss: 0.011	Accuracy: 65.43%	Cost 47s

========== Train Epoch 48 ==========
Loss: 0.008	Accuracy: 63.83%	Cost 51s

========== Train Epoch 49 ==========
Loss: 0.010	Accuracy: 64.89%	Cost 49s

========== Train Epoch 50 ==========
Loss: 0.009	Accuracy: 63.83%	Cost 49s

========== Train Epoch 51 ==========
Loss: 0.008	Accuracy: 66.49%	Cost 50s

========== Train Epoch 52 ==========
Loss: 0.007	Accuracy: 63.30%	Cost 51s

========== Train Epoch 53 ==========
Loss: 0.007	Accuracy: 65.43%	Cost 51s

========== Train Epoch 54 ==========
Loss: 0.005	Accuracy: 65.43%	Cost 49s

========== Train Epoch 55 ==========
Loss: 0.006	Accuracy: 67.02%	Cost 50s

========== Train Epoch 56 ==========
Loss: 0.004	Accuracy: 67.55%	Cost 50s

========== Train Epoch 57 ==========
Loss: 0.004	Accuracy: 66.49%	Cost 50s

========== Train Epoch 58 ==========
Loss: 0.005	Accuracy: 67.02%	Cost 50s

========== Train Epoch 59 ==========
Loss: 0.003	Accuracy: 67.02%	Cost 50s

========== Train Epoch 60 ==========
Loss: 0.004	Accuracy: 64.36%	Cost 35s

========== Train Epoch 61 ==========
Loss: 0.006	Accuracy: 61.17%	Cost 31s

========== Train Epoch 62 ==========
Loss: 0.005	Accuracy: 67.55%	Cost 29s

========== Train Epoch 63 ==========
Loss: 0.053	Accuracy: 42.02%	Cost 29s

========== Train Epoch 64 ==========
Loss: 0.208	Accuracy: 46.81%	Cost 29s

Finished training!!!

Min Loss = 0.003 in epoch 58;
    Max Accuracy = 69.15% in epoch 24;
    Total Cost 52 minutes

ResNet(
  (conv1): Conv2d(3, 64, kernel_size=(7, 7), stride=(2, 2), padding=(3, 3), bias=False)
  (bn1): BatchNorm2d(64, eps=1e-05, momentum=0.1, affine=True, track_running_stats=True)
  (relu): ReLU(inplace=True)
  (maxpool): MaxPool2d(kernel_size=3, stride=2, padding=1, dilation=1, ceil_mode=False)
  (layer1): Sequential(
    (0): BasicBlock(
      (conv1): Conv2d(64, 64, kernel_size=(3, 3), stride=(1, 1), padding=(1, 1), bias=False)
      (bn1): BatchNorm2d(64, eps=1e-05, momentum=0.1, affine=True, track_running_stats=True)
      (relu): ReLU(inplace=True)
      (conv2): Conv2d(64, 64, kernel_size=(3, 3), stride=(1, 1), padding=(1, 1), bias=False)
      (bn2): BatchNorm2d(64, eps=1e-05, momentum=0.1, affine=True, track_running_stats=True)
      (cbam): CBAM(
        (ChannelGate): CoordAtt(
          (pool_h): AdaptiveAvgPool2d(output_size=(None, 1))
          (pool_w): AdaptiveAvgPool2d(output_size=(1, None))
          (conv1): Conv2d(64, 8, kernel_size=(1, 1), stride=(1, 1))
          (bn1): BatchNorm2d(8, eps=1e-05, momentum=0.1, affine=True, track_running_stats=True)
          (act): h_swish(
            (sigmoid): h_sigmoid(
              (relu): ReLU6(inplace=True)
            )
          )
          (conv_h): Conv2d(8, 64, kernel_size=(1, 1), stride=(1, 1))
          (conv_w): Conv2d(8, 64, kernel_size=(1, 1), stride=(1, 1))
        )
        (SpatialGate): SpatialGate(
          (compress): ChannelPool()
          (spatial): BasicConv(
            (conv): Conv2d(2, 1, kernel_size=(7, 7), stride=(1, 1), padding=(3, 3), bias=False)
            (bn): BatchNorm2d(1, eps=1e-05, momentum=0.01, affine=True, track_running_stats=True)
          )
        )
      )
    )
    (1): BasicBlock(
      (conv1): Conv2d(64, 64, kernel_size=(3, 3), stride=(1, 1), padding=(1, 1), bias=False)
      (bn1): BatchNorm2d(64, eps=1e-05, momentum=0.1, affine=True, track_running_stats=True)
      (relu): ReLU(inplace=True)
      (conv2): Conv2d(64, 64, kernel_size=(3, 3), stride=(1, 1), padding=(1, 1), bias=False)
      (bn2): BatchNorm2d(64, eps=1e-05, momentum=0.1, affine=True, track_running_stats=True)
      (cbam): CBAM(
        (ChannelGate): CoordAtt(
          (pool_h): AdaptiveAvgPool2d(output_size=(None, 1))
          (pool_w): AdaptiveAvgPool2d(output_size=(1, None))
          (conv1): Conv2d(64, 8, kernel_size=(1, 1), stride=(1, 1))
          (bn1): BatchNorm2d(8, eps=1e-05, momentum=0.1, affine=True, track_running_stats=True)
          (act): h_swish(
            (sigmoid): h_sigmoid(
              (relu): ReLU6(inplace=True)
            )
          )
          (conv_h): Conv2d(8, 64, kernel_size=(1, 1), stride=(1, 1))
          (conv_w): Conv2d(8, 64, kernel_size=(1, 1), stride=(1, 1))
        )
        (SpatialGate): SpatialGate(
          (compress): ChannelPool()
          (spatial): BasicConv(
            (conv): Conv2d(2, 1, kernel_size=(7, 7), stride=(1, 1), padding=(3, 3), bias=False)
            (bn): BatchNorm2d(1, eps=1e-05, momentum=0.01, affine=True, track_running_stats=True)
          )
        )
      )
    )
  )
  (layer2): Sequential(
    (0): BasicBlock(
      (conv1): Conv2d(64, 128, kernel_size=(3, 3), stride=(2, 2), padding=(1, 1), bias=False)
      (bn1): BatchNorm2d(128, eps=1e-05, momentum=0.1, affine=True, track_running_stats=True)
      (relu): ReLU(inplace=True)
      (conv2): Conv2d(128, 128, kernel_size=(3, 3), stride=(1, 1), padding=(1, 1), bias=False)
      (bn2): BatchNorm2d(128, eps=1e-05, momentum=0.1, affine=True, track_running_stats=True)
      (downsample): Sequential(
        (0): Conv2d(64, 128, kernel_size=(1, 1), stride=(2, 2), bias=False)
        (1): BatchNorm2d(128, eps=1e-05, momentum=0.1, affine=True, track_running_stats=True)
      )
      (cbam): CBAM(
        (ChannelGate): CoordAtt(
          (pool_h): AdaptiveAvgPool2d(output_size=(None, 1))
          (pool_w): AdaptiveAvgPool2d(output_size=(1, None))
          (conv1): Conv2d(128, 8, kernel_size=(1, 1), stride=(1, 1))
          (bn1): BatchNorm2d(8, eps=1e-05, momentum=0.1, affine=True, track_running_stats=True)
          (act): h_swish(
            (sigmoid): h_sigmoid(
              (relu): ReLU6(inplace=True)
            )
          )
          (conv_h): Conv2d(8, 128, kernel_size=(1, 1), stride=(1, 1))
          (conv_w): Conv2d(8, 128, kernel_size=(1, 1), stride=(1, 1))
        )
        (SpatialGate): SpatialGate(
          (compress): ChannelPool()
          (spatial): BasicConv(
            (conv): Conv2d(2, 1, kernel_size=(7, 7), stride=(1, 1), padding=(3, 3), bias=False)
            (bn): BatchNorm2d(1, eps=1e-05, momentum=0.01, affine=True, track_running_stats=True)
          )
        )
      )
    )
    (1): BasicBlock(
      (conv1): Conv2d(128, 128, kernel_size=(3, 3), stride=(1, 1), padding=(1, 1), bias=False)
      (bn1): BatchNorm2d(128, eps=1e-05, momentum=0.1, affine=True, track_running_stats=True)
      (relu): ReLU(inplace=True)
      (conv2): Conv2d(128, 128, kernel_size=(3, 3), stride=(1, 1), padding=(1, 1), bias=False)
      (bn2): BatchNorm2d(128, eps=1e-05, momentum=0.1, affine=True, track_running_stats=True)
      (cbam): CBAM(
        (ChannelGate): CoordAtt(
          (pool_h): AdaptiveAvgPool2d(output_size=(None, 1))
          (pool_w): AdaptiveAvgPool2d(output_size=(1, None))
          (conv1): Conv2d(128, 8, kernel_size=(1, 1), stride=(1, 1))
          (bn1): BatchNorm2d(8, eps=1e-05, momentum=0.1, affine=True, track_running_stats=True)
          (act): h_swish(
            (sigmoid): h_sigmoid(
              (relu): ReLU6(inplace=True)
            )
          )
          (conv_h): Conv2d(8, 128, kernel_size=(1, 1), stride=(1, 1))
          (conv_w): Conv2d(8, 128, kernel_size=(1, 1), stride=(1, 1))
        )
        (SpatialGate): SpatialGate(
          (compress): ChannelPool()
          (spatial): BasicConv(
            (conv): Conv2d(2, 1, kernel_size=(7, 7), stride=(1, 1), padding=(3, 3), bias=False)
            (bn): BatchNorm2d(1, eps=1e-05, momentum=0.01, affine=True, track_running_stats=True)
          )
        )
      )
    )
  )
  (layer3): Sequential(
    (0): BasicBlock(
      (conv1): Conv2d(128, 256, kernel_size=(3, 3), stride=(2, 2), padding=(1, 1), bias=False)
      (bn1): BatchNorm2d(256, eps=1e-05, momentum=0.1, affine=True, track_running_stats=True)
      (relu): ReLU(inplace=True)
      (conv2): Conv2d(256, 256, kernel_size=(3, 3), stride=(1, 1), padding=(1, 1), bias=False)
      (bn2): BatchNorm2d(256, eps=1e-05, momentum=0.1, affine=True, track_running_stats=True)
      (downsample): Sequential(
        (0): Conv2d(128, 256, kernel_size=(1, 1), stride=(2, 2), bias=False)
        (1): BatchNorm2d(256, eps=1e-05, momentum=0.1, affine=True, track_running_stats=True)
      )
      (cbam): CBAM(
        (ChannelGate): CoordAtt(
          (pool_h): AdaptiveAvgPool2d(output_size=(None, 1))
          (pool_w): AdaptiveAvgPool2d(output_size=(1, None))
          (conv1): Conv2d(256, 8, kernel_size=(1, 1), stride=(1, 1))
          (bn1): BatchNorm2d(8, eps=1e-05, momentum=0.1, affine=True, track_running_stats=True)
          (act): h_swish(
            (sigmoid): h_sigmoid(
              (relu): ReLU6(inplace=True)
            )
          )
          (conv_h): Conv2d(8, 256, kernel_size=(1, 1), stride=(1, 1))
          (conv_w): Conv2d(8, 256, kernel_size=(1, 1), stride=(1, 1))
        )
        (SpatialGate): SpatialGate(
          (compress): ChannelPool()
          (spatial): BasicConv(
            (conv): Conv2d(2, 1, kernel_size=(7, 7), stride=(1, 1), padding=(3, 3), bias=False)
            (bn): BatchNorm2d(1, eps=1e-05, momentum=0.01, affine=True, track_running_stats=True)
          )
        )
      )
    )
    (1): BasicBlock(
      (conv1): Conv2d(256, 256, kernel_size=(3, 3), stride=(1, 1), padding=(1, 1), bias=False)
      (bn1): BatchNorm2d(256, eps=1e-05, momentum=0.1, affine=True, track_running_stats=True)
      (relu): ReLU(inplace=True)
      (conv2): Conv2d(256, 256, kernel_size=(3, 3), stride=(1, 1), padding=(1, 1), bias=False)
      (bn2): BatchNorm2d(256, eps=1e-05, momentum=0.1, affine=True, track_running_stats=True)
      (cbam): CBAM(
        (ChannelGate): CoordAtt(
          (pool_h): AdaptiveAvgPool2d(output_size=(None, 1))
          (pool_w): AdaptiveAvgPool2d(output_size=(1, None))
          (conv1): Conv2d(256, 8, kernel_size=(1, 1), stride=(1, 1))
          (bn1): BatchNorm2d(8, eps=1e-05, momentum=0.1, affine=True, track_running_stats=True)
          (act): h_swish(
            (sigmoid): h_sigmoid(
              (relu): ReLU6(inplace=True)
            )
          )
          (conv_h): Conv2d(8, 256, kernel_size=(1, 1), stride=(1, 1))
          (conv_w): Conv2d(8, 256, kernel_size=(1, 1), stride=(1, 1))
        )
        (SpatialGate): SpatialGate(
          (compress): ChannelPool()
          (spatial): BasicConv(
            (conv): Conv2d(2, 1, kernel_size=(7, 7), stride=(1, 1), padding=(3, 3), bias=False)
            (bn): BatchNorm2d(1, eps=1e-05, momentum=0.01, affine=True, track_running_stats=True)
          )
        )
      )
    )
  )
  (layer4): Sequential(
    (0): BasicBlock(
      (conv1): Conv2d(256, 512, kernel_size=(3, 3), stride=(2, 2), padding=(1, 1), bias=False)
      (bn1): BatchNorm2d(512, eps=1e-05, momentum=0.1, affine=True, track_running_stats=True)
      (relu): ReLU(inplace=True)
      (conv2): Conv2d(512, 512, kernel_size=(3, 3), stride=(1, 1), padding=(1, 1), bias=False)
      (bn2): BatchNorm2d(512, eps=1e-05, momentum=0.1, affine=True, track_running_stats=True)
      (downsample): Sequential(
        (0): Conv2d(256, 512, kernel_size=(1, 1), stride=(2, 2), bias=False)
        (1): BatchNorm2d(512, eps=1e-05, momentum=0.1, affine=True, track_running_stats=True)
      )
      (cbam): CBAM(
        (ChannelGate): CoordAtt(
          (pool_h): AdaptiveAvgPool2d(output_size=(None, 1))
          (pool_w): AdaptiveAvgPool2d(output_size=(1, None))
          (conv1): Conv2d(512, 16, kernel_size=(1, 1), stride=(1, 1))
          (bn1): BatchNorm2d(16, eps=1e-05, momentum=0.1, affine=True, track_running_stats=True)
          (act): h_swish(
            (sigmoid): h_sigmoid(
              (relu): ReLU6(inplace=True)
            )
          )
          (conv_h): Conv2d(16, 512, kernel_size=(1, 1), stride=(1, 1))
          (conv_w): Conv2d(16, 512, kernel_size=(1, 1), stride=(1, 1))
        )
        (SpatialGate): SpatialGate(
          (compress): ChannelPool()
          (spatial): BasicConv(
            (conv): Conv2d(2, 1, kernel_size=(7, 7), stride=(1, 1), padding=(3, 3), bias=False)
            (bn): BatchNorm2d(1, eps=1e-05, momentum=0.01, affine=True, track_running_stats=True)
          )
        )
      )
    )
    (1): BasicBlock(
      (conv1): Conv2d(512, 512, kernel_size=(3, 3), stride=(1, 1), padding=(1, 1), bias=False)
      (bn1): BatchNorm2d(512, eps=1e-05, momentum=0.1, affine=True, track_running_stats=True)
      (relu): ReLU(inplace=True)
      (conv2): Conv2d(512, 512, kernel_size=(3, 3), stride=(1, 1), padding=(1, 1), bias=False)
      (bn2): BatchNorm2d(512, eps=1e-05, momentum=0.1, affine=True, track_running_stats=True)
      (cbam): CBAM(
        (ChannelGate): CoordAtt(
          (pool_h): AdaptiveAvgPool2d(output_size=(None, 1))
          (pool_w): AdaptiveAvgPool2d(output_size=(1, None))
          (conv1): Conv2d(512, 16, kernel_size=(1, 1), stride=(1, 1))
          (bn1): BatchNorm2d(16, eps=1e-05, momentum=0.1, affine=True, track_running_stats=True)
          (act): h_swish(
            (sigmoid): h_sigmoid(
              (relu): ReLU6(inplace=True)
            )
          )
          (conv_h): Conv2d(16, 512, kernel_size=(1, 1), stride=(1, 1))
          (conv_w): Conv2d(16, 512, kernel_size=(1, 1), stride=(1, 1))
        )
        (SpatialGate): SpatialGate(
          (compress): ChannelPool()
          (spatial): BasicConv(
            (conv): Conv2d(2, 1, kernel_size=(7, 7), stride=(1, 1), padding=(3, 3), bias=False)
            (bn): BatchNorm2d(1, eps=1e-05, momentum=0.01, affine=True, track_running_stats=True)
          )
        )
      )
    )
  )
  (avgpool): AdaptiveAvgPool2d(output_size=(1, 1))
  (fc_): Linear(in_features=512, out_features=7, bias=True)
  (__fc__): Linear(in_features=1024, out_features=7, bias=True)
)

[0.35638297872340424, 0.425531914893617, 0.3882978723404255, 0.39893617021276595, 0.3829787234042553, 0.40425531914893614, 0.4574468085106383, 0.5372340425531915, 0.5212765957446809, 0.526595744680851, 0.5319148936170213, 0.5531914893617021, 0.5638297872340425, 0.574468085106383, 0.5797872340425532, 0.5851063829787234, 0.5904255319148937, 0.5585106382978723, 0.5904255319148937, 0.5691489361702128, 0.5531914893617021, 0.648936170212766, 0.648936170212766, 0.6329787234042553, 0.6914893617021277, 0.648936170212766, 0.6702127659574468, 0.6595744680851063, 0.6648936170212766, 0.5957446808510638, 0.6436170212765957, 0.6063829787234043, 0.6223404255319149, 0.6063829787234043, 0.6436170212765957, 0.648936170212766, 0.6329787234042553, 0.6436170212765957, 0.6648936170212766, 0.6702127659574468, 0.648936170212766, 0.6276595744680851, 0.6542553191489362, 0.675531914893617, 0.6702127659574468, 0.5691489361702128, 0.6542553191489362, 0.6382978723404256, 0.648936170212766, 0.6382978723404256, 0.6648936170212766, 0.6329787234042553, 0.6542553191489362, 0.6542553191489362, 0.6702127659574468, 0.675531914893617, 0.6648936170212766, 0.6702127659574468, 0.6702127659574468, 0.6436170212765957, 0.6117021276595744, 0.675531914893617, 0.42021276595744683, 0.46808510638297873]
