dataset_path: /home/djy/dataset/dataset2
pretrained : True 
parallel: False

net: hcam_sppb_resnet.resnet18
msg: 
using model: ResNet, resnet18
using device cuda:0
batch_size = 20
epochs = 64
loss_function = CrossEntropyLoss()
optimizer = Adam (
Parameter Group 0
    amsgrad: False
    betas: (0.9, 0.999)
    eps: 1e-08
    lr: 0.001
    weight_decay: 0
)


========== Train Epoch 1 ==========
Loss: 1.866	Accuracy: 30.81%	Cost 31s
              precision    recall  f1-score   support

         bzx     0.3333    0.0645    0.1081        31
         cwx     0.1696    0.8636    0.2836        22
         hdx     0.0000    0.0000    0.0000        17
         mtx     0.2105    0.2105    0.2105        19
         nqx     0.2500    0.0833    0.1250        12
         qtx     0.6250    0.1111    0.1887        45
         zxx     0.7222    0.6667    0.6933        39

    accuracy                         0.3081       185
   macro avg     0.3301    0.2857    0.2299       185
weighted avg     0.4181    0.3081    0.2736       185

micro f-score: 0.3081081081081081

========== Train Epoch 2 ==========
Loss: 1.697	Accuracy: 22.70%	Cost 32s
              precision    recall  f1-score   support

         bzx     0.3333    0.0323    0.0588        31
         cwx     0.0000    0.0000    0.0000        22
         hdx     0.1000    0.0588    0.0741        17
         mtx     0.1429    0.0526    0.0769        19
         nqx     0.2353    0.3333    0.2759        12
         qtx     0.3636    0.0889    0.1429        45
         zxx     0.2403    0.7949    0.3690        39

    accuracy                         0.2270       185
   macro avg     0.2022    0.1944    0.1425       185
weighted avg     0.2341    0.2270    0.1550       185

micro f-score: 0.22702702702702704

========== Train Epoch 3 ==========
Loss: 1.664	Accuracy: 29.73%	Cost 30s
              precision    recall  f1-score   support

         bzx     0.0000    0.0000    0.0000        31
         cwx     0.1364    0.5455    0.2182        22
         hdx     0.0000    0.0000    0.0000        17
         mtx     0.0000    0.0000    0.0000        19
         nqx     0.0000    0.0000    0.0000        12
         qtx     0.3958    0.4222    0.4086        45
         zxx     0.5217    0.6154    0.5647        39

    accuracy                         0.2973       185
   macro avg     0.1506    0.2262    0.1702       185
weighted avg     0.2225    0.2973    0.2444       185

micro f-score: 0.2972972972972973

========== Train Epoch 4 ==========
Loss: 1.526	Accuracy: 44.32%	Cost 30s
              precision    recall  f1-score   support

         bzx     0.3571    0.1613    0.2222        31
         cwx     0.2917    0.3182    0.3043        22
         hdx     0.0833    0.0588    0.0690        17
         mtx     0.6667    0.1053    0.1818        19
         nqx     0.4706    0.6667    0.5517        12
         qtx     0.4697    0.6889    0.5586        45
         zxx     0.5714    0.7179    0.6364        39

    accuracy                         0.4432       185
   macro avg     0.4158    0.3882    0.3606       185
weighted avg     0.4359    0.4432    0.4042       185

micro f-score: 0.44324324324324327

========== Train Epoch 5 ==========
Loss: 1.474	Accuracy: 15.14%	Cost 32s
              precision    recall  f1-score   support

         bzx     0.1667    0.0323    0.0541        31
         cwx     0.1327    0.5909    0.2167        22
         hdx     0.0000    0.0000    0.0000        17
         mtx     0.0909    0.2632    0.1351        19
         nqx     0.0000    0.0000    0.0000        12
         qtx     0.2353    0.0889    0.1290        45
         zxx     0.7143    0.1282    0.2174        39

    accuracy                         0.1514       185
   macro avg     0.1914    0.1576    0.1075       185
weighted avg     0.2609    0.1514    0.1259       185

micro f-score: 0.15135135135135136

========== Train Epoch 6 ==========
Loss: 1.446	Accuracy: 44.32%	Cost 31s
              precision    recall  f1-score   support

         bzx     0.3846    0.3226    0.3509        31
         cwx     0.4706    0.3636    0.4103        22
         hdx     0.0000    0.0000    0.0000        17
         mtx     0.3125    0.2632    0.2857        19
         nqx     1.0000    0.2500    0.4000        12
         qtx     0.4138    0.8000    0.5455        45
         zxx     0.5556    0.5128    0.5333        39

    accuracy                         0.4432       185
   macro avg     0.4482    0.3589    0.3608       185
weighted avg     0.4351    0.4432    0.4080       185

micro f-score: 0.44324324324324327

========== Train Epoch 7 ==========
Loss: 1.355	Accuracy: 45.41%	Cost 32s
              precision    recall  f1-score   support

         bzx     0.3636    0.5161    0.4267        31
         cwx     0.5000    0.2273    0.3125        22
         hdx     0.2857    0.2353    0.2581        17
         mtx     0.2143    0.1579    0.1818        19
         nqx     0.3333    0.4167    0.3704        12
         qtx     0.5385    0.6222    0.5773        45
         zxx     0.6389    0.5897    0.6133        39

    accuracy                         0.4541       185
   macro avg     0.4106    0.3950    0.3914       185
weighted avg     0.4559    0.4541    0.4448       185

micro f-score: 0.4540540540540541

========== Train Epoch 8 ==========
Loss: 1.288	Accuracy: 45.41%	Cost 32s
              precision    recall  f1-score   support

         bzx     0.3448    0.3226    0.3333        31
         cwx     0.2436    0.8636    0.3800        22
         hdx     1.0000    0.1176    0.2105        17
         mtx     0.3636    0.2105    0.2667        19
         nqx     0.5263    0.8333    0.6452        12
         qtx     0.8947    0.3778    0.5312        45
         zxx     0.8148    0.5641    0.6667        39

    accuracy                         0.4541       185
   macro avg     0.5983    0.4699    0.4334       185
weighted avg     0.6395    0.4541    0.4594       185

micro f-score: 0.4540540540540541

========== Train Epoch 9 ==========
Loss: 1.253	Accuracy: 46.49%	Cost 32s
              precision    recall  f1-score   support

         bzx     0.0000    0.0000    0.0000        31
         cwx     0.4444    0.3636    0.4000        22
         hdx     0.1500    0.1765    0.1622        17
         mtx     0.5000    0.0526    0.0952        19
         nqx     0.3125    0.8333    0.4545        12
         qtx     0.6809    0.7111    0.6957        45
         zxx     0.4923    0.8205    0.6154        39

    accuracy                         0.4649       185
   macro avg     0.3686    0.4225    0.3461       185
weighted avg     0.4077    0.4649    0.4007       185

micro f-score: 0.4648648648648649

========== Train Epoch 10 ==========
Loss: 1.145	Accuracy: 43.78%	Cost 31s
              precision    recall  f1-score   support

         bzx     0.4054    0.4839    0.4412        31
         cwx     0.2500    0.5000    0.3333        22
         hdx     0.5000    0.1176    0.1905        17
         mtx     0.3529    0.3158    0.3333        19
         nqx     0.5556    0.4167    0.4762        12
         qtx     0.6000    0.3333    0.4286        45
         zxx     0.5510    0.6923    0.6136        39

    accuracy                         0.4378       185
   macro avg     0.4593    0.4085    0.4024       185
weighted avg     0.4780    0.4378    0.4298       185

micro f-score: 0.43783783783783786

========== Train Epoch 11 ==========
Loss: 1.135	Accuracy: 43.78%	Cost 31s
              precision    recall  f1-score   support

         bzx     0.3134    0.6774    0.4286        31
         cwx     0.6471    0.5000    0.5641        22
         hdx     0.0000    0.0000    0.0000        17
         mtx     0.3333    0.0526    0.0909        19
         nqx     0.1915    0.7500    0.3051        12
         qtx     0.8095    0.3778    0.5152        45
         zxx     0.7333    0.5641    0.6377        39

    accuracy                         0.4378       185
   macro avg     0.4326    0.4174    0.3631       185
weighted avg     0.5276    0.4378    0.4278       185

micro f-score: 0.43783783783783786

========== Train Epoch 12 ==========
Loss: 1.082	Accuracy: 38.92%	Cost 32s
              precision    recall  f1-score   support

         bzx     0.5833    0.2258    0.3256        31
         cwx     0.1585    0.5909    0.2500        22
         hdx     1.0000    0.1176    0.2105        17
         mtx     0.5000    0.1053    0.1739        19
         nqx     0.4000    0.3333    0.3636        12
         qtx     0.4255    0.4444    0.4348        45
         zxx     0.8571    0.6154    0.7164        39

    accuracy                         0.3892       185
   macro avg     0.5606    0.3475    0.3536       185
weighted avg     0.5700    0.3892    0.4019       185

micro f-score: 0.3891891891891892

========== Train Epoch 13 ==========
Loss: 0.969	Accuracy: 58.38%	Cost 32s
              precision    recall  f1-score   support

         bzx     0.6129    0.6129    0.6129        31
         cwx     0.8000    0.5455    0.6486        22
         hdx     0.6250    0.2941    0.4000        17
         mtx     0.2903    0.4737    0.3600        19
         nqx     0.3913    0.7500    0.5143        12
         qtx     0.9200    0.5111    0.6571        45
         zxx     0.5962    0.7949    0.6813        39

    accuracy                         0.5838       185
   macro avg     0.6051    0.5689    0.5535       185
weighted avg     0.6599    0.5838    0.5904       185

micro f-score: 0.5837837837837838

========== Train Epoch 14 ==========
Loss: 0.815	Accuracy: 47.03%	Cost 32s
              precision    recall  f1-score   support

         bzx     0.4000    0.2581    0.3137        31
         cwx     0.3902    0.7273    0.5079        22
         hdx     0.3810    0.4706    0.4211        17
         mtx     0.2083    0.2632    0.2326        19
         nqx     0.4074    0.9167    0.5641        12
         qtx     0.8333    0.2222    0.3509        45
         zxx     0.7250    0.7436    0.7342        39

    accuracy                         0.4703       185
   macro avg     0.4779    0.5145    0.4463       185
weighted avg     0.5518    0.4703    0.4523       185

micro f-score: 0.4702702702702703

========== Train Epoch 15 ==========
Loss: 0.769	Accuracy: 58.38%	Cost 31s
              precision    recall  f1-score   support

         bzx     0.5882    0.3226    0.4167        31
         cwx     0.4130    0.8636    0.5588        22
         hdx     0.4444    0.2353    0.3077        17
         mtx     0.6667    0.2105    0.3200        19
         nqx     0.3750    0.2500    0.3000        12
         qtx     0.7727    0.7556    0.7640        45
         zxx     0.6182    0.8718    0.7234        39

    accuracy                         0.5838       185
   macro avg     0.5540    0.5013    0.4844       185
weighted avg     0.5996    0.5838    0.5552       185

micro f-score: 0.5837837837837838

========== Train Epoch 16 ==========
Loss: 0.668	Accuracy: 61.62%	Cost 33s
              precision    recall  f1-score   support

         bzx     0.4091    0.8710    0.5567        31
         cwx     1.0000    0.1818    0.3077        22
         hdx     0.4615    0.3529    0.4000        17
         mtx     0.4545    0.2632    0.3333        19
         nqx     0.8333    0.8333    0.8333        12
         qtx     0.7556    0.7556    0.7556        45
         zxx     0.8235    0.7179    0.7671        39

    accuracy                         0.6162       185
   macro avg     0.6768    0.5680    0.5648       185
weighted avg     0.6880    0.6162    0.6004       185

micro f-score: 0.6162162162162163

========== Train Epoch 17 ==========
Loss: 0.619	Accuracy: 56.76%	Cost 32s
              precision    recall  f1-score   support

         bzx     0.4615    0.5806    0.5143        31
         cwx     0.4130    0.8636    0.5588        22
         hdx     0.3636    0.2353    0.2857        17
         mtx     0.5000    0.1053    0.1739        19
         nqx     0.5000    0.5833    0.5385        12
         qtx     0.7021    0.7333    0.7174        45
         zxx     0.9167    0.5641    0.6984        39

    accuracy                         0.5676       185
   macro avg     0.5510    0.5237    0.4981       185
weighted avg     0.6077    0.5676    0.5534       185

micro f-score: 0.5675675675675675

========== Train Epoch 18 ==========
Loss: 0.528	Accuracy: 60.54%	Cost 32s
              precision    recall  f1-score   support

         bzx     0.8333    0.1613    0.2703        31
         cwx     0.3953    0.7727    0.5231        22
         hdx     0.3793    0.6471    0.4783        17
         mtx     0.8571    0.3158    0.4615        19
         nqx     0.6667    0.6667    0.6667        12
         qtx     0.7660    0.8000    0.7826        45
         zxx     0.7073    0.7436    0.7250        39

    accuracy                         0.6054       185
   macro avg     0.6579    0.5867    0.5582       185
weighted avg     0.6882    0.6054    0.5853       185

micro f-score: 0.6054054054054054

========== Train Epoch 19 ==========
Loss: 0.391	Accuracy: 61.08%	Cost 32s
              precision    recall  f1-score   support

         bzx     0.6087    0.4516    0.5185        31
         cwx     0.5714    0.7273    0.6400        22
         hdx     0.5000    0.4706    0.4848        17
         mtx     0.3548    0.5789    0.4400        19
         nqx     1.0000    0.3333    0.5000        12
         qtx     0.6250    0.7778    0.6931        45
         zxx     0.9259    0.6410    0.7576        39

    accuracy                         0.6108       185
   macro avg     0.6551    0.5687    0.5763       185
weighted avg     0.6644    0.6108    0.6135       185

micro f-score: 0.6108108108108108

========== Train Epoch 20 ==========
Loss: 0.373	Accuracy: 55.14%	Cost 31s
              precision    recall  f1-score   support

         bzx     0.5417    0.4194    0.4727        31
         cwx     0.7059    0.5455    0.6154        22
         hdx     0.3333    0.1176    0.1739        17
         mtx     0.4000    0.2105    0.2759        19
         nqx     0.2683    0.9167    0.4151        12
         qtx     0.8387    0.5778    0.6842        45
         zxx     0.6071    0.8718    0.7158        39

    accuracy                         0.5514       185
   macro avg     0.5279    0.5227    0.4790       185
weighted avg     0.5958    0.5514    0.5410       185

micro f-score: 0.5513513513513514

========== Train Epoch 21 ==========
Loss: 0.379	Accuracy: 57.84%	Cost 30s
              precision    recall  f1-score   support

         bzx     0.4262    0.8387    0.5652        31
         cwx     0.9286    0.5909    0.7222        22
         hdx     0.5000    0.2941    0.3704        17
         mtx     0.3182    0.3684    0.3415        19
         nqx     0.3750    0.7500    0.5000        12
         qtx     0.8529    0.6444    0.7342        45
         zxx     0.9000    0.4615    0.6102        39

    accuracy                         0.5784       185
   macro avg     0.6144    0.5640    0.5491       185
weighted avg     0.6820    0.5784    0.5893       185

micro f-score: 0.5783783783783784

========== Train Epoch 22 ==========
Loss: 0.409	Accuracy: 59.46%	Cost 32s
              precision    recall  f1-score   support

         bzx     0.4634    0.6129    0.5278        31
         cwx     0.4750    0.8636    0.6129        22
         hdx     0.4545    0.2941    0.3571        17
         mtx     0.5000    0.1579    0.2400        19
         nqx     0.4500    0.7500    0.5625        12
         qtx     0.8710    0.6000    0.7105        45
         zxx     0.7778    0.7179    0.7467        39

    accuracy                         0.5946       185
   macro avg     0.5702    0.5709    0.5368       185
weighted avg     0.6323    0.5946    0.5855       185

micro f-score: 0.5945945945945946

========== Train Epoch 23 ==========
Loss: 0.306	Accuracy: 64.86%	Cost 30s
              precision    recall  f1-score   support

         bzx     0.6842    0.4194    0.5200        31
         cwx     0.7778    0.6364    0.7000        22
         hdx     0.3200    0.4706    0.3810        17
         mtx     0.4286    0.6316    0.5106        19
         nqx     0.8182    0.7500    0.7826        12
         qtx     0.7857    0.7333    0.7586        45
         zxx     0.7381    0.7949    0.7654        39

    accuracy                         0.6486       185
   macro avg     0.6504    0.6337    0.6312       185
weighted avg     0.6804    0.6486    0.6545       185

micro f-score: 0.6486486486486487

========== Train Epoch 24 ==========
Loss: 0.210	Accuracy: 68.65%	Cost 31s
              precision    recall  f1-score   support

         bzx     0.5750    0.7419    0.6479        31
         cwx     0.7778    0.6364    0.7000        22
         hdx     0.5263    0.5882    0.5556        17
         mtx     0.7143    0.2632    0.3846        19
         nqx     0.8750    0.5833    0.7000        12
         qtx     0.6727    0.8222    0.7400        45
         zxx     0.8158    0.7949    0.8052        39

    accuracy                         0.6865       185
   macro avg     0.7081    0.6329    0.6476       185
weighted avg     0.7029    0.6865    0.6775       185

micro f-score: 0.6864864864864865

========== Train Epoch 25 ==========
Loss: 0.150	Accuracy: 69.19%	Cost 31s
              precision    recall  f1-score   support

         bzx     0.5676    0.6774    0.6176        31
         cwx     0.6296    0.7727    0.6939        22
         hdx     0.6250    0.5882    0.6061        17
         mtx     0.5455    0.3158    0.4000        19
         nqx     0.5714    0.6667    0.6154        12
         qtx     0.8684    0.7333    0.7952        45
         zxx     0.7857    0.8462    0.8148        39

    accuracy                         0.6919       185
   macro avg     0.6562    0.6572    0.6490       185
weighted avg     0.6974    0.6919    0.6879       185

micro f-score: 0.6918918918918919

========== Train Epoch 26 ==========
Loss: 0.140	Accuracy: 59.46%	Cost 31s
              precision    recall  f1-score   support

         bzx     0.7059    0.3871    0.5000        31
         cwx     0.3696    0.7727    0.5000        22
         hdx     0.3913    0.5294    0.4500        17
         mtx     0.4348    0.5263    0.4762        19
         nqx     1.0000    0.7500    0.8571        12
         qtx     0.8400    0.4667    0.6000        45
         zxx     0.7619    0.8205    0.7901        39

    accuracy                         0.5946       185
   macro avg     0.6433    0.6075    0.5962       185
weighted avg     0.6726    0.5946    0.6016       185

micro f-score: 0.5945945945945946

========== Train Epoch 27 ==========
Loss: 0.145	Accuracy: 63.24%	Cost 31s
              precision    recall  f1-score   support

         bzx     0.5676    0.6774    0.6176        31
         cwx     0.5312    0.7727    0.6296        22
         hdx     0.4348    0.5882    0.5000        17
         mtx     0.4737    0.4737    0.4737        19
         nqx     0.8000    0.6667    0.7273        12
         qtx     0.8571    0.5333    0.6575        45
         zxx     0.7778    0.7179    0.7467        39

    accuracy                         0.6324       185
   macro avg     0.6346    0.6329    0.6218       185
weighted avg     0.6712    0.6324    0.6375       185

micro f-score: 0.6324324324324324

========== Train Epoch 28 ==========
Loss: 0.101	Accuracy: 65.95%	Cost 31s
              precision    recall  f1-score   support

         bzx     0.5909    0.4194    0.4906        31
         cwx     0.5143    0.8182    0.6316        22
         hdx     0.6250    0.5882    0.6061        17
         mtx     0.7000    0.3684    0.4828        19
         nqx     0.8571    0.5000    0.6316        12
         qtx     0.9118    0.6889    0.7848        45
         zxx     0.6066    0.9487    0.7400        39

    accuracy                         0.6595       185
   macro avg     0.6865    0.6188    0.6239       185
weighted avg     0.6947    0.6595    0.6504       185

micro f-score: 0.6594594594594595

========== Train Epoch 29 ==========
Loss: 0.096	Accuracy: 68.11%	Cost 32s
              precision    recall  f1-score   support

         bzx     0.5385    0.6774    0.6000        31
         cwx     0.8667    0.5909    0.7027        22
         hdx     0.7000    0.4118    0.5185        17
         mtx     0.4074    0.5789    0.4783        19
         nqx     0.6667    0.8333    0.7407        12
         qtx     0.8378    0.6889    0.7561        45
         zxx     0.7857    0.8462    0.8148        39

    accuracy                         0.6811       185
   macro avg     0.6861    0.6611    0.6587       185
weighted avg     0.7121    0.6811    0.6846       185

micro f-score: 0.6810810810810811

========== Train Epoch 30 ==========
Loss: 0.125	Accuracy: 62.16%	Cost 30s
              precision    recall  f1-score   support

         bzx     0.6522    0.4839    0.5556        31
         cwx     0.7647    0.5909    0.6667        22
         hdx     0.4706    0.4706    0.4706        17
         mtx     0.8571    0.3158    0.4615        19
         nqx     0.6154    0.6667    0.6400        12
         qtx     0.7500    0.6000    0.6667        45
         zxx     0.5278    0.9744    0.6847        39

    accuracy                         0.6216       185
   macro avg     0.6625    0.5860    0.5922       185
weighted avg     0.6651    0.6216    0.6110       185

micro f-score: 0.6216216216216216

========== Train Epoch 31 ==========
Loss: 0.169	Accuracy: 68.65%	Cost 30s
              precision    recall  f1-score   support

         bzx     0.6207    0.5806    0.6000        31
         cwx     0.7500    0.6818    0.7143        22
         hdx     0.5833    0.4118    0.4828        17
         mtx     0.5500    0.5789    0.5641        19
         nqx     0.8182    0.7500    0.7826        12
         qtx     0.8158    0.6889    0.7470        45
         zxx     0.6545    0.9231    0.7660        39

    accuracy                         0.6865       185
   macro avg     0.6846    0.6593    0.6652       185
weighted avg     0.6928    0.6865    0.6817       185

micro f-score: 0.6864864864864865

========== Train Epoch 32 ==========
Loss: 0.134	Accuracy: 62.16%	Cost 32s
              precision    recall  f1-score   support

         bzx     0.5152    0.5484    0.5312        31
         cwx     0.5833    0.6364    0.6087        22
         hdx     0.5263    0.5882    0.5556        17
         mtx     1.0000    0.1579    0.2727        19
         nqx     0.5833    0.5833    0.5833        12
         qtx     0.6296    0.7556    0.6869        45
         zxx     0.7500    0.7692    0.7595        39

    accuracy                         0.6216       185
   macro avg     0.6554    0.5770    0.5711       185
weighted avg     0.6559    0.6216    0.6055       185

micro f-score: 0.6216216216216216

========== Train Epoch 33 ==========
Loss: 0.174	Accuracy: 63.24%	Cost 32s
              precision    recall  f1-score   support

         bzx     0.7222    0.4194    0.5306        31
         cwx     0.5500    0.5000    0.5238        22
         hdx     0.4667    0.4118    0.4375        17
         mtx     0.7143    0.5263    0.6061        19
         nqx     0.8000    0.6667    0.7273        12
         qtx     0.6230    0.8444    0.7170        45
         zxx     0.6383    0.7692    0.6977        39

    accuracy                         0.6324       185
   macro avg     0.6449    0.5911    0.6057       185
weighted avg     0.6406    0.6324    0.6223       185

micro f-score: 0.6324324324324324

========== Train Epoch 34 ==========
Loss: 0.122	Accuracy: 68.11%	Cost 31s
              precision    recall  f1-score   support

         bzx     0.5714    0.6452    0.6061        31
         cwx     0.6364    0.6364    0.6364        22
         hdx     0.5263    0.5882    0.5556        17
         mtx     0.5238    0.5789    0.5500        19
         nqx     0.7500    0.7500    0.7500        12
         qtx     0.8333    0.6667    0.7407        45
         zxx     0.8000    0.8205    0.8101        39

    accuracy                         0.6811       185
   macro avg     0.6630    0.6694    0.6641       185
weighted avg     0.6936    0.6811    0.6844       185

micro f-score: 0.6810810810810811

========== Train Epoch 35 ==========
Loss: 0.062	Accuracy: 69.73%	Cost 30s
              precision    recall  f1-score   support

         bzx     0.6129    0.6129    0.6129        31
         cwx     0.7895    0.6818    0.7317        22
         hdx     0.4138    0.7059    0.5217        17
         mtx     0.8000    0.4211    0.5517        19
         nqx     0.5625    0.7500    0.6429        12
         qtx     0.8205    0.7111    0.7619        45
         zxx     0.8293    0.8718    0.8500        39

    accuracy                         0.6973       185
   macro avg     0.6898    0.6792    0.6675       185
weighted avg     0.7277    0.6973    0.7005       185

micro f-score: 0.6972972972972973

========== Train Epoch 36 ==========
Loss: 0.068	Accuracy: 67.57%	Cost 32s
              precision    recall  f1-score   support

         bzx     0.6842    0.4194    0.5200        31
         cwx     0.5484    0.7727    0.6415        22
         hdx     0.5714    0.4706    0.5161        17
         mtx     0.7333    0.5789    0.6471        19
         nqx     0.9000    0.7500    0.8182        12
         qtx     0.7907    0.7556    0.7727        45
         zxx     0.6226    0.8462    0.7174        39

    accuracy                         0.6757       185
   macro avg     0.6930    0.6562    0.6619       185
weighted avg     0.6897    0.6757    0.6696       185

micro f-score: 0.6756756756756757

========== Train Epoch 37 ==========
Loss: 0.090	Accuracy: 69.73%	Cost 31s
              precision    recall  f1-score   support

         bzx     0.6296    0.5484    0.5862        31
         cwx     0.8824    0.6818    0.7692        22
         hdx     0.4444    0.7059    0.5455        17
         mtx     0.5455    0.6316    0.5854        19
         nqx     0.6923    0.7500    0.7200        12
         qtx     0.8049    0.7333    0.7674        45
         zxx     0.8158    0.7949    0.8052        39

    accuracy                         0.6973       185
   macro avg     0.6878    0.6923    0.6827       185
weighted avg     0.7200    0.6973    0.7031       185

micro f-score: 0.6972972972972973

========== Train Epoch 38 ==========
Loss: 0.082	Accuracy: 64.86%	Cost 32s
              precision    recall  f1-score   support

         bzx     0.6061    0.6452    0.6250        31
         cwx     0.5294    0.8182    0.6429        22
         hdx     0.5263    0.5882    0.5556        17
         mtx     0.6000    0.3158    0.4138        19
         nqx     0.9000    0.7500    0.8182        12
         qtx     0.8966    0.5778    0.7027        45
         zxx     0.6200    0.7949    0.6966        39

    accuracy                         0.6486       185
   macro avg     0.6683    0.6414    0.6364       185
weighted avg     0.6817    0.6486    0.6456       185

micro f-score: 0.6486486486486487

========== Train Epoch 39 ==========
Loss: 0.080	Accuracy: 67.03%	Cost 32s
              precision    recall  f1-score   support

         bzx     0.7000    0.4516    0.5490        31
         cwx     0.8667    0.5909    0.7027        22
         hdx     0.4118    0.8235    0.5490        17
         mtx     0.6154    0.4211    0.5000        19
         nqx     0.7143    0.8333    0.7692        12
         qtx     0.6800    0.7556    0.7158        45
         zxx     0.7949    0.7949    0.7949        39

    accuracy                         0.6703       185
   macro avg     0.6833    0.6673    0.6544       185
weighted avg     0.7007    0.6703    0.6689       185

micro f-score: 0.6702702702702703

========== Train Epoch 40 ==========
Loss: 0.103	Accuracy: 62.70%	Cost 32s
              precision    recall  f1-score   support

         bzx     0.6842    0.4194    0.5200        31
         cwx     0.6818    0.6818    0.6818        22
         hdx     0.5000    0.2941    0.3704        17
         mtx     0.4783    0.5789    0.5238        19
         nqx     0.4762    0.8333    0.6061        12
         qtx     0.8000    0.6222    0.7000        45
         zxx     0.6182    0.8718    0.7234        39

    accuracy                         0.6270       185
   macro avg     0.6055    0.6145    0.5894       185
weighted avg     0.6466    0.6270    0.6181       185

micro f-score: 0.6270270270270271

========== Train Epoch 41 ==========
Epoch    41: reducing learning rate of group 0 to 1.0000e-04.
Loss: 0.098	Accuracy: 69.19%	Cost 31s
              precision    recall  f1-score   support

         bzx     0.6296    0.5484    0.5862        31
         cwx     0.7308    0.8636    0.7917        22
         hdx     0.7778    0.4118    0.5385        17
         mtx     0.4400    0.5789    0.5000        19
         nqx     0.6923    0.7500    0.7200        12
         qtx     0.8857    0.6889    0.7750        45
         zxx     0.6800    0.8718    0.7640        39

    accuracy                         0.6919       185
   macro avg     0.6909    0.6733    0.6679       185
weighted avg     0.7128    0.6919    0.6895       185

micro f-score: 0.6918918918918919

========== Train Epoch 42 ==========
Loss: 0.041	Accuracy: 70.81%	Cost 33s
              precision    recall  f1-score   support

         bzx     0.6538    0.5484    0.5965        31
         cwx     0.7037    0.8636    0.7755        22
         hdx     0.8182    0.5294    0.6429        17
         mtx     0.5000    0.5263    0.5128        19
         nqx     0.5882    0.8333    0.6897        12
         qtx     0.9118    0.6889    0.7848        45
         zxx     0.7000    0.8974    0.7865        39

    accuracy                         0.7081       185
   macro avg     0.6965    0.6982    0.6841       185
weighted avg     0.7273    0.7081    0.7054       185

micro f-score: 0.7081081081081082

========== Train Epoch 43 ==========
Loss: 0.033	Accuracy: 68.65%	Cost 31s
              precision    recall  f1-score   support

         bzx     0.6154    0.5161    0.5614        31
         cwx     0.7391    0.7727    0.7556        22
         hdx     0.6923    0.5294    0.6000        17
         mtx     0.5000    0.5263    0.5128        19
         nqx     0.5882    0.8333    0.6897        12
         qtx     0.8571    0.6667    0.7500        45
         zxx     0.6863    0.8974    0.7778        39

    accuracy                         0.6865       185
   macro avg     0.6684    0.6774    0.6639       185
weighted avg     0.6973    0.6865    0.6829       185

micro f-score: 0.6864864864864865

========== Train Epoch 44 ==========
Loss: 0.020	Accuracy: 71.35%	Cost 31s
              precision    recall  f1-score   support

         bzx     0.6667    0.5806    0.6207        31
         cwx     0.7200    0.8182    0.7660        22
         hdx     0.6923    0.5294    0.6000        17
         mtx     0.5882    0.5263    0.5556        19
         nqx     0.6667    0.8333    0.7407        12
         qtx     0.8649    0.7111    0.7805        45
         zxx     0.6863    0.8974    0.7778        39

    accuracy                         0.7135       185
   macro avg     0.6979    0.6995    0.6916       185
weighted avg     0.7197    0.7135    0.7091       185

micro f-score: 0.7135135135135136

========== Train Epoch 45 ==========
Loss: 0.023	Accuracy: 71.35%	Cost 31s
              precision    recall  f1-score   support

         bzx     0.6538    0.5484    0.5965        31
         cwx     0.6923    0.8182    0.7500        22
         hdx     0.7692    0.5882    0.6667        17
         mtx     0.5882    0.5263    0.5556        19
         nqx     0.6250    0.8333    0.7143        12
         qtx     0.8889    0.7111    0.7901        45
         zxx     0.6863    0.8974    0.7778        39

    accuracy                         0.7135       185
   macro avg     0.7005    0.7033    0.6930       185
weighted avg     0.7244    0.7135    0.7099       185

micro f-score: 0.7135135135135136

========== Train Epoch 46 ==========
Loss: 0.016	Accuracy: 70.81%	Cost 33s
              precision    recall  f1-score   support

         bzx     0.6538    0.5484    0.5965        31
         cwx     0.6923    0.8182    0.7500        22
         hdx     0.8182    0.5294    0.6429        17
         mtx     0.4762    0.5263    0.5000        19
         nqx     0.6667    0.8333    0.7407        12
         qtx     0.8649    0.7111    0.7805        45
         zxx     0.7143    0.8974    0.7955        39

    accuracy                         0.7081       185
   macro avg     0.6980    0.6949    0.6866       185
weighted avg     0.7202    0.7081    0.7052       185

micro f-score: 0.7081081081081082

========== Train Epoch 47 ==========
Loss: 0.017	Accuracy: 71.89%	Cost 32s
              precision    recall  f1-score   support

         bzx     0.6786    0.6129    0.6441        31
         cwx     0.7308    0.8636    0.7917        22
         hdx     0.5882    0.5882    0.5882        17
         mtx     0.7500    0.4737    0.5806        19
         nqx     0.6667    0.8333    0.7407        12
         qtx     0.8611    0.6889    0.7654        45
         zxx     0.6863    0.8974    0.7778        39

    accuracy                         0.7189       185
   macro avg     0.7088    0.7083    0.6984       185
weighted avg     0.7291    0.7189    0.7140       185

micro f-score: 0.7189189189189189

========== Train Epoch 48 ==========
Loss: 0.015	Accuracy: 70.81%	Cost 31s
              precision    recall  f1-score   support

         bzx     0.6429    0.5806    0.6102        31
         cwx     0.7200    0.8182    0.7660        22
         hdx     0.7500    0.5294    0.6207        17
         mtx     0.5882    0.5263    0.5556        19
         nqx     0.6250    0.8333    0.7143        12
         qtx     0.8611    0.6889    0.7654        45
         zxx     0.6863    0.8974    0.7778        39

    accuracy                         0.7081       185
   macro avg     0.6962    0.6963    0.6871       185
weighted avg     0.7173    0.7081    0.7039       185

micro f-score: 0.7081081081081082

========== Train Epoch 49 ==========
Loss: 0.017	Accuracy: 71.89%	Cost 31s
              precision    recall  f1-score   support

         bzx     0.6667    0.5806    0.6207        31
         cwx     0.6786    0.8636    0.7600        22
         hdx     0.7692    0.5882    0.6667        17
         mtx     0.6250    0.5263    0.5714        19
         nqx     0.6250    0.8333    0.7143        12
         qtx     0.8857    0.6889    0.7750        45
         zxx     0.7000    0.8974    0.7865        39

    accuracy                         0.7189       185
   macro avg     0.7072    0.7112    0.6992       185
weighted avg     0.7308    0.7189    0.7150       185

micro f-score: 0.7189189189189189

========== Train Epoch 50 ==========
Loss: 0.018	Accuracy: 71.89%	Cost 32s
              precision    recall  f1-score   support

         bzx     0.6552    0.6129    0.6333        31
         cwx     0.7308    0.8636    0.7917        22
         hdx     0.6923    0.5294    0.6000        17
         mtx     0.6250    0.5263    0.5714        19
         nqx     0.6667    0.8333    0.7407        12
         qtx     0.8611    0.6889    0.7654        45
         zxx     0.7000    0.8974    0.7865        39

    accuracy                         0.7189       185
   macro avg     0.7044    0.7074    0.6984       185
weighted avg     0.7248    0.7189    0.7141       185

micro f-score: 0.7189189189189189

========== Train Epoch 51 ==========
Loss: 0.019	Accuracy: 71.35%	Cost 32s
              precision    recall  f1-score   support

         bzx     0.6667    0.5806    0.6207        31
         cwx     0.7308    0.8636    0.7917        22
         hdx     0.6923    0.5294    0.6000        17
         mtx     0.6250    0.5263    0.5714        19
         nqx     0.6250    0.8333    0.7143        12
         qtx     0.8611    0.6889    0.7654        45
         zxx     0.6863    0.8974    0.7778        39

    accuracy                         0.7135       185
   macro avg     0.6982    0.7028    0.6916       185
weighted avg     0.7211    0.7135    0.7085       185

micro f-score: 0.7135135135135136

========== Train Epoch 52 ==========
Loss: 0.019	Accuracy: 71.35%	Cost 31s
              precision    recall  f1-score   support

         bzx     0.6552    0.6129    0.6333        31
         cwx     0.7200    0.8182    0.7660        22
         hdx     0.7500    0.5294    0.6207        17
         mtx     0.5882    0.5263    0.5556        19
         nqx     0.6667    0.8333    0.7407        12
         qtx     0.8611    0.6889    0.7654        45
         zxx     0.6863    0.8974    0.7778        39

    accuracy                         0.7135       185
   macro avg     0.7039    0.7009    0.6942       185
weighted avg     0.7221    0.7135    0.7095       185

micro f-score: 0.7135135135135136

========== Train Epoch 53 ==========
Loss: 0.018	Accuracy: 70.81%	Cost 32s
              precision    recall  f1-score   support

         bzx     0.6429    0.5806    0.6102        31
         cwx     0.7200    0.8182    0.7660        22
         hdx     0.7500    0.5294    0.6207        17
         mtx     0.5556    0.5263    0.5405        19
         nqx     0.6250    0.8333    0.7143        12
         qtx     0.8611    0.6889    0.7654        45
         zxx     0.7000    0.8974    0.7865        39

    accuracy                         0.7081       185
   macro avg     0.6935    0.6963    0.6862       185
weighted avg     0.7169    0.7081    0.7042       185

micro f-score: 0.7081081081081082

========== Train Epoch 54 ==========
Epoch    54: reducing learning rate of group 0 to 1.0000e-05.
Loss: 0.019	Accuracy: 69.73%	Cost 30s
              precision    recall  f1-score   support

         bzx     0.6296    0.5484    0.5862        31
         cwx     0.7200    0.8182    0.7660        22
         hdx     0.8182    0.5294    0.6429        17
         mtx     0.5263    0.5263    0.5263        19
         nqx     0.6250    0.8333    0.7143        12
         qtx     0.8571    0.6667    0.7500        45
         zxx     0.6731    0.8974    0.7692        39

    accuracy                         0.6973       185
   macro avg     0.6928    0.6885    0.6793       185
weighted avg     0.7113    0.6973    0.6934       185

micro f-score: 0.6972972972972973

========== Train Epoch 55 ==========
Loss: 0.012	Accuracy: 70.81%	Cost 31s
              precision    recall  f1-score   support

         bzx     0.6538    0.5484    0.5965        31
         cwx     0.7200    0.8182    0.7660        22
         hdx     0.6923    0.5294    0.6000        17
         mtx     0.5556    0.5263    0.5405        19
         nqx     0.6250    0.8333    0.7143        12
         qtx     0.8649    0.7111    0.7805        45
         zxx     0.7000    0.8974    0.7865        39

    accuracy                         0.7081       185
   macro avg     0.6874    0.6949    0.6835       185
weighted avg     0.7143    0.7081    0.7037       185

micro f-score: 0.7081081081081082

========== Train Epoch 56 ==========
Loss: 0.018	Accuracy: 69.73%	Cost 32s
              precision    recall  f1-score   support

         bzx     0.6296    0.5484    0.5862        31
         cwx     0.6667    0.8182    0.7347        22
         hdx     0.7500    0.5294    0.6207        17
         mtx     0.5000    0.5263    0.5128        19
         nqx     0.6250    0.8333    0.7143        12
         qtx     0.8649    0.7111    0.7805        45
         zxx     0.7174    0.8462    0.7765        39

    accuracy                         0.6973       185
   macro avg     0.6791    0.6876    0.6751       185
weighted avg     0.7072    0.6973    0.6952       185

micro f-score: 0.6972972972972973

========== Train Epoch 57 ==========
Loss: 0.014	Accuracy: 72.43%	Cost 32s
              precision    recall  f1-score   support

         bzx     0.6786    0.6129    0.6441        31
         cwx     0.6786    0.8636    0.7600        22
         hdx     0.7500    0.5294    0.6207        17
         mtx     0.5882    0.5263    0.5556        19
         nqx     0.6667    0.8333    0.7407        12
         qtx     0.8684    0.7333    0.7952        45
         zxx     0.7234    0.8718    0.7907        39

    accuracy                         0.7243       185
   macro avg     0.7077    0.7101    0.7010       185
weighted avg     0.7307    0.7243    0.7206       185

micro f-score: 0.7243243243243244

========== Train Epoch 58 ==========
Loss: 0.017	Accuracy: 70.27%	Cost 33s
              precision    recall  f1-score   support

         bzx     0.6429    0.5806    0.6102        31
         cwx     0.6667    0.8182    0.7347        22
         hdx     0.7500    0.5294    0.6207        17
         mtx     0.5263    0.5263    0.5263        19
         nqx     0.6250    0.8333    0.7143        12
         qtx     0.8649    0.7111    0.7805        45
         zxx     0.7174    0.8462    0.7765        39

    accuracy                         0.7027       185
   macro avg     0.6847    0.6922    0.6804       185
weighted avg     0.7121    0.7027    0.7006       185

micro f-score: 0.7027027027027027

========== Train Epoch 59 ==========
Loss: 0.014	Accuracy: 70.27%	Cost 32s
              precision    recall  f1-score   support

         bzx     0.6800    0.5484    0.6071        31
         cwx     0.6667    0.8182    0.7347        22
         hdx     0.6429    0.5294    0.5806        17
         mtx     0.5263    0.5263    0.5263        19
         nqx     0.6250    0.8333    0.7143        12
         qtx     0.8649    0.7111    0.7805        45
         zxx     0.7234    0.8718    0.7907        39

    accuracy                         0.7027       185
   macro avg     0.6756    0.6912    0.6763       185
weighted avg     0.7098    0.7027    0.6994       185

micro f-score: 0.7027027027027027

========== Train Epoch 60 ==========
Loss: 0.011	Accuracy: 70.27%	Cost 30s
              precision    recall  f1-score   support

         bzx     0.6538    0.5484    0.5965        31
         cwx     0.6429    0.8182    0.7200        22
         hdx     0.6923    0.5294    0.6000        17
         mtx     0.4762    0.5263    0.5000        19
         nqx     0.7143    0.8333    0.7692        12
         qtx     0.8684    0.7333    0.7952        45
         zxx     0.7333    0.8462    0.7857        39

    accuracy                         0.7027       185
   macro avg     0.6830    0.6907    0.6809       185
weighted avg     0.7107    0.7027    0.7010       185

micro f-score: 0.7027027027027027

========== Train Epoch 61 ==========
Loss: 0.013	Accuracy: 71.35%	Cost 31s
              precision    recall  f1-score   support

         bzx     0.6333    0.6129    0.6230        31
         cwx     0.6786    0.8636    0.7600        22
         hdx     0.7500    0.5294    0.6207        17
         mtx     0.5556    0.5263    0.5405        19
         nqx     0.6667    0.8333    0.7407        12
         qtx     0.8684    0.7333    0.7952        45
         zxx     0.7273    0.8205    0.7711        39

    accuracy                         0.7135       185
   macro avg     0.6971    0.7028    0.6930       185
weighted avg     0.7206    0.7135    0.7113       185

micro f-score: 0.7135135135135136

========== Train Epoch 62 ==========
Loss: 0.014	Accuracy: 69.73%	Cost 32s
              precision    recall  f1-score   support

         bzx     0.6522    0.4839    0.5556        31
         cwx     0.6667    0.8182    0.7347        22
         hdx     0.6923    0.5294    0.6000        17
         mtx     0.5000    0.5263    0.5128        19
         nqx     0.6250    0.8333    0.7143        12
         qtx     0.8462    0.7333    0.7857        45
         zxx     0.7234    0.8718    0.7907        39

    accuracy                         0.6973       185
   macro avg     0.6722    0.6852    0.6705       185
weighted avg     0.7024    0.6973    0.6924       185

micro f-score: 0.6972972972972973

========== Train Epoch 63 ==========
Loss: 0.011	Accuracy: 72.43%	Cost 32s
              precision    recall  f1-score   support

         bzx     0.6552    0.6129    0.6333        31
         cwx     0.6786    0.8636    0.7600        22
         hdx     0.6667    0.5882    0.6250        17
         mtx     0.7692    0.5263    0.6250        19
         nqx     0.7143    0.8333    0.7692        12
         qtx     0.8649    0.7111    0.7805        45
         zxx     0.6939    0.8718    0.7727        39

    accuracy                         0.7243       185
   macro avg     0.7204    0.7153    0.7094       185
weighted avg     0.7337    0.7243    0.7208       185

micro f-score: 0.7243243243243244

========== Train Epoch 64 ==========
Loss: 0.014	Accuracy: 70.81%	Cost 32s
              precision    recall  f1-score   support

         bzx     0.6429    0.5806    0.6102        31
         cwx     0.6923    0.8182    0.7500        22
         hdx     0.7500    0.5294    0.6207        17
         mtx     0.5556    0.5263    0.5405        19
         nqx     0.6250    0.8333    0.7143        12
         qtx     0.8611    0.6889    0.7654        45
         zxx     0.7143    0.8974    0.7955        39

    accuracy                         0.7081       185
   macro avg     0.6916    0.6963    0.6852       185
weighted avg     0.7166    0.7081    0.7042       185

micro f-score: 0.7081081081081082

Finished training!!!

Min Loss = 0.011 in epoch 62;
Max Accuracy = 72.43% in epoch 56;
Total Cost 34 minutes

===============================================================================================
Layer (type:depth-idx)                        Output Shape              Param #
===============================================================================================
├─Conv2d: 1-1                                 [-1, 64, 160, 160]        9,408
├─BatchNorm2d: 1-2                            [-1, 64, 160, 160]        128
├─ReLU: 1-3                                   [-1, 64, 160, 160]        --
├─SPP: 1-4                                    [-1, 64, 160, 160]        --
|    └─Conv: 2-1                              [-1, 32, 160, 160]        --
|    |    └─Conv2d: 3-1                       [-1, 32, 160, 160]        2,048
|    |    └─BatchNorm2d: 3-2                  [-1, 32, 160, 160]        64
|    |    └─ReLU: 3-3                         [-1, 32, 160, 160]        --
|    └─ModuleList: 2                          []                        --
|    |    └─MaxPool2d: 3-4                    [-1, 32, 160, 160]        --
|    |    └─MaxPool2d: 3-5                    [-1, 32, 160, 160]        --
|    |    └─MaxPool2d: 3-6                    [-1, 32, 160, 160]        --
|    └─Conv: 2-2                              [-1, 64, 160, 160]        --
|    |    └─Conv2d: 3-7                       [-1, 64, 160, 160]        8,192
|    |    └─BatchNorm2d: 3-8                  [-1, 64, 160, 160]        128
|    |    └─ReLU: 3-9                         [-1, 64, 160, 160]        --
├─Sequential: 1-5                             [-1, 64, 160, 160]        --
|    └─BasicBlock: 2-3                        [-1, 64, 160, 160]        --
|    |    └─Conv2d: 3-10                      [-1, 64, 160, 160]        36,864
|    |    └─BatchNorm2d: 3-11                 [-1, 64, 160, 160]        128
|    |    └─ReLU: 3-12                        [-1, 64, 160, 160]        --
|    |    └─Conv2d: 3-13                      [-1, 64, 160, 160]        36,864
|    |    └─BatchNorm2d: 3-14                 [-1, 64, 160, 160]        128
|    |    └─HCAM1: 3-15                       [-1, 64, 160, 160]        3,376
|    |    └─ReLU: 3-16                        [-1, 64, 160, 160]        --
|    └─BasicBlock: 2-4                        [-1, 64, 160, 160]        --
|    |    └─Conv2d: 3-17                      [-1, 64, 160, 160]        36,864
|    |    └─BatchNorm2d: 3-18                 [-1, 64, 160, 160]        128
|    |    └─ReLU: 3-19                        [-1, 64, 160, 160]        --
|    |    └─Conv2d: 3-20                      [-1, 64, 160, 160]        36,864
|    |    └─BatchNorm2d: 3-21                 [-1, 64, 160, 160]        128
|    |    └─HCAM1: 3-22                       [-1, 64, 160, 160]        3,376
|    |    └─ReLU: 3-23                        [-1, 64, 160, 160]        --
├─Sequential: 1-6                             [-1, 128, 80, 80]         --
|    └─BasicBlock: 2-5                        [-1, 128, 80, 80]         --
|    |    └─Conv2d: 3-24                      [-1, 128, 80, 80]         73,728
|    |    └─BatchNorm2d: 3-25                 [-1, 128, 80, 80]         256
|    |    └─ReLU: 3-26                        [-1, 128, 80, 80]         --
|    |    └─Conv2d: 3-27                      [-1, 128, 80, 80]         147,456
|    |    └─BatchNorm2d: 3-28                 [-1, 128, 80, 80]         256
|    |    └─HCAM1: 3-29                       [-1, 128, 80, 80]         6,704
|    |    └─Sequential: 3-30                  [-1, 128, 80, 80]         8,448
|    |    └─ReLU: 3-31                        [-1, 128, 80, 80]         --
|    └─BasicBlock: 2-6                        [-1, 128, 80, 80]         --
|    |    └─Conv2d: 3-32                      [-1, 128, 80, 80]         147,456
|    |    └─BatchNorm2d: 3-33                 [-1, 128, 80, 80]         256
|    |    └─ReLU: 3-34                        [-1, 128, 80, 80]         --
|    |    └─Conv2d: 3-35                      [-1, 128, 80, 80]         147,456
|    |    └─BatchNorm2d: 3-36                 [-1, 128, 80, 80]         256
|    |    └─HCAM1: 3-37                       [-1, 128, 80, 80]         6,704
|    |    └─ReLU: 3-38                        [-1, 128, 80, 80]         --
├─Sequential: 1-7                             [-1, 256, 40, 40]         --
|    └─BasicBlock: 2-7                        [-1, 256, 40, 40]         --
|    |    └─Conv2d: 3-39                      [-1, 256, 40, 40]         294,912
|    |    └─BatchNorm2d: 3-40                 [-1, 256, 40, 40]         512
|    |    └─ReLU: 3-41                        [-1, 256, 40, 40]         --
|    |    └─Conv2d: 3-42                      [-1, 256, 40, 40]         589,824
|    |    └─BatchNorm2d: 3-43                 [-1, 256, 40, 40]         512
|    |    └─HCAM1: 3-44                       [-1, 256, 40, 40]         13,360
|    |    └─Sequential: 3-45                  [-1, 256, 40, 40]         33,280
|    |    └─ReLU: 3-46                        [-1, 256, 40, 40]         --
|    └─BasicBlock: 2-8                        [-1, 256, 40, 40]         --
|    |    └─Conv2d: 3-47                      [-1, 256, 40, 40]         589,824
|    |    └─BatchNorm2d: 3-48                 [-1, 256, 40, 40]         512
|    |    └─ReLU: 3-49                        [-1, 256, 40, 40]         --
|    |    └─Conv2d: 3-50                      [-1, 256, 40, 40]         589,824
|    |    └─BatchNorm2d: 3-51                 [-1, 256, 40, 40]         512
|    |    └─HCAM1: 3-52                       [-1, 256, 40, 40]         13,360
|    |    └─ReLU: 3-53                        [-1, 256, 40, 40]         --
├─Sequential: 1-8                             [-1, 512, 20, 20]         --
|    └─BasicBlock: 2-9                        [-1, 512, 20, 20]         --
|    |    └─Conv2d: 3-54                      [-1, 512, 20, 20]         1,179,648
|    |    └─BatchNorm2d: 3-55                 [-1, 512, 20, 20]         1,024
|    |    └─ReLU: 3-56                        [-1, 512, 20, 20]         --
|    |    └─Conv2d: 3-57                      [-1, 512, 20, 20]         2,359,296
|    |    └─BatchNorm2d: 3-58                 [-1, 512, 20, 20]         1,024
|    |    └─HCAM1: 3-59                       [-1, 512, 20, 20]         51,296
|    |    └─Sequential: 3-60                  [-1, 512, 20, 20]         132,096
|    |    └─ReLU: 3-61                        [-1, 512, 20, 20]         --
|    └─BasicBlock: 2-10                       [-1, 512, 20, 20]         --
|    |    └─Conv2d: 3-62                      [-1, 512, 20, 20]         2,359,296
|    |    └─BatchNorm2d: 3-63                 [-1, 512, 20, 20]         1,024
|    |    └─ReLU: 3-64                        [-1, 512, 20, 20]         --
|    |    └─Conv2d: 3-65                      [-1, 512, 20, 20]         2,359,296
|    |    └─BatchNorm2d: 3-66                 [-1, 512, 20, 20]         1,024
|    |    └─HCAM1: 3-67                       [-1, 512, 20, 20]         51,296
|    |    └─ReLU: 3-68                        [-1, 512, 20, 20]         --
├─AdaptiveAvgPool2d: 1-9                      [-1, 512, 1, 1]           --
├─Linear: 1-10                                [-1, 7]                   3,591
===============================================================================================
Total params: 11,340,007
Trainable params: 11,340,007
Non-trainable params: 0
Total mult-adds (G): 14.37
===============================================================================================
Input size (MB): 1.17
Forward/backward pass size (MB): 274.69
Params size (MB): 43.26
Estimated Total Size (MB): 319.12
===============================================================================================



