Train Model: ResNet, Using device cuda

========== Train Epoch 1 ==========
Loss: 1.946	Accuracy: 17 %	Time 153 s
Accuracy for class bzx   is: 99.2 %
Accuracy for class cwx   is: 0.0 %
Accuracy for class hdx   is: 0.0 %
Accuracy for class mtx   is: 2.5 %
Accuracy for class nqx   is: 0.0 %
Accuracy for class qtx   is: 0.0 %
Accuracy for class zxx   is: 0.0 %

========== Train Epoch 2 ==========
Loss: 1.881	Accuracy: 22 %	Time 156 s
Accuracy for class bzx   is: 25.9 %
Accuracy for class cwx   is: 0.0 %
Accuracy for class hdx   is: 15.6 %
Accuracy for class mtx   is: 64.2 %
Accuracy for class nqx   is: 0.0 %
Accuracy for class qtx   is: 0.0 %
Accuracy for class zxx   is: 21.5 %

========== Train Epoch 3 ==========
Loss: 1.866	Accuracy: 21 %	Time 154 s
Accuracy for class bzx   is: 10.2 %
Accuracy for class cwx   is: 0.0 %
Accuracy for class hdx   is: 69.0 %
Accuracy for class mtx   is: 37.0 %
Accuracy for class nqx   is: 0.0 %
Accuracy for class qtx   is: 0.0 %
Accuracy for class zxx   is: 1.0 %

========== Train Epoch 4 ==========
Loss: 1.861	Accuracy: 21 %	Time 155 s
Accuracy for class bzx   is: 37.2 %
Accuracy for class cwx   is: 0.0 %
Accuracy for class hdx   is: 0.0 %
Accuracy for class mtx   is: 82.8 %
Accuracy for class nqx   is: 0.0 %
Accuracy for class qtx   is: 0.0 %
Accuracy for class zxx   is: 0.0 %

========== Train Epoch 5 ==========
Loss: 1.858	Accuracy: 23 %	Time 157 s
Accuracy for class bzx   is: 36.1 %
Accuracy for class cwx   is: 0.0 %
Accuracy for class hdx   is: 58.5 %
Accuracy for class mtx   is: 32.0 %
Accuracy for class nqx   is: 0.0 %
Accuracy for class qtx   is: 0.0 %
Accuracy for class zxx   is: 5.7 %

========== Train Epoch 6 ==========
Loss: 1.852	Accuracy: 23 %	Time 155 s
Accuracy for class bzx   is: 9.8 %
Accuracy for class cwx   is: 0.0 %
Accuracy for class hdx   is: 28.6 %
Accuracy for class mtx   is: 81.8 %
Accuracy for class nqx   is: 0.0 %
Accuracy for class qtx   is: 0.0 %
Accuracy for class zxx   is: 7.1 %

========== Train Epoch 7 ==========
Loss: 1.852	Accuracy: 23 %	Time 159 s
Accuracy for class bzx   is: 19.3 %
Accuracy for class cwx   is: 0.0 %
Accuracy for class hdx   is: 66.4 %
Accuracy for class mtx   is: 38.1 %
Accuracy for class nqx   is: 0.0 %
Accuracy for class qtx   is: 0.0 %
Accuracy for class zxx   is: 1.4 %

========== Train Epoch 8 ==========
Loss: 1.844	Accuracy: 23 %	Time 161 s
Accuracy for class bzx   is: 33.5 %
Accuracy for class cwx   is: 0.0 %
Accuracy for class hdx   is: 71.4 %
Accuracy for class mtx   is: 21.6 %
Accuracy for class nqx   is: 0.0 %
Accuracy for class qtx   is: 0.0 %
Accuracy for class zxx   is: 1.6 %

========== Train Epoch 9 ==========
Loss: 1.841	Accuracy: 26 %	Time 161 s
Accuracy for class bzx   is: 43.9 %
Accuracy for class cwx   is: 0.0 %
Accuracy for class hdx   is: 26.1 %
Accuracy for class mtx   is: 28.0 %
Accuracy for class nqx   is: 12.3 %
Accuracy for class qtx   is: 0.0 %
Accuracy for class zxx   is: 41.5 %

========== Train Epoch 10 ==========
Loss: 1.838	Accuracy: 23 %	Time 166 s
Accuracy for class bzx   is: 30.1 %
Accuracy for class cwx   is: 0.0 %
Accuracy for class hdx   is: 0.0 %
Accuracy for class mtx   is: 45.2 %
Accuracy for class nqx   is: 0.0 %
Accuracy for class qtx   is: 0.0 %
Accuracy for class zxx   is: 59.3 %

========== Train Epoch 11 ==========
Loss: 1.833	Accuracy: 26 %	Time 162 s
Accuracy for class bzx   is: 35.0 %
Accuracy for class cwx   is: 0.0 %
Accuracy for class hdx   is: 47.2 %
Accuracy for class mtx   is: 51.0 %
Accuracy for class nqx   is: 0.0 %
Accuracy for class qtx   is: 0.0 %
Accuracy for class zxx   is: 16.0 %

========== Train Epoch 12 ==========
Loss: 1.829	Accuracy: 27 %	Time 161 s
Accuracy for class bzx   is: 39.9 %
Accuracy for class cwx   is: 0.0 %
Accuracy for class hdx   is: 39.5 %
Accuracy for class mtx   is: 58.0 %
Accuracy for class nqx   is: 0.0 %
Accuracy for class qtx   is: 0.0 %
Accuracy for class zxx   is: 13.4 %

========== Train Epoch 13 ==========
Loss: 1.826	Accuracy: 25 %	Time 162 s
Accuracy for class bzx   is: 23.4 %
Accuracy for class cwx   is: 0.0 %
Accuracy for class hdx   is: 1.9 %
Accuracy for class mtx   is: 85.2 %
Accuracy for class nqx   is: 0.8 %
Accuracy for class qtx   is: 0.0 %
Accuracy for class zxx   is: 30.4 %

========== Train Epoch 14 ==========
Loss: 1.825	Accuracy: 28 %	Time 161 s
Accuracy for class bzx   is: 24.0 %
Accuracy for class cwx   is: 0.0 %
Accuracy for class hdx   is: 51.3 %
Accuracy for class mtx   is: 28.9 %
Accuracy for class nqx   is: 0.0 %
Accuracy for class qtx   is: 0.4 %
Accuracy for class zxx   is: 51.4 %

========== Train Epoch 15 ==========
Loss: 1.821	Accuracy: 25 %	Time 162 s
Accuracy for class bzx   is: 15.5 %
Accuracy for class cwx   is: 0.0 %
Accuracy for class hdx   is: 24.6 %
Accuracy for class mtx   is: 85.1 %
Accuracy for class nqx   is: 5.0 %
Accuracy for class qtx   is: 0.0 %
Accuracy for class zxx   is: 7.7 %

========== Train Epoch 16 ==========
Loss: 1.817	Accuracy: 26 %	Time 161 s
Accuracy for class bzx   is: 21.9 %
Accuracy for class cwx   is: 0.0 %
Accuracy for class hdx   is: 16.9 %
Accuracy for class mtx   is: 49.4 %
Accuracy for class nqx   is: 0.0 %
Accuracy for class qtx   is: 0.0 %
Accuracy for class zxx   is: 57.5 %

========== Train Epoch 17 ==========
Loss: 1.812	Accuracy: 25 %	Time 162 s
Accuracy for class bzx   is: 0.0 %
Accuracy for class cwx   is: 0.0 %
Accuracy for class hdx   is: 54.5 %
Accuracy for class mtx   is: 59.4 %
Accuracy for class nqx   is: 0.0 %
Accuracy for class qtx   is: 0.0 %
Accuracy for class zxx   is: 21.7 %

========== Train Epoch 18 ==========
Loss: 1.807	Accuracy: 28 %	Time 163 s
Accuracy for class bzx   is: 26.5 %
Accuracy for class cwx   is: 0.0 %
Accuracy for class hdx   is: 29.9 %
Accuracy for class mtx   is: 31.6 %
Accuracy for class nqx   is: 1.6 %
Accuracy for class qtx   is: 0.0 %
Accuracy for class zxx   is: 71.5 %

========== Train Epoch 19 ==========
Loss: 1.797	Accuracy: 30 %	Time 161 s
Accuracy for class bzx   is: 40.3 %
Accuracy for class cwx   is: 0.0 %
Accuracy for class hdx   is: 21.8 %
Accuracy for class mtx   is: 69.7 %
Accuracy for class nqx   is: 2.6 %
Accuracy for class qtx   is: 0.0 %
Accuracy for class zxx   is: 34.4 %

========== Train Epoch 20 ==========
Loss: 1.792	Accuracy: 25 %	Time 161 s
Accuracy for class bzx   is: 23.6 %
Accuracy for class cwx   is: 0.0 %
Accuracy for class hdx   is: 88.2 %
Accuracy for class mtx   is: 15.3 %
Accuracy for class nqx   is: 1.0 %
Accuracy for class qtx   is: 0.0 %
Accuracy for class zxx   is: 10.1 %

========== Train Epoch 21 ==========
Loss: 1.787	Accuracy: 30 %	Time 162 s
Accuracy for class bzx   is: 34.6 %
Accuracy for class cwx   is: 0.0 %
Accuracy for class hdx   is: 48.1 %
Accuracy for class mtx   is: 44.6 %
Accuracy for class nqx   is: 1.0 %
Accuracy for class qtx   is: 2.3 %
Accuracy for class zxx   is: 38.7 %

========== Train Epoch 22 ==========
Loss: 1.783	Accuracy: 28 %	Time 161 s
Accuracy for class bzx   is: 42.3 %
Accuracy for class cwx   is: 0.0 %
Accuracy for class hdx   is: 52.6 %
Accuracy for class mtx   is: 47.5 %
Accuracy for class nqx   is: 0.0 %
Accuracy for class qtx   is: 0.0 %
Accuracy for class zxx   is: 17.8 %

========== Train Epoch 23 ==========
Loss: 1.774	Accuracy: 28 %	Time 161 s
Accuracy for class bzx   is: 40.8 %
Accuracy for class cwx   is: 0.0 %
Accuracy for class hdx   is: 2.6 %
Accuracy for class mtx   is: 45.8 %
Accuracy for class nqx   is: 46.3 %
Accuracy for class qtx   is: 1.9 %
Accuracy for class zxx   is: 35.0 %

========== Train Epoch 24 ==========
Loss: 1.771	Accuracy: 30 %	Time 163 s
Accuracy for class bzx   is: 37.8 %
Accuracy for class cwx   is: 0.0 %
Accuracy for class hdx   is: 31.2 %
Accuracy for class mtx   is: 73.9 %
Accuracy for class nqx   is: 1.3 %
Accuracy for class qtx   is: 0.0 %
Accuracy for class zxx   is: 24.7 %

========== Train Epoch 25 ==========
Loss: 1.764	Accuracy: 29 %	Time 164 s
Accuracy for class bzx   is: 47.3 %
Accuracy for class cwx   is: 0.0 %
Accuracy for class hdx   is: 25.9 %
Accuracy for class mtx   is: 67.4 %
Accuracy for class nqx   is: 1.0 %
Accuracy for class qtx   is: 0.0 %
Accuracy for class zxx   is: 24.5 %

========== Train Epoch 26 ==========
Loss: 1.753	Accuracy: 27 %	Time 162 s
Accuracy for class bzx   is: 63.1 %
Accuracy for class cwx   is: 0.0 %
Accuracy for class hdx   is: 19.2 %
Accuracy for class mtx   is: 35.2 %
Accuracy for class nqx   is: 29.6 %
Accuracy for class qtx   is: 0.0 %
Accuracy for class zxx   is: 17.6 %

========== Train Epoch 27 ==========
Loss: 1.746	Accuracy: 32 %	Time 162 s
Accuracy for class bzx   is: 17.6 %
Accuracy for class cwx   is: 0.0 %
Accuracy for class hdx   is: 45.9 %
Accuracy for class mtx   is: 53.8 %
Accuracy for class nqx   is: 7.3 %
Accuracy for class qtx   is: 4.9 %
Accuracy for class zxx   is: 53.6 %

========== Train Epoch 28 ==========
Loss: 1.738	Accuracy: 27 %	Time 162 s
Accuracy for class bzx   is: 5.3 %
Accuracy for class cwx   is: 0.0 %
Accuracy for class hdx   is: 83.6 %
Accuracy for class mtx   is: 16.9 %
Accuracy for class nqx   is: 0.0 %
Accuracy for class qtx   is: 1.5 %
Accuracy for class zxx   is: 41.7 %

========== Train Epoch 29 ==========
Loss: 1.726	Accuracy: 32 %	Time 165 s
Accuracy for class bzx   is: 31.6 %
Accuracy for class cwx   is: 3.8 %
Accuracy for class hdx   is: 3.8 %
Accuracy for class mtx   is: 81.4 %
Accuracy for class nqx   is: 23.6 %
Accuracy for class qtx   is: 0.0 %
Accuracy for class zxx   is: 44.1 %

========== Train Epoch 30 ==========
Loss: 1.710	Accuracy: 29 %	Time 162 s
Accuracy for class bzx   is: 10.0 %
Accuracy for class cwx   is: 4.5 %
Accuracy for class hdx   is: 5.3 %
Accuracy for class mtx   is: 41.6 %
Accuracy for class nqx   is: 37.2 %
Accuracy for class qtx   is: 0.4 %
Accuracy for class zxx   is: 78.1 %

========== Train Epoch 31 ==========
Loss: 1.708	Accuracy: 33 %	Time 160 s
Accuracy for class bzx   is: 17.2 %
Accuracy for class cwx   is: 1.9 %
Accuracy for class hdx   is: 42.9 %
Accuracy for class mtx   is: 67.4 %
Accuracy for class nqx   is: 7.3 %
Accuracy for class qtx   is: 3.8 %
Accuracy for class zxx   is: 48.2 %

========== Train Epoch 32 ==========
Loss: 1.694	Accuracy: 34 %	Time 161 s
Accuracy for class bzx   is: 9.1 %
Accuracy for class cwx   is: 9.0 %
Accuracy for class hdx   is: 40.6 %
Accuracy for class mtx   is: 59.6 %
Accuracy for class nqx   is: 9.2 %
Accuracy for class qtx   is: 28.1 %
Accuracy for class zxx   is: 56.3 %

========== Train Epoch 33 ==========
Loss: 1.679	Accuracy: 36 %	Time 164 s
Accuracy for class bzx   is: 41.2 %
Accuracy for class cwx   is: 0.6 %
Accuracy for class hdx   is: 75.0 %
Accuracy for class mtx   is: 31.6 %
Accuracy for class nqx   is: 13.1 %
Accuracy for class qtx   is: 20.5 %
Accuracy for class zxx   is: 34.8 %

========== Train Epoch 34 ==========
Loss: 1.670	Accuracy: 37 %	Time 162 s
Accuracy for class bzx   is: 59.0 %
Accuracy for class cwx   is: 0.0 %
Accuracy for class hdx   is: 37.0 %
Accuracy for class mtx   is: 65.7 %
Accuracy for class nqx   is: 11.8 %
Accuracy for class qtx   is: 10.6 %
Accuracy for class zxx   is: 31.4 %

========== Train Epoch 35 ==========
Loss: 1.650	Accuracy: 42 %	Time 163 s
Accuracy for class bzx   is: 55.6 %
Accuracy for class cwx   is: 1.3 %
Accuracy for class hdx   is: 32.1 %
Accuracy for class mtx   is: 60.7 %
Accuracy for class nqx   is: 49.5 %
Accuracy for class qtx   is: 16.7 %
Accuracy for class zxx   is: 46.0 %

========== Train Epoch 36 ==========
Loss: 1.642	Accuracy: 39 %	Time 161 s
Accuracy for class bzx   is: 58.2 %
Accuracy for class cwx   is: 0.0 %
Accuracy for class hdx   is: 40.0 %
Accuracy for class mtx   is: 67.8 %
Accuracy for class nqx   is: 11.5 %
Accuracy for class qtx   is: 1.5 %
Accuracy for class zxx   is: 48.0 %

========== Train Epoch 37 ==========
Loss: 1.614	Accuracy: 43 %	Time 163 s
Accuracy for class bzx   is: 22.3 %
Accuracy for class cwx   is: 7.7 %
Accuracy for class hdx   is: 60.5 %
Accuracy for class mtx   is: 38.1 %
Accuracy for class nqx   is: 51.8 %
Accuracy for class qtx   is: 57.8 %
Accuracy for class zxx   is: 49.2 %

========== Train Epoch 38 ==========
Loss: 1.601	Accuracy: 44 %	Time 160 s
Accuracy for class bzx   is: 47.1 %
Accuracy for class cwx   is: 3.8 %
Accuracy for class hdx   is: 34.2 %
Accuracy for class mtx   is: 67.0 %
Accuracy for class nqx   is: 48.2 %
Accuracy for class qtx   is: 18.3 %
Accuracy for class zxx   is: 54.7 %

========== Train Epoch 39 ==========
Loss: 1.589	Accuracy: 47 %	Time 161 s
Accuracy for class bzx   is: 43.3 %
Accuracy for class cwx   is: 5.8 %
Accuracy for class hdx   is: 38.7 %
Accuracy for class mtx   is: 73.4 %
Accuracy for class nqx   is: 31.7 %
Accuracy for class qtx   is: 42.2 %
Accuracy for class zxx   is: 59.9 %

========== Train Epoch 40 ==========
Loss: 1.560	Accuracy: 41 %	Time 162 s
Accuracy for class bzx   is: 29.7 %
Accuracy for class cwx   is: 1.3 %
Accuracy for class hdx   is: 68.0 %
Accuracy for class mtx   is: 67.2 %
Accuracy for class nqx   is: 42.9 %
Accuracy for class qtx   is: 26.6 %
Accuracy for class zxx   is: 17.8 %

========== Train Epoch 41 ==========
Loss: 1.541	Accuracy: 46 %	Time 164 s
Accuracy for class bzx   is: 35.5 %
Accuracy for class cwx   is: 1.3 %
Accuracy for class hdx   is: 40.8 %
Accuracy for class mtx   is: 51.1 %
Accuracy for class nqx   is: 61.5 %
Accuracy for class qtx   is: 42.2 %
Accuracy for class zxx   is: 65.6 %

========== Train Epoch 42 ==========
Loss: 1.522	Accuracy: 43 %	Time 162 s
Accuracy for class bzx   is: 71.3 %
Accuracy for class cwx   is: 0.6 %
Accuracy for class hdx   is: 46.2 %
Accuracy for class mtx   is: 42.3 %
Accuracy for class nqx   is: 22.5 %
Accuracy for class qtx   is: 32.7 %
Accuracy for class zxx   is: 48.6 %

========== Train Epoch 43 ==========
Loss: 1.496	Accuracy: 44 %	Time 160 s
Accuracy for class bzx   is: 31.6 %
Accuracy for class cwx   is: 6.4 %
Accuracy for class hdx   is: 48.9 %
Accuracy for class mtx   is: 37.7 %
Accuracy for class nqx   is: 56.3 %
Accuracy for class qtx   is: 10.3 %
Accuracy for class zxx   is: 79.6 %

========== Train Epoch 44 ==========
Loss: 1.462	Accuracy: 42 %	Time 162 s
Accuracy for class bzx   is: 76.0 %
Accuracy for class cwx   is: 1.3 %
Accuracy for class hdx   is: 49.1 %
Accuracy for class mtx   is: 51.7 %
Accuracy for class nqx   is: 11.3 %
Accuracy for class qtx   is: 43.0 %
Accuracy for class zxx   is: 33.2 %

========== Train Epoch 45 ==========
Loss: 1.436	Accuracy: 57 %	Time 160 s
Accuracy for class bzx   is: 63.7 %
Accuracy for class cwx   is: 16.0 %
Accuracy for class hdx   is: 66.7 %
Accuracy for class mtx   is: 51.9 %
Accuracy for class nqx   is: 64.9 %
Accuracy for class qtx   is: 46.8 %
Accuracy for class zxx   is: 58.3 %

========== Train Epoch 46 ==========
Loss: 1.401	Accuracy: 53 %	Time 164 s
Accuracy for class bzx   is: 41.8 %
Accuracy for class cwx   is: 6.4 %
Accuracy for class hdx   is: 75.0 %
Accuracy for class mtx   is: 23.6 %
Accuracy for class nqx   is: 67.3 %
Accuracy for class qtx   is: 61.2 %
Accuracy for class zxx   is: 71.3 %

========== Train Epoch 47 ==========
Loss: 1.372	Accuracy: 55 %	Time 161 s
Accuracy for class bzx   is: 60.7 %
Accuracy for class cwx   is: 4.5 %
Accuracy for class hdx   is: 38.9 %
Accuracy for class mtx   is: 61.9 %
Accuracy for class nqx   is: 77.2 %
Accuracy for class qtx   is: 42.2 %
Accuracy for class zxx   is: 68.0 %

========== Train Epoch 48 ==========
Loss: 1.338	Accuracy: 57 %	Time 161 s
Accuracy for class bzx   is: 70.9 %
Accuracy for class cwx   is: 3.8 %
Accuracy for class hdx   is: 83.5 %
Accuracy for class mtx   is: 34.3 %
Accuracy for class nqx   is: 53.7 %
Accuracy for class qtx   is: 52.1 %
Accuracy for class zxx   is: 63.0 %

========== Train Epoch 49 ==========
Loss: 1.292	Accuracy: 59 %	Time 162 s
Accuracy for class bzx   is: 69.2 %
Accuracy for class cwx   is: 8.3 %
Accuracy for class hdx   is: 43.4 %
Accuracy for class mtx   is: 83.3 %
Accuracy for class nqx   is: 75.4 %
Accuracy for class qtx   is: 48.7 %
Accuracy for class zxx   is: 54.3 %

========== Train Epoch 50 ==========
Loss: 1.255	Accuracy: 54 %	Time 162 s
Accuracy for class bzx   is: 49.3 %
Accuracy for class cwx   is: 7.7 %
Accuracy for class hdx   is: 72.6 %
Accuracy for class mtx   is: 15.1 %
Accuracy for class nqx   is: 59.9 %
Accuracy for class qtx   is: 65.8 %
Accuracy for class zxx   is: 85.4 %

========== Train Epoch 51 ==========
Loss: 1.201	Accuracy: 66 %	Time 164 s
Accuracy for class bzx   is: 67.5 %
Accuracy for class cwx   is: 30.1 %
Accuracy for class hdx   is: 78.9 %
Accuracy for class mtx   is: 57.9 %
Accuracy for class nqx   is: 63.4 %
Accuracy for class qtx   is: 59.7 %
Accuracy for class zxx   is: 77.5 %

========== Train Epoch 52 ==========
Loss: 1.167	Accuracy: 51 %	Time 161 s
Accuracy for class bzx   is: 50.5 %
Accuracy for class cwx   is: 5.1 %
Accuracy for class hdx   is: 93.2 %
Accuracy for class mtx   is: 34.1 %
Accuracy for class nqx   is: 38.2 %
Accuracy for class qtx   is: 42.2 %
Accuracy for class zxx   is: 57.9 %

========== Train Epoch 53 ==========
Loss: 1.102	Accuracy: 71 %	Time 161 s
Accuracy for class bzx   is: 75.8 %
Accuracy for class cwx   is: 19.9 %
Accuracy for class hdx   is: 89.3 %
Accuracy for class mtx   is: 67.2 %
Accuracy for class nqx   is: 70.2 %
Accuracy for class qtx   is: 65.8 %
Accuracy for class zxx   is: 71.3 %

========== Train Epoch 54 ==========
Loss: 1.059	Accuracy: 73 %	Time 161 s
Accuracy for class bzx   is: 62.6 %
Accuracy for class cwx   is: 37.2 %
Accuracy for class hdx   is: 72.0 %
Accuracy for class mtx   is: 86.6 %
Accuracy for class nqx   is: 74.9 %
Accuracy for class qtx   is: 72.2 %
Accuracy for class zxx   is: 84.4 %

========== Train Epoch 55 ==========
Loss: 1.000	Accuracy: 66 %	Time 161 s
Accuracy for class bzx   is: 86.8 %
Accuracy for class cwx   is: 5.8 %
Accuracy for class hdx   is: 41.9 %
Accuracy for class mtx   is: 74.3 %
Accuracy for class nqx   is: 66.2 %
Accuracy for class qtx   is: 60.8 %
Accuracy for class zxx   is: 87.2 %

========== Train Epoch 56 ==========
Loss: 0.957	Accuracy: 79 %	Time 162 s
Accuracy for class bzx   is: 86.6 %
Accuracy for class cwx   is: 48.7 %
Accuracy for class hdx   is: 88.0 %
Accuracy for class mtx   is: 78.4 %
Accuracy for class nqx   is: 83.2 %
Accuracy for class qtx   is: 57.4 %
Accuracy for class zxx   is: 86.0 %

========== Train Epoch 57 ==========
Loss: 0.899	Accuracy: 80 %	Time 163 s
Accuracy for class bzx   is: 90.4 %
Accuracy for class cwx   is: 21.8 %
Accuracy for class hdx   is: 91.4 %
Accuracy for class mtx   is: 75.3 %
Accuracy for class nqx   is: 75.1 %
Accuracy for class qtx   is: 72.6 %
Accuracy for class zxx   is: 91.5 %

========== Train Epoch 58 ==========
Loss: 0.832	Accuracy: 83 %	Time 161 s
Accuracy for class bzx   is: 90.9 %
Accuracy for class cwx   is: 50.0 %
Accuracy for class hdx   is: 93.0 %
Accuracy for class mtx   is: 79.9 %
Accuracy for class nqx   is: 86.9 %
Accuracy for class qtx   is: 73.4 %
Accuracy for class zxx   is: 83.8 %

========== Train Epoch 59 ==========
Loss: 0.768	Accuracy: 84 %	Time 161 s
Accuracy for class bzx   is: 85.8 %
Accuracy for class cwx   is: 35.9 %
Accuracy for class hdx   is: 85.7 %
Accuracy for class mtx   is: 90.4 %
Accuracy for class nqx   is: 87.7 %
Accuracy for class qtx   is: 81.7 %
Accuracy for class zxx   is: 89.7 %

========== Train Epoch 60 ==========
Loss: 0.712	Accuracy: 88 %	Time 161 s
Accuracy for class bzx   is: 96.6 %
Accuracy for class cwx   is: 51.9 %
Accuracy for class hdx   is: 85.7 %
Accuracy for class mtx   is: 89.8 %
Accuracy for class nqx   is: 95.8 %
Accuracy for class qtx   is: 82.1 %
Accuracy for class zxx   is: 90.7 %

========== Train Epoch 61 ==========
Loss: 0.681	Accuracy: 89 %	Time 163 s
Accuracy for class bzx   is: 95.1 %
Accuracy for class cwx   is: 55.8 %
Accuracy for class hdx   is: 89.8 %
Accuracy for class mtx   is: 96.7 %
Accuracy for class nqx   is: 89.8 %
Accuracy for class qtx   is: 78.7 %
Accuracy for class zxx   is: 94.1 %

========== Train Epoch 62 ==========
Loss: 0.579	Accuracy: 91 %	Time 161 s
Accuracy for class bzx   is: 95.1 %
Accuracy for class cwx   is: 60.3 %
Accuracy for class hdx   is: 95.1 %
Accuracy for class mtx   is: 97.7 %
Accuracy for class nqx   is: 88.7 %
Accuracy for class qtx   is: 80.2 %
Accuracy for class zxx   is: 94.9 %

========== Train Epoch 63 ==========
Loss: 0.539	Accuracy: 85 %	Time 162 s
Accuracy for class bzx   is: 97.7 %
Accuracy for class cwx   is: 39.7 %
Accuracy for class hdx   is: 64.8 %
Accuracy for class mtx   is: 95.2 %
Accuracy for class nqx   is: 89.8 %
Accuracy for class qtx   is: 78.3 %
Accuracy for class zxx   is: 99.0 %

========== Train Epoch 64 ==========
Loss: 0.492	Accuracy: 94 %	Time 163 s
Accuracy for class bzx   is: 99.2 %
Accuracy for class cwx   is: 58.3 %
Accuracy for class hdx   is: 97.0 %
Accuracy for class mtx   is: 98.3 %
Accuracy for class nqx   is: 95.5 %
Accuracy for class qtx   is: 90.5 %
Accuracy for class zxx   is: 94.3 %
Finished training!!!

Min loss = 69.360 in epoch 63, max Accuracy = 94.18% in epoch 63

ResNet(
  (conv1): Conv2d(3, 64, kernel_size=(7, 7), stride=(2, 2), padding=(3, 3), bias=False)
  (bn1): BatchNorm2d(64, eps=1e-05, momentum=0.1, affine=True, track_running_stats=True)
  (relu): ReLU(inplace=True)
  (maxpool): MaxPool2d(kernel_size=3, stride=2, padding=1, dilation=1, ceil_mode=False)
  (layer1): Sequential(
    (0): Bottleneck(
      (conv1): Conv2d(64, 64, kernel_size=(1, 1), stride=(1, 1), bias=False)
      (bn1): BatchNorm2d(64, eps=1e-05, momentum=0.1, affine=True, track_running_stats=True)
      (conv2): Conv2d(64, 64, kernel_size=(3, 3), stride=(1, 1), padding=(1, 1), bias=False)
      (bn2): BatchNorm2d(64, eps=1e-05, momentum=0.1, affine=True, track_running_stats=True)
      (conv3): Conv2d(64, 256, kernel_size=(1, 1), stride=(1, 1), bias=False)
      (bn3): BatchNorm2d(256, eps=1e-05, momentum=0.1, affine=True, track_running_stats=True)
      (relu): ReLU(inplace=True)
      (downsample): Sequential(
        (0): Conv2d(64, 256, kernel_size=(1, 1), stride=(1, 1), bias=False)
        (1): BatchNorm2d(256, eps=1e-05, momentum=0.1, affine=True, track_running_stats=True)
      )
    )
    (1): Bottleneck(
      (conv1): Conv2d(256, 64, kernel_size=(1, 1), stride=(1, 1), bias=False)
      (bn1): BatchNorm2d(64, eps=1e-05, momentum=0.1, affine=True, track_running_stats=True)
      (conv2): Conv2d(64, 64, kernel_size=(3, 3), stride=(1, 1), padding=(1, 1), bias=False)
      (bn2): BatchNorm2d(64, eps=1e-05, momentum=0.1, affine=True, track_running_stats=True)
      (conv3): Conv2d(64, 256, kernel_size=(1, 1), stride=(1, 1), bias=False)
      (bn3): BatchNorm2d(256, eps=1e-05, momentum=0.1, affine=True, track_running_stats=True)
      (relu): ReLU(inplace=True)
    )
    (2): Bottleneck(
      (conv1): Conv2d(256, 64, kernel_size=(1, 1), stride=(1, 1), bias=False)
      (bn1): BatchNorm2d(64, eps=1e-05, momentum=0.1, affine=True, track_running_stats=True)
      (conv2): Conv2d(64, 64, kernel_size=(3, 3), stride=(1, 1), padding=(1, 1), bias=False)
      (bn2): BatchNorm2d(64, eps=1e-05, momentum=0.1, affine=True, track_running_stats=True)
      (conv3): Conv2d(64, 256, kernel_size=(1, 1), stride=(1, 1), bias=False)
      (bn3): BatchNorm2d(256, eps=1e-05, momentum=0.1, affine=True, track_running_stats=True)
      (relu): ReLU(inplace=True)
    )
  )
  (layer2): Sequential(
    (0): Bottleneck(
      (conv1): Conv2d(256, 128, kernel_size=(1, 1), stride=(1, 1), bias=False)
      (bn1): BatchNorm2d(128, eps=1e-05, momentum=0.1, affine=True, track_running_stats=True)
      (conv2): Conv2d(128, 128, kernel_size=(3, 3), stride=(2, 2), padding=(1, 1), bias=False)
      (bn2): BatchNorm2d(128, eps=1e-05, momentum=0.1, affine=True, track_running_stats=True)
      (conv3): Conv2d(128, 512, kernel_size=(1, 1), stride=(1, 1), bias=False)
      (bn3): BatchNorm2d(512, eps=1e-05, momentum=0.1, affine=True, track_running_stats=True)
      (relu): ReLU(inplace=True)
      (downsample): Sequential(
        (0): Conv2d(256, 512, kernel_size=(1, 1), stride=(2, 2), bias=False)
        (1): BatchNorm2d(512, eps=1e-05, momentum=0.1, affine=True, track_running_stats=True)
      )
    )
    (1): Bottleneck(
      (conv1): Conv2d(512, 128, kernel_size=(1, 1), stride=(1, 1), bias=False)
      (bn1): BatchNorm2d(128, eps=1e-05, momentum=0.1, affine=True, track_running_stats=True)
      (conv2): Conv2d(128, 128, kernel_size=(3, 3), stride=(1, 1), padding=(1, 1), bias=False)
      (bn2): BatchNorm2d(128, eps=1e-05, momentum=0.1, affine=True, track_running_stats=True)
      (conv3): Conv2d(128, 512, kernel_size=(1, 1), stride=(1, 1), bias=False)
      (bn3): BatchNorm2d(512, eps=1e-05, momentum=0.1, affine=True, track_running_stats=True)
      (relu): ReLU(inplace=True)
    )
    (2): Bottleneck(
      (conv1): Conv2d(512, 128, kernel_size=(1, 1), stride=(1, 1), bias=False)
      (bn1): BatchNorm2d(128, eps=1e-05, momentum=0.1, affine=True, track_running_stats=True)
      (conv2): Conv2d(128, 128, kernel_size=(3, 3), stride=(1, 1), padding=(1, 1), bias=False)
      (bn2): BatchNorm2d(128, eps=1e-05, momentum=0.1, affine=True, track_running_stats=True)
      (conv3): Conv2d(128, 512, kernel_size=(1, 1), stride=(1, 1), bias=False)
      (bn3): BatchNorm2d(512, eps=1e-05, momentum=0.1, affine=True, track_running_stats=True)
      (relu): ReLU(inplace=True)
    )
    (3): Bottleneck(
      (conv1): Conv2d(512, 128, kernel_size=(1, 1), stride=(1, 1), bias=False)
      (bn1): BatchNorm2d(128, eps=1e-05, momentum=0.1, affine=True, track_running_stats=True)
      (conv2): Conv2d(128, 128, kernel_size=(3, 3), stride=(1, 1), padding=(1, 1), bias=False)
      (bn2): BatchNorm2d(128, eps=1e-05, momentum=0.1, affine=True, track_running_stats=True)
      (conv3): Conv2d(128, 512, kernel_size=(1, 1), stride=(1, 1), bias=False)
      (bn3): BatchNorm2d(512, eps=1e-05, momentum=0.1, affine=True, track_running_stats=True)
      (relu): ReLU(inplace=True)
    )
  )
  (layer3): Sequential(
    (0): Bottleneck(
      (conv1): Conv2d(512, 256, kernel_size=(1, 1), stride=(1, 1), bias=False)
      (bn1): BatchNorm2d(256, eps=1e-05, momentum=0.1, affine=True, track_running_stats=True)
      (conv2): Conv2d(256, 256, kernel_size=(3, 3), stride=(2, 2), padding=(1, 1), bias=False)
      (bn2): BatchNorm2d(256, eps=1e-05, momentum=0.1, affine=True, track_running_stats=True)
      (conv3): Conv2d(256, 1024, kernel_size=(1, 1), stride=(1, 1), bias=False)
      (bn3): BatchNorm2d(1024, eps=1e-05, momentum=0.1, affine=True, track_running_stats=True)
      (relu): ReLU(inplace=True)
      (downsample): Sequential(
        (0): Conv2d(512, 1024, kernel_size=(1, 1), stride=(2, 2), bias=False)
        (1): BatchNorm2d(1024, eps=1e-05, momentum=0.1, affine=True, track_running_stats=True)
      )
    )
    (1): Bottleneck(
      (conv1): Conv2d(1024, 256, kernel_size=(1, 1), stride=(1, 1), bias=False)
      (bn1): BatchNorm2d(256, eps=1e-05, momentum=0.1, affine=True, track_running_stats=True)
      (conv2): Conv2d(256, 256, kernel_size=(3, 3), stride=(1, 1), padding=(1, 1), bias=False)
      (bn2): BatchNorm2d(256, eps=1e-05, momentum=0.1, affine=True, track_running_stats=True)
      (conv3): Conv2d(256, 1024, kernel_size=(1, 1), stride=(1, 1), bias=False)
      (bn3): BatchNorm2d(1024, eps=1e-05, momentum=0.1, affine=True, track_running_stats=True)
      (relu): ReLU(inplace=True)
    )
    (2): Bottleneck(
      (conv1): Conv2d(1024, 256, kernel_size=(1, 1), stride=(1, 1), bias=False)
      (bn1): BatchNorm2d(256, eps=1e-05, momentum=0.1, affine=True, track_running_stats=True)
      (conv2): Conv2d(256, 256, kernel_size=(3, 3), stride=(1, 1), padding=(1, 1), bias=False)
      (bn2): BatchNorm2d(256, eps=1e-05, momentum=0.1, affine=True, track_running_stats=True)
      (conv3): Conv2d(256, 1024, kernel_size=(1, 1), stride=(1, 1), bias=False)
      (bn3): BatchNorm2d(1024, eps=1e-05, momentum=0.1, affine=True, track_running_stats=True)
      (relu): ReLU(inplace=True)
    )
    (3): Bottleneck(
      (conv1): Conv2d(1024, 256, kernel_size=(1, 1), stride=(1, 1), bias=False)
      (bn1): BatchNorm2d(256, eps=1e-05, momentum=0.1, affine=True, track_running_stats=True)
      (conv2): Conv2d(256, 256, kernel_size=(3, 3), stride=(1, 1), padding=(1, 1), bias=False)
      (bn2): BatchNorm2d(256, eps=1e-05, momentum=0.1, affine=True, track_running_stats=True)
      (conv3): Conv2d(256, 1024, kernel_size=(1, 1), stride=(1, 1), bias=False)
      (bn3): BatchNorm2d(1024, eps=1e-05, momentum=0.1, affine=True, track_running_stats=True)
      (relu): ReLU(inplace=True)
    )
    (4): Bottleneck(
      (conv1): Conv2d(1024, 256, kernel_size=(1, 1), stride=(1, 1), bias=False)
      (bn1): BatchNorm2d(256, eps=1e-05, momentum=0.1, affine=True, track_running_stats=True)
      (conv2): Conv2d(256, 256, kernel_size=(3, 3), stride=(1, 1), padding=(1, 1), bias=False)
      (bn2): BatchNorm2d(256, eps=1e-05, momentum=0.1, affine=True, track_running_stats=True)
      (conv3): Conv2d(256, 1024, kernel_size=(1, 1), stride=(1, 1), bias=False)
      (bn3): BatchNorm2d(1024, eps=1e-05, momentum=0.1, affine=True, track_running_stats=True)
      (relu): ReLU(inplace=True)
    )
    (5): Bottleneck(
      (conv1): Conv2d(1024, 256, kernel_size=(1, 1), stride=(1, 1), bias=False)
      (bn1): BatchNorm2d(256, eps=1e-05, momentum=0.1, affine=True, track_running_stats=True)
      (conv2): Conv2d(256, 256, kernel_size=(3, 3), stride=(1, 1), padding=(1, 1), bias=False)
      (bn2): BatchNorm2d(256, eps=1e-05, momentum=0.1, affine=True, track_running_stats=True)
      (conv3): Conv2d(256, 1024, kernel_size=(1, 1), stride=(1, 1), bias=False)
      (bn3): BatchNorm2d(1024, eps=1e-05, momentum=0.1, affine=True, track_running_stats=True)
      (relu): ReLU(inplace=True)
    )
    (6): Bottleneck(
      (conv1): Conv2d(1024, 256, kernel_size=(1, 1), stride=(1, 1), bias=False)
      (bn1): BatchNorm2d(256, eps=1e-05, momentum=0.1, affine=True, track_running_stats=True)
      (conv2): Conv2d(256, 256, kernel_size=(3, 3), stride=(1, 1), padding=(1, 1), bias=False)
      (bn2): BatchNorm2d(256, eps=1e-05, momentum=0.1, affine=True, track_running_stats=True)
      (conv3): Conv2d(256, 1024, kernel_size=(1, 1), stride=(1, 1), bias=False)
      (bn3): BatchNorm2d(1024, eps=1e-05, momentum=0.1, affine=True, track_running_stats=True)
      (relu): ReLU(inplace=True)
    )
    (7): Bottleneck(
      (conv1): Conv2d(1024, 256, kernel_size=(1, 1), stride=(1, 1), bias=False)
      (bn1): BatchNorm2d(256, eps=1e-05, momentum=0.1, affine=True, track_running_stats=True)
      (conv2): Conv2d(256, 256, kernel_size=(3, 3), stride=(1, 1), padding=(1, 1), bias=False)
      (bn2): BatchNorm2d(256, eps=1e-05, momentum=0.1, affine=True, track_running_stats=True)
      (conv3): Conv2d(256, 1024, kernel_size=(1, 1), stride=(1, 1), bias=False)
      (bn3): BatchNorm2d(1024, eps=1e-05, momentum=0.1, affine=True, track_running_stats=True)
      (relu): ReLU(inplace=True)
    )
    (8): Bottleneck(
      (conv1): Conv2d(1024, 256, kernel_size=(1, 1), stride=(1, 1), bias=False)
      (bn1): BatchNorm2d(256, eps=1e-05, momentum=0.1, affine=True, track_running_stats=True)
      (conv2): Conv2d(256, 256, kernel_size=(3, 3), stride=(1, 1), padding=(1, 1), bias=False)
      (bn2): BatchNorm2d(256, eps=1e-05, momentum=0.1, affine=True, track_running_stats=True)
      (conv3): Conv2d(256, 1024, kernel_size=(1, 1), stride=(1, 1), bias=False)
      (bn3): BatchNorm2d(1024, eps=1e-05, momentum=0.1, affine=True, track_running_stats=True)
      (relu): ReLU(inplace=True)
    )
    (9): Bottleneck(
      (conv1): Conv2d(1024, 256, kernel_size=(1, 1), stride=(1, 1), bias=False)
      (bn1): BatchNorm2d(256, eps=1e-05, momentum=0.1, affine=True, track_running_stats=True)
      (conv2): Conv2d(256, 256, kernel_size=(3, 3), stride=(1, 1), padding=(1, 1), bias=False)
      (bn2): BatchNorm2d(256, eps=1e-05, momentum=0.1, affine=True, track_running_stats=True)
      (conv3): Conv2d(256, 1024, kernel_size=(1, 1), stride=(1, 1), bias=False)
      (bn3): BatchNorm2d(1024, eps=1e-05, momentum=0.1, affine=True, track_running_stats=True)
      (relu): ReLU(inplace=True)
    )
    (10): Bottleneck(
      (conv1): Conv2d(1024, 256, kernel_size=(1, 1), stride=(1, 1), bias=False)
      (bn1): BatchNorm2d(256, eps=1e-05, momentum=0.1, affine=True, track_running_stats=True)
      (conv2): Conv2d(256, 256, kernel_size=(3, 3), stride=(1, 1), padding=(1, 1), bias=False)
      (bn2): BatchNorm2d(256, eps=1e-05, momentum=0.1, affine=True, track_running_stats=True)
      (conv3): Conv2d(256, 1024, kernel_size=(1, 1), stride=(1, 1), bias=False)
      (bn3): BatchNorm2d(1024, eps=1e-05, momentum=0.1, affine=True, track_running_stats=True)
      (relu): ReLU(inplace=True)
    )
    (11): Bottleneck(
      (conv1): Conv2d(1024, 256, kernel_size=(1, 1), stride=(1, 1), bias=False)
      (bn1): BatchNorm2d(256, eps=1e-05, momentum=0.1, affine=True, track_running_stats=True)
      (conv2): Conv2d(256, 256, kernel_size=(3, 3), stride=(1, 1), padding=(1, 1), bias=False)
      (bn2): BatchNorm2d(256, eps=1e-05, momentum=0.1, affine=True, track_running_stats=True)
      (conv3): Conv2d(256, 1024, kernel_size=(1, 1), stride=(1, 1), bias=False)
      (bn3): BatchNorm2d(1024, eps=1e-05, momentum=0.1, affine=True, track_running_stats=True)
      (relu): ReLU(inplace=True)
    )
    (12): Bottleneck(
      (conv1): Conv2d(1024, 256, kernel_size=(1, 1), stride=(1, 1), bias=False)
      (bn1): BatchNorm2d(256, eps=1e-05, momentum=0.1, affine=True, track_running_stats=True)
      (conv2): Conv2d(256, 256, kernel_size=(3, 3), stride=(1, 1), padding=(1, 1), bias=False)
      (bn2): BatchNorm2d(256, eps=1e-05, momentum=0.1, affine=True, track_running_stats=True)
      (conv3): Conv2d(256, 1024, kernel_size=(1, 1), stride=(1, 1), bias=False)
      (bn3): BatchNorm2d(1024, eps=1e-05, momentum=0.1, affine=True, track_running_stats=True)
      (relu): ReLU(inplace=True)
    )
    (13): Bottleneck(
      (conv1): Conv2d(1024, 256, kernel_size=(1, 1), stride=(1, 1), bias=False)
      (bn1): BatchNorm2d(256, eps=1e-05, momentum=0.1, affine=True, track_running_stats=True)
      (conv2): Conv2d(256, 256, kernel_size=(3, 3), stride=(1, 1), padding=(1, 1), bias=False)
      (bn2): BatchNorm2d(256, eps=1e-05, momentum=0.1, affine=True, track_running_stats=True)
      (conv3): Conv2d(256, 1024, kernel_size=(1, 1), stride=(1, 1), bias=False)
      (bn3): BatchNorm2d(1024, eps=1e-05, momentum=0.1, affine=True, track_running_stats=True)
      (relu): ReLU(inplace=True)
    )
    (14): Bottleneck(
      (conv1): Conv2d(1024, 256, kernel_size=(1, 1), stride=(1, 1), bias=False)
      (bn1): BatchNorm2d(256, eps=1e-05, momentum=0.1, affine=True, track_running_stats=True)
      (conv2): Conv2d(256, 256, kernel_size=(3, 3), stride=(1, 1), padding=(1, 1), bias=False)
      (bn2): BatchNorm2d(256, eps=1e-05, momentum=0.1, affine=True, track_running_stats=True)
      (conv3): Conv2d(256, 1024, kernel_size=(1, 1), stride=(1, 1), bias=False)
      (bn3): BatchNorm2d(1024, eps=1e-05, momentum=0.1, affine=True, track_running_stats=True)
      (relu): ReLU(inplace=True)
    )
    (15): Bottleneck(
      (conv1): Conv2d(1024, 256, kernel_size=(1, 1), stride=(1, 1), bias=False)
      (bn1): BatchNorm2d(256, eps=1e-05, momentum=0.1, affine=True, track_running_stats=True)
      (conv2): Conv2d(256, 256, kernel_size=(3, 3), stride=(1, 1), padding=(1, 1), bias=False)
      (bn2): BatchNorm2d(256, eps=1e-05, momentum=0.1, affine=True, track_running_stats=True)
      (conv3): Conv2d(256, 1024, kernel_size=(1, 1), stride=(1, 1), bias=False)
      (bn3): BatchNorm2d(1024, eps=1e-05, momentum=0.1, affine=True, track_running_stats=True)
      (relu): ReLU(inplace=True)
    )
    (16): Bottleneck(
      (conv1): Conv2d(1024, 256, kernel_size=(1, 1), stride=(1, 1), bias=False)
      (bn1): BatchNorm2d(256, eps=1e-05, momentum=0.1, affine=True, track_running_stats=True)
      (conv2): Conv2d(256, 256, kernel_size=(3, 3), stride=(1, 1), padding=(1, 1), bias=False)
      (bn2): BatchNorm2d(256, eps=1e-05, momentum=0.1, affine=True, track_running_stats=True)
      (conv3): Conv2d(256, 1024, kernel_size=(1, 1), stride=(1, 1), bias=False)
      (bn3): BatchNorm2d(1024, eps=1e-05, momentum=0.1, affine=True, track_running_stats=True)
      (relu): ReLU(inplace=True)
    )
    (17): Bottleneck(
      (conv1): Conv2d(1024, 256, kernel_size=(1, 1), stride=(1, 1), bias=False)
      (bn1): BatchNorm2d(256, eps=1e-05, momentum=0.1, affine=True, track_running_stats=True)
      (conv2): Conv2d(256, 256, kernel_size=(3, 3), stride=(1, 1), padding=(1, 1), bias=False)
      (bn2): BatchNorm2d(256, eps=1e-05, momentum=0.1, affine=True, track_running_stats=True)
      (conv3): Conv2d(256, 1024, kernel_size=(1, 1), stride=(1, 1), bias=False)
      (bn3): BatchNorm2d(1024, eps=1e-05, momentum=0.1, affine=True, track_running_stats=True)
      (relu): ReLU(inplace=True)
    )
    (18): Bottleneck(
      (conv1): Conv2d(1024, 256, kernel_size=(1, 1), stride=(1, 1), bias=False)
      (bn1): BatchNorm2d(256, eps=1e-05, momentum=0.1, affine=True, track_running_stats=True)
      (conv2): Conv2d(256, 256, kernel_size=(3, 3), stride=(1, 1), padding=(1, 1), bias=False)
      (bn2): BatchNorm2d(256, eps=1e-05, momentum=0.1, affine=True, track_running_stats=True)
      (conv3): Conv2d(256, 1024, kernel_size=(1, 1), stride=(1, 1), bias=False)
      (bn3): BatchNorm2d(1024, eps=1e-05, momentum=0.1, affine=True, track_running_stats=True)
      (relu): ReLU(inplace=True)
    )
    (19): Bottleneck(
      (conv1): Conv2d(1024, 256, kernel_size=(1, 1), stride=(1, 1), bias=False)
      (bn1): BatchNorm2d(256, eps=1e-05, momentum=0.1, affine=True, track_running_stats=True)
      (conv2): Conv2d(256, 256, kernel_size=(3, 3), stride=(1, 1), padding=(1, 1), bias=False)
      (bn2): BatchNorm2d(256, eps=1e-05, momentum=0.1, affine=True, track_running_stats=True)
      (conv3): Conv2d(256, 1024, kernel_size=(1, 1), stride=(1, 1), bias=False)
      (bn3): BatchNorm2d(1024, eps=1e-05, momentum=0.1, affine=True, track_running_stats=True)
      (relu): ReLU(inplace=True)
    )
    (20): Bottleneck(
      (conv1): Conv2d(1024, 256, kernel_size=(1, 1), stride=(1, 1), bias=False)
      (bn1): BatchNorm2d(256, eps=1e-05, momentum=0.1, affine=True, track_running_stats=True)
      (conv2): Conv2d(256, 256, kernel_size=(3, 3), stride=(1, 1), padding=(1, 1), bias=False)
      (bn2): BatchNorm2d(256, eps=1e-05, momentum=0.1, affine=True, track_running_stats=True)
      (conv3): Conv2d(256, 1024, kernel_size=(1, 1), stride=(1, 1), bias=False)
      (bn3): BatchNorm2d(1024, eps=1e-05, momentum=0.1, affine=True, track_running_stats=True)
      (relu): ReLU(inplace=True)
    )
    (21): Bottleneck(
      (conv1): Conv2d(1024, 256, kernel_size=(1, 1), stride=(1, 1), bias=False)
      (bn1): BatchNorm2d(256, eps=1e-05, momentum=0.1, affine=True, track_running_stats=True)
      (conv2): Conv2d(256, 256, kernel_size=(3, 3), stride=(1, 1), padding=(1, 1), bias=False)
      (bn2): BatchNorm2d(256, eps=1e-05, momentum=0.1, affine=True, track_running_stats=True)
      (conv3): Conv2d(256, 1024, kernel_size=(1, 1), stride=(1, 1), bias=False)
      (bn3): BatchNorm2d(1024, eps=1e-05, momentum=0.1, affine=True, track_running_stats=True)
      (relu): ReLU(inplace=True)
    )
    (22): Bottleneck(
      (conv1): Conv2d(1024, 256, kernel_size=(1, 1), stride=(1, 1), bias=False)
      (bn1): BatchNorm2d(256, eps=1e-05, momentum=0.1, affine=True, track_running_stats=True)
      (conv2): Conv2d(256, 256, kernel_size=(3, 3), stride=(1, 1), padding=(1, 1), bias=False)
      (bn2): BatchNorm2d(256, eps=1e-05, momentum=0.1, affine=True, track_running_stats=True)
      (conv3): Conv2d(256, 1024, kernel_size=(1, 1), stride=(1, 1), bias=False)
      (bn3): BatchNorm2d(1024, eps=1e-05, momentum=0.1, affine=True, track_running_stats=True)
      (relu): ReLU(inplace=True)
    )
  )
  (layer4): Sequential(
    (0): Bottleneck(
      (conv1): Conv2d(1024, 512, kernel_size=(1, 1), stride=(1, 1), bias=False)
      (bn1): BatchNorm2d(512, eps=1e-05, momentum=0.1, affine=True, track_running_stats=True)
      (conv2): Conv2d(512, 512, kernel_size=(3, 3), stride=(2, 2), padding=(1, 1), bias=False)
      (bn2): BatchNorm2d(512, eps=1e-05, momentum=0.1, affine=True, track_running_stats=True)
      (conv3): Conv2d(512, 2048, kernel_size=(1, 1), stride=(1, 1), bias=False)
      (bn3): BatchNorm2d(2048, eps=1e-05, momentum=0.1, affine=True, track_running_stats=True)
      (relu): ReLU(inplace=True)
      (downsample): Sequential(
        (0): Conv2d(1024, 2048, kernel_size=(1, 1), stride=(2, 2), bias=False)
        (1): BatchNorm2d(2048, eps=1e-05, momentum=0.1, affine=True, track_running_stats=True)
      )
    )
    (1): Bottleneck(
      (conv1): Conv2d(2048, 512, kernel_size=(1, 1), stride=(1, 1), bias=False)
      (bn1): BatchNorm2d(512, eps=1e-05, momentum=0.1, affine=True, track_running_stats=True)
      (conv2): Conv2d(512, 512, kernel_size=(3, 3), stride=(1, 1), padding=(1, 1), bias=False)
      (bn2): BatchNorm2d(512, eps=1e-05, momentum=0.1, affine=True, track_running_stats=True)
      (conv3): Conv2d(512, 2048, kernel_size=(1, 1), stride=(1, 1), bias=False)
      (bn3): BatchNorm2d(2048, eps=1e-05, momentum=0.1, affine=True, track_running_stats=True)
      (relu): ReLU(inplace=True)
    )
    (2): Bottleneck(
      (conv1): Conv2d(2048, 512, kernel_size=(1, 1), stride=(1, 1), bias=False)
      (bn1): BatchNorm2d(512, eps=1e-05, momentum=0.1, affine=True, track_running_stats=True)
      (conv2): Conv2d(512, 512, kernel_size=(3, 3), stride=(1, 1), padding=(1, 1), bias=False)
      (bn2): BatchNorm2d(512, eps=1e-05, momentum=0.1, affine=True, track_running_stats=True)
      (conv3): Conv2d(512, 2048, kernel_size=(1, 1), stride=(1, 1), bias=False)
      (bn3): BatchNorm2d(2048, eps=1e-05, momentum=0.1, affine=True, track_running_stats=True)
      (relu): ReLU(inplace=True)
    )
  )
  (avgpool): AdaptiveAvgPool2d(output_size=(1, 1))
  (fc): Linear(in_features=2048, out_features=7, bias=True)
)

batch_size = 20
epochs = 64
loss_function = CrossEntropyLoss()
optimizer = Adadelta (
Parameter Group 0
    eps: 1e-06
    lr: 0.001
    rho: 0.9
    weight_decay: 0
)
