dataset_path: /home/djy/dataset/dataset2
pretrained : False 
parallel: False

msg: alexnet
using model: AlexNet, alexnet
using device cuda:0
batch_size = 20
epochs = 64
loss_function = CrossEntropyLoss()
optimizer = Adam (
Parameter Group 0
    amsgrad: False
    betas: (0.9, 0.999)
    eps: 1e-08
    lr: 0.0001
    weight_decay: 0
)


========== Train Epoch 1 ==========
Loss: 1.918	Accuracy: 21.08%	Cost 38s
              precision    recall  f1-score   support

         bzx     0.0000    0.0000    0.0000        31
         cwx     0.0000    0.0000    0.0000        22
         hdx     0.0000    0.0000    0.0000        17
         mtx     0.0000    0.0000    0.0000        19
         nqx     0.0000    0.0000    0.0000        12
         qtx     0.0000    0.0000    0.0000        45
         zxx     0.2108    1.0000    0.3482        39

    accuracy                         0.2108       185
   macro avg     0.0301    0.1429    0.0497       185
weighted avg     0.0444    0.2108    0.0734       185

micro f-score: 0.21081081081081082

========== Train Epoch 2 ==========
/home/djy/anaconda3/envs/pytorch/lib/python3.7/site-packages/sklearn/metrics/_classification.py:1308: UndefinedMetricWarning: Precision and F-score are ill-defined and being set to 0.0 in labels with no predicted samples. Use `zero_division` parameter to control this behavior.
  _warn_prf(average, modifier, msg_start, len(result))
/home/djy/anaconda3/envs/pytorch/lib/python3.7/site-packages/sklearn/metrics/_classification.py:1308: UndefinedMetricWarning: Precision and F-score are ill-defined and being set to 0.0 in labels with no predicted samples. Use `zero_division` parameter to control this behavior.
  _warn_prf(average, modifier, msg_start, len(result))
/home/djy/anaconda3/envs/pytorch/lib/python3.7/site-packages/sklearn/metrics/_classification.py:1308: UndefinedMetricWarning: Precision and F-score are ill-defined and being set to 0.0 in labels with no predicted samples. Use `zero_division` parameter to control this behavior.
  _warn_prf(average, modifier, msg_start, len(result))
Loss: 1.903	Accuracy: 21.08%	Cost 43s
              precision    recall  f1-score   support

         bzx     0.0000    0.0000    0.0000        31
         cwx     0.0000    0.0000    0.0000        22
         hdx     0.0000    0.0000    0.0000        17
         mtx     0.0000    0.0000    0.0000        19
         nqx     0.0000    0.0000    0.0000        12
         qtx     0.0000    0.0000    0.0000        45
         zxx     0.2108    1.0000    0.3482        39

    accuracy                         0.2108       185
   macro avg     0.0301    0.1429    0.0497       185
weighted avg     0.0444    0.2108    0.0734       185

micro f-score: 0.21081081081081082

========== Train Epoch 3 ==========
/home/djy/anaconda3/envs/pytorch/lib/python3.7/site-packages/sklearn/metrics/_classification.py:1308: UndefinedMetricWarning: Precision and F-score are ill-defined and being set to 0.0 in labels with no predicted samples. Use `zero_division` parameter to control this behavior.
  _warn_prf(average, modifier, msg_start, len(result))
/home/djy/anaconda3/envs/pytorch/lib/python3.7/site-packages/sklearn/metrics/_classification.py:1308: UndefinedMetricWarning: Precision and F-score are ill-defined and being set to 0.0 in labels with no predicted samples. Use `zero_division` parameter to control this behavior.
  _warn_prf(average, modifier, msg_start, len(result))
/home/djy/anaconda3/envs/pytorch/lib/python3.7/site-packages/sklearn/metrics/_classification.py:1308: UndefinedMetricWarning: Precision and F-score are ill-defined and being set to 0.0 in labels with no predicted samples. Use `zero_division` parameter to control this behavior.
  _warn_prf(average, modifier, msg_start, len(result))
Loss: 1.849	Accuracy: 23.78%	Cost 44s
              precision    recall  f1-score   support

         bzx     0.2000    0.0645    0.0976        31
         cwx     0.0000    0.0000    0.0000        22
         hdx     0.0000    0.0000    0.0000        17
         mtx     0.1111    0.0526    0.0714        19
         nqx     0.2500    0.3333    0.2857        12
         qtx     0.2308    0.1333    0.1690        45
         zxx     0.2541    0.7949    0.3851        39

    accuracy                         0.2378       185
   macro avg     0.1494    0.1970    0.1441       185
weighted avg     0.1708    0.2378    0.1645       185

micro f-score: 0.23783783783783785

========== Train Epoch 4 ==========
/home/djy/anaconda3/envs/pytorch/lib/python3.7/site-packages/sklearn/metrics/_classification.py:1308: UndefinedMetricWarning: Precision and F-score are ill-defined and being set to 0.0 in labels with no predicted samples. Use `zero_division` parameter to control this behavior.
  _warn_prf(average, modifier, msg_start, len(result))
/home/djy/anaconda3/envs/pytorch/lib/python3.7/site-packages/sklearn/metrics/_classification.py:1308: UndefinedMetricWarning: Precision and F-score are ill-defined and being set to 0.0 in labels with no predicted samples. Use `zero_division` parameter to control this behavior.
  _warn_prf(average, modifier, msg_start, len(result))
/home/djy/anaconda3/envs/pytorch/lib/python3.7/site-packages/sklearn/metrics/_classification.py:1308: UndefinedMetricWarning: Precision and F-score are ill-defined and being set to 0.0 in labels with no predicted samples. Use `zero_division` parameter to control this behavior.
  _warn_prf(average, modifier, msg_start, len(result))
Loss: 1.775	Accuracy: 24.32%	Cost 43s
              precision    recall  f1-score   support

         bzx     0.0000    0.0000    0.0000        31
         cwx     0.1532    0.7727    0.2556        22
         hdx     0.0000    0.0000    0.0000        17
         mtx     0.0000    0.0000    0.0000        19
         nqx     0.0000    0.0000    0.0000        12
         qtx     0.4000    0.0444    0.0800        45
         zxx     0.3768    0.6667    0.4815        39

    accuracy                         0.2432       185
   macro avg     0.1329    0.2120    0.1167       185
weighted avg     0.1949    0.2432    0.1514       185

micro f-score: 0.24324324324324326

========== Train Epoch 5 ==========
/home/djy/anaconda3/envs/pytorch/lib/python3.7/site-packages/sklearn/metrics/_classification.py:1308: UndefinedMetricWarning: Precision and F-score are ill-defined and being set to 0.0 in labels with no predicted samples. Use `zero_division` parameter to control this behavior.
  _warn_prf(average, modifier, msg_start, len(result))
/home/djy/anaconda3/envs/pytorch/lib/python3.7/site-packages/sklearn/metrics/_classification.py:1308: UndefinedMetricWarning: Precision and F-score are ill-defined and being set to 0.0 in labels with no predicted samples. Use `zero_division` parameter to control this behavior.
  _warn_prf(average, modifier, msg_start, len(result))
/home/djy/anaconda3/envs/pytorch/lib/python3.7/site-packages/sklearn/metrics/_classification.py:1308: UndefinedMetricWarning: Precision and F-score are ill-defined and being set to 0.0 in labels with no predicted samples. Use `zero_division` parameter to control this behavior.
  _warn_prf(average, modifier, msg_start, len(result))
Loss: 1.750	Accuracy: 28.65%	Cost 44s
              precision    recall  f1-score   support

         bzx     0.2222    0.2581    0.2388        31
         cwx     0.1837    0.4091    0.2535        22
         hdx     0.0000    0.0000    0.0000        17
         mtx     0.0000    0.0000    0.0000        19
         nqx     0.5000    0.1667    0.2500        12
         qtx     0.7500    0.0667    0.1224        45
         zxx     0.3370    0.7949    0.4733        39

    accuracy                         0.2865       185
   macro avg     0.2847    0.2422    0.1912       185
weighted avg     0.3450    0.2865    0.2159       185

micro f-score: 0.2864864864864865

========== Train Epoch 6 ==========
/home/djy/anaconda3/envs/pytorch/lib/python3.7/site-packages/sklearn/metrics/_classification.py:1308: UndefinedMetricWarning: Precision and F-score are ill-defined and being set to 0.0 in labels with no predicted samples. Use `zero_division` parameter to control this behavior.
  _warn_prf(average, modifier, msg_start, len(result))
/home/djy/anaconda3/envs/pytorch/lib/python3.7/site-packages/sklearn/metrics/_classification.py:1308: UndefinedMetricWarning: Precision and F-score are ill-defined and being set to 0.0 in labels with no predicted samples. Use `zero_division` parameter to control this behavior.
  _warn_prf(average, modifier, msg_start, len(result))
/home/djy/anaconda3/envs/pytorch/lib/python3.7/site-packages/sklearn/metrics/_classification.py:1308: UndefinedMetricWarning: Precision and F-score are ill-defined and being set to 0.0 in labels with no predicted samples. Use `zero_division` parameter to control this behavior.
  _warn_prf(average, modifier, msg_start, len(result))
Loss: 1.651	Accuracy: 37.84%	Cost 45s
              precision    recall  f1-score   support

         bzx     0.2222    0.0645    0.1000        31
         cwx     0.1250    0.0455    0.0667        22
         hdx     0.0000    0.0000    0.0000        17
         mtx     0.0000    0.0000    0.0000        19
         nqx     0.2051    0.6667    0.3137        12
         qtx     0.4478    0.6667    0.5357        45
         zxx     0.4833    0.7436    0.5859        39

    accuracy                         0.3784       185
   macro avg     0.2119    0.3124    0.2289       185
weighted avg     0.2762    0.3784    0.2988       185

micro f-score: 0.37837837837837834

========== Train Epoch 7 ==========
/home/djy/anaconda3/envs/pytorch/lib/python3.7/site-packages/sklearn/metrics/_classification.py:1308: UndefinedMetricWarning: Precision and F-score are ill-defined and being set to 0.0 in labels with no predicted samples. Use `zero_division` parameter to control this behavior.
  _warn_prf(average, modifier, msg_start, len(result))
/home/djy/anaconda3/envs/pytorch/lib/python3.7/site-packages/sklearn/metrics/_classification.py:1308: UndefinedMetricWarning: Precision and F-score are ill-defined and being set to 0.0 in labels with no predicted samples. Use `zero_division` parameter to control this behavior.
  _warn_prf(average, modifier, msg_start, len(result))
/home/djy/anaconda3/envs/pytorch/lib/python3.7/site-packages/sklearn/metrics/_classification.py:1308: UndefinedMetricWarning: Precision and F-score are ill-defined and being set to 0.0 in labels with no predicted samples. Use `zero_division` parameter to control this behavior.
  _warn_prf(average, modifier, msg_start, len(result))
Loss: 1.580	Accuracy: 31.35%	Cost 45s
              precision    recall  f1-score   support

         bzx     0.4444    0.1290    0.2000        31
         cwx     0.1500    0.2727    0.1935        22
         hdx     0.0000    0.0000    0.0000        17
         mtx     0.0000    0.0000    0.0000        19
         nqx     0.1304    0.7500    0.2222        12
         qtx     0.5429    0.4222    0.4750        45
         zxx     0.6452    0.5128    0.5714        39

    accuracy                         0.3135       185
   macro avg     0.2733    0.2981    0.2375       185
weighted avg     0.3688    0.3135    0.3069       185

micro f-score: 0.31351351351351353

========== Train Epoch 8 ==========
/home/djy/anaconda3/envs/pytorch/lib/python3.7/site-packages/sklearn/metrics/_classification.py:1308: UndefinedMetricWarning: Precision and F-score are ill-defined and being set to 0.0 in labels with no predicted samples. Use `zero_division` parameter to control this behavior.
  _warn_prf(average, modifier, msg_start, len(result))
/home/djy/anaconda3/envs/pytorch/lib/python3.7/site-packages/sklearn/metrics/_classification.py:1308: UndefinedMetricWarning: Precision and F-score are ill-defined and being set to 0.0 in labels with no predicted samples. Use `zero_division` parameter to control this behavior.
  _warn_prf(average, modifier, msg_start, len(result))
/home/djy/anaconda3/envs/pytorch/lib/python3.7/site-packages/sklearn/metrics/_classification.py:1308: UndefinedMetricWarning: Precision and F-score are ill-defined and being set to 0.0 in labels with no predicted samples. Use `zero_division` parameter to control this behavior.
  _warn_prf(average, modifier, msg_start, len(result))
Loss: 1.557	Accuracy: 41.62%	Cost 45s
              precision    recall  f1-score   support

         bzx     0.3137    0.5161    0.3902        31
         cwx     0.1304    0.1364    0.1333        22
         hdx     0.4000    0.1176    0.1818        17
         mtx     0.0000    0.0000    0.0000        19
         nqx     0.3600    0.7500    0.4865        12
         qtx     0.5435    0.5556    0.5495        45
         zxx     0.6667    0.5641    0.6111        39

    accuracy                         0.4162       185
   macro avg     0.3449    0.3771    0.3361       185
weighted avg     0.4009    0.4162    0.3920       185

micro f-score: 0.41621621621621624

========== Train Epoch 9 ==========
Loss: 1.435	Accuracy: 38.38%	Cost 46s
              precision    recall  f1-score   support

         bzx     0.6000    0.0968    0.1667        31
         cwx     0.1364    0.1364    0.1364        22
         hdx     0.1522    0.4118    0.2222        17
         mtx     0.3333    0.1053    0.1600        19
         nqx     0.7500    0.2500    0.3750        12
         qtx     0.5319    0.5556    0.5435        45
         zxx     0.5091    0.7179    0.5957        39

    accuracy                         0.3838       185
   macro avg     0.4304    0.3248    0.3142       185
weighted avg     0.4503    0.3838    0.3631       185

micro f-score: 0.3837837837837838

========== Train Epoch 10 ==========
Loss: 1.340	Accuracy: 47.03%	Cost 48s
              precision    recall  f1-score   support

         bzx     0.3208    0.5484    0.4048        31
         cwx     0.2800    0.3182    0.2979        22
         hdx     0.3750    0.1765    0.2400        17
         mtx     0.1765    0.1579    0.1667        19
         nqx     0.6667    0.6667    0.6667        12
         qtx     0.7857    0.4889    0.6027        45
         zxx     0.6429    0.6923    0.6667        39

    accuracy                         0.4703       185
   macro avg     0.4639    0.4355    0.4351       185
weighted avg     0.5095    0.4703    0.4728       185

micro f-score: 0.4702702702702703

========== Train Epoch 11 ==========
Loss: 1.215	Accuracy: 45.41%	Cost 45s
              precision    recall  f1-score   support

         bzx     0.3704    0.3226    0.3448        31
         cwx     0.2250    0.4091    0.2903        22
         hdx     0.3750    0.1765    0.2400        17
         mtx     0.5000    0.0526    0.0952        19
         nqx     0.3143    0.9167    0.4681        12
         qtx     0.6389    0.5111    0.5679        45
         zxx     0.7297    0.6923    0.7105        39

    accuracy                         0.4541       185
   macro avg     0.4505    0.4401    0.3881       185
weighted avg     0.5043    0.4541    0.4424       185

micro f-score: 0.4540540540540541

========== Train Epoch 12 ==========
Loss: 1.114	Accuracy: 49.73%	Cost 46s
              precision    recall  f1-score   support

         bzx     0.3750    0.4839    0.4225        31
         cwx     0.5455    0.2727    0.3636        22
         hdx     0.5714    0.2353    0.3333        17
         mtx     0.4286    0.1579    0.2308        19
         nqx     0.2821    0.9167    0.4314        12
         qtx     0.6857    0.5333    0.6000        45
         zxx     0.6304    0.7436    0.6824        39

    accuracy                         0.4973       185
   macro avg     0.5027    0.4776    0.4377       185
weighted avg     0.5422    0.4973    0.4862       185

micro f-score: 0.4972972972972973

========== Train Epoch 13 ==========
Loss: 0.978	Accuracy: 54.59%	Cost 47s
              precision    recall  f1-score   support

         bzx     0.4737    0.5806    0.5217        31
         cwx     0.4286    0.2727    0.3333        22
         hdx     0.4375    0.4118    0.4242        17
         mtx     0.4167    0.2632    0.3226        19
         nqx     0.4444    0.6667    0.5333        12
         qtx     0.5652    0.5778    0.5714        45
         zxx     0.7561    0.7949    0.7750        39

    accuracy                         0.5459       185
   macro avg     0.5032    0.5097    0.4974       185
weighted avg     0.5390    0.5459    0.5361       185

micro f-score: 0.5459459459459459

========== Train Epoch 14 ==========
Loss: 0.848	Accuracy: 48.65%	Cost 43s
              precision    recall  f1-score   support

         bzx     0.4000    0.3871    0.3934        31
         cwx     0.4615    0.2727    0.3429        22
         hdx     0.5385    0.4118    0.4667        17
         mtx     0.1842    0.3684    0.2456        19
         nqx     0.6667    0.3333    0.4444        12
         qtx     0.5849    0.6889    0.6327        45
         zxx     0.7188    0.5897    0.6479        39

    accuracy                         0.4865       185
   macro avg     0.5078    0.4360    0.4534       185
weighted avg     0.5273    0.4865    0.4941       185

micro f-score: 0.4864864864864865

========== Train Epoch 15 ==========
Loss: 0.775	Accuracy: 40.54%	Cost 45s
              precision    recall  f1-score   support

         bzx     0.3148    0.5484    0.4000        31
         cwx     0.1667    0.1364    0.1500        22
         hdx     0.3333    0.1765    0.2308        17
         mtx     0.3000    0.3158    0.3077        19
         nqx     0.4167    0.8333    0.5556        12
         qtx     1.0000    0.1778    0.3019        45
         zxx     0.5385    0.7179    0.6154        39

    accuracy                         0.4054       185
   macro avg     0.4386    0.4152    0.3659       185
weighted avg     0.5178    0.4054    0.3769       185

micro f-score: 0.40540540540540543

========== Train Epoch 16 ==========
Loss: 0.739	Accuracy: 50.81%	Cost 46s
              precision    recall  f1-score   support

         bzx     0.5172    0.4839    0.5000        31
         cwx     0.3810    0.3636    0.3721        22
         hdx     0.4000    0.4706    0.4324        17
         mtx     0.2500    0.1053    0.1481        19
         nqx     0.4348    0.8333    0.5714        12
         qtx     0.5000    0.6444    0.5631        45
         zxx     0.8462    0.5641    0.6769        39

    accuracy                         0.5081       185
   macro avg     0.4756    0.4950    0.4663       185
weighted avg     0.5226    0.5081    0.4997       185

micro f-score: 0.5081081081081081

========== Train Epoch 17 ==========
Loss: 0.570	Accuracy: 49.73%	Cost 47s
              precision    recall  f1-score   support

         bzx     0.3288    0.7742    0.4615        31
         cwx     0.4167    0.4545    0.4348        22
         hdx     0.5000    0.0588    0.1053        17
         mtx     0.2000    0.0526    0.0833        19
         nqx     0.6000    0.5000    0.5455        12
         qtx     0.7879    0.5778    0.6667        45
         zxx     0.6316    0.6154    0.6234        39

    accuracy                         0.4973       185
   macro avg     0.4950    0.4333    0.4172       185
weighted avg     0.5348    0.4973    0.4762       185

micro f-score: 0.4972972972972973

========== Train Epoch 18 ==========
Loss: 0.484	Accuracy: 51.35%	Cost 45s
              precision    recall  f1-score   support

         bzx     0.4062    0.4194    0.4127        31
         cwx     0.3125    0.4545    0.3704        22
         hdx     0.2857    0.3529    0.3158        17
         mtx     0.3077    0.4211    0.3556        19
         nqx     0.5833    0.5833    0.5833        12
         qtx     0.8125    0.5778    0.6753        45
         zxx     0.8333    0.6410    0.7246        39

    accuracy                         0.5135       185
   macro avg     0.5059    0.4929    0.4911       185
weighted avg     0.5742    0.5135    0.5336       185

micro f-score: 0.5135135135135135

========== Train Epoch 19 ==========
Loss: 0.379	Accuracy: 57.30%	Cost 43s
              precision    recall  f1-score   support

         bzx     0.4815    0.4194    0.4483        31
         cwx     0.6000    0.4091    0.4865        22
         hdx     0.3438    0.6471    0.4490        17
         mtx     0.3478    0.4211    0.3810        19
         nqx     0.6000    0.7500    0.6667        12
         qtx     0.7297    0.6000    0.6585        45
         zxx     0.8056    0.7436    0.7733        39

    accuracy                         0.5730       185
   macro avg     0.5583    0.5700    0.5519       185
weighted avg     0.6056    0.5730    0.5798       185

micro f-score: 0.572972972972973

========== Train Epoch 20 ==========
Loss: 0.334	Accuracy: 56.76%	Cost 43s
              precision    recall  f1-score   support

         bzx     0.4516    0.4516    0.4516        31
         cwx     0.4615    0.5455    0.5000        22
         hdx     0.3333    0.6471    0.4400        17
         mtx     0.5000    0.1053    0.1739        19
         nqx     0.4737    0.7500    0.5806        12
         qtx     0.8182    0.6000    0.6923        45
         zxx     0.7692    0.7692    0.7692        39

    accuracy                         0.5676       185
   macro avg     0.5439    0.5527    0.5154       185
weighted avg     0.6044    0.5676    0.5617       185

micro f-score: 0.5675675675675675

========== Train Epoch 21 ==========
Loss: 0.263	Accuracy: 58.92%	Cost 46s
              precision    recall  f1-score   support

         bzx     0.4000    0.5806    0.4737        31
         cwx     0.5217    0.5455    0.5333        22
         hdx     0.5000    0.7059    0.5854        17
         mtx     0.5000    0.2105    0.2963        19
         nqx     0.7000    0.5833    0.6364        12
         qtx     0.7632    0.6444    0.6988        45
         zxx     0.7297    0.6923    0.7105        39

    accuracy                         0.5892       185
   macro avg     0.5878    0.5661    0.5621       185
weighted avg     0.6112    0.5892    0.5881       185

micro f-score: 0.5891891891891892

========== Train Epoch 22 ==========
Loss: 0.213	Accuracy: 57.84%	Cost 44s
              precision    recall  f1-score   support

         bzx     0.5135    0.6129    0.5588        31
         cwx     0.4706    0.3636    0.4103        22
         hdx     0.4583    0.6471    0.5366        17
         mtx     0.2941    0.2632    0.2778        19
         nqx     0.5714    0.6667    0.6154        12
         qtx     0.7568    0.6222    0.6829        45
         zxx     0.7179    0.7179    0.7179        39

    accuracy                         0.5784       185
   macro avg     0.5404    0.5562    0.5428       185
weighted avg     0.5868    0.5784    0.5776       185

micro f-score: 0.5783783783783784

========== Train Epoch 23 ==========
Loss: 0.164	Accuracy: 60.54%	Cost 44s
              precision    recall  f1-score   support

         bzx     0.5909    0.4194    0.4906        31
         cwx     0.4444    0.5455    0.4898        22
         hdx     0.4783    0.6471    0.5500        17
         mtx     0.4444    0.4211    0.4324        19
         nqx     0.6250    0.8333    0.7143        12
         qtx     0.8438    0.6000    0.7013        45
         zxx     0.6596    0.7949    0.7209        39

    accuracy                         0.6054       185
   macro avg     0.5838    0.6087    0.5856       185
weighted avg     0.6263    0.6054    0.6043       185

micro f-score: 0.6054054054054054

========== Train Epoch 24 ==========
Loss: 0.114	Accuracy: 55.68%	Cost 47s
              precision    recall  f1-score   support

         bzx     0.4643    0.4194    0.4407        31
         cwx     0.4091    0.4091    0.4091        22
         hdx     0.4000    0.5882    0.4762        17
         mtx     0.3077    0.2105    0.2500        19
         nqx     0.6000    0.7500    0.6667        12
         qtx     0.6809    0.7111    0.6957        45
         zxx     0.7429    0.6667    0.7027        39

    accuracy                         0.5568       185
   macro avg     0.5150    0.5364    0.5201       185
weighted avg     0.5559    0.5568    0.5525       185

micro f-score: 0.5567567567567567

========== Train Epoch 25 ==========
Loss: 0.115	Accuracy: 57.84%	Cost 46s
              precision    recall  f1-score   support

         bzx     0.5217    0.3871    0.4444        31
         cwx     0.4194    0.5909    0.4906        22
         hdx     0.5000    0.5882    0.5405        17
         mtx     0.3750    0.1579    0.2222        19
         nqx     0.6154    0.6667    0.6400        12
         qtx     0.6522    0.6667    0.6593        45
         zxx     0.7045    0.7949    0.7470        39

    accuracy                         0.5784       185
   macro avg     0.5412    0.5503    0.5349       185
weighted avg     0.5688    0.5784    0.5647       185

micro f-score: 0.5783783783783784

========== Train Epoch 26 ==========
Loss: 0.105	Accuracy: 56.76%	Cost 45s
              precision    recall  f1-score   support

         bzx     0.5000    0.5806    0.5373        31
         cwx     0.4286    0.4091    0.4186        22
         hdx     0.4167    0.5882    0.4878        17
         mtx     0.4000    0.2105    0.2759        19
         nqx     0.5000    0.7500    0.6000        12
         qtx     0.6410    0.5556    0.5952        45
         zxx     0.8108    0.7692    0.7895        39

    accuracy                         0.5676       185
   macro avg     0.5282    0.5519    0.5292       185
weighted avg     0.5734    0.5676    0.5631       185

micro f-score: 0.5675675675675675

========== Train Epoch 27 ==========
Loss: 0.143	Accuracy: 56.22%	Cost 43s
              precision    recall  f1-score   support

         bzx     0.5161    0.5161    0.5161        31
         cwx     0.5000    0.5455    0.5217        22
         hdx     0.4000    0.7059    0.5106        17
         mtx     0.2857    0.2105    0.2424        19
         nqx     0.7273    0.6667    0.6957        12
         qtx     0.6304    0.6444    0.6374        45
         zxx     0.7931    0.5897    0.6765        39

    accuracy                         0.5622       185
   macro avg     0.5504    0.5541    0.5429       185
weighted avg     0.5798    0.5622    0.5631       185

micro f-score: 0.5621621621621622

========== Train Epoch 28 ==========
Loss: 0.105	Accuracy: 57.84%	Cost 46s
              precision    recall  f1-score   support

         bzx     0.4500    0.5806    0.5070        31
         cwx     0.4348    0.4545    0.4444        22
         hdx     0.5500    0.6471    0.5946        17
         mtx     0.6667    0.1053    0.1818        19
         nqx     0.5556    0.8333    0.6667        12
         qtx     0.8621    0.5556    0.6757        45
         zxx     0.5962    0.7949    0.6813        39

    accuracy                         0.5784       185
   macro avg     0.5879    0.5673    0.5359       185
weighted avg     0.6175    0.5784    0.5624       185

micro f-score: 0.5783783783783784

========== Train Epoch 29 ==========
Loss: 0.121	Accuracy: 57.84%	Cost 46s
              precision    recall  f1-score   support

         bzx     0.5217    0.3871    0.4444        31
         cwx     0.4483    0.5909    0.5098        22
         hdx     0.5000    0.5294    0.5143        17
         mtx     0.3333    0.4737    0.3913        19
         nqx     0.6000    0.7500    0.6667        12
         qtx     0.8387    0.5778    0.6842        45
         zxx     0.6905    0.7436    0.7160        39

    accuracy                         0.5784       185
   macro avg     0.5618    0.5789    0.5610       185
weighted avg     0.6094    0.5784    0.5832       185

micro f-score: 0.5783783783783784

========== Train Epoch 30 ==========
Loss: 0.085	Accuracy: 57.84%	Cost 46s
              precision    recall  f1-score   support

         bzx     0.5600    0.4516    0.5000        31
         cwx     0.4231    0.5000    0.4583        22
         hdx     0.5882    0.5882    0.5882        17
         mtx     0.3000    0.4737    0.3673        19
         nqx     0.5714    0.6667    0.6154        12
         qtx     0.8333    0.5556    0.6667        45
         zxx     0.6977    0.7692    0.7317        39

    accuracy                         0.5784       185
   macro avg     0.5677    0.5721    0.5611       185
weighted avg     0.6159    0.5784    0.5864       185

micro f-score: 0.5783783783783784

========== Train Epoch 31 ==========
Loss: 0.130	Accuracy: 57.30%	Cost 44s
              precision    recall  f1-score   support

         bzx     0.5000    0.4839    0.4918        31
         cwx     0.3704    0.4545    0.4082        22
         hdx     0.4167    0.5882    0.4878        17
         mtx     0.4000    0.3158    0.3529        19
         nqx     0.5263    0.8333    0.6452        12
         qtx     0.8438    0.6000    0.7013        45
         zxx     0.7368    0.7179    0.7273        39

    accuracy                         0.5730       185
   macro avg     0.5420    0.5705    0.5449       185
weighted avg     0.6019    0.5730    0.5778       185

micro f-score: 0.572972972972973

========== Train Epoch 32 ==========
Loss: 0.092	Accuracy: 58.38%	Cost 46s
              precision    recall  f1-score   support

         bzx     0.5600    0.4516    0.5000        31
         cwx     0.4138    0.5455    0.4706        22
         hdx     0.4231    0.6471    0.5116        17
         mtx     0.4375    0.3684    0.4000        19
         nqx     0.5556    0.8333    0.6667        12
         qtx     0.8571    0.5333    0.6575        45
         zxx     0.6977    0.7692    0.7317        39

    accuracy                         0.5838       185
   macro avg     0.5635    0.5926    0.5626       185
weighted avg     0.6185    0.5838    0.5853       185

micro f-score: 0.5837837837837838

========== Train Epoch 33 ==========
Loss: 0.091	Accuracy: 59.46%	Cost 47s
              precision    recall  f1-score   support

         bzx     0.4474    0.5484    0.4928        31
         cwx     0.4828    0.6364    0.5490        22
         hdx     0.4583    0.6471    0.5366        17
         mtx     0.6000    0.1579    0.2500        19
         nqx     0.5714    0.6667    0.6154        12
         qtx     0.7568    0.6222    0.6829        45
         zxx     0.7632    0.7436    0.7532        39

    accuracy                         0.5946       185
   macro avg     0.5828    0.5746    0.5543       185
weighted avg     0.6181    0.5946    0.5877       185

micro f-score: 0.5945945945945946

========== Train Epoch 34 ==========
Loss: 0.061	Accuracy: 59.46%	Cost 45s
              precision    recall  f1-score   support

         bzx     0.4500    0.5806    0.5070        31
         cwx     0.5263    0.4545    0.4878        22
         hdx     0.4783    0.6471    0.5500        17
         mtx     0.6667    0.3158    0.4286        19
         nqx     0.5294    0.7500    0.6207        12
         qtx     0.7368    0.6222    0.6747        45
         zxx     0.7179    0.7179    0.7179        39

    accuracy                         0.5946       185
   macro avg     0.5865    0.5840    0.5695       185
weighted avg     0.6153    0.5946    0.5933       185

micro f-score: 0.5945945945945946

========== Train Epoch 35 ==========
Loss: 0.076	Accuracy: 57.30%	Cost 45s
              precision    recall  f1-score   support

         bzx     0.5385    0.4516    0.4912        31
         cwx     0.4062    0.5909    0.4815        22
         hdx     0.4762    0.5882    0.5263        17
         mtx     0.4167    0.2632    0.3226        19
         nqx     0.5385    0.5833    0.5600        12
         qtx     0.6744    0.6444    0.6591        45
         zxx     0.7368    0.7179    0.7273        39

    accuracy                         0.5730       185
   macro avg     0.5410    0.5485    0.5383       185
weighted avg     0.5794    0.5730    0.5710       185

micro f-score: 0.572972972972973

========== Train Epoch 36 ==========
Loss: 0.060	Accuracy: 58.38%	Cost 47s
              precision    recall  f1-score   support

         bzx     0.5600    0.4516    0.5000        31
         cwx     0.3947    0.6818    0.5000        22
         hdx     0.3438    0.6471    0.4490        17
         mtx     1.0000    0.1053    0.1905        19
         nqx     0.6923    0.7500    0.7200        12
         qtx     0.7714    0.6000    0.6750        45
         zxx     0.7500    0.7692    0.7595        39

    accuracy                         0.5838       185
   macro avg     0.6446    0.5721    0.5420       185
weighted avg     0.6657    0.5838    0.5751       185

micro f-score: 0.5837837837837838

========== Train Epoch 37 ==========
Loss: 0.072	Accuracy: 62.16%	Cost 46s
              precision    recall  f1-score   support

         bzx     0.7000    0.4516    0.5490        31
         cwx     0.5385    0.6364    0.5833        22
         hdx     0.5000    0.6471    0.5641        17
         mtx     0.3043    0.3684    0.3333        19
         nqx     0.6000    0.7500    0.6667        12
         qtx     0.8286    0.6444    0.7250        45
         zxx     0.7045    0.7949    0.7470        39

    accuracy                         0.6216       185
   macro avg     0.5966    0.6133    0.5955       185
weighted avg     0.6475    0.6216    0.6245       185

micro f-score: 0.6216216216216216

========== Train Epoch 38 ==========
Loss: 0.075	Accuracy: 61.08%	Cost 45s
              precision    recall  f1-score   support

         bzx     0.6071    0.5484    0.5763        31
         cwx     0.4839    0.6818    0.5660        22
         hdx     0.3571    0.5882    0.4444        17
         mtx     0.4444    0.2105    0.2857        19
         nqx     0.6429    0.7500    0.6923        12
         qtx     0.7436    0.6444    0.6905        45
         zxx     0.8056    0.7436    0.7733        39

    accuracy                         0.6108       185
   macro avg     0.5835    0.5953    0.5755       185
weighted avg     0.6301    0.6108    0.6099       185

micro f-score: 0.6108108108108108

========== Train Epoch 39 ==========
Loss: 0.058	Accuracy: 59.46%	Cost 46s
              precision    recall  f1-score   support

         bzx     0.5000    0.4516    0.4746        31
         cwx     0.4815    0.5909    0.5306        22
         hdx     0.4400    0.6471    0.5238        17
         mtx     0.5714    0.4211    0.4848        19
         nqx     0.6000    0.7500    0.6667        12
         qtx     0.8519    0.5111    0.6389        45
         zxx     0.6531    0.8205    0.7273        39

    accuracy                         0.5946       185
   macro avg     0.5854    0.5989    0.5781       185
weighted avg     0.6240    0.5946    0.5925       185

micro f-score: 0.5945945945945946

========== Train Epoch 40 ==========
Loss: 0.053	Accuracy: 60.00%	Cost 45s
              precision    recall  f1-score   support

         bzx     0.7500    0.3871    0.5106        31
         cwx     0.3571    0.6818    0.4688        22
         hdx     0.5263    0.5882    0.5556        17
         mtx     0.3750    0.1579    0.2222        19
         nqx     0.5294    0.7500    0.6207        12
         qtx     0.7895    0.6667    0.7229        45
         zxx     0.7111    0.8205    0.7619        39

    accuracy                         0.6000       185
   macro avg     0.5769    0.5789    0.5518       185
weighted avg     0.6313    0.6000    0.5919       185

micro f-score: 0.6

========== Train Epoch 41 ==========
Loss: 0.042	Accuracy: 57.30%	Cost 46s
              precision    recall  f1-score   support

         bzx     0.4286    0.4839    0.4545        31
         cwx     0.5263    0.4545    0.4878        22
         hdx     0.4231    0.6471    0.5116        17
         mtx     0.4000    0.3158    0.3529        19
         nqx     0.6000    0.7500    0.6667        12
         qtx     0.8065    0.5556    0.6579        45
         zxx     0.6818    0.7692    0.7229        39

    accuracy                         0.5730       185
   macro avg     0.5523    0.5680    0.5506       185
weighted avg     0.5932    0.5730    0.5731       185

micro f-score: 0.572972972972973

========== Train Epoch 42 ==========
Loss: 0.059	Accuracy: 59.46%	Cost 45s
              precision    recall  f1-score   support

         bzx     0.6111    0.3548    0.4490        31
         cwx     0.4359    0.7727    0.5574        22
         hdx     0.3846    0.5882    0.4651        17
         mtx     0.4211    0.4211    0.4211        19
         nqx     0.5882    0.8333    0.6897        12
         qtx     0.8929    0.5556    0.6849        45
         zxx     0.7632    0.7436    0.7532        39

    accuracy                         0.5946       185
   macro avg     0.5853    0.6099    0.5743       185
weighted avg     0.6490    0.5946    0.5976       185

micro f-score: 0.5945945945945946

========== Train Epoch 43 ==========
Loss: 0.066	Accuracy: 60.00%	Cost 44s
              precision    recall  f1-score   support

         bzx     0.5000    0.5161    0.5079        31
         cwx     0.4667    0.6364    0.5385        22
         hdx     0.5789    0.6471    0.6111        17
         mtx     0.4000    0.4211    0.4103        19
         nqx     0.5714    0.3333    0.4211        12
         qtx     0.7561    0.6889    0.7209        45
         zxx     0.7500    0.6923    0.7200        39

    accuracy                         0.6000       185
   macro avg     0.5747    0.5622    0.5614       185
weighted avg     0.6127    0.6000    0.6019       185

micro f-score: 0.6

========== Train Epoch 44 ==========
Loss: 0.037	Accuracy: 61.08%	Cost 45s
              precision    recall  f1-score   support

         bzx     0.6000    0.4839    0.5357        31
         cwx     0.5385    0.6364    0.5833        22
         hdx     0.3929    0.6471    0.4889        17
         mtx     0.3750    0.3158    0.3429        19
         nqx     0.6429    0.7500    0.6923        12
         qtx     0.7111    0.7111    0.7111        45
         zxx     0.8387    0.6667    0.7429        39

    accuracy                         0.6108       185
   macro avg     0.5856    0.6016    0.5853       185
weighted avg     0.6307    0.6108    0.6138       185

micro f-score: 0.6108108108108108

========== Train Epoch 45 ==========
Loss: 0.037	Accuracy: 61.62%	Cost 46s
              precision    recall  f1-score   support

         bzx     0.5600    0.4516    0.5000        31
         cwx     0.4828    0.6364    0.5490        22
         hdx     0.5500    0.6471    0.5946        17
         mtx     0.3750    0.3158    0.3429        19
         nqx     0.5556    0.8333    0.6667        12
         qtx     0.8235    0.6222    0.7089        45
         zxx     0.7209    0.7949    0.7561        39

    accuracy                         0.6162       185
   macro avg     0.5811    0.6145    0.5883       185
weighted avg     0.6286    0.6162    0.6140       185

micro f-score: 0.6162162162162163

========== Train Epoch 46 ==========
Loss: 0.022	Accuracy: 56.76%	Cost 45s
              precision    recall  f1-score   support

         bzx     0.4706    0.5161    0.4923        31
         cwx     0.5625    0.4091    0.4737        22
         hdx     0.3333    0.6471    0.4400        17
         mtx     0.4000    0.3158    0.3529        19
         nqx     0.6154    0.6667    0.6400        12
         qtx     0.8214    0.5111    0.6301        45
         zxx     0.6957    0.8205    0.7529        39

    accuracy                         0.5676       185
   macro avg     0.5570    0.5552    0.5403       185
weighted avg     0.6038    0.5676    0.5690       185

micro f-score: 0.5675675675675675

========== Train Epoch 47 ==========
Loss: 0.037	Accuracy: 59.46%	Cost 45s
              precision    recall  f1-score   support

         bzx     0.6471    0.3548    0.4583        31
         cwx     0.4545    0.6818    0.5455        22
         hdx     0.4762    0.5882    0.5263        17
         mtx     0.3077    0.2105    0.2500        19
         nqx     0.5833    0.5833    0.5833        12
         qtx     0.7209    0.6889    0.7045        45
         zxx     0.6957    0.8205    0.7529        39

    accuracy                         0.5946       185
   macro avg     0.5551    0.5612    0.5458       185
weighted avg     0.5977    0.5946    0.5836       185

micro f-score: 0.5945945945945946

========== Train Epoch 48 ==========
Loss: 0.034	Accuracy: 60.00%	Cost 46s
              precision    recall  f1-score   support

         bzx     0.4000    0.5161    0.4507        31
         cwx     0.4483    0.5909    0.5098        22
         hdx     0.6667    0.5882    0.6250        17
         mtx     0.4000    0.3158    0.3529        19
         nqx     0.6154    0.6667    0.6400        12
         qtx     0.8529    0.6444    0.7342        45
         zxx     0.7436    0.7436    0.7436        39

    accuracy                         0.6000       185
   macro avg     0.5896    0.5808    0.5795       185
weighted avg     0.6268    0.6000    0.6067       185

micro f-score: 0.6

========== Train Epoch 49 ==========
Loss: 0.026	Accuracy: 61.62%	Cost 45s
              precision    recall  f1-score   support

         bzx     0.4828    0.4516    0.4667        31
         cwx     0.5172    0.6818    0.5882        22
         hdx     0.4583    0.6471    0.5366        17
         mtx     0.6250    0.2632    0.3704        19
         nqx     0.5714    0.6667    0.6154        12
         qtx     0.8235    0.6222    0.7089        45
         zxx     0.7021    0.8462    0.7674        39

    accuracy                         0.6162       185
   macro avg     0.5972    0.5970    0.5791       185
weighted avg     0.6341    0.6162    0.6096       185

micro f-score: 0.6162162162162163

========== Train Epoch 50 ==========
Loss: 0.040	Accuracy: 57.30%	Cost 45s
              precision    recall  f1-score   support

         bzx     0.4545    0.4839    0.4687        31
         cwx     0.5833    0.6364    0.6087        22
         hdx     0.3333    0.6471    0.4400        17
         mtx     0.4444    0.2105    0.2857        19
         nqx     0.7273    0.6667    0.6957        12
         qtx     0.7714    0.6000    0.6750        45
         zxx     0.6750    0.6923    0.6835        39

    accuracy                         0.5730       185
   macro avg     0.5699    0.5624    0.5511       185
weighted avg     0.5989    0.5730    0.5741       185

micro f-score: 0.572972972972973

========== Train Epoch 51 ==========
Loss: 0.051	Accuracy: 54.05%	Cost 46s
              precision    recall  f1-score   support

         bzx     0.3409    0.4839    0.4000        31
         cwx     0.6250    0.4545    0.5263        22
         hdx     0.3611    0.7647    0.4906        17
         mtx     0.5000    0.2105    0.2963        19
         nqx     0.4500    0.7500    0.5625        12
         qtx     0.8846    0.5111    0.6479        45
         zxx     0.7429    0.6667    0.7027        39

    accuracy                         0.5405       185
   macro avg     0.5578    0.5488    0.5180       185
weighted avg     0.6170    0.5405    0.5473       185

micro f-score: 0.5405405405405406

========== Train Epoch 52 ==========
Loss: 0.035	Accuracy: 62.16%	Cost 46s
              precision    recall  f1-score   support

         bzx     0.5172    0.4839    0.5000        31
         cwx     0.5385    0.6364    0.5833        22
         hdx     0.4762    0.5882    0.5263        17
         mtx     0.4615    0.3158    0.3750        19
         nqx     0.6667    0.6667    0.6667        12
         qtx     0.7692    0.6667    0.7143        45
         zxx     0.7111    0.8205    0.7619        39

    accuracy                         0.6216       185
   macro avg     0.5915    0.5969    0.5896       185
weighted avg     0.6221    0.6216    0.6176       185

micro f-score: 0.6216216216216216

========== Train Epoch 53 ==========
Loss: 0.035	Accuracy: 58.38%	Cost 45s
              precision    recall  f1-score   support

         bzx     0.5000    0.4194    0.4561        31
         cwx     0.4286    0.5455    0.4800        22
         hdx     0.4545    0.5882    0.5128        17
         mtx     0.4118    0.3684    0.3889        19
         nqx     0.6667    0.5000    0.5714        12
         qtx     0.8286    0.6444    0.7250        45
         zxx     0.6458    0.7949    0.7126        39

    accuracy                         0.5838       185
   macro avg     0.5623    0.5515    0.5496       185
weighted avg     0.5997    0.5838    0.5842       185

micro f-score: 0.5837837837837838

========== Train Epoch 54 ==========
Loss: 0.049	Accuracy: 57.30%	Cost 46s
              precision    recall  f1-score   support

         bzx     0.3810    0.5161    0.4384        31
         cwx     0.4800    0.5455    0.5106        22
         hdx     0.5625    0.5294    0.5455        17
         mtx     0.4286    0.4737    0.4500        19
         nqx     0.5714    0.6667    0.6154        12
         qtx     0.9200    0.5111    0.6571        45
         zxx     0.6905    0.7436    0.7160        39

    accuracy                         0.5730       185
   macro avg     0.5763    0.5694    0.5619       185
weighted avg     0.6230    0.5730    0.5812       185

micro f-score: 0.572972972972973

========== Train Epoch 55 ==========
Loss: 0.054	Accuracy: 61.08%	Cost 46s
              precision    recall  f1-score   support

         bzx     0.5500    0.3548    0.4314        31
         cwx     0.6111    0.5000    0.5500        22
         hdx     0.4583    0.6471    0.5366        17
         mtx     0.4706    0.4211    0.4444        19
         nqx     0.4348    0.8333    0.5714        12
         qtx     0.7895    0.6667    0.7229        45
         zxx     0.7111    0.8205    0.7619        39

    accuracy                         0.6108       185
   macro avg     0.5751    0.6062    0.5741       185
weighted avg     0.6254    0.6108    0.6062       185

micro f-score: 0.6108108108108108

========== Train Epoch 56 ==========
Loss: 0.054	Accuracy: 60.54%	Cost 44s
              precision    recall  f1-score   support

         bzx     0.5429    0.6129    0.5758        31
         cwx     0.4231    0.5000    0.4583        22
         hdx     0.5714    0.4706    0.5161        17
         mtx     0.3846    0.5263    0.4444        19
         nqx     0.6000    0.7500    0.6667        12
         qtx     0.8056    0.6444    0.7160        45
         zxx     0.7879    0.6667    0.7222        39

    accuracy                         0.6054       185
   macro avg     0.5879    0.5958    0.5857       185
weighted avg     0.6342    0.6054    0.6137       185

micro f-score: 0.6054054054054054

========== Train Epoch 57 ==========
Loss: 0.050	Accuracy: 55.14%	Cost 45s
              precision    recall  f1-score   support

         bzx     0.4615    0.3871    0.4211        31
         cwx     0.3721    0.7273    0.4923        22
         hdx     0.5556    0.5882    0.5714        17
         mtx     0.3684    0.3684    0.3684        19
         nqx     0.6667    0.6667    0.6667        12
         qtx     0.7879    0.5778    0.6667        45
         zxx     0.6765    0.5897    0.6301        39

    accuracy                         0.5514       185
   macro avg     0.5555    0.5579    0.5452       185
weighted avg     0.5880    0.5514    0.5577       185

micro f-score: 0.5513513513513514

========== Train Epoch 58 ==========
Loss: 0.053	Accuracy: 60.54%	Cost 45s
              precision    recall  f1-score   support

         bzx     0.6500    0.4194    0.5098        31
         cwx     0.5600    0.6364    0.5957        22
         hdx     0.4800    0.7059    0.5714        17
         mtx     0.5000    0.3684    0.4242        19
         nqx     0.6154    0.6667    0.6400        12
         qtx     0.6136    0.6000    0.6067        45
         zxx     0.7045    0.7949    0.7470        39

    accuracy                         0.6054       185
   macro avg     0.5891    0.5988    0.5850       185
weighted avg     0.6087    0.6054    0.5989       185

micro f-score: 0.6054054054054054

========== Train Epoch 59 ==========
Loss: 0.035	Accuracy: 60.54%	Cost 46s
              precision    recall  f1-score   support

         bzx     0.6000    0.2903    0.3913        31
         cwx     0.4186    0.8182    0.5538        22
         hdx     0.5882    0.5882    0.5882        17
         mtx     0.4000    0.3158    0.3529        19
         nqx     0.7273    0.6667    0.6957        12
         qtx     0.8235    0.6222    0.7089        45
         zxx     0.6600    0.8462    0.7416        39

    accuracy                         0.6054       185
   macro avg     0.6025    0.5925    0.5761       185
weighted avg     0.6321    0.6054    0.5956       185

micro f-score: 0.6054054054054054

========== Train Epoch 60 ==========
Loss: 0.053	Accuracy: 57.30%	Cost 46s
              precision    recall  f1-score   support

         bzx     0.4828    0.4516    0.4667        31
         cwx     0.4167    0.4545    0.4348        22
         hdx     0.4783    0.6471    0.5500        17
         mtx     0.7143    0.2632    0.3846        19
         nqx     0.5333    0.6667    0.5926        12
         qtx     0.6591    0.6444    0.6517        45
         zxx     0.6744    0.7436    0.7073        39

    accuracy                         0.5730       185
   macro avg     0.5655    0.5530    0.5411       185
weighted avg     0.5848    0.5730    0.5660       185

micro f-score: 0.572972972972973

========== Train Epoch 61 ==========
Loss: 0.064	Accuracy: 57.30%	Cost 47s
              precision    recall  f1-score   support

         bzx     0.4146    0.5484    0.4722        31
         cwx     0.5556    0.6818    0.6122        22
         hdx     0.6154    0.4706    0.5333        17
         mtx     0.7500    0.1579    0.2609        19
         nqx     0.5833    0.5833    0.5833        12
         qtx     0.7857    0.4889    0.6027        45
         zxx     0.5667    0.8718    0.6869        39

    accuracy                         0.5730       185
   macro avg     0.6102    0.5432    0.5359       185
weighted avg     0.6175    0.5730    0.5570       185

micro f-score: 0.572972972972973

========== Train Epoch 62 ==========
Loss: 0.042	Accuracy: 61.08%	Cost 45s
              precision    recall  f1-score   support

         bzx     0.4857    0.5484    0.5152        31
         cwx     0.5417    0.5909    0.5652        22
         hdx     0.5263    0.5882    0.5556        17
         mtx     0.7500    0.3158    0.4444        19
         nqx     0.5000    0.7500    0.6000        12
         qtx     0.7568    0.6222    0.6829        45
         zxx     0.6818    0.7692    0.7229        39

    accuracy                         0.6108       185
   macro avg     0.6060    0.5978    0.5837       185
weighted avg     0.6314    0.6108    0.6077       185

micro f-score: 0.6108108108108108

========== Train Epoch 63 ==========
Loss: 0.040	Accuracy: 60.54%	Cost 46s
              precision    recall  f1-score   support

         bzx     0.4865    0.5806    0.5294        31
         cwx     0.4545    0.6818    0.5455        22
         hdx     0.6111    0.6471    0.6286        17
         mtx     0.5833    0.3684    0.4516        19
         nqx     0.5833    0.5833    0.5833        12
         qtx     0.7073    0.6444    0.6744        45
         zxx     0.7812    0.6410    0.7042        39

    accuracy                         0.6054       185
   macro avg     0.6011    0.5924    0.5881       185
weighted avg     0.6262    0.6054    0.6081       185

micro f-score: 0.6054054054054054

========== Train Epoch 64 ==========
Loss: 0.023	Accuracy: 60.54%	Cost 46s
              precision    recall  f1-score   support

         bzx     0.6111    0.3548    0.4490        31
         cwx     0.3939    0.5909    0.4727        22
         hdx     0.6111    0.6471    0.6286        17
         mtx     0.4500    0.4737    0.4615        19
         nqx     0.5000    0.7500    0.6000        12
         qtx     0.7632    0.6444    0.6988        45
         zxx     0.7500    0.7692    0.7595        39

    accuracy                         0.6054       185
   macro avg     0.5828    0.6043    0.5814       185
weighted avg     0.6278    0.6054    0.6056       185

micro f-score: 0.6054054054054054

Finished training!!!

Min Loss = 0.022 in epoch 45;
Max Accuracy = 62.16% in epoch 36;
Total Cost 48 minutes

==========================================================================================
Layer (type:depth-idx)                   Output Shape              Param #
==========================================================================================
Sequential: 1-1                        [-1, 256, 9, 9]           --
|    Conv2d: 2-1                       [-1, 64, 79, 79]          23,296
|    ReLU: 2-2                         [-1, 64, 79, 79]          --
|    MaxPool2d: 2-3                    [-1, 64, 39, 39]          --
|    Conv2d: 2-4                       [-1, 192, 39, 39]         307,392
|    ReLU: 2-5                         [-1, 192, 39, 39]         --
|    MaxPool2d: 2-6                    [-1, 192, 19, 19]         --
|    Conv2d: 2-7                       [-1, 384, 19, 19]         663,936
|    ReLU: 2-8                         [-1, 384, 19, 19]         --
|    Conv2d: 2-9                       [-1, 256, 19, 19]         884,992
|    ReLU: 2-10                        [-1, 256, 19, 19]         --
|    Conv2d: 2-11                      [-1, 256, 19, 19]         590,080
|    ReLU: 2-12                        [-1, 256, 19, 19]         --
|    MaxPool2d: 2-13                   [-1, 256, 9, 9]           --
AdaptiveAvgPool2d: 1-2                 [-1, 256, 6, 6]           --
Sequential: 1-3                        [-1, 7]                   --
|    Dropout: 2-14                     [-1, 9216]                --
|    Linear: 2-15                      [-1, 4096]                37,752,832
|    ReLU: 2-16                        [-1, 4096]                --
|    Dropout: 2-17                     [-1, 4096]                --
|    Linear: 2-18                      [-1, 4096]                16,781,312
|    ReLU: 2-19                        [-1, 4096]                --
|    Linear: 2-20                      [-1, 7]                   28,679
==========================================================================================
Total params: 57,032,519
Trainable params: 57,032,519
Non-trainable params: 0
Total mult-adds (G): 1.50
==========================================================================================
Input size (MB): 1.17
Forward/backward pass size (MB): 7.81
Params size (MB): 217.56
Estimated Total Size (MB): 226.54
==========================================================================================



Traceback (most recent call last):
  File "train.py", line 247, in <module>
    train_size = int(0.8 * full_size)
  File "train.py", line 177, in train
    max_accuracy_epoch,
  File "/home/djy/anaconda3/envs/pytorch/lib/python3.7/site-packages/torchstat/statistics.py", line 71, in stat
    ms.show_report()
  File "/home/djy/anaconda3/envs/pytorch/lib/python3.7/site-packages/torchstat/statistics.py", line 64, in show_report
    collected_nodes = self._analyze_model()
  File "/home/djy/anaconda3/envs/pytorch/lib/python3.7/site-packages/torchstat/statistics.py", line 57, in _analyze_model
    model_hook = ModelHook(self._model, self._input_size)
  File "/home/djy/anaconda3/envs/pytorch/lib/python3.7/site-packages/torchstat/model_hook.py", line 24, in __init__
    self._model(x)
  File "/home/djy/anaconda3/envs/pytorch/lib/python3.7/site-packages/torch/nn/modules/module.py", line 1102, in _call_impl
    return forward_call(*input, **kwargs)
  File "/home/djy/dl/models/alexnet.py", line 48, in forward
    x = self.features(x)
  File "/home/djy/anaconda3/envs/pytorch/lib/python3.7/site-packages/torch/nn/modules/module.py", line 1102, in _call_impl
    return forward_call(*input, **kwargs)
  File "/home/djy/anaconda3/envs/pytorch/lib/python3.7/site-packages/torch/nn/modules/container.py", line 141, in forward
    input = module(input)
  File "/home/djy/anaconda3/envs/pytorch/lib/python3.7/site-packages/torchstat/model_hook.py", line 50, in wrap_call
    output = self._origin_call[module.__class__](module, *input, **kwargs)
  File "/home/djy/anaconda3/envs/pytorch/lib/python3.7/site-packages/torch/nn/modules/module.py", line 1102, in _call_impl
    return forward_call(*input, **kwargs)
  File "/home/djy/anaconda3/envs/pytorch/lib/python3.7/site-packages/torch/nn/modules/conv.py", line 446, in forward
    return self._conv_forward(input, self.weight, self.bias)
  File "/home/djy/anaconda3/envs/pytorch/lib/python3.7/site-packages/torch/nn/modules/conv.py", line 443, in _conv_forward
    self.padding, self.dilation, self.groups)
RuntimeError: Input type (torch.FloatTensor) and weight type (torch.cuda.FloatTensor) should be the same or input should be a MKLDNN tensor and weight is a dense tensor
