Train Model: ResNet, Using device cuda:0

parallel



========== Train Epoch 1 ==========
Loss: 1.816	Accuracy: 26 %	Time 33 s
Accuracy for class bzx   is: 0.0 %
Accuracy for class cwx   is: 14.3 %
Accuracy for class hdx   is: 0.0 %
Accuracy for class mtx   is: 59.1 %
Accuracy for class nqx   is: 23.1 %
Accuracy for class qtx   is: 14.3 %
Accuracy for class zxx   is: 43.8 %

========== Train Epoch 2 ==========
Loss: 1.517	Accuracy: 26 %	Time 36 s
Accuracy for class bzx   is: 0.0 %
Accuracy for class cwx   is: 0.0 %
Accuracy for class hdx   is: 0.0 %
Accuracy for class mtx   is: 9.1 %
Accuracy for class nqx   is: 57.7 %
Accuracy for class qtx   is: 60.0 %
Accuracy for class zxx   is: 29.7 %

========== Train Epoch 3 ==========
Loss: 1.336	Accuracy: 21 %	Time 33 s
Accuracy for class bzx   is: 0.0 %
Accuracy for class cwx   is: 0.0 %
Accuracy for class hdx   is: 0.0 %
Accuracy for class mtx   is: 27.3 %
Accuracy for class nqx   is: 76.9 %
Accuracy for class qtx   is: 45.7 %
Accuracy for class zxx   is: 6.2 %

========== Train Epoch 4 ==========
Loss: 1.036	Accuracy: 35 %	Time 33 s
Accuracy for class bzx   is: 0.0 %
Accuracy for class cwx   is: 0.0 %
Accuracy for class hdx   is: 0.0 %
Accuracy for class mtx   is: 13.6 %
Accuracy for class nqx   is: 34.6 %
Accuracy for class qtx   is: 80.0 %
Accuracy for class zxx   is: 54.7 %

========== Train Epoch 5 ==========
Loss: 0.657	Accuracy: 37 %	Time 36 s
Accuracy for class bzx   is: 0.0 %
Accuracy for class cwx   is: 0.0 %
Accuracy for class hdx   is: 0.0 %
Accuracy for class mtx   is: 9.1 %
Accuracy for class nqx   is: 61.5 %
Accuracy for class qtx   is: 25.7 %
Accuracy for class zxx   is: 81.2 %

========== Train Epoch 6 ==========
Loss: 0.433	Accuracy: 38 %	Time 33 s
Accuracy for class bzx   is: 11.8 %
Accuracy for class cwx   is: 0.0 %
Accuracy for class hdx   is: 10.0 %
Accuracy for class mtx   is: 22.7 %
Accuracy for class nqx   is: 7.7 %
Accuracy for class qtx   is: 71.4 %
Accuracy for class zxx   is: 71.9 %

========== Train Epoch 7 ==========
Loss: 0.231	Accuracy: 19 %	Time 35 s
Accuracy for class bzx   is: 5.9 %
Accuracy for class cwx   is: 0.0 %
Accuracy for class hdx   is: 0.0 %
Accuracy for class mtx   is: 18.2 %
Accuracy for class nqx   is: 0.0 %
Accuracy for class qtx   is: 94.3 %
Accuracy for class zxx   is: 4.7 %

========== Train Epoch 8 ==========
Loss: 0.107	Accuracy: 22 %	Time 35 s
Accuracy for class bzx   is: 0.0 %
Accuracy for class cwx   is: 14.3 %
Accuracy for class hdx   is: 0.0 %
Accuracy for class mtx   is: 63.6 %
Accuracy for class nqx   is: 57.7 %
Accuracy for class qtx   is: 25.7 %
Accuracy for class zxx   is: 9.4 %

========== Train Epoch 9 ==========
Loss: 0.067	Accuracy: 25 %	Time 33 s
Accuracy for class bzx   is: 0.0 %
Accuracy for class cwx   is: 28.6 %
Accuracy for class hdx   is: 0.0 %
Accuracy for class mtx   is: 4.5 %
Accuracy for class nqx   is: 26.9 %
Accuracy for class qtx   is: 82.9 %
Accuracy for class zxx   is: 15.6 %

========== Train Epoch 10 ==========
Loss: 0.070	Accuracy: 23 %	Time 34 s
Accuracy for class bzx   is: 0.0 %
Accuracy for class cwx   is: 7.1 %
Accuracy for class hdx   is: 0.0 %
Accuracy for class mtx   is: 4.5 %
Accuracy for class nqx   is: 26.9 %
Accuracy for class qtx   is: 85.7 %
Accuracy for class zxx   is: 15.6 %

========== Train Epoch 11 ==========
Loss: 0.166	Accuracy: 25 %	Time 35 s
Accuracy for class bzx   is: 0.0 %
Accuracy for class cwx   is: 17.9 %
Accuracy for class hdx   is: 0.0 %
Accuracy for class mtx   is: 13.6 %
Accuracy for class nqx   is: 34.6 %
Accuracy for class qtx   is: 82.9 %
Accuracy for class zxx   is: 12.5 %

========== Train Epoch 12 ==========
Loss: 0.155	Accuracy: 24 %	Time 34 s
Accuracy for class bzx   is: 0.0 %
Accuracy for class cwx   is: 3.6 %
Accuracy for class hdx   is: 30.0 %
Accuracy for class mtx   is: 18.2 %
Accuracy for class nqx   is: 42.3 %
Accuracy for class qtx   is: 45.7 %
Accuracy for class zxx   is: 21.9 %

========== Train Epoch 13 ==========
Loss: 0.109	Accuracy: 26 %	Time 35 s
Accuracy for class bzx   is: 0.0 %
Accuracy for class cwx   is: 7.1 %
Accuracy for class hdx   is: 10.0 %
Accuracy for class mtx   is: 68.2 %
Accuracy for class nqx   is: 19.2 %
Accuracy for class qtx   is: 85.7 %
Accuracy for class zxx   is: 4.7 %

========== Train Epoch 14 ==========
Loss: 0.099	Accuracy: 35 %	Time 36 s
Accuracy for class bzx   is: 0.0 %
Accuracy for class cwx   is: 3.6 %
Accuracy for class hdx   is: 5.0 %
Accuracy for class mtx   is: 22.7 %
Accuracy for class nqx   is: 57.7 %
Accuracy for class qtx   is: 54.3 %
Accuracy for class zxx   is: 54.7 %

========== Train Epoch 15 ==========
Loss: 0.086	Accuracy: 33 %	Time 36 s
Accuracy for class bzx   is: 5.9 %
Accuracy for class cwx   is: 3.6 %
Accuracy for class hdx   is: 0.0 %
Accuracy for class mtx   is: 4.5 %
Accuracy for class nqx   is: 65.4 %
Accuracy for class qtx   is: 80.0 %
Accuracy for class zxx   is: 35.9 %

========== Train Epoch 16 ==========
Loss: 0.063	Accuracy: 26 %	Time 36 s
Accuracy for class bzx   is: 0.0 %
Accuracy for class cwx   is: 21.4 %
Accuracy for class hdx   is: 5.0 %
Accuracy for class mtx   is: 4.5 %
Accuracy for class nqx   is: 23.1 %
Accuracy for class qtx   is: 97.1 %
Accuracy for class zxx   is: 12.5 %

========== Train Epoch 17 ==========
Loss: 0.023	Accuracy: 36 %	Time 34 s
Accuracy for class bzx   is: 0.0 %
Accuracy for class cwx   is: 21.4 %
Accuracy for class hdx   is: 10.0 %
Accuracy for class mtx   is: 4.5 %
Accuracy for class nqx   is: 65.4 %
Accuracy for class qtx   is: 57.1 %
Accuracy for class zxx   is: 48.4 %

========== Train Epoch 18 ==========
Loss: 0.017	Accuracy: 33 %	Time 35 s
Accuracy for class bzx   is: 0.0 %
Accuracy for class cwx   is: 25.0 %
Accuracy for class hdx   is: 5.0 %
Accuracy for class mtx   is: 18.2 %
Accuracy for class nqx   is: 34.6 %
Accuracy for class qtx   is: 88.6 %
Accuracy for class zxx   is: 29.7 %

========== Train Epoch 19 ==========
Loss: 0.015	Accuracy: 31 %	Time 35 s
Accuracy for class bzx   is: 5.9 %
Accuracy for class cwx   is: 14.3 %
Accuracy for class hdx   is: 10.0 %
Accuracy for class mtx   is: 9.1 %
Accuracy for class nqx   is: 73.1 %
Accuracy for class qtx   is: 54.3 %
Accuracy for class zxx   is: 31.2 %

========== Train Epoch 20 ==========
Loss: 0.046	Accuracy: 31 %	Time 34 s
Accuracy for class bzx   is: 11.8 %
Accuracy for class cwx   is: 3.6 %
Accuracy for class hdx   is: 15.0 %
Accuracy for class mtx   is: 13.6 %
Accuracy for class nqx   is: 34.6 %
Accuracy for class qtx   is: 85.7 %
Accuracy for class zxx   is: 28.1 %

========== Train Epoch 21 ==========
Loss: 0.169	Accuracy: 24 %	Time 34 s
Accuracy for class bzx   is: 0.0 %
Accuracy for class cwx   is: 28.6 %
Accuracy for class hdx   is: 5.0 %
Accuracy for class mtx   is: 4.5 %
Accuracy for class nqx   is: 80.8 %
Accuracy for class qtx   is: 42.9 %
Accuracy for class zxx   is: 9.4 %

========== Train Epoch 22 ==========
Loss: 0.139	Accuracy: 26 %	Time 35 s
Accuracy for class bzx   is: 0.0 %
Accuracy for class cwx   is: 3.6 %
Accuracy for class hdx   is: 10.0 %
Accuracy for class mtx   is: 18.2 %
Accuracy for class nqx   is: 65.4 %
Accuracy for class qtx   is: 20.0 %
Accuracy for class zxx   is: 39.1 %

========== Train Epoch 23 ==========
Loss: 0.162	Accuracy: 32 %	Time 35 s
Accuracy for class bzx   is: 0.0 %
Accuracy for class cwx   is: 14.3 %
Accuracy for class hdx   is: 0.0 %
Accuracy for class mtx   is: 68.2 %
Accuracy for class nqx   is: 38.5 %
Accuracy for class qtx   is: 48.6 %
Accuracy for class zxx   is: 35.9 %

========== Train Epoch 24 ==========
Loss: 0.155	Accuracy: 40 %	Time 35 s
Accuracy for class bzx   is: 0.0 %
Accuracy for class cwx   is: 10.7 %
Accuracy for class hdx   is: 5.0 %
Accuracy for class mtx   is: 0.0 %
Accuracy for class nqx   is: 61.5 %
Accuracy for class qtx   is: 71.4 %
Accuracy for class zxx   is: 64.1 %

========== Train Epoch 25 ==========
Loss: 0.145	Accuracy: 25 %	Time 33 s
Accuracy for class bzx   is: 5.9 %
Accuracy for class cwx   is: 14.3 %
Accuracy for class hdx   is: 5.0 %
Accuracy for class mtx   is: 4.5 %
Accuracy for class nqx   is: 42.3 %
Accuracy for class qtx   is: 80.0 %
Accuracy for class zxx   is: 12.5 %

========== Train Epoch 26 ==========
Loss: 0.066	Accuracy: 41 %	Time 34 s
Accuracy for class bzx   is: 5.9 %
Accuracy for class cwx   is: 10.7 %
Accuracy for class hdx   is: 0.0 %
Accuracy for class mtx   is: 27.3 %
Accuracy for class nqx   is: 69.2 %
Accuracy for class qtx   is: 45.7 %
Accuracy for class zxx   is: 70.3 %

========== Train Epoch 27 ==========
Loss: 0.112	Accuracy: 29 %	Time 33 s
Accuracy for class bzx   is: 0.0 %
Accuracy for class cwx   is: 10.7 %
Accuracy for class hdx   is: 0.0 %
Accuracy for class mtx   is: 40.9 %
Accuracy for class nqx   is: 53.8 %
Accuracy for class qtx   is: 65.7 %
Accuracy for class zxx   is: 21.9 %

========== Train Epoch 28 ==========
Loss: 0.052	Accuracy: 29 %	Time 34 s
Accuracy for class bzx   is: 0.0 %
Accuracy for class cwx   is: 7.1 %
Accuracy for class hdx   is: 0.0 %
Accuracy for class mtx   is: 0.0 %
Accuracy for class nqx   is: 34.6 %
Accuracy for class qtx   is: 97.1 %
Accuracy for class zxx   is: 26.6 %

========== Train Epoch 29 ==========
Loss: 0.019	Accuracy: 26 %	Time 35 s
Accuracy for class bzx   is: 0.0 %
Accuracy for class cwx   is: 14.3 %
Accuracy for class hdx   is: 0.0 %
Accuracy for class mtx   is: 4.5 %
Accuracy for class nqx   is: 26.9 %
Accuracy for class qtx   is: 94.3 %
Accuracy for class zxx   is: 18.8 %

========== Train Epoch 30 ==========
Loss: 0.032	Accuracy: 26 %	Time 35 s
Accuracy for class bzx   is: 0.0 %
Accuracy for class cwx   is: 10.7 %
Accuracy for class hdx   is: 0.0 %
Accuracy for class mtx   is: 4.5 %
Accuracy for class nqx   is: 11.5 %
Accuracy for class qtx   is: 100.0 %
Accuracy for class zxx   is: 21.9 %

========== Train Epoch 31 ==========
Loss: 0.082	Accuracy: 32 %	Time 34 s
Accuracy for class bzx   is: 5.9 %
Accuracy for class cwx   is: 7.1 %
Accuracy for class hdx   is: 0.0 %
Accuracy for class mtx   is: 4.5 %
Accuracy for class nqx   is: 65.4 %
Accuracy for class qtx   is: 74.3 %
Accuracy for class zxx   is: 34.4 %

========== Train Epoch 32 ==========
Loss: 0.039	Accuracy: 26 %	Time 35 s
Accuracy for class bzx   is: 0.0 %
Accuracy for class cwx   is: 7.1 %
Accuracy for class hdx   is: 5.0 %
Accuracy for class mtx   is: 4.5 %
Accuracy for class nqx   is: 30.8 %
Accuracy for class qtx   is: 88.6 %
Accuracy for class zxx   is: 21.9 %

========== Train Epoch 33 ==========
Loss: 0.023	Accuracy: 31 %	Time 34 s
Accuracy for class bzx   is: 0.0 %
Accuracy for class cwx   is: 7.1 %
Accuracy for class hdx   is: 10.0 %
Accuracy for class mtx   is: 9.1 %
Accuracy for class nqx   is: 26.9 %
Accuracy for class qtx   is: 80.0 %
Accuracy for class zxx   is: 39.1 %

========== Train Epoch 34 ==========
Loss: 0.013	Accuracy: 40 %	Time 34 s
Accuracy for class bzx   is: 5.9 %
Accuracy for class cwx   is: 7.1 %
Accuracy for class hdx   is: 5.0 %
Accuracy for class mtx   is: 13.6 %
Accuracy for class nqx   is: 30.8 %
Accuracy for class qtx   is: 88.6 %
Accuracy for class zxx   is: 60.9 %

========== Train Epoch 35 ==========
Loss: 0.017	Accuracy: 36 %	Time 33 s
Accuracy for class bzx   is: 0.0 %
Accuracy for class cwx   is: 3.6 %
Accuracy for class hdx   is: 0.0 %
Accuracy for class mtx   is: 9.1 %
Accuracy for class nqx   is: 19.2 %
Accuracy for class qtx   is: 94.3 %
Accuracy for class zxx   is: 56.2 %

========== Train Epoch 36 ==========
Loss: 0.052	Accuracy: 39 %	Time 35 s
Accuracy for class bzx   is: 23.5 %
Accuracy for class cwx   is: 7.1 %
Accuracy for class hdx   is: 5.0 %
Accuracy for class mtx   is: 27.3 %
Accuracy for class nqx   is: 26.9 %
Accuracy for class qtx   is: 91.4 %
Accuracy for class zxx   is: 48.4 %

========== Train Epoch 37 ==========
Loss: 0.062	Accuracy: 41 %	Time 34 s
Accuracy for class bzx   is: 0.0 %
Accuracy for class cwx   is: 14.3 %
Accuracy for class hdx   is: 0.0 %
Accuracy for class mtx   is: 13.6 %
Accuracy for class nqx   is: 30.8 %
Accuracy for class qtx   is: 45.7 %
Accuracy for class zxx   is: 90.6 %

========== Train Epoch 38 ==========
Loss: 0.045	Accuracy: 44 %	Time 34 s
Accuracy for class bzx   is: 0.0 %
Accuracy for class cwx   is: 17.9 %
Accuracy for class hdx   is: 5.0 %
Accuracy for class mtx   is: 59.1 %
Accuracy for class nqx   is: 26.9 %
Accuracy for class qtx   is: 74.3 %
Accuracy for class zxx   is: 67.2 %

========== Train Epoch 39 ==========
Loss: 0.039	Accuracy: 39 %	Time 35 s
Accuracy for class bzx   is: 0.0 %
Accuracy for class cwx   is: 17.9 %
Accuracy for class hdx   is: 25.0 %
Accuracy for class mtx   is: 27.3 %
Accuracy for class nqx   is: 42.3 %
Accuracy for class qtx   is: 82.9 %
Accuracy for class zxx   is: 43.8 %

========== Train Epoch 40 ==========
Loss: 0.150	Accuracy: 39 %	Time 34 s
Accuracy for class bzx   is: 0.0 %
Accuracy for class cwx   is: 0.0 %
Accuracy for class hdx   is: 0.0 %
Accuracy for class mtx   is: 9.1 %
Accuracy for class nqx   is: 34.6 %
Accuracy for class qtx   is: 77.1 %
Accuracy for class zxx   is: 71.9 %

========== Train Epoch 41 ==========
Loss: 0.172	Accuracy: 42 %	Time 35 s
Accuracy for class bzx   is: 11.8 %
Accuracy for class cwx   is: 21.4 %
Accuracy for class hdx   is: 20.0 %
Accuracy for class mtx   is: 36.4 %
Accuracy for class nqx   is: 7.7 %
Accuracy for class qtx   is: 71.4 %
Accuracy for class zxx   is: 68.8 %

========== Train Epoch 42 ==========
Loss: 0.148	Accuracy: 32 %	Time 34 s
Accuracy for class bzx   is: 29.4 %
Accuracy for class cwx   is: 3.6 %
Accuracy for class hdx   is: 0.0 %
Accuracy for class mtx   is: 50.0 %
Accuracy for class nqx   is: 46.2 %
Accuracy for class qtx   is: 51.4 %
Accuracy for class zxx   is: 34.4 %

========== Train Epoch 43 ==========
Loss: 0.117	Accuracy: 34 %	Time 34 s
Accuracy for class bzx   is: 5.9 %
Accuracy for class cwx   is: 0.0 %
Accuracy for class hdx   is: 5.0 %
Accuracy for class mtx   is: 4.5 %
Accuracy for class nqx   is: 50.0 %
Accuracy for class qtx   is: 62.9 %
Accuracy for class zxx   is: 54.7 %

========== Train Epoch 44 ==========
Loss: 0.092	Accuracy: 45 %	Time 35 s
Accuracy for class bzx   is: 5.9 %
Accuracy for class cwx   is: 28.6 %
Accuracy for class hdx   is: 0.0 %
Accuracy for class mtx   is: 36.4 %
Accuracy for class nqx   is: 26.9 %
Accuracy for class qtx   is: 82.9 %
Accuracy for class zxx   is: 68.8 %

========== Train Epoch 45 ==========
Loss: 0.045	Accuracy: 37 %	Time 34 s
Accuracy for class bzx   is: 29.4 %
Accuracy for class cwx   is: 0.0 %
Accuracy for class hdx   is: 5.0 %
Accuracy for class mtx   is: 27.3 %
Accuracy for class nqx   is: 34.6 %
Accuracy for class qtx   is: 85.7 %
Accuracy for class zxx   is: 43.8 %

========== Train Epoch 46 ==========
Loss: 0.039	Accuracy: 37 %	Time 35 s
Accuracy for class bzx   is: 17.6 %
Accuracy for class cwx   is: 14.3 %
Accuracy for class hdx   is: 5.0 %
Accuracy for class mtx   is: 45.5 %
Accuracy for class nqx   is: 53.8 %
Accuracy for class qtx   is: 71.4 %
Accuracy for class zxx   is: 34.4 %

========== Train Epoch 47 ==========
Loss: 0.051	Accuracy: 45 %	Time 33 s
Accuracy for class bzx   is: 23.5 %
Accuracy for class cwx   is: 17.9 %
Accuracy for class hdx   is: 30.0 %
Accuracy for class mtx   is: 31.8 %
Accuracy for class nqx   is: 19.2 %
Accuracy for class qtx   is: 85.7 %
Accuracy for class zxx   is: 62.5 %

========== Train Epoch 48 ==========
Loss: 0.017	Accuracy: 36 %	Time 35 s
Accuracy for class bzx   is: 0.0 %
Accuracy for class cwx   is: 35.7 %
Accuracy for class hdx   is: 15.0 %
Accuracy for class mtx   is: 27.3 %
Accuracy for class nqx   is: 23.1 %
Accuracy for class qtx   is: 88.6 %
Accuracy for class zxx   is: 34.4 %

========== Train Epoch 49 ==========
Loss: 0.006	Accuracy: 41 %	Time 34 s
Accuracy for class bzx   is: 0.0 %
Accuracy for class cwx   is: 28.6 %
Accuracy for class hdx   is: 20.0 %
Accuracy for class mtx   is: 18.2 %
Accuracy for class nqx   is: 26.9 %
Accuracy for class qtx   is: 91.4 %
Accuracy for class zxx   is: 50.0 %

========== Train Epoch 50 ==========
Loss: 0.007	Accuracy: 46 %	Time 35 s
Accuracy for class bzx   is: 11.8 %
Accuracy for class cwx   is: 21.4 %
Accuracy for class hdx   is: 15.0 %
Accuracy for class mtx   is: 31.8 %
Accuracy for class nqx   is: 42.3 %
Accuracy for class qtx   is: 80.0 %
Accuracy for class zxx   is: 64.1 %

========== Train Epoch 51 ==========
Loss: 0.013	Accuracy: 44 %	Time 33 s
Accuracy for class bzx   is: 0.0 %
Accuracy for class cwx   is: 35.7 %
Accuracy for class hdx   is: 20.0 %
Accuracy for class mtx   is: 27.3 %
Accuracy for class nqx   is: 38.5 %
Accuracy for class qtx   is: 85.7 %
Accuracy for class zxx   is: 54.7 %

========== Train Epoch 52 ==========
Loss: 0.055	Accuracy: 29 %	Time 34 s
Accuracy for class bzx   is: 17.6 %
Accuracy for class cwx   is: 0.0 %
Accuracy for class hdx   is: 5.0 %
Accuracy for class mtx   is: 63.6 %
Accuracy for class nqx   is: 19.2 %
Accuracy for class qtx   is: 80.0 %
Accuracy for class zxx   is: 18.8 %

========== Train Epoch 53 ==========
Loss: 0.120	Accuracy: 34 %	Time 36 s
Accuracy for class bzx   is: 5.9 %
Accuracy for class cwx   is: 0.0 %
Accuracy for class hdx   is: 0.0 %
Accuracy for class mtx   is: 31.8 %
Accuracy for class nqx   is: 69.2 %
Accuracy for class qtx   is: 22.9 %
Accuracy for class zxx   is: 62.5 %

========== Train Epoch 54 ==========
Loss: 0.061	Accuracy: 39 %	Time 34 s
Accuracy for class bzx   is: 17.6 %
Accuracy for class cwx   is: 0.0 %
Accuracy for class hdx   is: 5.0 %
Accuracy for class mtx   is: 40.9 %
Accuracy for class nqx   is: 42.3 %
Accuracy for class qtx   is: 20.0 %
Accuracy for class zxx   is: 82.8 %

========== Train Epoch 55 ==========
Loss: 0.041	Accuracy: 33 %	Time 34 s
Accuracy for class bzx   is: 11.8 %
Accuracy for class cwx   is: 0.0 %
Accuracy for class hdx   is: 10.0 %
Accuracy for class mtx   is: 36.4 %
Accuracy for class nqx   is: 61.5 %
Accuracy for class qtx   is: 54.3 %
Accuracy for class zxx   is: 39.1 %

========== Train Epoch 56 ==========
Loss: 0.013	Accuracy: 39 %	Time 34 s
Accuracy for class bzx   is: 11.8 %
Accuracy for class cwx   is: 0.0 %
Accuracy for class hdx   is: 10.0 %
Accuracy for class mtx   is: 27.3 %
Accuracy for class nqx   is: 53.8 %
Accuracy for class qtx   is: 60.0 %
Accuracy for class zxx   is: 59.4 %

========== Train Epoch 57 ==========
Loss: 0.010	Accuracy: 35 %	Time 33 s
Accuracy for class bzx   is: 17.6 %
Accuracy for class cwx   is: 0.0 %
Accuracy for class hdx   is: 5.0 %
Accuracy for class mtx   is: 27.3 %
Accuracy for class nqx   is: 61.5 %
Accuracy for class qtx   is: 51.4 %
Accuracy for class zxx   is: 50.0 %

========== Train Epoch 58 ==========
Loss: 0.005	Accuracy: 35 %	Time 34 s
Accuracy for class bzx   is: 0.0 %
Accuracy for class cwx   is: 0.0 %
Accuracy for class hdx   is: 0.0 %
Accuracy for class mtx   is: 36.4 %
Accuracy for class nqx   is: 61.5 %
Accuracy for class qtx   is: 60.0 %
Accuracy for class zxx   is: 48.4 %

========== Train Epoch 59 ==========
Loss: 0.004	Accuracy: 39 %	Time 34 s
Accuracy for class bzx   is: 11.8 %
Accuracy for class cwx   is: 0.0 %
Accuracy for class hdx   is: 15.0 %
Accuracy for class mtx   is: 18.2 %
Accuracy for class nqx   is: 42.3 %
Accuracy for class qtx   is: 77.1 %
Accuracy for class zxx   is: 56.2 %

========== Train Epoch 60 ==========
Loss: 0.005	Accuracy: 41 %	Time 36 s
Accuracy for class bzx   is: 11.8 %
Accuracy for class cwx   is: 0.0 %
Accuracy for class hdx   is: 10.0 %
Accuracy for class mtx   is: 40.9 %
Accuracy for class nqx   is: 50.0 %
Accuracy for class qtx   is: 68.6 %
Accuracy for class zxx   is: 57.8 %

========== Train Epoch 61 ==========
Loss: 0.003	Accuracy: 40 %	Time 35 s
Accuracy for class bzx   is: 5.9 %
Accuracy for class cwx   is: 0.0 %
Accuracy for class hdx   is: 20.0 %
Accuracy for class mtx   is: 31.8 %
Accuracy for class nqx   is: 57.7 %
Accuracy for class qtx   is: 68.6 %
Accuracy for class zxx   is: 54.7 %

========== Train Epoch 62 ==========
Loss: 0.003	Accuracy: 41 %	Time 34 s
Accuracy for class bzx   is: 11.8 %
Accuracy for class cwx   is: 0.0 %
Accuracy for class hdx   is: 15.0 %
Accuracy for class mtx   is: 31.8 %
Accuracy for class nqx   is: 42.3 %
Accuracy for class qtx   is: 85.7 %
Accuracy for class zxx   is: 53.1 %

========== Train Epoch 63 ==========
Loss: 0.003	Accuracy: 39 %	Time 34 s
Accuracy for class bzx   is: 23.5 %
Accuracy for class cwx   is: 0.0 %
Accuracy for class hdx   is: 30.0 %
Accuracy for class mtx   is: 22.7 %
Accuracy for class nqx   is: 42.3 %
Accuracy for class qtx   is: 80.0 %
Accuracy for class zxx   is: 45.3 %

========== Train Epoch 64 ==========
Loss: 0.001	Accuracy: 39 %	Time 34 s
Accuracy for class bzx   is: 17.6 %
Accuracy for class cwx   is: 0.0 %
Accuracy for class hdx   is: 10.0 %
Accuracy for class mtx   is: 27.3 %
Accuracy for class nqx   is: 46.2 %
Accuracy for class qtx   is: 85.7 %
Accuracy for class zxx   is: 48.4 %
Finished training!!!

Min loss = 0.001 in epoch 63;
max Accuracy = 46.23% in epoch 49;
Total Time 37 minutes

parallel_train = True
batch_size = 20
epochs = 64
loss_function = CrossEntropyLoss()
optimizer = Adam (
Parameter Group 0
    amsgrad: False
    betas: (0.9, 0.999)
    eps: 1e-08
    lr: 0.0001
    weight_decay: 0
)

ResNet(
  (conv1): Conv2d(3, 64, kernel_size=(7, 7), stride=(2, 2), padding=(3, 3), bias=False)
  (bn1): BatchNorm2d(64, eps=1e-05, momentum=0.1, affine=True, track_running_stats=True)
  (relu): ReLU(inplace=True)
  (maxpool): MaxPool2d(kernel_size=3, stride=2, padding=1, dilation=1, ceil_mode=False)
  (layer1): Sequential(
    (0): BasicBlock(
      (conv1): Conv2d(64, 64, kernel_size=(3, 3), stride=(1, 1), padding=(1, 1), bias=False)
      (bn1): BatchNorm2d(64, eps=1e-05, momentum=0.1, affine=True, track_running_stats=True)
      (relu): ReLU(inplace=True)
      (conv2): Conv2d(64, 64, kernel_size=(3, 3), stride=(1, 1), padding=(1, 1), bias=False)
      (bn2): BatchNorm2d(64, eps=1e-05, momentum=0.1, affine=True, track_running_stats=True)
    )
    (1): BasicBlock(
      (conv1): Conv2d(64, 64, kernel_size=(3, 3), stride=(1, 1), padding=(1, 1), bias=False)
      (bn1): BatchNorm2d(64, eps=1e-05, momentum=0.1, affine=True, track_running_stats=True)
      (relu): ReLU(inplace=True)
      (conv2): Conv2d(64, 64, kernel_size=(3, 3), stride=(1, 1), padding=(1, 1), bias=False)
      (bn2): BatchNorm2d(64, eps=1e-05, momentum=0.1, affine=True, track_running_stats=True)
    )
    (2): BasicBlock(
      (conv1): Conv2d(64, 64, kernel_size=(3, 3), stride=(1, 1), padding=(1, 1), bias=False)
      (bn1): BatchNorm2d(64, eps=1e-05, momentum=0.1, affine=True, track_running_stats=True)
      (relu): ReLU(inplace=True)
      (conv2): Conv2d(64, 64, kernel_size=(3, 3), stride=(1, 1), padding=(1, 1), bias=False)
      (bn2): BatchNorm2d(64, eps=1e-05, momentum=0.1, affine=True, track_running_stats=True)
    )
  )
  (layer2): Sequential(
    (0): BasicBlock(
      (conv1): Conv2d(64, 128, kernel_size=(3, 3), stride=(2, 2), padding=(1, 1), bias=False)
      (bn1): BatchNorm2d(128, eps=1e-05, momentum=0.1, affine=True, track_running_stats=True)
      (relu): ReLU(inplace=True)
      (conv2): Conv2d(128, 128, kernel_size=(3, 3), stride=(1, 1), padding=(1, 1), bias=False)
      (bn2): BatchNorm2d(128, eps=1e-05, momentum=0.1, affine=True, track_running_stats=True)
      (downsample): Sequential(
        (0): Conv2d(64, 128, kernel_size=(1, 1), stride=(2, 2), bias=False)
        (1): BatchNorm2d(128, eps=1e-05, momentum=0.1, affine=True, track_running_stats=True)
      )
    )
    (1): BasicBlock(
      (conv1): Conv2d(128, 128, kernel_size=(3, 3), stride=(1, 1), padding=(1, 1), bias=False)
      (bn1): BatchNorm2d(128, eps=1e-05, momentum=0.1, affine=True, track_running_stats=True)
      (relu): ReLU(inplace=True)
      (conv2): Conv2d(128, 128, kernel_size=(3, 3), stride=(1, 1), padding=(1, 1), bias=False)
      (bn2): BatchNorm2d(128, eps=1e-05, momentum=0.1, affine=True, track_running_stats=True)
    )
    (2): BasicBlock(
      (conv1): Conv2d(128, 128, kernel_size=(3, 3), stride=(1, 1), padding=(1, 1), bias=False)
      (bn1): BatchNorm2d(128, eps=1e-05, momentum=0.1, affine=True, track_running_stats=True)
      (relu): ReLU(inplace=True)
      (conv2): Conv2d(128, 128, kernel_size=(3, 3), stride=(1, 1), padding=(1, 1), bias=False)
      (bn2): BatchNorm2d(128, eps=1e-05, momentum=0.1, affine=True, track_running_stats=True)
    )
    (3): BasicBlock(
      (conv1): Conv2d(128, 128, kernel_size=(3, 3), stride=(1, 1), padding=(1, 1), bias=False)
      (bn1): BatchNorm2d(128, eps=1e-05, momentum=0.1, affine=True, track_running_stats=True)
      (relu): ReLU(inplace=True)
      (conv2): Conv2d(128, 128, kernel_size=(3, 3), stride=(1, 1), padding=(1, 1), bias=False)
      (bn2): BatchNorm2d(128, eps=1e-05, momentum=0.1, affine=True, track_running_stats=True)
    )
  )
  (layer3): Sequential(
    (0): BasicBlock(
      (conv1): Conv2d(128, 256, kernel_size=(3, 3), stride=(2, 2), padding=(1, 1), bias=False)
      (bn1): BatchNorm2d(256, eps=1e-05, momentum=0.1, affine=True, track_running_stats=True)
      (relu): ReLU(inplace=True)
      (conv2): Conv2d(256, 256, kernel_size=(3, 3), stride=(1, 1), padding=(1, 1), bias=False)
      (bn2): BatchNorm2d(256, eps=1e-05, momentum=0.1, affine=True, track_running_stats=True)
      (downsample): Sequential(
        (0): Conv2d(128, 256, kernel_size=(1, 1), stride=(2, 2), bias=False)
        (1): BatchNorm2d(256, eps=1e-05, momentum=0.1, affine=True, track_running_stats=True)
      )
    )
    (1): BasicBlock(
      (conv1): Conv2d(256, 256, kernel_size=(3, 3), stride=(1, 1), padding=(1, 1), bias=False)
      (bn1): BatchNorm2d(256, eps=1e-05, momentum=0.1, affine=True, track_running_stats=True)
      (relu): ReLU(inplace=True)
      (conv2): Conv2d(256, 256, kernel_size=(3, 3), stride=(1, 1), padding=(1, 1), bias=False)
      (bn2): BatchNorm2d(256, eps=1e-05, momentum=0.1, affine=True, track_running_stats=True)
    )
    (2): BasicBlock(
      (conv1): Conv2d(256, 256, kernel_size=(3, 3), stride=(1, 1), padding=(1, 1), bias=False)
      (bn1): BatchNorm2d(256, eps=1e-05, momentum=0.1, affine=True, track_running_stats=True)
      (relu): ReLU(inplace=True)
      (conv2): Conv2d(256, 256, kernel_size=(3, 3), stride=(1, 1), padding=(1, 1), bias=False)
      (bn2): BatchNorm2d(256, eps=1e-05, momentum=0.1, affine=True, track_running_stats=True)
    )
    (3): BasicBlock(
      (conv1): Conv2d(256, 256, kernel_size=(3, 3), stride=(1, 1), padding=(1, 1), bias=False)
      (bn1): BatchNorm2d(256, eps=1e-05, momentum=0.1, affine=True, track_running_stats=True)
      (relu): ReLU(inplace=True)
      (conv2): Conv2d(256, 256, kernel_size=(3, 3), stride=(1, 1), padding=(1, 1), bias=False)
      (bn2): BatchNorm2d(256, eps=1e-05, momentum=0.1, affine=True, track_running_stats=True)
    )
    (4): BasicBlock(
      (conv1): Conv2d(256, 256, kernel_size=(3, 3), stride=(1, 1), padding=(1, 1), bias=False)
      (bn1): BatchNorm2d(256, eps=1e-05, momentum=0.1, affine=True, track_running_stats=True)
      (relu): ReLU(inplace=True)
      (conv2): Conv2d(256, 256, kernel_size=(3, 3), stride=(1, 1), padding=(1, 1), bias=False)
      (bn2): BatchNorm2d(256, eps=1e-05, momentum=0.1, affine=True, track_running_stats=True)
    )
    (5): BasicBlock(
      (conv1): Conv2d(256, 256, kernel_size=(3, 3), stride=(1, 1), padding=(1, 1), bias=False)
      (bn1): BatchNorm2d(256, eps=1e-05, momentum=0.1, affine=True, track_running_stats=True)
      (relu): ReLU(inplace=True)
      (conv2): Conv2d(256, 256, kernel_size=(3, 3), stride=(1, 1), padding=(1, 1), bias=False)
      (bn2): BatchNorm2d(256, eps=1e-05, momentum=0.1, affine=True, track_running_stats=True)
    )
  )
  (layer4): Sequential(
    (0): BasicBlock(
      (conv1): Conv2d(256, 512, kernel_size=(3, 3), stride=(2, 2), padding=(1, 1), bias=False)
      (bn1): BatchNorm2d(512, eps=1e-05, momentum=0.1, affine=True, track_running_stats=True)
      (relu): ReLU(inplace=True)
      (conv2): Conv2d(512, 512, kernel_size=(3, 3), stride=(1, 1), padding=(1, 1), bias=False)
      (bn2): BatchNorm2d(512, eps=1e-05, momentum=0.1, affine=True, track_running_stats=True)
      (downsample): Sequential(
        (0): Conv2d(256, 512, kernel_size=(1, 1), stride=(2, 2), bias=False)
        (1): BatchNorm2d(512, eps=1e-05, momentum=0.1, affine=True, track_running_stats=True)
      )
    )
    (1): BasicBlock(
      (conv1): Conv2d(512, 512, kernel_size=(3, 3), stride=(1, 1), padding=(1, 1), bias=False)
      (bn1): BatchNorm2d(512, eps=1e-05, momentum=0.1, affine=True, track_running_stats=True)
      (relu): ReLU(inplace=True)
      (conv2): Conv2d(512, 512, kernel_size=(3, 3), stride=(1, 1), padding=(1, 1), bias=False)
      (bn2): BatchNorm2d(512, eps=1e-05, momentum=0.1, affine=True, track_running_stats=True)
    )
    (2): BasicBlock(
      (conv1): Conv2d(512, 512, kernel_size=(3, 3), stride=(1, 1), padding=(1, 1), bias=False)
      (bn1): BatchNorm2d(512, eps=1e-05, momentum=0.1, affine=True, track_running_stats=True)
      (relu): ReLU(inplace=True)
      (conv2): Conv2d(512, 512, kernel_size=(3, 3), stride=(1, 1), padding=(1, 1), bias=False)
      (bn2): BatchNorm2d(512, eps=1e-05, momentum=0.1, affine=True, track_running_stats=True)
    )
  )
  (avgpool): AdaptiveAvgPool2d(output_size=(1, 1))
  (fc): Linear(in_features=1024, out_features=7, bias=True)
)

