dataset_path: /home/djy/dataset/dataset2
pretrained : False 
parallel: False

msg: alexnet 3x3
using model: AlexNet, _alexnet
using device cuda:0
batch_size = 20
epochs = 64
loss_function = CrossEntropyLoss()
optimizer = Adam (
Parameter Group 0
    amsgrad: False
    betas: (0.9, 0.999)
    eps: 1e-08
    lr: 0.0001
    weight_decay: 0
)


========== Train Epoch 1 ==========
Loss: 1.916	Accuracy: 24.86%	Cost 30s
              precision    recall  f1-score   support

         bzx     0.0000    0.0000    0.0000        31
         cwx     0.2500    0.0909    0.1333        22
         hdx     0.0000    0.0000    0.0000        17
         mtx     0.0000    0.0000    0.0000        19
         nqx     0.3182    0.5833    0.4118        12
         qtx     0.0000    0.0000    0.0000        45
         zxx     0.2418    0.9487    0.3854        39

    accuracy                         0.2486       185
   macro avg     0.1157    0.2319    0.1329       185
weighted avg     0.1013    0.2486    0.1238       185

micro f-score: 0.24864864864864866

========== Train Epoch 2 ==========
/home/djy/anaconda3/envs/pytorch/lib/python3.7/site-packages/sklearn/metrics/_classification.py:1308: UndefinedMetricWarning: Precision and F-score are ill-defined and being set to 0.0 in labels with no predicted samples. Use `zero_division` parameter to control this behavior.
  _warn_prf(average, modifier, msg_start, len(result))
/home/djy/anaconda3/envs/pytorch/lib/python3.7/site-packages/sklearn/metrics/_classification.py:1308: UndefinedMetricWarning: Precision and F-score are ill-defined and being set to 0.0 in labels with no predicted samples. Use `zero_division` parameter to control this behavior.
  _warn_prf(average, modifier, msg_start, len(result))
/home/djy/anaconda3/envs/pytorch/lib/python3.7/site-packages/sklearn/metrics/_classification.py:1308: UndefinedMetricWarning: Precision and F-score are ill-defined and being set to 0.0 in labels with no predicted samples. Use `zero_division` parameter to control this behavior.
  _warn_prf(average, modifier, msg_start, len(result))
Loss: 1.761	Accuracy: 34.59%	Cost 44s
              precision    recall  f1-score   support

         bzx     0.0000    0.0000    0.0000        31
         cwx     0.2000    0.3182    0.2456        22
         hdx     0.0000    0.0000    0.0000        17
         mtx     0.0000    0.0000    0.0000        19
         nqx     0.2941    0.4167    0.3448        12
         qtx     0.4615    0.4000    0.4286        45
         zxx     0.3617    0.8718    0.5113        39

    accuracy                         0.3459       185
   macro avg     0.1882    0.2867    0.2186       185
weighted avg     0.2314    0.3459    0.2636       185

micro f-score: 0.34594594594594597

========== Train Epoch 3 ==========
/home/djy/anaconda3/envs/pytorch/lib/python3.7/site-packages/sklearn/metrics/_classification.py:1308: UndefinedMetricWarning: Precision and F-score are ill-defined and being set to 0.0 in labels with no predicted samples. Use `zero_division` parameter to control this behavior.
  _warn_prf(average, modifier, msg_start, len(result))
/home/djy/anaconda3/envs/pytorch/lib/python3.7/site-packages/sklearn/metrics/_classification.py:1308: UndefinedMetricWarning: Precision and F-score are ill-defined and being set to 0.0 in labels with no predicted samples. Use `zero_division` parameter to control this behavior.
  _warn_prf(average, modifier, msg_start, len(result))
/home/djy/anaconda3/envs/pytorch/lib/python3.7/site-packages/sklearn/metrics/_classification.py:1308: UndefinedMetricWarning: Precision and F-score are ill-defined and being set to 0.0 in labels with no predicted samples. Use `zero_division` parameter to control this behavior.
  _warn_prf(average, modifier, msg_start, len(result))
Loss: 1.628	Accuracy: 45.41%	Cost 44s
              precision    recall  f1-score   support

         bzx     0.3182    0.6774    0.4330        31
         cwx     0.3333    0.0909    0.1429        22
         hdx     0.3125    0.2941    0.3030        17
         mtx     0.3125    0.2632    0.2857        19
         nqx     0.6667    0.1667    0.2667        12
         qtx     0.6316    0.5333    0.5783        45
         zxx     0.6250    0.6410    0.6329        39

    accuracy                         0.4541       185
   macro avg     0.4571    0.3809    0.3775       185
weighted avg     0.4824    0.4541    0.4381       185

micro f-score: 0.4540540540540541

========== Train Epoch 4 ==========
Loss: 1.527	Accuracy: 44.86%	Cost 45s
              precision    recall  f1-score   support

         bzx     1.0000    0.0645    0.1212        31
         cwx     0.3889    0.6364    0.4828        22
         hdx     0.3333    0.1176    0.1739        17
         mtx     0.5000    0.1579    0.2400        19
         nqx     0.6000    0.5000    0.5455        12
         qtx     0.9000    0.4000    0.5538        45
         zxx     0.3619    0.9744    0.5278        39

    accuracy                         0.4486       185
   macro avg     0.5834    0.4073    0.3779       185
weighted avg     0.6299    0.4486    0.3997       185

micro f-score: 0.4486486486486486

========== Train Epoch 5 ==========
Loss: 1.451	Accuracy: 45.95%	Cost 45s
              precision    recall  f1-score   support

         bzx     0.4211    0.2581    0.3200        31
         cwx     0.3929    0.5000    0.4400        22
         hdx     0.0000    0.0000    0.0000        17
         mtx     0.0000    0.0000    0.0000        19
         nqx     0.3636    0.6667    0.4706        12
         qtx     0.7500    0.5333    0.6234        45
         zxx     0.4250    0.8718    0.5714        39

    accuracy                         0.4595       185
   macro avg     0.3361    0.4043    0.3465       185
weighted avg     0.4129    0.4595    0.4086       185

micro f-score: 0.4594594594594595

========== Train Epoch 6 ==========
/home/djy/anaconda3/envs/pytorch/lib/python3.7/site-packages/sklearn/metrics/_classification.py:1308: UndefinedMetricWarning: Precision and F-score are ill-defined and being set to 0.0 in labels with no predicted samples. Use `zero_division` parameter to control this behavior.
  _warn_prf(average, modifier, msg_start, len(result))
/home/djy/anaconda3/envs/pytorch/lib/python3.7/site-packages/sklearn/metrics/_classification.py:1308: UndefinedMetricWarning: Precision and F-score are ill-defined and being set to 0.0 in labels with no predicted samples. Use `zero_division` parameter to control this behavior.
  _warn_prf(average, modifier, msg_start, len(result))
/home/djy/anaconda3/envs/pytorch/lib/python3.7/site-packages/sklearn/metrics/_classification.py:1308: UndefinedMetricWarning: Precision and F-score are ill-defined and being set to 0.0 in labels with no predicted samples. Use `zero_division` parameter to control this behavior.
  _warn_prf(average, modifier, msg_start, len(result))
Loss: 1.343	Accuracy: 38.38%	Cost 49s
              precision    recall  f1-score   support

         bzx     0.2895    0.3548    0.3188        31
         cwx     0.5000    0.3182    0.3889        22
         hdx     0.0000    0.0000    0.0000        17
         mtx     1.0000    0.0526    0.1000        19
         nqx     0.2245    0.9167    0.3607        12
         qtx     0.9167    0.2444    0.3860        45
         zxx     0.4412    0.7692    0.5607        39

    accuracy                         0.3838       185
   macro avg     0.4817    0.3794    0.3022       185
weighted avg     0.5412    0.3838    0.3454       185

micro f-score: 0.3837837837837838

========== Train Epoch 7 ==========
Loss: 1.311	Accuracy: 52.43%	Cost 46s
              precision    recall  f1-score   support

         bzx     0.4545    0.4839    0.4687        31
         cwx     0.3939    0.5909    0.4727        22
         hdx     0.2222    0.1176    0.1538        17
         mtx     0.2188    0.3684    0.2745        19
         nqx     0.6667    0.6667    0.6667        12
         qtx     0.8065    0.5556    0.6579        45
         zxx     0.7714    0.6923    0.7297        39

    accuracy                         0.5243       185
   macro avg     0.5049    0.4965    0.4892       185
weighted avg     0.5679    0.5243    0.5342       185

micro f-score: 0.5243243243243243

========== Train Epoch 8 ==========
Loss: 1.240	Accuracy: 45.41%	Cost 46s
              precision    recall  f1-score   support

         bzx     0.2840    0.7419    0.4107        31
         cwx     0.6364    0.3182    0.4242        22
         hdx     1.0000    0.0588    0.1111        17
         mtx     0.2333    0.3684    0.2857        19
         nqx     0.5556    0.8333    0.6667        12
         qtx     0.8889    0.5333    0.6667        45
         zxx     0.7059    0.3077    0.4286        39

    accuracy                         0.4541       185
   macro avg     0.6149    0.4517    0.4277       185
weighted avg     0.6402    0.4541    0.4546       185

micro f-score: 0.4540540540540541

========== Train Epoch 9 ==========
Loss: 1.190	Accuracy: 48.65%	Cost 45s
              precision    recall  f1-score   support

         bzx     0.6000    0.1935    0.2927        31
         cwx     0.3611    0.5909    0.4483        22
         hdx     0.1667    0.0588    0.0870        17
         mtx     0.5000    0.1053    0.1739        19
         nqx     0.2647    0.7500    0.3913        12
         qtx     0.7436    0.6444    0.6905        45
         zxx     0.5357    0.7692    0.6316        39

    accuracy                         0.4865       185
   macro avg     0.4531    0.4446    0.3879       185
weighted avg     0.5211    0.4865    0.4547       185

micro f-score: 0.4864864864864865

========== Train Epoch 10 ==========
Loss: 1.091	Accuracy: 51.89%	Cost 47s
              precision    recall  f1-score   support

         bzx     0.3864    0.5484    0.4533        31
         cwx     0.3478    0.3636    0.3556        22
         hdx     0.0000    0.0000    0.0000        17
         mtx     0.5714    0.2105    0.3077        19
         nqx     0.5385    0.5833    0.5600        12
         qtx     0.8000    0.6222    0.7000        45
         zxx     0.5246    0.8205    0.6400        39

    accuracy                         0.5189       185
   macro avg     0.4527    0.4498    0.4309       185
weighted avg     0.5049    0.5189    0.4914       185

micro f-score: 0.518918918918919

========== Train Epoch 11 ==========
Loss: 0.965	Accuracy: 55.14%	Cost 44s
              precision    recall  f1-score   support

         bzx     0.6000    0.2903    0.3913        31
         cwx     0.4583    0.5000    0.4783        22
         hdx     0.2800    0.4118    0.3333        17
         mtx     0.3333    0.3684    0.3500        19
         nqx     0.5789    0.9167    0.7097        12
         qtx     0.7368    0.6222    0.6747        45
         zxx     0.6744    0.7436    0.7073        39

    accuracy                         0.5514       185
   macro avg     0.5231    0.5504    0.5207       185
weighted avg     0.5740    0.5514    0.5483       185

micro f-score: 0.5513513513513514

========== Train Epoch 12 ==========
Loss: 0.957	Accuracy: 51.89%	Cost 45s
              precision    recall  f1-score   support

         bzx     0.3953    0.5484    0.4595        31
         cwx     0.4444    0.5455    0.4898        22
         hdx     0.3448    0.5882    0.4348        17
         mtx     0.2941    0.2632    0.2778        19
         nqx     0.5263    0.8333    0.6452        12
         qtx     0.7931    0.5111    0.6216        45
         zxx     0.9048    0.4872    0.6333        39

    accuracy                         0.5189       185
   macro avg     0.5290    0.5396    0.5088       185
weighted avg     0.5988    0.5189    0.5303       185

micro f-score: 0.518918918918919

========== Train Epoch 13 ==========
Loss: 0.976	Accuracy: 48.65%	Cost 48s
              precision    recall  f1-score   support

         bzx     0.3500    0.6774    0.4615        31
         cwx     0.3478    0.7273    0.4706        22
         hdx     0.4545    0.2941    0.3571        17
         mtx     0.6000    0.1579    0.2500        19
         nqx     0.7000    0.5833    0.6364        12
         qtx     0.6667    0.5778    0.6190        45
         zxx     0.8571    0.3077    0.4528        39

    accuracy                         0.4865       185
   macro avg     0.5680    0.4751    0.4639       185
weighted avg     0.5917    0.4865    0.4791       185

micro f-score: 0.4864864864864865

========== Train Epoch 14 ==========
Loss: 0.793	Accuracy: 56.22%	Cost 44s
              precision    recall  f1-score   support

         bzx     0.5238    0.3548    0.4231        31
         cwx     0.5714    0.5455    0.5581        22
         hdx     0.4211    0.4706    0.4444        17
         mtx     0.6000    0.1579    0.2500        19
         nqx     0.5000    0.7500    0.6000        12
         qtx     0.5385    0.7778    0.6364        45
         zxx     0.7222    0.6667    0.6933        39

    accuracy                         0.5622       185
   macro avg     0.5539    0.5319    0.5151       185
weighted avg     0.5717    0.5622    0.5437       185

micro f-score: 0.5621621621621622

========== Train Epoch 15 ==========
Loss: 0.722	Accuracy: 55.68%	Cost 44s
              precision    recall  f1-score   support

         bzx     0.5882    0.3226    0.4167        31
         cwx     0.3889    0.6364    0.4828        22
         hdx     0.5000    0.2941    0.3704        17
         mtx     0.3043    0.3684    0.3333        19
         nqx     0.4737    0.7500    0.5806        12
         qtx     0.7209    0.6889    0.7045        45
         zxx     0.7297    0.6923    0.7105        39

    accuracy                         0.5568       185
   macro avg     0.5294    0.5361    0.5141       185
weighted avg     0.5819    0.5568    0.5543       185

micro f-score: 0.5567567567567567

========== Train Epoch 16 ==========
Loss: 0.730	Accuracy: 50.27%	Cost 44s
              precision    recall  f1-score   support

         bzx     0.5714    0.2581    0.3556        31
         cwx     0.6364    0.6364    0.6364        22
         hdx     0.3333    0.4706    0.3902        17
         mtx     0.2895    0.5789    0.3860        19
         nqx     0.3333    0.6667    0.4444        12
         qtx     0.6383    0.6667    0.6522        45
         zxx     0.8750    0.3590    0.5091        39

    accuracy                         0.5027       185
   macro avg     0.5253    0.5195    0.4820       185
weighted avg     0.5931    0.5027    0.5055       185

micro f-score: 0.5027027027027027

========== Train Epoch 17 ==========
Loss: 0.670	Accuracy: 50.81%	Cost 44s
              precision    recall  f1-score   support

         bzx     0.3636    0.3871    0.3750        31
         cwx     0.5500    0.5000    0.5238        22
         hdx     0.2857    0.3529    0.3158        17
         mtx     1.0000    0.0526    0.1000        19
         nqx     0.6923    0.7500    0.7200        12
         qtx     0.9000    0.4000    0.5538        45
         zxx     0.4805    0.9487    0.6379        39

    accuracy                         0.5081       185
   macro avg     0.6103    0.4845    0.4609       185
weighted avg     0.6204    0.5081    0.4803       185

micro f-score: 0.5081081081081081

========== Train Epoch 18 ==========
Loss: 0.655	Accuracy: 60.54%	Cost 48s
              precision    recall  f1-score   support

         bzx     0.7500    0.2903    0.4186        31
         cwx     0.5185    0.6364    0.5714        22
         hdx     0.3913    0.5294    0.4500        17
         mtx     0.4667    0.3684    0.4118        19
         nqx     0.6667    0.6667    0.6667        12
         qtx     0.6200    0.6889    0.6526        45
         zxx     0.7391    0.8718    0.8000        39

    accuracy                         0.6054       185
   macro avg     0.5932    0.5788    0.5673       185
weighted avg     0.6211    0.6054    0.5924       185

micro f-score: 0.6054054054054054

========== Train Epoch 19 ==========
Loss: 0.575	Accuracy: 54.59%	Cost 44s
              precision    recall  f1-score   support

         bzx     0.6250    0.3226    0.4255        31
         cwx     0.7333    0.5000    0.5946        22
         hdx     0.3684    0.4118    0.3889        17
         mtx     0.2456    0.7368    0.3684        19
         nqx     0.5333    0.6667    0.5926        12
         qtx     0.9130    0.4667    0.6176        45
         zxx     0.7500    0.7692    0.7595        39

    accuracy                         0.5459       185
   macro avg     0.5955    0.5534    0.5353       185
weighted avg     0.6658    0.5459    0.5644       185

micro f-score: 0.5459459459459459

========== Train Epoch 20 ==========
Loss: 0.550	Accuracy: 56.76%	Cost 46s
              precision    recall  f1-score   support

         bzx     0.8000    0.1290    0.2222        31
         cwx     0.5909    0.5909    0.5909        22
         hdx     0.2500    0.5882    0.3509        17
         mtx     0.2800    0.3684    0.3182        19
         nqx     0.8182    0.7500    0.7826        12
         qtx     0.7209    0.6889    0.7045        45
         zxx     0.7949    0.7949    0.7949        39

    accuracy                         0.5676       185
   macro avg     0.6078    0.5586    0.5377       185
weighted avg     0.6521    0.5676    0.5621       185

micro f-score: 0.5675675675675675

========== Train Epoch 21 ==========
Loss: 0.522	Accuracy: 62.16%	Cost 44s
              precision    recall  f1-score   support

         bzx     0.6154    0.5161    0.5614        31
         cwx     0.8000    0.5455    0.6486        22
         hdx     0.3636    0.4706    0.4103        17
         mtx     0.3182    0.3684    0.3415        19
         nqx     0.5556    0.8333    0.6667        12
         qtx     0.7021    0.7333    0.7174        45
         zxx     0.8286    0.7436    0.7838        39

    accuracy                         0.6216       185
   macro avg     0.5976    0.6015    0.5899       185
weighted avg     0.6458    0.6216    0.6270       185

micro f-score: 0.6216216216216216

========== Train Epoch 22 ==========
Loss: 0.553	Accuracy: 57.30%	Cost 45s
              precision    recall  f1-score   support

         bzx     0.7143    0.3226    0.4444        31
         cwx     0.3617    0.7727    0.4928        22
         hdx     0.3000    0.1765    0.2222        17
         mtx     0.5556    0.2632    0.3571        19
         nqx     0.4400    0.9167    0.5946        12
         qtx     0.8529    0.6444    0.7342        45
         zxx     0.6739    0.7949    0.7294        39

    accuracy                         0.5730       185
   macro avg     0.5569    0.5558    0.5107       185
weighted avg     0.6254    0.5730    0.5611       185

micro f-score: 0.572972972972973

========== Train Epoch 23 ==========
Loss: 0.479	Accuracy: 59.46%	Cost 46s
              precision    recall  f1-score   support

         bzx     0.4000    0.5806    0.4737        31
         cwx     0.6667    0.3636    0.4706        22
         hdx     0.5000    0.5294    0.5143        17
         mtx     0.6667    0.1053    0.1818        19
         nqx     0.6364    0.5833    0.6087        12
         qtx     0.8056    0.6444    0.7160        45
         zxx     0.6167    0.9487    0.7475        39

    accuracy                         0.5946       185
   macro avg     0.6131    0.5365    0.5304       185
weighted avg     0.6279    0.5946    0.5725       185

micro f-score: 0.5945945945945946

========== Train Epoch 24 ==========
Loss: 0.406	Accuracy: 55.14%	Cost 47s
              precision    recall  f1-score   support

         bzx     0.4865    0.5806    0.5294        31
         cwx     0.6316    0.5455    0.5854        22
         hdx     0.2333    0.4118    0.2979        17
         mtx     0.3500    0.3684    0.3590        19
         nqx     0.7857    0.9167    0.8462        12
         qtx     0.8333    0.3333    0.4762        45
         zxx     0.6809    0.8205    0.7442        39

    accuracy                         0.5514       185
   macro avg     0.5716    0.5681    0.5483       185
weighted avg     0.6112    0.5514    0.5502       185

micro f-score: 0.5513513513513514

========== Train Epoch 25 ==========
Loss: 0.348	Accuracy: 58.92%	Cost 44s
              precision    recall  f1-score   support

         bzx     0.4694    0.7419    0.5750        31
         cwx     0.5789    0.5000    0.5366        22
         hdx     0.6250    0.2941    0.4000        17
         mtx     0.3125    0.2632    0.2857        19
         nqx     0.3636    0.6667    0.4706        12
         qtx     0.8966    0.5778    0.7027        45
         zxx     0.7381    0.7949    0.7654        39

    accuracy                         0.5892       185
   macro avg     0.5692    0.5484    0.5337       185
weighted avg     0.6343    0.5892    0.5891       185

micro f-score: 0.5891891891891892

========== Train Epoch 26 ==========
Loss: 0.306	Accuracy: 58.38%	Cost 45s
              precision    recall  f1-score   support

         bzx     0.6316    0.3871    0.4800        31
         cwx     0.6471    0.5000    0.5641        22
         hdx     0.2727    0.3529    0.3077        17
         mtx     0.3846    0.2632    0.3125        19
         nqx     0.6429    0.7500    0.6923        12
         qtx     0.7778    0.6222    0.6914        45
         zxx     0.5781    0.9487    0.7184        39

    accuracy                         0.5838       185
   macro avg     0.5621    0.5463    0.5381       185
weighted avg     0.6001    0.5838    0.5724       185

micro f-score: 0.5837837837837838

========== Train Epoch 27 ==========
Loss: 0.370	Accuracy: 62.16%	Cost 46s
              precision    recall  f1-score   support

         bzx     0.5116    0.7097    0.5946        31
         cwx     0.7333    0.5000    0.5946        22
         hdx     0.4348    0.5882    0.5000        17
         mtx     0.4000    0.5263    0.4545        19
         nqx     0.6875    0.9167    0.7857        12
         qtx     0.8519    0.5111    0.6389        45
         zxx     0.7778    0.7179    0.7467        39

    accuracy                         0.6216       185
   macro avg     0.6281    0.6386    0.6164       185
weighted avg     0.6697    0.6216    0.6267       185

micro f-score: 0.6216216216216216

========== Train Epoch 28 ==========
Loss: 0.366	Accuracy: 59.46%	Cost 46s
              precision    recall  f1-score   support

         bzx     0.7500    0.2903    0.4186        31
         cwx     0.7059    0.5455    0.6154        22
         hdx     0.3793    0.6471    0.4783        17
         mtx     0.4737    0.4737    0.4737        19
         nqx     0.8333    0.4167    0.5556        12
         qtx     0.5507    0.8444    0.6667        45
         zxx     0.7879    0.6667    0.7222        39

    accuracy                         0.5946       185
   macro avg     0.6401    0.5549    0.5615       185
weighted avg     0.6472    0.5946    0.5864       185

micro f-score: 0.5945945945945946

========== Train Epoch 29 ==========
Loss: 0.336	Accuracy: 60.54%	Cost 43s
              precision    recall  f1-score   support

         bzx     0.5556    0.4839    0.5172        31
         cwx     0.7143    0.4545    0.5556        22
         hdx     0.3846    0.5882    0.4651        17
         mtx     0.4091    0.4737    0.4390        19
         nqx     0.7273    0.6667    0.6957        12
         qtx     0.7879    0.5778    0.6667        45
         zxx     0.6538    0.8718    0.7473        39

    accuracy                         0.6054       185
   macro avg     0.6046    0.5881    0.5838       185
weighted avg     0.6321    0.6054    0.6054       185

micro f-score: 0.6054054054054054

========== Train Epoch 30 ==========
Loss: 0.270	Accuracy: 64.86%	Cost 46s
              precision    recall  f1-score   support

         bzx     0.6538    0.5484    0.5965        31
         cwx     0.6667    0.4545    0.5405        22
         hdx     0.4348    0.5882    0.5000        17
         mtx     0.4444    0.6316    0.5217        19
         nqx     0.5333    0.6667    0.5926        12
         qtx     0.8158    0.6889    0.7470        45
         zxx     0.7805    0.8205    0.8000        39

    accuracy                         0.6486       185
   macro avg     0.6185    0.6284    0.6141       185
weighted avg     0.6720    0.6486    0.6525       185

micro f-score: 0.6486486486486487

========== Train Epoch 31 ==========
Loss: 0.255	Accuracy: 51.35%	Cost 45s
              precision    recall  f1-score   support

         bzx     0.4839    0.4839    0.4839        31
         cwx     0.5263    0.4545    0.4878        22
         hdx     0.2619    0.6471    0.3729        17
         mtx     0.3182    0.3684    0.3415        19
         nqx     0.4348    0.8333    0.5714        12
         qtx     0.8276    0.5333    0.6486        45
         zxx     0.9474    0.4615    0.6207        39

    accuracy                         0.5135       185
   macro avg     0.5429    0.5403    0.5038       185
weighted avg     0.6296    0.5135    0.5341       185

micro f-score: 0.5135135135135135

========== Train Epoch 32 ==========
Loss: 0.353	Accuracy: 57.30%	Cost 42s
              precision    recall  f1-score   support

         bzx     0.5417    0.4194    0.4727        31
         cwx     0.8571    0.2727    0.4138        22
         hdx     0.3846    0.2941    0.3333        17
         mtx     0.4348    0.5263    0.4762        19
         nqx     0.7500    0.7500    0.7500        12
         qtx     0.8387    0.5778    0.6842        45
         zxx     0.4933    0.9487    0.6491        39

    accuracy                         0.5730       185
   macro avg     0.6143    0.5413    0.5399       185
weighted avg     0.6294    0.5730    0.5599       185

micro f-score: 0.572972972972973

========== Train Epoch 33 ==========
Loss: 0.332	Accuracy: 56.22%	Cost 48s
              precision    recall  f1-score   support

         bzx     0.5417    0.4194    0.4727        31
         cwx     0.6842    0.5909    0.6341        22
         hdx     0.3750    0.5294    0.4390        17
         mtx     0.3077    0.6316    0.4138        19
         nqx     0.4348    0.8333    0.5714        12
         qtx     0.8158    0.6889    0.7470        45
         zxx     0.8889    0.4103    0.5614        39

    accuracy                         0.5622       185
   macro avg     0.5783    0.5862    0.5485       185
weighted avg     0.6522    0.5622    0.5746       185

micro f-score: 0.5621621621621622

========== Train Epoch 34 ==========
Loss: 0.325	Accuracy: 54.59%	Cost 46s
              precision    recall  f1-score   support

         bzx     0.3922    0.6452    0.4878        31
         cwx     0.6667    0.2727    0.3871        22
         hdx     0.3704    0.5882    0.4545        17
         mtx     0.3548    0.5789    0.4400        19
         nqx     0.6667    0.8333    0.7407        12
         qtx     0.8125    0.5778    0.6753        45
         zxx     0.9000    0.4615    0.6102        39

    accuracy                         0.5459       185
   macro avg     0.5947    0.5654    0.5422       185
weighted avg     0.6461    0.5459    0.5557       185

micro f-score: 0.5459459459459459

========== Train Epoch 35 ==========
Loss: 0.245	Accuracy: 61.08%	Cost 48s
              precision    recall  f1-score   support

         bzx     0.4516    0.4516    0.4516        31
         cwx     0.8889    0.3636    0.5161        22
         hdx     0.4500    0.5294    0.4865        17
         mtx     0.5000    0.3684    0.4242        19
         nqx     0.8182    0.7500    0.7826        12
         qtx     0.7561    0.6889    0.7209        45
         zxx     0.5932    0.8974    0.7143        39

    accuracy                         0.6108       185
   macro avg     0.6369    0.5785    0.5852       185
weighted avg     0.6361    0.6108    0.6020       185

micro f-score: 0.6108108108108108

========== Train Epoch 36 ==========
Loss: 0.182	Accuracy: 62.16%	Cost 45s
              precision    recall  f1-score   support

         bzx     0.5417    0.4194    0.4727        31
         cwx     0.4783    0.5000    0.4889        22
         hdx     0.3929    0.6471    0.4889        17
         mtx     0.6000    0.3158    0.4138        19
         nqx     0.5882    0.8333    0.6897        12
         qtx     0.7750    0.6889    0.7294        45
         zxx     0.7674    0.8462    0.8049        39

    accuracy                         0.6216       185
   macro avg     0.5919    0.6072    0.5840       185
weighted avg     0.6338    0.6216    0.6166       185

micro f-score: 0.6216216216216216

========== Train Epoch 37 ==========
Loss: 0.202	Accuracy: 62.70%	Cost 48s
              precision    recall  f1-score   support

         bzx     0.5000    0.5484    0.5231        31
         cwx     0.5200    0.5909    0.5532        22
         hdx     0.6364    0.4118    0.5000        17
         mtx     0.3462    0.4737    0.4000        19
         nqx     0.8462    0.9167    0.8800        12
         qtx     0.8966    0.5778    0.7027        45
         zxx     0.7021    0.8462    0.7674        39

    accuracy                         0.6270       185
   macro avg     0.6353    0.6236    0.6181       185
weighted avg     0.6606    0.6270    0.6303       185

micro f-score: 0.6270270270270271

========== Train Epoch 38 ==========
Loss: 0.195	Accuracy: 61.08%	Cost 47s
              precision    recall  f1-score   support

         bzx     0.4848    0.5161    0.5000        31
         cwx     0.6000    0.4091    0.4865        22
         hdx     0.3103    0.5294    0.3913        17
         mtx     0.5833    0.3684    0.4516        19
         nqx     0.9091    0.8333    0.8696        12
         qtx     0.7692    0.6667    0.7143        45
         zxx     0.6957    0.8205    0.7529        39

    accuracy                         0.6108       185
   macro avg     0.6218    0.5919    0.5952       185
weighted avg     0.6338    0.6108    0.6129       185

micro f-score: 0.6108108108108108

========== Train Epoch 39 ==========
Loss: 0.162	Accuracy: 59.46%	Cost 49s
              precision    recall  f1-score   support

         bzx     0.5000    0.4839    0.4918        31
         cwx     0.5000    0.5909    0.5417        22
         hdx     0.3333    0.5294    0.4091        17
         mtx     0.3333    0.1579    0.2143        19
         nqx     0.6923    0.7500    0.7200        12
         qtx     0.7500    0.7333    0.7416        45
         zxx     0.7778    0.7179    0.7467        39

    accuracy                         0.5946       185
   macro avg     0.5553    0.5662    0.5522       185
weighted avg     0.5994    0.5946    0.5909       185

micro f-score: 0.5945945945945946

========== Train Epoch 40 ==========
Loss: 0.142	Accuracy: 60.54%	Cost 46s
              precision    recall  f1-score   support

         bzx     0.5185    0.4516    0.4828        31
         cwx     0.6471    0.5000    0.5641        22
         hdx     0.4000    0.4706    0.4324        17
         mtx     0.5385    0.3684    0.4375        19
         nqx     0.3793    0.9167    0.5366        12
         qtx     0.9333    0.6222    0.7467        45
         zxx     0.6735    0.8462    0.7500        39

    accuracy                         0.6054       185
   macro avg     0.5843    0.5965    0.5643       185
weighted avg     0.6495    0.6054    0.6072       185

micro f-score: 0.6054054054054054

========== Train Epoch 41 ==========
Loss: 0.140	Accuracy: 65.95%	Cost 43s
              precision    recall  f1-score   support

         bzx     0.5909    0.4194    0.4906        31
         cwx     0.4474    0.7727    0.5667        22
         hdx     0.5333    0.4706    0.5000        17
         mtx     0.7273    0.4211    0.5333        19
         nqx     0.8333    0.8333    0.8333        12
         qtx     0.9375    0.6667    0.7792        45
         zxx     0.6545    0.9231    0.7660        39

    accuracy                         0.6595       185
   macro avg     0.6749    0.6438    0.6384       185
weighted avg     0.6960    0.6595    0.6554       185

micro f-score: 0.6594594594594595

========== Train Epoch 42 ==========
Loss: 0.232	Accuracy: 58.92%	Cost 47s
              precision    recall  f1-score   support

         bzx     0.6842    0.4194    0.5200        31
         cwx     0.4286    0.6818    0.5263        22
         hdx     0.5714    0.4706    0.5161        17
         mtx     0.3846    0.2632    0.3125        19
         nqx     0.5500    0.9167    0.6875        12
         qtx     0.7812    0.5556    0.6494        45
         zxx     0.6154    0.8205    0.7033        39

    accuracy                         0.5892       185
   macro avg     0.5736    0.5897    0.5593       185
weighted avg     0.6131    0.5892    0.5801       185

micro f-score: 0.5891891891891892

========== Train Epoch 43 ==========
Loss: 0.210	Accuracy: 58.38%	Cost 45s
              precision    recall  f1-score   support

         bzx     0.5000    0.2258    0.3111        31
         cwx     0.6000    0.2727    0.3750        22
         hdx     0.4706    0.4706    0.4706        17
         mtx     0.7500    0.3158    0.4444        19
         nqx     0.6000    0.7500    0.6667        12
         qtx     0.5806    0.8000    0.6729        45
         zxx     0.6102    0.9231    0.7347        39

    accuracy                         0.5838       185
   macro avg     0.5873    0.5369    0.5251       185
weighted avg     0.5842    0.5838    0.5474       185

micro f-score: 0.5837837837837838

========== Train Epoch 44 ==========
Loss: 0.163	Accuracy: 62.70%	Cost 45s
              precision    recall  f1-score   support

         bzx     0.5152    0.5484    0.5312        31
         cwx     0.5556    0.4545    0.5000        22
         hdx     0.4444    0.4706    0.4571        17
         mtx     0.4000    0.3158    0.3529        19
         nqx     0.5789    0.9167    0.7097        12
         qtx     0.8919    0.7333    0.8049        45
         zxx     0.6889    0.7949    0.7381        39

    accuracy                         0.6270       185
   macro avg     0.5821    0.6049    0.5849       185
weighted avg     0.6340    0.6270    0.6241       185

micro f-score: 0.6270270270270271

========== Train Epoch 45 ==========
Loss: 0.174	Accuracy: 54.59%	Cost 44s
              precision    recall  f1-score   support

         bzx     1.0000    0.2258    0.3684        31
         cwx     0.5000    0.5000    0.5000        22
         hdx     0.2292    0.6471    0.3385        17
         mtx     0.4500    0.4737    0.4615        19
         nqx     0.8182    0.7500    0.7826        12
         qtx     0.6667    0.7556    0.7083        45
         zxx     0.7692    0.5128    0.6154        39

    accuracy                         0.5459       185
   macro avg     0.6333    0.5521    0.5392       185
weighted avg     0.6717    0.5459    0.5525       185

micro f-score: 0.5459459459459459

========== Train Epoch 46 ==========
Loss: 0.141	Accuracy: 54.59%	Cost 47s
              precision    recall  f1-score   support

         bzx     0.4286    0.6774    0.5250        31
         cwx     0.6667    0.4545    0.5405        22
         hdx     0.2619    0.6471    0.3729        17
         mtx     0.5000    0.1053    0.1739        19
         nqx     0.7500    0.7500    0.7500        12
         qtx     0.8333    0.5556    0.6667        45
         zxx     0.6970    0.5897    0.6389        39

    accuracy                         0.5459       185
   macro avg     0.5911    0.5399    0.5240       185
weighted avg     0.6248    0.5459    0.5499       185

micro f-score: 0.5459459459459459

========== Train Epoch 47 ==========
Loss: 0.201	Accuracy: 62.16%	Cost 44s
              precision    recall  f1-score   support

         bzx     0.7143    0.3226    0.4444        31
         cwx     0.6500    0.5909    0.6190        22
         hdx     0.3448    0.5882    0.4348        17
         mtx     0.5556    0.2632    0.3571        19
         nqx     0.7143    0.8333    0.7692        12
         qtx     0.6207    0.8000    0.6990        45
         zxx     0.7561    0.7949    0.7750        39

    accuracy                         0.6216       185
   macro avg     0.6222    0.5990    0.5855       185
weighted avg     0.6424    0.6216    0.6080       185

micro f-score: 0.6216216216216216

========== Train Epoch 48 ==========
Loss: 0.138	Accuracy: 64.86%	Cost 47s
              precision    recall  f1-score   support

         bzx     0.5667    0.5484    0.5574        31
         cwx     0.6500    0.5909    0.6190        22
         hdx     0.4167    0.5882    0.4878        17
         mtx     0.4444    0.4211    0.4324        19
         nqx     0.9091    0.8333    0.8696        12
         qtx     0.8378    0.6889    0.7561        45
         zxx     0.6889    0.7949    0.7381        39

    accuracy                         0.6486       185
   macro avg     0.6448    0.6380    0.6372       185
weighted avg     0.6642    0.6486    0.6522       185

micro f-score: 0.6486486486486487

========== Train Epoch 49 ==========
Loss: 0.111	Accuracy: 62.70%	Cost 48s
              precision    recall  f1-score   support

         bzx     0.4750    0.6129    0.5352        31
         cwx     0.6364    0.6364    0.6364        22
         hdx     0.3500    0.4118    0.3784        17
         mtx     0.4706    0.4211    0.4444        19
         nqx     1.0000    0.5833    0.7368        12
         qtx     0.8788    0.6444    0.7436        45
         zxx     0.6957    0.8205    0.7529        39

    accuracy                         0.6270       185
   macro avg     0.6438    0.5901    0.6040       185
weighted avg     0.6610    0.6270    0.6332       185

micro f-score: 0.6270270270270271

========== Train Epoch 50 ==========
Loss: 0.130	Accuracy: 63.24%	Cost 44s
              precision    recall  f1-score   support

         bzx     0.5806    0.5806    0.5806        31
         cwx     0.6667    0.5455    0.6000        22
         hdx     0.2903    0.5294    0.3750        17
         mtx     0.5000    0.5263    0.5128        19
         nqx     0.7500    0.7500    0.7500        12
         qtx     0.9000    0.6000    0.7200        45
         zxx     0.7442    0.8205    0.7805        39

    accuracy                         0.6324       185
   macro avg     0.6331    0.6218    0.6170       185
weighted avg     0.6791    0.6324    0.6441       185

micro f-score: 0.6324324324324324

========== Train Epoch 51 ==========
Loss: 0.154	Accuracy: 62.16%	Cost 46s
              precision    recall  f1-score   support

         bzx     0.6000    0.3871    0.4706        31
         cwx     0.4848    0.7273    0.5818        22
         hdx     0.4706    0.4706    0.4706        17
         mtx     0.4444    0.2105    0.2857        19
         nqx     0.6429    0.7500    0.6923        12
         qtx     0.7857    0.7333    0.7586        45
         zxx     0.6600    0.8462    0.7416        39

    accuracy                         0.6216       185
   macro avg     0.5841    0.5893    0.5716       185
weighted avg     0.6190    0.6216    0.6064       185

micro f-score: 0.6216216216216216

========== Train Epoch 52 ==========
Loss: 0.125	Accuracy: 63.24%	Cost 47s
              precision    recall  f1-score   support

         bzx     0.6316    0.3871    0.4800        31
         cwx     0.6316    0.5455    0.5854        22
         hdx     0.3462    0.5294    0.4186        17
         mtx     0.4667    0.3684    0.4118        19
         nqx     0.8333    0.8333    0.8333        12
         qtx     0.7619    0.7111    0.7356        45
         zxx     0.6731    0.8974    0.7692        39

    accuracy                         0.6324       185
   macro avg     0.6206    0.6103    0.6048       185
weighted avg     0.6419    0.6324    0.6260       185

micro f-score: 0.6324324324324324

========== Train Epoch 53 ==========
Loss: 0.112	Accuracy: 64.86%	Cost 46s
              precision    recall  f1-score   support

         bzx     0.7222    0.4194    0.5306        31
         cwx     0.6000    0.5455    0.5714        22
         hdx     0.3125    0.5882    0.4082        17
         mtx     0.6154    0.4211    0.5000        19
         nqx     0.7692    0.8333    0.8000        12
         qtx     0.7857    0.7333    0.7586        45
         zxx     0.7234    0.8718    0.7907        39

    accuracy                         0.6486       185
   macro avg     0.6469    0.6304    0.6228       185
weighted avg     0.6778    0.6486    0.6488       185

micro f-score: 0.6486486486486487

========== Train Epoch 54 ==========
Loss: 0.127	Accuracy: 59.46%	Cost 45s
              precision    recall  f1-score   support

         bzx     0.6667    0.3226    0.4348        31
         cwx     0.6818    0.6818    0.6818        22
         hdx     0.3462    0.5294    0.4186        17
         mtx     0.2812    0.4737    0.3529        19
         nqx     0.4400    0.9167    0.5946        12
         qtx     0.8788    0.6444    0.7436        45
         zxx     0.8438    0.6923    0.7606        39

    accuracy                         0.5946       185
   macro avg     0.5912    0.6087    0.5696       185
weighted avg     0.6737    0.5946    0.6084       185

micro f-score: 0.5945945945945946

========== Train Epoch 55 ==========
Loss: 0.115	Accuracy: 63.78%	Cost 45s
              precision    recall  f1-score   support

         bzx     0.5135    0.6129    0.5588        31
         cwx     0.4706    0.7273    0.5714        22
         hdx     0.7143    0.5882    0.6452        17
         mtx     0.3684    0.3684    0.3684        19
         nqx     0.6471    0.9167    0.7586        12
         qtx     0.9000    0.6000    0.7200        45
         zxx     0.8235    0.7179    0.7671        39

    accuracy                         0.6378       185
   macro avg     0.6339    0.6473    0.6271       185
weighted avg     0.6800    0.6378    0.6448       185

micro f-score: 0.6378378378378379

========== Train Epoch 56 ==========
Loss: 0.160	Accuracy: 58.92%	Cost 46s
              precision    recall  f1-score   support

         bzx     0.6667    0.1935    0.3000        31
         cwx     0.6250    0.4545    0.5263        22
         hdx     0.2558    0.6471    0.3667        17
         mtx     0.4444    0.4211    0.4324        19
         nqx     0.6923    0.7500    0.7200        12
         qtx     0.8158    0.6889    0.7470        45
         zxx     0.7083    0.8718    0.7816        39

    accuracy                         0.5892       185
   macro avg     0.6012    0.5753    0.5534       185
weighted avg     0.6479    0.5892    0.5841       185

micro f-score: 0.5891891891891892

========== Train Epoch 57 ==========
Loss: 0.152	Accuracy: 57.30%	Cost 46s
              precision    recall  f1-score   support

         bzx     0.5517    0.5161    0.5333        31
         cwx     0.3636    0.7273    0.4848        22
         hdx     0.3810    0.4706    0.4211        17
         mtx     0.3600    0.4737    0.4091        19
         nqx     0.7143    0.8333    0.7692        12
         qtx     0.9286    0.5778    0.7123        45
         zxx     0.8750    0.5385    0.6667        39

    accuracy                         0.5730       185
   macro avg     0.5963    0.5910    0.5709       185
weighted avg     0.6643    0.5730    0.5914       185

micro f-score: 0.572972972972973

========== Train Epoch 58 ==========
Loss: 0.088	Accuracy: 62.16%	Cost 46s
              precision    recall  f1-score   support

         bzx     0.5333    0.5161    0.5246        31
         cwx     0.7500    0.4091    0.5294        22
         hdx     0.3913    0.5294    0.4500        17
         mtx     0.3214    0.4737    0.3830        19
         nqx     0.7778    0.5833    0.6667        12
         qtx     0.8378    0.6889    0.7561        45
         zxx     0.7391    0.8718    0.8000        39

    accuracy                         0.6216       185
   macro avg     0.6215    0.5818    0.5871       185
weighted avg     0.6576    0.6216    0.6274       185

micro f-score: 0.6216216216216216

========== Train Epoch 59 ==========
Loss: 0.063	Accuracy: 66.49%	Cost 44s
              precision    recall  f1-score   support

         bzx     0.6207    0.5806    0.6000        31
         cwx     0.6250    0.6818    0.6522        22
         hdx     0.4091    0.5294    0.4615        17
         mtx     0.4706    0.4211    0.4444        19
         nqx     0.5882    0.8333    0.6897        12
         qtx     0.8421    0.7111    0.7711        45
         zxx     0.8158    0.7949    0.8052        39

    accuracy                         0.6649       185
   macro avg     0.6245    0.6503    0.6320       185
weighted avg     0.6792    0.6649    0.6682       185

micro f-score: 0.6648648648648648

========== Train Epoch 60 ==========
Loss: 0.119	Accuracy: 64.32%	Cost 43s
              precision    recall  f1-score   support

         bzx     0.7500    0.3871    0.5106        31
         cwx     0.5217    0.5455    0.5333        22
         hdx     0.5625    0.5294    0.5455        17
         mtx     0.5000    0.5789    0.5366        19
         nqx     1.0000    0.5833    0.7368        12
         qtx     0.6364    0.7778    0.7000        45
         zxx     0.7174    0.8462    0.7765        39

    accuracy                         0.6432       185
   macro avg     0.6697    0.6069    0.6199       185
weighted avg     0.6617    0.6432    0.6360       185

micro f-score: 0.6432432432432432

========== Train Epoch 61 ==========
Loss: 0.108	Accuracy: 60.54%	Cost 46s
              precision    recall  f1-score   support

         bzx     0.5484    0.5484    0.5484        31
         cwx     0.4375    0.6364    0.5185        22
         hdx     0.3871    0.7059    0.5000        17
         mtx     0.3636    0.4211    0.3902        19
         nqx     0.7143    0.8333    0.7692        12
         qtx     0.9655    0.6222    0.7568        45
         zxx     0.8846    0.5897    0.7077        39

    accuracy                         0.6054       185
   macro avg     0.6144    0.6224    0.5987       185
weighted avg     0.6845    0.6054    0.6227       185

micro f-score: 0.6054054054054054

========== Train Epoch 62 ==========
Loss: 0.060	Accuracy: 67.03%	Cost 47s
              precision    recall  f1-score   support

         bzx     0.6429    0.5806    0.6102        31
         cwx     0.7500    0.5455    0.6316        22
         hdx     0.4286    0.5294    0.4737        17
         mtx     0.5000    0.3684    0.4242        19
         nqx     0.7500    0.7500    0.7500        12
         qtx     0.7778    0.7778    0.7778        45
         zxx     0.6939    0.8718    0.7727        39

    accuracy                         0.6703       185
   macro avg     0.6490    0.6319    0.6343       185
weighted avg     0.6718    0.6703    0.6652       185

micro f-score: 0.6702702702702703

========== Train Epoch 63 ==========
Loss: 0.058	Accuracy: 64.32%	Cost 44s
              precision    recall  f1-score   support

         bzx     0.6250    0.6452    0.6349        31
         cwx     0.8571    0.5455    0.6667        22
         hdx     0.3214    0.5294    0.4000        17
         mtx     0.4583    0.5789    0.5116        19
         nqx     0.7143    0.8333    0.7692        12
         qtx     0.7941    0.6000    0.6835        45
         zxx     0.7692    0.7692    0.7692        39

    accuracy                         0.6432       185
   macro avg     0.6485    0.6431    0.6336       185
weighted avg     0.6849    0.6432    0.6533       185

micro f-score: 0.6432432432432432

========== Train Epoch 64 ==========
Loss: 0.077	Accuracy: 67.57%	Cost 45s
              precision    recall  f1-score   support

         bzx     0.6250    0.4839    0.5455        31
         cwx     0.7778    0.6364    0.7000        22
         hdx     0.4348    0.5882    0.5000        17
         mtx     0.4800    0.6316    0.5455        19
         nqx     0.8889    0.6667    0.7619        12
         qtx     0.7500    0.7333    0.7416        45
         zxx     0.7857    0.8462    0.8148        39

    accuracy                         0.6757       185
   macro avg     0.6775    0.6552    0.6585       185
weighted avg     0.6922    0.6757    0.6782       185

micro f-score: 0.6756756756756757

Finished training!!!

Min Loss = 0.058 in epoch 62;
Max Accuracy = 67.57% in epoch 63;
Total Cost 48 minutes

==========================================================================================
Layer (type:depth-idx)                   Output Shape              Param #
==========================================================================================
├─Sequential: 1-1                        [-1, 256, 9, 9]           --
|    └─Conv2d: 2-1                       [-1, 64, 81, 81]          1,792
|    └─BatchNorm2d: 2-2                  [-1, 64, 81, 81]          128
|    └─ReLU: 2-3                         [-1, 64, 81, 81]          --
|    └─MaxPool2d: 2-4                    [-1, 64, 40, 40]          --
|    └─Conv2d: 2-5                       [-1, 192, 40, 40]         307,392
|    └─BatchNorm2d: 2-6                  [-1, 192, 40, 40]         384
|    └─ReLU: 2-7                         [-1, 192, 40, 40]         --
|    └─MaxPool2d: 2-8                    [-1, 192, 19, 19]         --
|    └─Conv2d: 2-9                       [-1, 384, 19, 19]         663,936
|    └─BatchNorm2d: 2-10                 [-1, 384, 19, 19]         768
|    └─ReLU: 2-11                        [-1, 384, 19, 19]         --
|    └─Conv2d: 2-12                      [-1, 256, 19, 19]         884,992
|    └─BatchNorm2d: 2-13                 [-1, 256, 19, 19]         512
|    └─ReLU: 2-14                        [-1, 256, 19, 19]         --
|    └─Conv2d: 2-15                      [-1, 256, 19, 19]         590,080
|    └─BatchNorm2d: 2-16                 [-1, 256, 19, 19]         512
|    └─ReLU: 2-17                        [-1, 256, 19, 19]         --
|    └─MaxPool2d: 2-18                   [-1, 256, 9, 9]           --
├─AdaptiveAvgPool2d: 1-2                 [-1, 256, 3, 3]           --
├─Sequential: 1-3                        [-1, 7]                   --
|    └─Dropout: 2-19                     [-1, 2304]                --
|    └─Linear: 2-20                      [-1, 4096]                9,441,280
|    └─ReLU: 2-21                        [-1, 4096]                --
|    └─Dropout: 2-22                     [-1, 4096]                --
|    └─Linear: 2-23                      [-1, 4096]                16,781,312
|    └─ReLU: 2-24                        [-1, 4096]                --
|    └─Linear: 2-25                      [-1, 7]                   28,679
==========================================================================================
Total params: 28,701,767
Trainable params: 28,701,767
Non-trainable params: 0
Total mult-adds (G): 1.33
==========================================================================================
Input size (MB): 1.17
Forward/backward pass size (MB): 16.09
Params size (MB): 109.49
Estimated Total Size (MB): 126.75
==========================================================================================
[0.24864864864864866, 0.34594594594594597, 0.4540540540540541, 0.4486486486486487, 0.4594594594594595, 0.3837837837837838, 0.5243243243243243, 0.4540540540540541, 0.4864864864864865, 0.518918918918919, 0.5513513513513514, 0.518918918918919, 0.4864864864864865, 0.5621621621621622, 0.5567567567567567, 0.5027027027027027, 0.5081081081081081, 0.6054054054054054, 0.5459459459459459, 0.5675675675675675, 0.6216216216216216, 0.572972972972973, 0.5945945945945946, 0.5513513513513514, 0.5891891891891892, 0.5837837837837838, 0.6216216216216216, 0.5945945945945946, 0.6054054054054054, 0.6486486486486487, 0.5135135135135135, 0.572972972972973, 0.5621621621621622, 0.5459459459459459, 0.6108108108108108, 0.6216216216216216, 0.6270270270270271, 0.6108108108108108, 0.5945945945945946, 0.6054054054054054, 0.6594594594594595, 0.5891891891891892, 0.5837837837837838, 0.6270270270270271, 0.5459459459459459, 0.5459459459459459, 0.6216216216216216, 0.6486486486486487, 0.6270270270270271, 0.6324324324324324, 0.6216216216216216, 0.6324324324324324, 0.6486486486486487, 0.5945945945945946, 0.6378378378378379, 0.5891891891891892, 0.572972972972973, 0.6216216216216216, 0.6648648648648648, 0.6432432432432432, 0.6054054054054054, 0.6702702702702703, 0.6432432432432432, 0.6756756756756757]
