dataset_path: /home/djy/dataset/dataset2
pretrained : False 
parallel: False

msg: spp_resnet18
using model: ResNet, resnet18
using device cuda:0
batch_size = 20
epochs = 64
loss_function = CrossEntropyLoss()
optimizer = Adam (
Parameter Group 0
    amsgrad: False
    betas: (0.9, 0.999)
    eps: 1e-08
    initial_lr: 0.0001
    lr: 0.0001
    weight_decay: 0
)


========== Train Epoch 1 ==========
Loss: 1.859	Accuracy: 31.89%	Cost 30s
              precision    recall  f1-score   support

         bzx     0.2857    0.0645    0.1053        31
         cwx     0.2500    0.0455    0.0769        22
         hdx     0.0000    0.0000    0.0000        17
         mtx     0.0000    0.0000    0.0000        19
         nqx     0.2000    0.0833    0.1176        12
         qtx     0.5333    0.5333    0.5333        45
         zxx     0.2500    0.7949    0.3804        39

    accuracy                         0.3189       185
   macro avg     0.2170    0.2174    0.1734       185
weighted avg     0.2730    0.3189    0.2443       185

micro f-score: 0.31891891891891894

========== Train Epoch 2 ==========
/home/djy/anaconda3/envs/pytorch/lib/python3.7/site-packages/sklearn/metrics/_classification.py:1308: UndefinedMetricWarning: Precision and F-score are ill-defined and being set to 0.0 in labels with no predicted samples. Use `zero_division` parameter to control this behavior.
  _warn_prf(average, modifier, msg_start, len(result))
/home/djy/anaconda3/envs/pytorch/lib/python3.7/site-packages/sklearn/metrics/_classification.py:1308: UndefinedMetricWarning: Precision and F-score are ill-defined and being set to 0.0 in labels with no predicted samples. Use `zero_division` parameter to control this behavior.
  _warn_prf(average, modifier, msg_start, len(result))
/home/djy/anaconda3/envs/pytorch/lib/python3.7/site-packages/sklearn/metrics/_classification.py:1308: UndefinedMetricWarning: Precision and F-score are ill-defined and being set to 0.0 in labels with no predicted samples. Use `zero_division` parameter to control this behavior.
  _warn_prf(average, modifier, msg_start, len(result))
Loss: 1.674	Accuracy: 32.43%	Cost 28s
              precision    recall  f1-score   support

         bzx     0.2632    0.1613    0.2000        31
         cwx     0.2857    0.0909    0.1379        22
         hdx     0.0909    0.0588    0.0714        17
         mtx     0.5000    0.1053    0.1739        19
         nqx     0.3030    0.8333    0.4444        12
         qtx     0.5600    0.3111    0.4000        45
         zxx     0.3023    0.6667    0.4160        39

    accuracy                         0.3243       185
   macro avg     0.3293    0.3182    0.2634       185
weighted avg     0.3574    0.3243    0.2882       185

micro f-score: 0.32432432432432434

========== Train Epoch 3 ==========
Loss: 1.489	Accuracy: 42.16%	Cost 29s
              precision    recall  f1-score   support

         bzx     0.3704    0.3226    0.3448        31
         cwx     0.2857    0.1818    0.2222        22
         hdx     0.0000    0.0000    0.0000        17
         mtx     1.0000    0.0526    0.1000        19
         nqx     0.4286    0.7500    0.5455        12
         qtx     0.5366    0.4889    0.5116        45
         zxx     0.4051    0.8205    0.5424        39

    accuracy                         0.4216       185
   macro avg     0.4323    0.3738    0.3238       185
weighted avg     0.4425    0.4216    0.3686       185

micro f-score: 0.42162162162162165

========== Train Epoch 4 ==========
Loss: 1.429	Accuracy: 41.08%	Cost 28s
              precision    recall  f1-score   support

         bzx     0.3846    0.3226    0.3509        31
         cwx     0.2857    0.1818    0.2222        22
         hdx     0.2000    0.0588    0.0909        17
         mtx     0.3333    0.0526    0.0909        19
         nqx     0.3750    0.5000    0.4286        12
         qtx     0.5238    0.4889    0.5057        45
         zxx     0.4051    0.8205    0.5424        39

    accuracy                         0.4108       185
   macro avg     0.3582    0.3465    0.3188       185
weighted avg     0.3882    0.4108    0.3681       185

micro f-score: 0.4108108108108109

========== Train Epoch 5 ==========
Loss: 1.396	Accuracy: 46.49%	Cost 31s
              precision    recall  f1-score   support

         bzx     0.4103    0.5161    0.4571        31
         cwx     0.3125    0.2273    0.2632        22
         hdx     0.3333    0.1176    0.1739        17
         mtx     0.5000    0.1053    0.1739        19
         nqx     0.5000    0.5000    0.5000        12
         qtx     0.5455    0.5333    0.5393        45
         zxx     0.4844    0.7949    0.6019        39

    accuracy                         0.4649       185
   macro avg     0.4408    0.3992    0.3871       185
weighted avg     0.4551    0.4649    0.4323       185

micro f-score: 0.4648648648648649

========== Train Epoch 6 ==========
Loss: 1.354	Accuracy: 45.41%	Cost 29s
              precision    recall  f1-score   support

         bzx     0.5000    0.3871    0.4364        31
         cwx     0.3333    0.2727    0.3000        22
         hdx     0.2222    0.1176    0.1538        17
         mtx     0.4000    0.1053    0.1667        19
         nqx     0.4615    0.5000    0.4800        12
         qtx     0.5455    0.5333    0.5393        45
         zxx     0.4444    0.8205    0.5766        39

    accuracy                         0.4541       185
   macro avg     0.4153    0.3909    0.3790       185
weighted avg     0.4412    0.4541    0.4239       185

micro f-score: 0.4540540540540541

========== Train Epoch 7 ==========
Loss: 1.329	Accuracy: 46.49%	Cost 31s
              precision    recall  f1-score   support

         bzx     0.4286    0.3871    0.4068        31
         cwx     0.3125    0.2273    0.2632        22
         hdx     0.3636    0.2353    0.2857        17
         mtx     0.5000    0.1053    0.1739        19
         nqx     0.4211    0.6667    0.5161        12
         qtx     0.5789    0.4889    0.5301        45
         zxx     0.4783    0.8462    0.6111        39

    accuracy                         0.4649       185
   macro avg     0.4404    0.4224    0.3981       185
weighted avg     0.4627    0.4649    0.4348       185

micro f-score: 0.4648648648648649

========== Train Epoch 8 ==========
Loss: 1.287	Accuracy: 50.81%	Cost 30s
              precision    recall  f1-score   support

         bzx     0.4651    0.6452    0.5405        31
         cwx     0.4000    0.2727    0.3243        22
         hdx     0.3333    0.2353    0.2759        17
         mtx     0.2308    0.1579    0.1875        19
         nqx     0.8333    0.4167    0.5556        12
         qtx     0.5385    0.6222    0.5773        45
         zxx     0.6364    0.7179    0.6747        39

    accuracy                         0.5081       185
   macro avg     0.4911    0.4383    0.4480       185
weighted avg     0.4990    0.5081    0.4925       185

micro f-score: 0.5081081081081081

========== Train Epoch 9 ==========
Loss: 1.260	Accuracy: 48.65%	Cost 28s
              precision    recall  f1-score   support

         bzx     0.3750    0.4839    0.4225        31
         cwx     0.3750    0.2727    0.3158        22
         hdx     0.4286    0.1765    0.2500        17
         mtx     0.4000    0.1053    0.1667        19
         nqx     0.4500    0.7500    0.5625        12
         qtx     0.6857    0.5333    0.6000        45
         zxx     0.5000    0.7949    0.6139        39

    accuracy                         0.4865       185
   macro avg     0.4592    0.4452    0.4188       185
weighted avg     0.4893    0.4865    0.4603       185

micro f-score: 0.4864864864864865

========== Train Epoch 10 ==========
Loss: 1.213	Accuracy: 52.97%	Cost 30s
              precision    recall  f1-score   support

         bzx     0.5278    0.6129    0.5672        31
         cwx     0.3333    0.5000    0.4000        22
         hdx     0.4000    0.2353    0.2963        17
         mtx     0.2857    0.1053    0.1538        19
         nqx     0.5833    0.5833    0.5833        12
         qtx     0.5870    0.6000    0.5934        45
         zxx     0.6829    0.7179    0.7000        39

    accuracy                         0.5297       185
   macro avg     0.4857    0.4792    0.4706       185
weighted avg     0.5188    0.5297    0.5154       185

micro f-score: 0.5297297297297298

========== Train Epoch 11 ==========
Loss: 1.186	Accuracy: 52.43%	Cost 30s
              precision    recall  f1-score   support

         bzx     0.4848    0.5161    0.5000        31
         cwx     0.4211    0.3636    0.3902        22
         hdx     0.3333    0.2353    0.2759        17
         mtx     0.6000    0.1579    0.2500        19
         nqx     0.4500    0.7500    0.5625        12
         qtx     0.6667    0.5778    0.6190        45
         zxx     0.5439    0.7949    0.6458        39

    accuracy                         0.5243       185
   macro avg     0.5000    0.4851    0.4634       185
weighted avg     0.5296    0.5243    0.5044       185

micro f-score: 0.5243243243243243

========== Train Epoch 12 ==========
Loss: 1.162	Accuracy: 52.43%	Cost 31s
              precision    recall  f1-score   support

         bzx     0.5862    0.5484    0.5667        31
         cwx     0.4091    0.4091    0.4091        22
         hdx     0.1667    0.0588    0.0870        17
         mtx     0.3333    0.1053    0.1600        19
         nqx     0.6364    0.5833    0.6087        12
         qtx     0.5870    0.6000    0.5934        45
         zxx     0.5231    0.8718    0.6538        39

    accuracy                         0.5243       185
   macro avg     0.4631    0.4538    0.4398       185
weighted avg     0.4907    0.5243    0.4897       185

micro f-score: 0.5243243243243243

========== Train Epoch 13 ==========
Loss: 1.149	Accuracy: 57.30%	Cost 29s
              precision    recall  f1-score   support

         bzx     0.5000    0.6452    0.5634        31
         cwx     0.5000    0.4091    0.4500        22
         hdx     0.3000    0.1765    0.2222        17
         mtx     0.4211    0.4211    0.4211        19
         nqx     0.8000    0.6667    0.7273        12
         qtx     0.6122    0.6667    0.6383        45
         zxx     0.7179    0.7179    0.7179        39

    accuracy                         0.5730       185
   macro avg     0.5502    0.5290    0.5343       185
weighted avg     0.5662    0.5730    0.5654       185

micro f-score: 0.572972972972973

========== Train Epoch 14 ==========
Loss: 1.097	Accuracy: 55.14%	Cost 30s
              precision    recall  f1-score   support

         bzx     0.6400    0.5161    0.5714        31
         cwx     0.3030    0.4545    0.3636        22
         hdx     0.1538    0.1176    0.1333        17
         mtx     0.4545    0.2632    0.3333        19
         nqx     0.7000    0.5833    0.6364        12
         qtx     0.6400    0.7111    0.6737        45
         zxx     0.6977    0.7692    0.7317        39

    accuracy                         0.5514       185
   macro avg     0.5127    0.4879    0.4919       185
weighted avg     0.5523    0.5514    0.5449       185

micro f-score: 0.5513513513513514

========== Train Epoch 15 ==========
Loss: 1.072	Accuracy: 55.14%	Cost 29s
              precision    recall  f1-score   support

         bzx     0.4884    0.6774    0.5676        31
         cwx     0.4000    0.3636    0.3810        22
         hdx     0.1667    0.0588    0.0870        17
         mtx     0.4545    0.2632    0.3333        19
         nqx     0.7273    0.6667    0.6957        12
         qtx     0.6667    0.5778    0.6190        45
         zxx     0.6000    0.8462    0.7021        39

    accuracy                         0.5514       185
   macro avg     0.5005    0.4934    0.4837       185
weighted avg     0.5272    0.5514    0.5264       185

micro f-score: 0.5513513513513514

========== Train Epoch 16 ==========
Loss: 1.035	Accuracy: 54.59%	Cost 29s
              precision    recall  f1-score   support

         bzx     0.4762    0.6452    0.5479        31
         cwx     0.4706    0.3636    0.4103        22
         hdx     0.2727    0.1765    0.2143        17
         mtx     0.5556    0.2632    0.3571        19
         nqx     0.5714    0.6667    0.6154        12
         qtx     0.6667    0.6222    0.6437        45
         zxx     0.5800    0.7436    0.6517        39

    accuracy                         0.5459       185
   macro avg     0.5133    0.4973    0.4915       185
weighted avg     0.5394    0.5459    0.5308       185

micro f-score: 0.5459459459459459

========== Train Epoch 17 ==========
Loss: 1.037	Accuracy: 56.76%	Cost 29s
              precision    recall  f1-score   support

         bzx     0.5429    0.6129    0.5758        31
         cwx     0.3846    0.4545    0.4167        22
         hdx     0.3333    0.2353    0.2759        17
         mtx     0.4500    0.4737    0.4615        19
         nqx     0.6667    0.6667    0.6667        12
         qtx     0.6512    0.6222    0.6364        45
         zxx     0.7297    0.6923    0.7105        39

    accuracy                         0.5676       185
   macro avg     0.5369    0.5368    0.5348       185
weighted avg     0.5690    0.5676    0.5666       185

micro f-score: 0.5675675675675675

========== Train Epoch 18 ==========
Loss: 0.961	Accuracy: 55.68%	Cost 30s
              precision    recall  f1-score   support

         bzx     0.4528    0.7742    0.5714        31
         cwx     0.4545    0.4545    0.4545        22
         hdx     0.3750    0.1765    0.2400        17
         mtx     0.3571    0.2632    0.3030        19
         nqx     0.5333    0.6667    0.5926        12
         qtx     0.7436    0.6444    0.6905        45
         zxx     0.7059    0.6154    0.6575        39

    accuracy                         0.5568       185
   macro avg     0.5175    0.5136    0.5014       185
weighted avg     0.5653    0.5568    0.5480       185

micro f-score: 0.5567567567567567

========== Train Epoch 19 ==========
Loss: 0.968	Accuracy: 54.59%	Cost 28s
              precision    recall  f1-score   support

         bzx     0.5135    0.6129    0.5588        31
         cwx     0.3429    0.5455    0.4211        22
         hdx     0.2727    0.1765    0.2143        17
         mtx     0.4375    0.3684    0.4000        19
         nqx     0.5000    0.6667    0.5714        12
         qtx     0.7429    0.5778    0.6500        45
         zxx     0.7429    0.6667    0.7027        39

    accuracy                         0.5459       185
   macro avg     0.5075    0.5163    0.5026       185
weighted avg     0.5665    0.5459    0.5478       185

micro f-score: 0.5459459459459459

========== Train Epoch 20 ==========
Loss: 0.919	Accuracy: 58.92%	Cost 29s
              precision    recall  f1-score   support

         bzx     0.6296    0.5484    0.5862        31
         cwx     0.5000    0.3636    0.4211        22
         hdx     0.3333    0.2941    0.3125        17
         mtx     0.7273    0.4211    0.5333        19
         nqx     0.8000    0.6667    0.7273        12
         qtx     0.6739    0.6889    0.6813        45
         zxx     0.5333    0.8205    0.6465        39

    accuracy                         0.5892       185
   macro avg     0.5996    0.5433    0.5583       185
weighted avg     0.5985    0.5892    0.5810       185

micro f-score: 0.5891891891891892

========== Train Epoch 21 ==========
Loss: 0.900	Accuracy: 57.30%	Cost 28s
              precision    recall  f1-score   support

         bzx     0.5758    0.6129    0.5938        31
         cwx     0.4167    0.4545    0.4348        22
         hdx     0.4000    0.2353    0.2963        17
         mtx     0.4375    0.3684    0.4000        19
         nqx     0.5714    0.6667    0.6154        12
         qtx     0.7027    0.5778    0.6341        45
         zxx     0.6275    0.8205    0.7111        39

    accuracy                         0.5730       185
   macro avg     0.5331    0.5337    0.5265       185
weighted avg     0.5680    0.5730    0.5636       185

micro f-score: 0.572972972972973

========== Train Epoch 22 ==========
Loss: 0.870	Accuracy: 54.59%	Cost 29s
              precision    recall  f1-score   support

         bzx     0.4762    0.6452    0.5479        31
         cwx     0.4444    0.3636    0.4000        22
         hdx     0.2667    0.2353    0.2500        17
         mtx     0.5000    0.2632    0.3448        19
         nqx     0.6667    0.3333    0.4444        12
         qtx     0.6154    0.7111    0.6598        45
         zxx     0.6667    0.7179    0.6914        39

    accuracy                         0.5459       185
   macro avg     0.5194    0.4671    0.4769       185
weighted avg     0.5420    0.5459    0.5328       185

micro f-score: 0.5459459459459459

========== Train Epoch 23 ==========
Loss: 0.839	Accuracy: 61.08%	Cost 31s
              precision    recall  f1-score   support

         bzx     0.5000    0.7097    0.5867        31
         cwx     0.5556    0.4545    0.5000        22
         hdx     0.4286    0.5294    0.4737        17
         mtx     0.5000    0.2632    0.3448        19
         nqx     0.6154    0.6667    0.6400        12
         qtx     0.6977    0.6667    0.6818        45
         zxx     0.8056    0.7436    0.7733        39

    accuracy                         0.6108       185
   macro avg     0.5861    0.5762    0.5715       185
weighted avg     0.6200    0.6108    0.6071       185

micro f-score: 0.6108108108108108

========== Train Epoch 24 ==========
Loss: 0.817	Accuracy: 57.30%	Cost 30s
              precision    recall  f1-score   support

         bzx     0.6071    0.5484    0.5763        31
         cwx     0.4545    0.4545    0.4545        22
         hdx     0.2222    0.1176    0.1538        17
         mtx     0.5000    0.3684    0.4242        19
         nqx     0.6429    0.7500    0.6923        12
         qtx     0.6222    0.6222    0.6222        45
         zxx     0.6226    0.8462    0.7174        39

    accuracy                         0.5730       185
   macro avg     0.5245    0.5296    0.5201       185
weighted avg     0.5519    0.5730    0.5558       185

micro f-score: 0.572972972972973

========== Train Epoch 25 ==========
Loss: 0.762	Accuracy: 57.84%	Cost 30s
              precision    recall  f1-score   support

         bzx     0.7333    0.3548    0.4783        31
         cwx     0.5455    0.2727    0.3636        22
         hdx     0.4167    0.2941    0.3448        17
         mtx     1.0000    0.3684    0.5385        19
         nqx     0.6364    0.5833    0.6087        12
         qtx     0.6863    0.7778    0.7292        45
         zxx     0.4615    0.9231    0.6154        39

    accuracy                         0.5784       185
   macro avg     0.6399    0.5106    0.5255       185
weighted avg     0.6342    0.5784    0.5570       185

micro f-score: 0.5783783783783784

========== Train Epoch 26 ==========
Loss: 0.768	Accuracy: 59.46%	Cost 29s
              precision    recall  f1-score   support

         bzx     0.5250    0.6774    0.5915        31
         cwx     0.4000    0.6364    0.4912        22
         hdx     0.2727    0.1765    0.2143        17
         mtx     0.5000    0.3684    0.4242        19
         nqx     0.5833    0.5833    0.5833        12
         qtx     0.8000    0.6222    0.7000        45
         zxx     0.7895    0.7692    0.7792        39

    accuracy                         0.5946       185
   macro avg     0.5529    0.5476    0.5406       185
weighted avg     0.6108    0.5946    0.5932       185

micro f-score: 0.5945945945945946

========== Train Epoch 27 ==========
Loss: 0.786	Accuracy: 60.54%	Cost 27s
              precision    recall  f1-score   support

         bzx     0.7895    0.4839    0.6000        31
         cwx     0.4815    0.5909    0.5306        22
         hdx     0.2500    0.1765    0.2069        17
         mtx     0.4286    0.3158    0.3636        19
         nqx     0.5385    0.5833    0.5600        12
         qtx     0.6491    0.8222    0.7255        45
         zxx     0.7209    0.7949    0.7561        39

    accuracy                         0.6054       185
   macro avg     0.5511    0.5382    0.5347       185
weighted avg     0.6013    0.6054    0.5922       185

micro f-score: 0.6054054054054054

========== Train Epoch 28 ==========
Loss: 0.709	Accuracy: 55.14%	Cost 29s
              precision    recall  f1-score   support

         bzx     0.4706    0.5161    0.4923        31
         cwx     0.4643    0.5909    0.5200        22
         hdx     0.3333    0.2353    0.2759        17
         mtx     0.4000    0.3158    0.3529        19
         nqx     0.4211    0.6667    0.5161        12
         qtx     0.6818    0.6667    0.6742        45
         zxx     0.7576    0.6410    0.6944        39

    accuracy                         0.5514       185
   macro avg     0.5041    0.5189    0.5037       185
weighted avg     0.5586    0.5514    0.5498       185

micro f-score: 0.5513513513513514

========== Train Epoch 29 ==========
Loss: 0.691	Accuracy: 54.05%	Cost 29s
              precision    recall  f1-score   support

         bzx     0.4857    0.5484    0.5152        31
         cwx     0.4242    0.6364    0.5091        22
         hdx     0.2857    0.2353    0.2581        17
         mtx     0.3750    0.4737    0.4186        19
         nqx     0.3913    0.7500    0.5143        12
         qtx     0.8108    0.6667    0.7317        45
         zxx     0.8947    0.4359    0.5862        39

    accuracy                         0.5405       185
   macro avg     0.5239    0.5352    0.5047       185
weighted avg     0.6078    0.5405    0.5485       185

micro f-score: 0.5405405405405406

========== Train Epoch 30 ==========
Loss: 0.641	Accuracy: 58.92%	Cost 30s
              precision    recall  f1-score   support

         bzx     0.4423    0.7419    0.5542        31
         cwx     0.4483    0.5909    0.5098        22
         hdx     0.3846    0.2941    0.3333        17
         mtx     0.5385    0.3684    0.4375        19
         nqx     0.7000    0.5833    0.6364        12
         qtx     0.7561    0.6889    0.7209        45
         zxx     0.8519    0.5897    0.6970        39

    accuracy                         0.5892       185
   macro avg     0.5888    0.5510    0.5556       185
weighted avg     0.6270    0.5892    0.5926       185

micro f-score: 0.5891891891891892

========== Train Epoch 31 ==========
Loss: 0.633	Accuracy: 62.70%	Cost 29s
              precision    recall  f1-score   support

         bzx     0.6452    0.6452    0.6452        31
         cwx     0.5172    0.6818    0.5882        22
         hdx     0.3529    0.3529    0.3529        17
         mtx     0.6667    0.3158    0.4286        19
         nqx     0.6154    0.6667    0.6400        12
         qtx     0.7750    0.6889    0.7294        45
         zxx     0.6522    0.7692    0.7059        39

    accuracy                         0.6270       185
   macro avg     0.6035    0.5886    0.5843       185
weighted avg     0.6364    0.6270    0.6223       185

micro f-score: 0.6270270270270271

========== Train Epoch 32 ==========
Loss: 0.607	Accuracy: 62.70%	Cost 28s
              precision    recall  f1-score   support

         bzx     0.5455    0.7742    0.6400        31
         cwx     0.5143    0.8182    0.6316        22
         hdx     0.4545    0.2941    0.3571        17
         mtx     0.5455    0.3158    0.4000        19
         nqx     0.8571    0.5000    0.6316        12
         qtx     0.7778    0.6222    0.6914        45
         zxx     0.7073    0.7436    0.7250        39

    accuracy                         0.6270       185
   macro avg     0.6289    0.5812    0.5824       185
weighted avg     0.6442    0.6270    0.6182       185

micro f-score: 0.6270270270270271

========== Train Epoch 33 ==========
Loss: 0.603	Accuracy: 58.92%	Cost 30s
              precision    recall  f1-score   support

         bzx     0.5517    0.5161    0.5333        31
         cwx     0.5000    0.6364    0.5600        22
         hdx     0.2222    0.2353    0.2286        17
         mtx     0.5000    0.4737    0.4865        19
         nqx     0.5000    0.6667    0.5714        12
         qtx     0.7895    0.6667    0.7229        45
         zxx     0.7368    0.7179    0.7273        39

    accuracy                         0.5892       185
   macro avg     0.5429    0.5590    0.5471       185
weighted avg     0.6035    0.5892    0.5932       185

micro f-score: 0.5891891891891892

========== Train Epoch 34 ==========
Loss: 0.563	Accuracy: 61.08%	Cost 29s
              precision    recall  f1-score   support

         bzx     0.6957    0.5161    0.5926        31
         cwx     0.4643    0.5909    0.5200        22
         hdx     0.3077    0.2353    0.2667        17
         mtx     0.7500    0.3158    0.4444        19
         nqx     0.5000    0.6667    0.5714        12
         qtx     0.7750    0.6889    0.7294        45
         zxx     0.6140    0.8974    0.7292        39

    accuracy                         0.6108       185
   macro avg     0.5867    0.5587    0.5505       185
weighted avg     0.6275    0.6108    0.5995       185

micro f-score: 0.6108108108108108

========== Train Epoch 35 ==========
Loss: 0.570	Accuracy: 60.00%	Cost 29s
              precision    recall  f1-score   support

         bzx     0.7778    0.4516    0.5714        31
         cwx     0.4722    0.7727    0.5862        22
         hdx     0.3333    0.2941    0.3125        17
         mtx     0.6364    0.3684    0.4667        19
         nqx     0.6667    0.5000    0.5714        12
         qtx     0.8333    0.5556    0.6667        45
         zxx     0.5606    0.9487    0.7048        39

    accuracy                         0.6000       185
   macro avg     0.6115    0.5559    0.5542       185
weighted avg     0.6466    0.6000    0.5899       185

micro f-score: 0.6

========== Train Epoch 36 ==========
Loss: 0.541	Accuracy: 60.54%	Cost 30s
              precision    recall  f1-score   support

         bzx     0.6364    0.4516    0.5283        31
         cwx     0.6667    0.4545    0.5405        22
         hdx     0.4667    0.4118    0.4375        17
         mtx     0.4667    0.3684    0.4118        19
         nqx     0.5556    0.8333    0.6667        12
         qtx     0.7273    0.7111    0.7191        45
         zxx     0.5714    0.8205    0.6737        39

    accuracy                         0.6054       185
   macro avg     0.5844    0.5788    0.5682       185
weighted avg     0.6101    0.6054    0.5955       185

micro f-score: 0.6054054054054054

========== Train Epoch 37 ==========
Loss: 0.511	Accuracy: 57.84%	Cost 31s
              precision    recall  f1-score   support

         bzx     0.7059    0.3871    0.5000        31
         cwx     0.7273    0.3636    0.4848        22
         hdx     0.5455    0.3529    0.4286        17
         mtx     0.4231    0.5789    0.4889        19
         nqx     0.5333    0.6667    0.5926        12
         qtx     0.7647    0.5778    0.6582        45
         zxx     0.5070    0.9231    0.6545        39

    accuracy                         0.5784       185
   macro avg     0.6010    0.5500    0.5440       185
weighted avg     0.6258    0.5784    0.5676       185

micro f-score: 0.5783783783783784

========== Train Epoch 38 ==========
Loss: 0.496	Accuracy: 58.92%	Cost 30s
              precision    recall  f1-score   support

         bzx     0.7857    0.3548    0.4889        31
         cwx     0.6000    0.4091    0.4865        22
         hdx     0.3214    0.5294    0.4000        17
         mtx     0.5000    0.3684    0.4242        19
         nqx     0.5294    0.7500    0.6207        12
         qtx     0.7500    0.6667    0.7059        45
         zxx     0.5965    0.8718    0.7083        39

    accuracy                         0.5892       185
   macro avg     0.5833    0.5643    0.5478       185
weighted avg     0.6264    0.5892    0.5814       185

micro f-score: 0.5891891891891892

========== Train Epoch 39 ==========
Loss: 0.466	Accuracy: 58.92%	Cost 30s
              precision    recall  f1-score   support

         bzx     0.7857    0.3548    0.4889        31
         cwx     0.5000    0.5000    0.5000        22
         hdx     0.2692    0.4118    0.3256        17
         mtx     0.5000    0.4211    0.4571        19
         nqx     0.6154    0.6667    0.6400        12
         qtx     0.6364    0.7778    0.7000        45
         zxx     0.7436    0.7436    0.7436        39

    accuracy                         0.5892       185
   macro avg     0.5786    0.5537    0.5507       185
weighted avg     0.6187    0.5892    0.5868       185

micro f-score: 0.5891891891891892

========== Train Epoch 40 ==========
Loss: 0.457	Accuracy: 62.70%	Cost 31s
              precision    recall  f1-score   support

         bzx     0.6552    0.6129    0.6333        31
         cwx     0.6000    0.5455    0.5714        22
         hdx     0.4545    0.2941    0.3571        17
         mtx     0.6667    0.4211    0.5161        19
         nqx     0.6923    0.7500    0.7200        12
         qtx     0.8485    0.6222    0.7179        45
         zxx     0.5224    0.8974    0.6604        39

    accuracy                         0.6270       185
   macro avg     0.6342    0.5919    0.5966       185
weighted avg     0.6528    0.6270    0.6205       185

micro f-score: 0.6270270270270271

========== Train Epoch 41 ==========
Loss: 0.450	Accuracy: 61.62%	Cost 29s
              precision    recall  f1-score   support

         bzx     0.5526    0.6774    0.6087        31
         cwx     0.7222    0.5909    0.6500        22
         hdx     0.3571    0.2941    0.3226        17
         mtx     0.4737    0.4737    0.4737        19
         nqx     0.6667    0.6667    0.6667        12
         qtx     0.8235    0.6222    0.7089        45
         zxx     0.6000    0.7692    0.6742        39

    accuracy                         0.6162       185
   macro avg     0.5994    0.5849    0.5864       185
weighted avg     0.6300    0.6162    0.6154       185

micro f-score: 0.6162162162162163

========== Train Epoch 42 ==========
Loss: 0.414	Accuracy: 57.84%	Cost 30s
              precision    recall  f1-score   support

         bzx     0.5000    0.7097    0.5867        31
         cwx     0.4848    0.7273    0.5818        22
         hdx     0.2941    0.2941    0.2941        17
         mtx     0.6667    0.3158    0.4286        19
         nqx     0.3750    0.7500    0.5000        12
         qtx     0.8333    0.5556    0.6667        45
         zxx     0.8571    0.6154    0.7164        39

    accuracy                         0.5784       185
   macro avg     0.5730    0.5668    0.5392       185
weighted avg     0.6447    0.5784    0.5842       185

micro f-score: 0.5783783783783784

========== Train Epoch 43 ==========
Loss: 0.414	Accuracy: 61.62%	Cost 29s
              precision    recall  f1-score   support

         bzx     0.6000    0.6774    0.6364        31
         cwx     0.5833    0.6364    0.6087        22
         hdx     0.4167    0.2941    0.3448        17
         mtx     0.3333    0.5263    0.4082        19
         nqx     0.5714    0.6667    0.6154        12
         qtx     0.8049    0.7333    0.7674        45
         zxx     0.7931    0.5897    0.6765        39

    accuracy                         0.6162       185
   macro avg     0.5861    0.5891    0.5796       185
weighted avg     0.6425    0.6162    0.6218       185

micro f-score: 0.6162162162162163

========== Train Epoch 44 ==========
Loss: 0.386	Accuracy: 61.62%	Cost 30s
              precision    recall  f1-score   support

         bzx     0.6316    0.3871    0.4800        31
         cwx     0.5312    0.7727    0.6296        22
         hdx     0.3182    0.4118    0.3590        17
         mtx     0.6667    0.3158    0.4286        19
         nqx     0.5385    0.5833    0.5600        12
         qtx     0.7619    0.7111    0.7356        45
         zxx     0.6875    0.8462    0.7586        39

    accuracy                         0.6162       185
   macro avg     0.5908    0.5754    0.5645       185
weighted avg     0.6319    0.6162    0.6075       185

micro f-score: 0.6162162162162163

========== Train Epoch 45 ==========
Loss: 0.367	Accuracy: 64.86%	Cost 30s
              precision    recall  f1-score   support

         bzx     0.6667    0.6452    0.6557        31
         cwx     0.5789    0.5000    0.5366        22
         hdx     0.3913    0.5294    0.4500        17
         mtx     0.6429    0.4737    0.5455        19
         nqx     0.6923    0.7500    0.7200        12
         qtx     0.7561    0.6889    0.7209        45
         zxx     0.6889    0.7949    0.7381        39

    accuracy                         0.6486       185
   macro avg     0.6310    0.6260    0.6238       185
weighted avg     0.6566    0.6486    0.6487       185

micro f-score: 0.6486486486486487

========== Train Epoch 46 ==========
Loss: 0.342	Accuracy: 60.54%	Cost 31s
              precision    recall  f1-score   support

         bzx     0.7647    0.4194    0.5417        31
         cwx     0.8182    0.4091    0.5455        22
         hdx     0.3200    0.4706    0.3810        17
         mtx     0.5000    0.5263    0.5128        19
         nqx     0.5000    0.7500    0.6000        12
         qtx     0.7021    0.7333    0.7174        45
         zxx     0.6383    0.7692    0.6977        39

    accuracy                         0.6054       185
   macro avg     0.6062    0.5826    0.5709       185
weighted avg     0.6440    0.6054    0.6038       185

micro f-score: 0.6054054054054054

========== Train Epoch 47 ==========
Loss: 0.339	Accuracy: 55.68%	Cost 29s
              precision    recall  f1-score   support

         bzx     0.5926    0.5161    0.5517        31
         cwx     0.4146    0.7727    0.5397        22
         hdx     0.3529    0.3529    0.3529        17
         mtx     0.3226    0.5263    0.4000        19
         nqx     0.5333    0.6667    0.5926        12
         qtx     0.8438    0.6000    0.7013        45
         zxx     0.8636    0.4872    0.6230        39

    accuracy                         0.5568       185
   macro avg     0.5605    0.5603    0.5373       185
weighted avg     0.6361    0.5568    0.5705       185

micro f-score: 0.5567567567567567

========== Train Epoch 48 ==========
Loss: 0.340	Accuracy: 57.30%	Cost 29s
              precision    recall  f1-score   support

         bzx     0.5862    0.5484    0.5667        31
         cwx     0.7500    0.2727    0.4000        22
         hdx     0.3846    0.5882    0.4651        17
         mtx     0.6667    0.2105    0.3200        19
         nqx     0.5333    0.6667    0.5926        12
         qtx     0.8929    0.5556    0.6849        45
         zxx     0.4932    0.9231    0.6429        39

    accuracy                         0.5730       185
   macro avg     0.6153    0.5379    0.5246       185
weighted avg     0.6470    0.5730    0.5587       185

micro f-score: 0.572972972972973

========== Train Epoch 49 ==========
Loss: 0.294	Accuracy: 62.16%	Cost 31s
              precision    recall  f1-score   support

         bzx     0.8182    0.2903    0.4286        31
         cwx     0.5417    0.5909    0.5652        22
         hdx     0.3529    0.3529    0.3529        17
         mtx     0.6000    0.4737    0.5294        19
         nqx     0.6667    0.6667    0.6667        12
         qtx     0.7674    0.7333    0.7500        45
         zxx     0.5873    0.9487    0.7255        39

    accuracy                         0.6216       185
   macro avg     0.6192    0.5795    0.5740       185
weighted avg     0.6493    0.6216    0.6045       185

micro f-score: 0.6216216216216216

========== Train Epoch 50 ==========
Loss: 0.304	Accuracy: 62.70%	Cost 30s
              precision    recall  f1-score   support

         bzx     0.7222    0.4194    0.5306        31
         cwx     0.6364    0.6364    0.6364        22
         hdx     0.2692    0.4118    0.3256        17
         mtx     0.6154    0.4211    0.5000        19
         nqx     0.5714    0.6667    0.6154        12
         qtx     0.7500    0.7333    0.7416        45
         zxx     0.6875    0.8462    0.7586        39

    accuracy                         0.6270       185
   macro avg     0.6074    0.5907    0.5869       185
weighted avg     0.6491    0.6270    0.6261       185

micro f-score: 0.6270270270270271

========== Train Epoch 51 ==========
Loss: 0.289	Accuracy: 59.46%	Cost 30s
              precision    recall  f1-score   support

         bzx     0.6250    0.4839    0.5455        31
         cwx     0.4222    0.8636    0.5672        22
         hdx     0.3333    0.4118    0.3684        17
         mtx     0.4444    0.4211    0.4324        19
         nqx     0.7000    0.5833    0.6364        12
         qtx     0.8333    0.5556    0.6667        45
         zxx     0.7838    0.7436    0.7632        39

    accuracy                         0.5946       185
   macro avg     0.5917    0.5804    0.5685       185
weighted avg     0.6446    0.5946    0.6014       185

micro f-score: 0.5945945945945946

========== Train Epoch 52 ==========
Loss: 0.268	Accuracy: 52.43%	Cost 29s
              precision    recall  f1-score   support

         bzx     0.5833    0.4516    0.5091        31
         cwx     0.7000    0.3182    0.4375        22
         hdx     0.3333    0.2353    0.2759        17
         mtx     0.2821    0.5789    0.3793        19
         nqx     0.2812    0.7500    0.4091        12
         qtx     0.8438    0.6000    0.7013        45
         zxx     0.6944    0.6410    0.6667        39

    accuracy                         0.5243       185
   macro avg     0.5312    0.5107    0.4827       185
weighted avg     0.6105    0.5243    0.5393       185

micro f-score: 0.5243243243243243

========== Train Epoch 53 ==========
Loss: 0.260	Accuracy: 63.24%	Cost 30s
              precision    recall  f1-score   support

         bzx     0.6552    0.6129    0.6333        31
         cwx     0.8000    0.5455    0.6486        22
         hdx     0.4500    0.5294    0.4865        17
         mtx     0.4000    0.5263    0.4545        19
         nqx     0.6154    0.6667    0.6400        12
         qtx     0.8438    0.6000    0.7013        45
         zxx     0.6275    0.8205    0.7111        39

    accuracy                         0.6324       185
   macro avg     0.6274    0.6145    0.6108       185
weighted avg     0.6648    0.6324    0.6367       185

micro f-score: 0.6324324324324324

========== Train Epoch 54 ==========
Loss: 0.235	Accuracy: 62.16%	Cost 29s
              precision    recall  f1-score   support

         bzx     0.6000    0.4839    0.5357        31
         cwx     0.5312    0.7727    0.6296        22
         hdx     0.3333    0.4118    0.3684        17
         mtx     0.6667    0.4211    0.5161        19
         nqx     0.4706    0.6667    0.5517        12
         qtx     0.7674    0.7333    0.7500        45
         zxx     0.7714    0.6923    0.7297        39

    accuracy                         0.6216       185
   macro avg     0.5915    0.5974    0.5830       185
weighted avg     0.6426    0.6216    0.6236       185

micro f-score: 0.6216216216216216

========== Train Epoch 55 ==========
Loss: 0.235	Accuracy: 61.62%	Cost 30s
              precision    recall  f1-score   support

         bzx     0.7037    0.6129    0.6552        31
         cwx     0.5161    0.7273    0.6038        22
         hdx     0.4667    0.4118    0.4375        17
         mtx     0.3438    0.5789    0.4314        19
         nqx     0.5000    0.5833    0.5385        12
         qtx     0.8788    0.6444    0.7436        45
         zxx     0.7576    0.6410    0.6944        39

    accuracy                         0.6162       185
   macro avg     0.5952    0.6000    0.5863       185
weighted avg     0.6634    0.6162    0.6283       185

micro f-score: 0.6162162162162163

========== Train Epoch 56 ==========
Loss: 0.234	Accuracy: 61.62%	Cost 31s
              precision    recall  f1-score   support

         bzx     0.6774    0.6774    0.6774        31
         cwx     0.6316    0.5455    0.5854        22
         hdx     0.4706    0.4706    0.4706        17
         mtx     0.3250    0.6842    0.4407        19
         nqx     0.5333    0.6667    0.5926        12
         qtx     0.8235    0.6222    0.7089        45
         zxx     0.8276    0.6154    0.7059        39

    accuracy                         0.6162       185
   macro avg     0.6127    0.6117    0.5973       185
weighted avg     0.6746    0.6162    0.6313       185

micro f-score: 0.6162162162162163

========== Train Epoch 57 ==========
Loss: 0.206	Accuracy: 63.78%	Cost 28s
              precision    recall  f1-score   support

         bzx     0.6333    0.6129    0.6230        31
         cwx     0.6296    0.7727    0.6939        22
         hdx     0.5000    0.4118    0.4516        17
         mtx     0.7778    0.3684    0.5000        19
         nqx     0.3448    0.8333    0.4878        12
         qtx     0.7857    0.7333    0.7586        45
         zxx     0.7353    0.6410    0.6849        39

    accuracy                         0.6378       185
   macro avg     0.6295    0.6248    0.6000       185
weighted avg     0.6753    0.6378    0.6403       185

micro f-score: 0.6378378378378379

========== Train Epoch 58 ==========
Loss: 0.204	Accuracy: 65.95%	Cost 28s
              precision    recall  f1-score   support

         bzx     0.8824    0.4839    0.6250        31
         cwx     0.7895    0.6818    0.7317        22
         hdx     0.4091    0.5294    0.4615        17
         mtx     0.6250    0.5263    0.5714        19
         nqx     0.5333    0.6667    0.5926        12
         qtx     0.8056    0.6444    0.7160        45
         zxx     0.6000    0.9231    0.7273        39

    accuracy                         0.6595       185
   macro avg     0.6635    0.6365    0.6322       185
weighted avg     0.7005    0.6595    0.6588       185

micro f-score: 0.6594594594594595

========== Train Epoch 59 ==========
Loss: 0.206	Accuracy: 61.08%	Cost 29s
              precision    recall  f1-score   support

         bzx     0.7500    0.4839    0.5882        31
         cwx     0.6316    0.5455    0.5854        22
         hdx     0.4091    0.5294    0.4615        17
         mtx     0.3750    0.4737    0.4186        19
         nqx     0.3846    0.8333    0.5263        12
         qtx     0.8788    0.6444    0.7436        45
         zxx     0.7073    0.7436    0.7250        39

    accuracy                         0.6108       185
   macro avg     0.5909    0.6077    0.5784       185
weighted avg     0.6647    0.6108    0.6214       185

micro f-score: 0.6108108108108108

========== Train Epoch 60 ==========
Loss: 0.178	Accuracy: 62.70%	Cost 29s
              precision    recall  f1-score   support

         bzx     0.7083    0.5484    0.6182        31
         cwx     0.5714    0.7273    0.6400        22
         hdx     0.4444    0.4706    0.4571        17
         mtx     0.3846    0.5263    0.4444        19
         nqx     0.5263    0.8333    0.6452        12
         qtx     0.8710    0.6000    0.7105        45
         zxx     0.7179    0.7179    0.7179        39

    accuracy                         0.6270       185
   macro avg     0.6034    0.6320    0.6048       185
weighted avg     0.6643    0.6270    0.6334       185

micro f-score: 0.6270270270270271

========== Train Epoch 61 ==========
Loss: 0.174	Accuracy: 64.32%	Cost 30s
              precision    recall  f1-score   support

         bzx     0.6129    0.6129    0.6129        31
         cwx     0.6500    0.5909    0.6190        22
         hdx     0.6000    0.3529    0.4444        17
         mtx     0.5263    0.5263    0.5263        19
         nqx     0.4348    0.8333    0.5714        12
         qtx     0.8421    0.7111    0.7711        45
         zxx     0.6591    0.7436    0.6988        39

    accuracy                         0.6432       185
   macro avg     0.6179    0.6244    0.6063       185
weighted avg     0.6612    0.6432    0.6432       185

micro f-score: 0.6432432432432432

========== Train Epoch 62 ==========
Loss: 0.174	Accuracy: 61.62%	Cost 30s
              precision    recall  f1-score   support

         bzx     0.6957    0.5161    0.5926        31
         cwx     0.6000    0.6818    0.6383        22
         hdx     0.4286    0.5294    0.4737        17
         mtx     0.3529    0.6316    0.4528        19
         nqx     0.5263    0.8333    0.6452        12
         qtx     0.8387    0.5778    0.6842        45
         zxx     0.8125    0.6667    0.7324        39

    accuracy                         0.6162       185
   macro avg     0.6078    0.6338    0.6027       185
weighted avg     0.6730    0.6162    0.6279       185

micro f-score: 0.6162162162162163

========== Train Epoch 63 ==========
Loss: 0.166	Accuracy: 63.78%	Cost 30s
              precision    recall  f1-score   support

         bzx     0.6296    0.5484    0.5862        31
         cwx     0.7273    0.7273    0.7273        22
         hdx     0.5000    0.5294    0.5143        17
         mtx     0.4074    0.5789    0.4783        19
         nqx     0.5000    0.6667    0.5714        12
         qtx     0.7949    0.6889    0.7381        45
         zxx     0.7222    0.6667    0.6933        39

    accuracy                         0.6378       185
   macro avg     0.6116    0.6295    0.6156       185
weighted avg     0.6578    0.6378    0.6439       185

micro f-score: 0.6378378378378379

========== Train Epoch 64 ==========
Loss: 0.164	Accuracy: 64.86%	Cost 29s
              precision    recall  f1-score   support

         bzx     0.6667    0.5161    0.5818        31
         cwx     0.5909    0.5909    0.5909        22
         hdx     0.5385    0.4118    0.4667        17
         mtx     0.7500    0.3158    0.4444        19
         nqx     0.5714    0.6667    0.6154        12
         qtx     0.7200    0.8000    0.7579        45
         zxx     0.6296    0.8718    0.7312        39

    accuracy                         0.6486       185
   macro avg     0.6382    0.5962    0.5983       185
weighted avg     0.6534    0.6486    0.6347       185

micro f-score: 0.6486486486486487

Finished training!!!

Min Loss = 0.164 in epoch 63;
Max Accuracy = 65.95% in epoch 57;
Total Cost 32 minutes

==========================================================================================
Layer (type:depth-idx)                   Output Shape              Param #
==========================================================================================
├─Conv2d: 1-1                            [-1, 64, 160, 160]        9,408
├─BatchNorm2d: 1-2                       [-1, 64, 160, 160]        128
├─ReLU: 1-3                              [-1, 64, 160, 160]        --
├─SPP: 1-4                               [-1, 64, 160, 160]        --
|    └─Conv: 2-1                         [-1, 32, 160, 160]        --
|    |    └─Conv2d: 3-1                  [-1, 32, 160, 160]        2,048
|    |    └─BatchNorm2d: 3-2             [-1, 32, 160, 160]        64
|    |    └─ReLU: 3-3                    [-1, 32, 160, 160]        --
|    └─ModuleList: 2                     []                        --
|    |    └─MaxPool2d: 3-4               [-1, 32, 160, 160]        --
|    |    └─MaxPool2d: 3-5               [-1, 32, 160, 160]        --
|    |    └─MaxPool2d: 3-6               [-1, 32, 160, 160]        --
|    └─Conv: 2-2                         [-1, 64, 160, 160]        --
|    |    └─Conv2d: 3-7                  [-1, 64, 160, 160]        8,192
|    |    └─BatchNorm2d: 3-8             [-1, 64, 160, 160]        128
|    |    └─ReLU: 3-9                    [-1, 64, 160, 160]        --
├─Sequential: 1-5                        [-1, 64, 160, 160]        --
|    └─BasicBlock: 2-3                   [-1, 64, 160, 160]        --
|    |    └─Conv2d: 3-10                 [-1, 64, 160, 160]        36,864
|    |    └─BatchNorm2d: 3-11            [-1, 64, 160, 160]        128
|    |    └─ReLU: 3-12                   [-1, 64, 160, 160]        --
|    |    └─Conv2d: 3-13                 [-1, 64, 160, 160]        36,864
|    |    └─BatchNorm2d: 3-14            [-1, 64, 160, 160]        128
|    |    └─ReLU: 3-15                   [-1, 64, 160, 160]        --
|    └─BasicBlock: 2-4                   [-1, 64, 160, 160]        --
|    |    └─Conv2d: 3-16                 [-1, 64, 160, 160]        36,864
|    |    └─BatchNorm2d: 3-17            [-1, 64, 160, 160]        128
|    |    └─ReLU: 3-18                   [-1, 64, 160, 160]        --
|    |    └─Conv2d: 3-19                 [-1, 64, 160, 160]        36,864
|    |    └─BatchNorm2d: 3-20            [-1, 64, 160, 160]        128
|    |    └─ReLU: 3-21                   [-1, 64, 160, 160]        --
├─Sequential: 1-6                        [-1, 128, 80, 80]         --
|    └─BasicBlock: 2-5                   [-1, 128, 80, 80]         --
|    |    └─Conv2d: 3-22                 [-1, 128, 80, 80]         73,728
|    |    └─BatchNorm2d: 3-23            [-1, 128, 80, 80]         256
|    |    └─ReLU: 3-24                   [-1, 128, 80, 80]         --
|    |    └─Conv2d: 3-25                 [-1, 128, 80, 80]         147,456
|    |    └─BatchNorm2d: 3-26            [-1, 128, 80, 80]         256
|    |    └─Sequential: 3-27             [-1, 128, 80, 80]         8,448
|    |    └─ReLU: 3-28                   [-1, 128, 80, 80]         --
|    └─BasicBlock: 2-6                   [-1, 128, 80, 80]         --
|    |    └─Conv2d: 3-29                 [-1, 128, 80, 80]         147,456
|    |    └─BatchNorm2d: 3-30            [-1, 128, 80, 80]         256
|    |    └─ReLU: 3-31                   [-1, 128, 80, 80]         --
|    |    └─Conv2d: 3-32                 [-1, 128, 80, 80]         147,456
|    |    └─BatchNorm2d: 3-33            [-1, 128, 80, 80]         256
|    |    └─ReLU: 3-34                   [-1, 128, 80, 80]         --
├─Sequential: 1-7                        [-1, 256, 40, 40]         --
|    └─BasicBlock: 2-7                   [-1, 256, 40, 40]         --
|    |    └─Conv2d: 3-35                 [-1, 256, 40, 40]         294,912
|    |    └─BatchNorm2d: 3-36            [-1, 256, 40, 40]         512
|    |    └─ReLU: 3-37                   [-1, 256, 40, 40]         --
|    |    └─Conv2d: 3-38                 [-1, 256, 40, 40]         589,824
|    |    └─BatchNorm2d: 3-39            [-1, 256, 40, 40]         512
|    |    └─Sequential: 3-40             [-1, 256, 40, 40]         33,280
|    |    └─ReLU: 3-41                   [-1, 256, 40, 40]         --
|    └─BasicBlock: 2-8                   [-1, 256, 40, 40]         --
|    |    └─Conv2d: 3-42                 [-1, 256, 40, 40]         589,824
|    |    └─BatchNorm2d: 3-43            [-1, 256, 40, 40]         512
|    |    └─ReLU: 3-44                   [-1, 256, 40, 40]         --
|    |    └─Conv2d: 3-45                 [-1, 256, 40, 40]         589,824
|    |    └─BatchNorm2d: 3-46            [-1, 256, 40, 40]         512
|    |    └─ReLU: 3-47                   [-1, 256, 40, 40]         --
├─Sequential: 1-8                        [-1, 512, 20, 20]         --
|    └─BasicBlock: 2-9                   [-1, 512, 20, 20]         --
|    |    └─Conv2d: 3-48                 [-1, 512, 20, 20]         1,179,648
|    |    └─BatchNorm2d: 3-49            [-1, 512, 20, 20]         1,024
|    |    └─ReLU: 3-50                   [-1, 512, 20, 20]         --
|    |    └─Conv2d: 3-51                 [-1, 512, 20, 20]         2,359,296
|    |    └─BatchNorm2d: 3-52            [-1, 512, 20, 20]         1,024
|    |    └─Sequential: 3-53             [-1, 512, 20, 20]         132,096
|    |    └─ReLU: 3-54                   [-1, 512, 20, 20]         --
|    └─BasicBlock: 2-10                  [-1, 512, 20, 20]         --
|    |    └─Conv2d: 3-55                 [-1, 512, 20, 20]         2,359,296
|    |    └─BatchNorm2d: 3-56            [-1, 512, 20, 20]         1,024
|    |    └─ReLU: 3-57                   [-1, 512, 20, 20]         --
|    |    └─Conv2d: 3-58                 [-1, 512, 20, 20]         2,359,296
|    |    └─BatchNorm2d: 3-59            [-1, 512, 20, 20]         1,024
|    |    └─ReLU: 3-60                   [-1, 512, 20, 20]         --
├─AdaptiveAvgPool2d: 1-9                 [-1, 512, 1, 1]           --
├─Linear: 1-10                           [-1, 7]                   3,591
==========================================================================================
Total params: 11,190,535
Trainable params: 11,190,535
Non-trainable params: 0
Total mult-adds (G): 14.37
==========================================================================================
Input size (MB): 1.17
Forward/backward pass size (MB): 271.88
Params size (MB): 42.69
Estimated Total Size (MB): 315.74
==========================================================================================



Traceback (most recent call last):
  File "train.py", line 258, in <module>
    dspp_resnet.resnet18, **args)
  File "train.py", line 188, in train
    stat(net, (3, 320, 320))
  File "/home/djy/anaconda3/envs/pytorch/lib/python3.7/site-packages/torchstat/statistics.py", line 71, in stat
    ms.show_report()
  File "/home/djy/anaconda3/envs/pytorch/lib/python3.7/site-packages/torchstat/statistics.py", line 64, in show_report
    collected_nodes = self._analyze_model()
  File "/home/djy/anaconda3/envs/pytorch/lib/python3.7/site-packages/torchstat/statistics.py", line 57, in _analyze_model
    model_hook = ModelHook(self._model, self._input_size)
  File "/home/djy/anaconda3/envs/pytorch/lib/python3.7/site-packages/torchstat/model_hook.py", line 24, in __init__
    self._model(x)
  File "/home/djy/anaconda3/envs/pytorch/lib/python3.7/site-packages/torch/nn/modules/module.py", line 1102, in _call_impl
    return forward_call(*input, **kwargs)
  File "/home/djy/dl/models/dspp_resnet.py", line 350, in forward
    return self._forward_impl(x, y)
  File "/home/djy/dl/models/dspp_resnet.py", line 330, in _forward_impl
    x = self.conv1(x)
  File "/home/djy/anaconda3/envs/pytorch/lib/python3.7/site-packages/torchstat/model_hook.py", line 50, in wrap_call
    output = self._origin_call[module.__class__](module, *input, **kwargs)
  File "/home/djy/anaconda3/envs/pytorch/lib/python3.7/site-packages/torch/nn/modules/module.py", line 1102, in _call_impl
    return forward_call(*input, **kwargs)
  File "/home/djy/anaconda3/envs/pytorch/lib/python3.7/site-packages/torch/nn/modules/conv.py", line 446, in forward
    return self._conv_forward(input, self.weight, self.bias)
  File "/home/djy/anaconda3/envs/pytorch/lib/python3.7/site-packages/torch/nn/modules/conv.py", line 443, in _conv_forward
    self.padding, self.dilation, self.groups)
RuntimeError: Input type (torch.FloatTensor) and weight type (torch.cuda.FloatTensor) should be the same or input should be a MKLDNN tensor and weight is a dense tensor
