dataset_path: /home/djy/dataset/dataset2
pretrained : False 
parallel: False

msg: hcam_resnet18_16
using model: ResNet, resnet18
using device cuda:0
batch_size = 20
epochs = 80
loss_function = CrossEntropyLoss()
optimizer = Adam (
Parameter Group 0
    amsgrad: False
    betas: (0.9, 0.999)
    eps: 1e-08
    initial_lr: 0.001
    lr: 0.001
    weight_decay: 0
)


========== Train Epoch 1 ==========
Loss: 1.889	Accuracy: 24.86%	Cost 46s
              precision    recall  f1-score   support

         bzx     0.2703    0.3226    0.2941        31
         cwx     0.2500    0.1818    0.2105        22
         hdx     0.0000    0.0000    0.0000        17
         mtx     0.3333    0.0526    0.0909        19
         nqx     0.1714    0.5000    0.2553        12
         qtx     0.2727    0.0667    0.1071        45
         zxx     0.2651    0.5641    0.3607        39

    accuracy                         0.2486       185
   macro avg     0.2233    0.2411    0.1884       185
weighted avg     0.2426    0.2486    0.2023       185

micro f-score: 0.24864864864864866

========== Train Epoch 2 ==========
/home/djy/anaconda3/envs/pytorch/lib/python3.7/site-packages/sklearn/metrics/_classification.py:1308: UndefinedMetricWarning: Precision and F-score are ill-defined and being set to 0.0 in labels with no predicted samples. Use `zero_division` parameter to control this behavior.
  _warn_prf(average, modifier, msg_start, len(result))
/home/djy/anaconda3/envs/pytorch/lib/python3.7/site-packages/sklearn/metrics/_classification.py:1308: UndefinedMetricWarning: Precision and F-score are ill-defined and being set to 0.0 in labels with no predicted samples. Use `zero_division` parameter to control this behavior.
  _warn_prf(average, modifier, msg_start, len(result))
/home/djy/anaconda3/envs/pytorch/lib/python3.7/site-packages/sklearn/metrics/_classification.py:1308: UndefinedMetricWarning: Precision and F-score are ill-defined and being set to 0.0 in labels with no predicted samples. Use `zero_division` parameter to control this behavior.
  _warn_prf(average, modifier, msg_start, len(result))
Loss: 1.675	Accuracy: 17.30%	Cost 45s
              precision    recall  f1-score   support

         bzx     0.0000    0.0000    0.0000        31
         cwx     0.1333    0.6364    0.2205        22
         hdx     0.0000    0.0000    0.0000        17
         mtx     0.0000    0.0000    0.0000        19
         nqx     0.3333    0.1667    0.2222        12
         qtx     0.2055    0.3333    0.2542        45
         zxx     1.0000    0.0256    0.0500        39

    accuracy                         0.1730       185
   macro avg     0.2389    0.1660    0.1067       185
weighted avg     0.2983    0.1730    0.1130       185

micro f-score: 0.17297297297297298

========== Train Epoch 3 ==========
/home/djy/anaconda3/envs/pytorch/lib/python3.7/site-packages/sklearn/metrics/_classification.py:1308: UndefinedMetricWarning: Precision and F-score are ill-defined and being set to 0.0 in labels with no predicted samples. Use `zero_division` parameter to control this behavior.
  _warn_prf(average, modifier, msg_start, len(result))
/home/djy/anaconda3/envs/pytorch/lib/python3.7/site-packages/sklearn/metrics/_classification.py:1308: UndefinedMetricWarning: Precision and F-score are ill-defined and being set to 0.0 in labels with no predicted samples. Use `zero_division` parameter to control this behavior.
  _warn_prf(average, modifier, msg_start, len(result))
/home/djy/anaconda3/envs/pytorch/lib/python3.7/site-packages/sklearn/metrics/_classification.py:1308: UndefinedMetricWarning: Precision and F-score are ill-defined and being set to 0.0 in labels with no predicted samples. Use `zero_division` parameter to control this behavior.
  _warn_prf(average, modifier, msg_start, len(result))
Loss: 1.625	Accuracy: 34.05%	Cost 46s
              precision    recall  f1-score   support

         bzx     0.2833    0.5484    0.3736        31
         cwx     0.3333    0.1364    0.1935        22
         hdx     0.0000    0.0000    0.0000        17
         mtx     0.1765    0.1579    0.1667        19
         nqx     0.3077    0.3333    0.3200        12
         qtx     0.4286    0.3333    0.3750        45
         zxx     0.4286    0.5385    0.4773        39

    accuracy                         0.3405       185
   macro avg     0.2797    0.2925    0.2723       185
weighted avg     0.3198    0.3405    0.3153       185

micro f-score: 0.34054054054054056

========== Train Epoch 4 ==========
Loss: 1.550	Accuracy: 35.68%	Cost 45s
              precision    recall  f1-score   support

         bzx     0.2745    0.9032    0.4211        31
         cwx     0.2000    0.0455    0.0741        22
         hdx     0.0000    0.0000    0.0000        17
         mtx     0.0909    0.0526    0.0667        19
         nqx     0.0000    0.0000    0.0000        12
         qtx     0.4524    0.4222    0.4368        45
         zxx     0.6800    0.4359    0.5312        39

    accuracy                         0.3568       185
   macro avg     0.2425    0.2656    0.2185       185
weighted avg     0.3325    0.3568    0.3044       185

micro f-score: 0.3567567567567568

========== Train Epoch 5 ==========
/home/djy/anaconda3/envs/pytorch/lib/python3.7/site-packages/sklearn/metrics/_classification.py:1308: UndefinedMetricWarning: Precision and F-score are ill-defined and being set to 0.0 in labels with no predicted samples. Use `zero_division` parameter to control this behavior.
  _warn_prf(average, modifier, msg_start, len(result))
/home/djy/anaconda3/envs/pytorch/lib/python3.7/site-packages/sklearn/metrics/_classification.py:1308: UndefinedMetricWarning: Precision and F-score are ill-defined and being set to 0.0 in labels with no predicted samples. Use `zero_division` parameter to control this behavior.
  _warn_prf(average, modifier, msg_start, len(result))
/home/djy/anaconda3/envs/pytorch/lib/python3.7/site-packages/sklearn/metrics/_classification.py:1308: UndefinedMetricWarning: Precision and F-score are ill-defined and being set to 0.0 in labels with no predicted samples. Use `zero_division` parameter to control this behavior.
  _warn_prf(average, modifier, msg_start, len(result))
Loss: 1.508	Accuracy: 27.03%	Cost 45s
              precision    recall  f1-score   support

         bzx     0.3333    0.2903    0.3103        31
         cwx     0.0870    0.0909    0.0889        22
         hdx     0.0769    0.0588    0.0667        17
         mtx     0.2500    0.1053    0.1481        19
         nqx     0.1233    0.7500    0.2118        12
         qtx     1.0000    0.0667    0.1250        45
         zxx     0.6316    0.6154    0.6234        39

    accuracy                         0.2703       185
   macro avg     0.3574    0.2825    0.2249       185
weighted avg     0.4833    0.2703    0.2595       185

micro f-score: 0.2702702702702703

========== Train Epoch 6 ==========
Loss: 1.435	Accuracy: 42.70%	Cost 45s
              precision    recall  f1-score   support

         bzx     0.2963    0.2581    0.2759        31
         cwx     0.5000    0.0909    0.1538        22
         hdx     0.0000    0.0000    0.0000        17
         mtx     0.0000    0.0000    0.0000        19
         nqx     0.3182    0.5833    0.4118        12
         qtx     0.6087    0.6222    0.6154        45
         zxx     0.4096    0.8718    0.5574        39

    accuracy                         0.4270       185
   macro avg     0.3047    0.3466    0.2877       185
weighted avg     0.3642    0.4270    0.3584       185

micro f-score: 0.427027027027027

========== Train Epoch 7 ==========
Loss: 1.380	Accuracy: 30.81%	Cost 42s
              precision    recall  f1-score   support

         bzx     0.2807    0.5161    0.3636        31
         cwx     0.0000    0.0000    0.0000        22
         hdx     0.0000    0.0000    0.0000        17
         mtx     0.3333    0.0526    0.0909        19
         nqx     0.5000    0.2500    0.3333        12
         qtx     0.8571    0.1333    0.2308        45
         zxx     0.2818    0.7949    0.4161        39

    accuracy                         0.3081       185
   macro avg     0.3219    0.2496    0.2050       185
weighted avg     0.3816    0.3081    0.2357       185

micro f-score: 0.3081081081081081

========== Train Epoch 8 ==========
/home/djy/anaconda3/envs/pytorch/lib/python3.7/site-packages/sklearn/metrics/_classification.py:1308: UndefinedMetricWarning: Precision and F-score are ill-defined and being set to 0.0 in labels with no predicted samples. Use `zero_division` parameter to control this behavior.
  _warn_prf(average, modifier, msg_start, len(result))
/home/djy/anaconda3/envs/pytorch/lib/python3.7/site-packages/sklearn/metrics/_classification.py:1308: UndefinedMetricWarning: Precision and F-score are ill-defined and being set to 0.0 in labels with no predicted samples. Use `zero_division` parameter to control this behavior.
  _warn_prf(average, modifier, msg_start, len(result))
/home/djy/anaconda3/envs/pytorch/lib/python3.7/site-packages/sklearn/metrics/_classification.py:1308: UndefinedMetricWarning: Precision and F-score are ill-defined and being set to 0.0 in labels with no predicted samples. Use `zero_division` parameter to control this behavior.
  _warn_prf(average, modifier, msg_start, len(result))
Loss: 1.312	Accuracy: 28.11%	Cost 45s
              precision    recall  f1-score   support

         bzx     0.2273    0.3226    0.2667        31
         cwx     0.5000    0.0909    0.1538        22
         hdx     0.3333    0.1176    0.1739        17
         mtx     0.0000    0.0000    0.0000        19
         nqx     0.0000    0.0000    0.0000        12
         qtx     1.0000    0.0444    0.0851        45
         zxx     0.2791    0.9231    0.4286        39

    accuracy                         0.2811       185
   macro avg     0.3342    0.2141    0.1583       185
weighted avg     0.4302    0.2811    0.1900       185

micro f-score: 0.2810810810810811

========== Train Epoch 9 ==========
/home/djy/anaconda3/envs/pytorch/lib/python3.7/site-packages/sklearn/metrics/_classification.py:1308: UndefinedMetricWarning: Precision and F-score are ill-defined and being set to 0.0 in labels with no predicted samples. Use `zero_division` parameter to control this behavior.
  _warn_prf(average, modifier, msg_start, len(result))
/home/djy/anaconda3/envs/pytorch/lib/python3.7/site-packages/sklearn/metrics/_classification.py:1308: UndefinedMetricWarning: Precision and F-score are ill-defined and being set to 0.0 in labels with no predicted samples. Use `zero_division` parameter to control this behavior.
  _warn_prf(average, modifier, msg_start, len(result))
/home/djy/anaconda3/envs/pytorch/lib/python3.7/site-packages/sklearn/metrics/_classification.py:1308: UndefinedMetricWarning: Precision and F-score are ill-defined and being set to 0.0 in labels with no predicted samples. Use `zero_division` parameter to control this behavior.
  _warn_prf(average, modifier, msg_start, len(result))
Loss: 1.256	Accuracy: 37.30%	Cost 44s
              precision    recall  f1-score   support

         bzx     0.3286    0.7419    0.4554        31
         cwx     0.2000    0.0909    0.1250        22
         hdx     0.0000    0.0000    0.0000        17
         mtx     0.3333    0.0526    0.0909        19
         nqx     0.3750    0.2500    0.3000        12
         qtx     0.7059    0.2667    0.3871        45
         zxx     0.3733    0.7179    0.4912        39

    accuracy                         0.3730       185
   macro avg     0.3309    0.3029    0.2642       185
weighted avg     0.3878    0.3730    0.3177       185

micro f-score: 0.37297297297297294

========== Train Epoch 10 ==========
Loss: 1.163	Accuracy: 46.49%	Cost 44s
              precision    recall  f1-score   support

         bzx     0.5000    0.0323    0.0606        31
         cwx     0.2545    0.6364    0.3636        22
         hdx     0.3333    0.2353    0.2759        17
         mtx     0.4000    0.2105    0.2759        19
         nqx     0.3200    0.6667    0.4324        12
         qtx     0.8065    0.5556    0.6579        45
         zxx     0.6000    0.7692    0.6742        39

    accuracy                         0.4649       185
   macro avg     0.4592    0.4437    0.3915       185
weighted avg     0.5292    0.4649    0.4373       185

micro f-score: 0.4648648648648649

========== Train Epoch 11 ==========
Loss: 1.087	Accuracy: 31.89%	Cost 45s
              precision    recall  f1-score   support

         bzx     0.5000    0.0323    0.0606        31
         cwx     0.2692    0.3182    0.2917        22
         hdx     0.1250    0.8235    0.2171        17
         mtx     0.5000    0.0526    0.0952        19
         nqx     1.0000    0.0833    0.1538        12
         qtx     0.7143    0.3333    0.4545        45
         zxx     0.9524    0.5128    0.6667        39

    accuracy                         0.3189       185
   macro avg     0.5801    0.3080    0.2771       185
weighted avg     0.6180    0.3189    0.3357       185

micro f-score: 0.31891891891891894

========== Train Epoch 12 ==========
Loss: 0.991	Accuracy: 43.78%	Cost 43s
              precision    recall  f1-score   support

         bzx     0.2805    0.7419    0.4071        31
         cwx     0.7778    0.3182    0.4516        22
         hdx     0.2222    0.1176    0.1538        17
         mtx     0.2353    0.2105    0.2222        19
         nqx     0.4211    0.6667    0.5161        12
         qtx     0.7143    0.5556    0.6250        45
         zxx     0.8571    0.3077    0.4528        39

    accuracy                         0.4378       185
   macro avg     0.5012    0.4169    0.4041       185
weighted avg     0.5658    0.4378    0.4398       185

micro f-score: 0.43783783783783786

========== Train Epoch 13 ==========
Loss: 0.879	Accuracy: 39.46%	Cost 46s
              precision    recall  f1-score   support

         bzx     0.2500    0.0323    0.0571        31
         cwx     0.3750    0.1364    0.2000        22
         hdx     0.5000    0.1176    0.1905        17
         mtx     0.2500    0.0526    0.0870        19
         nqx     0.6250    0.4167    0.5000        12
         qtx     0.5556    0.5556    0.5556        45
         zxx     0.3214    0.9231    0.4768        39

    accuracy                         0.3946       185
   macro avg     0.4110    0.3192    0.2953       185
weighted avg     0.4015    0.3946    0.3279       185

micro f-score: 0.3945945945945946

========== Train Epoch 14 ==========
Loss: 0.807	Accuracy: 31.89%	Cost 46s
              precision    recall  f1-score   support

         bzx     0.0000    0.0000    0.0000        31
         cwx     0.2564    0.9091    0.4000        22
         hdx     0.0000    0.0000    0.0000        17
         mtx     0.1731    0.4737    0.2535        19
         nqx     0.1250    0.1667    0.1429        12
         qtx     0.6786    0.4222    0.5205        45
         zxx     1.0000    0.2308    0.3750        39

    accuracy                         0.3189       185
   macro avg     0.3190    0.3146    0.2417       185
weighted avg     0.4322    0.3189    0.2885       185

micro f-score: 0.31891891891891894

========== Train Epoch 15 ==========
/home/djy/anaconda3/envs/pytorch/lib/python3.7/site-packages/sklearn/metrics/_classification.py:1308: UndefinedMetricWarning: Precision and F-score are ill-defined and being set to 0.0 in labels with no predicted samples. Use `zero_division` parameter to control this behavior.
  _warn_prf(average, modifier, msg_start, len(result))
/home/djy/anaconda3/envs/pytorch/lib/python3.7/site-packages/sklearn/metrics/_classification.py:1308: UndefinedMetricWarning: Precision and F-score are ill-defined and being set to 0.0 in labels with no predicted samples. Use `zero_division` parameter to control this behavior.
  _warn_prf(average, modifier, msg_start, len(result))
/home/djy/anaconda3/envs/pytorch/lib/python3.7/site-packages/sklearn/metrics/_classification.py:1308: UndefinedMetricWarning: Precision and F-score are ill-defined and being set to 0.0 in labels with no predicted samples. Use `zero_division` parameter to control this behavior.
  _warn_prf(average, modifier, msg_start, len(result))
Loss: 0.850	Accuracy: 44.86%	Cost 45s
              precision    recall  f1-score   support

         bzx     0.4615    0.3871    0.4211        31
         cwx     1.0000    0.0909    0.1667        22
         hdx     0.2000    0.3529    0.2553        17
         mtx     0.1961    0.5263    0.2857        19
         nqx     0.4737    0.7500    0.5806        12
         qtx     0.7027    0.5778    0.6341        45
         zxx     0.9000    0.4615    0.6102        39

    accuracy                         0.4486       185
   macro avg     0.5620    0.4495    0.4220       185
weighted avg     0.6262    0.4486    0.4637       185

micro f-score: 0.4486486486486486

========== Train Epoch 16 ==========
Loss: 0.620	Accuracy: 54.05%	Cost 47s
              precision    recall  f1-score   support

         bzx     0.3750    0.5806    0.4557        31
         cwx     0.3696    0.7727    0.5000        22
         hdx     0.2727    0.1765    0.2143        17
         mtx     0.4000    0.1053    0.1667        19
         nqx     0.7778    0.5833    0.6667        12
         qtx     0.7556    0.7556    0.7556        45
         zxx     0.9048    0.4872    0.6333        39

    accuracy                         0.5405       185
   macro avg     0.5508    0.4945    0.4846       185
weighted avg     0.5979    0.5405    0.5332       185

micro f-score: 0.5405405405405406

========== Train Epoch 17 ==========
Loss: 0.551	Accuracy: 44.32%	Cost 45s
              precision    recall  f1-score   support

         bzx     0.3878    0.6129    0.4750        31
         cwx     0.7143    0.2273    0.3448        22
         hdx     0.1552    0.5294    0.2400        17
         mtx     0.1818    0.1053    0.1333        19
         nqx     0.7143    0.4167    0.5263        12
         qtx     0.7500    0.4667    0.5753        45
         zxx     0.8400    0.5385    0.6562        39

    accuracy                         0.4432       185
   macro avg     0.5348    0.4138    0.4216       185
weighted avg     0.5887    0.4432    0.4688       185

micro f-score: 0.44324324324324327

========== Train Epoch 18 ==========
Loss: 0.423	Accuracy: 30.81%	Cost 47s
              precision    recall  f1-score   support

         bzx     0.2286    0.2581    0.2424        31
         cwx     0.5833    0.3182    0.4118        22
         hdx     0.1316    0.2941    0.1818        17
         mtx     0.0000    0.0000    0.0000        19
         nqx     0.1864    0.9167    0.3099        12
         qtx     0.6667    0.3556    0.4638        45
         zxx     0.6250    0.2564    0.3636        39

    accuracy                         0.3081       185
   macro avg     0.3459    0.3427    0.2819       185
weighted avg     0.4258    0.3081    0.3159       185

micro f-score: 0.3081081081081081

========== Train Epoch 19 ==========
Loss: 0.297	Accuracy: 50.81%	Cost 46s
              precision    recall  f1-score   support

         bzx     0.4167    0.1613    0.2326        31
         cwx     0.5714    0.5455    0.5581        22
         hdx     0.2000    0.0588    0.0909        17
         mtx     0.0000    0.0000    0.0000        19
         nqx     1.0000    0.3333    0.5000        12
         qtx     0.4868    0.8222    0.6116        45
         zxx     0.5385    0.8974    0.6731        39

    accuracy                         0.5081       185
   macro avg     0.4591    0.4027    0.3809       185
weighted avg     0.4530    0.5081    0.4368       185

micro f-score: 0.5081081081081081

========== Train Epoch 20 ==========
Loss: 0.224	Accuracy: 39.46%	Cost 47s
              precision    recall  f1-score   support

         bzx     0.3125    0.4839    0.3797        31
         cwx     0.2687    0.8182    0.4045        22
         hdx     0.1667    0.1176    0.1379        17
         mtx     0.4286    0.1579    0.2308        19
         nqx     0.4500    0.7500    0.5625        12
         qtx     0.8182    0.4000    0.5373        45
         zxx     0.8889    0.2051    0.3333        39

    accuracy                         0.3946       185
   macro avg     0.4762    0.4190    0.3694       185
weighted avg     0.5592    0.3946    0.3856       185

micro f-score: 0.3945945945945946

========== Train Epoch 21 ==========
Loss: 0.188	Accuracy: 45.41%	Cost 44s
              precision    recall  f1-score   support

         bzx     0.0000    0.0000    0.0000        31
         cwx     0.8333    0.2273    0.3571        22
         hdx     0.4286    0.1765    0.2500        17
         mtx     0.2273    0.7895    0.3529        19
         nqx     0.3000    0.2500    0.2727        12
         qtx     0.5397    0.7556    0.6296        45
         zxx     0.7500    0.6154    0.6761        39

    accuracy                         0.4541       185
   macro avg     0.4398    0.4020    0.3626       185
weighted avg     0.4707    0.4541    0.4151       185

micro f-score: 0.4540540540540541

========== Train Epoch 22 ==========
Loss: 0.199	Accuracy: 43.78%	Cost 43s
              precision    recall  f1-score   support

         bzx     0.5714    0.1290    0.2105        31
         cwx     0.2687    0.8182    0.4045        22
         hdx     0.1714    0.3529    0.2308        17
         mtx     0.3333    0.0526    0.0909        19
         nqx     0.3333    0.1667    0.2222        12
         qtx     0.6389    0.5111    0.5679        45
         zxx     0.8710    0.6923    0.7714        39

    accuracy                         0.4378       185
   macro avg     0.4554    0.3890    0.3569       185
weighted avg     0.5383    0.4378    0.4291       185

micro f-score: 0.43783783783783786

========== Train Epoch 23 ==========
Loss: 0.217	Accuracy: 46.49%	Cost 46s
              precision    recall  f1-score   support

         bzx     0.5000    0.2581    0.3404        31
         cwx     0.7143    0.2273    0.3448        22
         hdx     0.3000    0.3529    0.3243        17
         mtx     0.2368    0.4737    0.3158        19
         nqx     0.3636    0.3333    0.3478        12
         qtx     0.8636    0.4222    0.5672        45
         zxx     0.4930    0.8974    0.6364        39

    accuracy                         0.4649       185
   macro avg     0.4959    0.4236    0.4110       185
weighted avg     0.5582    0.4649    0.4550       185

micro f-score: 0.4648648648648649

========== Train Epoch 24 ==========
Loss: 0.166	Accuracy: 43.24%	Cost 46s
              precision    recall  f1-score   support

         bzx     0.4118    0.2258    0.2917        31
         cwx     0.4375    0.3182    0.3684        22
         hdx     0.2000    0.7059    0.3117        17
         mtx     0.2222    0.2105    0.2162        19
         nqx     0.5714    0.3333    0.4211        12
         qtx     0.6250    0.6667    0.6452        45
         zxx     0.8421    0.4103    0.5517        39

    accuracy                         0.4324       185
   macro avg     0.4729    0.4101    0.4008       185
weighted avg     0.5288    0.4324    0.4441       185

micro f-score: 0.43243243243243246

========== Train Epoch 25 ==========
Loss: 0.108	Accuracy: 50.27%	Cost 47s
              precision    recall  f1-score   support

         bzx     0.4583    0.3548    0.4000        31
         cwx     1.0000    0.1818    0.3077        22
         hdx     0.7143    0.2941    0.4167        17
         mtx     0.2857    0.3158    0.3000        19
         nqx     0.2759    0.6667    0.3902        12
         qtx     0.7812    0.5556    0.6494        45
         zxx     0.5000    0.8718    0.6355        39

    accuracy                         0.5027       185
   macro avg     0.5736    0.4629    0.4428       185
weighted avg     0.6040    0.5027    0.4900       185

micro f-score: 0.5027027027027027

========== Train Epoch 26 ==========
Loss: 0.131	Accuracy: 54.05%	Cost 43s
              precision    recall  f1-score   support

         bzx     0.4500    0.2903    0.3529        31
         cwx     0.5000    0.5000    0.5000        22
         hdx     0.4000    0.1176    0.1818        17
         mtx     0.3500    0.3684    0.3590        19
         nqx     0.5000    0.5833    0.5385        12
         qtx     0.6809    0.7111    0.6957        45
         zxx     0.5614    0.8205    0.6667        39

    accuracy                         0.5405       185
   macro avg     0.4918    0.4845    0.4706       185
weighted avg     0.5240    0.5405    0.5169       185

micro f-score: 0.5405405405405406

========== Train Epoch 27 ==========
Loss: 0.139	Accuracy: 49.73%	Cost 46s
              precision    recall  f1-score   support

         bzx     0.4706    0.2581    0.3333        31
         cwx     0.5455    0.5455    0.5455        22
         hdx     0.1562    0.2941    0.2041        17
         mtx     0.4615    0.3158    0.3750        19
         nqx     0.2800    0.5833    0.3784        12
         qtx     0.6600    0.7333    0.6947        45
         zxx     0.8077    0.5385    0.6462        39

    accuracy                         0.4973       185
   macro avg     0.4831    0.4669    0.4539       185
weighted avg     0.5545    0.4973    0.5077       185

micro f-score: 0.4972972972972973

========== Train Epoch 28 ==========
Loss: 0.069	Accuracy: 60.54%	Cost 44s
              precision    recall  f1-score   support

         bzx     0.6250    0.3226    0.4255        31
         cwx     0.8125    0.5909    0.6842        22
         hdx     0.5556    0.2941    0.3846        17
         mtx     0.7143    0.2632    0.3846        19
         nqx     0.4737    0.7500    0.5806        12
         qtx     0.5417    0.8667    0.6667        45
         zxx     0.6739    0.7949    0.7294        39

    accuracy                         0.6054       185
   macro avg     0.6281    0.5546    0.5508       185
weighted avg     0.6303    0.6054    0.5811       185

micro f-score: 0.6054054054054054

========== Train Epoch 29 ==========
Loss: 0.057	Accuracy: 58.92%	Cost 46s
              precision    recall  f1-score   support

         bzx     0.5714    0.2581    0.3556        31
         cwx     0.3750    0.8182    0.5143        22
         hdx     0.4000    0.3529    0.3750        17
         mtx     0.5455    0.3158    0.4000        19
         nqx     0.6667    0.3333    0.4444        12
         qtx     0.8421    0.7111    0.7711        45
         zxx     0.6604    0.8974    0.7609        39

    accuracy                         0.5892       185
   macro avg     0.5801    0.5267    0.5173       185
weighted avg     0.6204    0.5892    0.5731       185

micro f-score: 0.5891891891891892

========== Train Epoch 30 ==========
Loss: 0.043	Accuracy: 54.05%	Cost 47s
              precision    recall  f1-score   support

         bzx     0.4545    0.4839    0.4687        31
         cwx     0.6667    0.3636    0.4706        22
         hdx     0.2353    0.4706    0.3137        17
         mtx     0.5714    0.2105    0.3077        19
         nqx     0.5333    0.6667    0.5926        12
         qtx     0.8571    0.5333    0.6575        45
         zxx     0.5893    0.8462    0.6947        39

    accuracy                         0.5405       185
   macro avg     0.5582    0.5107    0.5008       185
weighted avg     0.6031    0.5405    0.5398       185

micro f-score: 0.5405405405405406

========== Train Epoch 31 ==========
Loss: 0.026	Accuracy: 57.30%	Cost 46s
              precision    recall  f1-score   support

         bzx     0.4783    0.3548    0.4074        31
         cwx     0.7692    0.4545    0.5714        22
         hdx     0.2727    0.3529    0.3077        17
         mtx     0.4286    0.3158    0.3636        19
         nqx     0.4737    0.7500    0.5806        12
         qtx     0.7273    0.7111    0.7191        45
         zxx     0.6400    0.8205    0.7191        39

    accuracy                         0.5730       185
   macro avg     0.5414    0.5371    0.5241       185
weighted avg     0.5832    0.5730    0.5660       185

micro f-score: 0.572972972972973

========== Train Epoch 32 ==========
Loss: 0.024	Accuracy: 58.92%	Cost 46s
              precision    recall  f1-score   support

         bzx     0.5217    0.3871    0.4444        31
         cwx     0.4444    0.5455    0.4898        22
         hdx     0.3889    0.4118    0.4000        17
         mtx     0.6250    0.2632    0.3704        19
         nqx     0.6000    0.7500    0.6667        12
         qtx     0.7805    0.7111    0.7442        45
         zxx     0.6038    0.8205    0.6957        39

    accuracy                         0.5892       185
   macro avg     0.5663    0.5556    0.5444       185
weighted avg     0.5963    0.5892    0.5784       185

micro f-score: 0.5891891891891892

========== Train Epoch 33 ==========
Loss: 0.029	Accuracy: 56.22%	Cost 48s
              precision    recall  f1-score   support

         bzx     0.5000    0.3548    0.4151        31
         cwx     0.5769    0.6818    0.6250        22
         hdx     0.3200    0.4706    0.3810        17
         mtx     0.2857    0.1053    0.1538        19
         nqx     0.5000    0.4167    0.4545        12
         qtx     0.8056    0.6444    0.7160        45
         zxx     0.5763    0.8718    0.6939        39

    accuracy                         0.5622       185
   macro avg     0.5092    0.5065    0.4913       185
weighted avg     0.5610    0.5622    0.5446       185

micro f-score: 0.5621621621621622

========== Train Epoch 34 ==========
Loss: 0.034	Accuracy: 54.05%	Cost 48s
              precision    recall  f1-score   support

         bzx     0.6250    0.1613    0.2564        31
         cwx     0.6875    0.5000    0.5789        22
         hdx     0.2353    0.2353    0.2353        17
         mtx     0.2826    0.6842    0.4000        19
         nqx     0.5833    0.5833    0.5833        12
         qtx     0.8125    0.5778    0.6753        45
         zxx     0.6296    0.8718    0.7312        39

    accuracy                         0.5405       185
   macro avg     0.5508    0.5162    0.4944       185
weighted avg     0.6053    0.5405    0.5308       185

micro f-score: 0.5405405405405406

========== Train Epoch 35 ==========
Loss: 0.019	Accuracy: 60.54%	Cost 46s
              precision    recall  f1-score   support

         bzx     0.4762    0.3226    0.3846        31
         cwx     0.6842    0.5909    0.6341        22
         hdx     0.3750    0.3529    0.3636        17
         mtx     0.4348    0.5263    0.4762        19
         nqx     0.5000    0.7500    0.6000        12
         qtx     0.8333    0.6667    0.7407        45
         zxx     0.6538    0.8718    0.7473        39

    accuracy                         0.6054       185
   macro avg     0.5653    0.5830    0.5638       185
weighted avg     0.6132    0.6054    0.5988       185

micro f-score: 0.6054054054054054

========== Train Epoch 36 ==========
Loss: 0.016	Accuracy: 61.08%	Cost 50s
              precision    recall  f1-score   support

         bzx     0.5000    0.4839    0.4918        31
         cwx     0.7647    0.5909    0.6667        22
         hdx     0.3500    0.4118    0.3784        17
         mtx     0.4167    0.2632    0.3226        19
         nqx     0.4500    0.7500    0.5625        12
         qtx     0.7561    0.6889    0.7209        45
         zxx     0.7333    0.8462    0.7857        39

    accuracy                         0.6108       185
   macro avg     0.5673    0.5764    0.5612       185
weighted avg     0.6174    0.6108    0.6071       185

micro f-score: 0.6108108108108108

========== Train Epoch 37 ==========
Loss: 0.036	Accuracy: 54.59%	Cost 46s
              precision    recall  f1-score   support

         bzx     0.4062    0.4194    0.4127        31
         cwx     0.8000    0.3636    0.5000        22
         hdx     0.3333    0.4118    0.3684        17
         mtx     0.0000    0.0000    0.0000        19
         nqx     0.4667    0.5833    0.5185        12
         qtx     0.8378    0.6889    0.7561        45
         zxx     0.5469    0.8974    0.6796        39

    accuracy                         0.5459       185
   macro avg     0.4844    0.4806    0.4622       185
weighted avg     0.5432    0.5459    0.5233       185

micro f-score: 0.5459459459459459

========== Train Epoch 38 ==========
Loss: 0.027	Accuracy: 60.54%	Cost 46s
              precision    recall  f1-score   support

         bzx     0.5833    0.4516    0.5091        31
         cwx     0.5238    0.5000    0.5116        22
         hdx     0.3125    0.2941    0.3030        17
         mtx     0.4167    0.5263    0.4651        19
         nqx     0.4348    0.8333    0.5714        12
         qtx     0.8056    0.6444    0.7160        45
         zxx     0.8049    0.8462    0.8250        39

    accuracy                         0.6054       185
   macro avg     0.5545    0.5851    0.5573       185
weighted avg     0.6254    0.6054    0.6069       185

micro f-score: 0.6054054054054054

========== Train Epoch 39 ==========
Loss: 0.021	Accuracy: 60.54%	Cost 46s
              precision    recall  f1-score   support

         bzx     0.4815    0.4194    0.4483        31
         cwx     0.5000    0.4545    0.4762        22
         hdx     0.3529    0.3529    0.3529        17
         mtx     0.4500    0.4737    0.4615        19
         nqx     0.6923    0.7500    0.7200        12
         qtx     0.8378    0.6889    0.7561        45
         zxx     0.6667    0.8718    0.7556        39

    accuracy                         0.6054       185
   macro avg     0.5687    0.5730    0.5672       185
weighted avg     0.6080    0.6054    0.6015       185

micro f-score: 0.6054054054054054

========== Train Epoch 40 ==========
Loss: 0.024	Accuracy: 60.54%	Cost 47s
              precision    recall  f1-score   support

         bzx     0.5556    0.4839    0.5172        31
         cwx     0.5909    0.5909    0.5909        22
         hdx     0.3750    0.3529    0.3636        17
         mtx     0.5455    0.3158    0.4000        19
         nqx     0.6000    0.7500    0.6667        12
         qtx     0.5556    0.7778    0.6481        45
         zxx     0.9032    0.7179    0.8000        39

    accuracy                         0.6054       185
   macro avg     0.5894    0.5699    0.5695       185
weighted avg     0.6183    0.6054    0.6010       185

micro f-score: 0.6054054054054054

========== Train Epoch 41 ==========
Loss: 0.021	Accuracy: 61.08%	Cost 46s
              precision    recall  f1-score   support

         bzx     0.4545    0.4839    0.4687        31
         cwx     0.7500    0.5455    0.6316        22
         hdx     0.4286    0.3529    0.3871        17
         mtx     0.4211    0.4211    0.4211        19
         nqx     0.6429    0.7500    0.6923        12
         qtx     0.8056    0.6444    0.7160        45
         zxx     0.6415    0.8718    0.7391        39

    accuracy                         0.6108       185
   macro avg     0.5920    0.5814    0.5794       185
weighted avg     0.6209    0.6108    0.6074       185

micro f-score: 0.6108108108108108

========== Train Epoch 42 ==========
Loss: 0.022	Accuracy: 56.22%	Cost 47s
              precision    recall  f1-score   support

         bzx     0.4194    0.4194    0.4194        31
         cwx     0.5714    0.5455    0.5581        22
         hdx     0.3333    0.3529    0.3429        17
         mtx     0.2667    0.4211    0.3265        19
         nqx     0.6364    0.5833    0.6087        12
         qtx     0.7381    0.6889    0.7126        45
         zxx     0.8438    0.6923    0.7606        39

    accuracy                         0.5622       185
   macro avg     0.5441    0.5290    0.5327       185
weighted avg     0.5949    0.5622    0.5748       185

micro f-score: 0.5621621621621622

========== Train Epoch 43 ==========
Loss: 0.018	Accuracy: 61.62%	Cost 48s
              precision    recall  f1-score   support

         bzx     0.6316    0.3871    0.4800        31
         cwx     0.6190    0.5909    0.6047        22
         hdx     0.3333    0.4706    0.3902        17
         mtx     0.3846    0.2632    0.3125        19
         nqx     0.5294    0.7500    0.6207        12
         qtx     0.6731    0.7778    0.7216        45
         zxx     0.8205    0.8205    0.8205        39

    accuracy                         0.6162       185
   macro avg     0.5702    0.5800    0.5643       185
weighted avg     0.6206    0.6162    0.6091       185

micro f-score: 0.6162162162162163

========== Train Epoch 44 ==========
Loss: 0.016	Accuracy: 63.78%	Cost 48s
              precision    recall  f1-score   support

         bzx     0.6087    0.4516    0.5185        31
         cwx     0.6957    0.7273    0.7111        22
         hdx     0.4000    0.3529    0.3750        17
         mtx     0.5000    0.4737    0.4865        19
         nqx     0.5714    0.6667    0.6154        12
         qtx     0.7692    0.6667    0.7143        45
         zxx     0.6604    0.8974    0.7609        39

    accuracy                         0.6378       185
   macro avg     0.6008    0.6052    0.5974       185
weighted avg     0.6362    0.6378    0.6299       185

micro f-score: 0.6378378378378379

========== Train Epoch 45 ==========
Loss: 0.031	Accuracy: 51.89%	Cost 51s
              precision    recall  f1-score   support

         bzx     0.3333    0.3871    0.3582        31
         cwx     0.6250    0.2273    0.3333        22
         hdx     0.4000    0.3529    0.3750        17
         mtx     0.5000    0.0526    0.0952        19
         nqx     0.6000    0.5000    0.5455        12
         qtx     0.8333    0.6667    0.7407        45
         zxx     0.4615    0.9231    0.6154        39

    accuracy                         0.5189       185
   macro avg     0.5362    0.4442    0.4376       185
weighted avg     0.5572    0.5189    0.4892       185

micro f-score: 0.518918918918919

========== Train Epoch 46 ==========
Loss: 0.074	Accuracy: 49.73%	Cost 46s
              precision    recall  f1-score   support

         bzx     0.4333    0.4194    0.4262        31
         cwx     0.2754    0.8636    0.4176        22
         hdx     0.3333    0.1176    0.1739        17
         mtx     0.0000    0.0000    0.0000        19
         nqx     0.5000    0.4167    0.4545        12
         qtx     0.7561    0.6889    0.7209        45
         zxx     0.7857    0.5641    0.6567        39

    accuracy                         0.4973       185
   macro avg     0.4405    0.4386    0.4071       185
weighted avg     0.5180    0.4973    0.4804       185

micro f-score: 0.4972972972972973

========== Train Epoch 47 ==========
Loss: 0.234	Accuracy: 17.84%	Cost 47s
              precision    recall  f1-score   support

         bzx     0.0000    0.0000    0.0000        31
         cwx     0.1389    0.9091    0.2410        22
         hdx     0.0000    0.0000    0.0000        17
         mtx     0.2286    0.4211    0.2963        19
         nqx     0.0000    0.0000    0.0000        12
         qtx     1.0000    0.0222    0.0435        45
         zxx     1.0000    0.1026    0.1860        39

    accuracy                         0.1784       185
   macro avg     0.3382    0.2078    0.1095       185
weighted avg     0.4940    0.1784    0.1089       185

micro f-score: 0.1783783783783784

========== Train Epoch 48 ==========
/home/djy/anaconda3/envs/pytorch/lib/python3.7/site-packages/sklearn/metrics/_classification.py:1308: UndefinedMetricWarning: Precision and F-score are ill-defined and being set to 0.0 in labels with no predicted samples. Use `zero_division` parameter to control this behavior.
  _warn_prf(average, modifier, msg_start, len(result))
/home/djy/anaconda3/envs/pytorch/lib/python3.7/site-packages/sklearn/metrics/_classification.py:1308: UndefinedMetricWarning: Precision and F-score are ill-defined and being set to 0.0 in labels with no predicted samples. Use `zero_division` parameter to control this behavior.
  _warn_prf(average, modifier, msg_start, len(result))
/home/djy/anaconda3/envs/pytorch/lib/python3.7/site-packages/sklearn/metrics/_classification.py:1308: UndefinedMetricWarning: Precision and F-score are ill-defined and being set to 0.0 in labels with no predicted samples. Use `zero_division` parameter to control this behavior.
  _warn_prf(average, modifier, msg_start, len(result))
Loss: 0.367	Accuracy: 17.30%	Cost 48s
              precision    recall  f1-score   support

         bzx     0.1633    0.2581    0.2000        31
         cwx     1.0000    0.0455    0.0870        22
         hdx     0.1121    0.7059    0.1935        17
         mtx     0.0000    0.0000    0.0000        19
         nqx     0.1905    0.3333    0.2424        12
         qtx     1.0000    0.0667    0.1250        45
         zxx     1.0000    0.1026    0.1860        39

    accuracy                         0.1730       185
   macro avg     0.4951    0.2160    0.1477       185
weighted avg     0.6230    0.1730    0.1470       185

micro f-score: 0.17297297297297298

========== Train Epoch 49 ==========
/home/djy/anaconda3/envs/pytorch/lib/python3.7/site-packages/sklearn/metrics/_classification.py:1308: UndefinedMetricWarning: Precision and F-score are ill-defined and being set to 0.0 in labels with no predicted samples. Use `zero_division` parameter to control this behavior.
  _warn_prf(average, modifier, msg_start, len(result))
/home/djy/anaconda3/envs/pytorch/lib/python3.7/site-packages/sklearn/metrics/_classification.py:1308: UndefinedMetricWarning: Precision and F-score are ill-defined and being set to 0.0 in labels with no predicted samples. Use `zero_division` parameter to control this behavior.
  _warn_prf(average, modifier, msg_start, len(result))
/home/djy/anaconda3/envs/pytorch/lib/python3.7/site-packages/sklearn/metrics/_classification.py:1308: UndefinedMetricWarning: Precision and F-score are ill-defined and being set to 0.0 in labels with no predicted samples. Use `zero_division` parameter to control this behavior.
  _warn_prf(average, modifier, msg_start, len(result))
Loss: 0.289	Accuracy: 53.51%	Cost 45s
              precision    recall  f1-score   support

         bzx     0.3750    0.5806    0.4557        31
         cwx     0.7143    0.2273    0.3448        22
         hdx     0.4000    0.3529    0.3750        17
         mtx     0.3333    0.1579    0.2143        19
         nqx     0.5000    0.4167    0.4545        12
         qtx     0.6458    0.6889    0.6667        45
         zxx     0.6458    0.7949    0.7126        39

    accuracy                         0.5351       185
   macro avg     0.5163    0.4599    0.4605       185
weighted avg     0.5444    0.5351    0.5157       185

micro f-score: 0.5351351351351351

========== Train Epoch 50 ==========
Loss: 0.117	Accuracy: 41.62%	Cost 46s
              precision    recall  f1-score   support

         bzx     0.6667    0.0645    0.1176        31
         cwx     0.2308    0.5455    0.3243        22
         hdx     0.1429    0.1176    0.1290        17
         mtx     0.2241    0.6842    0.3377        19
         nqx     0.0000    0.0000    0.0000        12
         qtx     0.8400    0.4667    0.6000        45
         zxx     0.8438    0.6923    0.7606        39

    accuracy                         0.4162       185
   macro avg     0.4212    0.3673    0.3242       185
weighted avg     0.5575    0.4162    0.4111       185

micro f-score: 0.41621621621621624

========== Train Epoch 51 ==========
Loss: 0.060	Accuracy: 55.14%	Cost 45s
              precision    recall  f1-score   support

         bzx     0.4615    0.3871    0.4211        31
         cwx     0.6923    0.4091    0.5143        22
         hdx     0.3500    0.4118    0.3784        17
         mtx     0.0000    0.0000    0.0000        19
         nqx     0.4375    0.5833    0.5000        12
         qtx     0.5738    0.7778    0.6604        45
         zxx     0.6957    0.8205    0.7529        39

    accuracy                         0.5514       185
   macro avg     0.4587    0.4842    0.4610       185
weighted avg     0.5064    0.5514    0.5183       185

micro f-score: 0.5513513513513514

========== Train Epoch 52 ==========
Loss: 0.028	Accuracy: 55.68%	Cost 44s
              precision    recall  f1-score   support

         bzx     0.4545    0.3226    0.3774        31
         cwx     0.5714    0.5455    0.5581        22
         hdx     0.3333    0.4706    0.3902        17
         mtx     0.3158    0.3158    0.3158        19
         nqx     0.5333    0.6667    0.5926        12
         qtx     0.6744    0.6444    0.6591        45
         zxx     0.7317    0.7692    0.7500        39

    accuracy                         0.5568       185
   macro avg     0.5164    0.5335    0.5205       185
weighted avg     0.5601    0.5568    0.5548       185

micro f-score: 0.5567567567567567

========== Train Epoch 53 ==========
Loss: 0.022	Accuracy: 57.30%	Cost 46s
              precision    recall  f1-score   support

         bzx     0.4848    0.5161    0.5000        31
         cwx     0.4444    0.5455    0.4898        22
         hdx     0.1818    0.1176    0.1429        17
         mtx     0.4000    0.2105    0.2759        19
         nqx     0.5714    0.6667    0.6154        12
         qtx     0.7692    0.6667    0.7143        45
         zxx     0.6667    0.8718    0.7556        39

    accuracy                         0.5730       185
   macro avg     0.5026    0.5136    0.4991       185
weighted avg     0.5566    0.5730    0.5564       185

micro f-score: 0.572972972972973

========== Train Epoch 54 ==========
Loss: 0.026	Accuracy: 55.68%	Cost 47s
              precision    recall  f1-score   support

         bzx     0.4167    0.3226    0.3636        31
         cwx     0.5455    0.5455    0.5455        22
         hdx     0.2857    0.3529    0.3158        17
         mtx     0.5000    0.2632    0.3448        19
         nqx     0.5000    0.5833    0.5385        12
         qtx     0.7568    0.6222    0.6829        45
         zxx     0.6140    0.8974    0.7292        39

    accuracy                         0.5568       185
   macro avg     0.5169    0.5124    0.5029       185
weighted avg     0.5582    0.5568    0.5450       185

micro f-score: 0.5567567567567567

========== Train Epoch 55 ==========
Loss: 0.017	Accuracy: 60.00%	Cost 47s
              precision    recall  f1-score   support

         bzx     0.5333    0.5161    0.5246        31
         cwx     0.5714    0.5455    0.5581        22
         hdx     0.2727    0.3529    0.3077        17
         mtx     0.4545    0.2632    0.3333        19
         nqx     0.6154    0.6667    0.6400        12
         qtx     0.7561    0.6889    0.7209        45
         zxx     0.7021    0.8462    0.7674        39

    accuracy                         0.6000       185
   macro avg     0.5579    0.5542    0.5503       185
weighted avg     0.6009    0.6000    0.5954       185

micro f-score: 0.6

========== Train Epoch 56 ==========
Loss: 0.014	Accuracy: 61.08%	Cost 47s
              precision    recall  f1-score   support

         bzx     0.5000    0.4516    0.4746        31
         cwx     0.5652    0.5909    0.5778        22
         hdx     0.3500    0.4118    0.3784        17
         mtx     0.4545    0.2632    0.3333        19
         nqx     0.6154    0.6667    0.6400        12
         qtx     0.7619    0.7111    0.7356        45
         zxx     0.7083    0.8718    0.7816        39

    accuracy                         0.6108       185
   macro avg     0.5651    0.5667    0.5602       185
weighted avg     0.6044    0.6108    0.6025       185

micro f-score: 0.6108108108108108

========== Train Epoch 57 ==========
Loss: 0.016	Accuracy: 62.70%	Cost 47s
              precision    recall  f1-score   support

         bzx     0.5484    0.5484    0.5484        31
         cwx     0.6316    0.5455    0.5854        22
         hdx     0.3478    0.4706    0.4000        17
         mtx     0.4615    0.3158    0.3750        19
         nqx     0.5625    0.7500    0.6429        12
         qtx     0.7949    0.6889    0.7381        45
         zxx     0.7500    0.8462    0.7952        39

    accuracy                         0.6270       185
   macro avg     0.5852    0.5950    0.5836       185
weighted avg     0.6343    0.6270    0.6256       185

micro f-score: 0.6270270270270271

========== Train Epoch 58 ==========
Loss: 0.011	Accuracy: 57.30%	Cost 47s
              precision    recall  f1-score   support

         bzx     0.4583    0.3548    0.4000        31
         cwx     0.5909    0.5909    0.5909        22
         hdx     0.3529    0.3529    0.3529        17
         mtx     0.3571    0.2632    0.3030        19
         nqx     0.5333    0.6667    0.5926        12
         qtx     0.7317    0.6667    0.6977        45
         zxx     0.6346    0.8462    0.7253        39

    accuracy                         0.5730       185
   macro avg     0.5227    0.5345    0.5232       185
weighted avg     0.5625    0.5730    0.5619       185

micro f-score: 0.572972972972973

========== Train Epoch 59 ==========
Loss: 0.014	Accuracy: 59.46%	Cost 46s
              precision    recall  f1-score   support

         bzx     0.5000    0.3871    0.4364        31
         cwx     0.6190    0.5909    0.6047        22
         hdx     0.3200    0.4706    0.3810        17
         mtx     0.6667    0.2105    0.3200        19
         nqx     0.8000    0.3333    0.4706        12
         qtx     0.6102    0.8000    0.6923        45
         zxx     0.7333    0.8462    0.7857        39

    accuracy                         0.5946       185
   macro avg     0.6070    0.5198    0.5272       185
weighted avg     0.6102    0.5946    0.5775       185

micro f-score: 0.5945945945945946

========== Train Epoch 60 ==========
Loss: 0.018	Accuracy: 53.51%	Cost 45s
              precision    recall  f1-score   support

         bzx     0.4828    0.4516    0.4667        31
         cwx     0.6471    0.5000    0.5641        22
         hdx     0.2609    0.3529    0.3000        17
         mtx     0.2667    0.2105    0.2353        19
         nqx     0.2903    0.7500    0.4186        12
         qtx     0.8125    0.5778    0.6753        45
         zxx     0.7632    0.7436    0.7532        39

    accuracy                         0.5351       185
   macro avg     0.5033    0.5123    0.4876       185
weighted avg     0.5866    0.5351    0.5472       185

micro f-score: 0.5351351351351351

========== Train Epoch 61 ==========
Loss: 0.022	Accuracy: 58.38%	Cost 45s
              precision    recall  f1-score   support

         bzx     0.4839    0.4839    0.4839        31
         cwx     0.5600    0.6364    0.5957        22
         hdx     0.3333    0.3529    0.3429        17
         mtx     0.3750    0.1579    0.2222        19
         nqx     0.4375    0.5833    0.5000        12
         qtx     0.7632    0.6444    0.6988        45
         zxx     0.6939    0.8718    0.7727        39

    accuracy                         0.5838       185
   macro avg     0.5210    0.5329    0.5166       185
weighted avg     0.5771    0.5838    0.5716       185

micro f-score: 0.5837837837837838

========== Train Epoch 62 ==========
Loss: 0.018	Accuracy: 58.38%	Cost 46s
              precision    recall  f1-score   support

         bzx     0.5000    0.3871    0.4364        31
         cwx     0.6316    0.5455    0.5854        22
         hdx     0.3333    0.4118    0.3684        17
         mtx     0.3333    0.1579    0.2143        19
         nqx     0.5000    0.6667    0.5714        12
         qtx     0.7174    0.7333    0.7253        45
         zxx     0.6600    0.8462    0.7416        39

    accuracy                         0.5838       185
   macro avg     0.5251    0.5355    0.5204       185
weighted avg     0.5698    0.5838    0.5684       185

micro f-score: 0.5837837837837838

========== Train Epoch 63 ==========
Loss: 0.017	Accuracy: 57.84%	Cost 46s
              precision    recall  f1-score   support

         bzx     0.4286    0.3871    0.4068        31
         cwx     0.5500    0.5000    0.5238        22
         hdx     0.3684    0.4118    0.3889        17
         mtx     0.4545    0.2632    0.3333        19
         nqx     0.6364    0.5833    0.6087        12
         qtx     0.6471    0.7333    0.6875        45
         zxx     0.7111    0.8205    0.7619        39

    accuracy                         0.5784       185
   macro avg     0.5423    0.5285    0.5301       185
weighted avg     0.5663    0.5784    0.5678       185

micro f-score: 0.5783783783783784

========== Train Epoch 64 ==========
Loss: 0.014	Accuracy: 57.30%	Cost 46s
              precision    recall  f1-score   support

         bzx     0.4091    0.2903    0.3396        31
         cwx     0.5238    0.5000    0.5116        22
         hdx     0.3684    0.4118    0.3889        17
         mtx     0.4444    0.2105    0.2857        19
         nqx     0.5333    0.6667    0.5926        12
         qtx     0.7021    0.7333    0.7174        45
         zxx     0.6538    0.8718    0.7473        39

    accuracy                         0.5730       185
   macro avg     0.5193    0.5263    0.5119       185
weighted avg     0.5536    0.5730    0.5533       185

micro f-score: 0.572972972972973

========== Train Epoch 65 ==========
Loss: 0.014	Accuracy: 59.46%	Cost 45s
              precision    recall  f1-score   support

         bzx     0.4722    0.5484    0.5075        31
         cwx     0.6316    0.5455    0.5854        22
         hdx     0.3000    0.3529    0.3243        17
         mtx     0.3636    0.2105    0.2667        19
         nqx     0.5385    0.5833    0.5600        12
         qtx     0.7692    0.6667    0.7143        45
         zxx     0.7234    0.8718    0.7907        39

    accuracy                         0.5946       185
   macro avg     0.5426    0.5399    0.5355       185
weighted avg     0.5937    0.5946    0.5886       185

micro f-score: 0.5945945945945946

========== Train Epoch 66 ==========
Loss: 0.010	Accuracy: 58.38%	Cost 47s
              precision    recall  f1-score   support

         bzx     0.4483    0.4194    0.4333        31
         cwx     0.5714    0.5455    0.5581        22
         hdx     0.3182    0.4118    0.3590        17
         mtx     0.5000    0.2632    0.3448        19
         nqx     0.5833    0.5833    0.5833        12
         qtx     0.7381    0.6889    0.7126        45
         zxx     0.6735    0.8462    0.7500        39

    accuracy                         0.5838       185
   macro avg     0.5475    0.5369    0.5345       185
weighted avg     0.5830    0.5838    0.5767       185

micro f-score: 0.5837837837837838

========== Train Epoch 67 ==========
Loss: 0.014	Accuracy: 52.97%	Cost 44s
              precision    recall  f1-score   support

         bzx     0.5000    0.3226    0.3922        31
         cwx     0.7333    0.5000    0.5946        22
         hdx     0.3500    0.4118    0.3784        17
         mtx     0.5000    0.1053    0.1739        19
         nqx     0.6667    0.3333    0.4444        12
         qtx     0.8710    0.6000    0.7105        45
         zxx     0.4157    0.9487    0.5781        39

    accuracy                         0.5297       185
   macro avg     0.5767    0.4602    0.4674       185
weighted avg     0.5972    0.5297    0.5126       185

micro f-score: 0.5297297297297298

========== Train Epoch 68 ==========
Loss: 0.033	Accuracy: 35.68%	Cost 45s
              precision    recall  f1-score   support

         bzx     0.3571    0.1613    0.2222        31
         cwx     0.2020    0.9091    0.3306        22
         hdx     0.2500    0.1176    0.1600        17
         mtx     0.3333    0.1053    0.1600        19
         nqx     0.4545    0.4167    0.4348        12
         qtx     0.7500    0.1333    0.2264        45
         zxx     0.6667    0.6667    0.6667        39

    accuracy                         0.3568       185
   macro avg     0.4305    0.3586    0.3144       185
weighted avg     0.4935    0.3568    0.3315       185

micro f-score: 0.3567567567567568

========== Train Epoch 69 ==========
Loss: 0.087	Accuracy: 37.30%	Cost 45s
              precision    recall  f1-score   support

         bzx     0.2796    0.8387    0.4194        31
         cwx     0.5238    0.5000    0.5116        22
         hdx     0.4286    0.1765    0.2500        17
         mtx     0.0000    0.0000    0.0000        19
         nqx     0.2857    0.5000    0.3636        12
         qtx     1.0000    0.0667    0.1250        45
         zxx     0.5405    0.5128    0.5263        39

    accuracy                         0.3730       185
   macro avg     0.4369    0.3707    0.3137       185
weighted avg     0.5242    0.3730    0.3190       185

micro f-score: 0.37297297297297294

========== Train Epoch 70 ==========
Loss: 0.127	Accuracy: 43.78%	Cost 46s
              precision    recall  f1-score   support

         bzx     0.0000    0.0000    0.0000        31
         cwx     0.2830    0.6818    0.4000        22
         hdx     0.2000    0.1176    0.1481        17
         mtx     0.3000    0.1579    0.2069        19
         nqx     0.2174    0.4167    0.2857        12
         qtx     0.7857    0.4889    0.6027        45
         zxx     0.5574    0.8718    0.6800        39

    accuracy                         0.4378       185
   macro avg     0.3348    0.3907    0.3319       185
weighted avg     0.4056    0.4378    0.3909       185

micro f-score: 0.43783783783783786

========== Train Epoch 71 ==========
/home/djy/anaconda3/envs/pytorch/lib/python3.7/site-packages/sklearn/metrics/_classification.py:1308: UndefinedMetricWarning: Precision and F-score are ill-defined and being set to 0.0 in labels with no predicted samples. Use `zero_division` parameter to control this behavior.
  _warn_prf(average, modifier, msg_start, len(result))
/home/djy/anaconda3/envs/pytorch/lib/python3.7/site-packages/sklearn/metrics/_classification.py:1308: UndefinedMetricWarning: Precision and F-score are ill-defined and being set to 0.0 in labels with no predicted samples. Use `zero_division` parameter to control this behavior.
  _warn_prf(average, modifier, msg_start, len(result))
/home/djy/anaconda3/envs/pytorch/lib/python3.7/site-packages/sklearn/metrics/_classification.py:1308: UndefinedMetricWarning: Precision and F-score are ill-defined and being set to 0.0 in labels with no predicted samples. Use `zero_division` parameter to control this behavior.
  _warn_prf(average, modifier, msg_start, len(result))
Loss: 0.126	Accuracy: 49.19%	Cost 45s
              precision    recall  f1-score   support

         bzx     0.5556    0.1613    0.2500        31
         cwx     0.5833    0.3182    0.4118        22
         hdx     0.2500    0.4118    0.3111        17
         mtx     0.1842    0.3684    0.2456        19
         nqx     0.3571    0.4167    0.3846        12
         qtx     0.6905    0.6444    0.6667        45
         zxx     0.7381    0.7949    0.7654        39

    accuracy                         0.4919       185
   macro avg     0.4798    0.4451    0.4336       185
weighted avg     0.5511    0.4919    0.4931       185

micro f-score: 0.4918918918918919

========== Train Epoch 72 ==========
Loss: 0.106	Accuracy: 43.78%	Cost 43s
              precision    recall  f1-score   support

         bzx     0.4516    0.4516    0.4516        31
         cwx     0.2600    0.5909    0.3611        22
         hdx     0.1154    0.1765    0.1395        17
         mtx     0.2000    0.2105    0.2051        19
         nqx     0.5000    0.1667    0.2500        12
         qtx     0.8500    0.3778    0.5231        45
         zxx     0.8235    0.7179    0.7671        39

    accuracy                         0.4378       185
   macro avg     0.4572    0.3846    0.3854       185
weighted avg     0.5505    0.4378    0.4577       185

micro f-score: 0.43783783783783786

========== Train Epoch 73 ==========
Loss: 0.056	Accuracy: 55.14%	Cost 43s
              precision    recall  f1-score   support

         bzx     0.6111    0.3548    0.4490        31
         cwx     0.4444    0.3636    0.4000        22
         hdx     0.3333    0.1765    0.2308        17
         mtx     0.3235    0.5789    0.4151        19
         nqx     0.4286    0.5000    0.4615        12
         qtx     0.6818    0.6667    0.6742        45
         zxx     0.6875    0.8462    0.7586        39

    accuracy                         0.5514       185
   macro avg     0.5015    0.4981    0.4842       185
weighted avg     0.5577    0.5514    0.5405       185

micro f-score: 0.5513513513513514

========== Train Epoch 74 ==========
Loss: 0.036	Accuracy: 53.51%	Cost 46s
              precision    recall  f1-score   support

         bzx     0.4054    0.4839    0.4412        31
         cwx     0.7778    0.3182    0.4516        22
         hdx     0.2727    0.1765    0.2143        17
         mtx     0.2105    0.2105    0.2105        19
         nqx     0.4375    0.5833    0.5000        12
         qtx     0.7073    0.6444    0.6744        45
         zxx     0.6538    0.8718    0.7473        39

    accuracy                         0.5351       185
   macro avg     0.4950    0.4698    0.4628       185
weighted avg     0.5454    0.5351    0.5230       185

micro f-score: 0.5351351351351351

========== Train Epoch 75 ==========
Loss: 0.047	Accuracy: 52.43%	Cost 45s
              precision    recall  f1-score   support

         bzx     0.5000    0.4194    0.4561        31
         cwx     0.4737    0.4091    0.4390        22
         hdx     0.2381    0.2941    0.2632        17
         mtx     0.2857    0.1053    0.1538        19
         nqx     0.3750    0.5000    0.4286        12
         qtx     0.8438    0.6000    0.7013        45
         zxx     0.5469    0.8974    0.6796        39

    accuracy                         0.5243       185
   macro avg     0.4662    0.4608    0.4460       185
weighted avg     0.5362    0.5243    0.5103       185

micro f-score: 0.5243243243243243

========== Train Epoch 76 ==========
Loss: 0.079	Accuracy: 52.97%	Cost 46s
              precision    recall  f1-score   support

         bzx     0.3393    0.6129    0.4368        31
         cwx     0.9000    0.4091    0.5625        22
         hdx     0.2941    0.2941    0.2941        17
         mtx     0.2500    0.0526    0.0870        19
         nqx     0.5000    0.4167    0.4545        12
         qtx     0.9032    0.6222    0.7368        45
         zxx     0.5439    0.7949    0.6458        39

    accuracy                         0.5297       185
   macro avg     0.5329    0.4575    0.4597       185
weighted avg     0.5834    0.5297    0.5209       185

micro f-score: 0.5297297297297298

========== Train Epoch 77 ==========
Loss: 0.090	Accuracy: 50.27%	Cost 46s
              precision    recall  f1-score   support

         bzx     0.5714    0.2581    0.3556        31
         cwx     0.6250    0.2273    0.3333        22
         hdx     0.3000    0.3529    0.3243        17
         mtx     0.3529    0.3158    0.3333        19
         nqx     0.2051    0.6667    0.3137        12
         qtx     0.7692    0.6667    0.7143        45
         zxx     0.6250    0.7692    0.6897        39

    accuracy                         0.5027       185
   macro avg     0.4927    0.4652    0.4377       185
weighted avg     0.5661    0.5027    0.5027       185

micro f-score: 0.5027027027027027

========== Train Epoch 78 ==========
Loss: 0.085	Accuracy: 52.97%	Cost 45s
              precision    recall  f1-score   support

         bzx     0.6429    0.2903    0.4000        31
         cwx     0.3750    0.5455    0.4444        22
         hdx     0.3571    0.2941    0.3226        17
         mtx     0.5000    0.2105    0.2963        19
         nqx     0.4348    0.8333    0.5714        12
         qtx     0.7500    0.5333    0.6234        45
         zxx     0.5484    0.8718    0.6733        39

    accuracy                         0.5297       185
   macro avg     0.5155    0.5113    0.4759       185
weighted avg     0.5627    0.5297    0.5106       185

micro f-score: 0.5297297297297298

========== Train Epoch 79 ==========
Loss: 0.055	Accuracy: 56.22%	Cost 46s
              precision    recall  f1-score   support

         bzx     0.4839    0.4839    0.4839        31
         cwx     0.8182    0.4091    0.5455        22
         hdx     0.5000    0.2353    0.3200        17
         mtx     0.2727    0.3158    0.2927        19
         nqx     0.4667    0.5833    0.5185        12
         qtx     0.5692    0.8222    0.6727        45
         zxx     0.7879    0.6667    0.7222        39

    accuracy                         0.5622       185
   macro avg     0.5569    0.5023    0.5079       185
weighted avg     0.5872    0.5622    0.5549       185

micro f-score: 0.5621621621621622

========== Train Epoch 80 ==========
Loss: 0.030	Accuracy: 58.92%	Cost 46s
              precision    recall  f1-score   support

         bzx     0.4839    0.4839    0.4839        31
         cwx     0.7692    0.4545    0.5714        22
         hdx     0.4118    0.4118    0.4118        17
         mtx     0.2308    0.1579    0.1875        19
         nqx     0.4444    0.6667    0.5333        12
         qtx     0.7143    0.7778    0.7447        45
         zxx     0.7045    0.7949    0.7470        39

    accuracy                         0.5892       185
   macro avg     0.5370    0.5353    0.5257       185
weighted avg     0.5852    0.5892    0.5793       185

micro f-score: 0.5891891891891892

Finished training!!!

Min Loss = 0.010 in epoch 65;
Max Accuracy = 63.78% in epoch 43;
Total Cost 61 minutes

===============================================================================================
Layer (type:depth-idx)                        Output Shape              Param #
===============================================================================================
Conv2d: 1-1                                 [-1, 64, 160, 160]        9,408
BatchNorm2d: 1-2                            [-1, 64, 160, 160]        128
ReLU: 1-3                                   [-1, 64, 160, 160]        --
MaxPool2d: 1-4                              [-1, 64, 80, 80]          --
Sequential: 1-5                             [-1, 64, 80, 80]          --
|    BasicBlock: 2-1                        [-1, 64, 80, 80]          --
|    |    Conv2d: 3-1                       [-1, 64, 80, 80]          36,864
|    |    BatchNorm2d: 3-2                  [-1, 64, 80, 80]          128
|    |    ReLU: 3-3                         [-1, 64, 80, 80]          --
|    |    Conv2d: 3-4                       [-1, 64, 80, 80]          36,864
|    |    BatchNorm2d: 3-5                  [-1, 64, 80, 80]          128
|    |    CoordAtt: 3-6                     [-1, 64, 80, 80]          1,688
|    |    ReLU: 3-7                         [-1, 64, 80, 80]          --
|    BasicBlock: 2-2                        [-1, 64, 80, 80]          --
|    |    Conv2d: 3-8                       [-1, 64, 80, 80]          36,864
|    |    BatchNorm2d: 3-9                  [-1, 64, 80, 80]          128
|    |    ReLU: 3-10                        [-1, 64, 80, 80]          --
|    |    Conv2d: 3-11                      [-1, 64, 80, 80]          36,864
|    |    BatchNorm2d: 3-12                 [-1, 64, 80, 80]          128
|    |    CoordAtt: 3-13                    [-1, 64, 80, 80]          1,688
|    |    ReLU: 3-14                        [-1, 64, 80, 80]          --
Sequential: 1-6                             [-1, 128, 40, 40]         --
|    BasicBlock: 2-3                        [-1, 128, 40, 40]         --
|    |    Conv2d: 3-15                      [-1, 128, 40, 40]         73,728
|    |    BatchNorm2d: 3-16                 [-1, 128, 40, 40]         256
|    |    ReLU: 3-17                        [-1, 128, 40, 40]         --
|    |    Conv2d: 3-18                      [-1, 128, 40, 40]         147,456
|    |    BatchNorm2d: 3-19                 [-1, 128, 40, 40]         256
|    |    CoordAtt: 3-20                    [-1, 128, 40, 40]         3,352
|    |    Sequential: 3-21                  [-1, 128, 40, 40]         8,448
|    |    ReLU: 3-22                        [-1, 128, 40, 40]         --
|    BasicBlock: 2-4                        [-1, 128, 40, 40]         --
|    |    Conv2d: 3-23                      [-1, 128, 40, 40]         147,456
|    |    BatchNorm2d: 3-24                 [-1, 128, 40, 40]         256
|    |    ReLU: 3-25                        [-1, 128, 40, 40]         --
|    |    Conv2d: 3-26                      [-1, 128, 40, 40]         147,456
|    |    BatchNorm2d: 3-27                 [-1, 128, 40, 40]         256
|    |    CoordAtt: 3-28                    [-1, 128, 40, 40]         3,352
|    |    ReLU: 3-29                        [-1, 128, 40, 40]         --
Sequential: 1-7                             [-1, 256, 20, 20]         --
|    BasicBlock: 2-5                        [-1, 256, 20, 20]         --
|    |    Conv2d: 3-30                      [-1, 256, 20, 20]         294,912
|    |    BatchNorm2d: 3-31                 [-1, 256, 20, 20]         512
|    |    ReLU: 3-32                        [-1, 256, 20, 20]         --
|    |    Conv2d: 3-33                      [-1, 256, 20, 20]         589,824
|    |    BatchNorm2d: 3-34                 [-1, 256, 20, 20]         512
|    |    CoordAtt: 3-35                    [-1, 256, 20, 20]         12,848
|    |    Sequential: 3-36                  [-1, 256, 20, 20]         33,280
|    |    ReLU: 3-37                        [-1, 256, 20, 20]         --
|    BasicBlock: 2-6                        [-1, 256, 20, 20]         --
|    |    Conv2d: 3-38                      [-1, 256, 20, 20]         589,824
|    |    BatchNorm2d: 3-39                 [-1, 256, 20, 20]         512
|    |    ReLU: 3-40                        [-1, 256, 20, 20]         --
|    |    Conv2d: 3-41                      [-1, 256, 20, 20]         589,824
|    |    BatchNorm2d: 3-42                 [-1, 256, 20, 20]         512
|    |    CoordAtt: 3-43                    [-1, 256, 20, 20]         12,848
|    |    ReLU: 3-44                        [-1, 256, 20, 20]         --
Sequential: 1-8                             [-1, 512, 10, 10]         --
|    BasicBlock: 2-7                        [-1, 512, 10, 10]         --
|    |    Conv2d: 3-45                      [-1, 512, 10, 10]         1,179,648
|    |    BatchNorm2d: 3-46                 [-1, 512, 10, 10]         1,024
|    |    ReLU: 3-47                        [-1, 512, 10, 10]         --
|    |    Conv2d: 3-48                      [-1, 512, 10, 10]         2,359,296
|    |    BatchNorm2d: 3-49                 [-1, 512, 10, 10]         1,024
|    |    CoordAtt: 3-50                    [-1, 512, 10, 10]         50,272
|    |    Sequential: 3-51                  [-1, 512, 10, 10]         132,096
|    |    ReLU: 3-52                        [-1, 512, 10, 10]         --
|    BasicBlock: 2-8                        [-1, 512, 10, 10]         --
|    |    Conv2d: 3-53                      [-1, 512, 10, 10]         2,359,296
|    |    BatchNorm2d: 3-54                 [-1, 512, 10, 10]         1,024
|    |    ReLU: 3-55                        [-1, 512, 10, 10]         --
|    |    Conv2d: 3-56                      [-1, 512, 10, 10]         2,359,296
|    |    BatchNorm2d: 3-57                 [-1, 512, 10, 10]         1,024
|    |    CoordAtt: 3-58                    [-1, 512, 10, 10]         50,272
|    |    ReLU: 3-59                        [-1, 512, 10, 10]         --
AdaptiveAvgPool2d: 1-9                      [-1, 512, 1, 1]           --
Linear: 1-10                                [-1, 7]                   3,591
===============================================================================================
Total params: 11,316,423
Trainable params: 11,316,423
Non-trainable params: 0
Total mult-adds (G): 3.73
===============================================================================================
Input size (MB): 1.17
Forward/backward pass size (MB): 78.07
Params size (MB): 43.17
Estimated Total Size (MB): 122.41
===============================================================================================



