dataset_path: /home/djy/dataset/dataset2
pretrained : True 
parallel: True

parallel segment dataset : /home/djy/dataset/ycrcb_hsv_dataset2
net: hcam_sppb_resnet_alexnet.resnet18
msg: 
using model: ResNet, resnet18
using device cuda:0
batch_size = 20
epochs = 64
loss_function = CrossEntropyLoss()
optimizer = Adam (
Parameter Group 0
    amsgrad: False
    betas: (0.9, 0.999)
    eps: 1e-08
    lr: 0.001
    weight_decay: 0
)


========== Train Epoch 1 ==========
Loss: 1.860	Accuracy: 24.86%	Cost 31s
              precision    recall  f1-score   support

         bzx     0.0000    0.0000    0.0000        31
         cwx     0.0000    0.0000    0.0000        22
         hdx     0.0000    0.0000    0.0000        17
         mtx     0.2286    0.4211    0.2963        19
         nqx     0.6667    0.1667    0.2667        12
         qtx     0.3333    0.0444    0.0784        45
         zxx     0.2556    0.8718    0.3953        39

    accuracy                         0.2486       185
   macro avg     0.2120    0.2149    0.1481       185
weighted avg     0.2017    0.2486    0.1501       185

micro f-score: 0.24864864864864866

========== Train Epoch 2 ==========
/home/djy/anaconda3/envs/pytorch/lib/python3.7/site-packages/sklearn/metrics/_classification.py:1308: UndefinedMetricWarning: Precision and F-score are ill-defined and being set to 0.0 in labels with no predicted samples. Use `zero_division` parameter to control this behavior.
  _warn_prf(average, modifier, msg_start, len(result))
/home/djy/anaconda3/envs/pytorch/lib/python3.7/site-packages/sklearn/metrics/_classification.py:1308: UndefinedMetricWarning: Precision and F-score are ill-defined and being set to 0.0 in labels with no predicted samples. Use `zero_division` parameter to control this behavior.
  _warn_prf(average, modifier, msg_start, len(result))
/home/djy/anaconda3/envs/pytorch/lib/python3.7/site-packages/sklearn/metrics/_classification.py:1308: UndefinedMetricWarning: Precision and F-score are ill-defined and being set to 0.0 in labels with no predicted samples. Use `zero_division` parameter to control this behavior.
  _warn_prf(average, modifier, msg_start, len(result))
Loss: 1.625	Accuracy: 39.46%	Cost 31s
              precision    recall  f1-score   support

         bzx     0.3091    0.5484    0.3953        31
         cwx     0.6250    0.2273    0.3333        22
         hdx     0.0000    0.0000    0.0000        17
         mtx     0.1667    0.0526    0.0800        19
         nqx     0.2857    0.6667    0.4000        12
         qtx     0.7083    0.3778    0.4928        45
         zxx     0.3968    0.6410    0.4902        39

    accuracy                         0.3946       185
   macro avg     0.3559    0.3591    0.3131       185
weighted avg     0.4177    0.3946    0.3632       185

micro f-score: 0.3945945945945946

========== Train Epoch 3 ==========
Loss: 1.560	Accuracy: 35.14%	Cost 33s
              precision    recall  f1-score   support

         bzx     0.4000    0.1935    0.2609        31
         cwx     0.4167    0.2273    0.2941        22
         hdx     0.0000    0.0000    0.0000        17
         mtx     0.0000    0.0000    0.0000        19
         nqx     0.7500    0.2500    0.3750        12
         qtx     0.9231    0.2667    0.4138        45
         zxx     0.2766    1.0000    0.4333        39

    accuracy                         0.3514       185
   macro avg     0.3952    0.2768    0.2539       185
weighted avg     0.4481    0.3514    0.2950       185

micro f-score: 0.35135135135135137

========== Train Epoch 4 ==========
/home/djy/anaconda3/envs/pytorch/lib/python3.7/site-packages/sklearn/metrics/_classification.py:1308: UndefinedMetricWarning: Precision and F-score are ill-defined and being set to 0.0 in labels with no predicted samples. Use `zero_division` parameter to control this behavior.
  _warn_prf(average, modifier, msg_start, len(result))
/home/djy/anaconda3/envs/pytorch/lib/python3.7/site-packages/sklearn/metrics/_classification.py:1308: UndefinedMetricWarning: Precision and F-score are ill-defined and being set to 0.0 in labels with no predicted samples. Use `zero_division` parameter to control this behavior.
  _warn_prf(average, modifier, msg_start, len(result))
/home/djy/anaconda3/envs/pytorch/lib/python3.7/site-packages/sklearn/metrics/_classification.py:1308: UndefinedMetricWarning: Precision and F-score are ill-defined and being set to 0.0 in labels with no predicted samples. Use `zero_division` parameter to control this behavior.
  _warn_prf(average, modifier, msg_start, len(result))
Loss: 1.391	Accuracy: 44.32%	Cost 32s
              precision    recall  f1-score   support

         bzx     0.0000    0.0000    0.0000        31
         cwx     0.2286    0.3636    0.2807        22
         hdx     0.2727    0.1765    0.2143        17
         mtx     0.1250    0.1053    0.1143        19
         nqx     0.3636    0.6667    0.4706        12
         qtx     0.5385    0.7778    0.6364        45
         zxx     0.7429    0.6667    0.7027        39

    accuracy                         0.4432       185
   macro avg     0.3245    0.3938    0.3456       185
weighted avg     0.3762    0.4432    0.3983       185

micro f-score: 0.44324324324324327

========== Train Epoch 5 ==========
Loss: 1.322	Accuracy: 35.68%	Cost 32s
              precision    recall  f1-score   support

         bzx     0.0000    0.0000    0.0000        31
         cwx     0.3846    0.4545    0.4167        22
         hdx     0.2222    0.4706    0.3019        17
         mtx     0.5000    0.0526    0.0952        19
         nqx     0.1304    0.5000    0.2069        12
         qtx     0.4769    0.6889    0.5636        45
         zxx     1.0000    0.2564    0.4082        39

    accuracy                         0.3568       185
   macro avg     0.3877    0.3462    0.2846       185
weighted avg     0.4528    0.3568    0.3236       185

micro f-score: 0.3567567567567568

========== Train Epoch 6 ==========
/home/djy/anaconda3/envs/pytorch/lib/python3.7/site-packages/sklearn/metrics/_classification.py:1308: UndefinedMetricWarning: Precision and F-score are ill-defined and being set to 0.0 in labels with no predicted samples. Use `zero_division` parameter to control this behavior.
  _warn_prf(average, modifier, msg_start, len(result))
/home/djy/anaconda3/envs/pytorch/lib/python3.7/site-packages/sklearn/metrics/_classification.py:1308: UndefinedMetricWarning: Precision and F-score are ill-defined and being set to 0.0 in labels with no predicted samples. Use `zero_division` parameter to control this behavior.
  _warn_prf(average, modifier, msg_start, len(result))
/home/djy/anaconda3/envs/pytorch/lib/python3.7/site-packages/sklearn/metrics/_classification.py:1308: UndefinedMetricWarning: Precision and F-score are ill-defined and being set to 0.0 in labels with no predicted samples. Use `zero_division` parameter to control this behavior.
  _warn_prf(average, modifier, msg_start, len(result))
Loss: 1.311	Accuracy: 41.08%	Cost 31s
              precision    recall  f1-score   support

         bzx     0.5333    0.2581    0.3478        31
         cwx     0.3158    0.2727    0.2927        22
         hdx     0.0833    0.0588    0.0690        17
         mtx     0.4444    0.2105    0.2857        19
         nqx     0.5000    0.5000    0.5000        12
         qtx     0.9286    0.2889    0.4407        45
         zxx     0.3654    0.9744    0.5315        39

    accuracy                         0.4108       185
   macro avg     0.4530    0.3662    0.3525       185
weighted avg     0.5156    0.4108    0.3804       185

micro f-score: 0.4108108108108109

========== Train Epoch 7 ==========
Loss: 1.243	Accuracy: 54.05%	Cost 31s
              precision    recall  f1-score   support

         bzx     0.5625    0.2903    0.3830        31
         cwx     0.5455    0.5455    0.5455        22
         hdx     0.0000    0.0000    0.0000        17
         mtx     0.3750    0.1579    0.2222        19
         nqx     0.3125    0.4167    0.3571        12
         qtx     0.5714    0.8000    0.6667        45
         zxx     0.5833    0.8974    0.7071        39

    accuracy                         0.5405       185
   macro avg     0.4215    0.4440    0.4116       185
weighted avg     0.4799    0.5405    0.4862       185

micro f-score: 0.5405405405405406

========== Train Epoch 8 ==========
/home/djy/anaconda3/envs/pytorch/lib/python3.7/site-packages/sklearn/metrics/_classification.py:1308: UndefinedMetricWarning: Precision and F-score are ill-defined and being set to 0.0 in labels with no predicted samples. Use `zero_division` parameter to control this behavior.
  _warn_prf(average, modifier, msg_start, len(result))
/home/djy/anaconda3/envs/pytorch/lib/python3.7/site-packages/sklearn/metrics/_classification.py:1308: UndefinedMetricWarning: Precision and F-score are ill-defined and being set to 0.0 in labels with no predicted samples. Use `zero_division` parameter to control this behavior.
  _warn_prf(average, modifier, msg_start, len(result))
/home/djy/anaconda3/envs/pytorch/lib/python3.7/site-packages/sklearn/metrics/_classification.py:1308: UndefinedMetricWarning: Precision and F-score are ill-defined and being set to 0.0 in labels with no predicted samples. Use `zero_division` parameter to control this behavior.
  _warn_prf(average, modifier, msg_start, len(result))
Loss: 1.109	Accuracy: 50.27%	Cost 31s
              precision    recall  f1-score   support

         bzx     0.3793    0.3548    0.3667        31
         cwx     0.4286    0.2727    0.3333        22
         hdx     0.5000    0.0588    0.1053        17
         mtx     0.3750    0.1579    0.2222        19
         nqx     0.3889    0.5833    0.4667        12
         qtx     0.7317    0.6667    0.6977        45
         zxx     0.4795    0.8974    0.6250        39

    accuracy                         0.5027       185
   macro avg     0.4690    0.4274    0.4024       185
weighted avg     0.5033    0.5027    0.4653       185

micro f-score: 0.5027027027027027

========== Train Epoch 9 ==========
Loss: 1.037	Accuracy: 44.32%	Cost 33s
              precision    recall  f1-score   support

         bzx     0.7143    0.1613    0.2632        31
         cwx     0.2264    0.5455    0.3200        22
         hdx     0.1429    0.0588    0.0833        17
         mtx     0.3333    0.0526    0.0909        19
         nqx     0.7143    0.4167    0.5263        12
         qtx     0.8462    0.4889    0.6197        45
         zxx     0.4390    0.9231    0.5950        39

    accuracy                         0.4432       185
   macro avg     0.4881    0.3781    0.3569       185
weighted avg     0.5387    0.4432    0.4095       185

micro f-score: 0.44324324324324327

========== Train Epoch 10 ==========
Loss: 1.024	Accuracy: 38.38%	Cost 31s
              precision    recall  f1-score   support

         bzx     0.3333    0.3548    0.3438        31
         cwx     1.0000    0.0909    0.1667        22
         hdx     0.0000    0.0000    0.0000        17
         mtx     0.4286    0.1579    0.2308        19
         nqx     1.0000    0.5833    0.7368        12
         qtx     0.9000    0.2000    0.3273        45
         zxx     0.3120    1.0000    0.4756        39

    accuracy                         0.3838       185
   macro avg     0.5677    0.3410    0.3258       185
weighted avg     0.5683    0.3838    0.3288       185

micro f-score: 0.3837837837837838

========== Train Epoch 11 ==========
Loss: 0.976	Accuracy: 60.54%	Cost 31s
              precision    recall  f1-score   support

         bzx     0.6923    0.5806    0.6316        31
         cwx     0.6667    0.6364    0.6512        22
         hdx     0.3333    0.3529    0.3429        17
         mtx     0.2857    0.2105    0.2424        19
         nqx     0.5385    0.5833    0.5600        12
         qtx     0.7436    0.6444    0.6905        45
         zxx     0.6296    0.8718    0.7312        39

    accuracy                         0.6054       185
   macro avg     0.5557    0.5543    0.5500       185
weighted avg     0.6038    0.6054    0.5981       185

micro f-score: 0.6054054054054054

========== Train Epoch 12 ==========
Loss: 0.825	Accuracy: 55.14%	Cost 31s
              precision    recall  f1-score   support

         bzx     0.6923    0.2903    0.4091        31
         cwx     0.4130    0.8636    0.5588        22
         hdx     0.2778    0.2941    0.2857        17
         mtx     0.6667    0.2105    0.3200        19
         nqx     0.5714    0.3333    0.4211        12
         qtx     0.5429    0.8444    0.6609        45
         zxx     0.9200    0.5897    0.7188        39

    accuracy                         0.5514       185
   macro avg     0.5834    0.4894    0.4820       185
weighted avg     0.6222    0.5514    0.5337       185

micro f-score: 0.5513513513513514

========== Train Epoch 13 ==========
Loss: 0.803	Accuracy: 49.73%	Cost 32s
              precision    recall  f1-score   support

         bzx     0.5000    0.2258    0.3111        31
         cwx     0.6667    0.5455    0.6000        22
         hdx     0.3000    0.1765    0.2222        17
         mtx     0.2857    0.2105    0.2424        19
         nqx     0.5000    0.0833    0.1429        12
         qtx     0.4343    0.9556    0.5972        45
         zxx     0.7857    0.5641    0.6567        39

    accuracy                         0.4973       185
   macro avg     0.4961    0.3945    0.3961       185
weighted avg     0.5237    0.4973    0.4618       185

micro f-score: 0.4972972972972973

========== Train Epoch 14 ==========
Loss: 0.754	Accuracy: 38.38%	Cost 33s
              precision    recall  f1-score   support

         bzx     0.4375    0.4516    0.4444        31
         cwx     0.6000    0.1364    0.2222        22
         hdx     0.3125    0.2941    0.3030        17
         mtx     0.1875    0.3158    0.2353        19
         nqx     0.1897    0.9167    0.3143        12
         qtx     0.7714    0.6000    0.6750        45
         zxx     0.7143    0.1282    0.2174        39

    accuracy                         0.3838       185
   macro avg     0.4590    0.4061    0.3445       185
weighted avg     0.5432    0.3838    0.3833       185

micro f-score: 0.3837837837837838

========== Train Epoch 15 ==========
Loss: 0.663	Accuracy: 56.22%	Cost 32s
              precision    recall  f1-score   support

         bzx     0.8571    0.1935    0.3158        31
         cwx     0.8889    0.3636    0.5161        22
         hdx     0.6667    0.1176    0.2000        17
         mtx     0.2667    0.6316    0.3750        19
         nqx     0.4231    0.9167    0.5789        12
         qtx     0.8333    0.6667    0.7407        45
         zxx     0.5932    0.8974    0.7143        39

    accuracy                         0.5622       185
   macro avg     0.6470    0.5410    0.4916       185
weighted avg     0.6932    0.5622    0.5395       185

micro f-score: 0.5621621621621622

========== Train Epoch 16 ==========
Loss: 0.566	Accuracy: 61.08%	Cost 31s
              precision    recall  f1-score   support

         bzx     0.4681    0.7097    0.5641        31
         cwx     0.5200    0.5909    0.5532        22
         hdx     0.3333    0.2941    0.3125        17
         mtx     0.6000    0.1579    0.2500        19
         nqx     0.6667    0.8333    0.7407        12
         qtx     0.7778    0.7778    0.7778        45
         zxx     0.7576    0.6410    0.6944        39

    accuracy                         0.6108       185
   macro avg     0.5891    0.5721    0.5561       185
weighted avg     0.6247    0.6108    0.5983       185

micro f-score: 0.6108108108108108

========== Train Epoch 17 ==========
Loss: 0.429	Accuracy: 57.30%	Cost 32s
              precision    recall  f1-score   support

         bzx     0.5200    0.4194    0.4643        31
         cwx     0.5667    0.7727    0.6538        22
         hdx     0.3333    0.3529    0.3429        17
         mtx     0.4000    0.1053    0.1667        19
         nqx     0.2778    0.8333    0.4167        12
         qtx     0.8000    0.7111    0.7529        45
         zxx     0.8387    0.6667    0.7429        39

    accuracy                         0.5730       185
   macro avg     0.5338    0.5516    0.5057       185
weighted avg     0.6157    0.5730    0.5710       185

micro f-score: 0.572972972972973

========== Train Epoch 18 ==========
Loss: 0.453	Accuracy: 52.43%	Cost 32s
              precision    recall  f1-score   support

         bzx     0.6364    0.2258    0.3333        31
         cwx     0.3393    0.8636    0.4872        22
         hdx     0.3684    0.4118    0.3889        17
         mtx     0.2333    0.3684    0.2857        19
         nqx     1.0000    0.5000    0.6667        12
         qtx     1.0000    0.4000    0.5714        45
         zxx     0.7333    0.8462    0.7857        39

    accuracy                         0.5243       185
   macro avg     0.6158    0.5165    0.5027       185
weighted avg     0.6675    0.5243    0.5267       185

micro f-score: 0.5243243243243243

========== Train Epoch 19 ==========
Loss: 0.406	Accuracy: 63.78%	Cost 32s
              precision    recall  f1-score   support

         bzx     0.5143    0.5806    0.5455        31
         cwx     0.7500    0.5455    0.6316        22
         hdx     0.5385    0.4118    0.4667        17
         mtx     0.3571    0.5263    0.4255        19
         nqx     0.7500    0.2500    0.3750        12
         qtx     0.8409    0.8222    0.8315        45
         zxx     0.6889    0.7949    0.7381        39

    accuracy                         0.6378       185
   macro avg     0.6342    0.5616    0.5734       185
weighted avg     0.6599    0.6378    0.6353       185

micro f-score: 0.6378378378378379

========== Train Epoch 20 ==========
Loss: 0.441	Accuracy: 49.19%	Cost 31s
              precision    recall  f1-score   support

         bzx     0.3488    0.4839    0.4054        31
         cwx     1.0000    0.2273    0.3704        22
         hdx     0.2000    0.1765    0.1875        17
         mtx     0.6667    0.1053    0.1818        19
         nqx     0.5294    0.7500    0.6207        12
         qtx     0.7692    0.4444    0.5634        45
         zxx     0.4868    0.9487    0.6435        39

    accuracy                         0.4919       185
   macro avg     0.5716    0.4480    0.4247       185
weighted avg     0.5883    0.4919    0.4608       185

micro f-score: 0.4918918918918919

========== Train Epoch 21 ==========
Loss: 0.341	Accuracy: 64.32%	Cost 32s
              precision    recall  f1-score   support

         bzx     0.5455    0.5806    0.5625        31
         cwx     0.4615    0.8182    0.5902        22
         hdx     0.4783    0.6471    0.5500        17
         mtx     0.6364    0.3684    0.4667        19
         nqx     0.7273    0.6667    0.6957        12
         qtx     0.8250    0.7333    0.7765        45
         zxx     0.8571    0.6154    0.7164        39

    accuracy                         0.6432       185
   macro avg     0.6473    0.6328    0.6226       185
weighted avg     0.6841    0.6432    0.6479       185

micro f-score: 0.6432432432432432

========== Train Epoch 22 ==========
Loss: 0.278	Accuracy: 61.08%	Cost 32s
              precision    recall  f1-score   support

         bzx     0.6000    0.3871    0.4706        31
         cwx     0.6875    0.5000    0.5789        22
         hdx     0.5455    0.3529    0.4286        17
         mtx     0.2500    0.3684    0.2979        19
         nqx     0.4167    0.8333    0.5556        12
         qtx     0.7955    0.7778    0.7865        45
         zxx     0.7619    0.8205    0.7901        39

    accuracy                         0.6108       185
   macro avg     0.5796    0.5772    0.5583       185
weighted avg     0.6392    0.6108    0.6116       185

micro f-score: 0.6108108108108108

========== Train Epoch 23 ==========
Loss: 0.288	Accuracy: 64.32%	Cost 32s
              precision    recall  f1-score   support

         bzx     0.6429    0.2903    0.4000        31
         cwx     0.5641    1.0000    0.7213        22
         hdx     0.7000    0.4118    0.5185        17
         mtx     0.6250    0.2632    0.3704        19
         nqx     0.4762    0.8333    0.6061        12
         qtx     0.9118    0.6889    0.7848        45
         zxx     0.5932    0.8974    0.7143        39

    accuracy                         0.6432       185
   macro avg     0.6447    0.6264    0.5879       185
weighted avg     0.6810    0.6432    0.6193       185

micro f-score: 0.6432432432432432

========== Train Epoch 24 ==========
Loss: 0.247	Accuracy: 54.59%	Cost 32s
              precision    recall  f1-score   support

         bzx     0.5625    0.2903    0.3830        31
         cwx     0.3846    0.6818    0.4918        22
         hdx     0.3000    0.1765    0.2222        17
         mtx     0.8333    0.2632    0.4000        19
         nqx     0.3438    0.9167    0.5000        12
         qtx     0.8571    0.5333    0.6575        45
         zxx     0.6296    0.8718    0.7312        39

    accuracy                         0.5459       185
   macro avg     0.5587    0.5334    0.4837       185
weighted avg     0.6167    0.5459    0.5307       185

micro f-score: 0.5459459459459459

========== Train Epoch 25 ==========
Loss: 0.215	Accuracy: 65.41%	Cost 32s
              precision    recall  f1-score   support

         bzx     0.5600    0.4516    0.5000        31
         cwx     0.7857    0.5000    0.6111        22
         hdx     0.6000    0.3529    0.4444        17
         mtx     0.5000    0.5263    0.5128        19
         nqx     0.9091    0.8333    0.8696        12
         qtx     0.6316    0.8000    0.7059        45
         zxx     0.7083    0.8718    0.7816        39

    accuracy                         0.6541       185
   macro avg     0.6707    0.6194    0.6322       185
weighted avg     0.6557    0.6541    0.6428       185

micro f-score: 0.654054054054054

========== Train Epoch 26 ==========
Loss: 0.126	Accuracy: 63.78%	Cost 32s
              precision    recall  f1-score   support

         bzx     0.5294    0.5806    0.5538        31
         cwx     0.5625    0.8182    0.6667        22
         hdx     0.3846    0.5882    0.4651        17
         mtx     0.5385    0.3684    0.4375        19
         nqx     0.7778    0.5833    0.6667        12
         qtx     0.8750    0.6222    0.7273        45
         zxx     0.7692    0.7692    0.7692        39

    accuracy                         0.6378       185
   macro avg     0.6339    0.6186    0.6123       185
weighted avg     0.6717    0.6378    0.6421       185

micro f-score: 0.6378378378378379

========== Train Epoch 27 ==========
Loss: 0.113	Accuracy: 62.70%	Cost 31s
              precision    recall  f1-score   support

         bzx     0.8571    0.3871    0.5333        31
         cwx     0.5806    0.8182    0.6792        22
         hdx     0.5000    0.6471    0.5641        17
         mtx     0.4375    0.3684    0.4000        19
         nqx     0.3235    0.9167    0.4783        12
         qtx     0.8000    0.7111    0.7529        45
         zxx     0.8929    0.6410    0.7463        39

    accuracy                         0.6270       185
   macro avg     0.6274    0.6414    0.5935       185
weighted avg     0.7074    0.6270    0.6346       185

micro f-score: 0.6270270270270271

========== Train Epoch 28 ==========
Loss: 0.152	Accuracy: 64.86%	Cost 32s
              precision    recall  f1-score   support

         bzx     0.4651    0.6452    0.5405        31
         cwx     0.5926    0.7273    0.6531        22
         hdx     0.8000    0.2353    0.3636        17
         mtx     0.6000    0.4737    0.5294        19
         nqx     0.5556    0.8333    0.6667        12
         qtx     0.8857    0.6889    0.7750        45
         zxx     0.7143    0.7692    0.7407        39

    accuracy                         0.6486       185
   macro avg     0.6590    0.6247    0.6099       185
weighted avg     0.6856    0.6486    0.6439       185

micro f-score: 0.6486486486486487

========== Train Epoch 29 ==========
Loss: 0.122	Accuracy: 59.46%	Cost 32s
              precision    recall  f1-score   support

         bzx     0.6429    0.2903    0.4000        31
         cwx     0.5833    0.6364    0.6087        22
         hdx     0.3636    0.7059    0.4800        17
         mtx     0.5000    0.4737    0.4865        19
         nqx     0.7273    0.6667    0.6957        12
         qtx     0.5968    0.8222    0.6916        45
         zxx     0.9130    0.5385    0.6774        39

    accuracy                         0.5946       185
   macro avg     0.6181    0.5905    0.5771       185
weighted avg     0.6467    0.5946    0.5896       185

micro f-score: 0.5945945945945946

========== Train Epoch 30 ==========
Loss: 0.124	Accuracy: 68.65%	Cost 32s
              precision    recall  f1-score   support

         bzx     0.5588    0.6129    0.5846        31
         cwx     0.7500    0.5455    0.6316        22
         hdx     0.5217    0.7059    0.6000        17
         mtx     0.5714    0.6316    0.6000        19
         nqx     0.8889    0.6667    0.7619        12
         qtx     0.8571    0.6667    0.7500        45
         zxx     0.7234    0.8718    0.7907        39

    accuracy                         0.6865       185
   macro avg     0.6959    0.6716    0.6741       185
weighted avg     0.7081    0.6865    0.6884       185

micro f-score: 0.6864864864864865

========== Train Epoch 31 ==========
Loss: 0.117	Accuracy: 64.32%	Cost 31s
              precision    recall  f1-score   support

         bzx     0.7647    0.4194    0.5417        31
         cwx     0.6923    0.4091    0.5143        22
         hdx     0.6364    0.4118    0.5000        17
         mtx     0.8750    0.3684    0.5185        19
         nqx     0.6111    0.9167    0.7333        12
         qtx     0.6032    0.8444    0.7037        45
         zxx     0.6182    0.8718    0.7234        39

    accuracy                         0.6432       185
   macro avg     0.6858    0.6059    0.6050       185
weighted avg     0.6755    0.6432    0.6224       185

micro f-score: 0.6432432432432432

========== Train Epoch 32 ==========
Loss: 0.102	Accuracy: 68.11%	Cost 31s
              precision    recall  f1-score   support

         bzx     0.7000    0.4516    0.5490        31
         cwx     0.6176    0.9545    0.7500        22
         hdx     0.4516    0.8235    0.5833        17
         mtx     0.5000    0.4211    0.4571        19
         nqx     0.7273    0.6667    0.6957        12
         qtx     0.8333    0.6667    0.7407        45
         zxx     0.8378    0.7949    0.8158        39

    accuracy                         0.6811       185
   macro avg     0.6668    0.6827    0.6560       185
weighted avg     0.7101    0.6811    0.6790       185

micro f-score: 0.6810810810810811

========== Train Epoch 33 ==========
Loss: 0.111	Accuracy: 63.78%	Cost 30s
              precision    recall  f1-score   support

         bzx     1.0000    0.2258    0.3684        31
         cwx     0.4348    0.9091    0.5882        22
         hdx     0.3571    0.2941    0.3226        17
         mtx     0.7333    0.5789    0.6471        19
         nqx     0.8000    0.3333    0.4706        12
         qtx     0.6727    0.8222    0.7400        45
         zxx     0.7907    0.8718    0.8293        39

    accuracy                         0.6378       185
   macro avg     0.6841    0.5765    0.5666       185
weighted avg     0.7096    0.6378    0.6131       185

micro f-score: 0.6378378378378379

========== Train Epoch 34 ==========
Loss: 0.095	Accuracy: 68.11%	Cost 32s
              precision    recall  f1-score   support

         bzx     0.6429    0.5806    0.6102        31
         cwx     0.6400    0.7273    0.6809        22
         hdx     1.0000    0.3529    0.5217        17
         mtx     0.8182    0.4737    0.6000        19
         nqx     0.6667    0.6667    0.6667        12
         qtx     0.8293    0.7556    0.7907        45
         zxx     0.5645    0.8974    0.6931        39

    accuracy                         0.6811       185
   macro avg     0.7374    0.6363    0.6519       185
weighted avg     0.7237    0.6811    0.6745       185

micro f-score: 0.6810810810810811

========== Train Epoch 35 ==========
Loss: 0.048	Accuracy: 67.57%	Cost 32s
              precision    recall  f1-score   support

         bzx     0.4464    0.8065    0.5747        31
         cwx     0.9000    0.4091    0.5625        22
         hdx     0.6429    0.5294    0.5806        17
         mtx     0.6154    0.4211    0.5000        19
         nqx     0.5556    0.8333    0.6667        12
         qtx     0.9118    0.6889    0.7848        45
         zxx     0.8250    0.8462    0.8354        39

    accuracy                         0.6757       185
   macro avg     0.6996    0.6478    0.6435       185
weighted avg     0.7358    0.6757    0.6782       185

micro f-score: 0.6756756756756757

========== Train Epoch 36 ==========
Loss: 0.042	Accuracy: 68.11%	Cost 32s
              precision    recall  f1-score   support

         bzx     0.6818    0.4839    0.5660        31
         cwx     0.6538    0.7727    0.7083        22
         hdx     0.5625    0.5294    0.5455        17
         mtx     0.7000    0.3684    0.4828        19
         nqx     0.6111    0.9167    0.7333        12
         qtx     0.8140    0.7778    0.7955        45
         zxx     0.6400    0.8205    0.7191        39

    accuracy                         0.6811       185
   macro avg     0.6662    0.6671    0.6501       185
weighted avg     0.6881    0.6811    0.6714       185

micro f-score: 0.6810810810810811

========== Train Epoch 37 ==========
Loss: 0.046	Accuracy: 69.73%	Cost 33s
              precision    recall  f1-score   support

         bzx     0.6364    0.4516    0.5283        31
         cwx     0.6452    0.9091    0.7547        22
         hdx     0.7500    0.5294    0.6207        17
         mtx     0.6000    0.4737    0.5294        19
         nqx     0.6250    0.8333    0.7143        12
         qtx     0.7907    0.7556    0.7727        45
         zxx     0.7174    0.8462    0.7765        39

    accuracy                         0.6973       185
   macro avg     0.6807    0.6855    0.6709       185
weighted avg     0.6980    0.6973    0.6877       185

micro f-score: 0.6972972972972973

========== Train Epoch 38 ==========
Loss: 0.034	Accuracy: 69.19%	Cost 31s
              precision    recall  f1-score   support

         bzx     0.6552    0.6129    0.6333        31
         cwx     0.6957    0.7273    0.7111        22
         hdx     0.4483    0.7647    0.5652        17
         mtx     0.6667    0.3158    0.4286        19
         nqx     0.5556    0.8333    0.6667        12
         qtx     0.9375    0.6667    0.7792        45
         zxx     0.7556    0.8718    0.8095        39

    accuracy                         0.6919       185
   macro avg     0.6735    0.6846    0.6562       185
weighted avg     0.7255    0.6919    0.6901       185

micro f-score: 0.6918918918918919

========== Train Epoch 39 ==========
Loss: 0.035	Accuracy: 71.89%	Cost 33s
              precision    recall  f1-score   support

         bzx     0.6154    0.5161    0.5614        31
         cwx     0.7727    0.7727    0.7727        22
         hdx     0.7500    0.5294    0.6207        17
         mtx     0.6111    0.5789    0.5946        19
         nqx     0.6667    0.8333    0.7407        12
         qtx     0.8537    0.7778    0.8140        45
         zxx     0.6863    0.8974    0.7778        39

    accuracy                         0.7189       185
   macro avg     0.7080    0.7008    0.6974       185
weighted avg     0.7223    0.7189    0.7141       185

micro f-score: 0.7189189189189189

========== Train Epoch 40 ==========
Loss: 0.038	Accuracy: 69.19%	Cost 33s
              precision    recall  f1-score   support

         bzx     0.6500    0.4194    0.5098        31
         cwx     0.5833    0.9545    0.7241        22
         hdx     0.7273    0.4706    0.5714        17
         mtx     0.6923    0.4737    0.5625        19
         nqx     0.6471    0.9167    0.7586        12
         qtx     0.7143    0.7778    0.7447        45
         zxx     0.7949    0.7949    0.7949        39

    accuracy                         0.6919       185
   macro avg     0.6870    0.6868    0.6666       185
weighted avg     0.6995    0.6919    0.6797       185

micro f-score: 0.6918918918918919

========== Train Epoch 41 ==========
Loss: 0.036	Accuracy: 65.95%	Cost 32s
              precision    recall  f1-score   support

         bzx     0.4694    0.7419    0.5750        31
         cwx     0.7778    0.6364    0.7000        22
         hdx     0.4231    0.6471    0.5116        17
         mtx     0.6364    0.3684    0.4667        19
         nqx     0.6923    0.7500    0.7200        12
         qtx     0.8529    0.6444    0.7342        45
         zxx     0.8529    0.7436    0.7945        39

    accuracy                         0.6595       185
   macro avg     0.6721    0.6474    0.6431       185
weighted avg     0.7076    0.6595    0.6673       185

micro f-score: 0.6594594594594595

========== Train Epoch 42 ==========
Loss: 0.032	Accuracy: 68.65%	Cost 31s
              precision    recall  f1-score   support

         bzx     1.0000    0.3871    0.5581        31
         cwx     0.5128    0.9091    0.6557        22
         hdx     0.5263    0.5882    0.5556        17
         mtx     0.6364    0.3684    0.4667        19
         nqx     0.7692    0.8333    0.8000        12
         qtx     0.7200    0.8000    0.7579        45
         zxx     0.7805    0.8205    0.8000        39

    accuracy                         0.6865       185
   macro avg     0.7065    0.6724    0.6563       185
weighted avg     0.7318    0.6865    0.6754       185

micro f-score: 0.6864864864864865

========== Train Epoch 43 ==========
Loss: 0.056	Accuracy: 66.49%	Cost 32s
              precision    recall  f1-score   support

         bzx     0.7222    0.4194    0.5306        31
         cwx     0.6923    0.8182    0.7500        22
         hdx     0.4643    0.7647    0.5778        17
         mtx     0.5556    0.5263    0.5405        19
         nqx     0.7143    0.8333    0.7692        12
         qtx     0.8621    0.5556    0.6757        45
         zxx     0.6538    0.8718    0.7473        39

    accuracy                         0.6649       185
   macro avg     0.6664    0.6842    0.6559       185
weighted avg     0.6969    0.6649    0.6585       185

micro f-score: 0.6648648648648648

========== Train Epoch 44 ==========
Loss: 0.088	Accuracy: 52.43%	Cost 33s
              precision    recall  f1-score   support

         bzx     0.3134    0.6774    0.4286        31
         cwx     1.0000    0.2273    0.3704        22
         hdx     0.7500    0.1765    0.2857        17
         mtx     0.4583    0.5789    0.5116        19
         nqx     1.0000    0.1667    0.2857        12
         qtx     0.7879    0.5778    0.6667        45
         zxx     0.5800    0.7436    0.6517        39

    accuracy                         0.5243       185
   macro avg     0.6985    0.4497    0.4572       185
weighted avg     0.6662    0.5243    0.5127       185

micro f-score: 0.5243243243243243

========== Train Epoch 45 ==========
Loss: 0.209	Accuracy: 37.84%	Cost 32s
              precision    recall  f1-score   support

         bzx     0.3939    0.4194    0.4062        31
         cwx     0.5000    0.6818    0.5769        22
         hdx     0.2857    0.1176    0.1667        17
         mtx     0.1765    0.7895    0.2885        19
         nqx     0.6000    0.2500    0.3529        12
         qtx     0.8824    0.3333    0.4839        45
         zxx     0.8750    0.1795    0.2979        39

    accuracy                         0.3784       185
   macro avg     0.5305    0.3959    0.3676       185
weighted avg     0.6079    0.3784    0.3850       185

micro f-score: 0.37837837837837834

========== Train Epoch 46 ==========
Loss: 0.369	Accuracy: 43.24%	Cost 31s
              precision    recall  f1-score   support

         bzx     0.8750    0.2258    0.3590        31
         cwx     0.4643    0.5909    0.5200        22
         hdx     0.3500    0.4118    0.3784        17
         mtx     0.1579    0.3158    0.2105        19
         nqx     0.2500    0.9167    0.3929        12
         qtx     0.8182    0.2000    0.3214        45
         zxx     0.7500    0.6923    0.7200        39

    accuracy                         0.4324       185
   macro avg     0.5236    0.4790    0.4146       185
weighted avg     0.6236    0.4324    0.4338       185

micro f-score: 0.43243243243243246

========== Train Epoch 47 ==========
Loss: 0.195	Accuracy: 64.86%	Cost 32s
              precision    recall  f1-score   support

         bzx     0.6333    0.6129    0.6230        31
         cwx     0.5152    0.7727    0.6182        22
         hdx     0.4091    0.5294    0.4615        17
         mtx     0.8333    0.2632    0.4000        19
         nqx     0.7000    0.5833    0.6364        12
         qtx     0.8387    0.5778    0.6842        45
         zxx     0.6981    0.9487    0.8043        39

    accuracy                         0.6486       185
   macro avg     0.6611    0.6126    0.6039       185
weighted avg     0.6872    0.6486    0.6387       185

micro f-score: 0.6486486486486487

========== Train Epoch 48 ==========
Loss: 0.179	Accuracy: 69.19%	Cost 33s
              precision    recall  f1-score   support

         bzx     0.5000    0.5806    0.5373        31
         cwx     0.5758    0.8636    0.6909        22
         hdx     0.6154    0.4706    0.5333        17
         mtx     0.8182    0.4737    0.6000        19
         nqx     0.7500    0.7500    0.7500        12
         qtx     0.8889    0.7111    0.7901        45
         zxx     0.7500    0.8462    0.7952        39

    accuracy                         0.6919       185
   macro avg     0.6997    0.6708    0.6710       185
weighted avg     0.7158    0.6919    0.6913       185

micro f-score: 0.6918918918918919

========== Train Epoch 49 ==========
Loss: 0.106	Accuracy: 58.38%	Cost 32s
              precision    recall  f1-score   support

         bzx     0.6800    0.5484    0.6071        31
         cwx     0.4571    0.7273    0.5614        22
         hdx     0.3333    0.4706    0.3902        17
         mtx     0.5000    0.1053    0.1739        19
         nqx     0.3056    0.9167    0.4583        12
         qtx     0.9286    0.5778    0.7123        45
         zxx     0.8485    0.7179    0.7778        39

    accuracy                         0.5838       185
   macro avg     0.5790    0.5806    0.5259       185
weighted avg     0.6748    0.5838    0.5892       185

micro f-score: 0.5837837837837838

========== Train Epoch 50 ==========
Loss: 0.090	Accuracy: 65.41%	Cost 32s
              precision    recall  f1-score   support

         bzx     0.7222    0.4194    0.5306        31
         cwx     0.5484    0.7727    0.6415        22
         hdx     0.6429    0.5294    0.5806        17
         mtx     0.5833    0.3684    0.4516        19
         nqx     0.4231    0.9167    0.5789        12
         qtx     0.7949    0.6889    0.7381        45
         zxx     0.7333    0.8462    0.7857        39

    accuracy                         0.6541       185
   macro avg     0.6354    0.6488    0.6153       185
weighted avg     0.6806    0.6541    0.6477       185

micro f-score: 0.654054054054054

========== Train Epoch 51 ==========
Loss: 0.061	Accuracy: 63.78%	Cost 33s
              precision    recall  f1-score   support

         bzx     0.4681    0.7097    0.5641        31
         cwx     0.6667    0.5455    0.6000        22
         hdx     0.4444    0.7059    0.5455        17
         mtx     0.8000    0.4211    0.5517        19
         nqx     0.7778    0.5833    0.6667        12
         qtx     0.8276    0.5333    0.6486        45
         zxx     0.7333    0.8462    0.7857        39

    accuracy                         0.6378       185
   macro avg     0.6740    0.6207    0.6232       185
weighted avg     0.6871    0.6378    0.6393       185

micro f-score: 0.6378378378378379

========== Train Epoch 52 ==========
Loss: 0.042	Accuracy: 68.65%	Cost 33s
              precision    recall  f1-score   support

         bzx     0.7619    0.5161    0.6154        31
         cwx     0.5128    0.9091    0.6557        22
         hdx     0.5833    0.4118    0.4828        17
         mtx     0.7500    0.4737    0.5806        19
         nqx     0.6000    0.7500    0.6667        12
         qtx     0.7857    0.7333    0.7586        45
         zxx     0.7500    0.8462    0.7952        39

    accuracy                         0.6865       185
   macro avg     0.6777    0.6629    0.6507       185
weighted avg     0.7074    0.6865    0.6805       185

micro f-score: 0.6864864864864865

========== Train Epoch 53 ==========
Loss: 0.030	Accuracy: 70.27%	Cost 30s
              precision    recall  f1-score   support

         bzx     0.6667    0.7097    0.6875        31
         cwx     0.5625    0.8182    0.6667        22
         hdx     0.6923    0.5294    0.6000        17
         mtx     0.8333    0.2632    0.4000        19
         nqx     0.5500    0.9167    0.6875        12
         qtx     0.8205    0.7111    0.7619        45
         zxx     0.7857    0.8462    0.8148        39

    accuracy                         0.7027       185
   macro avg     0.7016    0.6849    0.6598       185
weighted avg     0.7287    0.7027    0.6924       185

micro f-score: 0.7027027027027027

========== Train Epoch 54 ==========
Loss: 0.038	Accuracy: 70.27%	Cost 31s
              precision    recall  f1-score   support

         bzx     0.7273    0.5161    0.6038        31
         cwx     0.6957    0.7273    0.7111        22
         hdx     0.8000    0.4706    0.5926        17
         mtx     0.7500    0.4737    0.5806        19
         nqx     0.8182    0.7500    0.7826        12
         qtx     0.7308    0.8444    0.7835        45
         zxx     0.6182    0.8718    0.7234        39

    accuracy                         0.7027       185
   macro avg     0.7343    0.6648    0.6825       185
weighted avg     0.7163    0.7027    0.6937       185

micro f-score: 0.7027027027027027

========== Train Epoch 55 ==========
Loss: 0.039	Accuracy: 72.43%	Cost 32s
              precision    recall  f1-score   support

         bzx     0.7143    0.4839    0.5769        31
         cwx     0.5882    0.9091    0.7143        22
         hdx     0.6429    0.5294    0.5806        17
         mtx     0.7692    0.5263    0.6250        19
         nqx     0.7333    0.9167    0.8148        12
         qtx     0.7826    0.8000    0.7912        45
         zxx     0.7857    0.8462    0.8148        39

    accuracy                         0.7243       185
   macro avg     0.7166    0.7159    0.7025       185
weighted avg     0.7313    0.7243    0.7162       185

micro f-score: 0.7243243243243244

========== Train Epoch 56 ==========
Loss: 0.035	Accuracy: 67.57%	Cost 31s
              precision    recall  f1-score   support

         bzx     1.0000    0.2581    0.4103        31
         cwx     0.4545    0.9091    0.6061        22
         hdx     0.6667    0.4706    0.5517        17
         mtx     0.8571    0.3158    0.4615        19
         nqx     0.7500    0.7500    0.7500        12
         qtx     0.7091    0.8667    0.7800        45
         zxx     0.7447    0.8974    0.8140        39

    accuracy                         0.6757       185
   macro avg     0.7403    0.6382    0.6248       185
weighted avg     0.7490    0.6757    0.6489       185

micro f-score: 0.6756756756756757

========== Train Epoch 57 ==========
Loss: 0.023	Accuracy: 69.73%	Cost 32s
              precision    recall  f1-score   support

         bzx     0.5833    0.6774    0.6269        31
         cwx     0.6667    0.7273    0.6957        22
         hdx     0.4815    0.7647    0.5909        17
         mtx     0.8750    0.3684    0.5185        19
         nqx     0.6923    0.7500    0.7200        12
         qtx     0.9355    0.6444    0.7632        45
         zxx     0.7391    0.8718    0.8000        39

    accuracy                         0.6973       185
   macro avg     0.7105    0.6863    0.6736       185
weighted avg     0.7394    0.6973    0.6963       185

micro f-score: 0.6972972972972973

========== Train Epoch 58 ==========
Loss: 0.028	Accuracy: 70.27%	Cost 32s
              precision    recall  f1-score   support

         bzx     0.5667    0.5484    0.5574        31
         cwx     0.7727    0.7727    0.7727        22
         hdx     0.5238    0.6471    0.5789        17
         mtx     0.7273    0.4211    0.5333        19
         nqx     0.6111    0.9167    0.7333        12
         qtx     0.8378    0.6889    0.7561        45
         zxx     0.7609    0.8974    0.8235        39

    accuracy                         0.7027       185
   macro avg     0.6858    0.6989    0.6793       185
weighted avg     0.7135    0.7027    0.6984       185

micro f-score: 0.7027027027027027

========== Train Epoch 59 ==========
Loss: 0.021	Accuracy: 67.57%	Cost 34s
              precision    recall  f1-score   support

         bzx     0.6667    0.4516    0.5385        31
         cwx     0.7500    0.6818    0.7143        22
         hdx     0.7778    0.4118    0.5385        17
         mtx     0.8000    0.4211    0.5517        19
         nqx     0.5000    0.9167    0.6471        12
         qtx     0.8095    0.7556    0.7816        45
         zxx     0.5902    0.9231    0.7200        39

    accuracy                         0.6757       185
   macro avg     0.6992    0.6516    0.6417       185
weighted avg     0.7083    0.6757    0.6652       185

micro f-score: 0.6756756756756757

========== Train Epoch 60 ==========
Loss: 0.020	Accuracy: 68.65%	Cost 30s
              precision    recall  f1-score   support

         bzx     0.6552    0.6129    0.6333        31
         cwx     0.6667    0.6364    0.6512        22
         hdx     0.8750    0.4118    0.5600        17
         mtx     0.6250    0.5263    0.5714        19
         nqx     0.4737    0.7500    0.5806        12
         qtx     0.7609    0.7778    0.7692        45
         zxx     0.7174    0.8462    0.7765        39

    accuracy                         0.6865       185
   macro avg     0.6820    0.6516    0.6489       185
weighted avg     0.7007    0.6865    0.6822       185

micro f-score: 0.6864864864864865

========== Train Epoch 61 ==========
Loss: 0.021	Accuracy: 70.27%	Cost 32s
              precision    recall  f1-score   support

         bzx     0.6429    0.5806    0.6102        31
         cwx     0.6296    0.7727    0.6939        22
         hdx     0.5238    0.6471    0.5789        17
         mtx     0.5385    0.3684    0.4375        19
         nqx     0.7692    0.8333    0.8000        12
         qtx     0.8462    0.7333    0.7857        45
         zxx     0.7727    0.8718    0.8193        39

    accuracy                         0.7027       185
   macro avg     0.6747    0.6868    0.6751       185
weighted avg     0.7046    0.7027    0.6986       185

micro f-score: 0.7027027027027027

========== Train Epoch 62 ==========
Loss: 0.022	Accuracy: 64.86%	Cost 32s
              precision    recall  f1-score   support

         bzx     0.5294    0.5806    0.5538        31
         cwx     0.7222    0.5909    0.6500        22
         hdx     0.4545    0.5882    0.5128        17
         mtx     0.7778    0.3684    0.5000        19
         nqx     0.7692    0.8333    0.8000        12
         qtx     0.8438    0.6000    0.7013        45
         zxx     0.6140    0.8974    0.7292        39

    accuracy                         0.6486       185
   macro avg     0.6730    0.6370    0.6353       185
weighted avg     0.6808    0.6486    0.6448       185

micro f-score: 0.6486486486486487

========== Train Epoch 63 ==========
Loss: 0.026	Accuracy: 69.73%	Cost 32s
              precision    recall  f1-score   support

         bzx     0.7778    0.4516    0.5714        31
         cwx     0.6538    0.7727    0.7083        22
         hdx     0.7000    0.4118    0.5185        17
         mtx     0.7500    0.4737    0.5806        19
         nqx     0.7143    0.8333    0.7692        12
         qtx     0.7400    0.8222    0.7789        45
         zxx     0.6364    0.8974    0.7447        39

    accuracy                         0.6973       185
   macro avg     0.7103    0.6661    0.6674       185
weighted avg     0.7099    0.6973    0.6836       185

micro f-score: 0.6972972972972973

========== Train Epoch 64 ==========
Loss: 0.017	Accuracy: 71.35%	Cost 31s
              precision    recall  f1-score   support

         bzx     0.6957    0.5161    0.5926        31
         cwx     0.6552    0.8636    0.7451        22
         hdx     0.6429    0.5294    0.5806        17
         mtx     0.8750    0.3684    0.5185        19
         nqx     0.5500    0.9167    0.6875        12
         qtx     0.8293    0.7556    0.7907        45
         zxx     0.7200    0.9231    0.8090        39

    accuracy                         0.7135       185
   macro avg     0.7097    0.6961    0.6749       185
weighted avg     0.7326    0.7135    0.7020       185

micro f-score: 0.7135135135135136

Finished training!!!

Min Loss = 0.017 in epoch 63;
Max Accuracy = 72.43% in epoch 54;
Total Cost 34 minutes

===============================================================================================
Layer (type:depth-idx)                        Output Shape              Param #
===============================================================================================
Conv2d: 1-1                                 [-1, 64, 160, 160]        9,408
BatchNorm2d: 1-2                            [-1, 64, 160, 160]        128
ReLU: 1-3                                   [-1, 64, 160, 160]        --
SPP: 1-4                                    [-1, 64, 160, 160]        --
|    Conv: 2-1                              [-1, 32, 160, 160]        --
|    |    Conv2d: 3-1                       [-1, 32, 160, 160]        2,048
|    |    BatchNorm2d: 3-2                  [-1, 32, 160, 160]        64
|    |    ReLU: 3-3                         [-1, 32, 160, 160]        --
|    ModuleList: 2                          []                        --
|    |    MaxPool2d: 3-4                    [-1, 32, 160, 160]        --
|    |    MaxPool2d: 3-5                    [-1, 32, 160, 160]        --
|    |    MaxPool2d: 3-6                    [-1, 32, 160, 160]        --
|    Conv: 2-2                              [-1, 64, 160, 160]        --
|    |    Conv2d: 3-7                       [-1, 64, 160, 160]        8,192
|    |    BatchNorm2d: 3-8                  [-1, 64, 160, 160]        128
|    |    ReLU: 3-9                         [-1, 64, 160, 160]        --
Sequential: 1-5                             [-1, 64, 160, 160]        --
|    BasicBlock: 2-3                        [-1, 64, 160, 160]        --
|    |    Conv2d: 3-10                      [-1, 64, 160, 160]        36,864
|    |    BatchNorm2d: 3-11                 [-1, 64, 160, 160]        128
|    |    ReLU: 3-12                        [-1, 64, 160, 160]        --
|    |    Conv2d: 3-13                      [-1, 64, 160, 160]        36,864
|    |    BatchNorm2d: 3-14                 [-1, 64, 160, 160]        128
|    |    HCAM1: 3-15                       [-1, 64, 160, 160]        3,376
|    |    ReLU: 3-16                        [-1, 64, 160, 160]        --
|    BasicBlock: 2-4                        [-1, 64, 160, 160]        --
|    |    Conv2d: 3-17                      [-1, 64, 160, 160]        36,864
|    |    BatchNorm2d: 3-18                 [-1, 64, 160, 160]        128
|    |    ReLU: 3-19                        [-1, 64, 160, 160]        --
|    |    Conv2d: 3-20                      [-1, 64, 160, 160]        36,864
|    |    BatchNorm2d: 3-21                 [-1, 64, 160, 160]        128
|    |    HCAM1: 3-22                       [-1, 64, 160, 160]        3,376
|    |    ReLU: 3-23                        [-1, 64, 160, 160]        --
Sequential: 1-6                             [-1, 128, 80, 80]         --
|    BasicBlock: 2-5                        [-1, 128, 80, 80]         --
|    |    Conv2d: 3-24                      [-1, 128, 80, 80]         73,728
|    |    BatchNorm2d: 3-25                 [-1, 128, 80, 80]         256
|    |    ReLU: 3-26                        [-1, 128, 80, 80]         --
|    |    Conv2d: 3-27                      [-1, 128, 80, 80]         147,456
|    |    BatchNorm2d: 3-28                 [-1, 128, 80, 80]         256
|    |    HCAM1: 3-29                       [-1, 128, 80, 80]         6,704
|    |    Sequential: 3-30                  [-1, 128, 80, 80]         8,448
|    |    ReLU: 3-31                        [-1, 128, 80, 80]         --
|    BasicBlock: 2-6                        [-1, 128, 80, 80]         --
|    |    Conv2d: 3-32                      [-1, 128, 80, 80]         147,456
|    |    BatchNorm2d: 3-33                 [-1, 128, 80, 80]         256
|    |    ReLU: 3-34                        [-1, 128, 80, 80]         --
|    |    Conv2d: 3-35                      [-1, 128, 80, 80]         147,456
|    |    BatchNorm2d: 3-36                 [-1, 128, 80, 80]         256
|    |    HCAM1: 3-37                       [-1, 128, 80, 80]         6,704
|    |    ReLU: 3-38                        [-1, 128, 80, 80]         --
Sequential: 1-7                             [-1, 256, 40, 40]         --
|    BasicBlock: 2-7                        [-1, 256, 40, 40]         --
|    |    Conv2d: 3-39                      [-1, 256, 40, 40]         294,912
|    |    BatchNorm2d: 3-40                 [-1, 256, 40, 40]         512
|    |    ReLU: 3-41                        [-1, 256, 40, 40]         --
|    |    Conv2d: 3-42                      [-1, 256, 40, 40]         589,824
|    |    BatchNorm2d: 3-43                 [-1, 256, 40, 40]         512
|    |    HCAM1: 3-44                       [-1, 256, 40, 40]         25,696
|    |    Sequential: 3-45                  [-1, 256, 40, 40]         33,280
|    |    ReLU: 3-46                        [-1, 256, 40, 40]         --
|    BasicBlock: 2-8                        [-1, 256, 40, 40]         --
|    |    Conv2d: 3-47                      [-1, 256, 40, 40]         589,824
|    |    BatchNorm2d: 3-48                 [-1, 256, 40, 40]         512
|    |    ReLU: 3-49                        [-1, 256, 40, 40]         --
|    |    Conv2d: 3-50                      [-1, 256, 40, 40]         589,824
|    |    BatchNorm2d: 3-51                 [-1, 256, 40, 40]         512
|    |    HCAM1: 3-52                       [-1, 256, 40, 40]         25,696
|    |    ReLU: 3-53                        [-1, 256, 40, 40]         --
Sequential: 1-8                             [-1, 512, 20, 20]         --
|    BasicBlock: 2-9                        [-1, 512, 20, 20]         --
|    |    Conv2d: 3-54                      [-1, 512, 20, 20]         1,179,648
|    |    BatchNorm2d: 3-55                 [-1, 512, 20, 20]         1,024
|    |    ReLU: 3-56                        [-1, 512, 20, 20]         --
|    |    Conv2d: 3-57                      [-1, 512, 20, 20]         2,359,296
|    |    BatchNorm2d: 3-58                 [-1, 512, 20, 20]         1,024
|    |    HCAM1: 3-59                       [-1, 512, 20, 20]         100,544
|    |    Sequential: 3-60                  [-1, 512, 20, 20]         132,096
|    |    ReLU: 3-61                        [-1, 512, 20, 20]         --
|    BasicBlock: 2-10                       [-1, 512, 20, 20]         --
|    |    Conv2d: 3-62                      [-1, 512, 20, 20]         2,359,296
|    |    BatchNorm2d: 3-63                 [-1, 512, 20, 20]         1,024
|    |    ReLU: 3-64                        [-1, 512, 20, 20]         --
|    |    Conv2d: 3-65                      [-1, 512, 20, 20]         2,359,296
|    |    BatchNorm2d: 3-66                 [-1, 512, 20, 20]         1,024
|    |    HCAM1: 3-67                       [-1, 512, 20, 20]         100,544
|    |    ReLU: 3-68                        [-1, 512, 20, 20]         --
AdaptiveAvgPool2d: 1-9                      [-1, 512, 1, 1]           --
Linear: 1-10                                [-1, 7]                   3,591
===============================================================================================
Total params: 11,463,175
Trainable params: 11,463,175
Non-trainable params: 0
Total mult-adds (G): 14.38
===============================================================================================
Input size (MB): 1.17
Forward/backward pass size (MB): 274.77
Params size (MB): 43.73
Estimated Total Size (MB): 319.67
===============================================================================================



