dataset_path: /home/djy/dataset/dataset2
pretrained : False 
parallel: True

parallel segmentent dataset : /home/djy/dataset/ycrcb_hsv_dataset2
msg: resnet18_resnet18
using model: ResNet, resnet18
using device cuda:0
batch_size = 20
epochs = 64
loss_function = CrossEntropyLoss()
optimizer = Adam (
Parameter Group 0
    amsgrad: False
    betas: (0.9, 0.999)
    eps: 1e-08
    lr: 0.0001
    weight_decay: 0
)


========== Train Epoch 1 ==========
Loss: 1.820	Accuracy: 22.16%	Cost 29s
              precision    recall  f1-score   support

         bzx     0.0000    0.0000    0.0000        31
         cwx     0.2308    0.1364    0.1714        22
         hdx     0.0000    0.0000    0.0000        17
         mtx     0.0000    0.0000    0.0000        19
         nqx     0.1667    0.1667    0.1667        12
         qtx     0.2500    0.1333    0.1739        45
         zxx     0.2290    0.7692    0.3529        39

    accuracy                         0.2216       185
   macro avg     0.1252    0.1722    0.1236       185
weighted avg     0.1473    0.2216    0.1479       185


========== Train Epoch 2 ==========
/home/djy/anaconda3/envs/pytorch/lib/python3.7/site-packages/sklearn/metrics/_classification.py:1308: UndefinedMetricWarning: Precision and F-score are ill-defined and being set to 0.0 in labels with no predicted samples. Use `zero_division` parameter to control this behavior.
  _warn_prf(average, modifier, msg_start, len(result))
/home/djy/anaconda3/envs/pytorch/lib/python3.7/site-packages/sklearn/metrics/_classification.py:1308: UndefinedMetricWarning: Precision and F-score are ill-defined and being set to 0.0 in labels with no predicted samples. Use `zero_division` parameter to control this behavior.
  _warn_prf(average, modifier, msg_start, len(result))
/home/djy/anaconda3/envs/pytorch/lib/python3.7/site-packages/sklearn/metrics/_classification.py:1308: UndefinedMetricWarning: Precision and F-score are ill-defined and being set to 0.0 in labels with no predicted samples. Use `zero_division` parameter to control this behavior.
  _warn_prf(average, modifier, msg_start, len(result))
Loss: 1.527	Accuracy: 35.68%	Cost 29s
              precision    recall  f1-score   support

         bzx     0.3415    0.4516    0.3889        31
         cwx     0.5000    0.1364    0.2143        22
         hdx     0.2000    0.0588    0.0909        17
         mtx     0.0000    0.0000    0.0000        19
         nqx     0.2500    0.7500    0.3750        12
         qtx     0.4286    0.4667    0.4468        45
         zxx     0.3830    0.4615    0.4186        39

    accuracy                         0.3568       185
   macro avg     0.3004    0.3321    0.2764       185
weighted avg     0.3363    0.3568    0.3203       185


========== Train Epoch 3 ==========
Loss: 1.284	Accuracy: 41.62%	Cost 29s
              precision    recall  f1-score   support

         bzx     0.2857    0.1935    0.2308        31
         cwx     0.2500    0.5909    0.3514        22
         hdx     0.2941    0.2941    0.2941        17
         mtx     0.0000    0.0000    0.0000        19
         nqx     0.0000    0.0000    0.0000        12
         qtx     0.7931    0.5111    0.6216        45
         zxx     0.4615    0.7692    0.5769        39

    accuracy                         0.4162       185
   macro avg     0.2978    0.3370    0.2964       185
weighted avg     0.3948    0.4162    0.3803       185


========== Train Epoch 4 ==========
/home/djy/anaconda3/envs/pytorch/lib/python3.7/site-packages/sklearn/metrics/_classification.py:1308: UndefinedMetricWarning: Precision and F-score are ill-defined and being set to 0.0 in labels with no predicted samples. Use `zero_division` parameter to control this behavior.
  _warn_prf(average, modifier, msg_start, len(result))
/home/djy/anaconda3/envs/pytorch/lib/python3.7/site-packages/sklearn/metrics/_classification.py:1308: UndefinedMetricWarning: Precision and F-score are ill-defined and being set to 0.0 in labels with no predicted samples. Use `zero_division` parameter to control this behavior.
  _warn_prf(average, modifier, msg_start, len(result))
/home/djy/anaconda3/envs/pytorch/lib/python3.7/site-packages/sklearn/metrics/_classification.py:1308: UndefinedMetricWarning: Precision and F-score are ill-defined and being set to 0.0 in labels with no predicted samples. Use `zero_division` parameter to control this behavior.
  _warn_prf(average, modifier, msg_start, len(result))
Loss: 0.974	Accuracy: 37.84%	Cost 29s
              precision    recall  f1-score   support

         bzx     0.3291    0.8387    0.4727        31
         cwx     1.0000    0.1364    0.2400        22
         hdx     0.0000    0.0000    0.0000        17
         mtx     0.3333    0.0526    0.0909        19
         nqx     0.2571    0.7500    0.3830        12
         qtx     0.4769    0.6889    0.5636        45
         zxx     0.0000    0.0000    0.0000        39

    accuracy                         0.3784       185
   macro avg     0.3424    0.3524    0.2500       185
weighted avg     0.3410    0.3784    0.2790       185


========== Train Epoch 5 ==========
/home/djy/anaconda3/envs/pytorch/lib/python3.7/site-packages/sklearn/metrics/_classification.py:1308: UndefinedMetricWarning: Precision and F-score are ill-defined and being set to 0.0 in labels with no predicted samples. Use `zero_division` parameter to control this behavior.
  _warn_prf(average, modifier, msg_start, len(result))
/home/djy/anaconda3/envs/pytorch/lib/python3.7/site-packages/sklearn/metrics/_classification.py:1308: UndefinedMetricWarning: Precision and F-score are ill-defined and being set to 0.0 in labels with no predicted samples. Use `zero_division` parameter to control this behavior.
  _warn_prf(average, modifier, msg_start, len(result))
/home/djy/anaconda3/envs/pytorch/lib/python3.7/site-packages/sklearn/metrics/_classification.py:1308: UndefinedMetricWarning: Precision and F-score are ill-defined and being set to 0.0 in labels with no predicted samples. Use `zero_division` parameter to control this behavior.
  _warn_prf(average, modifier, msg_start, len(result))
Loss: 0.615	Accuracy: 24.86%	Cost 29s
              precision    recall  f1-score   support

         bzx     0.1914    1.0000    0.3212        31
         cwx     0.0000    0.0000    0.0000        22
         hdx     0.0000    0.0000    0.0000        17
         mtx     0.0000    0.0000    0.0000        19
         nqx     0.0000    0.0000    0.0000        12
         qtx     0.5833    0.1556    0.2456        45
         zxx     0.7273    0.2051    0.3200        39

    accuracy                         0.2486       185
   macro avg     0.2146    0.1944    0.1267       185
weighted avg     0.3273    0.2486    0.1810       185


========== Train Epoch 6 ==========
/home/djy/anaconda3/envs/pytorch/lib/python3.7/site-packages/sklearn/metrics/_classification.py:1308: UndefinedMetricWarning: Precision and F-score are ill-defined and being set to 0.0 in labels with no predicted samples. Use `zero_division` parameter to control this behavior.
  _warn_prf(average, modifier, msg_start, len(result))
/home/djy/anaconda3/envs/pytorch/lib/python3.7/site-packages/sklearn/metrics/_classification.py:1308: UndefinedMetricWarning: Precision and F-score are ill-defined and being set to 0.0 in labels with no predicted samples. Use `zero_division` parameter to control this behavior.
  _warn_prf(average, modifier, msg_start, len(result))
/home/djy/anaconda3/envs/pytorch/lib/python3.7/site-packages/sklearn/metrics/_classification.py:1308: UndefinedMetricWarning: Precision and F-score are ill-defined and being set to 0.0 in labels with no predicted samples. Use `zero_division` parameter to control this behavior.
  _warn_prf(average, modifier, msg_start, len(result))
Loss: 0.300	Accuracy: 27.57%	Cost 30s
              precision    recall  f1-score   support

         bzx     0.0000    0.0000    0.0000        31
         cwx     0.3333    0.0455    0.0800        22
         hdx     0.0000    0.0000    0.0000        17
         mtx     0.6667    0.1053    0.1818        19
         nqx     0.6667    0.1667    0.2667        12
         qtx     0.7778    0.1556    0.2593        45
         zxx     0.2335    1.0000    0.3786        39

    accuracy                         0.2757       185
   macro avg     0.3826    0.2104    0.1666       185
weighted avg     0.3898    0.2757    0.1884       185


========== Train Epoch 7 ==========
/home/djy/anaconda3/envs/pytorch/lib/python3.7/site-packages/sklearn/metrics/_classification.py:1308: UndefinedMetricWarning: Precision and F-score are ill-defined and being set to 0.0 in labels with no predicted samples. Use `zero_division` parameter to control this behavior.
  _warn_prf(average, modifier, msg_start, len(result))
/home/djy/anaconda3/envs/pytorch/lib/python3.7/site-packages/sklearn/metrics/_classification.py:1308: UndefinedMetricWarning: Precision and F-score are ill-defined and being set to 0.0 in labels with no predicted samples. Use `zero_division` parameter to control this behavior.
  _warn_prf(average, modifier, msg_start, len(result))
/home/djy/anaconda3/envs/pytorch/lib/python3.7/site-packages/sklearn/metrics/_classification.py:1308: UndefinedMetricWarning: Precision and F-score are ill-defined and being set to 0.0 in labels with no predicted samples. Use `zero_division` parameter to control this behavior.
  _warn_prf(average, modifier, msg_start, len(result))
Loss: 0.164	Accuracy: 45.95%	Cost 29s
              precision    recall  f1-score   support

         bzx     0.0000    0.0000    0.0000        31
         cwx     0.3590    0.6364    0.4590        22
         hdx     0.5000    0.0588    0.1053        17
         mtx     0.2000    0.5789    0.2973        19
         nqx     0.4615    0.5000    0.4800        12
         qtx     0.7297    0.6000    0.6585        45
         zxx     0.6667    0.6667    0.6667        39

    accuracy                         0.4595       185
   macro avg     0.4167    0.4344    0.3810       185
weighted avg     0.4572    0.4595    0.4267       185


========== Train Epoch 8 ==========
/home/djy/anaconda3/envs/pytorch/lib/python3.7/site-packages/sklearn/metrics/_classification.py:1308: UndefinedMetricWarning: Precision and F-score are ill-defined and being set to 0.0 in labels with no predicted samples. Use `zero_division` parameter to control this behavior.
  _warn_prf(average, modifier, msg_start, len(result))
/home/djy/anaconda3/envs/pytorch/lib/python3.7/site-packages/sklearn/metrics/_classification.py:1308: UndefinedMetricWarning: Precision and F-score are ill-defined and being set to 0.0 in labels with no predicted samples. Use `zero_division` parameter to control this behavior.
  _warn_prf(average, modifier, msg_start, len(result))
/home/djy/anaconda3/envs/pytorch/lib/python3.7/site-packages/sklearn/metrics/_classification.py:1308: UndefinedMetricWarning: Precision and F-score are ill-defined and being set to 0.0 in labels with no predicted samples. Use `zero_division` parameter to control this behavior.
  _warn_prf(average, modifier, msg_start, len(result))
Loss: 0.113	Accuracy: 45.95%	Cost 29s
              precision    recall  f1-score   support

         bzx     1.0000    0.0323    0.0625        31
         cwx     0.4706    0.3636    0.4103        22
         hdx     0.3158    0.3529    0.3333        17
         mtx     0.4444    0.2105    0.2857        19
         nqx     0.8333    0.4167    0.5556        12
         qtx     0.5814    0.5556    0.5682        45
         zxx     0.4000    0.9231    0.5581        39

    accuracy                         0.4595       185
   macro avg     0.5779    0.4078    0.3962       185
weighted avg     0.5780    0.4595    0.4111       185


========== Train Epoch 9 ==========
Loss: 0.077	Accuracy: 45.95%	Cost 29s
              precision    recall  f1-score   support

         bzx     0.0000    0.0000    0.0000        31
         cwx     0.6923    0.4091    0.5143        22
         hdx     1.0000    0.0588    0.1111        17
         mtx     0.2692    0.3684    0.3111        19
         nqx     1.0000    0.3333    0.5000        12
         qtx     0.6750    0.6000    0.6353        45
         zxx     0.3663    0.9487    0.5286        39

    accuracy                         0.4595       185
   macro avg     0.5718    0.3883    0.3715       185
weighted avg     0.5082    0.4595    0.4017       185


========== Train Epoch 10 ==========
/home/djy/anaconda3/envs/pytorch/lib/python3.7/site-packages/sklearn/metrics/_classification.py:1308: UndefinedMetricWarning: Precision and F-score are ill-defined and being set to 0.0 in labels with no predicted samples. Use `zero_division` parameter to control this behavior.
  _warn_prf(average, modifier, msg_start, len(result))
/home/djy/anaconda3/envs/pytorch/lib/python3.7/site-packages/sklearn/metrics/_classification.py:1308: UndefinedMetricWarning: Precision and F-score are ill-defined and being set to 0.0 in labels with no predicted samples. Use `zero_division` parameter to control this behavior.
  _warn_prf(average, modifier, msg_start, len(result))
/home/djy/anaconda3/envs/pytorch/lib/python3.7/site-packages/sklearn/metrics/_classification.py:1308: UndefinedMetricWarning: Precision and F-score are ill-defined and being set to 0.0 in labels with no predicted samples. Use `zero_division` parameter to control this behavior.
  _warn_prf(average, modifier, msg_start, len(result))
Loss: 0.069	Accuracy: 48.65%	Cost 29s
              precision    recall  f1-score   support

         bzx     0.3750    0.3871    0.3810        31
         cwx     0.6000    0.2727    0.3750        22
         hdx     0.2273    0.2941    0.2564        17
         mtx     0.5000    0.0526    0.0952        19
         nqx     0.2619    0.9167    0.4074        12
         qtx     0.6818    0.6667    0.6742        45
         zxx     0.7576    0.6410    0.6944        39

    accuracy                         0.4865       185
   macro avg     0.4862    0.4616    0.4119       185
weighted avg     0.5490    0.4865    0.4786       185


========== Train Epoch 11 ==========
Loss: 0.053	Accuracy: 51.89%	Cost 29s
              precision    recall  f1-score   support

         bzx     0.7778    0.2258    0.3500        31
         cwx     0.3929    0.5000    0.4400        22
         hdx     0.1860    0.4706    0.2667        17
         mtx     0.4000    0.3158    0.3529        19
         nqx     0.5556    0.4167    0.4762        12
         qtx     0.8056    0.6444    0.7160        45
         zxx     0.6667    0.7692    0.7143        39

    accuracy                         0.5189       185
   macro avg     0.5406    0.4775    0.4737       185
weighted avg     0.6077    0.5189    0.5274       185


========== Train Epoch 12 ==========
Loss: 0.056	Accuracy: 49.19%	Cost 28s
              precision    recall  f1-score   support

         bzx     0.4444    0.5161    0.4776        31
         cwx     0.3590    0.6364    0.4590        22
         hdx     0.2424    0.4706    0.3200        17
         mtx     0.2000    0.1053    0.1379        19
         nqx     1.0000    0.2500    0.4000        12
         qtx     0.9545    0.4667    0.6269        45
         zxx     0.6429    0.6923    0.6667        39

    accuracy                         0.4919       185
   macro avg     0.5490    0.4482    0.4412       185
weighted avg     0.5926    0.4919    0.4972       185


========== Train Epoch 13 ==========
Loss: 0.054	Accuracy: 40.00%	Cost 30s
              precision    recall  f1-score   support

         bzx     0.3333    0.0323    0.0588        31
         cwx     0.7143    0.2273    0.3448        22
         hdx     0.2500    0.0588    0.0952        17
         mtx     0.6667    0.1053    0.1818        19
         nqx     0.2222    0.6667    0.3333        12
         qtx     0.7600    0.4222    0.5429        45
         zxx     0.3551    0.9744    0.5205        39

    accuracy                         0.4000       185
   macro avg     0.4717    0.3553    0.2968       185
weighted avg     0.5064    0.4000    0.3417       185


========== Train Epoch 14 ==========
Loss: 0.052	Accuracy: 30.27%	Cost 30s
              precision    recall  f1-score   support

         bzx     0.0000    0.0000    0.0000        31
         cwx     0.5714    0.1818    0.2759        22
         hdx     0.5000    0.1176    0.1905        17
         mtx     0.2308    0.1579    0.1875        19
         nqx     0.0000    0.0000    0.0000        12
         qtx     1.0000    0.1778    0.3019        45
         zxx     0.2566    1.0000    0.4084        39

    accuracy                         0.3027       185
   macro avg     0.3655    0.2336    0.1949       185
weighted avg     0.4349    0.3027    0.2291       185


========== Train Epoch 15 ==========
/home/djy/anaconda3/envs/pytorch/lib/python3.7/site-packages/sklearn/metrics/_classification.py:1308: UndefinedMetricWarning: Precision and F-score are ill-defined and being set to 0.0 in labels with no predicted samples. Use `zero_division` parameter to control this behavior.
  _warn_prf(average, modifier, msg_start, len(result))
/home/djy/anaconda3/envs/pytorch/lib/python3.7/site-packages/sklearn/metrics/_classification.py:1308: UndefinedMetricWarning: Precision and F-score are ill-defined and being set to 0.0 in labels with no predicted samples. Use `zero_division` parameter to control this behavior.
  _warn_prf(average, modifier, msg_start, len(result))
/home/djy/anaconda3/envs/pytorch/lib/python3.7/site-packages/sklearn/metrics/_classification.py:1308: UndefinedMetricWarning: Precision and F-score are ill-defined and being set to 0.0 in labels with no predicted samples. Use `zero_division` parameter to control this behavior.
  _warn_prf(average, modifier, msg_start, len(result))
Loss: 0.044	Accuracy: 51.35%	Cost 29s
              precision    recall  f1-score   support

         bzx     0.6190    0.4194    0.5000        31
         cwx     0.3438    0.5000    0.4074        22
         hdx     0.2857    0.2353    0.2581        17
         mtx     0.5000    0.2105    0.2963        19
         nqx     0.3000    0.5000    0.3750        12
         qtx     0.5714    0.7111    0.6337        45
         zxx     0.7353    0.6410    0.6849        39

    accuracy                         0.5135       185
   macro avg     0.4793    0.4596    0.4508       185
weighted avg     0.5357    0.5135    0.5092       185


========== Train Epoch 16 ==========
Loss: 0.034	Accuracy: 51.89%	Cost 28s
              precision    recall  f1-score   support

         bzx     0.4857    0.5484    0.5152        31
         cwx     0.6250    0.4545    0.5263        22
         hdx     0.2000    0.0588    0.0909        17
         mtx     0.2667    0.2105    0.2353        19
         nqx     0.5385    0.5833    0.5600        12
         qtx     0.4848    0.7111    0.5766        45
         zxx     0.7143    0.6410    0.6757        39

    accuracy                         0.5189       185
   macro avg     0.4736    0.4583    0.4543       185
weighted avg     0.5049    0.5189    0.5004       185


========== Train Epoch 17 ==========
Loss: 0.028	Accuracy: 45.41%	Cost 29s
              precision    recall  f1-score   support

         bzx     0.0000    0.0000    0.0000        31
         cwx     0.3846    0.4545    0.4167        22
         hdx     0.2424    0.4706    0.3200        17
         mtx     0.4000    0.2105    0.2759        19
         nqx     0.5556    0.4167    0.4762        12
         qtx     0.8462    0.4889    0.6197        45
         zxx     0.4321    0.8974    0.5833        39

    accuracy                         0.4541       185
   macro avg     0.4087    0.4198    0.3845       185
weighted avg     0.4420    0.4541    0.4119       185


========== Train Epoch 18 ==========
/home/djy/anaconda3/envs/pytorch/lib/python3.7/site-packages/sklearn/metrics/_classification.py:1308: UndefinedMetricWarning: Precision and F-score are ill-defined and being set to 0.0 in labels with no predicted samples. Use `zero_division` parameter to control this behavior.
  _warn_prf(average, modifier, msg_start, len(result))
/home/djy/anaconda3/envs/pytorch/lib/python3.7/site-packages/sklearn/metrics/_classification.py:1308: UndefinedMetricWarning: Precision and F-score are ill-defined and being set to 0.0 in labels with no predicted samples. Use `zero_division` parameter to control this behavior.
  _warn_prf(average, modifier, msg_start, len(result))
/home/djy/anaconda3/envs/pytorch/lib/python3.7/site-packages/sklearn/metrics/_classification.py:1308: UndefinedMetricWarning: Precision and F-score are ill-defined and being set to 0.0 in labels with no predicted samples. Use `zero_division` parameter to control this behavior.
  _warn_prf(average, modifier, msg_start, len(result))
Loss: 0.028	Accuracy: 47.03%	Cost 31s
              precision    recall  f1-score   support

         bzx     0.5000    0.4516    0.4746        31
         cwx     0.3929    0.5000    0.4400        22
         hdx     0.2222    0.4706    0.3019        17
         mtx     0.2000    0.0526    0.0833        19
         nqx     0.5455    0.5000    0.5217        12
         qtx     0.8095    0.3778    0.5152        45
         zxx     0.5357    0.7692    0.6316        39

    accuracy                         0.4703       185
   macro avg     0.4580    0.4460    0.4240       185
weighted avg     0.5167    0.4703    0.4604       185


========== Train Epoch 19 ==========
Loss: 0.027	Accuracy: 44.32%	Cost 30s
              precision    recall  f1-score   support

         bzx     0.7500    0.0968    0.1714        31
         cwx     0.4500    0.4091    0.4286        22
         hdx     0.2500    0.0588    0.0952        17
         mtx     0.3000    0.1579    0.2069        19
         nqx     0.5000    0.4167    0.4545        12
         qtx     0.3761    0.9111    0.5325        45
         zxx     0.7143    0.5128    0.5970        39

    accuracy                         0.4432       185
   macro avg     0.4772    0.3662    0.3552       185
weighted avg     0.5075    0.4432    0.3946       185


========== Train Epoch 20 ==========
Loss: 0.023	Accuracy: 54.05%	Cost 32s
              precision    recall  f1-score   support

         bzx     0.4872    0.6129    0.5429        31
         cwx     0.5263    0.4545    0.4878        22
         hdx     0.3462    0.5294    0.4186        17
         mtx     0.0000    0.0000    0.0000        19
         nqx     0.4444    0.6667    0.5333        12
         qtx     0.8333    0.5556    0.6667        45
         zxx     0.5472    0.7436    0.6304        39

    accuracy                         0.5405       185
   macro avg     0.4549    0.5090    0.4685       185
weighted avg     0.5229    0.5405    0.5171       185


========== Train Epoch 21 ==========
/home/djy/anaconda3/envs/pytorch/lib/python3.7/site-packages/sklearn/metrics/_classification.py:1308: UndefinedMetricWarning: Precision and F-score are ill-defined and being set to 0.0 in labels with no predicted samples. Use `zero_division` parameter to control this behavior.
  _warn_prf(average, modifier, msg_start, len(result))
/home/djy/anaconda3/envs/pytorch/lib/python3.7/site-packages/sklearn/metrics/_classification.py:1308: UndefinedMetricWarning: Precision and F-score are ill-defined and being set to 0.0 in labels with no predicted samples. Use `zero_division` parameter to control this behavior.
  _warn_prf(average, modifier, msg_start, len(result))
/home/djy/anaconda3/envs/pytorch/lib/python3.7/site-packages/sklearn/metrics/_classification.py:1308: UndefinedMetricWarning: Precision and F-score are ill-defined and being set to 0.0 in labels with no predicted samples. Use `zero_division` parameter to control this behavior.
  _warn_prf(average, modifier, msg_start, len(result))
Loss: 0.018	Accuracy: 51.89%	Cost 30s
              precision    recall  f1-score   support

         bzx     0.7143    0.1613    0.2632        31
         cwx     0.5833    0.3182    0.4118        22
         hdx     0.2500    0.7059    0.3692        17
         mtx     0.4286    0.1579    0.2308        19
         nqx     0.6154    0.6667    0.6400        12
         qtx     0.8667    0.5778    0.6933        45
         zxx     0.5147    0.8974    0.6542        39

    accuracy                         0.5189       185
   macro avg     0.5676    0.4979    0.4661       185
weighted avg     0.6153    0.5189    0.4988       185


========== Train Epoch 22 ==========
Loss: 0.017	Accuracy: 52.97%	Cost 28s
              precision    recall  f1-score   support

         bzx     0.5882    0.3226    0.4167        31
         cwx     0.4000    0.5455    0.4615        22
         hdx     0.4545    0.2941    0.3571        17
         mtx     0.2857    0.1053    0.1538        19
         nqx     0.5714    0.3333    0.4211        12
         qtx     0.6226    0.7333    0.6735        45
         zxx     0.5333    0.8205    0.6465        39

    accuracy                         0.5297       185
   macro avg     0.4937    0.4507    0.4472       185
weighted avg     0.5182    0.5297    0.5007       185


========== Train Epoch 23 ==========
Loss: 0.022	Accuracy: 51.35%	Cost 30s
              precision    recall  f1-score   support

         bzx     0.3696    0.5484    0.4416        31
         cwx     0.6667    0.3636    0.4706        22
         hdx     0.2727    0.3529    0.3077        17
         mtx     0.0000    0.0000    0.0000        19
         nqx     0.5385    0.5833    0.5600        12
         qtx     0.6667    0.6667    0.6667        45
         zxx     0.6429    0.6923    0.6667        39

    accuracy                         0.5135       185
   macro avg     0.4510    0.4582    0.4447       185
weighted avg     0.4989    0.5135    0.4973       185


========== Train Epoch 24 ==========
Loss: 0.018	Accuracy: 56.76%	Cost 30s
              precision    recall  f1-score   support

         bzx     0.5909    0.4194    0.4906        31
         cwx     0.5714    0.3636    0.4444        22
         hdx     0.3077    0.2353    0.2667        17
         mtx     0.5000    0.2632    0.3448        19
         nqx     0.5000    0.5000    0.5000        12
         qtx     0.5507    0.8444    0.6667        45
         zxx     0.6889    0.7949    0.7381        39

    accuracy                         0.5676       185
   macro avg     0.5299    0.4887    0.4930       185
weighted avg     0.5582    0.5676    0.5452       185


========== Train Epoch 25 ==========
Loss: 0.016	Accuracy: 51.89%	Cost 29s
              precision    recall  f1-score   support

         bzx     0.3846    0.6452    0.4819        31
         cwx     0.5000    0.4545    0.4762        22
         hdx     0.3103    0.5294    0.3913        17
         mtx     0.4286    0.1579    0.2308        19
         nqx     0.5385    0.5833    0.5600        12
         qtx     0.8750    0.4667    0.6087        45
         zxx     0.6500    0.6667    0.6582        39

    accuracy                         0.5189       185
   macro avg     0.5267    0.5005    0.4867       185
weighted avg     0.5812    0.5189    0.5202       185


========== Train Epoch 26 ==========
Loss: 0.018	Accuracy: 48.65%	Cost 29s
              precision    recall  f1-score   support

         bzx     0.0000    0.0000    0.0000        31
         cwx     0.4074    0.5000    0.4490        22
         hdx     0.3077    0.2353    0.2667        17
         mtx     0.3529    0.3158    0.3333        19
         nqx     0.4286    0.7500    0.5455        12
         qtx     0.7429    0.5778    0.6500        45
         zxx     0.4722    0.8718    0.6126        39

    accuracy                         0.4865       185
   macro avg     0.3874    0.4644    0.4081       185
weighted avg     0.4210    0.4865    0.4348       185


========== Train Epoch 27 ==========
/home/djy/anaconda3/envs/pytorch/lib/python3.7/site-packages/sklearn/metrics/_classification.py:1308: UndefinedMetricWarning: Precision and F-score are ill-defined and being set to 0.0 in labels with no predicted samples. Use `zero_division` parameter to control this behavior.
  _warn_prf(average, modifier, msg_start, len(result))
/home/djy/anaconda3/envs/pytorch/lib/python3.7/site-packages/sklearn/metrics/_classification.py:1308: UndefinedMetricWarning: Precision and F-score are ill-defined and being set to 0.0 in labels with no predicted samples. Use `zero_division` parameter to control this behavior.
  _warn_prf(average, modifier, msg_start, len(result))
/home/djy/anaconda3/envs/pytorch/lib/python3.7/site-packages/sklearn/metrics/_classification.py:1308: UndefinedMetricWarning: Precision and F-score are ill-defined and being set to 0.0 in labels with no predicted samples. Use `zero_division` parameter to control this behavior.
  _warn_prf(average, modifier, msg_start, len(result))
Loss: 0.019	Accuracy: 55.14%	Cost 30s
              precision    recall  f1-score   support

         bzx     0.5484    0.5484    0.5484        31
         cwx     0.5714    0.3636    0.4444        22
         hdx     0.3077    0.2353    0.2667        17
         mtx     0.4444    0.2105    0.2857        19
         nqx     0.4667    0.5833    0.5185        12
         qtx     0.5574    0.7556    0.6415        45
         zxx     0.6667    0.7179    0.6914        39

    accuracy                         0.5514       185
   macro avg     0.5090    0.4878    0.4852       185
weighted avg     0.5402    0.5514    0.5340       185


========== Train Epoch 28 ==========
Loss: 0.013	Accuracy: 52.43%	Cost 31s
              precision    recall  f1-score   support

         bzx     0.5556    0.1613    0.2500        31
         cwx     0.7273    0.3636    0.4848        22
         hdx     0.3529    0.3529    0.3529        17
         mtx     0.5000    0.3158    0.3871        19
         nqx     0.5000    0.6667    0.5714        12
         qtx     0.5690    0.7333    0.6408        45
         zxx     0.5000    0.7949    0.6139        39

    accuracy                         0.5243       185
   macro avg     0.5292    0.4841    0.4716       185
weighted avg     0.5396    0.5243    0.4941       185


========== Train Epoch 29 ==========
Loss: 0.015	Accuracy: 51.89%	Cost 30s
              precision    recall  f1-score   support

         bzx     0.3953    0.5484    0.4595        31
         cwx     0.4074    0.5000    0.4490        22
         hdx     0.3182    0.4118    0.3590        17
         mtx     0.2222    0.1053    0.1429        19
         nqx     0.5385    0.5833    0.5600        12
         qtx     0.7297    0.6000    0.6585        45
         zxx     0.7353    0.6410    0.6849        39

    accuracy                         0.5189       185
   macro avg     0.4781    0.4843    0.4734       185
weighted avg     0.5342    0.5189    0.5189       185


========== Train Epoch 30 ==========
Loss: 0.012	Accuracy: 48.65%	Cost 29s
              precision    recall  f1-score   support

         bzx     0.3273    0.5806    0.4186        31
         cwx     0.6154    0.3636    0.4571        22
         hdx     0.3000    0.3529    0.3243        17
         mtx     0.2500    0.0526    0.0870        19
         nqx     0.5000    0.5000    0.5000        12
         qtx     0.5714    0.7111    0.6337        45
         zxx     0.7600    0.4872    0.5938        39

    accuracy                         0.4865       185
   macro avg     0.4749    0.4354    0.4306       185
weighted avg     0.5129    0.4865    0.4750       185


========== Train Epoch 31 ==========
Loss: 0.017	Accuracy: 44.86%	Cost 28s
              precision    recall  f1-score   support

         bzx     0.0000    0.0000    0.0000        31
         cwx     0.2807    0.7273    0.4051        22
         hdx     0.3636    0.2353    0.2857        17
         mtx     0.5000    0.0526    0.0952        19
         nqx     0.7500    0.2500    0.3750        12
         qtx     0.7812    0.5556    0.6494        45
         zxx     0.4304    0.8718    0.5763        39

    accuracy                         0.4486       185
   macro avg     0.4437    0.3846    0.3409       185
weighted avg     0.4476    0.4486    0.3880       185


========== Train Epoch 32 ==========
/home/djy/anaconda3/envs/pytorch/lib/python3.7/site-packages/sklearn/metrics/_classification.py:1308: UndefinedMetricWarning: Precision and F-score are ill-defined and being set to 0.0 in labels with no predicted samples. Use `zero_division` parameter to control this behavior.
  _warn_prf(average, modifier, msg_start, len(result))
/home/djy/anaconda3/envs/pytorch/lib/python3.7/site-packages/sklearn/metrics/_classification.py:1308: UndefinedMetricWarning: Precision and F-score are ill-defined and being set to 0.0 in labels with no predicted samples. Use `zero_division` parameter to control this behavior.
  _warn_prf(average, modifier, msg_start, len(result))
/home/djy/anaconda3/envs/pytorch/lib/python3.7/site-packages/sklearn/metrics/_classification.py:1308: UndefinedMetricWarning: Precision and F-score are ill-defined and being set to 0.0 in labels with no predicted samples. Use `zero_division` parameter to control this behavior.
  _warn_prf(average, modifier, msg_start, len(result))
Loss: 0.011	Accuracy: 52.43%	Cost 30s
              precision    recall  f1-score   support

         bzx     0.5000    0.3548    0.4151        31
         cwx     0.6667    0.4545    0.5405        22
         hdx     0.2308    0.3529    0.2791        17
         mtx     0.2500    0.1053    0.1481        19
         nqx     0.6364    0.5833    0.6087        12
         qtx     0.7073    0.6444    0.6744        45
         zxx     0.5161    0.8205    0.6337        39

    accuracy                         0.5243       185
   macro avg     0.5010    0.4737    0.4714       185
weighted avg     0.5321    0.5243    0.5118       185


========== Train Epoch 33 ==========
Loss: 0.016	Accuracy: 48.65%	Cost 29s
              precision    recall  f1-score   support

         bzx     1.0000    0.0323    0.0625        31
         cwx     0.5500    0.5000    0.5238        22
         hdx     0.2857    0.1176    0.1667        17
         mtx     0.3636    0.4211    0.3902        19
         nqx     0.6250    0.4167    0.5000        12
         qtx     0.6667    0.6222    0.6437        45
         zxx     0.4118    0.8974    0.5645        39

    accuracy                         0.4865       185
   macro avg     0.5575    0.4296    0.4073       185
weighted avg     0.5861    0.4865    0.4362       185


========== Train Epoch 34 ==========
Loss: 0.014	Accuracy: 52.97%	Cost 29s
              precision    recall  f1-score   support

         bzx     0.3636    0.6452    0.4651        31
         cwx     0.8000    0.3636    0.5000        22
         hdx     0.2750    0.6471    0.3860        17
         mtx     0.0000    0.0000    0.0000        19
         nqx     0.6667    0.6667    0.6667        12
         qtx     0.7317    0.6667    0.6977        45
         zxx     0.8750    0.5385    0.6667        39

    accuracy                         0.5297       185
   macro avg     0.5303    0.5040    0.4832       185
weighted avg     0.5870    0.5297    0.5264       185


========== Train Epoch 35 ==========
Loss: 0.017	Accuracy: 53.51%	Cost 29s
              precision    recall  f1-score   support

         bzx     0.3958    0.6129    0.4810        31
         cwx     0.5882    0.4545    0.5128        22
         hdx     0.3077    0.2353    0.2667        17
         mtx     0.2500    0.1053    0.1481        19
         nqx     0.4375    0.5833    0.5000        12
         qtx     0.6905    0.6444    0.6667        45
         zxx     0.6829    0.7179    0.7000        39

    accuracy                         0.5351       185
   macro avg     0.4790    0.4791    0.4679       185
weighted avg     0.5305    0.5351    0.5235       185


========== Train Epoch 36 ==========
Loss: 0.012	Accuracy: 51.35%	Cost 29s
              precision    recall  f1-score   support

         bzx     0.5000    0.2258    0.3111        31
         cwx     0.5238    0.5000    0.5116        22
         hdx     0.3333    0.2941    0.3125        17
         mtx     0.3333    0.0526    0.0909        19
         nqx     0.4615    0.5000    0.4800        12
         qtx     0.5690    0.7333    0.6408        45
         zxx     0.5246    0.8205    0.6400        39

    accuracy                         0.5135       185
   macro avg     0.4637    0.4466    0.4267       185
weighted avg     0.4899    0.5135    0.4729       185


========== Train Epoch 37 ==========
Loss: 0.014	Accuracy: 51.35%	Cost 30s
              precision    recall  f1-score   support

         bzx     0.4444    0.2581    0.3265        31
         cwx     0.4400    0.5000    0.4681        22
         hdx     0.2800    0.4118    0.3333        17
         mtx     0.2222    0.1053    0.1429        19
         nqx     0.5833    0.5833    0.5833        12
         qtx     0.8182    0.6000    0.6923        45
         zxx     0.5238    0.8462    0.6471        39

    accuracy                         0.5135       185
   macro avg     0.4731    0.4721    0.4562       185
weighted avg     0.5226    0.5135    0.4983       185


========== Train Epoch 38 ==========
Loss: 0.011	Accuracy: 53.51%	Cost 30s
              precision    recall  f1-score   support

         bzx     0.5217    0.3871    0.4444        31
         cwx     0.5000    0.5000    0.5000        22
         hdx     0.3333    0.1765    0.2308        17
         mtx     0.4167    0.2632    0.3226        19
         nqx     0.4000    0.5000    0.4444        12
         qtx     0.5224    0.7778    0.6250        45
         zxx     0.7297    0.6923    0.7105        39

    accuracy                         0.5351       185
   macro avg     0.4891    0.4710    0.4683       185
weighted avg     0.5272    0.5351    0.5189       185


========== Train Epoch 39 ==========
Loss: 0.014	Accuracy: 52.43%	Cost 31s
              precision    recall  f1-score   support

         bzx     0.3673    0.5806    0.4500        31
         cwx     0.8889    0.3636    0.5161        22
         hdx     0.3333    0.1765    0.2308        17
         mtx     0.3846    0.2632    0.3125        19
         nqx     0.6000    0.2500    0.3529        12
         qtx     0.6829    0.6222    0.6512        45
         zxx     0.5424    0.8205    0.6531        39

    accuracy                         0.5243       185
   macro avg     0.5428    0.4395    0.4524       185
weighted avg     0.5568    0.5243    0.5090       185


========== Train Epoch 40 ==========
Loss: 0.014	Accuracy: 52.97%	Cost 29s
              precision    recall  f1-score   support

         bzx     1.0000    0.0645    0.1212        31
         cwx     0.4231    0.5000    0.4583        22
         hdx     0.3333    0.4706    0.3902        17
         mtx     0.5714    0.2105    0.3077        19
         nqx     0.4118    0.5833    0.4828        12
         qtx     0.7021    0.7333    0.7174        45
         zxx     0.5323    0.8462    0.6535        39

    accuracy                         0.5297       185
   macro avg     0.5677    0.4869    0.4473       185
weighted avg     0.6169    0.5297    0.4858       185


========== Train Epoch 41 ==========
Loss: 0.011	Accuracy: 52.43%	Cost 30s
              precision    recall  f1-score   support

         bzx     0.4074    0.3548    0.3793        31
         cwx     0.6429    0.4091    0.5000        22
         hdx     0.4615    0.3529    0.4000        17
         mtx     0.2500    0.0526    0.0870        19
         nqx     0.7500    0.5000    0.6000        12
         qtx     0.5517    0.7111    0.6214        45
         zxx     0.5246    0.8205    0.6400        39

    accuracy                         0.5243       185
   macro avg     0.5126    0.4573    0.4611       185
weighted avg     0.5062    0.5243    0.4937       185


========== Train Epoch 42 ==========
Loss: 0.014	Accuracy: 55.68%	Cost 31s
              precision    recall  f1-score   support

         bzx     0.4375    0.4516    0.4444        31
         cwx     0.6111    0.5000    0.5500        22
         hdx     0.3478    0.4706    0.4000        17
         mtx     0.2500    0.0526    0.0870        19
         nqx     0.5333    0.6667    0.5926        12
         qtx     0.8485    0.6222    0.7179        45
         zxx     0.5500    0.8462    0.6667        39

    accuracy                         0.5568       185
   macro avg     0.5112    0.5157    0.4941       185
weighted avg     0.5606    0.5568    0.5392       185


========== Train Epoch 43 ==========
Loss: 0.015	Accuracy: 52.43%	Cost 30s
              precision    recall  f1-score   support

         bzx     1.0000    0.1290    0.2286        31
         cwx     0.5238    0.5000    0.5116        22
         hdx     0.1667    0.0588    0.0870        17
         mtx     0.2973    0.5789    0.3929        19
         nqx     0.6000    0.5000    0.5455        12
         qtx     0.5469    0.7778    0.6422        45
         zxx     0.6744    0.7436    0.7073        39

    accuracy                         0.5243       185
   macro avg     0.5442    0.4697    0.4450       185
weighted avg     0.5898    0.5243    0.4882       185


========== Train Epoch 44 ==========
Loss: 0.016	Accuracy: 45.41%	Cost 29s
              precision    recall  f1-score   support

         bzx     0.3871    0.3871    0.3871        31
         cwx     0.2192    0.7273    0.3368        22
         hdx     1.0000    0.1765    0.3000        17
         mtx     0.0000    0.0000    0.0000        19
         nqx     0.5000    0.5000    0.5000        12
         qtx     0.8750    0.3111    0.4590        45
         zxx     0.6875    0.8462    0.7586        39

    accuracy                         0.4541       185
   macro avg     0.5241    0.4212    0.3917       185
weighted avg     0.5730    0.4541    0.4365       185


========== Train Epoch 45 ==========
Loss: 0.013	Accuracy: 50.81%	Cost 30s
              precision    recall  f1-score   support

         bzx     0.5000    0.0323    0.0606        31
         cwx     0.7000    0.3182    0.4375        22
         hdx     0.3125    0.2941    0.3030        17
         mtx     0.3478    0.4211    0.3810        19
         nqx     0.3333    0.6667    0.4444        12
         qtx     0.6034    0.7778    0.6796        45
         zxx     0.5769    0.7692    0.6593        39

    accuracy                         0.5081       185
   macro avg     0.4820    0.4685    0.4236       185
weighted avg     0.5215    0.5081    0.4623       185


========== Train Epoch 46 ==========
Loss: 0.015	Accuracy: 43.24%	Cost 30s
              precision    recall  f1-score   support

         bzx     0.2927    0.7742    0.4248        31
         cwx     0.6667    0.0909    0.1600        22
         hdx     0.2308    0.1765    0.2000        17
         mtx     0.0000    0.0000    0.0000        19
         nqx     1.0000    0.0833    0.1538        12
         qtx     0.8636    0.4222    0.5672        45
         zxx     0.4844    0.7949    0.6019        39

    accuracy                         0.4324       185
   macro avg     0.5054    0.3346    0.3011       185
weighted avg     0.5266    0.4324    0.3834       185


========== Train Epoch 47 ==========
/home/djy/anaconda3/envs/pytorch/lib/python3.7/site-packages/sklearn/metrics/_classification.py:1308: UndefinedMetricWarning: Precision and F-score are ill-defined and being set to 0.0 in labels with no predicted samples. Use `zero_division` parameter to control this behavior.
  _warn_prf(average, modifier, msg_start, len(result))
/home/djy/anaconda3/envs/pytorch/lib/python3.7/site-packages/sklearn/metrics/_classification.py:1308: UndefinedMetricWarning: Precision and F-score are ill-defined and being set to 0.0 in labels with no predicted samples. Use `zero_division` parameter to control this behavior.
  _warn_prf(average, modifier, msg_start, len(result))
/home/djy/anaconda3/envs/pytorch/lib/python3.7/site-packages/sklearn/metrics/_classification.py:1308: UndefinedMetricWarning: Precision and F-score are ill-defined and being set to 0.0 in labels with no predicted samples. Use `zero_division` parameter to control this behavior.
  _warn_prf(average, modifier, msg_start, len(result))
Loss: 0.278	Accuracy: 17.30%	Cost 30s
              precision    recall  f1-score   support

         bzx     0.0000    0.0000    0.0000        31
         cwx     0.0000    0.0000    0.0000        22
         hdx     0.0000    0.0000    0.0000        17
         mtx     0.0000    0.0000    0.0000        19
         nqx     0.0902    1.0000    0.1655        12
         qtx     0.0000    0.0000    0.0000        45
         zxx     0.3846    0.5128    0.4396        39

    accuracy                         0.1730       185
   macro avg     0.0678    0.2161    0.0864       185
weighted avg     0.0869    0.1730    0.1034       185


========== Train Epoch 48 ==========
/home/djy/anaconda3/envs/pytorch/lib/python3.7/site-packages/sklearn/metrics/_classification.py:1308: UndefinedMetricWarning: Precision and F-score are ill-defined and being set to 0.0 in labels with no predicted samples. Use `zero_division` parameter to control this behavior.
  _warn_prf(average, modifier, msg_start, len(result))
/home/djy/anaconda3/envs/pytorch/lib/python3.7/site-packages/sklearn/metrics/_classification.py:1308: UndefinedMetricWarning: Precision and F-score are ill-defined and being set to 0.0 in labels with no predicted samples. Use `zero_division` parameter to control this behavior.
  _warn_prf(average, modifier, msg_start, len(result))
/home/djy/anaconda3/envs/pytorch/lib/python3.7/site-packages/sklearn/metrics/_classification.py:1308: UndefinedMetricWarning: Precision and F-score are ill-defined and being set to 0.0 in labels with no predicted samples. Use `zero_division` parameter to control this behavior.
  _warn_prf(average, modifier, msg_start, len(result))
Loss: 1.291	Accuracy: 25.95%	Cost 29s
              precision    recall  f1-score   support

         bzx     0.2812    0.8710    0.4252        31
         cwx     0.2254    0.7273    0.3441        22
         hdx     0.3333    0.0588    0.1000        17
         mtx     0.0000    0.0000    0.0000        19
         nqx     0.2667    0.3333    0.2963        12
         qtx     0.0000    0.0000    0.0000        45
         zxx     0.0000    0.0000    0.0000        39

    accuracy                         0.2595       185
   macro avg     0.1581    0.2843    0.1665       185
weighted avg     0.1219    0.2595    0.1406       185


========== Train Epoch 49 ==========
/home/djy/anaconda3/envs/pytorch/lib/python3.7/site-packages/sklearn/metrics/_classification.py:1308: UndefinedMetricWarning: Precision and F-score are ill-defined and being set to 0.0 in labels with no predicted samples. Use `zero_division` parameter to control this behavior.
  _warn_prf(average, modifier, msg_start, len(result))
/home/djy/anaconda3/envs/pytorch/lib/python3.7/site-packages/sklearn/metrics/_classification.py:1308: UndefinedMetricWarning: Precision and F-score are ill-defined and being set to 0.0 in labels with no predicted samples. Use `zero_division` parameter to control this behavior.
  _warn_prf(average, modifier, msg_start, len(result))
/home/djy/anaconda3/envs/pytorch/lib/python3.7/site-packages/sklearn/metrics/_classification.py:1308: UndefinedMetricWarning: Precision and F-score are ill-defined and being set to 0.0 in labels with no predicted samples. Use `zero_division` parameter to control this behavior.
  _warn_prf(average, modifier, msg_start, len(result))
Loss: 0.615	Accuracy: 28.11%	Cost 29s
              precision    recall  f1-score   support

         bzx     0.0000    0.0000    0.0000        31
         cwx     1.0000    0.0909    0.1667        22
         hdx     0.0000    0.0000    0.0000        17
         mtx     0.1333    0.3158    0.1875        19
         nqx     0.0000    0.0000    0.0000        12
         qtx     0.3162    0.8222    0.4568        45
         zxx     0.8750    0.1795    0.2979        39

    accuracy                         0.2811       185
   macro avg     0.3321    0.2012    0.1584       185
weighted avg     0.3940    0.2811    0.2130       185


========== Train Epoch 50 ==========
/home/djy/anaconda3/envs/pytorch/lib/python3.7/site-packages/sklearn/metrics/_classification.py:1308: UndefinedMetricWarning: Precision and F-score are ill-defined and being set to 0.0 in labels with no predicted samples. Use `zero_division` parameter to control this behavior.
  _warn_prf(average, modifier, msg_start, len(result))
/home/djy/anaconda3/envs/pytorch/lib/python3.7/site-packages/sklearn/metrics/_classification.py:1308: UndefinedMetricWarning: Precision and F-score are ill-defined and being set to 0.0 in labels with no predicted samples. Use `zero_division` parameter to control this behavior.
  _warn_prf(average, modifier, msg_start, len(result))
/home/djy/anaconda3/envs/pytorch/lib/python3.7/site-packages/sklearn/metrics/_classification.py:1308: UndefinedMetricWarning: Precision and F-score are ill-defined and being set to 0.0 in labels with no predicted samples. Use `zero_division` parameter to control this behavior.
  _warn_prf(average, modifier, msg_start, len(result))
Loss: 0.205	Accuracy: 35.68%	Cost 28s
              precision    recall  f1-score   support

         bzx     0.3125    0.4839    0.3797        31
         cwx     0.2459    0.6818    0.3614        22
         hdx     0.3000    0.3529    0.3243        17
         mtx     0.0000    0.0000    0.0000        19
         nqx     0.3333    0.0833    0.1333        12
         qtx     0.5000    0.3556    0.4156        45
         zxx     0.6190    0.3333    0.4333        39

    accuracy                         0.3568       185
   macro avg     0.3301    0.3273    0.2925       185
weighted avg     0.3829    0.3568    0.3375       185


========== Train Epoch 51 ==========
/home/djy/anaconda3/envs/pytorch/lib/python3.7/site-packages/sklearn/metrics/_classification.py:1308: UndefinedMetricWarning: Precision and F-score are ill-defined and being set to 0.0 in labels with no predicted samples. Use `zero_division` parameter to control this behavior.
  _warn_prf(average, modifier, msg_start, len(result))
/home/djy/anaconda3/envs/pytorch/lib/python3.7/site-packages/sklearn/metrics/_classification.py:1308: UndefinedMetricWarning: Precision and F-score are ill-defined and being set to 0.0 in labels with no predicted samples. Use `zero_division` parameter to control this behavior.
  _warn_prf(average, modifier, msg_start, len(result))
/home/djy/anaconda3/envs/pytorch/lib/python3.7/site-packages/sklearn/metrics/_classification.py:1308: UndefinedMetricWarning: Precision and F-score are ill-defined and being set to 0.0 in labels with no predicted samples. Use `zero_division` parameter to control this behavior.
  _warn_prf(average, modifier, msg_start, len(result))
Loss: 0.138	Accuracy: 35.14%	Cost 31s
              precision    recall  f1-score   support

         bzx     0.2328    0.8710    0.3673        31
         cwx     1.0000    0.0455    0.0870        22
         hdx     0.1500    0.1765    0.1622        17
         mtx     0.0000    0.0000    0.0000        19
         nqx     1.0000    0.1667    0.2857        12
         qtx     0.6875    0.4889    0.5714        45
         zxx     0.9091    0.2564    0.4000        39

    accuracy                         0.3514       185
   macro avg     0.5685    0.2864    0.2677       185
weighted avg     0.5954    0.3514    0.3287       185


========== Train Epoch 52 ==========
Loss: 0.055	Accuracy: 38.38%	Cost 28s
              precision    recall  f1-score   support

         bzx     0.6250    0.1613    0.2564        31
         cwx     0.5714    0.1818    0.2759        22
         hdx     0.3333    0.1176    0.1739        17
         mtx     0.1525    0.4737    0.2308        19
         nqx     0.4000    0.1667    0.2353        12
         qtx     0.4878    0.4444    0.4651        45
         zxx     0.4915    0.7436    0.5918        39

    accuracy                         0.3838       185
   macro avg     0.4374    0.3270    0.3185       185
weighted avg     0.4672    0.3838    0.3686       185


========== Train Epoch 53 ==========
Loss: 0.045	Accuracy: 48.11%	Cost 30s
              precision    recall  f1-score   support

         bzx     0.3864    0.5484    0.4533        31
         cwx     0.6250    0.2273    0.3333        22
         hdx     0.1944    0.4118    0.2642        17
         mtx     0.2308    0.1579    0.1875        19
         nqx     0.4000    0.1667    0.2353        12
         qtx     0.7667    0.5111    0.6133        45
         zxx     0.6531    0.8205    0.7273        39

    accuracy                         0.4811       185
   macro avg     0.4652    0.4062    0.4020       185
weighted avg     0.5307    0.4811    0.4769       185


========== Train Epoch 54 ==========
Loss: 0.028	Accuracy: 48.65%	Cost 29s
              precision    recall  f1-score   support

         bzx     0.5625    0.2903    0.3830        31
         cwx     0.3750    0.2727    0.3158        22
         hdx     0.2778    0.2941    0.2857        17
         mtx     0.2308    0.1579    0.1875        19
         nqx     0.5000    0.3333    0.4000        12
         qtx     0.5962    0.6889    0.6392        45
         zxx     0.5161    0.8205    0.6337        39

    accuracy                         0.4865       185
   macro avg     0.4369    0.4083    0.4064       185
weighted avg     0.4743    0.4865    0.4622       185


========== Train Epoch 55 ==========
Loss: 0.021	Accuracy: 49.19%	Cost 30s
              precision    recall  f1-score   support

         bzx     0.4762    0.3226    0.3846        31
         cwx     0.4444    0.3636    0.4000        22
         hdx     0.2500    0.2941    0.2703        17
         mtx     0.2500    0.2105    0.2286        19
         nqx     0.3750    0.2500    0.3000        12
         qtx     0.6744    0.6444    0.6591        45
         zxx     0.5424    0.8205    0.6531        39

    accuracy                         0.4919       185
   macro avg     0.4303    0.4151    0.4137       185
weighted avg     0.4840    0.4919    0.4778       185


========== Train Epoch 56 ==========
Loss: 0.018	Accuracy: 48.65%	Cost 29s
              precision    recall  f1-score   support

         bzx     0.4444    0.3871    0.4138        31
         cwx     0.5000    0.3636    0.4211        22
         hdx     0.2432    0.5294    0.3333        17
         mtx     0.1765    0.1579    0.1667        19
         nqx     0.2727    0.2500    0.2609        12
         qtx     0.8519    0.5111    0.6389        45
         zxx     0.6400    0.8205    0.7191        39

    accuracy                         0.4865       185
   macro avg     0.4470    0.4314    0.4220       185
weighted avg     0.5342    0.4865    0.4911       185


========== Train Epoch 57 ==========
Loss: 0.019	Accuracy: 49.19%	Cost 31s
              precision    recall  f1-score   support

         bzx     0.5238    0.3548    0.4231        31
         cwx     0.4737    0.4091    0.4390        22
         hdx     0.2000    0.2941    0.2381        17
         mtx     0.2308    0.1579    0.1875        19
         nqx     0.3333    0.1667    0.2222        12
         qtx     0.6078    0.6889    0.6458        45
         zxx     0.6000    0.7692    0.6742        39

    accuracy                         0.4919       185
   macro avg     0.4242    0.4058    0.4043       185
weighted avg     0.4821    0.4919    0.4779       185


========== Train Epoch 58 ==========
Loss: 0.015	Accuracy: 46.49%	Cost 29s
              precision    recall  f1-score   support

         bzx     0.5000    0.2903    0.3673        31
         cwx     0.4500    0.4091    0.4286        22
         hdx     0.2727    0.3529    0.3077        17
         mtx     0.2308    0.1579    0.1875        19
         nqx     0.4000    0.1667    0.2353        12
         qtx     0.6250    0.5556    0.5882        45
         zxx     0.4776    0.8205    0.6038        39

    accuracy                         0.4649       185
   macro avg     0.4223    0.3933    0.3883       185
weighted avg     0.4647    0.4649    0.4457       185


========== Train Epoch 59 ==========
Loss: 0.014	Accuracy: 49.19%	Cost 30s
              precision    recall  f1-score   support

         bzx     0.6429    0.2903    0.4000        31
         cwx     0.4375    0.3182    0.3684        22
         hdx     0.2500    0.2353    0.2424        17
         mtx     0.2143    0.1579    0.1818        19
         nqx     0.5000    0.2500    0.3333        12
         qtx     0.5231    0.7556    0.6182        45
         zxx     0.5741    0.7949    0.6667        39

    accuracy                         0.4919       185
   macro avg     0.4488    0.4003    0.4015       185
weighted avg     0.4854    0.4919    0.4643       185


========== Train Epoch 60 ==========
Loss: 0.015	Accuracy: 48.11%	Cost 30s
              precision    recall  f1-score   support

         bzx     0.6000    0.2903    0.3913        31
         cwx     0.3462    0.4091    0.3750        22
         hdx     0.2500    0.4118    0.3111        17
         mtx     0.2381    0.2632    0.2500        19
         nqx     0.3333    0.1667    0.2222        12
         qtx     0.6667    0.5778    0.6190        45
         zxx     0.6200    0.7949    0.6966        39

    accuracy                         0.4811       185
   macro avg     0.4363    0.4162    0.4093       185
weighted avg     0.5036    0.4811    0.4763       185


========== Train Epoch 61 ==========
Loss: 0.016	Accuracy: 48.65%	Cost 29s
              precision    recall  f1-score   support

         bzx     0.4444    0.3871    0.4138        31
         cwx     0.3750    0.4091    0.3913        22
         hdx     0.2800    0.4118    0.3333        17
         mtx     0.2000    0.1579    0.1765        19
         nqx     0.2500    0.1667    0.2000        12
         qtx     0.6042    0.6444    0.6237        45
         zxx     0.7368    0.7179    0.7273        39

    accuracy                         0.4865       185
   macro avg     0.4129    0.4136    0.4094       185
weighted avg     0.4838    0.4865    0.4826       185


========== Train Epoch 62 ==========
Loss: 0.015	Accuracy: 45.41%	Cost 29s
              precision    recall  f1-score   support

         bzx     0.5294    0.2903    0.3750        31
         cwx     0.4667    0.3182    0.3784        22
         hdx     0.2258    0.4118    0.2917        17
         mtx     0.2500    0.2105    0.2286        19
         nqx     0.4000    0.1667    0.2353        12
         qtx     0.6452    0.4444    0.5263        45
         zxx     0.5000    0.8974    0.6422        39

    accuracy                         0.4541       185
   macro avg     0.4310    0.3913    0.3825       185
weighted avg     0.4789    0.4541    0.4368       185


========== Train Epoch 63 ==========
Loss: 0.016	Accuracy: 47.57%	Cost 30s
              precision    recall  f1-score   support

         bzx     0.5200    0.4194    0.4643        31
         cwx     0.5333    0.3636    0.4324        22
         hdx     0.2059    0.4118    0.2745        17
         mtx     0.2308    0.1579    0.1875        19
         nqx     0.5000    0.1667    0.2500        12
         qtx     0.6279    0.6000    0.6136        45
         zxx     0.5490    0.7179    0.6222        39

    accuracy                         0.4757       185
   macro avg     0.4524    0.4053    0.4064       185
weighted avg     0.4941    0.4757    0.4704       185


========== Train Epoch 64 ==========
Loss: 0.014	Accuracy: 50.27%	Cost 29s
              precision    recall  f1-score   support

         bzx     0.5000    0.4516    0.4746        31
         cwx     0.5333    0.3636    0.4324        22
         hdx     0.1818    0.2353    0.2051        17
         mtx     0.2000    0.1053    0.1379        19
         nqx     0.3333    0.1667    0.2222        12
         qtx     0.6000    0.7333    0.6600        45
         zxx     0.6122    0.7692    0.6818        39

    accuracy                         0.5027       185
   macro avg     0.4230    0.4036    0.4020       185
weighted avg     0.4811    0.5027    0.4827       185


Finished training!!!

Min Loss = 0.011 in epoch 40;
Max Accuracy = 56.76% in epoch 23;
Total Cost 32 minutes

ResNet(
  (conv1): Conv2d(3, 64, kernel_size=(7, 7), stride=(2, 2), padding=(3, 3), bias=False)
  (bn1): BatchNorm2d(64, eps=1e-05, momentum=0.1, affine=True, track_running_stats=True)
  (relu): ReLU(inplace=True)
  (maxpool): MaxPool2d(kernel_size=3, stride=2, padding=1, dilation=1, ceil_mode=False)
  (layer1): Sequential(
    (0): BasicBlock(
      (conv1): Conv2d(64, 64, kernel_size=(3, 3), stride=(1, 1), padding=(1, 1), bias=False)
      (bn1): BatchNorm2d(64, eps=1e-05, momentum=0.1, affine=True, track_running_stats=True)
      (relu): ReLU(inplace=True)
      (conv2): Conv2d(64, 64, kernel_size=(3, 3), stride=(1, 1), padding=(1, 1), bias=False)
      (bn2): BatchNorm2d(64, eps=1e-05, momentum=0.1, affine=True, track_running_stats=True)
    )
    (1): BasicBlock(
      (conv1): Conv2d(64, 64, kernel_size=(3, 3), stride=(1, 1), padding=(1, 1), bias=False)
      (bn1): BatchNorm2d(64, eps=1e-05, momentum=0.1, affine=True, track_running_stats=True)
      (relu): ReLU(inplace=True)
      (conv2): Conv2d(64, 64, kernel_size=(3, 3), stride=(1, 1), padding=(1, 1), bias=False)
      (bn2): BatchNorm2d(64, eps=1e-05, momentum=0.1, affine=True, track_running_stats=True)
    )
  )
  (layer2): Sequential(
    (0): BasicBlock(
      (conv1): Conv2d(64, 128, kernel_size=(3, 3), stride=(2, 2), padding=(1, 1), bias=False)
      (bn1): BatchNorm2d(128, eps=1e-05, momentum=0.1, affine=True, track_running_stats=True)
      (relu): ReLU(inplace=True)
      (conv2): Conv2d(128, 128, kernel_size=(3, 3), stride=(1, 1), padding=(1, 1), bias=False)
      (bn2): BatchNorm2d(128, eps=1e-05, momentum=0.1, affine=True, track_running_stats=True)
      (downsample): Sequential(
        (0): Conv2d(64, 128, kernel_size=(1, 1), stride=(2, 2), bias=False)
        (1): BatchNorm2d(128, eps=1e-05, momentum=0.1, affine=True, track_running_stats=True)
      )
    )
    (1): BasicBlock(
      (conv1): Conv2d(128, 128, kernel_size=(3, 3), stride=(1, 1), padding=(1, 1), bias=False)
      (bn1): BatchNorm2d(128, eps=1e-05, momentum=0.1, affine=True, track_running_stats=True)
      (relu): ReLU(inplace=True)
      (conv2): Conv2d(128, 128, kernel_size=(3, 3), stride=(1, 1), padding=(1, 1), bias=False)
      (bn2): BatchNorm2d(128, eps=1e-05, momentum=0.1, affine=True, track_running_stats=True)
    )
  )
  (layer3): Sequential(
    (0): BasicBlock(
      (conv1): Conv2d(128, 256, kernel_size=(3, 3), stride=(2, 2), padding=(1, 1), bias=False)
      (bn1): BatchNorm2d(256, eps=1e-05, momentum=0.1, affine=True, track_running_stats=True)
      (relu): ReLU(inplace=True)
      (conv2): Conv2d(256, 256, kernel_size=(3, 3), stride=(1, 1), padding=(1, 1), bias=False)
      (bn2): BatchNorm2d(256, eps=1e-05, momentum=0.1, affine=True, track_running_stats=True)
      (downsample): Sequential(
        (0): Conv2d(128, 256, kernel_size=(1, 1), stride=(2, 2), bias=False)
        (1): BatchNorm2d(256, eps=1e-05, momentum=0.1, affine=True, track_running_stats=True)
      )
    )
    (1): BasicBlock(
      (conv1): Conv2d(256, 256, kernel_size=(3, 3), stride=(1, 1), padding=(1, 1), bias=False)
      (bn1): BatchNorm2d(256, eps=1e-05, momentum=0.1, affine=True, track_running_stats=True)
      (relu): ReLU(inplace=True)
      (conv2): Conv2d(256, 256, kernel_size=(3, 3), stride=(1, 1), padding=(1, 1), bias=False)
      (bn2): BatchNorm2d(256, eps=1e-05, momentum=0.1, affine=True, track_running_stats=True)
    )
  )
  (layer4): Sequential(
    (0): BasicBlock(
      (conv1): Conv2d(256, 512, kernel_size=(3, 3), stride=(2, 2), padding=(1, 1), bias=False)
      (bn1): BatchNorm2d(512, eps=1e-05, momentum=0.1, affine=True, track_running_stats=True)
      (relu): ReLU(inplace=True)
      (conv2): Conv2d(512, 512, kernel_size=(3, 3), stride=(1, 1), padding=(1, 1), bias=False)
      (bn2): BatchNorm2d(512, eps=1e-05, momentum=0.1, affine=True, track_running_stats=True)
      (downsample): Sequential(
        (0): Conv2d(256, 512, kernel_size=(1, 1), stride=(2, 2), bias=False)
        (1): BatchNorm2d(512, eps=1e-05, momentum=0.1, affine=True, track_running_stats=True)
      )
    )
    (1): BasicBlock(
      (conv1): Conv2d(512, 512, kernel_size=(3, 3), stride=(1, 1), padding=(1, 1), bias=False)
      (bn1): BatchNorm2d(512, eps=1e-05, momentum=0.1, affine=True, track_running_stats=True)
      (relu): ReLU(inplace=True)
      (conv2): Conv2d(512, 512, kernel_size=(3, 3), stride=(1, 1), padding=(1, 1), bias=False)
      (bn2): BatchNorm2d(512, eps=1e-05, momentum=0.1, affine=True, track_running_stats=True)
    )
  )
  (avgpool): AdaptiveAvgPool2d(output_size=(1, 1))
  (fc_): Linear(in_features=512, out_features=7, bias=True)
  (__fc__): Linear(in_features=1024, out_features=7, bias=True)
  (conv1_): Conv2d(3, 512, kernel_size=(7, 7), stride=(2, 2), padding=(3, 3), bias=False)
  (bn1_): BatchNorm2d(512, eps=1e-05, momentum=0.1, affine=True, track_running_stats=True)
  (relu_): ReLU(inplace=True)
  (maxpool_): MaxPool2d(kernel_size=3, stride=2, padding=1, dilation=1, ceil_mode=False)
  (layer1_): Sequential(
    (0): BasicBlock(
      (conv1): Conv2d(512, 64, kernel_size=(3, 3), stride=(1, 1), padding=(1, 1), bias=False)
      (bn1): BatchNorm2d(64, eps=1e-05, momentum=0.1, affine=True, track_running_stats=True)
      (relu): ReLU(inplace=True)
      (conv2): Conv2d(64, 64, kernel_size=(3, 3), stride=(1, 1), padding=(1, 1), bias=False)
      (bn2): BatchNorm2d(64, eps=1e-05, momentum=0.1, affine=True, track_running_stats=True)
      (downsample): Sequential(
        (0): Conv2d(512, 64, kernel_size=(1, 1), stride=(1, 1), bias=False)
        (1): BatchNorm2d(64, eps=1e-05, momentum=0.1, affine=True, track_running_stats=True)
      )
    )
    (1): BasicBlock(
      (conv1): Conv2d(64, 64, kernel_size=(3, 3), stride=(1, 1), padding=(1, 1), bias=False)
      (bn1): BatchNorm2d(64, eps=1e-05, momentum=0.1, affine=True, track_running_stats=True)
      (relu): ReLU(inplace=True)
      (conv2): Conv2d(64, 64, kernel_size=(3, 3), stride=(1, 1), padding=(1, 1), bias=False)
      (bn2): BatchNorm2d(64, eps=1e-05, momentum=0.1, affine=True, track_running_stats=True)
    )
  )
  (layer2_): Sequential(
    (0): BasicBlock(
      (conv1): Conv2d(64, 128, kernel_size=(3, 3), stride=(2, 2), padding=(1, 1), bias=False)
      (bn1): BatchNorm2d(128, eps=1e-05, momentum=0.1, affine=True, track_running_stats=True)
      (relu): ReLU(inplace=True)
      (conv2): Conv2d(128, 128, kernel_size=(3, 3), stride=(1, 1), padding=(1, 1), bias=False)
      (bn2): BatchNorm2d(128, eps=1e-05, momentum=0.1, affine=True, track_running_stats=True)
      (downsample): Sequential(
        (0): Conv2d(64, 128, kernel_size=(1, 1), stride=(2, 2), bias=False)
        (1): BatchNorm2d(128, eps=1e-05, momentum=0.1, affine=True, track_running_stats=True)
      )
    )
    (1): BasicBlock(
      (conv1): Conv2d(128, 128, kernel_size=(3, 3), stride=(1, 1), padding=(1, 1), bias=False)
      (bn1): BatchNorm2d(128, eps=1e-05, momentum=0.1, affine=True, track_running_stats=True)
      (relu): ReLU(inplace=True)
      (conv2): Conv2d(128, 128, kernel_size=(3, 3), stride=(1, 1), padding=(1, 1), bias=False)
      (bn2): BatchNorm2d(128, eps=1e-05, momentum=0.1, affine=True, track_running_stats=True)
    )
  )
  (layer3_): Sequential(
    (0): BasicBlock(
      (conv1): Conv2d(128, 256, kernel_size=(3, 3), stride=(2, 2), padding=(1, 1), bias=False)
      (bn1): BatchNorm2d(256, eps=1e-05, momentum=0.1, affine=True, track_running_stats=True)
      (relu): ReLU(inplace=True)
      (conv2): Conv2d(256, 256, kernel_size=(3, 3), stride=(1, 1), padding=(1, 1), bias=False)
      (bn2): BatchNorm2d(256, eps=1e-05, momentum=0.1, affine=True, track_running_stats=True)
      (downsample): Sequential(
        (0): Conv2d(128, 256, kernel_size=(1, 1), stride=(2, 2), bias=False)
        (1): BatchNorm2d(256, eps=1e-05, momentum=0.1, affine=True, track_running_stats=True)
      )
    )
    (1): BasicBlock(
      (conv1): Conv2d(256, 256, kernel_size=(3, 3), stride=(1, 1), padding=(1, 1), bias=False)
      (bn1): BatchNorm2d(256, eps=1e-05, momentum=0.1, affine=True, track_running_stats=True)
      (relu): ReLU(inplace=True)
      (conv2): Conv2d(256, 256, kernel_size=(3, 3), stride=(1, 1), padding=(1, 1), bias=False)
      (bn2): BatchNorm2d(256, eps=1e-05, momentum=0.1, affine=True, track_running_stats=True)
    )
  )
  (layer4_): Sequential(
    (0): BasicBlock(
      (conv1): Conv2d(256, 512, kernel_size=(3, 3), stride=(2, 2), padding=(1, 1), bias=False)
      (bn1): BatchNorm2d(512, eps=1e-05, momentum=0.1, affine=True, track_running_stats=True)
      (relu): ReLU(inplace=True)
      (conv2): Conv2d(512, 512, kernel_size=(3, 3), stride=(1, 1), padding=(1, 1), bias=False)
      (bn2): BatchNorm2d(512, eps=1e-05, momentum=0.1, affine=True, track_running_stats=True)
      (downsample): Sequential(
        (0): Conv2d(256, 512, kernel_size=(1, 1), stride=(2, 2), bias=False)
        (1): BatchNorm2d(512, eps=1e-05, momentum=0.1, affine=True, track_running_stats=True)
      )
    )
    (1): BasicBlock(
      (conv1): Conv2d(512, 512, kernel_size=(3, 3), stride=(1, 1), padding=(1, 1), bias=False)
      (bn1): BatchNorm2d(512, eps=1e-05, momentum=0.1, affine=True, track_running_stats=True)
      (relu): ReLU(inplace=True)
      (conv2): Conv2d(512, 512, kernel_size=(3, 3), stride=(1, 1), padding=(1, 1), bias=False)
      (bn2): BatchNorm2d(512, eps=1e-05, momentum=0.1, affine=True, track_running_stats=True)
    )
  )
  (avgpool_): AdaptiveAvgPool2d(output_size=(1, 1))
)

[0.22162162162162163, 0.3567567567567568, 0.41621621621621624, 0.3783783783783784, 0.24864864864864866, 0.2756756756756757, 0.4594594594594595, 0.4594594594594595, 0.4594594594594595, 0.4864864864864865, 0.518918918918919, 0.4918918918918919, 0.4, 0.3027027027027027, 0.5135135135135135, 0.518918918918919, 0.4540540540540541, 0.4702702702702703, 0.44324324324324327, 0.5405405405405406, 0.518918918918919, 0.5297297297297298, 0.5135135135135135, 0.5675675675675675, 0.518918918918919, 0.4864864864864865, 0.5513513513513514, 0.5243243243243243, 0.518918918918919, 0.4864864864864865, 0.4486486486486487, 0.5243243243243243, 0.4864864864864865, 0.5297297297297298, 0.5351351351351351, 0.5135135135135135, 0.5135135135135135, 0.5351351351351351, 0.5243243243243243, 0.5297297297297298, 0.5243243243243243, 0.5567567567567567, 0.5243243243243243, 0.4540540540540541, 0.5081081081081081, 0.43243243243243246, 0.17297297297297298, 0.2594594594594595, 0.2810810810810811, 0.3567567567567568, 0.35135135135135137, 0.3837837837837838, 0.4810810810810811, 0.4864864864864865, 0.4918918918918919, 0.4864864864864865, 0.4918918918918919, 0.4648648648648649, 0.4918918918918919, 0.4810810810810811, 0.4864864864864865, 0.4540540540540541, 0.4756756756756757, 0.5027027027027027]
