dataset_path: /home/djy/dataset/dataset
pretrained : False 
parallel: False

msg: eca+x se+identity resnet18
using model: ResNet, resnet18
using device cuda:0
batch_size = 20
epochs = 64
loss_function = CrossEntropyLoss()
optimizer = Adam (
Parameter Group 0
    amsgrad: False
    betas: (0.9, 0.999)
    eps: 1e-08
    lr: 0.0001
    weight_decay: 0
)


========== Train Epoch 1 ==========
Loss: 1.842	Accuracy: 17.02%	Cost 31s

========== Train Epoch 2 ==========
Loss: 1.543	Accuracy: 37.23%	Cost 30s

========== Train Epoch 3 ==========
Loss: 1.363	Accuracy: 32.45%	Cost 31s

========== Train Epoch 4 ==========
Loss: 1.208	Accuracy: 41.49%	Cost 32s

========== Train Epoch 5 ==========
Loss: 1.092	Accuracy: 35.11%	Cost 31s

========== Train Epoch 6 ==========
Loss: 0.919	Accuracy: 41.49%	Cost 32s

========== Train Epoch 7 ==========
Loss: 0.811	Accuracy: 43.09%	Cost 31s

========== Train Epoch 8 ==========
Loss: 0.598	Accuracy: 47.87%	Cost 30s

========== Train Epoch 9 ==========
Loss: 0.422	Accuracy: 50.53%	Cost 33s

========== Train Epoch 10 ==========
Loss: 0.305	Accuracy: 40.43%	Cost 31s

========== Train Epoch 11 ==========
Loss: 0.193	Accuracy: 50.00%	Cost 31s

========== Train Epoch 12 ==========
Loss: 0.147	Accuracy: 48.40%	Cost 31s

========== Train Epoch 13 ==========
Loss: 0.091	Accuracy: 52.66%	Cost 32s

========== Train Epoch 14 ==========
Loss: 0.076	Accuracy: 55.32%	Cost 30s

========== Train Epoch 15 ==========
Loss: 0.061	Accuracy: 56.91%	Cost 32s

========== Train Epoch 16 ==========
Loss: 0.049	Accuracy: 55.85%	Cost 33s

========== Train Epoch 17 ==========
Loss: 0.045	Accuracy: 56.91%	Cost 33s

========== Train Epoch 18 ==========
Loss: 0.035	Accuracy: 56.91%	Cost 34s

========== Train Epoch 19 ==========
Loss: 0.035	Accuracy: 59.57%	Cost 32s

========== Train Epoch 20 ==========
Loss: 0.043	Accuracy: 52.66%	Cost 30s

========== Train Epoch 21 ==========
Loss: 0.032	Accuracy: 56.91%	Cost 33s

========== Train Epoch 22 ==========
Loss: 0.020	Accuracy: 57.98%	Cost 31s

========== Train Epoch 23 ==========
Loss: 0.018	Accuracy: 59.57%	Cost 31s

========== Train Epoch 24 ==========
Loss: 0.018	Accuracy: 62.23%	Cost 31s

========== Train Epoch 25 ==========
Loss: 0.040	Accuracy: 57.98%	Cost 32s

========== Train Epoch 26 ==========
Loss: 0.041	Accuracy: 57.98%	Cost 31s

========== Train Epoch 27 ==========
Loss: 0.039	Accuracy: 47.87%	Cost 31s

========== Train Epoch 28 ==========
Loss: 0.051	Accuracy: 56.38%	Cost 32s

========== Train Epoch 29 ==========
Loss: 0.089	Accuracy: 46.81%	Cost 31s

========== Train Epoch 30 ==========
Loss: 0.048	Accuracy: 52.13%	Cost 31s

========== Train Epoch 31 ==========
Loss: 0.047	Accuracy: 43.62%	Cost 32s

========== Train Epoch 32 ==========
Loss: 0.044	Accuracy: 49.47%	Cost 31s

========== Train Epoch 33 ==========
Loss: 0.056	Accuracy: 51.06%	Cost 30s

========== Train Epoch 34 ==========
Loss: 0.054	Accuracy: 45.21%	Cost 32s

========== Train Epoch 35 ==========
Loss: 0.067	Accuracy: 40.43%	Cost 31s

========== Train Epoch 36 ==========
Loss: 0.096	Accuracy: 43.62%	Cost 32s

========== Train Epoch 37 ==========
Loss: 0.039	Accuracy: 45.21%	Cost 31s

========== Train Epoch 38 ==========
Loss: 0.019	Accuracy: 55.32%	Cost 32s

========== Train Epoch 39 ==========
Loss: 0.013	Accuracy: 55.32%	Cost 32s

========== Train Epoch 40 ==========
Loss: 0.011	Accuracy: 57.45%	Cost 31s

========== Train Epoch 41 ==========
Loss: 0.015	Accuracy: 56.38%	Cost 31s

========== Train Epoch 42 ==========
Loss: 0.014	Accuracy: 43.62%	Cost 31s

========== Train Epoch 43 ==========
Loss: 0.014	Accuracy: 56.38%	Cost 30s

========== Train Epoch 44 ==========
Loss: 0.009	Accuracy: 50.00%	Cost 32s

========== Train Epoch 45 ==========
Loss: 0.009	Accuracy: 56.38%	Cost 32s

========== Train Epoch 46 ==========
Loss: 0.007	Accuracy: 59.04%	Cost 32s

========== Train Epoch 47 ==========
Loss: 0.005	Accuracy: 56.38%	Cost 31s

========== Train Epoch 48 ==========
Loss: 0.004	Accuracy: 58.51%	Cost 32s

========== Train Epoch 49 ==========
Loss: 0.005	Accuracy: 57.98%	Cost 32s

========== Train Epoch 50 ==========
Loss: 0.003	Accuracy: 59.57%	Cost 32s

========== Train Epoch 51 ==========
Loss: 0.003	Accuracy: 57.98%	Cost 32s

========== Train Epoch 52 ==========
Loss: 0.002	Accuracy: 59.04%	Cost 31s

========== Train Epoch 53 ==========
Loss: 0.003	Accuracy: 60.64%	Cost 30s

========== Train Epoch 54 ==========
Loss: 0.004	Accuracy: 59.04%	Cost 32s

========== Train Epoch 55 ==========
Loss: 0.002	Accuracy: 60.11%	Cost 31s

========== Train Epoch 56 ==========
Loss: 0.003	Accuracy: 56.91%	Cost 31s

========== Train Epoch 57 ==========
Loss: 0.002	Accuracy: 59.04%	Cost 32s

========== Train Epoch 58 ==========
Loss: 0.002	Accuracy: 59.04%	Cost 31s

========== Train Epoch 59 ==========
Loss: 0.006	Accuracy: 57.98%	Cost 31s

========== Train Epoch 60 ==========
Loss: 0.016	Accuracy: 50.00%	Cost 32s

========== Train Epoch 61 ==========
Loss: 0.011	Accuracy: 59.57%	Cost 31s

========== Train Epoch 62 ==========
Loss: 0.019	Accuracy: 51.06%	Cost 32s

========== Train Epoch 63 ==========
Loss: 0.033	Accuracy: 52.13%	Cost 33s

========== Train Epoch 64 ==========
Loss: 0.050	Accuracy: 45.74%	Cost 31s

Finished training!!!

Min Loss = 0.002 in epoch 56;
    Max Accuracy = 62.23% in epoch 23;
    Total Cost 34 minutes

ResNet(
  (conv1): Conv2d(3, 64, kernel_size=(7, 7), stride=(2, 2), padding=(3, 3), bias=False)
  (bn1): BatchNorm2d(64, eps=1e-05, momentum=0.1, affine=True, track_running_stats=True)
  (relu): ReLU(inplace=True)
  (maxpool): MaxPool2d(kernel_size=3, stride=2, padding=1, dilation=1, ceil_mode=False)
  (layer1): Sequential(
    (0): BasicBlock(
      (conv1): Conv2d(64, 64, kernel_size=(3, 3), stride=(1, 1), padding=(1, 1), bias=False)
      (bn1): BatchNorm2d(64, eps=1e-05, momentum=0.1, affine=True, track_running_stats=True)
      (relu): ReLU(inplace=True)
      (conv2): Conv2d(64, 64, kernel_size=(3, 3), stride=(1, 1), padding=(1, 1), bias=False)
      (bn2): BatchNorm2d(64, eps=1e-05, momentum=0.1, affine=True, track_running_stats=True)
      (se): SELayer(
        (avg_pool): AdaptiveAvgPool2d(output_size=1)
        (fc): Sequential(
          (0): Linear(in_features=64, out_features=4, bias=False)
          (1): ReLU(inplace=True)
          (2): Linear(in_features=4, out_features=64, bias=False)
          (3): Sigmoid()
        )
      )
      (eca): ECALayer(
        (avg_pool): AdaptiveAvgPool2d(output_size=1)
        (conv): Conv1d(1, 1, kernel_size=(3,), stride=(1,), padding=(1,), bias=False)
        (sigmoid): Sigmoid()
      )
    )
    (1): BasicBlock(
      (conv1): Conv2d(64, 64, kernel_size=(3, 3), stride=(1, 1), padding=(1, 1), bias=False)
      (bn1): BatchNorm2d(64, eps=1e-05, momentum=0.1, affine=True, track_running_stats=True)
      (relu): ReLU(inplace=True)
      (conv2): Conv2d(64, 64, kernel_size=(3, 3), stride=(1, 1), padding=(1, 1), bias=False)
      (bn2): BatchNorm2d(64, eps=1e-05, momentum=0.1, affine=True, track_running_stats=True)
      (se): SELayer(
        (avg_pool): AdaptiveAvgPool2d(output_size=1)
        (fc): Sequential(
          (0): Linear(in_features=64, out_features=4, bias=False)
          (1): ReLU(inplace=True)
          (2): Linear(in_features=4, out_features=64, bias=False)
          (3): Sigmoid()
        )
      )
      (eca): ECALayer(
        (avg_pool): AdaptiveAvgPool2d(output_size=1)
        (conv): Conv1d(1, 1, kernel_size=(3,), stride=(1,), padding=(1,), bias=False)
        (sigmoid): Sigmoid()
      )
    )
  )
  (layer2): Sequential(
    (0): BasicBlock(
      (conv1): Conv2d(64, 128, kernel_size=(3, 3), stride=(2, 2), padding=(1, 1), bias=False)
      (bn1): BatchNorm2d(128, eps=1e-05, momentum=0.1, affine=True, track_running_stats=True)
      (relu): ReLU(inplace=True)
      (conv2): Conv2d(128, 128, kernel_size=(3, 3), stride=(1, 1), padding=(1, 1), bias=False)
      (bn2): BatchNorm2d(128, eps=1e-05, momentum=0.1, affine=True, track_running_stats=True)
      (se): SELayer(
        (avg_pool): AdaptiveAvgPool2d(output_size=1)
        (fc): Sequential(
          (0): Linear(in_features=128, out_features=8, bias=False)
          (1): ReLU(inplace=True)
          (2): Linear(in_features=8, out_features=128, bias=False)
          (3): Sigmoid()
        )
      )
      (eca): ECALayer(
        (avg_pool): AdaptiveAvgPool2d(output_size=1)
        (conv): Conv1d(1, 1, kernel_size=(3,), stride=(1,), padding=(1,), bias=False)
        (sigmoid): Sigmoid()
      )
      (downsample): Sequential(
        (0): Conv2d(64, 128, kernel_size=(1, 1), stride=(2, 2), bias=False)
        (1): BatchNorm2d(128, eps=1e-05, momentum=0.1, affine=True, track_running_stats=True)
      )
    )
    (1): BasicBlock(
      (conv1): Conv2d(128, 128, kernel_size=(3, 3), stride=(1, 1), padding=(1, 1), bias=False)
      (bn1): BatchNorm2d(128, eps=1e-05, momentum=0.1, affine=True, track_running_stats=True)
      (relu): ReLU(inplace=True)
      (conv2): Conv2d(128, 128, kernel_size=(3, 3), stride=(1, 1), padding=(1, 1), bias=False)
      (bn2): BatchNorm2d(128, eps=1e-05, momentum=0.1, affine=True, track_running_stats=True)
      (se): SELayer(
        (avg_pool): AdaptiveAvgPool2d(output_size=1)
        (fc): Sequential(
          (0): Linear(in_features=128, out_features=8, bias=False)
          (1): ReLU(inplace=True)
          (2): Linear(in_features=8, out_features=128, bias=False)
          (3): Sigmoid()
        )
      )
      (eca): ECALayer(
        (avg_pool): AdaptiveAvgPool2d(output_size=1)
        (conv): Conv1d(1, 1, kernel_size=(3,), stride=(1,), padding=(1,), bias=False)
        (sigmoid): Sigmoid()
      )
    )
  )
  (layer3): Sequential(
    (0): BasicBlock(
      (conv1): Conv2d(128, 256, kernel_size=(3, 3), stride=(2, 2), padding=(1, 1), bias=False)
      (bn1): BatchNorm2d(256, eps=1e-05, momentum=0.1, affine=True, track_running_stats=True)
      (relu): ReLU(inplace=True)
      (conv2): Conv2d(256, 256, kernel_size=(3, 3), stride=(1, 1), padding=(1, 1), bias=False)
      (bn2): BatchNorm2d(256, eps=1e-05, momentum=0.1, affine=True, track_running_stats=True)
      (se): SELayer(
        (avg_pool): AdaptiveAvgPool2d(output_size=1)
        (fc): Sequential(
          (0): Linear(in_features=256, out_features=16, bias=False)
          (1): ReLU(inplace=True)
          (2): Linear(in_features=16, out_features=256, bias=False)
          (3): Sigmoid()
        )
      )
      (eca): ECALayer(
        (avg_pool): AdaptiveAvgPool2d(output_size=1)
        (conv): Conv1d(1, 1, kernel_size=(3,), stride=(1,), padding=(1,), bias=False)
        (sigmoid): Sigmoid()
      )
      (downsample): Sequential(
        (0): Conv2d(128, 256, kernel_size=(1, 1), stride=(2, 2), bias=False)
        (1): BatchNorm2d(256, eps=1e-05, momentum=0.1, affine=True, track_running_stats=True)
      )
    )
    (1): BasicBlock(
      (conv1): Conv2d(256, 256, kernel_size=(3, 3), stride=(1, 1), padding=(1, 1), bias=False)
      (bn1): BatchNorm2d(256, eps=1e-05, momentum=0.1, affine=True, track_running_stats=True)
      (relu): ReLU(inplace=True)
      (conv2): Conv2d(256, 256, kernel_size=(3, 3), stride=(1, 1), padding=(1, 1), bias=False)
      (bn2): BatchNorm2d(256, eps=1e-05, momentum=0.1, affine=True, track_running_stats=True)
      (se): SELayer(
        (avg_pool): AdaptiveAvgPool2d(output_size=1)
        (fc): Sequential(
          (0): Linear(in_features=256, out_features=16, bias=False)
          (1): ReLU(inplace=True)
          (2): Linear(in_features=16, out_features=256, bias=False)
          (3): Sigmoid()
        )
      )
      (eca): ECALayer(
        (avg_pool): AdaptiveAvgPool2d(output_size=1)
        (conv): Conv1d(1, 1, kernel_size=(3,), stride=(1,), padding=(1,), bias=False)
        (sigmoid): Sigmoid()
      )
    )
  )
  (layer4): Sequential(
    (0): BasicBlock(
      (conv1): Conv2d(256, 512, kernel_size=(3, 3), stride=(2, 2), padding=(1, 1), bias=False)
      (bn1): BatchNorm2d(512, eps=1e-05, momentum=0.1, affine=True, track_running_stats=True)
      (relu): ReLU(inplace=True)
      (conv2): Conv2d(512, 512, kernel_size=(3, 3), stride=(1, 1), padding=(1, 1), bias=False)
      (bn2): BatchNorm2d(512, eps=1e-05, momentum=0.1, affine=True, track_running_stats=True)
      (se): SELayer(
        (avg_pool): AdaptiveAvgPool2d(output_size=1)
        (fc): Sequential(
          (0): Linear(in_features=512, out_features=32, bias=False)
          (1): ReLU(inplace=True)
          (2): Linear(in_features=32, out_features=512, bias=False)
          (3): Sigmoid()
        )
      )
      (eca): ECALayer(
        (avg_pool): AdaptiveAvgPool2d(output_size=1)
        (conv): Conv1d(1, 1, kernel_size=(3,), stride=(1,), padding=(1,), bias=False)
        (sigmoid): Sigmoid()
      )
      (downsample): Sequential(
        (0): Conv2d(256, 512, kernel_size=(1, 1), stride=(2, 2), bias=False)
        (1): BatchNorm2d(512, eps=1e-05, momentum=0.1, affine=True, track_running_stats=True)
      )
    )
    (1): BasicBlock(
      (conv1): Conv2d(512, 512, kernel_size=(3, 3), stride=(1, 1), padding=(1, 1), bias=False)
      (bn1): BatchNorm2d(512, eps=1e-05, momentum=0.1, affine=True, track_running_stats=True)
      (relu): ReLU(inplace=True)
      (conv2): Conv2d(512, 512, kernel_size=(3, 3), stride=(1, 1), padding=(1, 1), bias=False)
      (bn2): BatchNorm2d(512, eps=1e-05, momentum=0.1, affine=True, track_running_stats=True)
      (se): SELayer(
        (avg_pool): AdaptiveAvgPool2d(output_size=1)
        (fc): Sequential(
          (0): Linear(in_features=512, out_features=32, bias=False)
          (1): ReLU(inplace=True)
          (2): Linear(in_features=32, out_features=512, bias=False)
          (3): Sigmoid()
        )
      )
      (eca): ECALayer(
        (avg_pool): AdaptiveAvgPool2d(output_size=1)
        (conv): Conv1d(1, 1, kernel_size=(3,), stride=(1,), padding=(1,), bias=False)
        (sigmoid): Sigmoid()
      )
    )
  )
  (avgpool): AdaptiveAvgPool2d(output_size=(1, 1))
  (fc_): Linear(in_features=512, out_features=7, bias=True)
  (__fc__): Linear(in_features=1024, out_features=7, bias=True)
)

