dataset_path: /home/djy/dataset/dataset2
pretrained : False 
parallel: False

net: ca_resnet.resnet18
msg: 
using model: ResNet, resnet18
using device cuda:0
batch_size = 20
epochs = 64
loss_function = CrossEntropyLoss()
optimizer = Adam (
Parameter Group 0
    amsgrad: False
    betas: (0.9, 0.999)
    eps: 1e-08
    lr: 0.0001
    weight_decay: 0
)


========== Train Epoch 1 ==========
Loss: 1.821	Accuracy: 31.89%	Cost 27s
              precision    recall  f1-score   support

         bzx     0.5714    0.1290    0.2105        31
         cwx     0.5714    0.1600    0.2500        25
         hdx     0.0000    0.0000    0.0000        17
         mtx     0.1250    0.0556    0.0769        18
         nqx     0.5714    0.1667    0.2581        24
         qtx     0.3125    0.5172    0.3896        29
         zxx     0.2870    0.7561    0.4161        41

    accuracy                         0.3189       185
   macro avg     0.3484    0.2549    0.2287       185
weighted avg     0.3719    0.3189    0.2633       185

micro f-score: 0.31891891891891894

========== Train Epoch 2 ==========
Loss: 1.638	Accuracy: 40.00%	Cost 27s
              precision    recall  f1-score   support

         bzx     0.5500    0.3548    0.4314        31
         cwx     0.3429    0.4800    0.4000        25
         hdx     0.3333    0.1765    0.2308        17
         mtx     0.3750    0.1667    0.2308        18
         nqx     0.0000    0.0000    0.0000        24
         qtx     0.4706    0.5517    0.5079        29
         zxx     0.3671    0.7073    0.4833        41

    accuracy                         0.4000       185
   macro avg     0.3484    0.3481    0.3263       185
weighted avg     0.3607    0.4000    0.3567       185

micro f-score: 0.4000000000000001

========== Train Epoch 3 ==========
Loss: 1.514	Accuracy: 36.76%	Cost 28s
              precision    recall  f1-score   support

         bzx     0.5000    0.0323    0.0606        31
         cwx     0.4815    0.5200    0.5000        25
         hdx     0.0000    0.0000    0.0000        17
         mtx     0.3000    0.1667    0.2143        18
         nqx     0.3333    0.0417    0.0741        24
         qtx     0.5217    0.4138    0.4615        29
         zxx     0.3220    0.9268    0.4780        41

    accuracy                         0.3676       185
   macro avg     0.3512    0.3002    0.2555       185
weighted avg     0.3744    0.3676    0.2865       185

micro f-score: 0.3675675675675676

========== Train Epoch 4 ==========
Loss: 1.415	Accuracy: 46.49%	Cost 28s
              precision    recall  f1-score   support

         bzx     0.4286    0.2903    0.3462        31
         cwx     0.4571    0.6400    0.5333        25
         hdx     0.2222    0.1176    0.1538        17
         mtx     0.6667    0.2222    0.3333        18
         nqx     0.5000    0.3750    0.4286        24
         qtx     0.4348    0.6897    0.5333        29
         zxx     0.5200    0.6341    0.5714        41

    accuracy                         0.4649       185
   macro avg     0.4613    0.4241    0.4143       185
weighted avg     0.4671    0.4649    0.4425       185

micro f-score: 0.4648648648648649

========== Train Epoch 5 ==========
Loss: 1.300	Accuracy: 45.41%	Cost 27s
              precision    recall  f1-score   support

         bzx     0.4783    0.3548    0.4074        31
         cwx     0.4000    0.6400    0.4923        25
         hdx     0.3750    0.1765    0.2400        17
         mtx     0.0000    0.0000    0.0000        18
         nqx     0.5333    0.3333    0.4103        24
         qtx     0.4667    0.7241    0.5676        29
         zxx     0.6410    0.6098    0.6250        41

    accuracy                         0.4541       185
   macro avg     0.4135    0.4055    0.3918       185
weighted avg     0.4531    0.4541    0.4376       185

micro f-score: 0.4540540540540541

========== Train Epoch 6 ==========
Loss: 1.236	Accuracy: 47.03%	Cost 26s
              precision    recall  f1-score   support

         bzx     0.5500    0.3548    0.4314        31
         cwx     0.6667    0.5600    0.6087        25
         hdx     0.5000    0.0588    0.1053        17
         mtx     0.2500    0.2222    0.2353        18
         nqx     0.4375    0.2917    0.3500        24
         qtx     0.6522    0.5172    0.5769        29
         zxx     0.4023    0.8537    0.5469        41

    accuracy                         0.4703       185
   macro avg     0.4941    0.4084    0.4078       185
weighted avg     0.5007    0.4703    0.4441       185

micro f-score: 0.4702702702702703

========== Train Epoch 7 ==========
Loss: 1.103	Accuracy: 47.03%	Cost 28s
              precision    recall  f1-score   support

         bzx     0.4545    0.6452    0.5333        31
         cwx     0.5000    0.5200    0.5098        25
         hdx     0.2857    0.1176    0.1667        17
         mtx     0.1515    0.2778    0.1961        18
         nqx     0.4615    0.2500    0.3243        24
         qtx     0.4872    0.6552    0.5588        29
         zxx     0.9565    0.5366    0.6875        41

    accuracy                         0.4703       185
   macro avg     0.4710    0.4289    0.4252       185
weighted avg     0.5330    0.4703    0.4747       185

micro f-score: 0.4702702702702703

========== Train Epoch 8 ==========
Loss: 1.005	Accuracy: 44.86%	Cost 27s
              precision    recall  f1-score   support

         bzx     0.8182    0.2903    0.4286        31
         cwx     0.5625    0.3600    0.4390        25
         hdx     0.3750    0.1765    0.2400        17
         mtx     0.3333    0.2222    0.2667        18
         nqx     0.8333    0.2083    0.3333        24
         qtx     0.2857    0.9655    0.4409        29
         zxx     0.7353    0.6098    0.6667        41

    accuracy                         0.4486       185
   macro avg     0.5633    0.4047    0.4022       185
weighted avg     0.5959    0.4486    0.4393       185

micro f-score: 0.4486486486486486

========== Train Epoch 9 ==========
Loss: 0.914	Accuracy: 46.49%	Cost 27s
              precision    recall  f1-score   support

         bzx     0.5556    0.1613    0.2500        31
         cwx     0.6500    0.5200    0.5778        25
         hdx     0.3333    0.1176    0.1739        17
         mtx     0.2941    0.2778    0.2857        18
         nqx     0.6667    0.2500    0.3636        24
         qtx     0.3256    0.9655    0.4870        29
         zxx     0.7105    0.6585    0.6835        41

    accuracy                         0.4649       185
   macro avg     0.5051    0.4215    0.4031       185
weighted avg     0.5352    0.4649    0.4387       185

micro f-score: 0.4648648648648649

========== Train Epoch 10 ==========
Loss: 0.790	Accuracy: 54.59%	Cost 28s
              precision    recall  f1-score   support

         bzx     0.4444    0.6452    0.5263        31
         cwx     0.4468    0.8400    0.5833        25
         hdx     1.0000    0.0588    0.1111        17
         mtx     0.6667    0.2222    0.3333        18
         nqx     0.7143    0.2083    0.3226        24
         qtx     0.6800    0.5862    0.6296        29
         zxx     0.6111    0.8049    0.6947        41

    accuracy                         0.5459       185
   macro avg     0.6519    0.4808    0.4573       185
weighted avg     0.6263    0.5459    0.5042       185

micro f-score: 0.5459459459459459

========== Train Epoch 11 ==========
Loss: 0.679	Accuracy: 55.68%	Cost 29s
              precision    recall  f1-score   support

         bzx     0.6333    0.6129    0.6230        31
         cwx     0.8333    0.6000    0.6977        25
         hdx     1.0000    0.1176    0.2105        17
         mtx     0.2000    0.3889    0.2642        18
         nqx     0.4615    0.5000    0.4800        24
         qtx     0.7308    0.6552    0.6909        29
         zxx     0.6042    0.7073    0.6517        41

    accuracy                         0.5568       185
   macro avg     0.6376    0.5117    0.5168       185
weighted avg     0.6384    0.5568    0.5587       185

micro f-score: 0.5567567567567567

========== Train Epoch 12 ==========
Loss: 0.525	Accuracy: 52.43%	Cost 29s
              precision    recall  f1-score   support

         bzx     0.4200    0.6774    0.5185        31
         cwx     0.5862    0.6800    0.6296        25
         hdx     0.5000    0.2353    0.3200        17
         mtx     0.3333    0.1111    0.1667        18
         nqx     1.0000    0.2083    0.3448        24
         qtx     0.4310    0.8621    0.5747        29
         zxx     0.7931    0.5610    0.6571        41

    accuracy                         0.5243       185
   macro avg     0.5805    0.4765    0.4588       185
weighted avg     0.6010    0.5243    0.4981       185

micro f-score: 0.5243243243243243

========== Train Epoch 13 ==========
Loss: 0.439	Accuracy: 56.22%	Cost 28s
              precision    recall  f1-score   support

         bzx     0.5833    0.4516    0.5091        31
         cwx     0.4444    0.8000    0.5714        25
         hdx     0.5556    0.2941    0.3846        17
         mtx     0.6000    0.3333    0.4286        18
         nqx     0.5556    0.2083    0.3030        24
         qtx     0.6250    0.8621    0.7246        29
         zxx     0.6042    0.7073    0.6517        41

    accuracy                         0.5622       185
   macro avg     0.5669    0.5224    0.5104       185
weighted avg     0.5712    0.5622    0.5369       185

micro f-score: 0.5621621621621622

========== Train Epoch 14 ==========
Loss: 0.331	Accuracy: 46.49%	Cost 27s
              precision    recall  f1-score   support

         bzx     0.4359    0.5484    0.4857        31
         cwx     0.6875    0.4400    0.5366        25
         hdx     0.2222    0.5882    0.3226        17
         mtx     0.2692    0.3889    0.3182        18
         nqx     0.5294    0.3750    0.4390        24
         qtx     0.9000    0.3103    0.4615        29
         zxx     0.7188    0.5610    0.6301        41

    accuracy                         0.4649       185
   macro avg     0.5376    0.4588    0.4563       185
weighted avg     0.5816    0.4649    0.4835       185

micro f-score: 0.4648648648648649

========== Train Epoch 15 ==========
Loss: 0.244	Accuracy: 54.05%	Cost 28s
              precision    recall  f1-score   support

         bzx     0.4444    0.5161    0.4776        31
         cwx     0.4524    0.7600    0.5672        25
         hdx     0.6667    0.2353    0.3478        17
         mtx     0.3333    0.0556    0.0952        18
         nqx     0.6923    0.3750    0.4865        24
         qtx     0.5238    0.7586    0.6197        29
         zxx     0.6744    0.7073    0.6905        41

    accuracy                         0.5405       185
   macro avg     0.5411    0.4868    0.4692       185
weighted avg     0.5507    0.5405    0.5112       185

micro f-score: 0.5405405405405406

========== Train Epoch 16 ==========
Loss: 0.192	Accuracy: 56.22%	Cost 28s
              precision    recall  f1-score   support

         bzx     0.6000    0.4839    0.5357        31
         cwx     0.4878    0.8000    0.6061        25
         hdx     0.5000    0.3529    0.4138        17
         mtx     0.5556    0.2778    0.3704        18
         nqx     0.4615    0.2500    0.3243        24
         qtx     0.6897    0.6897    0.6897        29
         zxx     0.5714    0.7805    0.6598        41

    accuracy                         0.5622       185
   macro avg     0.5523    0.5192    0.5142       185
weighted avg     0.5611    0.5622    0.5421       185

micro f-score: 0.5621621621621622

========== Train Epoch 17 ==========
Loss: 0.170	Accuracy: 50.27%	Cost 27s
              precision    recall  f1-score   support

         bzx     0.5000    0.3226    0.3922        31
         cwx     0.5128    0.8000    0.6250        25
         hdx     0.6000    0.1765    0.2727        17
         mtx     0.5000    0.1111    0.1818        18
         nqx     0.2600    0.5417    0.3514        24
         qtx     0.6552    0.6552    0.6552        29
         zxx     0.6842    0.6341    0.6582        41

    accuracy                         0.5027       185
   macro avg     0.5303    0.4630    0.4481       185
weighted avg     0.5449    0.5027    0.4871       185

micro f-score: 0.5027027027027027

========== Train Epoch 18 ==========
Loss: 0.134	Accuracy: 56.22%	Cost 27s
              precision    recall  f1-score   support

         bzx     0.4286    0.2903    0.3462        31
         cwx     0.7826    0.7200    0.7500        25
         hdx     0.5714    0.4706    0.5161        17
         mtx     0.3182    0.3889    0.3500        18
         nqx     0.4043    0.7917    0.5352        24
         qtx     0.9375    0.5172    0.6667        29
         zxx     0.6667    0.6829    0.6747        41

    accuracy                         0.5622       185
   macro avg     0.5870    0.5517    0.5484       185
weighted avg     0.6082    0.5622    0.5643       185

micro f-score: 0.5621621621621622

========== Train Epoch 19 ==========
Loss: 0.110	Accuracy: 57.84%	Cost 29s
              precision    recall  f1-score   support

         bzx     0.5500    0.3548    0.4314        31
         cwx     0.7407    0.8000    0.7692        25
         hdx     0.7500    0.3529    0.4800        17
         mtx     0.3043    0.3889    0.3415        18
         nqx     0.5625    0.3750    0.4500        24
         qtx     0.5500    0.7586    0.6377        29
         zxx     0.6275    0.7805    0.6957        41

    accuracy                         0.5784       185
   macro avg     0.5836    0.5444    0.5436       185
weighted avg     0.5890    0.5784    0.5661       185

micro f-score: 0.5783783783783784

========== Train Epoch 20 ==========
Loss: 0.107	Accuracy: 56.76%	Cost 28s
              precision    recall  f1-score   support

         bzx     0.3750    0.7742    0.5053        31
         cwx     0.8000    0.6400    0.7111        25
         hdx     0.5333    0.4706    0.5000        17
         mtx     0.5000    0.1111    0.1818        18
         nqx     0.7000    0.2917    0.4118        24
         qtx     0.5294    0.6207    0.5714        29
         zxx     0.7895    0.7317    0.7595        41

    accuracy                         0.5676       185
   macro avg     0.6039    0.5200    0.5201       185
weighted avg     0.6174    0.5676    0.5557       185

micro f-score: 0.5675675675675675

========== Train Epoch 21 ==========
Loss: 0.090	Accuracy: 53.51%	Cost 28s
              precision    recall  f1-score   support

         bzx     0.6923    0.2903    0.4091        31
         cwx     0.3966    0.9200    0.5542        25
         hdx     0.2963    0.4706    0.3636        17
         mtx     0.5333    0.4444    0.4848        18
         nqx     1.0000    0.1250    0.2222        24
         qtx     0.6286    0.7586    0.6875        29
         zxx     0.7647    0.6341    0.6933        41

    accuracy                         0.5351       185
   macro avg     0.6160    0.5204    0.4878       185
weighted avg     0.6465    0.5351    0.5143       185

micro f-score: 0.5351351351351351

========== Train Epoch 22 ==========
Loss: 0.070	Accuracy: 56.22%	Cost 28s
              precision    recall  f1-score   support

         bzx     0.3699    0.8710    0.5192        31
         cwx     0.8421    0.6400    0.7273        25
         hdx     0.5000    0.3529    0.4138        17
         mtx     0.4286    0.1667    0.2400        18
         nqx     1.0000    0.1250    0.2222        24
         qtx     0.6667    0.7586    0.7097        29
         zxx     0.7105    0.6585    0.6835        41

    accuracy                         0.5622       185
   macro avg     0.6454    0.5104    0.5022       185
weighted avg     0.6551    0.5622    0.5382       185

micro f-score: 0.5621621621621622

========== Train Epoch 23 ==========
Loss: 0.075	Accuracy: 55.68%	Cost 29s
              precision    recall  f1-score   support

         bzx     0.5909    0.4194    0.4906        31
         cwx     0.7273    0.6400    0.6809        25
         hdx     0.2821    0.6471    0.3929        17
         mtx     0.6000    0.1667    0.2609        18
         nqx     0.6000    0.2500    0.3529        24
         qtx     0.6667    0.7586    0.7097        29
         zxx     0.5926    0.7805    0.6737        41

    accuracy                         0.5568       185
   macro avg     0.5799    0.5232    0.5088       185
weighted avg     0.5953    0.5568    0.5420       185

micro f-score: 0.5567567567567567

========== Train Epoch 24 ==========
Loss: 0.055	Accuracy: 56.22%	Cost 29s
              precision    recall  f1-score   support

         bzx     0.6000    0.3871    0.4706        31
         cwx     0.4884    0.8400    0.6176        25
         hdx     0.7500    0.3529    0.4800        17
         mtx     0.4000    0.3333    0.3636        18
         nqx     0.4667    0.2917    0.3590        24
         qtx     0.7407    0.6897    0.7143        29
         zxx     0.5614    0.7805    0.6531        41

    accuracy                         0.5622       185
   macro avg     0.5725    0.5250    0.5226       185
weighted avg     0.5755    0.5622    0.5451       185

micro f-score: 0.5621621621621622

========== Train Epoch 25 ==========
Loss: 0.064	Accuracy: 56.22%	Cost 27s
              precision    recall  f1-score   support

         bzx     0.4062    0.4194    0.4127        31
         cwx     0.7391    0.6800    0.7083        25
         hdx     0.5000    0.4118    0.4516        17
         mtx     0.3704    0.5556    0.4444        18
         nqx     0.5000    0.4167    0.4545        24
         qtx     0.8182    0.6207    0.7059        29
         zxx     0.6170    0.7073    0.6591        41

    accuracy                         0.5622       185
   macro avg     0.5644    0.5445    0.5481       185
weighted avg     0.5798    0.5622    0.5653       185

micro f-score: 0.5621621621621622

========== Train Epoch 26 ==========
Loss: 0.069	Accuracy: 50.81%	Cost 28s
              precision    recall  f1-score   support

         bzx     0.6000    0.2903    0.3913        31
         cwx     0.3492    0.8800    0.5000        25
         hdx     0.4545    0.2941    0.3571        17
         mtx     0.4167    0.2778    0.3333        18
         nqx     0.6667    0.1667    0.2667        24
         qtx     0.6786    0.6552    0.6667        29
         zxx     0.6000    0.7317    0.6593        41

    accuracy                         0.5081       185
   macro avg     0.5380    0.4708    0.4535       185
weighted avg     0.5559    0.5081    0.4836       185

micro f-score: 0.5081081081081081

========== Train Epoch 27 ==========
Loss: 0.053	Accuracy: 55.68%	Cost 27s
              precision    recall  f1-score   support

         bzx     0.6471    0.3548    0.4583        31
         cwx     0.5152    0.6800    0.5862        25
         hdx     0.3571    0.5882    0.4444        17
         mtx     0.5385    0.3889    0.4516        18
         nqx     0.6667    0.2500    0.3636        24
         qtx     0.5526    0.7241    0.6269        29
         zxx     0.6596    0.7561    0.7045        41

    accuracy                         0.5568       185
   macro avg     0.5624    0.5346    0.5194       185
weighted avg     0.5825    0.5568    0.5424       185

micro f-score: 0.5567567567567567

========== Train Epoch 28 ==========
Loss: 0.046	Accuracy: 58.38%	Cost 29s
              precision    recall  f1-score   support

         bzx     0.5000    0.5484    0.5231        31
         cwx     0.8824    0.6000    0.7143        25
         hdx     0.6250    0.2941    0.4000        17
         mtx     0.4118    0.3889    0.4000        18
         nqx     0.3636    0.6667    0.4706        24
         qtx     0.8333    0.6897    0.7547        29
         zxx     0.6829    0.6829    0.6829        41

    accuracy                         0.5838       185
   macro avg     0.6141    0.5529    0.5637       185
weighted avg     0.6297    0.5838    0.5906       185

micro f-score: 0.5837837837837838

========== Train Epoch 29 ==========
Loss: 0.040	Accuracy: 40.00%	Cost 28s
              precision    recall  f1-score   support

         bzx     0.4286    0.0968    0.1579        31
         cwx     0.6818    0.6000    0.6383        25
         hdx     0.5000    0.1765    0.2609        17
         mtx     0.2667    0.2222    0.2424        18
         nqx     0.6000    0.1250    0.2069        24
         qtx     0.8182    0.3103    0.4500        29
         zxx     0.3109    0.9024    0.4625        41

    accuracy                         0.4000       185
   macro avg     0.5152    0.3476    0.3456       185
weighted avg     0.5108    0.4000    0.3602       185

micro f-score: 0.4000000000000001

========== Train Epoch 30 ==========
Loss: 0.031	Accuracy: 56.76%	Cost 28s
              precision    recall  f1-score   support

         bzx     0.5417    0.4194    0.4727        31
         cwx     0.4348    0.8000    0.5634        25
         hdx     0.8000    0.2353    0.3636        17
         mtx     0.5000    0.4444    0.4706        18
         nqx     0.6000    0.2500    0.3529        24
         qtx     0.7419    0.7931    0.7667        29
         zxx     0.5849    0.7561    0.6596        41

    accuracy                         0.5676       185
   macro avg     0.6005    0.5283    0.5214       185
weighted avg     0.5955    0.5676    0.5467       185

micro f-score: 0.5675675675675675

========== Train Epoch 31 ==========
Loss: 0.037	Accuracy: 54.59%	Cost 28s
              precision    recall  f1-score   support

         bzx     0.5217    0.3871    0.4444        31
         cwx     0.6207    0.7200    0.6667        25
         hdx     0.5556    0.2941    0.3846        17
         mtx     0.4375    0.3889    0.4118        18
         nqx     0.4706    0.3333    0.3902        24
         qtx     0.6207    0.6207    0.6207        29
         zxx     0.5323    0.8049    0.6408        41

    accuracy                         0.5459       185
   macro avg     0.5370    0.5070    0.5085       185
weighted avg     0.5412    0.5459    0.5299       185

micro f-score: 0.5459459459459459

========== Train Epoch 32 ==========
Loss: 0.034	Accuracy: 51.89%	Cost 27s
              precision    recall  f1-score   support

         bzx     0.4118    0.2258    0.2917        31
         cwx     0.6897    0.8000    0.7407        25
         hdx     0.6667    0.1176    0.2000        17
         mtx     0.2308    0.6667    0.3429        18
         nqx     0.5455    0.2500    0.3429        24
         qtx     0.7727    0.5862    0.6667        29
         zxx     0.6275    0.7805    0.6957        41

    accuracy                         0.5189       185
   macro avg     0.5635    0.4895    0.4686       185
weighted avg     0.5769    0.5189    0.5039       185

micro f-score: 0.518918918918919

========== Train Epoch 33 ==========
Loss: 0.026	Accuracy: 54.05%	Cost 28s
              precision    recall  f1-score   support

         bzx     0.5500    0.3548    0.4314        31
         cwx     0.5116    0.8800    0.6471        25
         hdx     0.2973    0.6471    0.4074        17
         mtx     0.6667    0.2222    0.3333        18
         nqx     0.6667    0.2500    0.3636        24
         qtx     0.6250    0.6897    0.6557        29
         zxx     0.6842    0.6341    0.6582        41

    accuracy                         0.5405       185
   macro avg     0.5716    0.5254    0.4995       185
weighted avg     0.5896    0.5405    0.5254       185

micro f-score: 0.5405405405405406

========== Train Epoch 34 ==========
Loss: 0.024	Accuracy: 54.59%	Cost 27s
              precision    recall  f1-score   support

         bzx     0.3846    0.8065    0.5208        31
         cwx     0.7407    0.8000    0.7692        25
         hdx     0.5000    0.1176    0.1905        17
         mtx     0.3889    0.3889    0.3889        18
         nqx     0.5455    0.2500    0.3429        24
         qtx     0.6667    0.5517    0.6038        29
         zxx     0.6944    0.6098    0.6494        41

    accuracy                         0.5459       185
   macro avg     0.5601    0.5035    0.4951       185
weighted avg     0.5775    0.5459    0.5296       185

micro f-score: 0.5459459459459459

========== Train Epoch 35 ==========
Loss: 0.024	Accuracy: 56.22%	Cost 27s
              precision    recall  f1-score   support

         bzx     0.5294    0.2903    0.3750        31
         cwx     0.5128    0.8000    0.6250        25
         hdx     0.8000    0.2353    0.3636        17
         mtx     0.5000    0.5000    0.5000        18
         nqx     0.4074    0.4583    0.4314        24
         qtx     0.7692    0.6897    0.7273        29
         zxx     0.5849    0.7561    0.6596        41

    accuracy                         0.5622       185
   macro avg     0.5863    0.5328    0.5260       185
weighted avg     0.5832    0.5622    0.5455       185

micro f-score: 0.5621621621621622

========== Train Epoch 36 ==========
Loss: 0.027	Accuracy: 52.43%	Cost 29s
              precision    recall  f1-score   support

         bzx     0.4865    0.5806    0.5294        31
         cwx     0.3800    0.7600    0.5067        25
         hdx     0.6667    0.2353    0.3478        17
         mtx     0.4000    0.2222    0.2857        18
         nqx     0.8333    0.2083    0.3333        24
         qtx     0.4783    0.7586    0.5867        29
         zxx     0.8333    0.6098    0.7042        41

    accuracy                         0.5243       185
   macro avg     0.5826    0.4821    0.4705       185
weighted avg     0.6008    0.5243    0.5082       185

micro f-score: 0.5243243243243243

========== Train Epoch 37 ==========
Loss: 0.021	Accuracy: 55.14%	Cost 28s
              precision    recall  f1-score   support

         bzx     0.5000    0.3548    0.4151        31
         cwx     0.7308    0.7600    0.7451        25
         hdx     0.5000    0.2941    0.3704        17
         mtx     0.3889    0.3889    0.3889        18
         nqx     0.5000    0.3333    0.4000        24
         qtx     0.6061    0.6897    0.6452        29
         zxx     0.5333    0.7805    0.6337        41

    accuracy                         0.5514       185
   macro avg     0.5370    0.5145    0.5140       185
weighted avg     0.5444    0.5514    0.5356       185

micro f-score: 0.5513513513513514

========== Train Epoch 38 ==========
Loss: 0.018	Accuracy: 52.97%	Cost 29s
              precision    recall  f1-score   support

         bzx     0.5000    0.4839    0.4918        31
         cwx     0.4200    0.8400    0.5600        25
         hdx     0.6000    0.1765    0.2727        17
         mtx     0.5385    0.3889    0.4516        18
         nqx     0.5714    0.1667    0.2581        24
         qtx     0.6071    0.5862    0.5965        29
         zxx     0.5962    0.7561    0.6667        41

    accuracy                         0.5297       185
   macro avg     0.5476    0.4855    0.4711       185
weighted avg     0.5495    0.5297    0.5018       185

micro f-score: 0.5297297297297298

========== Train Epoch 39 ==========
Loss: 0.018	Accuracy: 56.22%	Cost 27s
              precision    recall  f1-score   support

         bzx     0.5000    0.4194    0.4561        31
         cwx     0.7391    0.6800    0.7083        25
         hdx     0.6667    0.2353    0.3478        17
         mtx     0.5833    0.3889    0.4667        18
         nqx     0.5000    0.3750    0.4286        24
         qtx     0.5385    0.7241    0.6176        29
         zxx     0.5410    0.8049    0.6471        41

    accuracy                         0.5622       185
   macro avg     0.5812    0.5182    0.5246       185
weighted avg     0.5709    0.5622    0.5453       185

micro f-score: 0.5621621621621622

========== Train Epoch 40 ==========
Loss: 0.014	Accuracy: 53.51%	Cost 28s
              precision    recall  f1-score   support

         bzx     0.6667    0.3226    0.4348        31
         cwx     0.4490    0.8800    0.5946        25
         hdx     0.3333    0.2353    0.2759        17
         mtx     0.5714    0.4444    0.5000        18
         nqx     0.7500    0.2500    0.3750        24
         qtx     0.6296    0.5862    0.6071        29
         zxx     0.5333    0.7805    0.6337        41

    accuracy                         0.5351       185
   macro avg     0.5619    0.4999    0.4887       185
weighted avg     0.5728    0.5351    0.5115       185

micro f-score: 0.5351351351351351

========== Train Epoch 41 ==========
Loss: 0.015	Accuracy: 57.84%	Cost 28s
              precision    recall  f1-score   support

         bzx     0.5429    0.6129    0.5758        31
         cwx     0.7083    0.6800    0.6939        25
         hdx     0.8000    0.2353    0.3636        17
         mtx     0.4545    0.2778    0.3448        18
         nqx     0.4783    0.4583    0.4681        24
         qtx     0.4792    0.7931    0.5974        29
         zxx     0.7179    0.6829    0.7000        41

    accuracy                         0.5784       185
   macro avg     0.5973    0.5343    0.5348       185
weighted avg     0.6007    0.5784    0.5667       185

micro f-score: 0.5783783783783784

========== Train Epoch 42 ==========
Loss: 0.016	Accuracy: 54.05%	Cost 28s
              precision    recall  f1-score   support

         bzx     0.4545    0.3226    0.3774        31
         cwx     0.6552    0.7600    0.7037        25
         hdx     0.4615    0.3529    0.4000        17
         mtx     0.3333    0.5000    0.4000        18
         nqx     0.5833    0.2917    0.3889        24
         qtx     0.5926    0.5517    0.5714        29
         zxx     0.6000    0.8049    0.6875        41

    accuracy                         0.5405       185
   macro avg     0.5258    0.5120    0.5041       185
weighted avg     0.5411    0.5405    0.5264       185

micro f-score: 0.5405405405405406

========== Train Epoch 43 ==========
Loss: 0.018	Accuracy: 52.97%	Cost 27s
              precision    recall  f1-score   support

         bzx     0.5238    0.3548    0.4231        31
         cwx     0.6800    0.6800    0.6800        25
         hdx     0.7500    0.1765    0.2857        17
         mtx     0.4074    0.6111    0.4889        18
         nqx     0.5000    0.2500    0.3333        24
         qtx     0.5806    0.6207    0.6000        29
         zxx     0.4923    0.7805    0.6038        41

    accuracy                         0.5297       185
   macro avg     0.5620    0.4962    0.4878       185
weighted avg     0.5532    0.5297    0.5077       185

micro f-score: 0.5297297297297298

========== Train Epoch 44 ==========
Loss: 0.038	Accuracy: 51.35%	Cost 28s
              precision    recall  f1-score   support

         bzx     0.5294    0.2903    0.3750        31
         cwx     0.4872    0.7600    0.5938        25
         hdx     0.2609    0.3529    0.3000        17
         mtx     0.4444    0.2222    0.2963        18
         nqx     0.7500    0.2500    0.3750        24
         qtx     0.7692    0.6897    0.7273        29
         zxx     0.4921    0.7561    0.5962        41

    accuracy                         0.5135       185
   macro avg     0.5333    0.4745    0.4662       185
weighted avg     0.5487    0.5135    0.4942       185

micro f-score: 0.5135135135135135

========== Train Epoch 45 ==========
Loss: 0.031	Accuracy: 52.43%	Cost 27s
              precision    recall  f1-score   support

         bzx     0.3830    0.5806    0.4615        31
         cwx     0.6000    0.7200    0.6545        25
         hdx     0.6000    0.1765    0.2727        17
         mtx     0.5000    0.1667    0.2500        18
         nqx     0.4706    0.3333    0.3902        24
         qtx     0.8333    0.5172    0.6383        29
         zxx     0.5161    0.7805    0.6214        41

    accuracy                         0.5243       185
   macro avg     0.5576    0.4678    0.4698       185
weighted avg     0.5551    0.5243    0.5036       185

micro f-score: 0.5243243243243243

========== Train Epoch 46 ==========
Loss: 0.028	Accuracy: 54.59%	Cost 27s
              precision    recall  f1-score   support

         bzx     0.4167    0.6452    0.5063        31
         cwx     0.5556    0.8000    0.6557        25
         hdx     0.5000    0.1765    0.2609        17
         mtx     0.3214    0.5000    0.3913        18
         nqx     0.6667    0.1667    0.2667        24
         qtx     0.6552    0.6552    0.6552        29
         zxx     0.8125    0.6341    0.7123        41

    accuracy                         0.5459       185
   macro avg     0.5611    0.5111    0.4926       185
weighted avg     0.5914    0.5459    0.5307       185

micro f-score: 0.5459459459459459

========== Train Epoch 47 ==========
Loss: 0.016	Accuracy: 55.68%	Cost 27s
              precision    recall  f1-score   support

         bzx     0.5385    0.2258    0.3182        31
         cwx     0.5500    0.8800    0.6769        25
         hdx     0.7500    0.3529    0.4800        17
         mtx     0.3636    0.4444    0.4000        18
         nqx     0.5333    0.3333    0.4103        24
         qtx     0.6562    0.7241    0.6885        29
         zxx     0.5636    0.7561    0.6458        41

    accuracy                         0.5568       185
   macro avg     0.5650    0.5310    0.5171       185
weighted avg     0.5658    0.5568    0.5321       185

micro f-score: 0.5567567567567567

========== Train Epoch 48 ==========
Loss: 0.014	Accuracy: 56.76%	Cost 28s
              precision    recall  f1-score   support

         bzx     0.4583    0.3548    0.4000        31
         cwx     0.6250    0.8000    0.7018        25
         hdx     0.5000    0.4118    0.4516        17
         mtx     0.3600    0.5000    0.4186        18
         nqx     0.7273    0.3333    0.4571        24
         qtx     0.6552    0.6552    0.6552        29
         zxx     0.6200    0.7561    0.6813        41

    accuracy                         0.5676       185
   macro avg     0.5637    0.5445    0.5379       185
weighted avg     0.5767    0.5676    0.5571       185

micro f-score: 0.5675675675675675

========== Train Epoch 49 ==========
Loss: 0.013	Accuracy: 55.68%	Cost 27s
              precision    recall  f1-score   support

         bzx     0.4400    0.3548    0.3929        31
         cwx     0.5405    0.8000    0.6452        25
         hdx     0.5333    0.4706    0.5000        17
         mtx     0.3889    0.3889    0.3889        18
         nqx     0.6667    0.3333    0.4444        24
         qtx     0.6207    0.6207    0.6207        29
         zxx     0.6327    0.7561    0.6889        41

    accuracy                         0.5568       185
   macro avg     0.5461    0.5321    0.5258       185
weighted avg     0.5576    0.5568    0.5444       185

micro f-score: 0.5567567567567567

========== Train Epoch 50 ==========
Loss: 0.013	Accuracy: 54.59%	Cost 27s
              precision    recall  f1-score   support

         bzx     0.4800    0.3871    0.4286        31
         cwx     0.5714    0.8000    0.6667        25
         hdx     0.7500    0.3529    0.4800        17
         mtx     0.3571    0.2778    0.3125        18
         nqx     0.6364    0.2917    0.4000        24
         qtx     0.6552    0.6552    0.6552        29
         zxx     0.5079    0.7805    0.6154        41

    accuracy                         0.5459       185
   macro avg     0.5654    0.5064    0.5083       185
weighted avg     0.5591    0.5459    0.5274       185

micro f-score: 0.5459459459459459

========== Train Epoch 51 ==========
Loss: 0.010	Accuracy: 56.22%	Cost 28s
              precision    recall  f1-score   support

         bzx     0.5000    0.6129    0.5507        31
         cwx     0.4468    0.8400    0.5833        25
         hdx     0.5000    0.2941    0.3704        17
         mtx     0.5000    0.3333    0.4000        18
         nqx     0.7143    0.2083    0.3226        24
         qtx     0.8571    0.6207    0.7200        29
         zxx     0.6000    0.7317    0.6593        41

    accuracy                         0.5622       185
   macro avg     0.5883    0.5202    0.5152       185
weighted avg     0.5988    0.5622    0.5449       185

micro f-score: 0.5621621621621622

========== Train Epoch 52 ==========
Loss: 0.012	Accuracy: 57.30%	Cost 28s
              precision    recall  f1-score   support

         bzx     0.5172    0.4839    0.5000        31
         cwx     0.6061    0.8000    0.6897        25
         hdx     0.5714    0.2353    0.3333        17
         mtx     0.3462    0.5000    0.4091        18
         nqx     0.6429    0.3750    0.4737        24
         qtx     0.6923    0.6207    0.6545        29
         zxx     0.6200    0.7561    0.6813        41

    accuracy                         0.5730       185
   macro avg     0.5709    0.5387    0.5345       185
weighted avg     0.5841    0.5730    0.5625       185

micro f-score: 0.572972972972973

========== Train Epoch 53 ==========
Loss: 0.014	Accuracy: 45.95%	Cost 28s
              precision    recall  f1-score   support

         bzx     0.4667    0.2258    0.3043        31
         cwx     0.5926    0.6400    0.6154        25
         hdx     0.4444    0.2353    0.3077        17
         mtx     0.3333    0.1667    0.2222        18
         nqx     0.7500    0.2500    0.3750        24
         qtx     0.7778    0.4828    0.5957        29
         zxx     0.3535    0.8537    0.5000        41

    accuracy                         0.4595       185
   macro avg     0.5312    0.4077    0.4172       185
weighted avg     0.5291    0.4595    0.4369       185

micro f-score: 0.4594594594594595

========== Train Epoch 54 ==========
Loss: 0.012	Accuracy: 55.68%	Cost 27s
              precision    recall  f1-score   support

         bzx     0.3594    0.7419    0.4842        31
         cwx     0.7037    0.7600    0.7308        25
         hdx     0.7143    0.2941    0.4167        17
         mtx     0.4444    0.2222    0.2963        18
         nqx     0.5789    0.4583    0.5116        24
         qtx     0.6538    0.5862    0.6182        29
         zxx     0.7273    0.5854    0.6486        41

    accuracy                         0.5568       185
   macro avg     0.5974    0.5212    0.5295       185
weighted avg     0.6030    0.5568    0.5540       185

micro f-score: 0.5567567567567567

========== Train Epoch 55 ==========
Loss: 0.010	Accuracy: 55.68%	Cost 28s
              precision    recall  f1-score   support

         bzx     0.5000    0.4516    0.4746        31
         cwx     0.5556    0.8000    0.6557        25
         hdx     0.6364    0.4118    0.5000        17
         mtx     0.4118    0.3889    0.4000        18
         nqx     0.6000    0.2500    0.3529        24
         qtx     0.5758    0.6552    0.6129        29
         zxx     0.6000    0.7317    0.6593        41

    accuracy                         0.5568       185
   macro avg     0.5542    0.5270    0.5222       185
weighted avg     0.5585    0.5568    0.5410       185

micro f-score: 0.5567567567567567

========== Train Epoch 56 ==========
Loss: 0.011	Accuracy: 54.59%	Cost 27s
              precision    recall  f1-score   support

         bzx     0.5500    0.3548    0.4314        31
         cwx     0.5714    0.8000    0.6667        25
         hdx     0.6667    0.2353    0.3478        17
         mtx     0.4286    0.3333    0.3750        18
         nqx     0.6154    0.3333    0.4324        24
         qtx     0.6429    0.6207    0.6316        29
         zxx     0.4928    0.8293    0.6182        41

    accuracy                         0.5459       185
   macro avg     0.5668    0.5010    0.5004       185
weighted avg     0.5622    0.5459    0.5229       185

micro f-score: 0.5459459459459459

========== Train Epoch 57 ==========
Loss: 0.011	Accuracy: 52.97%	Cost 26s
              precision    recall  f1-score   support

         bzx     0.4545    0.3226    0.3774        31
         cwx     0.4667    0.8400    0.6000        25
         hdx     0.5000    0.2941    0.3704        17
         mtx     0.5000    0.4444    0.4706        18
         nqx     0.7500    0.2500    0.3750        24
         qtx     0.7083    0.5862    0.6415        29
         zxx     0.5167    0.7561    0.6139        41

    accuracy                         0.5297       185
   macro avg     0.5566    0.4991    0.4927       185
weighted avg     0.5567    0.5297    0.5094       185

micro f-score: 0.5297297297297298

========== Train Epoch 58 ==========
Loss: 0.010	Accuracy: 58.38%	Cost 27s
              precision    recall  f1-score   support

         bzx     0.5000    0.6129    0.5507        31
         cwx     0.6786    0.7600    0.7170        25
         hdx     0.6000    0.1765    0.2727        17
         mtx     0.4118    0.3889    0.4000        18
         nqx     0.5714    0.3333    0.4211        24
         qtx     0.5526    0.7241    0.6269        29
         zxx     0.6889    0.7561    0.7209        41

    accuracy                         0.5838       185
   macro avg     0.5719    0.5360    0.5299       185
weighted avg     0.5841    0.5838    0.5658       185

micro f-score: 0.5837837837837838

========== Train Epoch 59 ==========
Loss: 0.009	Accuracy: 54.05%	Cost 28s
              precision    recall  f1-score   support

         bzx     0.4615    0.3871    0.4211        31
         cwx     0.5714    0.8000    0.6667        25
         hdx     0.4286    0.1765    0.2500        17
         mtx     0.5000    0.3333    0.4000        18
         nqx     0.5625    0.3750    0.4500        24
         qtx     0.5938    0.6552    0.6230        29
         zxx     0.5439    0.7561    0.6327        41

    accuracy                         0.5405       185
   macro avg     0.5231    0.4976    0.4919       185
weighted avg     0.5292    0.5405    0.5188       185

micro f-score: 0.5405405405405406

========== Train Epoch 60 ==========
Loss: 0.011	Accuracy: 50.27%	Cost 28s
              precision    recall  f1-score   support

         bzx     0.6154    0.2581    0.3636        31
         cwx     0.3194    0.9200    0.4742        25
         hdx     0.7500    0.1765    0.2857        17
         mtx     0.4211    0.4444    0.4324        18
         nqx     0.5000    0.4583    0.4783        24
         qtx     0.6129    0.6552    0.6333        29
         zxx     0.8750    0.5122    0.6462        41

    accuracy                         0.5027       185
   macro avg     0.5848    0.4892    0.4734       185
weighted avg     0.6110    0.5027    0.4979       185

micro f-score: 0.5027027027027027

========== Train Epoch 61 ==========
Loss: 0.018	Accuracy: 33.51%	Cost 27s
              precision    recall  f1-score   support

         bzx     0.3333    0.0645    0.1081        31
         cwx     0.6875    0.4400    0.5366        25
         hdx     0.4000    0.1176    0.1818        17
         mtx     0.0000    0.0000    0.0000        18
         nqx     1.0000    0.0833    0.1538        24
         qtx     0.6250    0.1724    0.2703        29
         zxx     0.2703    0.9756    0.4233        41

    accuracy                         0.3351       185
   macro avg     0.4737    0.2648    0.2391       185
weighted avg     0.4731    0.3351    0.2635       185

micro f-score: 0.33513513513513515

========== Train Epoch 62 ==========
Loss: 0.040	Accuracy: 30.27%	Cost 28s
              precision    recall  f1-score   support

         bzx     0.2523    0.8710    0.3913        31
         cwx     0.5714    0.1600    0.2500        25
         hdx     0.1714    0.3529    0.2308        17
         mtx     0.0000    0.0000    0.0000        18
         nqx     0.4615    0.2500    0.3243        24
         qtx     0.5714    0.4138    0.4800        29
         zxx     1.0000    0.0244    0.0476        41

    accuracy                         0.3027       185
   macro avg     0.4326    0.2960    0.2463       185
weighted avg     0.5063    0.3027    0.2484       185

micro f-score: 0.3027027027027027

========== Train Epoch 63 ==========
Loss: 0.270	Accuracy: 40.00%	Cost 27s
              precision    recall  f1-score   support

         bzx     0.3333    0.5161    0.4051        31
         cwx     0.3636    0.8000    0.5000        25
         hdx     0.3333    0.0588    0.1000        17
         mtx     0.5000    0.1111    0.1818        18
         nqx     0.0000    0.0000    0.0000        24
         qtx     1.0000    0.1379    0.2424        29
         zxx     0.4366    0.7561    0.5536        41

    accuracy                         0.4000       185
   macro avg     0.4238    0.3400    0.2833       185
weighted avg     0.4378    0.4000    0.3230       185

micro f-score: 0.4000000000000001

========== Train Epoch 64 ==========
Loss: 0.298	Accuracy: 32.97%	Cost 26s
              precision    recall  f1-score   support

         bzx     0.5000    0.0968    0.1622        31
         cwx     1.0000    0.0800    0.1481        25
         hdx     0.2449    0.7059    0.3636        17
         mtx     0.3333    0.0556    0.0952        18
         nqx     1.0000    0.1250    0.2222        24
         qtx     1.0000    0.0345    0.0667        29
         zxx     0.3223    0.9512    0.4815        41

    accuracy                         0.3297       185
   macro avg     0.6286    0.2927    0.2199       185
weighted avg     0.6318    0.3297    0.2359       185

micro f-score: 0.32972972972972975

Finished training!!!

Min Loss = 0.009 in epoch 58;
Max Accuracy = 58.38% in epoch 27;
Total Cost 30 minutes

===============================================================================================
Layer (type:depth-idx)                        Output Shape              Param #
===============================================================================================
├─Conv2d: 1-1                                 [-1, 64, 160, 160]        9,408
├─BatchNorm2d: 1-2                            [-1, 64, 160, 160]        128
├─ReLU: 1-3                                   [-1, 64, 160, 160]        --
├─MaxPool2d: 1-4                              [-1, 64, 80, 80]          --
├─Sequential: 1-5                             [-1, 64, 80, 80]          --
|    └─BasicBlock: 2-1                        [-1, 64, 80, 80]          --
|    |    └─Conv2d: 3-1                       [-1, 64, 80, 80]          36,864
|    |    └─BatchNorm2d: 3-2                  [-1, 64, 80, 80]          128
|    |    └─ReLU: 3-3                         [-1, 64, 80, 80]          --
|    |    └─Conv2d: 3-4                       [-1, 64, 80, 80]          36,864
|    |    └─BatchNorm2d: 3-5                  [-1, 64, 80, 80]          128
|    |    └─CoordAtt: 3-6                     [-1, 64, 80, 80]          1,688
|    |    └─ReLU: 3-7                         [-1, 64, 80, 80]          --
|    └─BasicBlock: 2-2                        [-1, 64, 80, 80]          --
|    |    └─Conv2d: 3-8                       [-1, 64, 80, 80]          36,864
|    |    └─BatchNorm2d: 3-9                  [-1, 64, 80, 80]          128
|    |    └─ReLU: 3-10                        [-1, 64, 80, 80]          --
|    |    └─Conv2d: 3-11                      [-1, 64, 80, 80]          36,864
|    |    └─BatchNorm2d: 3-12                 [-1, 64, 80, 80]          128
|    |    └─CoordAtt: 3-13                    [-1, 64, 80, 80]          1,688
|    |    └─ReLU: 3-14                        [-1, 64, 80, 80]          --
├─Sequential: 1-6                             [-1, 128, 40, 40]         --
|    └─BasicBlock: 2-3                        [-1, 128, 40, 40]         --
|    |    └─Conv2d: 3-15                      [-1, 128, 40, 40]         73,728
|    |    └─BatchNorm2d: 3-16                 [-1, 128, 40, 40]         256
|    |    └─ReLU: 3-17                        [-1, 128, 40, 40]         --
|    |    └─Conv2d: 3-18                      [-1, 128, 40, 40]         147,456
|    |    └─BatchNorm2d: 3-19                 [-1, 128, 40, 40]         256
|    |    └─CoordAtt: 3-20                    [-1, 128, 40, 40]         3,352
|    |    └─Sequential: 3-21                  [-1, 128, 40, 40]         8,448
|    |    └─ReLU: 3-22                        [-1, 128, 40, 40]         --
|    └─BasicBlock: 2-4                        [-1, 128, 40, 40]         --
|    |    └─Conv2d: 3-23                      [-1, 128, 40, 40]         147,456
|    |    └─BatchNorm2d: 3-24                 [-1, 128, 40, 40]         256
|    |    └─ReLU: 3-25                        [-1, 128, 40, 40]         --
|    |    └─Conv2d: 3-26                      [-1, 128, 40, 40]         147,456
|    |    └─BatchNorm2d: 3-27                 [-1, 128, 40, 40]         256
|    |    └─CoordAtt: 3-28                    [-1, 128, 40, 40]         3,352
|    |    └─ReLU: 3-29                        [-1, 128, 40, 40]         --
├─Sequential: 1-7                             [-1, 256, 20, 20]         --
|    └─BasicBlock: 2-5                        [-1, 256, 20, 20]         --
|    |    └─Conv2d: 3-30                      [-1, 256, 20, 20]         294,912
|    |    └─BatchNorm2d: 3-31                 [-1, 256, 20, 20]         512
|    |    └─ReLU: 3-32                        [-1, 256, 20, 20]         --
|    |    └─Conv2d: 3-33                      [-1, 256, 20, 20]         589,824
|    |    └─BatchNorm2d: 3-34                 [-1, 256, 20, 20]         512
|    |    └─CoordAtt: 3-35                    [-1, 256, 20, 20]         6,680
|    |    └─Sequential: 3-36                  [-1, 256, 20, 20]         33,280
|    |    └─ReLU: 3-37                        [-1, 256, 20, 20]         --
|    └─BasicBlock: 2-6                        [-1, 256, 20, 20]         --
|    |    └─Conv2d: 3-38                      [-1, 256, 20, 20]         589,824
|    |    └─BatchNorm2d: 3-39                 [-1, 256, 20, 20]         512
|    |    └─ReLU: 3-40                        [-1, 256, 20, 20]         --
|    |    └─Conv2d: 3-41                      [-1, 256, 20, 20]         589,824
|    |    └─BatchNorm2d: 3-42                 [-1, 256, 20, 20]         512
|    |    └─CoordAtt: 3-43                    [-1, 256, 20, 20]         6,680
|    |    └─ReLU: 3-44                        [-1, 256, 20, 20]         --
├─Sequential: 1-8                             [-1, 512, 10, 10]         --
|    └─BasicBlock: 2-7                        [-1, 512, 10, 10]         --
|    |    └─Conv2d: 3-45                      [-1, 512, 10, 10]         1,179,648
|    |    └─BatchNorm2d: 3-46                 [-1, 512, 10, 10]         1,024
|    |    └─ReLU: 3-47                        [-1, 512, 10, 10]         --
|    |    └─Conv2d: 3-48                      [-1, 512, 10, 10]         2,359,296
|    |    └─BatchNorm2d: 3-49                 [-1, 512, 10, 10]         1,024
|    |    └─CoordAtt: 3-50                    [-1, 512, 10, 10]         25,648
|    |    └─Sequential: 3-51                  [-1, 512, 10, 10]         132,096
|    |    └─ReLU: 3-52                        [-1, 512, 10, 10]         --
|    └─BasicBlock: 2-8                        [-1, 512, 10, 10]         --
|    |    └─Conv2d: 3-53                      [-1, 512, 10, 10]         2,359,296
|    |    └─BatchNorm2d: 3-54                 [-1, 512, 10, 10]         1,024
|    |    └─ReLU: 3-55                        [-1, 512, 10, 10]         --
|    |    └─Conv2d: 3-56                      [-1, 512, 10, 10]         2,359,296
|    |    └─BatchNorm2d: 3-57                 [-1, 512, 10, 10]         1,024
|    |    └─CoordAtt: 3-58                    [-1, 512, 10, 10]         25,648
|    |    └─ReLU: 3-59                        [-1, 512, 10, 10]         --
├─AdaptiveAvgPool2d: 1-9                      [-1, 512, 1, 1]           --
├─Linear: 1-10                                [-1, 7]                   3,591
===============================================================================================
Total params: 11,254,839
Trainable params: 11,254,839
Non-trainable params: 0
Total mult-adds (G): 3.73
===============================================================================================
Input size (MB): 1.17
Forward/backward pass size (MB): 78.05
Params size (MB): 42.93
Estimated Total Size (MB): 122.15
===============================================================================================



