Train Model: ResNet, Using device cuda

========== Train Epoch 1 ==========
Loss: 2.380	Accuracy: 16 %	Time 177 s
Accuracy for class bzx   is: 0.0 %
Accuracy for class cwx   is: 0.0 %
Accuracy for class hdx   is: 100.0 %
Accuracy for class mtx   is: 0.0 %
Accuracy for class nqx   is: 0.0 %
Accuracy for class qtx   is: 0.0 %
Accuracy for class zxx   is: 0.0 %

========== Train Epoch 2 ==========
Loss: 2.013	Accuracy: 18 %	Time 181 s
Accuracy for class bzx   is: 0.0 %
Accuracy for class cwx   is: 0.0 %
Accuracy for class hdx   is: 0.0 %
Accuracy for class mtx   is: 0.0 %
Accuracy for class nqx   is: 0.0 %
Accuracy for class qtx   is: 0.0 %
Accuracy for class zxx   is: 100.0 %

========== Train Epoch 3 ==========
Loss: 1.886	Accuracy: 23 %	Time 168 s
Accuracy for class bzx   is: 97.2 %
Accuracy for class cwx   is: 0.0 %
Accuracy for class hdx   is: 0.0 %
Accuracy for class mtx   is: 6.8 %
Accuracy for class nqx   is: 14.1 %
Accuracy for class qtx   is: 0.0 %
Accuracy for class zxx   is: 13.2 %

========== Train Epoch 4 ==========
Loss: 1.824	Accuracy: 27 %	Time 185 s
Accuracy for class bzx   is: 46.2 %
Accuracy for class cwx   is: 0.0 %
Accuracy for class hdx   is: 85.9 %
Accuracy for class mtx   is: 0.0 %
Accuracy for class nqx   is: 19.7 %
Accuracy for class qtx   is: 19.3 %
Accuracy for class zxx   is: 0.9 %

========== Train Epoch 5 ==========
Loss: 1.748	Accuracy: 28 %	Time 177 s
Accuracy for class bzx   is: 85.8 %
Accuracy for class cwx   is: 0.0 %
Accuracy for class hdx   is: 39.1 %
Accuracy for class mtx   is: 14.6 %
Accuracy for class nqx   is: 1.4 %
Accuracy for class qtx   is: 12.3 %
Accuracy for class zxx   is: 10.4 %

========== Train Epoch 6 ==========
Loss: 1.632	Accuracy: 35 %	Time 170 s
Accuracy for class bzx   is: 65.1 %
Accuracy for class cwx   is: 0.0 %
Accuracy for class hdx   is: 69.6 %
Accuracy for class mtx   is: 27.2 %
Accuracy for class nqx   is: 4.2 %
Accuracy for class qtx   is: 29.8 %
Accuracy for class zxx   is: 15.1 %

========== Train Epoch 7 ==========
Loss: 1.631	Accuracy: 35 %	Time 181 s
Accuracy for class bzx   is: 66.0 %
Accuracy for class cwx   is: 0.0 %
Accuracy for class hdx   is: 51.1 %
Accuracy for class mtx   is: 24.3 %
Accuracy for class nqx   is: 18.3 %
Accuracy for class qtx   is: 3.5 %
Accuracy for class zxx   is: 41.5 %

========== Train Epoch 8 ==========
Loss: 1.550	Accuracy: 41 %	Time 183 s
Accuracy for class bzx   is: 52.8 %
Accuracy for class cwx   is: 0.0 %
Accuracy for class hdx   is: 52.2 %
Accuracy for class mtx   is: 0.0 %
Accuracy for class nqx   is: 2.8 %
Accuracy for class qtx   is: 56.1 %
Accuracy for class zxx   is: 92.5 %

========== Train Epoch 9 ==========
Loss: 1.402	Accuracy: 43 %	Time 178 s
Accuracy for class bzx   is: 54.7 %
Accuracy for class cwx   is: 0.0 %
Accuracy for class hdx   is: 37.0 %
Accuracy for class mtx   is: 37.9 %
Accuracy for class nqx   is: 25.4 %
Accuracy for class qtx   is: 50.9 %
Accuracy for class zxx   is: 64.2 %

========== Train Epoch 10 ==========
Loss: 1.346	Accuracy: 39 %	Time 173 s
Accuracy for class bzx   is: 67.9 %
Accuracy for class cwx   is: 0.0 %
Accuracy for class hdx   is: 67.4 %
Accuracy for class mtx   is: 2.9 %
Accuracy for class nqx   is: 26.8 %
Accuracy for class qtx   is: 40.4 %
Accuracy for class zxx   is: 41.5 %

========== Train Epoch 11 ==========
Loss: 1.309	Accuracy: 48 %	Time 173 s
Accuracy for class bzx   is: 62.3 %
Accuracy for class cwx   is: 0.0 %
Accuracy for class hdx   is: 58.7 %
Accuracy for class mtx   is: 13.6 %
Accuracy for class nqx   is: 15.5 %
Accuracy for class qtx   is: 59.6 %
Accuracy for class zxx   is: 86.8 %

========== Train Epoch 12 ==========
Loss: 1.130	Accuracy: 40 %	Time 177 s
Accuracy for class bzx   is: 58.5 %
Accuracy for class cwx   is: 0.0 %
Accuracy for class hdx   is: 67.4 %
Accuracy for class mtx   is: 26.2 %
Accuracy for class nqx   is: 11.3 %
Accuracy for class qtx   is: 10.5 %
Accuracy for class zxx   is: 59.4 %

========== Train Epoch 13 ==========
Loss: 1.152	Accuracy: 47 %	Time 187 s
Accuracy for class bzx   is: 57.5 %
Accuracy for class cwx   is: 7.4 %
Accuracy for class hdx   is: 59.8 %
Accuracy for class mtx   is: 10.7 %
Accuracy for class nqx   is: 26.8 %
Accuracy for class qtx   is: 52.6 %
Accuracy for class zxx   is: 82.1 %

========== Train Epoch 14 ==========
Loss: 1.063	Accuracy: 48 %	Time 184 s
Accuracy for class bzx   is: 49.1 %
Accuracy for class cwx   is: 0.0 %
Accuracy for class hdx   is: 58.7 %
Accuracy for class mtx   is: 33.0 %
Accuracy for class nqx   is: 23.9 %
Accuracy for class qtx   is: 59.6 %
Accuracy for class zxx   is: 78.3 %

========== Train Epoch 15 ==========
Loss: 0.941	Accuracy: 49 %	Time 180 s
Accuracy for class bzx   is: 52.8 %
Accuracy for class cwx   is: 14.8 %
Accuracy for class hdx   is: 60.9 %
Accuracy for class mtx   is: 19.4 %
Accuracy for class nqx   is: 12.7 %
Accuracy for class qtx   is: 73.7 %
Accuracy for class zxx   is: 85.8 %

========== Train Epoch 16 ==========
Loss: 0.887	Accuracy: 53 %	Time 198 s
Accuracy for class bzx   is: 65.1 %
Accuracy for class cwx   is: 14.8 %
Accuracy for class hdx   is: 46.7 %
Accuracy for class mtx   is: 64.1 %
Accuracy for class nqx   is: 21.1 %
Accuracy for class qtx   is: 63.2 %
Accuracy for class zxx   is: 65.1 %

========== Train Epoch 17 ==========
Loss: 0.810	Accuracy: 50 %	Time 195 s
Accuracy for class bzx   is: 44.3 %
Accuracy for class cwx   is: 44.4 %
Accuracy for class hdx   is: 56.5 %
Accuracy for class mtx   is: 30.1 %
Accuracy for class nqx   is: 14.1 %
Accuracy for class qtx   is: 64.9 %
Accuracy for class zxx   is: 86.8 %

========== Train Epoch 18 ==========
Loss: 0.657	Accuracy: 56 %	Time 168 s
Accuracy for class bzx   is: 68.9 %
Accuracy for class cwx   is: 33.3 %
Accuracy for class hdx   is: 60.9 %
Accuracy for class mtx   is: 20.4 %
Accuracy for class nqx   is: 57.7 %
Accuracy for class qtx   is: 63.2 %
Accuracy for class zxx   is: 75.5 %

========== Train Epoch 19 ==========
Loss: 0.561	Accuracy: 56 %	Time 185 s
Accuracy for class bzx   is: 43.4 %
Accuracy for class cwx   is: 22.2 %
Accuracy for class hdx   is: 45.7 %
Accuracy for class mtx   is: 49.5 %
Accuracy for class nqx   is: 71.8 %
Accuracy for class qtx   is: 70.2 %
Accuracy for class zxx   is: 75.5 %

========== Train Epoch 20 ==========
Loss: 0.540	Accuracy: 55 %	Time 193 s
Accuracy for class bzx   is: 58.5 %
Accuracy for class cwx   is: 14.8 %
Accuracy for class hdx   is: 58.7 %
Accuracy for class mtx   is: 40.8 %
Accuracy for class nqx   is: 38.0 %
Accuracy for class qtx   is: 57.9 %
Accuracy for class zxx   is: 84.0 %

========== Train Epoch 21 ==========
Loss: 0.446	Accuracy: 60 %	Time 205 s
Accuracy for class bzx   is: 52.8 %
Accuracy for class cwx   is: 25.9 %
Accuracy for class hdx   is: 62.0 %
Accuracy for class mtx   is: 44.7 %
Accuracy for class nqx   is: 53.5 %
Accuracy for class qtx   is: 78.9 %
Accuracy for class zxx   is: 84.0 %

========== Train Epoch 22 ==========
Loss: 0.453	Accuracy: 58 %	Time 199 s
Accuracy for class bzx   is: 55.7 %
Accuracy for class cwx   is: 25.9 %
Accuracy for class hdx   is: 47.8 %
Accuracy for class mtx   is: 50.5 %
Accuracy for class nqx   is: 36.6 %
Accuracy for class qtx   is: 86.0 %
Accuracy for class zxx   is: 86.8 %

========== Train Epoch 23 ==========
Loss: 0.381	Accuracy: 59 %	Time 195 s
Accuracy for class bzx   is: 62.3 %
Accuracy for class cwx   is: 40.7 %
Accuracy for class hdx   is: 53.3 %
Accuracy for class mtx   is: 61.2 %
Accuracy for class nqx   is: 42.3 %
Accuracy for class qtx   is: 61.4 %
Accuracy for class zxx   is: 74.5 %

========== Train Epoch 24 ==========
Loss: 0.365	Accuracy: 60 %	Time 187 s
Accuracy for class bzx   is: 58.5 %
Accuracy for class cwx   is: 14.8 %
Accuracy for class hdx   is: 56.5 %
Accuracy for class mtx   is: 66.0 %
Accuracy for class nqx   is: 43.7 %
Accuracy for class qtx   is: 80.7 %
Accuracy for class zxx   is: 73.6 %

========== Train Epoch 25 ==========
Loss: 0.299	Accuracy: 62 %	Time 196 s
Accuracy for class bzx   is: 66.0 %
Accuracy for class cwx   is: 33.3 %
Accuracy for class hdx   is: 58.7 %
Accuracy for class mtx   is: 53.4 %
Accuracy for class nqx   is: 36.6 %
Accuracy for class qtx   is: 82.5 %
Accuracy for class zxx   is: 83.0 %

========== Train Epoch 26 ==========
Loss: 0.270	Accuracy: 62 %	Time 195 s
Accuracy for class bzx   is: 61.3 %
Accuracy for class cwx   is: 33.3 %
Accuracy for class hdx   is: 64.1 %
Accuracy for class mtx   is: 55.3 %
Accuracy for class nqx   is: 45.1 %
Accuracy for class qtx   is: 75.4 %
Accuracy for class zxx   is: 80.2 %

========== Train Epoch 27 ==========
Loss: 0.198	Accuracy: 60 %	Time 188 s
Accuracy for class bzx   is: 63.2 %
Accuracy for class cwx   is: 37.0 %
Accuracy for class hdx   is: 64.1 %
Accuracy for class mtx   is: 44.7 %
Accuracy for class nqx   is: 49.3 %
Accuracy for class qtx   is: 71.9 %
Accuracy for class zxx   is: 76.4 %

========== Train Epoch 28 ==========
Loss: 0.275	Accuracy: 59 %	Time 180 s
Accuracy for class bzx   is: 49.1 %
Accuracy for class cwx   is: 29.6 %
Accuracy for class hdx   is: 59.8 %
Accuracy for class mtx   is: 58.3 %
Accuracy for class nqx   is: 28.2 %
Accuracy for class qtx   is: 78.9 %
Accuracy for class zxx   is: 87.7 %

========== Train Epoch 29 ==========
Loss: 0.226	Accuracy: 63 %	Time 180 s
Accuracy for class bzx   is: 58.5 %
Accuracy for class cwx   is: 40.7 %
Accuracy for class hdx   is: 65.2 %
Accuracy for class mtx   is: 63.1 %
Accuracy for class nqx   is: 46.5 %
Accuracy for class qtx   is: 73.7 %
Accuracy for class zxx   is: 79.2 %

========== Train Epoch 30 ==========
Loss: 0.173	Accuracy: 60 %	Time 179 s
Accuracy for class bzx   is: 55.7 %
Accuracy for class cwx   is: 29.6 %
Accuracy for class hdx   is: 52.2 %
Accuracy for class mtx   is: 68.0 %
Accuracy for class nqx   is: 39.4 %
Accuracy for class qtx   is: 75.4 %
Accuracy for class zxx   is: 77.4 %

========== Train Epoch 31 ==========
Loss: 0.149	Accuracy: 61 %	Time 168 s
Accuracy for class bzx   is: 65.1 %
Accuracy for class cwx   is: 29.6 %
Accuracy for class hdx   is: 56.5 %
Accuracy for class mtx   is: 67.0 %
Accuracy for class nqx   is: 31.0 %
Accuracy for class qtx   is: 78.9 %
Accuracy for class zxx   is: 74.5 %

========== Train Epoch 32 ==========
Loss: 0.155	Accuracy: 60 %	Time 181 s
Accuracy for class bzx   is: 59.4 %
Accuracy for class cwx   is: 44.4 %
Accuracy for class hdx   is: 68.5 %
Accuracy for class mtx   is: 60.2 %
Accuracy for class nqx   is: 29.6 %
Accuracy for class qtx   is: 64.9 %
Accuracy for class zxx   is: 79.2 %

========== Train Epoch 33 ==========
Loss: 0.140	Accuracy: 62 %	Time 181 s
Accuracy for class bzx   is: 49.1 %
Accuracy for class cwx   is: 33.3 %
Accuracy for class hdx   is: 60.9 %
Accuracy for class mtx   is: 62.1 %
Accuracy for class nqx   is: 62.0 %
Accuracy for class qtx   is: 77.2 %
Accuracy for class zxx   is: 77.4 %

========== Train Epoch 34 ==========
Loss: 0.118	Accuracy: 60 %	Time 185 s
Accuracy for class bzx   is: 55.7 %
Accuracy for class cwx   is: 25.9 %
Accuracy for class hdx   is: 76.1 %
Accuracy for class mtx   is: 52.4 %
Accuracy for class nqx   is: 42.3 %
Accuracy for class qtx   is: 75.4 %
Accuracy for class zxx   is: 74.5 %

========== Train Epoch 35 ==========
Loss: 0.136	Accuracy: 63 %	Time 172 s
Accuracy for class bzx   is: 58.5 %
Accuracy for class cwx   is: 29.6 %
Accuracy for class hdx   is: 75.0 %
Accuracy for class mtx   is: 64.1 %
Accuracy for class nqx   is: 38.0 %
Accuracy for class qtx   is: 71.9 %
Accuracy for class zxx   is: 80.2 %

========== Train Epoch 36 ==========
Loss: 0.076	Accuracy: 62 %	Time 178 s
Accuracy for class bzx   is: 55.7 %
Accuracy for class cwx   is: 40.7 %
Accuracy for class hdx   is: 60.9 %
Accuracy for class mtx   is: 60.2 %
Accuracy for class nqx   is: 42.3 %
Accuracy for class qtx   is: 77.2 %
Accuracy for class zxx   is: 85.8 %

========== Train Epoch 37 ==========
Loss: 0.067	Accuracy: 64 %	Time 174 s
Accuracy for class bzx   is: 61.3 %
Accuracy for class cwx   is: 44.4 %
Accuracy for class hdx   is: 69.6 %
Accuracy for class mtx   is: 55.3 %
Accuracy for class nqx   is: 49.3 %
Accuracy for class qtx   is: 73.7 %
Accuracy for class zxx   is: 84.9 %

========== Train Epoch 38 ==========
Loss: 0.053	Accuracy: 63 %	Time 182 s
Accuracy for class bzx   is: 58.5 %
Accuracy for class cwx   is: 44.4 %
Accuracy for class hdx   is: 53.3 %
Accuracy for class mtx   is: 68.0 %
Accuracy for class nqx   is: 46.5 %
Accuracy for class qtx   is: 68.4 %
Accuracy for class zxx   is: 87.7 %

========== Train Epoch 39 ==========
Loss: 0.053	Accuracy: 62 %	Time 176 s
Accuracy for class bzx   is: 58.5 %
Accuracy for class cwx   is: 37.0 %
Accuracy for class hdx   is: 57.6 %
Accuracy for class mtx   is: 50.5 %
Accuracy for class nqx   is: 54.9 %
Accuracy for class qtx   is: 70.2 %
Accuracy for class zxx   is: 88.7 %

========== Train Epoch 40 ==========
Loss: 0.093	Accuracy: 65 %	Time 169 s
Accuracy for class bzx   is: 67.0 %
Accuracy for class cwx   is: 44.4 %
Accuracy for class hdx   is: 64.1 %
Accuracy for class mtx   is: 57.3 %
Accuracy for class nqx   is: 42.3 %
Accuracy for class qtx   is: 75.4 %
Accuracy for class zxx   is: 88.7 %

========== Train Epoch 41 ==========
Loss: 0.132	Accuracy: 60 %	Time 190 s
Accuracy for class bzx   is: 64.2 %
Accuracy for class cwx   is: 40.7 %
Accuracy for class hdx   is: 43.5 %
Accuracy for class mtx   is: 64.1 %
Accuracy for class nqx   is: 45.1 %
Accuracy for class qtx   is: 71.9 %
Accuracy for class zxx   is: 76.4 %

========== Train Epoch 42 ==========
Loss: 0.139	Accuracy: 63 %	Time 197 s
Accuracy for class bzx   is: 63.2 %
Accuracy for class cwx   is: 33.3 %
Accuracy for class hdx   is: 60.9 %
Accuracy for class mtx   is: 60.2 %
Accuracy for class nqx   is: 49.3 %
Accuracy for class qtx   is: 78.9 %
Accuracy for class zxx   is: 79.2 %

========== Train Epoch 43 ==========
Loss: 0.073	Accuracy: 61 %	Time 193 s
Accuracy for class bzx   is: 62.3 %
Accuracy for class cwx   is: 37.0 %
Accuracy for class hdx   is: 43.5 %
Accuracy for class mtx   is: 63.1 %
Accuracy for class nqx   is: 52.1 %
Accuracy for class qtx   is: 75.4 %
Accuracy for class zxx   is: 80.2 %

========== Train Epoch 44 ==========
Loss: 0.077	Accuracy: 64 %	Time 187 s
Accuracy for class bzx   is: 66.0 %
Accuracy for class cwx   is: 33.3 %
Accuracy for class hdx   is: 67.4 %
Accuracy for class mtx   is: 59.2 %
Accuracy for class nqx   is: 45.1 %
Accuracy for class qtx   is: 78.9 %
Accuracy for class zxx   is: 78.3 %

========== Train Epoch 45 ==========
Loss: 0.047	Accuracy: 65 %	Time 193 s
Accuracy for class bzx   is: 64.2 %
Accuracy for class cwx   is: 40.7 %
Accuracy for class hdx   is: 57.6 %
Accuracy for class mtx   is: 58.3 %
Accuracy for class nqx   is: 60.6 %
Accuracy for class qtx   is: 73.7 %
Accuracy for class zxx   is: 84.0 %

========== Train Epoch 46 ==========
Loss: 0.089	Accuracy: 61 %	Time 193 s
Accuracy for class bzx   is: 58.5 %
Accuracy for class cwx   is: 33.3 %
Accuracy for class hdx   is: 62.0 %
Accuracy for class mtx   is: 63.1 %
Accuracy for class nqx   is: 54.9 %
Accuracy for class qtx   is: 56.1 %
Accuracy for class zxx   is: 79.2 %

========== Train Epoch 47 ==========
Loss: 0.096	Accuracy: 63 %	Time 193 s
Accuracy for class bzx   is: 68.9 %
Accuracy for class cwx   is: 33.3 %
Accuracy for class hdx   is: 58.7 %
Accuracy for class mtx   is: 63.1 %
Accuracy for class nqx   is: 39.4 %
Accuracy for class qtx   is: 78.9 %
Accuracy for class zxx   is: 80.2 %

========== Train Epoch 48 ==========
Loss: 0.099	Accuracy: 62 %	Time 188 s
Accuracy for class bzx   is: 55.7 %
Accuracy for class cwx   is: 29.6 %
Accuracy for class hdx   is: 56.5 %
Accuracy for class mtx   is: 58.3 %
Accuracy for class nqx   is: 60.6 %
Accuracy for class qtx   is: 84.2 %
Accuracy for class zxx   is: 76.4 %

========== Train Epoch 49 ==========
Loss: 0.050	Accuracy: 64 %	Time 195 s
Accuracy for class bzx   is: 60.4 %
Accuracy for class cwx   is: 44.4 %
Accuracy for class hdx   is: 55.4 %
Accuracy for class mtx   is: 60.2 %
Accuracy for class nqx   is: 53.5 %
Accuracy for class qtx   is: 78.9 %
Accuracy for class zxx   is: 83.0 %

========== Train Epoch 50 ==========
Loss: 0.060	Accuracy: 61 %	Time 189 s
Accuracy for class bzx   is: 59.4 %
Accuracy for class cwx   is: 33.3 %
Accuracy for class hdx   is: 64.1 %
Accuracy for class mtx   is: 59.2 %
Accuracy for class nqx   is: 36.6 %
Accuracy for class qtx   is: 78.9 %
Accuracy for class zxx   is: 79.2 %

========== Train Epoch 51 ==========
Loss: 0.055	Accuracy: 64 %	Time 191 s
Accuracy for class bzx   is: 63.2 %
Accuracy for class cwx   is: 37.0 %
Accuracy for class hdx   is: 57.6 %
Accuracy for class mtx   is: 69.9 %
Accuracy for class nqx   is: 39.4 %
Accuracy for class qtx   is: 77.2 %
Accuracy for class zxx   is: 84.9 %

========== Train Epoch 52 ==========
Loss: 0.069	Accuracy: 65 %	Time 207 s
Accuracy for class bzx   is: 57.5 %
Accuracy for class cwx   is: 44.4 %
Accuracy for class hdx   is: 65.2 %
Accuracy for class mtx   is: 61.2 %
Accuracy for class nqx   is: 49.3 %
Accuracy for class qtx   is: 84.2 %
Accuracy for class zxx   is: 84.0 %

========== Train Epoch 53 ==========
Loss: 0.059	Accuracy: 63 %	Time 185 s
Accuracy for class bzx   is: 64.2 %
Accuracy for class cwx   is: 37.0 %
Accuracy for class hdx   is: 57.6 %
Accuracy for class mtx   is: 58.3 %
Accuracy for class nqx   is: 52.1 %
Accuracy for class qtx   is: 84.2 %
Accuracy for class zxx   is: 77.4 %

========== Train Epoch 54 ==========
Loss: 0.036	Accuracy: 62 %	Time 185 s
Accuracy for class bzx   is: 60.4 %
Accuracy for class cwx   is: 44.4 %
Accuracy for class hdx   is: 47.8 %
Accuracy for class mtx   is: 68.0 %
Accuracy for class nqx   is: 52.1 %
Accuracy for class qtx   is: 71.9 %
Accuracy for class zxx   is: 76.4 %

========== Train Epoch 55 ==========
Loss: 0.056	Accuracy: 62 %	Time 179 s
Accuracy for class bzx   is: 54.7 %
Accuracy for class cwx   is: 44.4 %
Accuracy for class hdx   is: 72.8 %
Accuracy for class mtx   is: 52.4 %
Accuracy for class nqx   is: 42.3 %
Accuracy for class qtx   is: 75.4 %
Accuracy for class zxx   is: 82.1 %

========== Train Epoch 56 ==========
Loss: 0.059	Accuracy: 65 %	Time 174 s
Accuracy for class bzx   is: 65.1 %
Accuracy for class cwx   is: 44.4 %
Accuracy for class hdx   is: 68.5 %
Accuracy for class mtx   is: 66.0 %
Accuracy for class nqx   is: 43.7 %
Accuracy for class qtx   is: 78.9 %
Accuracy for class zxx   is: 77.4 %

========== Train Epoch 57 ==========
Loss: 0.039	Accuracy: 62 %	Time 184 s
Accuracy for class bzx   is: 52.8 %
Accuracy for class cwx   is: 37.0 %
Accuracy for class hdx   is: 54.3 %
Accuracy for class mtx   is: 70.9 %
Accuracy for class nqx   is: 54.9 %
Accuracy for class qtx   is: 71.9 %
Accuracy for class zxx   is: 78.3 %

========== Train Epoch 58 ==========
Loss: 0.070	Accuracy: 62 %	Time 171 s
Accuracy for class bzx   is: 52.8 %
Accuracy for class cwx   is: 40.7 %
Accuracy for class hdx   is: 72.8 %
Accuracy for class mtx   is: 53.4 %
Accuracy for class nqx   is: 43.7 %
Accuracy for class qtx   is: 86.0 %
Accuracy for class zxx   is: 75.5 %

========== Train Epoch 59 ==========
Loss: 0.066	Accuracy: 62 %	Time 182 s
Accuracy for class bzx   is: 64.2 %
Accuracy for class cwx   is: 33.3 %
Accuracy for class hdx   is: 59.8 %
Accuracy for class mtx   is: 50.5 %
Accuracy for class nqx   is: 57.7 %
Accuracy for class qtx   is: 73.7 %
Accuracy for class zxx   is: 78.3 %

========== Train Epoch 60 ==========
Loss: 0.077	Accuracy: 65 %	Time 183 s
Accuracy for class bzx   is: 62.3 %
Accuracy for class cwx   is: 25.9 %
Accuracy for class hdx   is: 59.8 %
Accuracy for class mtx   is: 60.2 %
Accuracy for class nqx   is: 54.9 %
Accuracy for class qtx   is: 84.2 %
Accuracy for class zxx   is: 84.0 %

========== Train Epoch 61 ==========
Loss: 0.074	Accuracy: 65 %	Time 186 s
Accuracy for class bzx   is: 54.7 %
Accuracy for class cwx   is: 33.3 %
Accuracy for class hdx   is: 64.1 %
Accuracy for class mtx   is: 66.0 %
Accuracy for class nqx   is: 63.4 %
Accuracy for class qtx   is: 77.2 %
Accuracy for class zxx   is: 79.2 %

========== Train Epoch 62 ==========
Loss: 0.034	Accuracy: 65 %	Time 176 s
Accuracy for class bzx   is: 64.2 %
Accuracy for class cwx   is: 40.7 %
Accuracy for class hdx   is: 55.4 %
Accuracy for class mtx   is: 64.1 %
Accuracy for class nqx   is: 63.4 %
Accuracy for class qtx   is: 86.0 %
Accuracy for class zxx   is: 72.6 %

========== Train Epoch 63 ==========
Loss: 0.012	Accuracy: 62 %	Time 178 s
Accuracy for class bzx   is: 48.1 %
Accuracy for class cwx   is: 37.0 %
Accuracy for class hdx   is: 68.5 %
Accuracy for class mtx   is: 52.4 %
Accuracy for class nqx   is: 54.9 %
Accuracy for class qtx   is: 80.7 %
Accuracy for class zxx   is: 84.0 %

========== Train Epoch 64 ==========
Loss: 0.039	Accuracy: 61 %	Time 178 s
Accuracy for class bzx   is: 67.9 %
Accuracy for class cwx   is: 40.7 %
Accuracy for class hdx   is: 60.9 %
Accuracy for class mtx   is: 53.4 %
Accuracy for class nqx   is: 47.9 %
Accuracy for class qtx   is: 78.9 %
Accuracy for class zxx   is: 67.0 %
Finished training!!!

Min loss = 0.276 in epoch 62, max Accuracy = 65.84% in epoch 55

ResNet(
  (conv1): Conv2d(3, 64, kernel_size=(7, 7), stride=(2, 2), padding=(3, 3), bias=False)
  (bn1): BatchNorm2d(64, eps=1e-05, momentum=0.1, affine=True, track_running_stats=True)
  (relu): ReLU(inplace=True)
  (maxpool): MaxPool2d(kernel_size=3, stride=2, padding=1, dilation=1, ceil_mode=False)
  (layer1): Sequential(
    (0): Bottleneck(
      (conv1): Conv2d(64, 64, kernel_size=(1, 1), stride=(1, 1), bias=False)
      (bn1): BatchNorm2d(64, eps=1e-05, momentum=0.1, affine=True, track_running_stats=True)
      (conv2): Conv2d(64, 64, kernel_size=(3, 3), stride=(1, 1), padding=(1, 1), bias=False)
      (bn2): BatchNorm2d(64, eps=1e-05, momentum=0.1, affine=True, track_running_stats=True)
      (conv3): Conv2d(64, 256, kernel_size=(1, 1), stride=(1, 1), bias=False)
      (bn3): BatchNorm2d(256, eps=1e-05, momentum=0.1, affine=True, track_running_stats=True)
      (relu): ReLU(inplace=True)
      (downsample): Sequential(
        (0): Conv2d(64, 256, kernel_size=(1, 1), stride=(1, 1), bias=False)
        (1): BatchNorm2d(256, eps=1e-05, momentum=0.1, affine=True, track_running_stats=True)
      )
    )
    (1): Bottleneck(
      (conv1): Conv2d(256, 64, kernel_size=(1, 1), stride=(1, 1), bias=False)
      (bn1): BatchNorm2d(64, eps=1e-05, momentum=0.1, affine=True, track_running_stats=True)
      (conv2): Conv2d(64, 64, kernel_size=(3, 3), stride=(1, 1), padding=(1, 1), bias=False)
      (bn2): BatchNorm2d(64, eps=1e-05, momentum=0.1, affine=True, track_running_stats=True)
      (conv3): Conv2d(64, 256, kernel_size=(1, 1), stride=(1, 1), bias=False)
      (bn3): BatchNorm2d(256, eps=1e-05, momentum=0.1, affine=True, track_running_stats=True)
      (relu): ReLU(inplace=True)
    )
    (2): Bottleneck(
      (conv1): Conv2d(256, 64, kernel_size=(1, 1), stride=(1, 1), bias=False)
      (bn1): BatchNorm2d(64, eps=1e-05, momentum=0.1, affine=True, track_running_stats=True)
      (conv2): Conv2d(64, 64, kernel_size=(3, 3), stride=(1, 1), padding=(1, 1), bias=False)
      (bn2): BatchNorm2d(64, eps=1e-05, momentum=0.1, affine=True, track_running_stats=True)
      (conv3): Conv2d(64, 256, kernel_size=(1, 1), stride=(1, 1), bias=False)
      (bn3): BatchNorm2d(256, eps=1e-05, momentum=0.1, affine=True, track_running_stats=True)
      (relu): ReLU(inplace=True)
    )
  )
  (layer2): Sequential(
    (0): Bottleneck(
      (conv1): Conv2d(256, 128, kernel_size=(1, 1), stride=(1, 1), bias=False)
      (bn1): BatchNorm2d(128, eps=1e-05, momentum=0.1, affine=True, track_running_stats=True)
      (conv2): Conv2d(128, 128, kernel_size=(3, 3), stride=(2, 2), padding=(1, 1), bias=False)
      (bn2): BatchNorm2d(128, eps=1e-05, momentum=0.1, affine=True, track_running_stats=True)
      (conv3): Conv2d(128, 512, kernel_size=(1, 1), stride=(1, 1), bias=False)
      (bn3): BatchNorm2d(512, eps=1e-05, momentum=0.1, affine=True, track_running_stats=True)
      (relu): ReLU(inplace=True)
      (downsample): Sequential(
        (0): Conv2d(256, 512, kernel_size=(1, 1), stride=(2, 2), bias=False)
        (1): BatchNorm2d(512, eps=1e-05, momentum=0.1, affine=True, track_running_stats=True)
      )
    )
    (1): Bottleneck(
      (conv1): Conv2d(512, 128, kernel_size=(1, 1), stride=(1, 1), bias=False)
      (bn1): BatchNorm2d(128, eps=1e-05, momentum=0.1, affine=True, track_running_stats=True)
      (conv2): Conv2d(128, 128, kernel_size=(3, 3), stride=(1, 1), padding=(1, 1), bias=False)
      (bn2): BatchNorm2d(128, eps=1e-05, momentum=0.1, affine=True, track_running_stats=True)
      (conv3): Conv2d(128, 512, kernel_size=(1, 1), stride=(1, 1), bias=False)
      (bn3): BatchNorm2d(512, eps=1e-05, momentum=0.1, affine=True, track_running_stats=True)
      (relu): ReLU(inplace=True)
    )
    (2): Bottleneck(
      (conv1): Conv2d(512, 128, kernel_size=(1, 1), stride=(1, 1), bias=False)
      (bn1): BatchNorm2d(128, eps=1e-05, momentum=0.1, affine=True, track_running_stats=True)
      (conv2): Conv2d(128, 128, kernel_size=(3, 3), stride=(1, 1), padding=(1, 1), bias=False)
      (bn2): BatchNorm2d(128, eps=1e-05, momentum=0.1, affine=True, track_running_stats=True)
      (conv3): Conv2d(128, 512, kernel_size=(1, 1), stride=(1, 1), bias=False)
      (bn3): BatchNorm2d(512, eps=1e-05, momentum=0.1, affine=True, track_running_stats=True)
      (relu): ReLU(inplace=True)
    )
    (3): Bottleneck(
      (conv1): Conv2d(512, 128, kernel_size=(1, 1), stride=(1, 1), bias=False)
      (bn1): BatchNorm2d(128, eps=1e-05, momentum=0.1, affine=True, track_running_stats=True)
      (conv2): Conv2d(128, 128, kernel_size=(3, 3), stride=(1, 1), padding=(1, 1), bias=False)
      (bn2): BatchNorm2d(128, eps=1e-05, momentum=0.1, affine=True, track_running_stats=True)
      (conv3): Conv2d(128, 512, kernel_size=(1, 1), stride=(1, 1), bias=False)
      (bn3): BatchNorm2d(512, eps=1e-05, momentum=0.1, affine=True, track_running_stats=True)
      (relu): ReLU(inplace=True)
    )
  )
  (layer3): Sequential(
    (0): Bottleneck(
      (conv1): Conv2d(512, 256, kernel_size=(1, 1), stride=(1, 1), bias=False)
      (bn1): BatchNorm2d(256, eps=1e-05, momentum=0.1, affine=True, track_running_stats=True)
      (conv2): Conv2d(256, 256, kernel_size=(3, 3), stride=(2, 2), padding=(1, 1), bias=False)
      (bn2): BatchNorm2d(256, eps=1e-05, momentum=0.1, affine=True, track_running_stats=True)
      (conv3): Conv2d(256, 1024, kernel_size=(1, 1), stride=(1, 1), bias=False)
      (bn3): BatchNorm2d(1024, eps=1e-05, momentum=0.1, affine=True, track_running_stats=True)
      (relu): ReLU(inplace=True)
      (downsample): Sequential(
        (0): Conv2d(512, 1024, kernel_size=(1, 1), stride=(2, 2), bias=False)
        (1): BatchNorm2d(1024, eps=1e-05, momentum=0.1, affine=True, track_running_stats=True)
      )
    )
    (1): Bottleneck(
      (conv1): Conv2d(1024, 256, kernel_size=(1, 1), stride=(1, 1), bias=False)
      (bn1): BatchNorm2d(256, eps=1e-05, momentum=0.1, affine=True, track_running_stats=True)
      (conv2): Conv2d(256, 256, kernel_size=(3, 3), stride=(1, 1), padding=(1, 1), bias=False)
      (bn2): BatchNorm2d(256, eps=1e-05, momentum=0.1, affine=True, track_running_stats=True)
      (conv3): Conv2d(256, 1024, kernel_size=(1, 1), stride=(1, 1), bias=False)
      (bn3): BatchNorm2d(1024, eps=1e-05, momentum=0.1, affine=True, track_running_stats=True)
      (relu): ReLU(inplace=True)
    )
    (2): Bottleneck(
      (conv1): Conv2d(1024, 256, kernel_size=(1, 1), stride=(1, 1), bias=False)
      (bn1): BatchNorm2d(256, eps=1e-05, momentum=0.1, affine=True, track_running_stats=True)
      (conv2): Conv2d(256, 256, kernel_size=(3, 3), stride=(1, 1), padding=(1, 1), bias=False)
      (bn2): BatchNorm2d(256, eps=1e-05, momentum=0.1, affine=True, track_running_stats=True)
      (conv3): Conv2d(256, 1024, kernel_size=(1, 1), stride=(1, 1), bias=False)
      (bn3): BatchNorm2d(1024, eps=1e-05, momentum=0.1, affine=True, track_running_stats=True)
      (relu): ReLU(inplace=True)
    )
    (3): Bottleneck(
      (conv1): Conv2d(1024, 256, kernel_size=(1, 1), stride=(1, 1), bias=False)
      (bn1): BatchNorm2d(256, eps=1e-05, momentum=0.1, affine=True, track_running_stats=True)
      (conv2): Conv2d(256, 256, kernel_size=(3, 3), stride=(1, 1), padding=(1, 1), bias=False)
      (bn2): BatchNorm2d(256, eps=1e-05, momentum=0.1, affine=True, track_running_stats=True)
      (conv3): Conv2d(256, 1024, kernel_size=(1, 1), stride=(1, 1), bias=False)
      (bn3): BatchNorm2d(1024, eps=1e-05, momentum=0.1, affine=True, track_running_stats=True)
      (relu): ReLU(inplace=True)
    )
    (4): Bottleneck(
      (conv1): Conv2d(1024, 256, kernel_size=(1, 1), stride=(1, 1), bias=False)
      (bn1): BatchNorm2d(256, eps=1e-05, momentum=0.1, affine=True, track_running_stats=True)
      (conv2): Conv2d(256, 256, kernel_size=(3, 3), stride=(1, 1), padding=(1, 1), bias=False)
      (bn2): BatchNorm2d(256, eps=1e-05, momentum=0.1, affine=True, track_running_stats=True)
      (conv3): Conv2d(256, 1024, kernel_size=(1, 1), stride=(1, 1), bias=False)
      (bn3): BatchNorm2d(1024, eps=1e-05, momentum=0.1, affine=True, track_running_stats=True)
      (relu): ReLU(inplace=True)
    )
    (5): Bottleneck(
      (conv1): Conv2d(1024, 256, kernel_size=(1, 1), stride=(1, 1), bias=False)
      (bn1): BatchNorm2d(256, eps=1e-05, momentum=0.1, affine=True, track_running_stats=True)
      (conv2): Conv2d(256, 256, kernel_size=(3, 3), stride=(1, 1), padding=(1, 1), bias=False)
      (bn2): BatchNorm2d(256, eps=1e-05, momentum=0.1, affine=True, track_running_stats=True)
      (conv3): Conv2d(256, 1024, kernel_size=(1, 1), stride=(1, 1), bias=False)
      (bn3): BatchNorm2d(1024, eps=1e-05, momentum=0.1, affine=True, track_running_stats=True)
      (relu): ReLU(inplace=True)
    )
  )
  (layer4): Sequential(
    (0): Bottleneck(
      (conv1): Conv2d(1024, 512, kernel_size=(1, 1), stride=(1, 1), bias=False)
      (bn1): BatchNorm2d(512, eps=1e-05, momentum=0.1, affine=True, track_running_stats=True)
      (conv2): Conv2d(512, 512, kernel_size=(3, 3), stride=(2, 2), padding=(1, 1), bias=False)
      (bn2): BatchNorm2d(512, eps=1e-05, momentum=0.1, affine=True, track_running_stats=True)
      (conv3): Conv2d(512, 2048, kernel_size=(1, 1), stride=(1, 1), bias=False)
      (bn3): BatchNorm2d(2048, eps=1e-05, momentum=0.1, affine=True, track_running_stats=True)
      (relu): ReLU(inplace=True)
      (downsample): Sequential(
        (0): Conv2d(1024, 2048, kernel_size=(1, 1), stride=(2, 2), bias=False)
        (1): BatchNorm2d(2048, eps=1e-05, momentum=0.1, affine=True, track_running_stats=True)
      )
    )
    (1): Bottleneck(
      (conv1): Conv2d(2048, 512, kernel_size=(1, 1), stride=(1, 1), bias=False)
      (bn1): BatchNorm2d(512, eps=1e-05, momentum=0.1, affine=True, track_running_stats=True)
      (conv2): Conv2d(512, 512, kernel_size=(3, 3), stride=(1, 1), padding=(1, 1), bias=False)
      (bn2): BatchNorm2d(512, eps=1e-05, momentum=0.1, affine=True, track_running_stats=True)
      (conv3): Conv2d(512, 2048, kernel_size=(1, 1), stride=(1, 1), bias=False)
      (bn3): BatchNorm2d(2048, eps=1e-05, momentum=0.1, affine=True, track_running_stats=True)
      (relu): ReLU(inplace=True)
    )
    (2): Bottleneck(
      (conv1): Conv2d(2048, 512, kernel_size=(1, 1), stride=(1, 1), bias=False)
      (bn1): BatchNorm2d(512, eps=1e-05, momentum=0.1, affine=True, track_running_stats=True)
      (conv2): Conv2d(512, 512, kernel_size=(3, 3), stride=(1, 1), padding=(1, 1), bias=False)
      (bn2): BatchNorm2d(512, eps=1e-05, momentum=0.1, affine=True, track_running_stats=True)
      (conv3): Conv2d(512, 2048, kernel_size=(1, 1), stride=(1, 1), bias=False)
      (bn3): BatchNorm2d(2048, eps=1e-05, momentum=0.1, affine=True, track_running_stats=True)
      (relu): ReLU(inplace=True)
    )
  )
  (avgpool): AdaptiveAvgPool2d(output_size=(1, 1))
  (fc): Linear(in_features=2048, out_features=7, bias=True)
)

batch_size = 100
epochs = 64
loss_function = CrossEntropyLoss()
optimizer = Adam (
Parameter Group 0
    amsgrad: False
    betas: (0.9, 0.999)
    eps: 1e-08
    lr: 0.001
    weight_decay: 0
)
