dataset_path: /home/djy/dataset/deeplabv3_dataset1
Train Model: AlexNet, pretrained : True , Using device cuda:0

deeplabv3_only_alexnet_pretrained
parallel_train : False

========== Train Epoch 1 ==========
Loss: 1.707	Accuracy: 43 %	Time 17 s
Accuracy for class bzx   is: 11.8 %
Accuracy for class cwx   is: 3.6 %
Accuracy for class hdx   is: 20.0 %
Accuracy for class mtx   is: 18.2 %
Accuracy for class nqx   is: 23.1 %
Accuracy for class qtx   is: 74.3 %
Accuracy for class zxx   is: 78.1 %

========== Train Epoch 2 ==========
Loss: 1.188	Accuracy: 50 %	Time 18 s
Accuracy for class bzx   is: 47.1 %
Accuracy for class cwx   is: 21.4 %
Accuracy for class hdx   is: 25.0 %
Accuracy for class mtx   is: 22.7 %
Accuracy for class nqx   is: 19.2 %
Accuracy for class qtx   is: 68.6 %
Accuracy for class zxx   is: 82.8 %

========== Train Epoch 3 ==========
Loss: 0.781	Accuracy: 56 %	Time 18 s
Accuracy for class bzx   is: 29.4 %
Accuracy for class cwx   is: 64.3 %
Accuracy for class hdx   is: 30.0 %
Accuracy for class mtx   is: 40.9 %
Accuracy for class nqx   is: 15.4 %
Accuracy for class qtx   is: 77.1 %
Accuracy for class zxx   is: 78.1 %

========== Train Epoch 4 ==========
Loss: 0.407	Accuracy: 58 %	Time 18 s
Accuracy for class bzx   is: 17.6 %
Accuracy for class cwx   is: 50.0 %
Accuracy for class hdx   is: 50.0 %
Accuracy for class mtx   is: 31.8 %
Accuracy for class nqx   is: 30.8 %
Accuracy for class qtx   is: 71.4 %
Accuracy for class zxx   is: 90.6 %

========== Train Epoch 5 ==========
Loss: 0.247	Accuracy: 52 %	Time 18 s
Accuracy for class bzx   is: 23.5 %
Accuracy for class cwx   is: 39.3 %
Accuracy for class hdx   is: 15.0 %
Accuracy for class mtx   is: 36.4 %
Accuracy for class nqx   is: 34.6 %
Accuracy for class qtx   is: 80.0 %
Accuracy for class zxx   is: 75.0 %

========== Train Epoch 6 ==========
Loss: 0.184	Accuracy: 52 %	Time 17 s
Accuracy for class bzx   is: 23.5 %
Accuracy for class cwx   is: 60.7 %
Accuracy for class hdx   is: 15.0 %
Accuracy for class mtx   is: 36.4 %
Accuracy for class nqx   is: 19.2 %
Accuracy for class qtx   is: 80.0 %
Accuracy for class zxx   is: 71.9 %

========== Train Epoch 7 ==========
Loss: 0.197	Accuracy: 57 %	Time 18 s
Accuracy for class bzx   is: 23.5 %
Accuracy for class cwx   is: 57.1 %
Accuracy for class hdx   is: 55.0 %
Accuracy for class mtx   is: 31.8 %
Accuracy for class nqx   is: 23.1 %
Accuracy for class qtx   is: 71.4 %
Accuracy for class zxx   is: 82.8 %

========== Train Epoch 8 ==========
Loss: 0.119	Accuracy: 55 %	Time 17 s
Accuracy for class bzx   is: 23.5 %
Accuracy for class cwx   is: 60.7 %
Accuracy for class hdx   is: 20.0 %
Accuracy for class mtx   is: 59.1 %
Accuracy for class nqx   is: 11.5 %
Accuracy for class qtx   is: 68.6 %
Accuracy for class zxx   is: 82.8 %

========== Train Epoch 9 ==========
Loss: 0.089	Accuracy: 54 %	Time 18 s
Accuracy for class bzx   is: 11.8 %
Accuracy for class cwx   is: 46.4 %
Accuracy for class hdx   is: 40.0 %
Accuracy for class mtx   is: 27.3 %
Accuracy for class nqx   is: 26.9 %
Accuracy for class qtx   is: 80.0 %
Accuracy for class zxx   is: 81.2 %

========== Train Epoch 10 ==========
Loss: 0.066	Accuracy: 60 %	Time 17 s
Accuracy for class bzx   is: 23.5 %
Accuracy for class cwx   is: 60.7 %
Accuracy for class hdx   is: 55.0 %
Accuracy for class mtx   is: 45.5 %
Accuracy for class nqx   is: 26.9 %
Accuracy for class qtx   is: 80.0 %
Accuracy for class zxx   is: 79.7 %

========== Train Epoch 11 ==========
Loss: 0.101	Accuracy: 58 %	Time 17 s
Accuracy for class bzx   is: 29.4 %
Accuracy for class cwx   is: 64.3 %
Accuracy for class hdx   is: 50.0 %
Accuracy for class mtx   is: 40.9 %
Accuracy for class nqx   is: 19.2 %
Accuracy for class qtx   is: 80.0 %
Accuracy for class zxx   is: 76.6 %

========== Train Epoch 12 ==========
Loss: 0.045	Accuracy: 56 %	Time 18 s
Accuracy for class bzx   is: 23.5 %
Accuracy for class cwx   is: 46.4 %
Accuracy for class hdx   is: 25.0 %
Accuracy for class mtx   is: 18.2 %
Accuracy for class nqx   is: 38.5 %
Accuracy for class qtx   is: 77.1 %
Accuracy for class zxx   is: 87.5 %

========== Train Epoch 13 ==========
Loss: 0.014	Accuracy: 59 %	Time 17 s
Accuracy for class bzx   is: 11.8 %
Accuracy for class cwx   is: 53.6 %
Accuracy for class hdx   is: 25.0 %
Accuracy for class mtx   is: 45.5 %
Accuracy for class nqx   is: 38.5 %
Accuracy for class qtx   is: 82.9 %
Accuracy for class zxx   is: 85.9 %

========== Train Epoch 14 ==========
Loss: 0.065	Accuracy: 56 %	Time 17 s
Accuracy for class bzx   is: 35.3 %
Accuracy for class cwx   is: 42.9 %
Accuracy for class hdx   is: 20.0 %
Accuracy for class mtx   is: 36.4 %
Accuracy for class nqx   is: 34.6 %
Accuracy for class qtx   is: 85.7 %
Accuracy for class zxx   is: 78.1 %

========== Train Epoch 15 ==========
Loss: 0.057	Accuracy: 57 %	Time 18 s
Accuracy for class bzx   is: 11.8 %
Accuracy for class cwx   is: 82.1 %
Accuracy for class hdx   is: 25.0 %
Accuracy for class mtx   is: 22.7 %
Accuracy for class nqx   is: 30.8 %
Accuracy for class qtx   is: 68.6 %
Accuracy for class zxx   is: 84.4 %

========== Train Epoch 16 ==========
Loss: 0.054	Accuracy: 54 %	Time 17 s
Accuracy for class bzx   is: 47.1 %
Accuracy for class cwx   is: 32.1 %
Accuracy for class hdx   is: 50.0 %
Accuracy for class mtx   is: 22.7 %
Accuracy for class nqx   is: 26.9 %
Accuracy for class qtx   is: 74.3 %
Accuracy for class zxx   is: 78.1 %

========== Train Epoch 17 ==========
Loss: 0.056	Accuracy: 57 %	Time 17 s
Accuracy for class bzx   is: 11.8 %
Accuracy for class cwx   is: 67.9 %
Accuracy for class hdx   is: 10.0 %
Accuracy for class mtx   is: 36.4 %
Accuracy for class nqx   is: 34.6 %
Accuracy for class qtx   is: 85.7 %
Accuracy for class zxx   is: 81.2 %

========== Train Epoch 18 ==========
Loss: 0.074	Accuracy: 56 %	Time 17 s
Accuracy for class bzx   is: 29.4 %
Accuracy for class cwx   is: 60.7 %
Accuracy for class hdx   is: 20.0 %
Accuracy for class mtx   is: 40.9 %
Accuracy for class nqx   is: 30.8 %
Accuracy for class qtx   is: 74.3 %
Accuracy for class zxx   is: 78.1 %

========== Train Epoch 19 ==========
Loss: 0.092	Accuracy: 55 %	Time 17 s
Accuracy for class bzx   is: 23.5 %
Accuracy for class cwx   is: 67.9 %
Accuracy for class hdx   is: 20.0 %
Accuracy for class mtx   is: 40.9 %
Accuracy for class nqx   is: 23.1 %
Accuracy for class qtx   is: 65.7 %
Accuracy for class zxx   is: 81.2 %

========== Train Epoch 20 ==========
Loss: 0.042	Accuracy: 56 %	Time 18 s
Accuracy for class bzx   is: 29.4 %
Accuracy for class cwx   is: 57.1 %
Accuracy for class hdx   is: 20.0 %
Accuracy for class mtx   is: 22.7 %
Accuracy for class nqx   is: 26.9 %
Accuracy for class qtx   is: 85.7 %
Accuracy for class zxx   is: 81.2 %

========== Train Epoch 21 ==========
Loss: 0.052	Accuracy: 55 %	Time 17 s
Accuracy for class bzx   is: 23.5 %
Accuracy for class cwx   is: 57.1 %
Accuracy for class hdx   is: 25.0 %
Accuracy for class mtx   is: 45.5 %
Accuracy for class nqx   is: 42.3 %
Accuracy for class qtx   is: 62.9 %
Accuracy for class zxx   is: 78.1 %

========== Train Epoch 22 ==========
Loss: 0.065	Accuracy: 58 %	Time 18 s
Accuracy for class bzx   is: 29.4 %
Accuracy for class cwx   is: 64.3 %
Accuracy for class hdx   is: 20.0 %
Accuracy for class mtx   is: 50.0 %
Accuracy for class nqx   is: 38.5 %
Accuracy for class qtx   is: 80.0 %
Accuracy for class zxx   is: 75.0 %

========== Train Epoch 23 ==========
Loss: 0.034	Accuracy: 52 %	Time 18 s
Accuracy for class bzx   is: 5.9 %
Accuracy for class cwx   is: 75.0 %
Accuracy for class hdx   is: 15.0 %
Accuracy for class mtx   is: 31.8 %
Accuracy for class nqx   is: 15.4 %
Accuracy for class qtx   is: 80.0 %
Accuracy for class zxx   is: 75.0 %

========== Train Epoch 24 ==========
Loss: 0.035	Accuracy: 54 %	Time 18 s
Accuracy for class bzx   is: 29.4 %
Accuracy for class cwx   is: 50.0 %
Accuracy for class hdx   is: 20.0 %
Accuracy for class mtx   is: 40.9 %
Accuracy for class nqx   is: 26.9 %
Accuracy for class qtx   is: 71.4 %
Accuracy for class zxx   is: 79.7 %

========== Train Epoch 25 ==========
Loss: 0.043	Accuracy: 57 %	Time 18 s
Accuracy for class bzx   is: 17.6 %
Accuracy for class cwx   is: 60.7 %
Accuracy for class hdx   is: 5.0 %
Accuracy for class mtx   is: 45.5 %
Accuracy for class nqx   is: 53.8 %
Accuracy for class qtx   is: 65.7 %
Accuracy for class zxx   is: 84.4 %

========== Train Epoch 26 ==========
Loss: 0.068	Accuracy: 52 %	Time 18 s
Accuracy for class bzx   is: 23.5 %
Accuracy for class cwx   is: 28.6 %
Accuracy for class hdx   is: 20.0 %
Accuracy for class mtx   is: 18.2 %
Accuracy for class nqx   is: 38.5 %
Accuracy for class qtx   is: 77.1 %
Accuracy for class zxx   is: 84.4 %

========== Train Epoch 27 ==========
Loss: 0.078	Accuracy: 55 %	Time 18 s
Accuracy for class bzx   is: 23.5 %
Accuracy for class cwx   is: 60.7 %
Accuracy for class hdx   is: 20.0 %
Accuracy for class mtx   is: 36.4 %
Accuracy for class nqx   is: 26.9 %
Accuracy for class qtx   is: 68.6 %
Accuracy for class zxx   is: 84.4 %

========== Train Epoch 28 ==========
Loss: 0.060	Accuracy: 58 %	Time 18 s
Accuracy for class bzx   is: 29.4 %
Accuracy for class cwx   is: 53.6 %
Accuracy for class hdx   is: 25.0 %
Accuracy for class mtx   is: 45.5 %
Accuracy for class nqx   is: 26.9 %
Accuracy for class qtx   is: 77.1 %
Accuracy for class zxx   is: 84.4 %

========== Train Epoch 29 ==========
Loss: 0.054	Accuracy: 55 %	Time 18 s
Accuracy for class bzx   is: 11.8 %
Accuracy for class cwx   is: 50.0 %
Accuracy for class hdx   is: 10.0 %
Accuracy for class mtx   is: 31.8 %
Accuracy for class nqx   is: 38.5 %
Accuracy for class qtx   is: 80.0 %
Accuracy for class zxx   is: 85.9 %

========== Train Epoch 30 ==========
Loss: 0.048	Accuracy: 55 %	Time 17 s
Accuracy for class bzx   is: 11.8 %
Accuracy for class cwx   is: 53.6 %
Accuracy for class hdx   is: 10.0 %
Accuracy for class mtx   is: 45.5 %
Accuracy for class nqx   is: 34.6 %
Accuracy for class qtx   is: 74.3 %
Accuracy for class zxx   is: 84.4 %

========== Train Epoch 31 ==========
Loss: 0.072	Accuracy: 53 %	Time 18 s
Accuracy for class bzx   is: 5.9 %
Accuracy for class cwx   is: 78.6 %
Accuracy for class hdx   is: 20.0 %
Accuracy for class mtx   is: 22.7 %
Accuracy for class nqx   is: 30.8 %
Accuracy for class qtx   is: 71.4 %
Accuracy for class zxx   is: 75.0 %

========== Train Epoch 32 ==========
Loss: 0.036	Accuracy: 55 %	Time 17 s
Accuracy for class bzx   is: 11.8 %
Accuracy for class cwx   is: 60.7 %
Accuracy for class hdx   is: 15.0 %
Accuracy for class mtx   is: 36.4 %
Accuracy for class nqx   is: 30.8 %
Accuracy for class qtx   is: 85.7 %
Accuracy for class zxx   is: 78.1 %

========== Train Epoch 33 ==========
Loss: 0.031	Accuracy: 59 %	Time 17 s
Accuracy for class bzx   is: 17.6 %
Accuracy for class cwx   is: 67.9 %
Accuracy for class hdx   is: 20.0 %
Accuracy for class mtx   is: 27.3 %
Accuracy for class nqx   is: 42.3 %
Accuracy for class qtx   is: 80.0 %
Accuracy for class zxx   is: 85.9 %

========== Train Epoch 34 ==========
Loss: 0.010	Accuracy: 56 %	Time 18 s
Accuracy for class bzx   is: 23.5 %
Accuracy for class cwx   is: 53.6 %
Accuracy for class hdx   is: 30.0 %
Accuracy for class mtx   is: 36.4 %
Accuracy for class nqx   is: 23.1 %
Accuracy for class qtx   is: 77.1 %
Accuracy for class zxx   is: 82.8 %
Finished training!!!

Min loss = 0.010 in epoch 33;
max Accuracy = 60.38% in epoch 9;
Total Time 10 minutes

batch_size = 10
epochs = 64
loss_function = CrossEntropyLoss()
optimizer = Adam (
Parameter Group 0
    amsgrad: False
    betas: (0.9, 0.999)
    eps: 1e-08
    lr: 0.0001
    weight_decay: 0
)

AlexNet(
  (features): Sequential(
    (0): Conv2d(3, 64, kernel_size=(11, 11), stride=(4, 4), padding=(2, 2))
    (1): ReLU(inplace=True)
    (2): MaxPool2d(kernel_size=3, stride=2, padding=0, dilation=1, ceil_mode=False)
    (3): Conv2d(64, 192, kernel_size=(5, 5), stride=(1, 1), padding=(2, 2))
    (4): ReLU(inplace=True)
    (5): MaxPool2d(kernel_size=3, stride=2, padding=0, dilation=1, ceil_mode=False)
    (6): Conv2d(192, 384, kernel_size=(3, 3), stride=(1, 1), padding=(1, 1))
    (7): ReLU(inplace=True)
    (8): Conv2d(384, 256, kernel_size=(3, 3), stride=(1, 1), padding=(1, 1))
    (9): ReLU(inplace=True)
    (10): Conv2d(256, 256, kernel_size=(3, 3), stride=(1, 1), padding=(1, 1))
    (11): ReLU(inplace=True)
    (12): MaxPool2d(kernel_size=3, stride=2, padding=0, dilation=1, ceil_mode=False)
  )
  (avgpool): AdaptiveAvgPool2d(output_size=(6, 6))
  (classifier_): Sequential(
    (0): Dropout(p=0.5, inplace=False)
    (1): Linear(in_features=9216, out_features=4096, bias=True)
    (2): ReLU(inplace=True)
    (3): Dropout(p=0.5, inplace=False)
    (4): Linear(in_features=4096, out_features=4096, bias=True)
    (5): ReLU(inplace=True)
    (6): Linear(in_features=4096, out_features=7, bias=True)
  )
  (__classifier__): Sequential(
    (0): Dropout(p=0.5, inplace=False)
    (1): Linear(in_features=18432, out_features=4096, bias=True)
    (2): ReLU(inplace=True)
    (3): Dropout(p=0.5, inplace=False)
    (4): Linear(in_features=4096, out_features=4096, bias=True)
    (5): ReLU(inplace=True)
    (6): Linear(in_features=4096, out_features=7, bias=True)
  )
)

