dataset_path: /home/djy/dataset/dataset2
pretrained : True 
parallel: False

net: _alexnet._alexnet
msg: 
using model: AlexNet, _alexnet
using device cuda:0
batch_size = 20
epochs = 64
loss_function = CrossEntropyLoss()
optimizer = Adam (
Parameter Group 0
    amsgrad: False
    betas: (0.9, 0.999)
    eps: 1e-08
    lr: 0.001
    weight_decay: 0
)


========== Train Epoch 1 ==========
Loss: 4.300	Accuracy: 21.62%	Cost 27s
              precision    recall  f1-score   support

         bzx     0.0000    0.0000    0.0000        31
         cwx     0.0000    0.0000    0.0000        22
         hdx     0.0000    0.0000    0.0000        17
         mtx     0.0000    0.0000    0.0000        19
         nqx     0.0000    0.0000    0.0000        12
         qtx     0.1818    0.0444    0.0714        45
         zxx     0.2209    0.9744    0.3602        39

    accuracy                         0.2162       185
   macro avg     0.0575    0.1455    0.0617       185
weighted avg     0.0908    0.2162    0.0933       185

micro f-score: 0.21621621621621623

========== Train Epoch 2 ==========
Loss: 1.857	Accuracy: 21.62%	Cost 27s
              precision    recall  f1-score   support

         bzx     0.0000    0.0000    0.0000        31
         cwx     0.1154    0.1364    0.1250        22
         hdx     0.0000    0.0000    0.0000        17
         mtx     0.0000    0.0000    0.0000        19
         nqx     0.0000    0.0000    0.0000        12
         qtx     0.0000    0.0000    0.0000        45
         zxx     0.2327    0.9487    0.3737        39

    accuracy                         0.2162       185
   macro avg     0.0497    0.1550    0.0712       185
weighted avg     0.0628    0.2162    0.0937       185

micro f-score: 0.21621621621621623

========== Train Epoch 3 ==========
Loss: 1.781	Accuracy: 24.32%	Cost 33s
              precision    recall  f1-score   support

         bzx     0.0000    0.0000    0.0000        31
         cwx     0.1667    0.0455    0.0714        22
         hdx     0.1279    0.6471    0.2136        17
         mtx     0.0000    0.0000    0.0000        19
         nqx     0.0000    0.0000    0.0000        12
         qtx     0.3103    0.2000    0.2432        45
         zxx     0.5106    0.6154    0.5581        39

    accuracy                         0.2432       185
   macro avg     0.1594    0.2154    0.1552       185
weighted avg     0.2147    0.2432    0.2050       185

micro f-score: 0.24324324324324326

========== Train Epoch 4 ==========
Loss: 1.757	Accuracy: 27.03%	Cost 31s
              precision    recall  f1-score   support

         bzx     0.0000    0.0000    0.0000        31
         cwx     0.1545    0.8636    0.2621        22
         hdx     0.0000    0.0000    0.0000        17
         mtx     0.0000    0.0000    0.0000        19
         nqx     0.0000    0.0000    0.0000        12
         qtx     0.5714    0.0889    0.1538        45
         zxx     0.4909    0.6923    0.5745        39

    accuracy                         0.2703       185
   macro avg     0.1738    0.2350    0.1415       185
weighted avg     0.2609    0.2703    0.1897       185

micro f-score: 0.2702702702702703

========== Train Epoch 5 ==========
Loss: 1.754	Accuracy: 29.73%	Cost 32s
              precision    recall  f1-score   support

         bzx     0.0000    0.0000    0.0000        31
         cwx     0.1408    0.4545    0.2151        22
         hdx     0.0000    0.0000    0.0000        17
         mtx     0.1053    0.1053    0.1053        19
         nqx     0.0000    0.0000    0.0000        12
         qtx     0.3673    0.4000    0.3830        45
         zxx     0.5435    0.6410    0.5882        39

    accuracy                         0.2973       185
   macro avg     0.1653    0.2287    0.1845       185
weighted avg     0.2315    0.2973    0.2535       185

micro f-score: 0.2972972972972973

========== Train Epoch 6 ==========
Loss: 1.785	Accuracy: 34.59%	Cost 33s
              precision    recall  f1-score   support

         bzx     0.0000    0.0000    0.0000        31
         cwx     0.1765    0.4091    0.2466        22
         hdx     0.0000    0.0000    0.0000        17
         mtx     0.0000    0.0000    0.0000        19
         nqx     0.0000    0.0000    0.0000        12
         qtx     0.3333    0.6889    0.4493        45
         zxx     0.6316    0.6154    0.6234        39

    accuracy                         0.3459       185
   macro avg     0.1631    0.2448    0.1885       185
weighted avg     0.2352    0.3459    0.2700       185

micro f-score: 0.34594594594594597

========== Train Epoch 7 ==========
Loss: 1.726	Accuracy: 35.14%	Cost 32s
              precision    recall  f1-score   support

         bzx     0.3333    0.0323    0.0588        31
         cwx     0.1379    0.1818    0.1569        22
         hdx     0.0000    0.0000    0.0000        17
         mtx     0.0000    0.0000    0.0000        19
         nqx     0.0000    0.0000    0.0000        12
         qtx     0.3365    0.7778    0.4698        45
         zxx     0.6410    0.6410    0.6410        39

    accuracy                         0.3514       185
   macro avg     0.2070    0.2333    0.1895       185
weighted avg     0.2893    0.3514    0.2779       185

micro f-score: 0.35135135135135137

========== Train Epoch 8 ==========
Loss: 1.685	Accuracy: 34.59%	Cost 27s
              precision    recall  f1-score   support

         bzx     0.0000    0.0000    0.0000        31
         cwx     0.1290    0.1818    0.1509        22
         hdx     0.0000    0.0000    0.0000        17
         mtx     0.0000    0.0000    0.0000        19
         nqx     0.1667    0.5000    0.2500        12
         qtx     0.4333    0.5778    0.4952        45
         zxx     0.4828    0.7179    0.5773        39

    accuracy                         0.3459       185
   macro avg     0.1731    0.2825    0.2105       185
weighted avg     0.2333    0.3459    0.2763       185

micro f-score: 0.34594594594594597

========== Train Epoch 9 ==========
Loss: 1.666	Accuracy: 22.16%	Cost 28s
              precision    recall  f1-score   support

         bzx     0.0000    0.0000    0.0000        31
         cwx     0.1260    0.7273    0.2148        22
         hdx     0.0769    0.0588    0.0667        17
         mtx     0.0000    0.0000    0.0000        19
         nqx     0.0000    0.0000    0.0000        12
         qtx     0.2222    0.0444    0.0741        45
         zxx     0.6286    0.5641    0.5946        39

    accuracy                         0.2216       185
   macro avg     0.1505    0.1992    0.1357       185
weighted avg     0.2086    0.2216    0.1750       185

micro f-score: 0.22162162162162163

========== Train Epoch 10 ==========
Loss: 1.697	Accuracy: 25.41%	Cost 29s
              precision    recall  f1-score   support

         bzx     0.1500    0.1935    0.1690        31
         cwx     0.0789    0.1364    0.1000        22
         hdx     0.0000    0.0000    0.0000        17
         mtx     0.0000    0.0000    0.0000        19
         nqx     0.2727    0.2500    0.2609        12
         qtx     0.3333    0.0667    0.1111        45
         zxx     0.3678    0.8205    0.5079        39

    accuracy                         0.2541       185
   macro avg     0.1718    0.2096    0.1641       185
weighted avg     0.2108    0.2541    0.1912       185

micro f-score: 0.25405405405405407

========== Train Epoch 11 ==========
Loss: 1.675	Accuracy: 23.24%	Cost 27s
              precision    recall  f1-score   support

         bzx     0.0000    0.0000    0.0000        31
         cwx     0.1419    0.9545    0.2471        22
         hdx     0.0000    0.0000    0.0000        17
         mtx     0.0000    0.0000    0.0000        19
         nqx     0.0000    0.0000    0.0000        12
         qtx     0.0000    0.0000    0.0000        45
         zxx     0.7097    0.5641    0.6286        39

    accuracy                         0.2324       185
   macro avg     0.1217    0.2169    0.1251       185
weighted avg     0.1665    0.2324    0.1619       185

micro f-score: 0.23243243243243245

========== Train Epoch 12 ==========
Loss: 1.674	Accuracy: 25.95%	Cost 28s
              precision    recall  f1-score   support

         bzx     0.1111    0.0323    0.0500        31
         cwx     0.1287    0.5909    0.2114        22
         hdx     0.0000    0.0000    0.0000        17
         mtx     0.0000    0.0000    0.0000        19
         nqx     0.0000    0.0000    0.0000        12
         qtx     0.1250    0.0444    0.0656        45
         zxx     0.5424    0.8205    0.6531        39

    accuracy                         0.2595       185
   macro avg     0.1296    0.2126    0.1400       185
weighted avg     0.1787    0.2595    0.1871       185

micro f-score: 0.2594594594594595

========== Train Epoch 13 ==========
Loss: 1.664	Accuracy: 28.65%	Cost 27s
              precision    recall  f1-score   support

         bzx     0.0000    0.0000    0.0000        31
         cwx     0.0984    0.2727    0.1446        22
         hdx     0.0000    0.0000    0.0000        17
         mtx     0.0000    0.0000    0.0000        19
         nqx     0.0909    0.0833    0.0870        12
         qtx     0.3214    0.4000    0.3564        45
         zxx     0.4912    0.7179    0.5833        39

    accuracy                         0.2865       185
   macro avg     0.1431    0.2106    0.1673       185
weighted avg     0.1993    0.2865    0.2325       185

micro f-score: 0.2864864864864865

========== Train Epoch 14 ==========
Loss: 1.647	Accuracy: 34.59%	Cost 29s
              precision    recall  f1-score   support

         bzx     0.0000    0.0000    0.0000        31
         cwx     0.1163    0.2273    0.1538        22
         hdx     0.0000    0.0000    0.0000        17
         mtx     0.0000    0.0000    0.0000        19
         nqx     0.1667    0.0833    0.1111        12
         qtx     0.3529    0.6667    0.4615        45
         zxx     0.5600    0.7179    0.6292        39

    accuracy                         0.3459       185
   macro avg     0.1708    0.2422    0.1937       185
weighted avg     0.2285    0.3459    0.2704       185

micro f-score: 0.34594594594594597

========== Train Epoch 15 ==========
Loss: 1.628	Accuracy: 28.65%	Cost 27s
              precision    recall  f1-score   support

         bzx     0.0000    0.0000    0.0000        31
         cwx     0.1205    0.4545    0.1905        22
         hdx     0.0000    0.0000    0.0000        17
         mtx     0.0000    0.0000    0.0000        19
         nqx     0.0000    0.0000    0.0000        12
         qtx     0.3056    0.2444    0.2716        45
         zxx     0.5333    0.8205    0.6465        39

    accuracy                         0.2865       185
   macro avg     0.1371    0.2171    0.1584       185
weighted avg     0.2011    0.2865    0.2250       185

micro f-score: 0.2864864864864865

========== Train Epoch 16 ==========
Loss: 1.578	Accuracy: 35.68%	Cost 34s
              precision    recall  f1-score   support

         bzx     0.0000    0.0000    0.0000        31
         cwx     0.2222    0.2727    0.2449        22
         hdx     0.0000    0.0000    0.0000        17
         mtx     0.0000    0.0000    0.0000        19
         nqx     0.0000    0.0000    0.0000        12
         qtx     0.3297    0.6667    0.4412        45
         zxx     0.4615    0.7692    0.5769        39

    accuracy                         0.3568       185
   macro avg     0.1448    0.2441    0.1804       185
weighted avg     0.2039    0.3568    0.2581       185

micro f-score: 0.3567567567567568

========== Train Epoch 17 ==========
Loss: 1.677	Accuracy: 35.14%	Cost 27s
              precision    recall  f1-score   support

         bzx     0.0000    0.0000    0.0000        31
         cwx     0.1818    0.3636    0.2424        22
         hdx     0.0000    0.0000    0.0000        17
         mtx     0.0000    0.0000    0.0000        19
         nqx     1.0000    0.0833    0.1538        12
         qtx     0.3059    0.5778    0.4000        45
         zxx     0.5556    0.7692    0.6452        39

    accuracy                         0.3514       185
   macro avg     0.2919    0.2563    0.2059       185
weighted avg     0.2780    0.3514    0.2721       185

micro f-score: 0.35135135135135137

========== Train Epoch 18 ==========
Loss: 1.602	Accuracy: 40.00%	Cost 31s
              precision    recall  f1-score   support

         bzx     0.2000    0.0323    0.0556        31
         cwx     0.0000    0.0000    0.0000        22
         hdx     0.0000    0.0000    0.0000        17
         mtx     0.0000    0.0000    0.0000        19
         nqx     1.0000    0.0833    0.1538        12
         qtx     0.3455    0.8444    0.4903        45
         zxx     0.5000    0.8718    0.6355        39

    accuracy                         0.4000       185
   macro avg     0.2922    0.2617    0.1907       185
weighted avg     0.2878    0.4000    0.2725       185

micro f-score: 0.4000000000000001

========== Train Epoch 19 ==========
Loss: 1.586	Accuracy: 28.11%	Cost 27s
              precision    recall  f1-score   support

         bzx     0.0833    0.0323    0.0465        31
         cwx     0.1489    0.6364    0.2414        22
         hdx     0.0000    0.0000    0.0000        17
         mtx     0.0000    0.0000    0.0000        19
         nqx     0.2857    0.3333    0.3077        12
         qtx     0.3571    0.1111    0.1695        45
         zxx     0.5490    0.7179    0.6222        39

    accuracy                         0.2811       185
   macro avg     0.2034    0.2616    0.1982       185
weighted avg     0.2528    0.2811    0.2289       185

micro f-score: 0.2810810810810811

========== Train Epoch 20 ==========
Loss: 1.606	Accuracy: 27.03%	Cost 27s
              precision    recall  f1-score   support

         bzx     0.6667    0.0645    0.1176        31
         cwx     0.1462    0.8636    0.2500        22
         hdx     0.0000    0.0000    0.0000        17
         mtx     0.0000    0.0000    0.0000        19
         nqx     0.3333    0.0833    0.1333        12
         qtx     0.2857    0.0889    0.1356        45
         zxx     0.6857    0.6154    0.6486        39

    accuracy                         0.2703       185
   macro avg     0.3025    0.2451    0.1836       185
weighted avg     0.3648    0.2703    0.2278       185

micro f-score: 0.2702702702702703

========== Train Epoch 21 ==========
Loss: 1.561	Accuracy: 36.22%	Cost 28s
              precision    recall  f1-score   support

         bzx     0.0000    0.0000    0.0000        31
         cwx     0.1667    0.5455    0.2553        22
         hdx     0.0000    0.0000    0.0000        17
         mtx     0.0000    0.0000    0.0000        19
         nqx     0.3333    0.0833    0.1333        12
         qtx     0.4348    0.4444    0.4396        45
         zxx     0.5312    0.8718    0.6602        39

    accuracy                         0.3622       185
   macro avg     0.2094    0.2779    0.2126       185
weighted avg     0.2592    0.3622    0.2851       185

micro f-score: 0.3621621621621622

========== Train Epoch 22 ==========
Loss: 1.526	Accuracy: 22.70%	Cost 27s
              precision    recall  f1-score   support

         bzx     0.0000    0.0000    0.0000        31
         cwx     0.1081    0.1818    0.1356        22
         hdx     0.0000    0.0000    0.0000        17
         mtx     0.0000    0.0000    0.0000        19
         nqx     0.0000    0.0000    0.0000        12
         qtx     0.2857    0.0444    0.0769        45
         zxx     0.2571    0.9231    0.4022        39

    accuracy                         0.2270       185
   macro avg     0.0930    0.1642    0.0878       185
weighted avg     0.1366    0.2270    0.1196       185

micro f-score: 0.22702702702702704

========== Train Epoch 23 ==========
Loss: 1.536	Accuracy: 28.65%	Cost 28s
              precision    recall  f1-score   support

         bzx     0.0000    0.0000    0.0000        31
         cwx     0.1364    0.4091    0.2045        22
         hdx     0.0000    0.0000    0.0000        17
         mtx     0.0000    0.0000    0.0000        19
         nqx     0.3333    0.0833    0.1333        12
         qtx     0.6154    0.1778    0.2759        45
         zxx     0.3398    0.8974    0.4930        39

    accuracy                         0.2865       185
   macro avg     0.2036    0.2239    0.1581       185
weighted avg     0.2592    0.2865    0.2040       185

micro f-score: 0.2864864864864865

========== Train Epoch 24 ==========
Loss: 1.523	Accuracy: 30.81%	Cost 27s
              precision    recall  f1-score   support

         bzx     0.2381    0.1613    0.1923        31
         cwx     0.1546    0.6818    0.2521        22
         hdx     0.0000    0.0000    0.0000        17
         mtx     0.0000    0.0000    0.0000        19
         nqx     1.0000    0.0833    0.1538        12
         qtx     0.4783    0.2444    0.3235        45
         zxx     0.5814    0.6410    0.6098        39

    accuracy                         0.3081       185
   macro avg     0.3503    0.2588    0.2188       185
weighted avg     0.3620    0.3081    0.2794       185

micro f-score: 0.3081081081081081

========== Train Epoch 25 ==========
Loss: 1.618	Accuracy: 35.14%	Cost 28s
              precision    recall  f1-score   support

         bzx     0.2500    0.2258    0.2373        31
         cwx     0.0000    0.0000    0.0000        22
         hdx     0.0000    0.0000    0.0000        17
         mtx     0.0000    0.0000    0.0000        19
         nqx     0.0000    0.0000    0.0000        12
         qtx     0.3871    0.5333    0.4486        45
         zxx     0.3656    0.8718    0.5152        39

    accuracy                         0.3514       185
   macro avg     0.1432    0.2330    0.1716       185
weighted avg     0.2131    0.3514    0.2575       185

micro f-score: 0.35135135135135137

========== Train Epoch 26 ==========
Loss: 1.608	Accuracy: 38.38%	Cost 26s
              precision    recall  f1-score   support

         bzx     0.4000    0.0645    0.1111        31
         cwx     0.0000    0.0000    0.0000        22
         hdx     0.0000    0.0000    0.0000        17
         mtx     0.0000    0.0000    0.0000        19
         nqx     0.5000    0.0833    0.1429        12
         qtx     0.3690    0.6889    0.4806        45
         zxx     0.4066    0.9487    0.5692        39

    accuracy                         0.3838       185
   macro avg     0.2394    0.2551    0.1863       185
weighted avg     0.2749    0.3838    0.2648       185

micro f-score: 0.3837837837837838

========== Train Epoch 27 ==========
Loss: 1.587	Accuracy: 31.89%	Cost 29s
              precision    recall  f1-score   support

         bzx     0.6667    0.0645    0.1176        31
         cwx     0.1495    0.7273    0.2481        22
         hdx     0.0000    0.0000    0.0000        17
         mtx     0.0000    0.0000    0.0000        19
         nqx     0.4000    0.1667    0.2353        12
         qtx     0.4333    0.2889    0.3467        45
         zxx     0.6500    0.6667    0.6582        39

    accuracy                         0.3189       185
   macro avg     0.3285    0.2734    0.2294       185
weighted avg     0.3979    0.3189    0.2876       185

micro f-score: 0.31891891891891894

========== Train Epoch 28 ==========
Loss: 1.528	Accuracy: 34.59%	Cost 27s
              precision    recall  f1-score   support

         bzx     0.3182    0.2258    0.2642        31
         cwx     0.1667    0.6818    0.2679        22
         hdx     0.0000    0.0000    0.0000        17
         mtx     0.0000    0.0000    0.0000        19
         nqx     1.0000    0.1667    0.2857        12
         qtx     0.6429    0.2000    0.3051        45
         zxx     0.5439    0.7949    0.6458        39

    accuracy                         0.3459       185
   macro avg     0.3817    0.2956    0.2527       185
weighted avg     0.4090    0.3459    0.3050       185

micro f-score: 0.34594594594594597

========== Train Epoch 29 ==========
Loss: 1.485	Accuracy: 32.43%	Cost 28s
              precision    recall  f1-score   support

         bzx     0.1875    0.1935    0.1905        31
         cwx     0.1579    0.5455    0.2449        22
         hdx     0.0000    0.0000    0.0000        17
         mtx     0.0000    0.0000    0.0000        19
         nqx     1.0000    0.1667    0.2857        12
         qtx     0.8571    0.1333    0.2308        45
         zxx     0.5000    0.8718    0.6355        39

    accuracy                         0.3243       185
   macro avg     0.3861    0.2730    0.2268       185
weighted avg     0.4290    0.3243    0.2697       185

micro f-score: 0.32432432432432434

========== Train Epoch 30 ==========
Loss: 1.482	Accuracy: 33.51%	Cost 28s
              precision    recall  f1-score   support

         bzx     0.4444    0.1290    0.2000        31
         cwx     0.1500    0.5455    0.2353        22
         hdx     0.0000    0.0000    0.0000        17
         mtx     0.0000    0.0000    0.0000        19
         nqx     0.3333    0.3333    0.3333        12
         qtx     0.3750    0.4000    0.3871        45
         zxx     0.6667    0.6154    0.6400        39

    accuracy                         0.3351       185
   macro avg     0.2813    0.2890    0.2565       185
weighted avg     0.3457    0.3351    0.3122       185

micro f-score: 0.33513513513513515

========== Train Epoch 31 ==========
Loss: 1.435	Accuracy: 43.78%	Cost 34s
              precision    recall  f1-score   support

         bzx     0.6154    0.2581    0.3636        31
         cwx     0.2432    0.8182    0.3750        22
         hdx     0.0000    0.0000    0.0000        17
         mtx     0.0000    0.0000    0.0000        19
         nqx     1.0000    0.2500    0.4000        12
         qtx     0.5000    0.4222    0.4578        45
         zxx     0.5789    0.8462    0.6875        39

    accuracy                         0.4378       185
   macro avg     0.4197    0.3707    0.3263       185
weighted avg     0.4406    0.4378    0.3878       185

micro f-score: 0.43783783783783786

========== Train Epoch 32 ==========
Loss: 1.449	Accuracy: 42.16%	Cost 27s
              precision    recall  f1-score   support

         bzx     0.4667    0.2258    0.3043        31
         cwx     0.2333    0.9545    0.3750        22
         hdx     0.0000    0.0000    0.0000        17
         mtx     0.0000    0.0000    0.0000        19
         nqx     1.0000    0.2500    0.4000        12
         qtx     0.6333    0.4222    0.5067        45
         zxx     0.5957    0.7179    0.6512        39

    accuracy                         0.4216       185
   macro avg     0.4184    0.3672    0.3196       185
weighted avg     0.4505    0.4216    0.3821       185

micro f-score: 0.42162162162162165

========== Train Epoch 33 ==========
Loss: 1.464	Accuracy: 40.54%	Cost 26s
              precision    recall  f1-score   support

         bzx     0.2333    0.2258    0.2295        31
         cwx     0.2333    0.6364    0.3415        22
         hdx     0.0000    0.0000    0.0000        17
         mtx     0.0000    0.0000    0.0000        19
         nqx     0.6000    0.2500    0.3529        12
         qtx     0.6429    0.4000    0.4932        45
         zxx     0.5323    0.8462    0.6535        39

    accuracy                         0.4054       185
   macro avg     0.3203    0.3369    0.2958       185
weighted avg     0.3743    0.4054    0.3597       185

micro f-score: 0.40540540540540543

========== Train Epoch 34 ==========
Loss: 1.441	Accuracy: 40.54%	Cost 26s
              precision    recall  f1-score   support

         bzx     0.3030    0.3226    0.3125        31
         cwx     0.2000    0.5455    0.2927        22
         hdx     0.0000    0.0000    0.0000        17
         mtx     0.0000    0.0000    0.0000        19
         nqx     1.0000    0.1667    0.2857        12
         qtx     0.5429    0.4222    0.4750        45
         zxx     0.5818    0.8205    0.6809        39

    accuracy                         0.4054       185
   macro avg     0.3754    0.3253    0.2924       185
weighted avg     0.3941    0.4054    0.3648       185

micro f-score: 0.40540540540540543

========== Train Epoch 35 ==========
Loss: 1.449	Accuracy: 40.00%	Cost 27s
              precision    recall  f1-score   support

         bzx     0.3200    0.2581    0.2857        31
         cwx     0.2000    0.5000    0.2857        22
         hdx     0.0000    0.0000    0.0000        17
         mtx     0.0000    0.0000    0.0000        19
         nqx     1.0000    0.1667    0.2857        12
         qtx     0.5143    0.4000    0.4500        45
         zxx     0.5147    0.8974    0.6542        39

    accuracy                         0.4000       185
   macro avg     0.3641    0.3175    0.2802       185
weighted avg     0.3759    0.4000    0.3478       185

micro f-score: 0.4000000000000001

========== Train Epoch 36 ==========
Loss: 1.382	Accuracy: 37.84%	Cost 27s
              precision    recall  f1-score   support

         bzx     0.1875    0.0968    0.1277        31
         cwx     0.1864    0.5000    0.2716        22
         hdx     0.0000    0.0000    0.0000        17
         mtx     0.0000    0.0000    0.0000        19
         nqx     1.0000    0.0833    0.1538        12
         qtx     0.4583    0.4889    0.4731        45
         zxx     0.5410    0.8462    0.6600        39

    accuracy                         0.3784       185
   macro avg     0.3390    0.2879    0.2409       185
weighted avg     0.3440    0.3784    0.3179       185

micro f-score: 0.37837837837837834

========== Train Epoch 37 ==========
Loss: 1.395	Accuracy: 33.51%	Cost 29s
              precision    recall  f1-score   support

         bzx     0.1628    0.2258    0.1892        31
         cwx     0.1500    0.2727    0.1935        22
         hdx     0.0000    0.0000    0.0000        17
         mtx     0.0000    0.0000    0.0000        19
         nqx     1.0000    0.1667    0.2857        12
         qtx     0.6842    0.2889    0.4062        45
         zxx     0.4198    0.8718    0.5667        39

    accuracy                         0.3351       185
   macro avg     0.3453    0.2608    0.2345       185
weighted avg     0.3649    0.3351    0.2915       185

micro f-score: 0.33513513513513515

========== Train Epoch 38 ==========
Loss: 1.407	Accuracy: 35.68%	Cost 27s
              precision    recall  f1-score   support

         bzx     0.1304    0.0968    0.1111        31
         cwx     0.2830    0.6818    0.4000        22
         hdx     0.0556    0.0588    0.0571        17
         mtx     0.0000    0.0000    0.0000        19
         nqx     1.0000    0.3333    0.5000        12
         qtx     0.3810    0.1778    0.2424        45
         zxx     0.5303    0.8974    0.6667        39

    accuracy                         0.3568       185
   macro avg     0.3400    0.3209    0.2825       185
weighted avg     0.3299    0.3568    0.3034       185

micro f-score: 0.3567567567567568

========== Train Epoch 39 ==========
Loss: 1.397	Accuracy: 42.16%	Cost 29s
              precision    recall  f1-score   support

         bzx     0.2308    0.0968    0.1364        31
         cwx     0.2533    0.8636    0.3918        22
         hdx     0.0000    0.0000    0.0000        17
         mtx     0.0000    0.0000    0.0000        19
         nqx     1.0000    0.1667    0.2857        12
         qtx     0.5897    0.5111    0.5476        45
         zxx     0.5536    0.7949    0.6526        39

    accuracy                         0.4216       185
   macro avg     0.3753    0.3476    0.2877       185
weighted avg     0.3938    0.4216    0.3588       185

micro f-score: 0.42162162162162165

========== Train Epoch 40 ==========
Loss: 1.340	Accuracy: 35.14%	Cost 27s
              precision    recall  f1-score   support

         bzx     0.1250    0.1613    0.1408        31
         cwx     0.1818    0.4545    0.2597        22
         hdx     0.0000    0.0000    0.0000        17
         mtx     0.0000    0.0000    0.0000        19
         nqx     1.0000    0.1667    0.2857        12
         qtx     0.7778    0.3111    0.4444        45
         zxx     0.4857    0.8718    0.6239        39

    accuracy                         0.3514       185
   macro avg     0.3672    0.2808    0.2507       185
weighted avg     0.3990    0.3514    0.3126       185

micro f-score: 0.35135135135135137

========== Train Epoch 41 ==========
Loss: 1.423	Accuracy: 40.00%	Cost 27s
              precision    recall  f1-score   support

         bzx     0.3333    0.2258    0.2692        31
         cwx     0.2063    0.5909    0.3059        22
         hdx     0.0000    0.0000    0.0000        17
         mtx     0.0000    0.0000    0.0000        19
         nqx     1.0000    0.1667    0.2857        12
         qtx     0.4615    0.5333    0.4948        45
         zxx     0.5957    0.7179    0.6512        39

    accuracy                         0.4000       185
   macro avg     0.3710    0.3192    0.2867       185
weighted avg     0.3831    0.4000    0.3577       185

micro f-score: 0.4000000000000001

========== Train Epoch 42 ==========
Loss: 1.371	Accuracy: 40.00%	Cost 28s
              precision    recall  f1-score   support

         bzx     0.1875    0.1935    0.1905        31
         cwx     0.1905    0.5455    0.2824        22
         hdx     0.0000    0.0000    0.0000        17
         mtx     0.0000    0.0000    0.0000        19
         nqx     0.6667    0.1667    0.2667        12
         qtx     0.6562    0.4667    0.5455        45
         zxx     0.6000    0.8462    0.7021        39

    accuracy                         0.4000       185
   macro avg     0.3287    0.3169    0.2839       185
weighted avg     0.3834    0.4000    0.3635       185

micro f-score: 0.4000000000000001

========== Train Epoch 43 ==========
Loss: 1.332	Accuracy: 45.41%	Cost 32s
              precision    recall  f1-score   support

         bzx     0.3261    0.4839    0.3896        31
         cwx     0.2051    0.3636    0.2623        22
         hdx     0.0000    0.0000    0.0000        17
         mtx     0.0000    0.0000    0.0000        19
         nqx     0.6000    0.2500    0.3529        12
         qtx     0.5000    0.6000    0.5455        45
         zxx     0.7561    0.7949    0.7750        39

    accuracy                         0.4541       185
   macro avg     0.3410    0.3561    0.3322       185
weighted avg     0.3990    0.4541    0.4154       185

micro f-score: 0.4540540540540541

========== Train Epoch 44 ==========
Loss: 1.335	Accuracy: 42.16%	Cost 28s
              precision    recall  f1-score   support

         bzx     0.2400    0.3871    0.2963        31
         cwx     0.2500    0.4091    0.3103        22
         hdx     0.0000    0.0000    0.0000        17
         mtx     0.0000    0.0000    0.0000        19
         nqx     0.4000    0.3333    0.3636        12
         qtx     0.5385    0.4667    0.5000        45
         zxx     0.6400    0.8205    0.7191        39

    accuracy                         0.4216       185
   macro avg     0.2955    0.3452    0.3128       185
weighted avg     0.3618    0.4216    0.3834       185

micro f-score: 0.42162162162162165

========== Train Epoch 45 ==========
Loss: 1.330	Accuracy: 42.16%	Cost 27s
              precision    recall  f1-score   support

         bzx     0.3000    0.2903    0.2951        31
         cwx     0.2063    0.5909    0.3059        22
         hdx     0.0000    0.0000    0.0000        17
         mtx     0.0000    0.0000    0.0000        19
         nqx     1.0000    0.0833    0.1538        12
         qtx     0.5476    0.5111    0.5287        45
         zxx     0.6531    0.8205    0.7273        39

    accuracy                         0.4216       185
   macro avg     0.3867    0.3280    0.2873       185
weighted avg     0.4106    0.4216    0.3777       185

micro f-score: 0.42162162162162165

========== Train Epoch 46 ==========
Loss: 1.353	Accuracy: 44.32%	Cost 28s
              precision    recall  f1-score   support

         bzx     0.3265    0.5161    0.4000        31
         cwx     0.2344    0.6818    0.3488        22
         hdx     0.0000    0.0000    0.0000        17
         mtx     0.0000    0.0000    0.0000        19
         nqx     1.0000    0.0833    0.1538        12
         qtx     0.8571    0.4000    0.5455        45
         zxx     0.6400    0.8205    0.7191        39

    accuracy                         0.4432       185
   macro avg     0.4369    0.3574    0.3096       185
weighted avg     0.4909    0.4432    0.4028       185

micro f-score: 0.44324324324324327

========== Train Epoch 47 ==========
Loss: 1.280	Accuracy: 44.86%	Cost 28s
              precision    recall  f1-score   support

         bzx     0.3846    0.3226    0.3509        31
         cwx     0.2368    0.8182    0.3673        22
         hdx     0.0000    0.0000    0.0000        17
         mtx     0.0000    0.0000    0.0000        19
         nqx     0.5714    0.3333    0.4211        12
         qtx     0.8261    0.4222    0.5588        45
         zxx     0.6038    0.8205    0.6957        39

    accuracy                         0.4486       185
   macro avg     0.3747    0.3881    0.3420       185
weighted avg     0.4579    0.4486    0.4124       185

micro f-score: 0.4486486486486486

========== Train Epoch 48 ==========
Loss: 1.303	Accuracy: 41.62%	Cost 28s
              precision    recall  f1-score   support

         bzx     0.3902    0.5161    0.4444        31
         cwx     0.1831    0.5909    0.2796        22
         hdx     0.0000    0.0000    0.0000        17
         mtx     0.0000    0.0000    0.0000        19
         nqx     0.2500    0.2500    0.2500        12
         qtx     0.5714    0.4444    0.5000        45
         zxx     0.9615    0.6410    0.7692        39

    accuracy                         0.4162       185
   macro avg     0.3366    0.3489    0.3205       185
weighted avg     0.4451    0.4162    0.4077       185

micro f-score: 0.41621621621621624

========== Train Epoch 49 ==========
Loss: 1.374	Accuracy: 45.41%	Cost 27s
              precision    recall  f1-score   support

         bzx     0.4545    0.3226    0.3774        31
         cwx     0.2436    0.8636    0.3800        22
         hdx     0.0000    0.0000    0.0000        17
         mtx     0.0000    0.0000    0.0000        19
         nqx     0.4286    0.2500    0.3158        12
         qtx     0.6667    0.5778    0.6190        45
         zxx     0.6667    0.6667    0.6667        39

    accuracy                         0.4541       185
   macro avg     0.3514    0.3830    0.3370       185
weighted avg     0.4356    0.4541    0.4200       185

micro f-score: 0.4540540540540541

========== Train Epoch 50 ==========
Loss: 1.422	Accuracy: 41.08%	Cost 29s
              precision    recall  f1-score   support

         bzx     0.2581    0.5161    0.3441        31
         cwx     0.2167    0.5909    0.3171        22
         hdx     0.0000    0.0000    0.0000        17
         mtx     0.0000    0.0000    0.0000        19
         nqx     0.4286    0.2500    0.3158        12
         qtx     0.8182    0.4000    0.5373        45
         zxx     0.7647    0.6667    0.7123        39

    accuracy                         0.4108       185
   macro avg     0.3552    0.3462    0.3181       185
weighted avg     0.4570    0.4108    0.3967       185

micro f-score: 0.4108108108108109

========== Train Epoch 51 ==========
Loss: 1.290	Accuracy: 41.62%	Cost 28s
              precision    recall  f1-score   support

         bzx     0.3913    0.2903    0.3333        31
         cwx     0.1644    0.5455    0.2526        22
         hdx     0.0000    0.0000    0.0000        17
         mtx     0.0000    0.0000    0.0000        19
         nqx     0.5714    0.3333    0.4211        12
         qtx     0.7407    0.4444    0.5556        45
         zxx     0.5818    0.8205    0.6809        39

    accuracy                         0.4162       185
   macro avg     0.3500    0.3477    0.3205       185
weighted avg     0.4250    0.4162    0.3919       185

micro f-score: 0.41621621621621624

========== Train Epoch 52 ==========
Loss: 1.312	Accuracy: 42.16%	Cost 29s
              precision    recall  f1-score   support

         bzx     0.2958    0.6774    0.4118        31
         cwx     0.2157    0.5000    0.3014        22
         hdx     0.0000    0.0000    0.0000        17
         mtx     0.0000    0.0000    0.0000        19
         nqx     0.5714    0.3333    0.4211        12
         qtx     0.6562    0.4667    0.5455        45
         zxx     0.8750    0.5385    0.6667        39

    accuracy                         0.4216       185
   macro avg     0.3734    0.3594    0.3352       185
weighted avg     0.4564    0.4216    0.4054       185

micro f-score: 0.42162162162162165

========== Train Epoch 53 ==========
Epoch    53: reducing learning rate of group 0 to 1.0000e-04.
Loss: 1.585	Accuracy: 42.16%	Cost 27s
              precision    recall  f1-score   support

         bzx     0.3191    0.4839    0.3846        31
         cwx     0.1923    0.4545    0.2703        22
         hdx     0.0000    0.0000    0.0000        17
         mtx     0.0000    0.0000    0.0000        19
         nqx     1.0000    0.0833    0.1538        12
         qtx     0.5610    0.5111    0.5349        45
         zxx     0.6591    0.7436    0.6988        39

    accuracy                         0.4216       185
   macro avg     0.3902    0.3252    0.2918       185
weighted avg     0.4166    0.4216    0.3840       185

micro f-score: 0.42162162162162165

========== Train Epoch 54 ==========
Loss: 1.333	Accuracy: 43.78%	Cost 28s
              precision    recall  f1-score   support

         bzx     0.3333    0.5161    0.4051        31
         cwx     0.2115    0.5000    0.2973        22
         hdx     0.0000    0.0000    0.0000        17
         mtx     0.0000    0.0000    0.0000        19
         nqx     1.0000    0.0833    0.1538        12
         qtx     0.5500    0.4889    0.5176        45
         zxx     0.7045    0.7949    0.7470        39

    accuracy                         0.4378       185
   macro avg     0.3999    0.3405    0.3030       185
weighted avg     0.4282    0.4378    0.3966       185

micro f-score: 0.43783783783783786

========== Train Epoch 55 ==========
Loss: 1.302	Accuracy: 44.32%	Cost 27s
              precision    recall  f1-score   support

         bzx     0.3415    0.4516    0.3889        31
         cwx     0.2203    0.5909    0.3210        22
         hdx     0.0000    0.0000    0.0000        17
         mtx     0.0000    0.0000    0.0000        19
         nqx     0.5000    0.1667    0.2500        12
         qtx     0.5833    0.4667    0.5185        45
         zxx     0.7111    0.8205    0.7619        39

    accuracy                         0.4432       185
   macro avg     0.3366    0.3566    0.3200       185
weighted avg     0.4077    0.4432    0.4063       185

micro f-score: 0.44324324324324327

========== Train Epoch 56 ==========
Loss: 1.264	Accuracy: 44.32%	Cost 29s
              precision    recall  f1-score   support

         bzx     0.3571    0.4839    0.4110        31
         cwx     0.2000    0.5000    0.2857        22
         hdx     0.0000    0.0000    0.0000        17
         mtx     0.0000    0.0000    0.0000        19
         nqx     0.5000    0.1667    0.2500        12
         qtx     0.5833    0.4667    0.5185        45
         zxx     0.6875    0.8462    0.7586        39

    accuracy                         0.4432       185
   macro avg     0.3326    0.3519    0.3177       185
weighted avg     0.4029    0.4432    0.4051       185

micro f-score: 0.44324324324324327

========== Train Epoch 57 ==========
Loss: 1.235	Accuracy: 45.41%	Cost 29s
              precision    recall  f1-score   support

         bzx     0.3889    0.4516    0.4179        31
         cwx     0.2203    0.5909    0.3210        22
         hdx     0.0000    0.0000    0.0000        17
         mtx     0.0000    0.0000    0.0000        19
         nqx     0.7500    0.2500    0.3750        12
         qtx     0.5833    0.4667    0.5185        45
         zxx     0.6600    0.8462    0.7416        39

    accuracy                         0.4541       185
   macro avg     0.3718    0.3722    0.3391       185
weighted avg     0.4210    0.4541    0.4150       185

micro f-score: 0.4540540540540541

========== Train Epoch 58 ==========
Loss: 1.208	Accuracy: 45.95%	Cost 33s
              precision    recall  f1-score   support

         bzx     0.4062    0.4194    0.4127        31
         cwx     0.2295    0.6364    0.3373        22
         hdx     0.0000    0.0000    0.0000        17
         mtx     0.0000    0.0000    0.0000        19
         nqx     0.5000    0.2500    0.3333        12
         qtx     0.5897    0.5111    0.5476        45
         zxx     0.6809    0.8205    0.7442        39

    accuracy                         0.4595       185
   macro avg     0.3438    0.3768    0.3393       185
weighted avg     0.4148    0.4595    0.4210       185

micro f-score: 0.4594594594594595

========== Train Epoch 59 ==========
Loss: 1.204	Accuracy: 46.49%	Cost 32s
              precision    recall  f1-score   support

         bzx     0.4118    0.4516    0.4308        31
         cwx     0.2344    0.6818    0.3488        22
         hdx     0.0000    0.0000    0.0000        17
         mtx     0.0000    0.0000    0.0000        19
         nqx     0.5000    0.2500    0.3333        12
         qtx     0.5946    0.4889    0.5366        45
         zxx     0.7273    0.8205    0.7711        39

    accuracy                         0.4649       185
   macro avg     0.3526    0.3847    0.3458       185
weighted avg     0.4273    0.4649    0.4284       185

micro f-score: 0.4648648648648649

========== Train Epoch 60 ==========
Loss: 1.202	Accuracy: 45.41%	Cost 27s
              precision    recall  f1-score   support

         bzx     0.4062    0.4194    0.4127        31
         cwx     0.2131    0.5909    0.3133        22
         hdx     0.0000    0.0000    0.0000        17
         mtx     0.0000    0.0000    0.0000        19
         nqx     0.6667    0.1667    0.2667        12
         qtx     0.5789    0.4889    0.5301        45
         zxx     0.6667    0.8718    0.7556        39

    accuracy                         0.4541       185
   macro avg     0.3617    0.3625    0.3255       185
weighted avg     0.4180    0.4541    0.4119       185

micro f-score: 0.4540540540540541

========== Train Epoch 61 ==========
Loss: 1.174	Accuracy: 45.41%	Cost 28s
              precision    recall  f1-score   support

         bzx     0.3684    0.4516    0.4058        31
         cwx     0.2097    0.5909    0.3095        22
         hdx     0.0000    0.0000    0.0000        17
         mtx     0.0000    0.0000    0.0000        19
         nqx     0.5000    0.1667    0.2500        12
         qtx     0.6111    0.4889    0.5432        45
         zxx     0.7333    0.8462    0.7857        39

    accuracy                         0.4541       185
   macro avg     0.3461    0.3635    0.3277       185
weighted avg     0.4223    0.4541    0.4188       185

micro f-score: 0.4540540540540541

========== Train Epoch 62 ==========
Loss: 1.183	Accuracy: 45.41%	Cost 27s
              precision    recall  f1-score   support

         bzx     0.3871    0.3871    0.3871        31
         cwx     0.2113    0.6818    0.3226        22
         hdx     0.0000    0.0000    0.0000        17
         mtx     0.0000    0.0000    0.0000        19
         nqx     0.5000    0.2500    0.3333        12
         qtx     0.6471    0.4889    0.5570        45
         zxx     0.7442    0.8205    0.7805        39

    accuracy                         0.4541       185
   macro avg     0.3557    0.3755    0.3401       185
weighted avg     0.4367    0.4541    0.4249       185

micro f-score: 0.4540540540540541

========== Train Epoch 63 ==========
Loss: 1.154	Accuracy: 44.32%	Cost 27s
              precision    recall  f1-score   support

         bzx     0.3824    0.4194    0.4000        31
         cwx     0.1935    0.5455    0.2857        22
         hdx     0.0000    0.0000    0.0000        17
         mtx     0.0000    0.0000    0.0000        19
         nqx     0.5000    0.2500    0.3333        12
         qtx     0.5500    0.4889    0.5176        45
         zxx     0.7442    0.8205    0.7805        39

    accuracy                         0.4432       185
   macro avg     0.3386    0.3606    0.3310       185
weighted avg     0.4102    0.4432    0.4131       185

micro f-score: 0.44324324324324327

========== Train Epoch 64 ==========
Loss: 1.128	Accuracy: 43.78%	Cost 27s
              precision    recall  f1-score   support

         bzx     0.3415    0.4516    0.3889        31
         cwx     0.1967    0.5455    0.2892        22
         hdx     0.0000    0.0000    0.0000        17
         mtx     0.0000    0.0000    0.0000        19
         nqx     0.4000    0.1667    0.2353        12
         qtx     0.5833    0.4667    0.5185        45
         zxx     0.7619    0.8205    0.7901        39

    accuracy                         0.4378       185
   macro avg     0.3262    0.3501    0.3174       185
weighted avg     0.4091    0.4378    0.4075       185

micro f-score: 0.43783783783783786

Finished training!!!

Min Loss = 1.128 in epoch 63;
Max Accuracy = 46.49% in epoch 58;
Total Cost 31 minutes

==========================================================================================
Layer (type:depth-idx)                   Output Shape              Param #
==========================================================================================
├─Sequential: 1-1                        [-1, 256, 9, 9]           --
|    └─Conv2d: 2-1                       [-1, 64, 79, 79]          23,296
|    └─BatchNorm2d: 2-2                  [-1, 64, 79, 79]          128
|    └─ReLU: 2-3                         [-1, 64, 79, 79]          --
|    └─MaxPool2d: 2-4                    [-1, 64, 39, 39]          --
|    └─Conv2d: 2-5                       [-1, 192, 39, 39]         307,392
|    └─BatchNorm2d: 2-6                  [-1, 192, 39, 39]         384
|    └─ReLU: 2-7                         [-1, 192, 39, 39]         --
|    └─MaxPool2d: 2-8                    [-1, 192, 19, 19]         --
|    └─Conv2d: 2-9                       [-1, 384, 19, 19]         663,936
|    └─BatchNorm2d: 2-10                 [-1, 384, 19, 19]         768
|    └─ReLU: 2-11                        [-1, 384, 19, 19]         --
|    └─Conv2d: 2-12                      [-1, 256, 19, 19]         884,992
|    └─BatchNorm2d: 2-13                 [-1, 256, 19, 19]         512
|    └─ReLU: 2-14                        [-1, 256, 19, 19]         --
|    └─Conv2d: 2-15                      [-1, 256, 19, 19]         590,080
|    └─BatchNorm2d: 2-16                 [-1, 256, 19, 19]         512
|    └─ReLU: 2-17                        [-1, 256, 19, 19]         --
|    └─MaxPool2d: 2-18                   [-1, 256, 9, 9]           --
├─AdaptiveAvgPool2d: 1-2                 [-1, 256, 6, 6]           --
├─Sequential: 1-3                        [-1, 7]                   --
|    └─Dropout: 2-19                     [-1, 9216]                --
|    └─Linear: 2-20                      [-1, 4096]                37,752,832
|    └─ReLU: 2-21                        [-1, 4096]                --
|    └─Dropout: 2-22                     [-1, 4096]                --
|    └─Linear: 2-23                      [-1, 4096]                16,781,312
|    └─ReLU: 2-24                        [-1, 4096]                --
|    └─Linear: 2-25                      [-1, 7]                   28,679
==========================================================================================
Total params: 57,034,823
Trainable params: 57,034,823
Non-trainable params: 0
Total mult-adds (G): 1.50
==========================================================================================
Input size (MB): 1.17
Forward/backward pass size (MB): 15.55
Params size (MB): 217.57
Estimated Total Size (MB): 234.29
==========================================================================================



