dataset_path: /home/djy/dataset/dataset2
pretrained : True 
parallel: False

net: sppb_resnet.resnet18
msg: 
using model: ResNet, resnet18
using device cuda:0
batch_size = 20
epochs = 64
loss_function = CrossEntropyLoss()
optimizer = Adam (
Parameter Group 0
    amsgrad: False
    betas: (0.9, 0.999)
    eps: 1e-08
    lr: 0.001
    weight_decay: 0
)


========== Train Epoch 1 ==========
Loss: 1.906	Accuracy: 24.32%	Cost 30s
              precision    recall  f1-score   support

         bzx     0.0000    0.0000    0.0000        31
         cwx     0.0000    0.0000    0.0000        22
         hdx     0.1410    0.6471    0.2316        17
         mtx     0.0000    0.0000    0.0000        19
         nqx     0.5000    0.0833    0.1429        12
         qtx     0.3265    0.3556    0.3404        45
         zxx     0.3036    0.4359    0.3579        39

    accuracy                         0.2432       185
   macro avg     0.1816    0.2174    0.1533       185
weighted avg     0.1888    0.2432    0.1888       185

micro f-score: 0.24324324324324326

========== Train Epoch 2 ==========
Loss: 1.731	Accuracy: 29.19%	Cost 30s
              precision    recall  f1-score   support

         bzx     0.2963    0.2581    0.2759        31
         cwx     0.1803    0.5000    0.2651        22
         hdx     0.0000    0.0000    0.0000        17
         mtx     0.3333    0.0526    0.0909        19
         nqx     0.6667    0.1667    0.2667        12
         qtx     0.3333    0.0667    0.1111        45
         zxx     0.3537    0.7436    0.4793        39

    accuracy                         0.2919       185
   macro avg     0.3091    0.2554    0.2127       185
weighted avg     0.3042    0.2919    0.2325       185

micro f-score: 0.2918918918918919

========== Train Epoch 3 ==========
Loss: 1.645	Accuracy: 26.49%	Cost 29s
              precision    recall  f1-score   support

         bzx     0.3409    0.4839    0.4000        31
         cwx     0.2500    0.0455    0.0769        22
         hdx     0.0000    0.0000    0.0000        17
         mtx     0.1515    0.5263    0.2353        19
         nqx     0.3333    0.3333    0.3333        12
         qtx     0.2308    0.0667    0.1034        45
         zxx     0.3478    0.4103    0.3765        39

    accuracy                         0.2649       185
   macro avg     0.2363    0.2666    0.2179       185
weighted avg     0.2535    0.2649    0.2265       185

micro f-score: 0.2648648648648649

========== Train Epoch 4 ==========
Loss: 1.522	Accuracy: 43.24%	Cost 33s
              precision    recall  f1-score   support

         bzx     0.4667    0.2258    0.3043        31
         cwx     0.5000    0.1364    0.2143        22
         hdx     0.0000    0.0000    0.0000        17
         mtx     0.3077    0.2105    0.2500        19
         nqx     0.1739    0.6667    0.2759        12
         qtx     0.6136    0.6000    0.6067        45
         zxx     0.5167    0.7949    0.6263        39

    accuracy                         0.4324       185
   macro avg     0.3684    0.3763    0.3254       185
weighted avg     0.4387    0.4324    0.3997       185

micro f-score: 0.43243243243243246

========== Train Epoch 5 ==========
Loss: 1.451	Accuracy: 42.70%	Cost 31s
              precision    recall  f1-score   support

         bzx     0.3333    0.6452    0.4396        31
         cwx     0.2500    0.2727    0.2609        22
         hdx     0.0000    0.0000    0.0000        17
         mtx     0.2500    0.2105    0.2286        19
         nqx     0.2632    0.4167    0.3226        12
         qtx     0.8333    0.4444    0.5797        45
         zxx     0.5714    0.6154    0.5926        39

    accuracy                         0.4270       185
   macro avg     0.3573    0.3721    0.3463       185
weighted avg     0.4515    0.4270    0.4150       185

micro f-score: 0.427027027027027

========== Train Epoch 6 ==========
Loss: 1.482	Accuracy: 45.41%	Cost 33s
              precision    recall  f1-score   support

         bzx     0.3462    0.2903    0.3158        31
         cwx     0.5000    0.2273    0.3125        22
         hdx     0.0000    0.0000    0.0000        17
         mtx     0.6667    0.1053    0.1818        19
         nqx     0.3846    0.4167    0.4000        12
         qtx     0.4521    0.7333    0.5593        45
         zxx     0.5172    0.7692    0.6186        39

    accuracy                         0.4541       185
   macro avg     0.4095    0.3632    0.3411       185
weighted avg     0.4299    0.4541    0.4011       185

micro f-score: 0.4540540540540541

========== Train Epoch 7 ==========
Loss: 1.386	Accuracy: 37.84%	Cost 30s
              precision    recall  f1-score   support

         bzx     0.2500    0.0645    0.1026        31
         cwx     0.3077    0.1818    0.2286        22
         hdx     0.2000    0.5294    0.2903        17
         mtx     0.0000    0.0000    0.0000        19
         nqx     0.5000    0.0833    0.1429        12
         qtx     0.3895    0.8222    0.5286        45
         zxx     0.7727    0.4359    0.5574        39

    accuracy                         0.3784       185
   macro avg     0.3457    0.3025    0.2643       185
weighted avg     0.3869    0.3784    0.3264       185

micro f-score: 0.37837837837837834

========== Train Epoch 8 ==========
Loss: 1.250	Accuracy: 49.73%	Cost 32s
              precision    recall  f1-score   support

         bzx     0.3636    0.1290    0.1905        31
         cwx     0.5882    0.4545    0.5128        22
         hdx     0.2368    0.5294    0.3273        17
         mtx     0.2500    0.1579    0.1935        19
         nqx     0.5833    0.5833    0.5833        12
         qtx     0.7568    0.6222    0.6829        45
         zxx     0.5345    0.7949    0.6392        39

    accuracy                         0.4973       185
   macro avg     0.4733    0.4673    0.4471       185
weighted avg     0.5129    0.4973    0.4816       185

micro f-score: 0.4972972972972973

========== Train Epoch 9 ==========
Loss: 1.162	Accuracy: 43.78%	Cost 30s
              precision    recall  f1-score   support

         bzx     0.3846    0.1613    0.2273        31
         cwx     0.2133    0.7273    0.3299        22
         hdx     0.2857    0.2353    0.2581        17
         mtx     0.3333    0.0526    0.0909        19
         nqx     1.0000    0.1667    0.2857        12
         qtx     0.6857    0.5333    0.6000        45
         zxx     0.6744    0.7436    0.7073        39

    accuracy                         0.4378       185
   macro avg     0.5110    0.3743    0.3570       185
weighted avg     0.5241    0.4378    0.4240       185

micro f-score: 0.43783783783783786

========== Train Epoch 10 ==========
Loss: 1.127	Accuracy: 45.95%	Cost 30s
              precision    recall  f1-score   support

         bzx     0.3617    0.5484    0.4359        31
         cwx     0.7273    0.3636    0.4848        22
         hdx     0.1923    0.2941    0.2326        17
         mtx     0.2308    0.4737    0.3103        19
         nqx     0.6250    0.4167    0.5000        12
         qtx     0.7333    0.2444    0.3667        45
         zxx     0.7692    0.7692    0.7692        39

    accuracy                         0.4595       185
   macro avg     0.5199    0.4443    0.4428       185
weighted avg     0.5695    0.4595    0.4677       185

micro f-score: 0.4594594594594595

========== Train Epoch 11 ==========
Loss: 0.934	Accuracy: 49.73%	Cost 30s
              precision    recall  f1-score   support

         bzx     0.4348    0.3226    0.3704        31
         cwx     0.4483    0.5909    0.5098        22
         hdx     0.2800    0.4118    0.3333        17
         mtx     0.2500    0.3158    0.2791        19
         nqx     0.7143    0.4167    0.5263        12
         qtx     0.6458    0.6889    0.6667        45
         zxx     0.6897    0.5128    0.5882        39

    accuracy                         0.4973       185
   macro avg     0.4947    0.4656    0.4677       185
weighted avg     0.5264    0.4973    0.5023       185

micro f-score: 0.4972972972972973

========== Train Epoch 12 ==========
Loss: 0.899	Accuracy: 48.11%	Cost 36s
              precision    recall  f1-score   support

         bzx     0.4583    0.3548    0.4000        31
         cwx     0.7500    0.1364    0.2308        22
         hdx     0.0000    0.0000    0.0000        17
         mtx     0.1930    0.5789    0.2895        19
         nqx     0.7778    0.5833    0.6667        12
         qtx     0.7353    0.5556    0.6329        45
         zxx     0.5926    0.8205    0.6882        39

    accuracy                         0.4811       185
   macro avg     0.5010    0.4328    0.4154       185
weighted avg     0.5400    0.4811    0.4665       185

micro f-score: 0.4810810810810811

========== Train Epoch 13 ==========
Loss: 0.867	Accuracy: 56.22%	Cost 32s
              precision    recall  f1-score   support

         bzx     0.4000    0.5161    0.4507        31
         cwx     0.6250    0.4545    0.5263        22
         hdx     0.5000    0.2353    0.3200        17
         mtx     0.8571    0.3158    0.4615        19
         nqx     0.7500    0.5000    0.6000        12
         qtx     0.5965    0.7556    0.6667        45
         zxx     0.5714    0.7179    0.6364        39

    accuracy                         0.5622       185
   macro avg     0.6143    0.4993    0.5231       185
weighted avg     0.5895    0.5622    0.5502       185

micro f-score: 0.5621621621621622

========== Train Epoch 14 ==========
Loss: 0.879	Accuracy: 49.19%	Cost 28s
              precision    recall  f1-score   support

         bzx     0.4048    0.5484    0.4658        31
         cwx     0.4571    0.7273    0.5614        22
         hdx     0.2571    0.5294    0.3462        17
         mtx     0.3333    0.1579    0.2143        19
         nqx     0.3333    0.5000    0.4000        12
         qtx     0.8947    0.3778    0.5312        45
         zxx     0.8519    0.5897    0.6970        39

    accuracy                         0.4919       185
   macro avg     0.5046    0.4901    0.4594       185
weighted avg     0.5989    0.4919    0.5007       185

micro f-score: 0.4918918918918919

========== Train Epoch 15 ==========
Loss: 0.674	Accuracy: 52.43%	Cost 30s
              precision    recall  f1-score   support

         bzx     0.7000    0.2258    0.3415        31
         cwx     0.3913    0.4091    0.4000        22
         hdx     0.3500    0.4118    0.3784        17
         mtx     0.1935    0.3158    0.2400        19
         nqx     0.6667    0.3333    0.4444        12
         qtx     0.6889    0.6889    0.6889        45
         zxx     0.6600    0.8462    0.7416        39

    accuracy                         0.5243       185
   macro avg     0.5215    0.4615    0.4621       185
weighted avg     0.5658    0.5243    0.5169       185

micro f-score: 0.5243243243243243

========== Train Epoch 16 ==========
Loss: 0.581	Accuracy: 48.65%	Cost 30s
              precision    recall  f1-score   support

         bzx     0.4615    0.3871    0.4211        31
         cwx     0.6923    0.4091    0.5143        22
         hdx     0.5455    0.3529    0.4286        17
         mtx     0.0000    0.0000    0.0000        19
         nqx     0.3571    0.4167    0.3846        12
         qtx     0.6190    0.5778    0.5977        45
         zxx     0.4051    0.8205    0.5424        39

    accuracy                         0.4865       185
   macro avg     0.4401    0.4234    0.4127       185
weighted avg     0.4689    0.4865    0.4558       185

micro f-score: 0.4864864864864865

========== Train Epoch 17 ==========
Loss: 0.534	Accuracy: 49.73%	Cost 31s
              precision    recall  f1-score   support

         bzx     0.6154    0.2581    0.3636        31
         cwx     0.5758    0.8636    0.6909        22
         hdx     0.3333    0.0588    0.1000        17
         mtx     0.1897    0.5789    0.2857        19
         nqx     0.2963    0.6667    0.4103        12
         qtx     0.8485    0.6222    0.7179        45
         zxx     0.9444    0.4359    0.5965        39

    accuracy                         0.4973       185
   macro avg     0.5433    0.4978    0.4521       185
weighted avg     0.6464    0.4973    0.5086       185

micro f-score: 0.4972972972972973

========== Train Epoch 18 ==========
Loss: 0.459	Accuracy: 44.86%	Cost 30s
              precision    recall  f1-score   support

         bzx     0.4667    0.4516    0.4590        31
         cwx     0.6000    0.1364    0.2222        22
         hdx     0.1923    0.8824    0.3158        17
         mtx     1.0000    0.0526    0.1000        19
         nqx     0.8889    0.6667    0.7619        12
         qtx     0.7647    0.2889    0.4194        45
         zxx     0.6444    0.7436    0.6905        39

    accuracy                         0.4486       185
   macro avg     0.6510    0.4603    0.4241       185
weighted avg     0.6494    0.4486    0.4396       185

micro f-score: 0.4486486486486486

========== Train Epoch 19 ==========
Loss: 0.371	Accuracy: 62.16%	Cost 31s
              precision    recall  f1-score   support

         bzx     0.7059    0.3871    0.5000        31
         cwx     0.6538    0.7727    0.7083        22
         hdx     1.0000    0.0588    0.1111        17
         mtx     0.4706    0.4211    0.4444        19
         nqx     0.4667    0.5833    0.5185        12
         qtx     0.7907    0.7556    0.7727        45
         zxx     0.5455    0.9231    0.6857        39

    accuracy                         0.6216       185
   macro avg     0.6619    0.5574    0.5344       185
weighted avg     0.6739    0.6216    0.5900       185

micro f-score: 0.6216216216216216

========== Train Epoch 20 ==========
Loss: 0.357	Accuracy: 57.30%	Cost 29s
              precision    recall  f1-score   support

         bzx     0.4200    0.6774    0.5185        31
         cwx     0.3830    0.8182    0.5217        22
         hdx     0.3333    0.1176    0.1739        17
         mtx     0.0000    0.0000    0.0000        19
         nqx     0.8000    0.6667    0.7273        12
         qtx     0.9091    0.6667    0.7692        45
         zxx     0.7105    0.6923    0.7013        39

    accuracy                         0.5730       185
   macro avg     0.5080    0.5198    0.4874       185
weighted avg     0.5694    0.5730    0.5470       185

micro f-score: 0.572972972972973

========== Train Epoch 21 ==========
Loss: 0.323	Accuracy: 42.70%	Cost 30s
              precision    recall  f1-score   support

         bzx     0.5217    0.3871    0.4444        31
         cwx     0.5556    0.4545    0.5000        22
         hdx     0.1467    0.6471    0.2391        17
         mtx     0.3333    0.3158    0.3243        19
         nqx     0.8333    0.4167    0.5556        12
         qtx     0.7500    0.3333    0.4615        45
         zxx     0.8000    0.5128    0.6250        39

    accuracy                         0.4270       185
   macro avg     0.5629    0.4382    0.4500       185
weighted avg     0.6063    0.4270    0.4693       185

micro f-score: 0.427027027027027

========== Train Epoch 22 ==========
Loss: 0.293	Accuracy: 52.43%	Cost 29s
              precision    recall  f1-score   support

         bzx     0.4103    0.5161    0.4571        31
         cwx     0.4615    0.8182    0.5902        22
         hdx     0.5000    0.1176    0.1905        17
         mtx     0.2353    0.4211    0.3019        19
         nqx     0.6000    0.7500    0.6667        12
         qtx     0.8750    0.4667    0.6087        45
         zxx     0.7667    0.5897    0.6667        39

    accuracy                         0.5243       185
   macro avg     0.5498    0.5256    0.4974       185
weighted avg     0.6071    0.5243    0.5271       185

micro f-score: 0.5243243243243243

========== Train Epoch 23 ==========
Loss: 0.311	Accuracy: 54.05%	Cost 32s
              precision    recall  f1-score   support

         bzx     0.4651    0.6452    0.5405        31
         cwx     0.4737    0.8182    0.6000        22
         hdx     0.4706    0.4706    0.4706        17
         mtx     1.0000    0.0526    0.1000        19
         nqx     0.4091    0.7500    0.5294        12
         qtx     0.8571    0.4000    0.5455        45
         zxx     0.6047    0.6667    0.6341        39

    accuracy                         0.5405       185
   macro avg     0.6115    0.5433    0.4886       185
weighted avg     0.6427    0.5405    0.5161       185

micro f-score: 0.5405405405405406

========== Train Epoch 24 ==========
Loss: 0.219	Accuracy: 61.62%	Cost 28s
              precision    recall  f1-score   support

         bzx     0.4359    0.5484    0.4857        31
         cwx     0.6842    0.5909    0.6341        22
         hdx     0.5333    0.4706    0.5000        17
         mtx     0.8333    0.2632    0.4000        19
         nqx     0.6429    0.7500    0.6923        12
         qtx     0.6545    0.8000    0.7200        45
         zxx     0.7027    0.6667    0.6842        39

    accuracy                         0.6162       185
   macro avg     0.6410    0.5842    0.5881       185
weighted avg     0.6381    0.6162    0.6081       185

micro f-score: 0.6162162162162163

========== Train Epoch 25 ==========
Loss: 0.110	Accuracy: 61.62%	Cost 30s
              precision    recall  f1-score   support

         bzx     0.6000    0.2903    0.3913        31
         cwx     0.6071    0.7727    0.6800        22
         hdx     0.3750    0.7059    0.4898        17
         mtx     0.5556    0.2632    0.3571        19
         nqx     0.6667    0.6667    0.6667        12
         qtx     0.7561    0.6889    0.7209        45
         zxx     0.6667    0.8205    0.7356        39

    accuracy                         0.6162       185
   macro avg     0.6039    0.6012    0.5774       185
weighted avg     0.6320    0.6162    0.6018       185

micro f-score: 0.6162162162162163

========== Train Epoch 26 ==========
Loss: 0.077	Accuracy: 67.03%	Cost 29s
              precision    recall  f1-score   support

         bzx     0.7500    0.3871    0.5106        31
         cwx     0.5938    0.8636    0.7037        22
         hdx     0.5000    0.5882    0.5405        17
         mtx     0.6000    0.4737    0.5294        19
         nqx     0.5556    0.8333    0.6667        12
         qtx     0.8857    0.6889    0.7750        45
         zxx     0.6735    0.8462    0.7500        39

    accuracy                         0.6703       185
   macro avg     0.6512    0.6687    0.6394       185
weighted avg     0.6973    0.6703    0.6632       185

micro f-score: 0.6702702702702703

========== Train Epoch 27 ==========
Loss: 0.055	Accuracy: 68.11%	Cost 31s
              precision    recall  f1-score   support

         bzx     0.7500    0.3871    0.5106        31
         cwx     0.6667    0.7273    0.6957        22
         hdx     0.3871    0.7059    0.5000        17
         mtx     0.6923    0.4737    0.5625        19
         nqx     0.7143    0.8333    0.7692        12
         qtx     0.7600    0.8444    0.8000        45
         zxx     0.7838    0.7436    0.7632        39

    accuracy                         0.6811       185
   macro avg     0.6792    0.6736    0.6573       185
weighted avg     0.7081    0.6811    0.6774       185

micro f-score: 0.6810810810810811

========== Train Epoch 28 ==========
Loss: 0.059	Accuracy: 65.95%	Cost 30s
              precision    recall  f1-score   support

         bzx     0.5161    0.5161    0.5161        31
         cwx     0.8333    0.6818    0.7500        22
         hdx     0.5556    0.5882    0.5714        17
         mtx     1.0000    0.1579    0.2727        19
         nqx     0.5263    0.8333    0.6452        12
         qtx     0.8684    0.7333    0.7952        45
         zxx     0.6034    0.8974    0.7216        39

    accuracy                         0.6595       185
   macro avg     0.7005    0.6297    0.6103       185
weighted avg     0.7119    0.6595    0.6436       185

micro f-score: 0.6594594594594595

========== Train Epoch 29 ==========
Loss: 0.056	Accuracy: 65.41%	Cost 31s
              precision    recall  f1-score   support

         bzx     0.4250    0.5484    0.4789        31
         cwx     0.7917    0.8636    0.8261        22
         hdx     0.4500    0.5294    0.4865        17
         mtx     0.6667    0.2105    0.3200        19
         nqx     0.6667    0.8333    0.7407        12
         qtx     0.8857    0.6889    0.7750        45
         zxx     0.6889    0.7949    0.7381        39

    accuracy                         0.6541       185
   macro avg     0.6535    0.6384    0.6236       185
weighted avg     0.6791    0.6541    0.6482       185

micro f-score: 0.654054054054054

========== Train Epoch 30 ==========
Loss: 0.066	Accuracy: 65.41%	Cost 31s
              precision    recall  f1-score   support

         bzx     0.6842    0.4194    0.5200        31
         cwx     0.6400    0.7273    0.6809        22
         hdx     0.3793    0.6471    0.4783        17
         mtx     0.7000    0.3684    0.4828        19
         nqx     0.6429    0.7500    0.6923        12
         qtx     0.8250    0.7333    0.7765        45
         zxx     0.6667    0.8205    0.7356        39

    accuracy                         0.6541       185
   macro avg     0.6483    0.6380    0.6238       185
weighted avg     0.6804    0.6541    0.6505       185

micro f-score: 0.654054054054054

========== Train Epoch 31 ==========
Loss: 0.075	Accuracy: 59.46%	Cost 29s
              precision    recall  f1-score   support

         bzx     0.5217    0.3871    0.4444        31
         cwx     0.5405    0.9091    0.6780        22
         hdx     0.3500    0.8235    0.4912        17
         mtx     0.4118    0.3684    0.3889        19
         nqx     0.6250    0.4167    0.5000        12
         qtx     0.9000    0.6000    0.7200        45
         zxx     0.8333    0.6410    0.7246        39

    accuracy                         0.5946       185
   macro avg     0.5975    0.5923    0.5639       185
weighted avg     0.6613    0.5946    0.6005       185

micro f-score: 0.5945945945945946

========== Train Epoch 32 ==========
Loss: 0.114	Accuracy: 63.78%	Cost 28s
              precision    recall  f1-score   support

         bzx     0.6875    0.3548    0.4681        31
         cwx     0.7143    0.6818    0.6977        22
         hdx     0.4000    0.7059    0.5106        17
         mtx     1.0000    0.4737    0.6429        19
         nqx     0.5000    0.5000    0.5000        12
         qtx     0.8571    0.6667    0.7500        45
         zxx     0.5645    0.8974    0.6931        39

    accuracy                         0.6378       185
   macro avg     0.6748    0.6115    0.6089       185
weighted avg     0.6995    0.6378    0.6353       185

micro f-score: 0.6378378378378379

========== Train Epoch 33 ==========
Epoch    33: reducing learning rate of group 0 to 1.0000e-04.
Loss: 0.209	Accuracy: 45.95%	Cost 30s
              precision    recall  f1-score   support

         bzx     0.4828    0.4516    0.4667        31
         cwx     0.5000    0.1364    0.2143        22
         hdx     0.7500    0.1765    0.2857        17
         mtx     0.4286    0.1579    0.2308        19
         nqx     0.1594    0.9167    0.2716        12
         qtx     0.8529    0.6444    0.7342        45
         zxx     0.6111    0.5641    0.5867        39

    accuracy                         0.4595       185
   macro avg     0.5407    0.4354    0.3986       185
weighted avg     0.5999    0.4595    0.4735       185

micro f-score: 0.4594594594594595

========== Train Epoch 34 ==========
Loss: 0.138	Accuracy: 65.41%	Cost 29s
              precision    recall  f1-score   support

         bzx     0.5161    0.5161    0.5161        31
         cwx     0.6400    0.7273    0.6809        22
         hdx     0.5714    0.4706    0.5161        17
         mtx     0.4444    0.4211    0.4324        19
         nqx     0.6667    0.8333    0.7407        12
         qtx     0.8718    0.7556    0.8095        45
         zxx     0.6744    0.7436    0.7073        39

    accuracy                         0.6541       185
   macro avg     0.6264    0.6382    0.6290       185
weighted avg     0.6582    0.6541    0.6534       185

micro f-score: 0.654054054054054

========== Train Epoch 35 ==========
Loss: 0.057	Accuracy: 67.03%	Cost 31s
              precision    recall  f1-score   support

         bzx     0.6154    0.5161    0.5614        31
         cwx     0.6333    0.8636    0.7308        22
         hdx     0.5000    0.5294    0.5143        17
         mtx     0.5833    0.3684    0.4516        19
         nqx     0.6667    0.8333    0.7407        12
         qtx     0.8293    0.7556    0.7907        45
         zxx     0.6744    0.7436    0.7073        39

    accuracy                         0.6703       185
   macro avg     0.6432    0.6586    0.6424       185
weighted avg     0.6714    0.6703    0.6641       185

micro f-score: 0.6702702702702703

========== Train Epoch 36 ==========
Loss: 0.033	Accuracy: 67.03%	Cost 30s
              precision    recall  f1-score   support

         bzx     0.5926    0.5161    0.5517        31
         cwx     0.6429    0.8182    0.7200        22
         hdx     0.5625    0.5294    0.5455        17
         mtx     0.5714    0.4211    0.4848        19
         nqx     0.6250    0.8333    0.7143        12
         qtx     0.8250    0.7333    0.7765        45
         zxx     0.6818    0.7692    0.7229        39

    accuracy                         0.6703       185
   macro avg     0.6430    0.6601    0.6451       185
weighted avg     0.6711    0.6703    0.6656       185

micro f-score: 0.6702702702702703

========== Train Epoch 37 ==========
Loss: 0.037	Accuracy: 67.57%	Cost 30s
              precision    recall  f1-score   support

         bzx     0.5926    0.5161    0.5517        31
         cwx     0.6429    0.8182    0.7200        22
         hdx     0.5000    0.5882    0.5405        17
         mtx     0.6000    0.3158    0.4138        19
         nqx     0.8333    0.8333    0.8333        12
         qtx     0.8095    0.7556    0.7816        45
         zxx     0.6739    0.7949    0.7294        39

    accuracy                         0.6757       185
   macro avg     0.6646    0.6603    0.6529       185
weighted avg     0.6763    0.6757    0.6682       185

micro f-score: 0.6756756756756757

========== Train Epoch 38 ==========
Loss: 0.033	Accuracy: 66.49%	Cost 31s
              precision    recall  f1-score   support

         bzx     0.6522    0.4839    0.5556        31
         cwx     0.6207    0.8182    0.7059        22
         hdx     0.4545    0.5882    0.5128        17
         mtx     0.5385    0.3684    0.4375        19
         nqx     0.7143    0.8333    0.7692        12
         qtx     0.8421    0.7111    0.7711        45
         zxx     0.6739    0.7949    0.7294        39

    accuracy                         0.6649       185
   macro avg     0.6423    0.6569    0.6402       185
weighted avg     0.6734    0.6649    0.6603       185

micro f-score: 0.6648648648648648

========== Train Epoch 39 ==========
Loss: 0.024	Accuracy: 67.03%	Cost 30s
              precision    recall  f1-score   support

         bzx     0.6154    0.5161    0.5614        31
         cwx     0.5938    0.8636    0.7037        22
         hdx     0.4737    0.5294    0.5000        17
         mtx     0.6000    0.3158    0.4138        19
         nqx     0.7692    0.8333    0.8000        12
         qtx     0.8293    0.7556    0.7907        45
         zxx     0.6818    0.7692    0.7229        39

    accuracy                         0.6703       185
   macro avg     0.6519    0.6547    0.6418       185
weighted avg     0.6742    0.6703    0.6628       185

micro f-score: 0.6702702702702703

========== Train Epoch 40 ==========
Loss: 0.033	Accuracy: 66.49%	Cost 29s
              precision    recall  f1-score   support

         bzx     0.5714    0.5161    0.5424        31
         cwx     0.6333    0.8636    0.7308        22
         hdx     0.4500    0.5294    0.4865        17
         mtx     0.6364    0.3684    0.4667        19
         nqx     0.7143    0.8333    0.7692        12
         qtx     0.8462    0.7333    0.7857        45
         zxx     0.6744    0.7436    0.7073        39

    accuracy                         0.6649       185
   macro avg     0.6466    0.6554    0.6412       185
weighted avg     0.6721    0.6649    0.6605       185

micro f-score: 0.6648648648648648

========== Train Epoch 41 ==========
Loss: 0.026	Accuracy: 65.95%	Cost 30s
              precision    recall  f1-score   support

         bzx     0.6154    0.5161    0.5614        31
         cwx     0.6667    0.8182    0.7347        22
         hdx     0.4286    0.5294    0.4737        17
         mtx     0.5714    0.4211    0.4848        19
         nqx     0.6250    0.8333    0.7143        12
         qtx     0.8421    0.7111    0.7711        45
         zxx     0.6744    0.7436    0.7073        39

    accuracy                         0.6595       185
   macro avg     0.6319    0.6533    0.6353       185
weighted avg     0.6680    0.6595    0.6578       185

micro f-score: 0.6594594594594595

========== Train Epoch 42 ==========
Loss: 0.023	Accuracy: 65.41%	Cost 30s
              precision    recall  f1-score   support

         bzx     0.5714    0.5161    0.5424        31
         cwx     0.6129    0.8636    0.7170        22
         hdx     0.4500    0.5294    0.4865        17
         mtx     0.6250    0.2632    0.3704        19
         nqx     0.6667    0.8333    0.7407        12
         qtx     0.8250    0.7333    0.7765        45
         zxx     0.6744    0.7436    0.7073        39

    accuracy                         0.6541       185
   macro avg     0.6322    0.6404    0.6201       185
weighted avg     0.6603    0.6541    0.6449       185

micro f-score: 0.654054054054054

========== Train Epoch 43 ==========
Loss: 0.021	Accuracy: 67.57%	Cost 29s
              precision    recall  f1-score   support

         bzx     0.5862    0.5484    0.5667        31
         cwx     0.6429    0.8182    0.7200        22
         hdx     0.5000    0.5294    0.5143        17
         mtx     0.6923    0.4737    0.5625        19
         nqx     0.6250    0.8333    0.7143        12
         qtx     0.8421    0.7111    0.7711        45
         zxx     0.6977    0.7692    0.7317        39

    accuracy                         0.6757       185
   macro avg     0.6552    0.6690    0.6544       185
weighted avg     0.6842    0.6757    0.6738       185

micro f-score: 0.6756756756756757

========== Train Epoch 44 ==========
Loss: 0.022	Accuracy: 67.03%	Cost 29s
              precision    recall  f1-score   support

         bzx     0.6296    0.5484    0.5862        31
         cwx     0.6129    0.8636    0.7170        22
         hdx     0.4286    0.5294    0.4737        17
         mtx     0.6154    0.4211    0.5000        19
         nqx     0.7692    0.8333    0.8000        12
         qtx     0.8421    0.7111    0.7711        45
         zxx     0.6905    0.7436    0.7160        39

    accuracy                         0.6703       185
   macro avg     0.6555    0.6644    0.6520       185
weighted avg     0.6813    0.6703    0.6688       185

micro f-score: 0.6702702702702703

========== Train Epoch 45 ==========
Loss: 0.022	Accuracy: 67.03%	Cost 31s
              precision    recall  f1-score   support

         bzx     0.6667    0.5161    0.5818        31
         cwx     0.6333    0.8636    0.7308        22
         hdx     0.4091    0.5294    0.4615        17
         mtx     0.6667    0.4211    0.5161        19
         nqx     0.6667    0.8333    0.7407        12
         qtx     0.8421    0.7111    0.7711        45
         zxx     0.6818    0.7692    0.7229        39

    accuracy                         0.6703       185
   macro avg     0.6523    0.6634    0.6464       185
weighted avg     0.6849    0.6703    0.6678       185

micro f-score: 0.6702702702702703

========== Train Epoch 46 ==========
Loss: 0.022	Accuracy: 65.41%	Cost 29s
              precision    recall  f1-score   support

         bzx     0.5862    0.5484    0.5667        31
         cwx     0.5862    0.7727    0.6667        22
         hdx     0.5000    0.5294    0.5143        17
         mtx     0.6000    0.3158    0.4138        19
         nqx     0.6250    0.8333    0.7143        12
         qtx     0.8205    0.7111    0.7619        45
         zxx     0.6818    0.7692    0.7229        39

    accuracy                         0.6541       185
   macro avg     0.6285    0.6400    0.6229       185
weighted avg     0.6594    0.6541    0.6480       185

micro f-score: 0.654054054054054

========== Train Epoch 47 ==========
Loss: 0.022	Accuracy: 68.11%	Cost 29s
              precision    recall  f1-score   support

         bzx     0.6296    0.5484    0.5862        31
         cwx     0.6333    0.8636    0.7308        22
         hdx     0.5000    0.5294    0.5143        17
         mtx     0.6429    0.4737    0.5455        19
         nqx     0.7143    0.8333    0.7692        12
         qtx     0.8421    0.7111    0.7711        45
         zxx     0.6818    0.7692    0.7229        39

    accuracy                         0.6811       185
   macro avg     0.6634    0.6755    0.6628       185
weighted avg     0.6877    0.6811    0.6783       185

micro f-score: 0.6810810810810811

========== Train Epoch 48 ==========
Loss: 0.017	Accuracy: 68.11%	Cost 30s
              precision    recall  f1-score   support

         bzx     0.6957    0.5161    0.5926        31
         cwx     0.6333    0.8636    0.7308        22
         hdx     0.4348    0.5882    0.5000        17
         mtx     0.6667    0.4211    0.5161        19
         nqx     0.7143    0.8333    0.7692        12
         qtx     0.8462    0.7333    0.7857        45
         zxx     0.6818    0.7692    0.7229        39

    accuracy                         0.6811       185
   macro avg     0.6675    0.6750    0.6596       185
weighted avg     0.6962    0.6811    0.6786       185

micro f-score: 0.6810810810810811

========== Train Epoch 49 ==========
Loss: 0.019	Accuracy: 67.03%	Cost 30s
              precision    recall  f1-score   support

         bzx     0.6538    0.5484    0.5965        31
         cwx     0.5938    0.8636    0.7037        22
         hdx     0.4286    0.5294    0.4737        17
         mtx     0.6000    0.3158    0.4138        19
         nqx     0.8333    0.8333    0.8333        12
         qtx     0.8462    0.7333    0.7857        45
         zxx     0.6667    0.7692    0.7143        39

    accuracy                         0.6703       185
   macro avg     0.6603    0.6562    0.6459       185
weighted avg     0.6816    0.6703    0.6654       185

micro f-score: 0.6702702702702703

========== Train Epoch 50 ==========
Loss: 0.020	Accuracy: 67.03%	Cost 31s
              precision    recall  f1-score   support

         bzx     0.5667    0.5484    0.5574        31
         cwx     0.6296    0.7727    0.6939        22
         hdx     0.4737    0.5294    0.5000        17
         mtx     0.6667    0.3158    0.4286        19
         nqx     0.6667    0.8333    0.7407        12
         qtx     0.8462    0.7333    0.7857        45
         zxx     0.6957    0.8205    0.7529        39

    accuracy                         0.6703       185
   macro avg     0.6493    0.6505    0.6370       185
weighted avg     0.6775    0.6703    0.6638       185

micro f-score: 0.6702702702702703

========== Train Epoch 51 ==========
Loss: 0.021	Accuracy: 67.03%	Cost 28s
              precision    recall  f1-score   support

         bzx     0.6154    0.5161    0.5614        31
         cwx     0.6296    0.7727    0.6939        22
         hdx     0.4348    0.5882    0.5000        17
         mtx     0.7000    0.3684    0.4828        19
         nqx     0.7143    0.8333    0.7692        12
         qtx     0.8462    0.7333    0.7857        45
         zxx     0.6739    0.7949    0.7294        39

    accuracy                         0.6703       185
   macro avg     0.6592    0.6582    0.6461       185
weighted avg     0.6841    0.6703    0.6669       185

micro f-score: 0.6702702702702703

========== Train Epoch 52 ==========
Loss: 0.012	Accuracy: 68.11%	Cost 29s
              precision    recall  f1-score   support

         bzx     0.6071    0.5484    0.5763        31
         cwx     0.6429    0.8182    0.7200        22
         hdx     0.5294    0.5294    0.5294        17
         mtx     0.5714    0.4211    0.4848        19
         nqx     0.7143    0.8333    0.7692        12
         qtx     0.8889    0.7111    0.7901        45
         zxx     0.6667    0.8205    0.7356        39

    accuracy                         0.6811       185
   macro avg     0.6601    0.6689    0.6579       185
weighted avg     0.6886    0.6811    0.6778       185

micro f-score: 0.6810810810810811

========== Train Epoch 53 ==========
Loss: 0.018	Accuracy: 68.11%	Cost 29s
              precision    recall  f1-score   support

         bzx     0.6296    0.5484    0.5862        31
         cwx     0.6250    0.9091    0.7407        22
         hdx     0.5000    0.5294    0.5143        17
         mtx     0.5833    0.3684    0.4516        19
         nqx     0.7143    0.8333    0.7692        12
         qtx     0.8649    0.7111    0.7805        45
         zxx     0.6889    0.7949    0.7381        39

    accuracy                         0.6811       185
   macro avg     0.6580    0.6707    0.6544       185
weighted avg     0.6876    0.6811    0.6753       185

micro f-score: 0.6810810810810811

========== Train Epoch 54 ==========
Loss: 0.014	Accuracy: 67.57%	Cost 31s
              precision    recall  f1-score   support

         bzx     0.5484    0.5484    0.5484        31
         cwx     0.6333    0.8636    0.7308        22
         hdx     0.5294    0.5294    0.5294        17
         mtx     0.7000    0.3684    0.4828        19
         nqx     0.7143    0.8333    0.7692        12
         qtx     0.8421    0.7111    0.7711        45
         zxx     0.6889    0.7949    0.7381        39

    accuracy                         0.6757       185
   macro avg     0.6652    0.6642    0.6528       185
weighted avg     0.6841    0.6757    0.6701       185

micro f-score: 0.6756756756756757

========== Train Epoch 55 ==========
Loss: 0.019	Accuracy: 67.57%	Cost 29s
              precision    recall  f1-score   support

         bzx     0.6071    0.5484    0.5763        31
         cwx     0.6296    0.7727    0.6939        22
         hdx     0.5263    0.5882    0.5556        17
         mtx     0.6364    0.3684    0.4667        19
         nqx     0.6667    0.8333    0.7407        12
         qtx     0.8421    0.7111    0.7711        45
         zxx     0.6809    0.8205    0.7442        39

    accuracy                         0.6757       185
   macro avg     0.6556    0.6632    0.6498       185
weighted avg     0.6819    0.6757    0.6706       185

micro f-score: 0.6756756756756757

========== Train Epoch 56 ==========
Loss: 0.016	Accuracy: 67.03%	Cost 29s
              precision    recall  f1-score   support

         bzx     0.5312    0.5484    0.5397        31
         cwx     0.6296    0.7727    0.6939        22
         hdx     0.5625    0.5294    0.5455        17
         mtx     0.7000    0.3684    0.4828        19
         nqx     0.7143    0.8333    0.7692        12
         qtx     0.8421    0.7111    0.7711        45
         zxx     0.6667    0.8205    0.7356        39

    accuracy                         0.6703       185
   macro avg     0.6638    0.6548    0.6482       185
weighted avg     0.6792    0.6703    0.6652       185

micro f-score: 0.6702702702702703

========== Train Epoch 57 ==========
Loss: 0.018	Accuracy: 67.57%	Cost 30s
              precision    recall  f1-score   support

         bzx     0.5484    0.5484    0.5484        31
         cwx     0.6000    0.8182    0.6923        22
         hdx     0.5294    0.5294    0.5294        17
         mtx     0.6364    0.3684    0.4667        19
         nqx     0.7692    0.8333    0.8000        12
         qtx     0.8649    0.7111    0.7805        45
         zxx     0.6957    0.8205    0.7529        39

    accuracy                         0.6757       185
   macro avg     0.6634    0.6613    0.6529       185
weighted avg     0.6842    0.6757    0.6713       185

micro f-score: 0.6756756756756757

========== Train Epoch 58 ==========
Epoch    58: reducing learning rate of group 0 to 1.0000e-05.
Loss: 0.022	Accuracy: 68.11%	Cost 30s
              precision    recall  f1-score   support

         bzx     0.5862    0.5484    0.5667        31
         cwx     0.6250    0.9091    0.7407        22
         hdx     0.5294    0.5294    0.5294        17
         mtx     0.5833    0.3684    0.4516        19
         nqx     0.7692    0.8333    0.8000        12
         qtx     0.8649    0.7111    0.7805        45
         zxx     0.6889    0.7949    0.7381        39

    accuracy                         0.6811       185
   macro avg     0.6638    0.6707    0.6581       185
weighted avg     0.6866    0.6811    0.6754       185

micro f-score: 0.6810810810810811

========== Train Epoch 59 ==========
Loss: 0.014	Accuracy: 67.57%	Cost 31s
              precision    recall  f1-score   support

         bzx     0.5312    0.5484    0.5397        31
         cwx     0.6207    0.8182    0.7059        22
         hdx     0.5294    0.5294    0.5294        17
         mtx     0.7000    0.3684    0.4828        19
         nqx     0.7692    0.8333    0.8000        12
         qtx     0.8421    0.7111    0.7711        45
         zxx     0.6957    0.8205    0.7529        39

    accuracy                         0.6757       185
   macro avg     0.6698    0.6613    0.6545       185
weighted avg     0.6848    0.6757    0.6708       185

micro f-score: 0.6756756756756757

========== Train Epoch 60 ==========
Loss: 0.015	Accuracy: 68.11%	Cost 30s
              precision    recall  f1-score   support

         bzx     0.6071    0.5484    0.5763        31
         cwx     0.5862    0.7727    0.6667        22
         hdx     0.5556    0.5882    0.5714        17
         mtx     0.6154    0.4211    0.5000        19
         nqx     0.7143    0.8333    0.7692        12
         qtx     0.8649    0.7111    0.7805        45
         zxx     0.6957    0.8205    0.7529        39

    accuracy                         0.6811       185
   macro avg     0.6627    0.6708    0.6596       185
weighted avg     0.6891    0.6811    0.6782       185

micro f-score: 0.6810810810810811

========== Train Epoch 61 ==========
Loss: 0.014	Accuracy: 67.03%	Cost 30s
              precision    recall  f1-score   support

         bzx     0.5312    0.5484    0.5397        31
         cwx     0.6071    0.7727    0.6800        22
         hdx     0.5294    0.5294    0.5294        17
         mtx     0.6364    0.3684    0.4667        19
         nqx     0.7143    0.8333    0.7692        12
         qtx     0.8649    0.7111    0.7805        45
         zxx     0.6957    0.8205    0.7529        39

    accuracy                         0.6703       185
   macro avg     0.6541    0.6548    0.6455       185
weighted avg     0.6786    0.6703    0.6663       185

micro f-score: 0.6702702702702703

========== Train Epoch 62 ==========
Loss: 0.017	Accuracy: 67.57%	Cost 29s
              precision    recall  f1-score   support

         bzx     0.5312    0.5484    0.5397        31
         cwx     0.6207    0.8182    0.7059        22
         hdx     0.5294    0.5294    0.5294        17
         mtx     0.6364    0.3684    0.4667        19
         nqx     0.8333    0.8333    0.8333        12
         qtx     0.8421    0.7111    0.7711        45
         zxx     0.6957    0.8205    0.7529        39

    accuracy                         0.6757       185
   macro avg     0.6698    0.6613    0.6570       185
weighted avg     0.6824    0.6757    0.6713       185

micro f-score: 0.6756756756756757

========== Train Epoch 63 ==========
Loss: 0.010	Accuracy: 67.03%	Cost 29s
              precision    recall  f1-score   support

         bzx     0.5152    0.5484    0.5312        31
         cwx     0.6296    0.7727    0.6939        22
         hdx     0.5294    0.5294    0.5294        17
         mtx     0.6364    0.3684    0.4667        19
         nqx     0.7143    0.8333    0.7692        12
         qtx     0.8649    0.7111    0.7805        45
         zxx     0.6957    0.8205    0.7529        39

    accuracy                         0.6703       185
   macro avg     0.6551    0.6548    0.6463       185
weighted avg     0.6786    0.6703    0.6666       185

micro f-score: 0.6702702702702703

========== Train Epoch 64 ==========
Loss: 0.012	Accuracy: 68.11%	Cost 30s
              precision    recall  f1-score   support

         bzx     0.5862    0.5484    0.5667        31
         cwx     0.6129    0.8636    0.7170        22
         hdx     0.5294    0.5294    0.5294        17
         mtx     0.5833    0.3684    0.4516        19
         nqx     0.7692    0.8333    0.8000        12
         qtx     0.8649    0.7111    0.7805        45
         zxx     0.6957    0.8205    0.7529        39

    accuracy                         0.6811       185
   macro avg     0.6631    0.6678    0.6569       185
weighted avg     0.6866    0.6811    0.6757       185

micro f-score: 0.6810810810810811

Finished training!!!

Min Loss = 0.010 in epoch 62;
Max Accuracy = 68.11% in epoch 26;
Total Cost 32 minutes

==========================================================================================
Layer (type:depth-idx)                   Output Shape              Param #
==========================================================================================
├─Conv2d: 1-1                            [-1, 64, 160, 160]        9,408
├─BatchNorm2d: 1-2                       [-1, 64, 160, 160]        128
├─ReLU: 1-3                              [-1, 64, 160, 160]        --
├─SPPB: 1-4                              [-1, 64, 160, 160]        --
|    └─Conv: 2-1                         [-1, 32, 160, 160]        --
|    |    └─Conv2d: 3-1                  [-1, 32, 160, 160]        2,048
|    |    └─BatchNorm2d: 3-2             [-1, 32, 160, 160]        64
|    |    └─ReLU: 3-3                    [-1, 32, 160, 160]        --
|    └─ModuleList: 2                     []                        --
|    |    └─MaxPool2d: 3-4               [-1, 32, 160, 160]        --
|    |    └─MaxPool2d: 3-5               [-1, 32, 160, 160]        --
|    |    └─MaxPool2d: 3-6               [-1, 32, 160, 160]        --
|    └─Conv: 2-2                         [-1, 64, 160, 160]        --
|    |    └─Conv2d: 3-7                  [-1, 64, 160, 160]        8,192
|    |    └─BatchNorm2d: 3-8             [-1, 64, 160, 160]        128
|    |    └─ReLU: 3-9                    [-1, 64, 160, 160]        --
├─Sequential: 1-5                        [-1, 64, 160, 160]        --
|    └─BasicBlock: 2-3                   [-1, 64, 160, 160]        --
|    |    └─Conv2d: 3-10                 [-1, 64, 160, 160]        36,864
|    |    └─BatchNorm2d: 3-11            [-1, 64, 160, 160]        128
|    |    └─ReLU: 3-12                   [-1, 64, 160, 160]        --
|    |    └─Conv2d: 3-13                 [-1, 64, 160, 160]        36,864
|    |    └─BatchNorm2d: 3-14            [-1, 64, 160, 160]        128
|    |    └─ReLU: 3-15                   [-1, 64, 160, 160]        --
|    └─BasicBlock: 2-4                   [-1, 64, 160, 160]        --
|    |    └─Conv2d: 3-16                 [-1, 64, 160, 160]        36,864
|    |    └─BatchNorm2d: 3-17            [-1, 64, 160, 160]        128
|    |    └─ReLU: 3-18                   [-1, 64, 160, 160]        --
|    |    └─Conv2d: 3-19                 [-1, 64, 160, 160]        36,864
|    |    └─BatchNorm2d: 3-20            [-1, 64, 160, 160]        128
|    |    └─ReLU: 3-21                   [-1, 64, 160, 160]        --
├─Sequential: 1-6                        [-1, 128, 80, 80]         --
|    └─BasicBlock: 2-5                   [-1, 128, 80, 80]         --
|    |    └─Conv2d: 3-22                 [-1, 128, 80, 80]         73,728
|    |    └─BatchNorm2d: 3-23            [-1, 128, 80, 80]         256
|    |    └─ReLU: 3-24                   [-1, 128, 80, 80]         --
|    |    └─Conv2d: 3-25                 [-1, 128, 80, 80]         147,456
|    |    └─BatchNorm2d: 3-26            [-1, 128, 80, 80]         256
|    |    └─Sequential: 3-27             [-1, 128, 80, 80]         8,448
|    |    └─ReLU: 3-28                   [-1, 128, 80, 80]         --
|    └─BasicBlock: 2-6                   [-1, 128, 80, 80]         --
|    |    └─Conv2d: 3-29                 [-1, 128, 80, 80]         147,456
|    |    └─BatchNorm2d: 3-30            [-1, 128, 80, 80]         256
|    |    └─ReLU: 3-31                   [-1, 128, 80, 80]         --
|    |    └─Conv2d: 3-32                 [-1, 128, 80, 80]         147,456
|    |    └─BatchNorm2d: 3-33            [-1, 128, 80, 80]         256
|    |    └─ReLU: 3-34                   [-1, 128, 80, 80]         --
├─Sequential: 1-7                        [-1, 256, 40, 40]         --
|    └─BasicBlock: 2-7                   [-1, 256, 40, 40]         --
|    |    └─Conv2d: 3-35                 [-1, 256, 40, 40]         294,912
|    |    └─BatchNorm2d: 3-36            [-1, 256, 40, 40]         512
|    |    └─ReLU: 3-37                   [-1, 256, 40, 40]         --
|    |    └─Conv2d: 3-38                 [-1, 256, 40, 40]         589,824
|    |    └─BatchNorm2d: 3-39            [-1, 256, 40, 40]         512
|    |    └─Sequential: 3-40             [-1, 256, 40, 40]         33,280
|    |    └─ReLU: 3-41                   [-1, 256, 40, 40]         --
|    └─BasicBlock: 2-8                   [-1, 256, 40, 40]         --
|    |    └─Conv2d: 3-42                 [-1, 256, 40, 40]         589,824
|    |    └─BatchNorm2d: 3-43            [-1, 256, 40, 40]         512
|    |    └─ReLU: 3-44                   [-1, 256, 40, 40]         --
|    |    └─Conv2d: 3-45                 [-1, 256, 40, 40]         589,824
|    |    └─BatchNorm2d: 3-46            [-1, 256, 40, 40]         512
|    |    └─ReLU: 3-47                   [-1, 256, 40, 40]         --
├─Sequential: 1-8                        [-1, 512, 20, 20]         --
|    └─BasicBlock: 2-9                   [-1, 512, 20, 20]         --
|    |    └─Conv2d: 3-48                 [-1, 512, 20, 20]         1,179,648
|    |    └─BatchNorm2d: 3-49            [-1, 512, 20, 20]         1,024
|    |    └─ReLU: 3-50                   [-1, 512, 20, 20]         --
|    |    └─Conv2d: 3-51                 [-1, 512, 20, 20]         2,359,296
|    |    └─BatchNorm2d: 3-52            [-1, 512, 20, 20]         1,024
|    |    └─Sequential: 3-53             [-1, 512, 20, 20]         132,096
|    |    └─ReLU: 3-54                   [-1, 512, 20, 20]         --
|    └─BasicBlock: 2-10                  [-1, 512, 20, 20]         --
|    |    └─Conv2d: 3-55                 [-1, 512, 20, 20]         2,359,296
|    |    └─BatchNorm2d: 3-56            [-1, 512, 20, 20]         1,024
|    |    └─ReLU: 3-57                   [-1, 512, 20, 20]         --
|    |    └─Conv2d: 3-58                 [-1, 512, 20, 20]         2,359,296
|    |    └─BatchNorm2d: 3-59            [-1, 512, 20, 20]         1,024
|    |    └─ReLU: 3-60                   [-1, 512, 20, 20]         --
├─AdaptiveAvgPool2d: 1-9                 [-1, 512, 1, 1]           --
├─Linear: 1-10                           [-1, 7]                   3,591
==========================================================================================
Total params: 11,190,535
Trainable params: 11,190,535
Non-trainable params: 0
Total mult-adds (G): 14.37
==========================================================================================
Input size (MB): 1.17
Forward/backward pass size (MB): 271.88
Params size (MB): 42.69
Estimated Total Size (MB): 315.74
==========================================================================================



