dataset_path: /home/djy/dataset/dataset2
pretrained : False 
parallel: True

parallel segment dataset : /home/djy/dataset/ycrcb_hsv_dataset2
net: resnet.resnet18
msg: 
using model: ResNet, resnet18
using device cuda:0
batch_size = 20
epochs = 128
loss_function = CrossEntropyLoss()
optimizer = Adam (
Parameter Group 0
    amsgrad: False
    betas: (0.9, 0.999)
    eps: 1e-08
    lr: 0.001
    weight_decay: 0
)


========== Train Epoch 1 ==========
Loss: 2.065	Accuracy: 20.54%	Cost 29s
              precision    recall  f1-score   support

         bzx     0.0000    0.0000    0.0000        31
         cwx     0.0000    0.0000    0.0000        22
         hdx     0.0000    0.0000    0.0000        17
         mtx     0.0714    0.0526    0.0606        19
         nqx     0.2000    0.0833    0.1176        12
         qtx     0.0000    0.0000    0.0000        45
         zxx     0.2169    0.9231    0.3512        39

    accuracy                         0.2054       185
   macro avg     0.0698    0.1513    0.0756       185
weighted avg     0.0660    0.2054    0.0879       185

micro f-score: 0.20540540540540544

========== Train Epoch 2 ==========
Loss: 1.763	Accuracy: 30.27%	Cost 30s
              precision    recall  f1-score   support

         bzx     0.2308    0.5806    0.3303        31
         cwx     0.2000    0.1818    0.1905        22
         hdx     0.0000    0.0000    0.0000        17
         mtx     0.3333    0.0526    0.0909        19
         nqx     0.3636    0.3333    0.3478        12
         qtx     0.4054    0.3333    0.3659        45
         zxx     0.3889    0.3590    0.3733        39

    accuracy                         0.3027       185
   macro avg     0.2746    0.2630    0.2427       185
weighted avg     0.3009    0.3027    0.2776       185

micro f-score: 0.3027027027027027

========== Train Epoch 3 ==========
Loss: 1.659	Accuracy: 24.32%	Cost 29s
              precision    recall  f1-score   support

         bzx     0.2750    0.3548    0.3099        31
         cwx     0.0000    0.0000    0.0000        22
         hdx     0.0000    0.0000    0.0000        17
         mtx     0.0000    0.0000    0.0000        19
         nqx     0.6000    0.2500    0.3529        12
         qtx     0.2500    0.0444    0.0755        45
         zxx     0.2197    0.7436    0.3392        39

    accuracy                         0.2432       185
   macro avg     0.1921    0.1990    0.1539       185
weighted avg     0.1921    0.2432    0.1647       185

micro f-score: 0.24324324324324326

========== Train Epoch 4 ==========
Loss: 1.677	Accuracy: 17.30%	Cost 29s
              precision    recall  f1-score   support

         bzx     0.3333    0.0323    0.0588        31
         cwx     0.1391    0.7273    0.2336        22
         hdx     0.0000    0.0000    0.0000        17
         mtx     0.0000    0.0000    0.0000        19
         nqx     0.0968    0.2500    0.1395        12
         qtx     0.0000    0.0000    0.0000        45
         zxx     0.5000    0.3077    0.3810        39

    accuracy                         0.1730       185
   macro avg     0.1527    0.1882    0.1161       185
weighted avg     0.1841    0.1730    0.1270       185

micro f-score: 0.17297297297297298

========== Train Epoch 5 ==========
Loss: 1.624	Accuracy: 36.76%	Cost 29s
              precision    recall  f1-score   support

         bzx     0.3191    0.4839    0.3846        31
         cwx     0.2000    0.0455    0.0741        22
         hdx     0.0000    0.0000    0.0000        17
         mtx     0.0000    0.0000    0.0000        19
         nqx     0.3030    0.8333    0.4444        12
         qtx     0.5116    0.4889    0.5000        45
         zxx     0.3509    0.5128    0.4167        39

    accuracy                         0.3676       185
   macro avg     0.2407    0.3378    0.2600       185
weighted avg     0.2953    0.3676    0.3115       185

micro f-score: 0.3675675675675676

========== Train Epoch 6 ==========
Loss: 1.554	Accuracy: 25.95%	Cost 30s
              precision    recall  f1-score   support

         bzx     0.3125    0.1613    0.2128        31
         cwx     0.2000    0.2727    0.2308        22
         hdx     0.1538    0.2353    0.1860        17
         mtx     0.3333    0.0526    0.0909        19
         nqx     0.1724    0.8333    0.2857        12
         qtx     0.0000    0.0000    0.0000        45
         zxx     0.4314    0.5641    0.4889        39

    accuracy                         0.2595       185
   macro avg     0.2291    0.3028    0.2136       185
weighted avg     0.2266    0.2595    0.2111       185

micro f-score: 0.2594594594594595

========== Train Epoch 7 ==========
Loss: 1.527	Accuracy: 32.43%	Cost 30s
              precision    recall  f1-score   support

         bzx     0.4167    0.3226    0.3636        31
         cwx     0.2424    0.3636    0.2909        22
         hdx     0.1452    0.5294    0.2278        17
         mtx     0.1200    0.1579    0.1364        19
         nqx     1.0000    0.1667    0.2857        12
         qtx     0.7727    0.3778    0.5075        45
         zxx     0.6471    0.2821    0.3929        39

    accuracy                         0.3243       185
   macro avg     0.4777    0.3143    0.3150       185
weighted avg     0.5135    0.3243    0.3553       185

micro f-score: 0.32432432432432434

========== Train Epoch 8 ==========
Loss: 1.475	Accuracy: 36.22%	Cost 29s
              precision    recall  f1-score   support

         bzx     0.2571    0.8710    0.3971        31
         cwx     0.0000    0.0000    0.0000        22
         hdx     0.2500    0.0588    0.0952        17
         mtx     0.0000    0.0000    0.0000        19
         nqx     0.4545    0.4167    0.4348        12
         qtx     0.6216    0.5111    0.5610        45
         zxx     0.3929    0.2821    0.3284        39

    accuracy                         0.3622       185
   macro avg     0.2823    0.3057    0.2595       185
weighted avg     0.3296    0.3622    0.3092       185

micro f-score: 0.3621621621621622

========== Train Epoch 9 ==========
Loss: 1.379	Accuracy: 28.65%	Cost 30s
              precision    recall  f1-score   support

         bzx     0.2320    0.9355    0.3718        31
         cwx     0.3333    0.0455    0.0800        22
         hdx     0.1818    0.2353    0.2051        17
         mtx     0.0000    0.0000    0.0000        19
         nqx     0.0000    0.0000    0.0000        12
         qtx     0.5172    0.3333    0.4054        45
         zxx     1.0000    0.1026    0.1860        39

    accuracy                         0.2865       185
   macro avg     0.3235    0.2360    0.1783       185
weighted avg     0.4318    0.2865    0.2285       185

micro f-score: 0.2864864864864865

========== Train Epoch 10 ==========
Loss: 1.250	Accuracy: 31.35%	Cost 28s
              precision    recall  f1-score   support

         bzx     0.1111    0.0323    0.0500        31
         cwx     0.3333    0.0909    0.1429        22
         hdx     0.1111    0.1176    0.1143        17
         mtx     0.2857    0.2105    0.2424        19
         nqx     0.4444    0.3333    0.3810        12
         qtx     1.0000    0.2222    0.3636        45
         zxx     0.2941    0.8974    0.4430        39

    accuracy                         0.3135       185
   macro avg     0.3685    0.2720    0.2482       185
weighted avg     0.4319    0.3135    0.2673       185

micro f-score: 0.31351351351351353

========== Train Epoch 11 ==========
Loss: 1.195	Accuracy: 41.08%	Cost 31s
              precision    recall  f1-score   support

         bzx     0.5000    0.2903    0.3673        31
         cwx     0.3030    0.4545    0.3636        22
         hdx     1.0000    0.0588    0.1111        17
         mtx     0.2286    0.4211    0.2963        19
         nqx     0.4286    0.2500    0.3158        12
         qtx     0.7083    0.3778    0.4928        45
         zxx     0.4179    0.7179    0.5283        39

    accuracy                         0.4108       185
   macro avg     0.5123    0.3672    0.3536       185
weighted avg     0.5234    0.4108    0.3972       185

micro f-score: 0.4108108108108109

========== Train Epoch 12 ==========
Loss: 1.209	Accuracy: 43.78%	Cost 29s
              precision    recall  f1-score   support

         bzx     0.3590    0.4516    0.4000        31
         cwx     0.6000    0.2727    0.3750        22
         hdx     0.1915    0.5294    0.2812        17
         mtx     0.3333    0.0526    0.0909        19
         nqx     0.5294    0.7500    0.6207        12
         qtx     0.5185    0.6222    0.5657        45
         zxx     0.9333    0.3590    0.5185        39

    accuracy                         0.4378       185
   macro avg     0.4950    0.4339    0.4074       185
weighted avg     0.5406    0.4378    0.4340       185

micro f-score: 0.43783783783783786

========== Train Epoch 13 ==========
Loss: 1.041	Accuracy: 32.43%	Cost 29s
              precision    recall  f1-score   support

         bzx     0.2500    0.0645    0.1026        31
         cwx     0.0000    0.0000    0.0000        22
         hdx     0.0000    0.0000    0.0000        17
         mtx     0.0000    0.0000    0.0000        19
         nqx     0.5000    0.4167    0.4545        12
         qtx     0.7391    0.3778    0.5000        45
         zxx     0.2609    0.9231    0.4068        39

    accuracy                         0.3243       185
   macro avg     0.2500    0.2546    0.2091       185
weighted avg     0.3091    0.3243    0.2540       185

micro f-score: 0.32432432432432434

========== Train Epoch 14 ==========
Loss: 0.927	Accuracy: 38.38%	Cost 28s
              precision    recall  f1-score   support

         bzx     0.4286    0.1935    0.2667        31
         cwx     0.5625    0.4091    0.4737        22
         hdx     0.2857    0.1176    0.1667        17
         mtx     0.3200    0.4211    0.3636        19
         nqx     1.0000    0.0833    0.1538        12
         qtx     0.6667    0.1778    0.2807        45
         zxx     0.3364    0.9487    0.4966        39

    accuracy                         0.3838       185
   macro avg     0.5143    0.3359    0.3145       185
weighted avg     0.4958    0.3838    0.3366       185

micro f-score: 0.3837837837837838

========== Train Epoch 15 ==========
Loss: 0.793	Accuracy: 37.30%	Cost 29s
              precision    recall  f1-score   support

         bzx     0.0000    0.0000    0.0000        31
         cwx     0.6667    0.0909    0.1600        22
         hdx     0.5000    0.1176    0.1905        17
         mtx     0.5000    0.3158    0.3871        19
         nqx     1.0000    0.2500    0.4000        12
         qtx     0.3220    0.8444    0.4663        45
         zxx     0.4091    0.4615    0.4337        39

    accuracy                         0.3730       185
   macro avg     0.4854    0.2972    0.2911       185
weighted avg     0.4060    0.3730    0.3071       185

micro f-score: 0.37297297297297294

========== Train Epoch 16 ==========
Loss: 0.647	Accuracy: 43.78%	Cost 28s
              precision    recall  f1-score   support

         bzx     0.5000    0.0968    0.1622        31
         cwx     0.4286    0.2727    0.3333        22
         hdx     0.1739    0.4706    0.2540        17
         mtx     0.3000    0.1579    0.2069        19
         nqx     0.7500    0.5000    0.6000        12
         qtx     0.6098    0.5556    0.5814        45
         zxx     0.5000    0.7692    0.6061        39

    accuracy                         0.4378       185
   macro avg     0.4660    0.4033    0.3920       185
weighted avg     0.4839    0.4378    0.4195       185

micro f-score: 0.43783783783783786

========== Train Epoch 17 ==========
Loss: 0.537	Accuracy: 32.43%	Cost 28s
              precision    recall  f1-score   support

         bzx     0.0000    0.0000    0.0000        31
         cwx     0.4444    0.1818    0.2581        22
         hdx     0.1351    0.5882    0.2198        17
         mtx     0.0000    0.0000    0.0000        19
         nqx     0.7143    0.4167    0.5263        12
         qtx     0.3855    0.7111    0.5000        45
         zxx     0.8182    0.2308    0.3600        39

    accuracy                         0.3243       185
   macro avg     0.3568    0.3041    0.2663       185
weighted avg     0.3779    0.3243    0.2825       185

micro f-score: 0.32432432432432434

========== Train Epoch 18 ==========
Loss: 0.544	Accuracy: 39.46%	Cost 29s
              precision    recall  f1-score   support

         bzx     0.5000    0.2258    0.3111        31
         cwx     0.2857    0.5455    0.3750        22
         hdx     0.1053    0.1176    0.1111        17
         mtx     0.2500    0.1053    0.1481        19
         nqx     0.4667    0.5833    0.5185        12
         qtx     0.5208    0.5556    0.5376        45
         zxx     0.4615    0.4615    0.4615        39

    accuracy                         0.3946       185
   macro avg     0.3700    0.3707    0.3519       185
weighted avg     0.4074    0.3946    0.3839       185

micro f-score: 0.3945945945945946

========== Train Epoch 19 ==========
Loss: 0.321	Accuracy: 45.95%	Cost 29s
              precision    recall  f1-score   support

         bzx     0.6667    0.0645    0.1176        31
         cwx     0.3415    0.6364    0.4444        22
         hdx     0.2500    0.1765    0.2069        17
         mtx     0.2941    0.2632    0.2778        19
         nqx     0.5000    0.6667    0.5714        12
         qtx     0.6053    0.5111    0.5542        45
         zxx     0.5172    0.7692    0.6186        39

    accuracy                         0.4595       185
   macro avg     0.4535    0.4411    0.3987       185
weighted avg     0.4942    0.4595    0.4224       185

micro f-score: 0.4594594594594595

========== Train Epoch 20 ==========
Loss: 0.208	Accuracy: 49.19%	Cost 29s
              precision    recall  f1-score   support

         bzx     0.3571    0.6452    0.4598        31
         cwx     0.5455    0.2727    0.3636        22
         hdx     0.2778    0.2941    0.2857        17
         mtx     0.0000    0.0000    0.0000        19
         nqx     0.7500    0.2500    0.3750        12
         qtx     0.5957    0.6222    0.6087        45
         zxx     0.6042    0.7436    0.6667        39

    accuracy                         0.4919       185
   macro avg     0.4472    0.4040    0.3942       185
weighted avg     0.4712    0.4919    0.4595       185

micro f-score: 0.4918918918918919

========== Train Epoch 21 ==========
Loss: 0.160	Accuracy: 43.24%	Cost 28s
              precision    recall  f1-score   support

         bzx     0.0000    0.0000    0.0000        31
         cwx     0.5500    0.5000    0.5238        22
         hdx     0.0909    0.1176    0.1026        17
         mtx     0.3333    0.0526    0.0909        19
         nqx     0.5294    0.7500    0.6207        12
         qtx     0.4242    0.6222    0.5045        45
         zxx     0.5179    0.7436    0.6105        39

    accuracy                         0.4324       185
   macro avg     0.3494    0.3980    0.3504       185
weighted avg     0.3547    0.4324    0.3727       185

micro f-score: 0.43243243243243246

========== Train Epoch 22 ==========
Loss: 0.121	Accuracy: 36.76%	Cost 29s
              precision    recall  f1-score   support

         bzx     0.4667    0.2258    0.3043        31
         cwx     0.4615    0.2727    0.3429        22
         hdx     0.1806    0.7647    0.2921        17
         mtx     0.0000    0.0000    0.0000        19
         nqx     0.2500    0.9167    0.3929        12
         qtx     0.6897    0.4444    0.5405        45
         zxx     0.9167    0.2821    0.4314        39

    accuracy                         0.3676       185
   macro avg     0.4236    0.4152    0.3292       185
weighted avg     0.5269    0.3676    0.3665       185

micro f-score: 0.3675675675675676

========== Train Epoch 23 ==========
Loss: 0.130	Accuracy: 41.08%	Cost 29s
              precision    recall  f1-score   support

         bzx     0.4615    0.3871    0.4211        31
         cwx     0.4583    0.5000    0.4783        22
         hdx     0.1786    0.5882    0.2740        17
         mtx     0.2222    0.1053    0.1429        19
         nqx     0.4000    0.8333    0.5405        12
         qtx     0.8333    0.3333    0.4762        45
         zxx     0.5926    0.4103    0.4848        39

    accuracy                         0.4108       185
   macro avg     0.4495    0.4511    0.4025       185
weighted avg     0.5246    0.4108    0.4204       185

micro f-score: 0.4108108108108109

========== Train Epoch 24 ==========
Loss: 0.109	Accuracy: 48.65%	Cost 30s
              precision    recall  f1-score   support

         bzx     0.7500    0.0968    0.1714        31
         cwx     0.5625    0.4091    0.4737        22
         hdx     0.1176    0.1176    0.1176        17
         mtx     0.7000    0.3684    0.4828        19
         nqx     0.5333    0.6667    0.5926        12
         qtx     0.5435    0.5556    0.5495        45
         zxx     0.4675    0.9231    0.6207        39

    accuracy                         0.4865       185
   macro avg     0.5249    0.4482    0.4298       185
weighted avg     0.5406    0.4865    0.4484       185

micro f-score: 0.4864864864864865

========== Train Epoch 25 ==========
Loss: 0.081	Accuracy: 44.32%	Cost 29s
              precision    recall  f1-score   support

         bzx     0.3333    0.4839    0.3947        31
         cwx     0.6429    0.4091    0.5000        22
         hdx     0.1111    0.1176    0.1143        17
         mtx     0.1818    0.2105    0.1951        19
         nqx     0.4091    0.7500    0.5294        12
         qtx     0.5946    0.4889    0.5366        45
         zxx     0.7778    0.5385    0.6364        39

    accuracy                         0.4432       185
   macro avg     0.4358    0.4284    0.4152       185
weighted avg     0.4963    0.4432    0.4552       185

micro f-score: 0.44324324324324327

========== Train Epoch 26 ==========
Loss: 0.061	Accuracy: 50.81%	Cost 31s
              precision    recall  f1-score   support

         bzx     0.5161    0.5161    0.5161        31
         cwx     0.5625    0.4091    0.4737        22
         hdx     0.2500    0.2353    0.2424        17
         mtx     0.3158    0.3158    0.3158        19
         nqx     0.7778    0.5833    0.6667        12
         qtx     0.4762    0.6667    0.5556        45
         zxx     0.7097    0.5641    0.6286        39

    accuracy                         0.5081       185
   macro avg     0.5154    0.4701    0.4855       185
weighted avg     0.5247    0.5081    0.5084       185

micro f-score: 0.5081081081081081

========== Train Epoch 27 ==========
Loss: 0.060	Accuracy: 48.11%	Cost 29s
              precision    recall  f1-score   support

         bzx     0.4222    0.6129    0.5000        31
         cwx     0.5000    0.4091    0.4500        22
         hdx     0.2195    0.5294    0.3103        17
         mtx     0.3333    0.1579    0.2143        19
         nqx     0.7500    0.7500    0.7500        12
         qtx     0.5476    0.5111    0.5287        45
         zxx     0.9444    0.4359    0.5965        39

    accuracy                         0.4811       185
   macro avg     0.5310    0.4866    0.4786       185
weighted avg     0.5656    0.4811    0.4908       185

micro f-score: 0.4810810810810811

========== Train Epoch 28 ==========
Loss: 0.051	Accuracy: 49.19%	Cost 29s
              precision    recall  f1-score   support

         bzx     0.5714    0.2581    0.3556        31
         cwx     0.4800    0.5455    0.5106        22
         hdx     0.2000    0.2941    0.2381        17
         mtx     0.3333    0.2105    0.2581        19
         nqx     0.3125    0.8333    0.4545        12
         qtx     0.8000    0.4444    0.5714        45
         zxx     0.6154    0.8205    0.7033        39

    accuracy                         0.4919       185
   macro avg     0.4732    0.4866    0.4417       185
weighted avg     0.5500    0.4919    0.4854       185

micro f-score: 0.4918918918918919

========== Train Epoch 29 ==========
Loss: 0.046	Accuracy: 52.43%	Cost 29s
              precision    recall  f1-score   support

         bzx     0.9000    0.2903    0.4390        31
         cwx     0.6471    0.5000    0.5641        22
         hdx     0.1429    0.1765    0.1579        17
         mtx     0.4444    0.4211    0.4324        19
         nqx     0.5000    0.7500    0.6000        12
         qtx     0.5400    0.6000    0.5684        45
         zxx     0.5882    0.7692    0.6667        39

    accuracy                         0.5243       185
   macro avg     0.5375    0.5010    0.4898       185
weighted avg     0.5743    0.5243    0.5173       185

micro f-score: 0.5243243243243243

========== Train Epoch 30 ==========
Loss: 0.037	Accuracy: 49.73%	Cost 29s
              precision    recall  f1-score   support

         bzx     0.4706    0.5161    0.4923        31
         cwx     0.4348    0.4545    0.4444        22
         hdx     0.0769    0.0588    0.0667        17
         mtx     0.3750    0.1579    0.2222        19
         nqx     0.5556    0.8333    0.6667        12
         qtx     0.5652    0.5778    0.5714        45
         zxx     0.6047    0.6667    0.6341        39

    accuracy                         0.4973       185
   macro avg     0.4404    0.4665    0.4426       185
weighted avg     0.4771    0.4973    0.4802       185

micro f-score: 0.4972972972972973

========== Train Epoch 31 ==========
Loss: 0.031	Accuracy: 49.73%	Cost 31s
              precision    recall  f1-score   support

         bzx     0.5000    0.4839    0.4918        31
         cwx     0.3902    0.7273    0.5079        22
         hdx     0.0526    0.0588    0.0556        17
         mtx     0.3000    0.1579    0.2069        19
         nqx     0.5625    0.7500    0.6429        12
         qtx     0.6667    0.5333    0.5926        45
         zxx     0.7273    0.6154    0.6667        39

    accuracy                         0.4973       185
   macro avg     0.4570    0.4752    0.4520       185
weighted avg     0.5178    0.4973    0.4956       185

micro f-score: 0.4972972972972973

========== Train Epoch 32 ==========
Loss: 0.033	Accuracy: 50.81%	Cost 30s
              precision    recall  f1-score   support

         bzx     0.7368    0.4516    0.5600        31
         cwx     0.5000    0.3636    0.4211        22
         hdx     0.1154    0.1765    0.1395        17
         mtx     0.3438    0.5789    0.4314        19
         nqx     0.6923    0.7500    0.7200        12
         qtx     0.5750    0.5111    0.5412        45
         zxx     0.6667    0.6667    0.6667        39

    accuracy                         0.5081       185
   macro avg     0.5186    0.4998    0.4971       185
weighted avg     0.5541    0.5081    0.5199       185

micro f-score: 0.5081081081081081

========== Train Epoch 33 ==========
Loss: 0.041	Accuracy: 54.05%	Cost 30s
              precision    recall  f1-score   support

         bzx     0.7500    0.3871    0.5106        31
         cwx     0.4839    0.6818    0.5660        22
         hdx     0.1000    0.1176    0.1081        17
         mtx     0.4545    0.5263    0.4878        19
         nqx     0.7273    0.6667    0.6957        12
         qtx     0.6053    0.5111    0.5542        45
         zxx     0.6383    0.7692    0.6977        39

    accuracy                         0.5405       185
   macro avg     0.5370    0.5228    0.5172       185
weighted avg     0.5681    0.5405    0.5399       185

micro f-score: 0.5405405405405406

========== Train Epoch 34 ==========
Loss: 0.028	Accuracy: 51.89%	Cost 29s
              precision    recall  f1-score   support

         bzx     0.5294    0.5806    0.5538        31
         cwx     0.4286    0.4091    0.4186        22
         hdx     0.1250    0.1176    0.1212        17
         mtx     0.4167    0.2632    0.3226        19
         nqx     0.5000    0.7500    0.6000        12
         qtx     0.6047    0.5778    0.5909        45
         zxx     0.6585    0.6923    0.6750        39

    accuracy                         0.5189       185
   macro avg     0.4661    0.4844    0.4689       185
weighted avg     0.5123    0.5189    0.5118       185

micro f-score: 0.518918918918919

========== Train Epoch 35 ==========
Loss: 0.017	Accuracy: 50.81%	Cost 29s
              precision    recall  f1-score   support

         bzx     0.5714    0.5161    0.5424        31
         cwx     0.5000    0.5000    0.5000        22
         hdx     0.1176    0.1176    0.1176        17
         mtx     0.1250    0.0526    0.0741        19
         nqx     0.7273    0.6667    0.6957        12
         qtx     0.5306    0.5778    0.5532        45
         zxx     0.6000    0.7692    0.6742        39

    accuracy                         0.5081       185
   macro avg     0.4531    0.4572    0.4510       185
weighted avg     0.4816    0.5081    0.4906       185

micro f-score: 0.5081081081081081

========== Train Epoch 36 ==========
Loss: 0.024	Accuracy: 50.81%	Cost 30s
              precision    recall  f1-score   support

         bzx     0.5769    0.4839    0.5263        31
         cwx     0.5217    0.5455    0.5333        22
         hdx     0.1429    0.1765    0.1579        17
         mtx     0.2667    0.4211    0.3265        19
         nqx     0.6000    0.7500    0.6667        12
         qtx     0.6216    0.5111    0.5610        45
         zxx     0.7273    0.6154    0.6667        39

    accuracy                         0.5081       185
   macro avg     0.4939    0.5005    0.4912       185
weighted avg     0.5427    0.5081    0.5199       185

micro f-score: 0.5081081081081081

========== Train Epoch 37 ==========
Loss: 0.023	Accuracy: 46.49%	Cost 29s
              precision    recall  f1-score   support

         bzx     0.5652    0.4194    0.4815        31
         cwx     0.3750    0.5455    0.4444        22
         hdx     0.1304    0.1765    0.1500        17
         mtx     0.1000    0.0526    0.0690        19
         nqx     0.5000    0.7500    0.6000        12
         qtx     0.5714    0.5333    0.5517        45
         zxx     0.6486    0.6154    0.6316        39

    accuracy                         0.4649       185
   macro avg     0.4130    0.4418    0.4183       185
weighted avg     0.4697    0.4649    0.4607       185

micro f-score: 0.4648648648648649

========== Train Epoch 38 ==========
Loss: 0.024	Accuracy: 49.73%	Cost 29s
              precision    recall  f1-score   support

         bzx     0.5625    0.5806    0.5714        31
         cwx     0.4706    0.3636    0.4103        22
         hdx     0.1786    0.2941    0.2222        17
         mtx     0.3000    0.1579    0.2069        19
         nqx     0.4000    0.6667    0.5000        12
         qtx     0.6176    0.4667    0.5316        45
         zxx     0.6591    0.7436    0.6988        39

    accuracy                         0.4973       185
   macro avg     0.4555    0.4676    0.4487       185
weighted avg     0.5126    0.4973    0.4953       185

micro f-score: 0.4972972972972973

========== Train Epoch 39 ==========
Loss: 0.023	Accuracy: 51.35%	Cost 28s
              precision    recall  f1-score   support

         bzx     0.5769    0.4839    0.5263        31
         cwx     0.4286    0.5455    0.4800        22
         hdx     0.1905    0.2353    0.2105        17
         mtx     0.3333    0.3684    0.3500        19
         nqx     0.6667    0.6667    0.6667        12
         qtx     0.5789    0.4889    0.5301        45
         zxx     0.6923    0.6923    0.6923        39

    accuracy                         0.5135       185
   macro avg     0.4953    0.4973    0.4937       185
weighted avg     0.5294    0.5135    0.5187       185

micro f-score: 0.5135135135135135

========== Train Epoch 40 ==========
Loss: 0.019	Accuracy: 49.73%	Cost 29s
              precision    recall  f1-score   support

         bzx     0.4815    0.4194    0.4483        31
         cwx     0.3889    0.3182    0.3500        22
         hdx     0.1739    0.2353    0.2000        17
         mtx     0.4000    0.3158    0.3529        19
         nqx     0.6667    0.6667    0.6667        12
         qtx     0.5581    0.5333    0.5455        45
         zxx     0.6383    0.7692    0.6977        39

    accuracy                         0.4973       185
   macro avg     0.4725    0.4654    0.4659       185
weighted avg     0.4976    0.4973    0.4944       185

micro f-score: 0.4972972972972973

========== Train Epoch 41 ==========
Loss: 0.016	Accuracy: 49.73%	Cost 29s
              precision    recall  f1-score   support

         bzx     0.6190    0.4194    0.5000        31
         cwx     0.4762    0.4545    0.4651        22
         hdx     0.0870    0.1176    0.1000        17
         mtx     0.3750    0.3158    0.3429        19
         nqx     0.5294    0.7500    0.6207        12
         qtx     0.6176    0.4667    0.5316        45
         zxx     0.5849    0.7949    0.6739        39

    accuracy                         0.4973       185
   macro avg     0.4699    0.4741    0.4620       185
weighted avg     0.5147    0.4973    0.4951       185

micro f-score: 0.4972972972972973

========== Train Epoch 42 ==========
Loss: 0.018	Accuracy: 48.65%	Cost 29s
              precision    recall  f1-score   support

         bzx     0.6000    0.3871    0.4706        31
         cwx     0.3548    0.5000    0.4151        22
         hdx     0.1481    0.2353    0.1818        17
         mtx     0.3333    0.2632    0.2941        19
         nqx     0.4737    0.7500    0.5806        12
         qtx     0.6176    0.4667    0.5316        45
         zxx     0.7179    0.7179    0.7179        39

    accuracy                         0.4865       185
   macro avg     0.4637    0.4743    0.4560       185
weighted avg     0.5229    0.4865    0.4935       185

micro f-score: 0.4864864864864865

========== Train Epoch 43 ==========
Loss: 0.016	Accuracy: 51.35%	Cost 30s
              precision    recall  f1-score   support

         bzx     0.5714    0.5161    0.5424        31
         cwx     0.4286    0.4091    0.4186        22
         hdx     0.1176    0.1176    0.1176        17
         mtx     0.3333    0.3158    0.3243        19
         nqx     0.5714    0.6667    0.6154        12
         qtx     0.5854    0.5333    0.5581        45
         zxx     0.6522    0.7692    0.7059        39

    accuracy                         0.5135       185
   macro avg     0.4657    0.4754    0.4689       185
weighted avg     0.5087    0.5135    0.5093       185

micro f-score: 0.5135135135135135

========== Train Epoch 44 ==========
Loss: 0.015	Accuracy: 51.35%	Cost 30s
              precision    recall  f1-score   support

         bzx     0.5926    0.5161    0.5517        31
         cwx     0.4286    0.4091    0.4186        22
         hdx     0.1364    0.1765    0.1538        17
         mtx     0.3750    0.1579    0.2222        19
         nqx     0.4091    0.7500    0.5294        12
         qtx     0.6286    0.4889    0.5500        45
         zxx     0.6600    0.8462    0.7416        39

    accuracy                         0.5135       185
   macro avg     0.4615    0.4778    0.4525       185
weighted avg     0.5199    0.5135    0.5036       185

micro f-score: 0.5135135135135135

========== Train Epoch 45 ==========
Loss: 0.019	Accuracy: 48.65%	Cost 28s
              precision    recall  f1-score   support

         bzx     0.5185    0.4516    0.4828        31
         cwx     0.4615    0.5455    0.5000        22
         hdx     0.1364    0.1765    0.1538        17
         mtx     0.2857    0.1053    0.1538        19
         nqx     0.6154    0.6667    0.6400        12
         qtx     0.5789    0.4889    0.5301        45
         zxx     0.5577    0.7436    0.6374        39

    accuracy                         0.4865       185
   macro avg     0.4506    0.4540    0.4426       185
weighted avg     0.4820    0.4865    0.4751       185

micro f-score: 0.4864864864864865

========== Train Epoch 46 ==========
Loss: 0.019	Accuracy: 49.19%	Cost 29s
              precision    recall  f1-score   support

         bzx     0.5417    0.4194    0.4727        31
         cwx     0.3929    0.5000    0.4400        22
         hdx     0.1304    0.1765    0.1500        17
         mtx     0.2963    0.4211    0.3478        19
         nqx     0.8889    0.6667    0.7619        12
         qtx     0.6250    0.4444    0.5195        45
         zxx     0.6667    0.7179    0.6914        39

    accuracy                         0.4919       185
   macro avg     0.5060    0.4780    0.4833       185
weighted avg     0.5301    0.4919    0.5026       185

micro f-score: 0.4918918918918919

========== Train Epoch 47 ==========
Loss: 0.015	Accuracy: 51.35%	Cost 31s
              precision    recall  f1-score   support

         bzx     0.5417    0.4194    0.4727        31
         cwx     0.4737    0.4091    0.4390        22
         hdx     0.1053    0.1176    0.1111        17
         mtx     0.4667    0.3684    0.4118        19
         nqx     0.5294    0.7500    0.6207        12
         qtx     0.5610    0.5111    0.5349        45
         zxx     0.6400    0.8205    0.7191        39

    accuracy                         0.5135       185
   macro avg     0.4740    0.4852    0.4728       185
weighted avg     0.5104    0.5135    0.5059       185

micro f-score: 0.5135135135135135

========== Train Epoch 48 ==========
Loss: 0.016	Accuracy: 48.11%	Cost 28s
              precision    recall  f1-score   support

         bzx     0.5714    0.5161    0.5424        31
         cwx     0.4348    0.4545    0.4444        22
         hdx     0.1000    0.1765    0.1277        17
         mtx     0.2500    0.1053    0.1481        19
         nqx     0.4500    0.7500    0.5625        12
         qtx     0.5676    0.4667    0.5122        45
         zxx     0.7179    0.7179    0.7179        39

    accuracy                         0.4811       185
   macro avg     0.4417    0.4553    0.4365       185
weighted avg     0.5009    0.4811    0.4831       185

micro f-score: 0.4810810810810811

========== Train Epoch 49 ==========
Loss: 0.013	Accuracy: 53.51%	Cost 27s
              precision    recall  f1-score   support

         bzx     0.6842    0.4194    0.5200        31
         cwx     0.5789    0.5000    0.5366        22
         hdx     0.0714    0.0588    0.0645        17
         mtx     0.4706    0.4211    0.4444        19
         nqx     0.5714    0.6667    0.6154        12
         qtx     0.5870    0.6000    0.5934        45
         zxx     0.5536    0.7949    0.6526        39

    accuracy                         0.5351       185
   macro avg     0.5024    0.4944    0.4896       185
weighted avg     0.5349    0.5351    0.5244       185

micro f-score: 0.5351351351351351

========== Train Epoch 50 ==========
Loss: 0.014	Accuracy: 49.73%	Cost 28s
              precision    recall  f1-score   support

         bzx     0.6250    0.3226    0.4255        31
         cwx     0.5652    0.5909    0.5778        22
         hdx     0.0952    0.1176    0.1053        17
         mtx     0.2571    0.4737    0.3333        19
         nqx     0.6667    0.6667    0.6667        12
         qtx     0.6571    0.5111    0.5750        45
         zxx     0.6279    0.6923    0.6585        39

    accuracy                         0.4973       185
   macro avg     0.4992    0.4821    0.4774       185
weighted avg     0.5426    0.4973    0.5059       185

micro f-score: 0.4972972972972973

========== Train Epoch 51 ==========
Loss: 0.015	Accuracy: 50.27%	Cost 29s
              precision    recall  f1-score   support

         bzx     0.4359    0.5484    0.4857        31
         cwx     0.4583    0.5000    0.4783        22
         hdx     0.1724    0.2941    0.2174        17
         mtx     0.0000    0.0000    0.0000        19
         nqx     0.5238    0.9167    0.6667        12
         qtx     0.6429    0.4000    0.4932        45
         zxx     0.7045    0.7949    0.7470        39

    accuracy                         0.5027       185
   macro avg     0.4197    0.4934    0.4412       185
weighted avg     0.4823    0.5027    0.4789       185

micro f-score: 0.5027027027027027

========== Train Epoch 52 ==========
Loss: 0.022	Accuracy: 46.49%	Cost 30s
              precision    recall  f1-score   support

         bzx     0.5217    0.3871    0.4444        31
         cwx     0.5455    0.2727    0.3636        22
         hdx     0.1000    0.0588    0.0741        17
         mtx     0.2000    0.4211    0.2712        19
         nqx     0.7143    0.4167    0.5263        12
         qtx     0.6190    0.5778    0.5977        45
         zxx     0.5385    0.7179    0.6154        39

    accuracy                         0.4649       185
   macro avg     0.4627    0.4074    0.4132       185
weighted avg     0.4924    0.4649    0.4616       185

micro f-score: 0.4648648648648649

========== Train Epoch 53 ==========
Loss: 0.028	Accuracy: 30.81%	Cost 30s
              precision    recall  f1-score   support

         bzx     0.0000    0.0000    0.0000        31
         cwx     0.6000    0.2727    0.3750        22
         hdx     0.0000    0.0000    0.0000        17
         mtx     0.5000    0.0526    0.0952        19
         nqx     1.0000    0.1667    0.2857        12
         qtx     0.7500    0.2000    0.3158        45
         zxx     0.2500    1.0000    0.4000        39

    accuracy                         0.3081       185
   macro avg     0.4429    0.2417    0.2102       185
weighted avg     0.4227    0.3081    0.2340       185

micro f-score: 0.3081081081081081

========== Train Epoch 54 ==========
Loss: 0.324	Accuracy: 32.43%	Cost 29s
              precision    recall  f1-score   support

         bzx     0.2824    0.7742    0.4138        31
         cwx     0.7500    0.1364    0.2308        22
         hdx     0.0000    0.0000    0.0000        17
         mtx     0.0000    0.0000    0.0000        19
         nqx     1.0000    0.0833    0.1538        12
         qtx     0.6000    0.1333    0.2182        45
         zxx     0.3095    0.6667    0.4228        39

    accuracy                         0.3243       185
   macro avg     0.4203    0.2563    0.2056       185
weighted avg     0.4126    0.3243    0.2490       185

micro f-score: 0.32432432432432434

========== Train Epoch 55 ==========
Loss: 0.898	Accuracy: 25.41%	Cost 29s
              precision    recall  f1-score   support

         bzx     0.4000    0.0645    0.1111        31
         cwx     0.1579    0.9545    0.2710        22
         hdx     0.5000    0.0588    0.1053        17
         mtx     0.1538    0.1053    0.1250        19
         nqx     0.3333    0.1667    0.2222        12
         qtx     0.6000    0.0667    0.1200        45
         zxx     0.7619    0.4103    0.5333        39

    accuracy                         0.2541       185
   macro avg     0.4153    0.2610    0.2126       185
weighted avg     0.4757    0.2541    0.2294       185

micro f-score: 0.25405405405405407

========== Train Epoch 56 ==========
Loss: 0.413	Accuracy: 34.59%	Cost 28s
              precision    recall  f1-score   support

         bzx     0.0000    0.0000    0.0000        31
         cwx     0.3000    0.5455    0.3871        22
         hdx     0.1667    0.6471    0.2651        17
         mtx     0.5000    0.1579    0.2400        19
         nqx     0.2400    0.5000    0.3243        12
         qtx     0.6667    0.4000    0.5000        45
         zxx     0.7000    0.3590    0.4746        39

    accuracy                         0.3459       185
   macro avg     0.3676    0.3728    0.3130       185
weighted avg     0.4276    0.3459    0.3377       185

micro f-score: 0.34594594594594597

========== Train Epoch 57 ==========
Loss: 0.184	Accuracy: 38.38%	Cost 29s
              precision    recall  f1-score   support

         bzx     0.4000    0.0645    0.1111        31
         cwx     0.2727    0.5455    0.3636        22
         hdx     0.0909    0.0588    0.0714        17
         mtx     0.1786    0.5263    0.2667        19
         nqx     0.3750    0.2500    0.3000        12
         qtx     0.5854    0.5333    0.5581        45
         zxx     0.9500    0.4872    0.6441        39

    accuracy                         0.3838       185
   macro avg     0.4075    0.3522    0.3307       185
weighted avg     0.4931    0.3838    0.3868       185

micro f-score: 0.3837837837837838

========== Train Epoch 58 ==========
Loss: 0.098	Accuracy: 32.97%	Cost 29s
              precision    recall  f1-score   support

         bzx     0.3200    0.2581    0.2857        31
         cwx     0.3750    0.1364    0.2000        22
         hdx     0.1579    0.1765    0.1667        17
         mtx     0.2000    0.6842    0.3095        19
         nqx     0.6250    0.4167    0.5000        12
         qtx     0.4444    0.4444    0.4444        45
         zxx     0.6000    0.2308    0.3333        39

    accuracy                         0.3297       185
   macro avg     0.3889    0.3353    0.3200       185
weighted avg     0.4084    0.3297    0.3296       185

micro f-score: 0.32972972972972975

========== Train Epoch 59 ==========
Loss: 0.071	Accuracy: 46.49%	Cost 31s
              precision    recall  f1-score   support

         bzx     0.4444    0.5161    0.4776        31
         cwx     0.5263    0.4545    0.4878        22
         hdx     0.1000    0.1176    0.1081        17
         mtx     0.3846    0.2632    0.3125        19
         nqx     0.6364    0.5833    0.6087        12
         qtx     0.6111    0.4889    0.5432        45
         zxx     0.4800    0.6154    0.5393        39

    accuracy                         0.4649       185
   macro avg     0.4547    0.4342    0.4396       185
weighted avg     0.4769    0.4649    0.4654       185

micro f-score: 0.4648648648648649

========== Train Epoch 60 ==========
Epoch    60: reducing learning rate of group 0 to 1.0000e-04.
Loss: 0.038	Accuracy: 46.49%	Cost 28s
              precision    recall  f1-score   support

         bzx     0.3846    0.4839    0.4286        31
         cwx     0.3636    0.3636    0.3636        22
         hdx     0.2143    0.1765    0.1935        17
         mtx     0.2941    0.2632    0.2778        19
         nqx     0.5714    0.6667    0.6154        12
         qtx     0.5000    0.5111    0.5055        45
         zxx     0.7273    0.6154    0.6667        39

    accuracy                         0.4649       185
   macro avg     0.4365    0.4400    0.4359       185
weighted avg     0.4696    0.4649    0.4648       185

micro f-score: 0.4648648648648649

========== Train Epoch 61 ==========
Loss: 0.018	Accuracy: 49.19%	Cost 28s
              precision    recall  f1-score   support

         bzx     0.4839    0.4839    0.4839        31
         cwx     0.4286    0.4091    0.4186        22
         hdx     0.2400    0.3529    0.2857        17
         mtx     0.2941    0.2632    0.2778        19
         nqx     0.6429    0.7500    0.6923        12
         qtx     0.5476    0.5111    0.5287        45
         zxx     0.6857    0.6154    0.6486        39

    accuracy                         0.4919       185
   macro avg     0.4747    0.4837    0.4765       185
weighted avg     0.5038    0.4919    0.4959       185

micro f-score: 0.4918918918918919

========== Train Epoch 62 ==========
Loss: 0.024	Accuracy: 48.11%	Cost 31s
              precision    recall  f1-score   support

         bzx     0.4688    0.4839    0.4762        31
         cwx     0.4091    0.4091    0.4091        22
         hdx     0.2105    0.2353    0.2222        17
         mtx     0.3333    0.3158    0.3243        19
         nqx     0.6000    0.7500    0.6667        12
         qtx     0.5111    0.5111    0.5111        45
         zxx     0.6765    0.5897    0.6301        39

    accuracy                         0.4811       185
   macro avg     0.4585    0.4707    0.4628       185
weighted avg     0.4866    0.4811    0.4826       185

micro f-score: 0.4810810810810811

========== Train Epoch 63 ==========
Loss: 0.017	Accuracy: 48.65%	Cost 28s
              precision    recall  f1-score   support

         bzx     0.4667    0.4516    0.4590        31
         cwx     0.3750    0.4091    0.3913        22
         hdx     0.2609    0.3529    0.3000        17
         mtx     0.3333    0.2632    0.2941        19
         nqx     0.6923    0.7500    0.7200        12
         qtx     0.5238    0.4889    0.5057        45
         zxx     0.6579    0.6410    0.6494        39

    accuracy                         0.4865       185
   macro avg     0.4728    0.4795    0.4742       185
weighted avg     0.4920    0.4865    0.4878       185

micro f-score: 0.4864864864864865

========== Train Epoch 64 ==========
Loss: 0.022	Accuracy: 49.73%	Cost 30s
              precision    recall  f1-score   support

         bzx     0.4516    0.4516    0.4516        31
         cwx     0.4706    0.3636    0.4103        22
         hdx     0.2105    0.2353    0.2222        17
         mtx     0.4000    0.3158    0.3529        19
         nqx     0.6429    0.7500    0.6923        12
         qtx     0.5106    0.5333    0.5217        45
         zxx     0.6429    0.6923    0.6667        39

    accuracy                         0.4973       185
   macro avg     0.4756    0.4774    0.4740       185
weighted avg     0.4935    0.4973    0.4935       185

micro f-score: 0.4972972972972973

========== Train Epoch 65 ==========
Loss: 0.013	Accuracy: 49.73%	Cost 29s
              precision    recall  f1-score   support

         bzx     0.5000    0.4516    0.4746        31
         cwx     0.3333    0.4091    0.3673        22
         hdx     0.2500    0.2941    0.2703        17
         mtx     0.4615    0.3158    0.3750        19
         nqx     0.6429    0.7500    0.6923        12
         qtx     0.5789    0.4889    0.5301        45
         zxx     0.6000    0.6923    0.6429        39

    accuracy                         0.4973       185
   macro avg     0.4810    0.4860    0.4789       185
weighted avg     0.5028    0.4973    0.4959       185

micro f-score: 0.4972972972972973

========== Train Epoch 66 ==========
Loss: 0.019	Accuracy: 49.73%	Cost 28s
              precision    recall  f1-score   support

         bzx     0.4444    0.5161    0.4776        31
         cwx     0.3636    0.3636    0.3636        22
         hdx     0.2174    0.2941    0.2500        17
         mtx     0.5000    0.2632    0.3448        19
         nqx     0.6429    0.7500    0.6923        12
         qtx     0.5227    0.5111    0.5169        45
         zxx     0.7222    0.6667    0.6933        39

    accuracy                         0.4973       185
   macro avg     0.4876    0.4807    0.4769       185
weighted avg     0.5101    0.4973    0.4985       185

micro f-score: 0.4972972972972973

========== Train Epoch 67 ==========
Loss: 0.014	Accuracy: 48.65%	Cost 28s
              precision    recall  f1-score   support

         bzx     0.4375    0.4516    0.4444        31
         cwx     0.3462    0.4091    0.3750        22
         hdx     0.2174    0.2941    0.2500        17
         mtx     0.3333    0.2105    0.2581        19
         nqx     0.6429    0.7500    0.6923        12
         qtx     0.5500    0.4889    0.5176        45
         zxx     0.7105    0.6923    0.7013        39

    accuracy                         0.4865       185
   macro avg     0.4625    0.4709    0.4627       185
weighted avg     0.4940    0.4865    0.4872       185

micro f-score: 0.4864864864864865

========== Train Epoch 68 ==========
Loss: 0.012	Accuracy: 48.65%	Cost 30s
              precision    recall  f1-score   support

         bzx     0.4643    0.4194    0.4407        31
         cwx     0.3214    0.4091    0.3600        22
         hdx     0.2273    0.2941    0.2564        17
         mtx     0.4167    0.2632    0.3226        19
         nqx     0.6000    0.7500    0.6667        12
         qtx     0.5500    0.4889    0.5176        45
         zxx     0.6750    0.6923    0.6835        39

    accuracy                         0.4865       185
   macro avg     0.4650    0.4738    0.4639       185
weighted avg     0.4947    0.4865    0.4866       185

micro f-score: 0.4864864864864865

========== Train Epoch 69 ==========
Loss: 0.015	Accuracy: 50.27%	Cost 31s
              precision    recall  f1-score   support

         bzx     0.4444    0.5161    0.4776        31
         cwx     0.3600    0.4091    0.3830        22
         hdx     0.2381    0.2941    0.2632        17
         mtx     0.4286    0.3158    0.3636        19
         nqx     0.6000    0.7500    0.6667        12
         qtx     0.5946    0.4889    0.5366        45
         zxx     0.7027    0.6667    0.6842        39

    accuracy                         0.5027       185
   macro avg     0.4812    0.4915    0.4821       185
weighted avg     0.5149    0.5027    0.5051       185

micro f-score: 0.5027027027027027

========== Train Epoch 70 ==========
Loss: 0.015	Accuracy: 49.19%	Cost 30s
              precision    recall  f1-score   support

         bzx     0.5000    0.5161    0.5079        31
         cwx     0.3600    0.4091    0.3830        22
         hdx     0.1852    0.2941    0.2273        17
         mtx     0.4444    0.2105    0.2857        19
         nqx     0.6000    0.7500    0.6667        12
         qtx     0.5500    0.4889    0.5176        45
         zxx     0.7027    0.6667    0.6842        39

    accuracy                         0.4919       185
   macro avg     0.4775    0.4765    0.4675       185
weighted avg     0.5101    0.4919    0.4943       185

micro f-score: 0.4918918918918919

========== Train Epoch 71 ==========
Loss: 0.014	Accuracy: 48.11%	Cost 30s
              precision    recall  f1-score   support

         bzx     0.4815    0.4194    0.4483        31
         cwx     0.3913    0.4091    0.4000        22
         hdx     0.2105    0.2353    0.2222        17
         mtx     0.3333    0.3158    0.3243        19
         nqx     0.5294    0.7500    0.6207        12
         qtx     0.5227    0.5111    0.5169        45
         zxx     0.6757    0.6410    0.6579        39

    accuracy                         0.4811       185
   macro avg     0.4492    0.4688    0.4558       185
weighted avg     0.4847    0.4811    0.4811       185

micro f-score: 0.4810810810810811

========== Train Epoch 72 ==========
Loss: 0.012	Accuracy: 49.73%	Cost 29s
              precision    recall  f1-score   support

         bzx     0.4706    0.5161    0.4923        31
         cwx     0.3750    0.4091    0.3913        22
         hdx     0.2273    0.2941    0.2564        17
         mtx     0.4444    0.2105    0.2857        19
         nqx     0.5294    0.7500    0.6207        12
         qtx     0.5641    0.4889    0.5238        45
         zxx     0.6750    0.6923    0.6835        39

    accuracy                         0.4973       185
   macro avg     0.4694    0.4802    0.4648       185
weighted avg     0.5038    0.4973    0.4937       185

micro f-score: 0.4972972972972973

========== Train Epoch 73 ==========
Loss: 0.014	Accuracy: 47.57%	Cost 29s
              precision    recall  f1-score   support

         bzx     0.5000    0.4194    0.4561        31
         cwx     0.3462    0.4091    0.3750        22
         hdx     0.1852    0.2941    0.2273        17
         mtx     0.4000    0.2105    0.2759        19
         nqx     0.6000    0.7500    0.6667        12
         qtx     0.5349    0.5111    0.5227        45
         zxx     0.6579    0.6410    0.6494        39

    accuracy                         0.4757       185
   macro avg     0.4606    0.4622    0.4533       185
weighted avg     0.4908    0.4757    0.4775       185

micro f-score: 0.4756756756756757

========== Train Epoch 74 ==========
Loss: 0.014	Accuracy: 48.11%	Cost 29s
              precision    recall  f1-score   support

         bzx     0.4839    0.4839    0.4839        31
         cwx     0.3462    0.4091    0.3750        22
         hdx     0.1852    0.2941    0.2273        17
         mtx     0.5000    0.2105    0.2963        19
         nqx     0.5294    0.7500    0.6207        12
         qtx     0.5641    0.4889    0.5238        45
         zxx     0.6757    0.6410    0.6579        39

    accuracy                         0.4811       185
   macro avg     0.4692    0.4682    0.4550       185
weighted avg     0.5046    0.4811    0.4834       185

micro f-score: 0.4810810810810811

========== Train Epoch 75 ==========
Loss: 0.012	Accuracy: 50.27%	Cost 29s
              precision    recall  f1-score   support

         bzx     0.4444    0.5161    0.4776        31
         cwx     0.3810    0.3636    0.3721        22
         hdx     0.2381    0.2941    0.2632        17
         mtx     0.4286    0.3158    0.3636        19
         nqx     0.6000    0.7500    0.6667        12
         qtx     0.5750    0.5111    0.5412        45
         zxx     0.6842    0.6667    0.6753        39

    accuracy                         0.5027       185
   macro avg     0.4788    0.4882    0.4800       185
weighted avg     0.5087    0.5027    0.5031       185

micro f-score: 0.5027027027027027

========== Train Epoch 76 ==========
Loss: 0.014	Accuracy: 50.27%	Cost 30s
              precision    recall  f1-score   support

         bzx     0.4324    0.5161    0.4706        31
         cwx     0.4000    0.3636    0.3810        22
         hdx     0.2000    0.2353    0.2162        17
         mtx     0.3750    0.3158    0.3429        19
         nqx     0.6429    0.7500    0.6923        12
         qtx     0.5714    0.5333    0.5517        45
         zxx     0.7222    0.6667    0.6933        39

    accuracy                         0.5027       185
   macro avg     0.4777    0.4830    0.4783       185
weighted avg     0.5099    0.5027    0.5045       185

micro f-score: 0.5027027027027027

========== Train Epoch 77 ==========
Loss: 0.009	Accuracy: 48.65%	Cost 28s
              precision    recall  f1-score   support

         bzx     0.4118    0.4516    0.4308        31
         cwx     0.3462    0.4091    0.3750        22
         hdx     0.2000    0.2353    0.2162        17
         mtx     0.5000    0.3158    0.3871        19
         nqx     0.6429    0.7500    0.6923        12
         qtx     0.5349    0.5111    0.5227        45
         zxx     0.6944    0.6410    0.6667        39

    accuracy                         0.4865       185
   macro avg     0.4757    0.4734    0.4701       185
weighted avg     0.4981    0.4865    0.4890       185

micro f-score: 0.4864864864864865

========== Train Epoch 78 ==========
Loss: 0.014	Accuracy: 50.81%	Cost 30s
              precision    recall  f1-score   support

         bzx     0.4722    0.5484    0.5075        31
         cwx     0.4444    0.3636    0.4000        22
         hdx     0.2174    0.2941    0.2500        17
         mtx     0.4545    0.2632    0.3333        19
         nqx     0.6000    0.7500    0.6667        12
         qtx     0.5750    0.5111    0.5412        45
         zxx     0.6429    0.6923    0.6667        39

    accuracy                         0.5081       185
   macro avg     0.4866    0.4890    0.4808       185
weighted avg     0.5129    0.5081    0.5052       185

micro f-score: 0.5081081081081081

========== Train Epoch 79 ==========
Loss: 0.012	Accuracy: 47.57%	Cost 29s
              precision    recall  f1-score   support

         bzx     0.4333    0.4194    0.4262        31
         cwx     0.3750    0.4091    0.3913        22
         hdx     0.2000    0.2353    0.2162        17
         mtx     0.3750    0.3158    0.3429        19
         nqx     0.6000    0.7500    0.6667        12
         qtx     0.5111    0.5111    0.5111        45
         zxx     0.6857    0.6154    0.6486        39

    accuracy                         0.4757       185
   macro avg     0.4543    0.4651    0.4576       185
weighted avg     0.4819    0.4757    0.4773       185

micro f-score: 0.4756756756756757

========== Train Epoch 80 ==========
Loss: 0.015	Accuracy: 48.65%	Cost 29s
              precision    recall  f1-score   support

         bzx     0.5200    0.4194    0.4643        31
         cwx     0.3462    0.4091    0.3750        22
         hdx     0.1905    0.2353    0.2105        17
         mtx     0.5000    0.3158    0.3871        19
         nqx     0.7273    0.6667    0.6957        12
         qtx     0.5610    0.5111    0.5349        45
         zxx     0.5510    0.6923    0.6136        39

    accuracy                         0.4865       185
   macro avg     0.4851    0.4642    0.4687       185
weighted avg     0.4969    0.4865    0.4861       185

micro f-score: 0.4864864864864865

========== Train Epoch 81 ==========
Loss: 0.013	Accuracy: 48.65%	Cost 28s
              precision    recall  f1-score   support

         bzx     0.4545    0.4839    0.4687        31
         cwx     0.3636    0.3636    0.3636        22
         hdx     0.1818    0.2353    0.2051        17
         mtx     0.5000    0.2632    0.3448        19
         nqx     0.5294    0.7500    0.6207        12
         qtx     0.5366    0.4889    0.5116        45
         zxx     0.6750    0.6923    0.6835        39

    accuracy                         0.4865       185
   macro avg     0.4630    0.4682    0.4569       185
weighted avg     0.4946    0.4865    0.4849       185

micro f-score: 0.4864864864864865

========== Train Epoch 82 ==========
Loss: 0.017	Accuracy: 48.65%	Cost 32s
              precision    recall  f1-score   support

         bzx     0.4444    0.5161    0.4776        31
         cwx     0.3333    0.3636    0.3478        22
         hdx     0.1739    0.2353    0.2000        17
         mtx     0.5000    0.2105    0.2963        19
         nqx     0.6000    0.7500    0.6667        12
         qtx     0.5500    0.4889    0.5176        45
         zxx     0.6923    0.6923    0.6923        39

    accuracy                         0.4865       185
   macro avg     0.4706    0.4653    0.4569       185
weighted avg     0.5001    0.4865    0.4853       185

micro f-score: 0.4864864864864865

========== Train Epoch 83 ==========
Loss: 0.016	Accuracy: 48.11%	Cost 29s
              precision    recall  f1-score   support

         bzx     0.5200    0.4194    0.4643        31
         cwx     0.3600    0.4091    0.3830        22
         hdx     0.1905    0.2353    0.2105        17
         mtx     0.4286    0.3158    0.3636        19
         nqx     0.5000    0.6667    0.5714        12
         qtx     0.5366    0.4889    0.5116        45
         zxx     0.6279    0.6923    0.6585        39

    accuracy                         0.4811       185
   macro avg     0.4519    0.4611    0.4519       185
weighted avg     0.4868    0.4811    0.4804       185

micro f-score: 0.4810810810810811

========== Train Epoch 84 ==========
Loss: 0.012	Accuracy: 48.65%	Cost 28s
              precision    recall  f1-score   support

         bzx     0.4722    0.5484    0.5075        31
         cwx     0.3636    0.3636    0.3636        22
         hdx     0.2000    0.2353    0.2162        17
         mtx     0.5556    0.2632    0.3571        19
         nqx     0.5714    0.6667    0.6154        12
         qtx     0.5366    0.4889    0.5116        45
         zxx     0.6047    0.6667    0.6341        39

    accuracy                         0.4865       185
   macro avg     0.4720    0.4618    0.4579       185
weighted avg     0.4929    0.4865    0.4829       185

micro f-score: 0.4864864864864865

========== Train Epoch 85 ==========
Loss: 0.010	Accuracy: 48.11%	Cost 29s
              precision    recall  f1-score   support

         bzx     0.4815    0.4194    0.4483        31
         cwx     0.3214    0.4091    0.3600        22
         hdx     0.1818    0.2353    0.2051        17
         mtx     0.4545    0.2632    0.3333        19
         nqx     0.6000    0.7500    0.6667        12
         qtx     0.5366    0.4889    0.5116        45
         zxx     0.6585    0.6923    0.6750        39

    accuracy                         0.4811       185
   macro avg     0.4621    0.4654    0.4571       185
weighted avg     0.4906    0.4811    0.4810       185

micro f-score: 0.4810810810810811

========== Train Epoch 86 ==========
Loss: 0.013	Accuracy: 47.03%	Cost 30s
              precision    recall  f1-score   support

         bzx     0.4333    0.4194    0.4262        31
         cwx     0.3077    0.3636    0.3333        22
         hdx     0.1818    0.2353    0.2051        17
         mtx     0.5000    0.2632    0.3448        19
         nqx     0.6154    0.6667    0.6400        12
         qtx     0.5349    0.5111    0.5227        45
         zxx     0.6341    0.6667    0.6500        39

    accuracy                         0.4703       185
   macro avg     0.4582    0.4466    0.4460       185
weighted avg     0.4810    0.4703    0.4710       185

micro f-score: 0.4702702702702703

========== Train Epoch 87 ==========
Loss: 0.012	Accuracy: 49.19%	Cost 30s
              precision    recall  f1-score   support

         bzx     0.4211    0.5161    0.4638        31
         cwx     0.3636    0.3636    0.3636        22
         hdx     0.1818    0.2353    0.2051        17
         mtx     0.5455    0.3158    0.4000        19
         nqx     0.6154    0.6667    0.6400        12
         qtx     0.5610    0.5111    0.5349        45
         zxx     0.6842    0.6667    0.6753        39

    accuracy                         0.4919       185
   macro avg     0.4818    0.4679    0.4690       185
weighted avg     0.5071    0.4919    0.4949       185

micro f-score: 0.4918918918918919

========== Train Epoch 88 ==========
Epoch    88: reducing learning rate of group 0 to 1.0000e-05.
Loss: 0.011	Accuracy: 49.19%	Cost 29s
              precision    recall  f1-score   support

         bzx     0.4324    0.5161    0.4706        31
         cwx     0.3810    0.3636    0.3721        22
         hdx     0.2222    0.2353    0.2286        17
         mtx     0.5000    0.3158    0.3871        19
         nqx     0.5000    0.6667    0.5714        12
         qtx     0.5500    0.4889    0.5176        45
         zxx     0.6585    0.6923    0.6750        39

    accuracy                         0.4919       185
   macro avg     0.4634    0.4684    0.4603       185
weighted avg     0.4946    0.4919    0.4891       185

micro f-score: 0.4918918918918919

========== Train Epoch 89 ==========
Loss: 0.007	Accuracy: 48.65%	Cost 31s
              precision    recall  f1-score   support

         bzx     0.4103    0.5161    0.4571        31
         cwx     0.3636    0.3636    0.3636        22
         hdx     0.2105    0.2353    0.2222        17
         mtx     0.5000    0.3158    0.3871        19
         nqx     0.5333    0.6667    0.5926        12
         qtx     0.5500    0.4889    0.5176        45
         zxx     0.6842    0.6667    0.6753        39

    accuracy                         0.4865       185
   macro avg     0.4646    0.4647    0.4594       185
weighted avg     0.4953    0.4865    0.4867       185

micro f-score: 0.4864864864864865

========== Train Epoch 90 ==========
Loss: 0.010	Accuracy: 49.19%	Cost 30s
              precision    recall  f1-score   support

         bzx     0.4103    0.5161    0.4571        31
         cwx     0.3810    0.3636    0.3721        22
         hdx     0.2105    0.2353    0.2222        17
         mtx     0.5000    0.3158    0.3871        19
         nqx     0.5333    0.6667    0.5926        12
         qtx     0.5610    0.5111    0.5349        45
         zxx     0.6842    0.6667    0.6753        39

    accuracy                         0.4919       185
   macro avg     0.4686    0.4679    0.4631       185
weighted avg     0.5000    0.4919    0.4919       185

micro f-score: 0.4918918918918919

========== Train Epoch 91 ==========
Loss: 0.012	Accuracy: 48.65%	Cost 30s
              precision    recall  f1-score   support

         bzx     0.4375    0.4516    0.4444        31
         cwx     0.3478    0.3636    0.3556        22
         hdx     0.1818    0.2353    0.2051        17
         mtx     0.5455    0.3158    0.4000        19
         nqx     0.5625    0.7500    0.6429        12
         qtx     0.5349    0.5111    0.5227        45
         zxx     0.6842    0.6667    0.6753        39

    accuracy                         0.4865       185
   macro avg     0.4706    0.4706    0.4637       185
weighted avg     0.4982    0.4865    0.4879       185

micro f-score: 0.4864864864864865

========== Train Epoch 92 ==========
Loss: 0.014	Accuracy: 47.57%	Cost 29s
              precision    recall  f1-score   support

         bzx     0.4118    0.4516    0.4308        31
         cwx     0.3333    0.4091    0.3673        22
         hdx     0.2000    0.2353    0.2162        17
         mtx     0.4545    0.2632    0.3333        19
         nqx     0.5625    0.7500    0.6429        12
         qtx     0.5366    0.4889    0.5116        45
         zxx     0.6944    0.6410    0.6667        39

    accuracy                         0.4757       185
   macro avg     0.4562    0.4627    0.4527       185
weighted avg     0.4871    0.4757    0.4767       185

micro f-score: 0.4756756756756757

========== Train Epoch 93 ==========
Loss: 0.014	Accuracy: 47.57%	Cost 29s
              precision    recall  f1-score   support

         bzx     0.4194    0.4194    0.4194        31
         cwx     0.3636    0.3636    0.3636        22
         hdx     0.2105    0.2353    0.2222        17
         mtx     0.5000    0.3158    0.3871        19
         nqx     0.5333    0.6667    0.5926        12
         qtx     0.5111    0.5111    0.5111        45
         zxx     0.6341    0.6667    0.6500        39

    accuracy                         0.4757       185
   macro avg     0.4532    0.4541    0.4494       185
weighted avg     0.4768    0.4757    0.4735       185

micro f-score: 0.4756756756756757

========== Train Epoch 94 ==========
Loss: 0.013	Accuracy: 48.11%	Cost 29s
              precision    recall  f1-score   support

         bzx     0.4000    0.4516    0.4242        31
         cwx     0.3913    0.4091    0.4000        22
         hdx     0.2105    0.2353    0.2222        17
         mtx     0.4615    0.3158    0.3750        19
         nqx     0.5625    0.7500    0.6429        12
         qtx     0.5111    0.5111    0.5111        45
         zxx     0.7059    0.6154    0.6575        39

    accuracy                         0.4811       185
   macro avg     0.4633    0.4698    0.4619       185
weighted avg     0.4899    0.4811    0.4822       185

micro f-score: 0.4810810810810811

========== Train Epoch 95 ==========
Loss: 0.009	Accuracy: 48.65%	Cost 30s
              precision    recall  f1-score   support

         bzx     0.4146    0.5484    0.4722        31
         cwx     0.3636    0.3636    0.3636        22
         hdx     0.2105    0.2353    0.2222        17
         mtx     0.5000    0.3158    0.3871        19
         nqx     0.5333    0.6667    0.5926        12
         qtx     0.5366    0.4889    0.5116        45
         zxx     0.7143    0.6410    0.6757        39

    accuracy                         0.4865       185
   macro avg     0.4676    0.4657    0.4607       185
weighted avg     0.4991    0.4865    0.4879       185

micro f-score: 0.4864864864864865

========== Train Epoch 96 ==========
Loss: 0.010	Accuracy: 48.65%	Cost 29s
              precision    recall  f1-score   support

         bzx     0.4516    0.4516    0.4516        31
         cwx     0.3636    0.3636    0.3636        22
         hdx     0.1818    0.2353    0.2051        17
         mtx     0.5455    0.3158    0.4000        19
         nqx     0.5714    0.6667    0.6154        12
         qtx     0.5476    0.5111    0.5287        45
         zxx     0.6279    0.6923    0.6585        39

    accuracy                         0.4865       185
   macro avg     0.4699    0.4623    0.4604       185
weighted avg     0.4943    0.4865    0.4862       185

micro f-score: 0.4864864864864865

========== Train Epoch 97 ==========
Loss: 0.014	Accuracy: 48.11%	Cost 29s
              precision    recall  f1-score   support

         bzx     0.4412    0.4839    0.4615        31
         cwx     0.4000    0.3636    0.3810        22
         hdx     0.1667    0.1765    0.1714        17
         mtx     0.4118    0.3684    0.3889        19
         nqx     0.5625    0.7500    0.6429        12
         qtx     0.5000    0.5111    0.5055        45
         zxx     0.7059    0.6154    0.6575        39

    accuracy                         0.4811       185
   macro avg     0.4554    0.4670    0.4584       185
weighted avg     0.4860    0.4811    0.4816       185

micro f-score: 0.4810810810810811

========== Train Epoch 98 ==========
Loss: 0.010	Accuracy: 48.65%	Cost 29s
              precision    recall  f1-score   support

         bzx     0.4516    0.4516    0.4516        31
         cwx     0.3214    0.4091    0.3600        22
         hdx     0.1818    0.2353    0.2051        17
         mtx     0.5000    0.2632    0.3448        19
         nqx     0.6000    0.7500    0.6667        12
         qtx     0.5500    0.4889    0.5176        45
         zxx     0.6923    0.6923    0.6923        39

    accuracy                         0.4865       185
   macro avg     0.4710    0.4701    0.4626       185
weighted avg     0.5006    0.4865    0.4879       185

micro f-score: 0.4864864864864865

========== Train Epoch 99 ==========
Loss: 0.010	Accuracy: 48.11%	Cost 29s
              precision    recall  f1-score   support

         bzx     0.4000    0.5161    0.4507        31
         cwx     0.3636    0.3636    0.3636        22
         hdx     0.2105    0.2353    0.2222        17
         mtx     0.5000    0.3158    0.3871        19
         nqx     0.5333    0.6667    0.5926        12
         qtx     0.5366    0.4889    0.5116        45
         zxx     0.6944    0.6410    0.6667        39

    accuracy                         0.4811       185
   macro avg     0.4626    0.4611    0.4564       185
weighted avg     0.4925    0.4811    0.4824       185

micro f-score: 0.4810810810810811

========== Train Epoch 100 ==========
Epoch   100: reducing learning rate of group 0 to 1.0000e-06.
Loss: 0.011	Accuracy: 48.11%	Cost 29s
              precision    recall  f1-score   support

         bzx     0.4828    0.4516    0.4667        31
         cwx     0.3571    0.4545    0.4000        22
         hdx     0.1818    0.2353    0.2051        17
         mtx     0.5000    0.2632    0.3448        19
         nqx     0.5333    0.6667    0.5926        12
         qtx     0.5366    0.4889    0.5116        45
         zxx     0.6500    0.6667    0.6582        39

    accuracy                         0.4811       185
   macro avg     0.4631    0.4610    0.4542       185
weighted avg     0.4936    0.4811    0.4817       185

micro f-score: 0.4810810810810811

========== Train Epoch 101 ==========
Loss: 0.009	Accuracy: 48.11%	Cost 29s
              precision    recall  f1-score   support

         bzx     0.4828    0.4516    0.4667        31
         cwx     0.3214    0.4091    0.3600        22
         hdx     0.2105    0.2353    0.2222        17
         mtx     0.5000    0.3158    0.3871        19
         nqx     0.5333    0.6667    0.5926        12
         qtx     0.5500    0.4889    0.5176        45
         zxx     0.6190    0.6667    0.6420        39

    accuracy                         0.4811       185
   macro avg     0.4596    0.4620    0.4555       185
weighted avg     0.4887    0.4811    0.4809       185

micro f-score: 0.4810810810810811

========== Train Epoch 102 ==========
Loss: 0.013	Accuracy: 48.11%	Cost 28s
              precision    recall  f1-score   support

         bzx     0.3889    0.4516    0.4179        31
         cwx     0.3333    0.4091    0.3673        22
         hdx     0.2000    0.2353    0.2162        17
         mtx     0.4545    0.2632    0.3333        19
         nqx     0.5625    0.7500    0.6429        12
         qtx     0.5641    0.4889    0.5238        45
         zxx     0.7222    0.6667    0.6933        39

    accuracy                         0.4811       185
   macro avg     0.4608    0.4664    0.4564       185
weighted avg     0.4958    0.4811    0.4831       185

micro f-score: 0.4810810810810811

========== Train Epoch 103 ==========
Loss: 0.011	Accuracy: 47.03%	Cost 29s
              precision    recall  f1-score   support

         bzx     0.4483    0.4194    0.4333        31
         cwx     0.3333    0.3636    0.3478        22
         hdx     0.1818    0.2353    0.2051        17
         mtx     0.5455    0.3158    0.4000        19
         nqx     0.5333    0.6667    0.5926        12
         qtx     0.5238    0.4889    0.5057        45
         zxx     0.6190    0.6667    0.6420        39

    accuracy                         0.4703       185
   macro avg     0.4550    0.4509    0.4467       185
weighted avg     0.4800    0.4703    0.4707       185

micro f-score: 0.4702702702702703

========== Train Epoch 104 ==========
Loss: 0.010	Accuracy: 48.11%	Cost 29s
              precision    recall  f1-score   support

         bzx     0.4828    0.4516    0.4667        31
         cwx     0.3214    0.4091    0.3600        22
         hdx     0.1905    0.2353    0.2105        17
         mtx     0.4545    0.2632    0.3333        19
         nqx     0.5333    0.6667    0.5926        12
         qtx     0.5641    0.4889    0.5238        45
         zxx     0.6429    0.6923    0.6667        39

    accuracy                         0.4811       185
   macro avg     0.4556    0.4581    0.4505       185
weighted avg     0.4906    0.4811    0.4810       185

micro f-score: 0.4810810810810811

========== Train Epoch 105 ==========
Loss: 0.015	Accuracy: 49.73%	Cost 28s
              precision    recall  f1-score   support

         bzx     0.4857    0.5484    0.5152        31
         cwx     0.3810    0.3636    0.3721        22
         hdx     0.1905    0.2353    0.2105        17
         mtx     0.6000    0.3158    0.4138        19
         nqx     0.5000    0.6667    0.5714        12
         qtx     0.5641    0.4889    0.5238        45
         zxx     0.6279    0.6923    0.6585        39

    accuracy                         0.4973       185
   macro avg     0.4785    0.4730    0.4665       185
weighted avg     0.5078    0.4973    0.4957       185

micro f-score: 0.4972972972972973

========== Train Epoch 106 ==========
Loss: 0.009	Accuracy: 47.03%	Cost 29s
              precision    recall  f1-score   support

         bzx     0.3529    0.3871    0.3692        31
         cwx     0.3636    0.3636    0.3636        22
         hdx     0.1818    0.2353    0.2051        17
         mtx     0.5455    0.3158    0.4000        19
         nqx     0.6000    0.7500    0.6667        12
         qtx     0.5106    0.5333    0.5217        45
         zxx     0.7059    0.6154    0.6575        39

    accuracy                         0.4703       185
   macro avg     0.4658    0.4572    0.4548       185
weighted avg     0.4870    0.4703    0.4738       185

micro f-score: 0.4702702702702703

========== Train Epoch 107 ==========
Loss: 0.012	Accuracy: 46.49%	Cost 28s
              precision    recall  f1-score   support

         bzx     0.4483    0.4194    0.4333        31
         cwx     0.3333    0.4091    0.3673        22
         hdx     0.1667    0.2353    0.1951        17
         mtx     0.5000    0.2632    0.3448        19
         nqx     0.5625    0.7500    0.6429        12
         qtx     0.5116    0.4889    0.5000        45
         zxx     0.6667    0.6154    0.6400        39

    accuracy                         0.4649       185
   macro avg     0.4556    0.4545    0.4462       185
weighted avg     0.4829    0.4649    0.4679       185

micro f-score: 0.4648648648648649

========== Train Epoch 108 ==========
Loss: 0.011	Accuracy: 48.11%	Cost 29s
              precision    recall  f1-score   support

         bzx     0.4000    0.5161    0.4507        31
         cwx     0.3636    0.3636    0.3636        22
         hdx     0.2222    0.2353    0.2286        17
         mtx     0.5000    0.3158    0.3871        19
         nqx     0.5333    0.6667    0.5926        12
         qtx     0.5238    0.4889    0.5057        45
         zxx     0.6944    0.6410    0.6667        39

    accuracy                         0.4811       185
   macro avg     0.4625    0.4611    0.4564       185
weighted avg     0.4904    0.4811    0.4815       185

micro f-score: 0.4810810810810811

========== Train Epoch 109 ==========
Loss: 0.010	Accuracy: 49.73%	Cost 30s
              precision    recall  f1-score   support

         bzx     0.4444    0.5161    0.4776        31
         cwx     0.3810    0.3636    0.3721        22
         hdx     0.2105    0.2353    0.2222        17
         mtx     0.5455    0.3158    0.4000        19
         nqx     0.5333    0.6667    0.5926        12
         qtx     0.5610    0.5111    0.5349        45
         zxx     0.6429    0.6923    0.6667        39

    accuracy                         0.4973       185
   macro avg     0.4741    0.4716    0.4666       185
weighted avg     0.5017    0.4973    0.4949       185

micro f-score: 0.4972972972972973

========== Train Epoch 110 ==========
Loss: 0.014	Accuracy: 49.73%	Cost 29s
              precision    recall  f1-score   support

         bzx     0.4571    0.5161    0.4848        31
         cwx     0.3810    0.3636    0.3721        22
         hdx     0.2105    0.2353    0.2222        17
         mtx     0.5000    0.3158    0.3871        19
         nqx     0.5333    0.6667    0.5926        12
         qtx     0.5610    0.5111    0.5349        45
         zxx     0.6429    0.6923    0.6667        39

    accuracy                         0.4973       185
   macro avg     0.4694    0.4716    0.4658       185
weighted avg     0.4992    0.4973    0.4948       185

micro f-score: 0.4972972972972973

========== Train Epoch 111 ==========
Epoch   111: reducing learning rate of group 0 to 1.0000e-07.
Loss: 0.009	Accuracy: 48.11%	Cost 28s
              precision    recall  f1-score   support

         bzx     0.4211    0.5161    0.4638        31
         cwx     0.3810    0.3636    0.3721        22
         hdx     0.2222    0.2353    0.2286        17
         mtx     0.5000    0.3158    0.3871        19
         nqx     0.5333    0.6667    0.5926        12
         qtx     0.5366    0.4889    0.5116        45
         zxx     0.6250    0.6410    0.6329        39

    accuracy                         0.4811       185
   macro avg     0.4599    0.4611    0.4555       185
weighted avg     0.4845    0.4811    0.4790       185

micro f-score: 0.4810810810810811

========== Train Epoch 112 ==========
Loss: 0.012	Accuracy: 48.11%	Cost 29s
              precision    recall  f1-score   support

         bzx     0.4815    0.4194    0.4483        31
         cwx     0.3462    0.4091    0.3750        22
         hdx     0.1818    0.2353    0.2051        17
         mtx     0.5385    0.3684    0.4375        19
         nqx     0.5333    0.6667    0.5926        12
         qtx     0.5238    0.4889    0.5057        45
         zxx     0.6500    0.6667    0.6582        39

    accuracy                         0.4811       185
   macro avg     0.4650    0.4649    0.4604       185
weighted avg     0.4929    0.4811    0.4837       185

micro f-score: 0.4810810810810811

========== Train Epoch 113 ==========
Loss: 0.010	Accuracy: 47.57%	Cost 28s
              precision    recall  f1-score   support

         bzx     0.4375    0.4516    0.4444        31
         cwx     0.2963    0.3636    0.3265        22
         hdx     0.1905    0.2353    0.2105        17
         mtx     0.5000    0.2632    0.3448        19
         nqx     0.6154    0.6667    0.6400        12
         qtx     0.5500    0.4889    0.5176        45
         zxx     0.6429    0.6923    0.6667        39

    accuracy                         0.4757       185
   macro avg     0.4618    0.4517    0.4501       185
weighted avg     0.4866    0.4757    0.4760       185

micro f-score: 0.4756756756756757

========== Train Epoch 114 ==========
Loss: 0.012	Accuracy: 49.73%	Cost 29s
              precision    recall  f1-score   support

         bzx     0.4595    0.5484    0.5000        31
         cwx     0.3478    0.3636    0.3556        22
         hdx     0.1905    0.2353    0.2105        17
         mtx     0.5556    0.2632    0.3571        19
         nqx     0.5294    0.7500    0.6207        12
         qtx     0.5789    0.4889    0.5301        45
         zxx     0.6750    0.6923    0.6835        39

    accuracy                         0.4973       185
   macro avg     0.4767    0.4774    0.4654       185
weighted avg     0.5104    0.4973    0.4954       185

micro f-score: 0.4972972972972973

========== Train Epoch 115 ==========
Loss: 0.010	Accuracy: 47.03%	Cost 29s
              precision    recall  f1-score   support

         bzx     0.4118    0.4516    0.4308        31
         cwx     0.3077    0.3636    0.3333        22
         hdx     0.1818    0.2353    0.2051        17
         mtx     0.5000    0.2632    0.3448        19
         nqx     0.5625    0.7500    0.6429        12
         qtx     0.5366    0.4889    0.5116        45
         zxx     0.6944    0.6410    0.6667        39

    accuracy                         0.4703       185
   macro avg     0.4564    0.4562    0.4479       185
weighted avg     0.4871    0.4703    0.4728       185

micro f-score: 0.4702702702702703

========== Train Epoch 116 ==========
Loss: 0.007	Accuracy: 47.57%	Cost 31s
              precision    recall  f1-score   support

         bzx     0.4194    0.4194    0.4194        31
         cwx     0.3462    0.4091    0.3750        22
         hdx     0.1905    0.2353    0.2105        17
         mtx     0.5000    0.3684    0.4242        19
         nqx     0.5625    0.7500    0.6429        12
         qtx     0.5116    0.4889    0.5000        45
         zxx     0.7059    0.6154    0.6575        39

    accuracy                         0.4757       185
   macro avg     0.4623    0.4695    0.4614       185
weighted avg     0.4900    0.4757    0.4797       185

micro f-score: 0.4756756756756757

========== Train Epoch 117 ==========
Loss: 0.010	Accuracy: 49.73%	Cost 28s
              precision    recall  f1-score   support

         bzx     0.4571    0.5161    0.4848        31
         cwx     0.4000    0.3636    0.3810        22
         hdx     0.1905    0.2353    0.2105        17
         mtx     0.4615    0.3158    0.3750        19
         nqx     0.5333    0.6667    0.5926        12
         qtx     0.5610    0.5111    0.5349        45
         zxx     0.6750    0.6923    0.6835        39

    accuracy                         0.4973       185
   macro avg     0.4684    0.4716    0.4660       185
weighted avg     0.5024    0.4973    0.4971       185

micro f-score: 0.4972972972972973

========== Train Epoch 118 ==========
Loss: 0.013	Accuracy: 47.57%	Cost 31s
              precision    recall  f1-score   support

         bzx     0.4375    0.4516    0.4444        31
         cwx     0.3333    0.4091    0.3673        22
         hdx     0.1818    0.2353    0.2051        17
         mtx     0.5000    0.2632    0.3448        19
         nqx     0.5333    0.6667    0.5926        12
         qtx     0.5500    0.4889    0.5176        45
         zxx     0.6667    0.6667    0.6667        39

    accuracy                         0.4757       185
   macro avg     0.4575    0.4545    0.4484       185
weighted avg     0.4899    0.4757    0.4773       185

micro f-score: 0.4756756756756757

========== Train Epoch 119 ==========
Loss: 0.011	Accuracy: 49.19%	Cost 29s
              precision    recall  f1-score   support

         bzx     0.4571    0.5161    0.4848        31
         cwx     0.3636    0.3636    0.3636        22
         hdx     0.1905    0.2353    0.2105        17
         mtx     0.4667    0.3684    0.4118        19
         nqx     0.5625    0.7500    0.6429        12
         qtx     0.5366    0.4889    0.5116        45
         zxx     0.7143    0.6410    0.6757        39

    accuracy                         0.4919       185
   macro avg     0.4702    0.4805    0.4716       185
weighted avg     0.5029    0.4919    0.4947       185

micro f-score: 0.4918918918918919

========== Train Epoch 120 ==========
Loss: 0.011	Accuracy: 46.49%	Cost 30s
              precision    recall  f1-score   support

         bzx     0.4194    0.4194    0.4194        31
         cwx     0.3333    0.4091    0.3673        22
         hdx     0.1818    0.2353    0.2051        17
         mtx     0.5000    0.2632    0.3448        19
         nqx     0.5625    0.7500    0.6429        12
         qtx     0.5116    0.4889    0.5000        45
         zxx     0.6667    0.6154    0.6400        39

    accuracy                         0.4649       185
   macro avg     0.4536    0.4545    0.4456       185
weighted avg     0.4794    0.4649    0.4665       185

micro f-score: 0.4648648648648649

========== Train Epoch 121 ==========
Loss: 0.012	Accuracy: 48.11%	Cost 30s
              precision    recall  f1-score   support

         bzx     0.4118    0.4516    0.4308        31
         cwx     0.3600    0.4091    0.3830        22
         hdx     0.2000    0.2353    0.2162        17
         mtx     0.4615    0.3158    0.3750        19
         nqx     0.5294    0.7500    0.6207        12
         qtx     0.5366    0.4889    0.5116        45
         zxx     0.7143    0.6410    0.6757        39

    accuracy                         0.4811       185
   macro avg     0.4591    0.4702    0.4590       185
weighted avg     0.4930    0.4811    0.4833       185

micro f-score: 0.4810810810810811

========== Train Epoch 122 ==========
Epoch   122: reducing learning rate of group 0 to 1.0000e-08.
Loss: 0.014	Accuracy: 48.65%	Cost 29s
              precision    recall  f1-score   support

         bzx     0.4054    0.4839    0.4412        31
         cwx     0.3333    0.3636    0.3478        22
         hdx     0.2000    0.2353    0.2162        17
         mtx     0.5000    0.3158    0.3871        19
         nqx     0.6000    0.7500    0.6667        12
         qtx     0.5500    0.4889    0.5176        45
         zxx     0.7027    0.6667    0.6842        39

    accuracy                         0.4865       185
   macro avg     0.4702    0.4720    0.4658       185
weighted avg     0.4981    0.4865    0.4883       185

micro f-score: 0.4864864864864865

========== Train Epoch 123 ==========
Loss: 0.008	Accuracy: 47.57%	Cost 29s
              precision    recall  f1-score   support

         bzx     0.4054    0.4839    0.4412        31
         cwx     0.3103    0.4091    0.3529        22
         hdx     0.2000    0.2353    0.2162        17
         mtx     0.5000    0.2632    0.3448        19
         nqx     0.6000    0.7500    0.6667        12
         qtx     0.5366    0.4889    0.5116        45
         zxx     0.7273    0.6154    0.6667        39

    accuracy                         0.4757       185
   macro avg     0.4685    0.4637    0.4572       185
weighted avg     0.4973    0.4757    0.4794       185

micro f-score: 0.4756756756756757

========== Train Epoch 124 ==========
Loss: 0.010	Accuracy: 49.19%	Cost 30s
              precision    recall  f1-score   support

         bzx     0.4211    0.5161    0.4638        31
         cwx     0.3810    0.3636    0.3721        22
         hdx     0.2105    0.2353    0.2222        17
         mtx     0.5000    0.3158    0.3871        19
         nqx     0.5000    0.6667    0.5714        12
         qtx     0.5500    0.4889    0.5176        45
         zxx     0.6923    0.6923    0.6923        39

    accuracy                         0.4919       185
   macro avg     0.4650    0.4684    0.4609       185
weighted avg     0.4987    0.4919    0.4911       185

micro f-score: 0.4918918918918919

========== Train Epoch 125 ==========
Loss: 0.009	Accuracy: 49.19%	Cost 29s
              precision    recall  f1-score   support

         bzx     0.4211    0.5161    0.4638        31
         cwx     0.3636    0.3636    0.3636        22
         hdx     0.2222    0.2353    0.2286        17
         mtx     0.5385    0.3684    0.4375        19
         nqx     0.5625    0.7500    0.6429        12
         qtx     0.5238    0.4889    0.5057        45
         zxx     0.6944    0.6410    0.6667        39

    accuracy                         0.4919       185
   macro avg     0.4752    0.4805    0.4727       185
weighted avg     0.4998    0.4919    0.4922       185

micro f-score: 0.4918918918918919

========== Train Epoch 126 ==========
Loss: 0.013	Accuracy: 49.73%	Cost 30s
              precision    recall  f1-score   support

         bzx     0.4571    0.5161    0.4848        31
         cwx     0.3810    0.3636    0.3721        22
         hdx     0.2000    0.2353    0.2162        17
         mtx     0.5000    0.3158    0.3871        19
         nqx     0.5294    0.7500    0.6207        12
         qtx     0.5500    0.4889    0.5176        45
         zxx     0.6750    0.6923    0.6835        39

    accuracy                         0.4973       185
   macro avg     0.4704    0.4803    0.4689       185
weighted avg     0.5021    0.4973    0.4954       185

micro f-score: 0.4972972972972973

========== Train Epoch 127 ==========
Loss: 0.012	Accuracy: 48.65%	Cost 29s
              precision    recall  f1-score   support

         bzx     0.4146    0.5484    0.4722        31
         cwx     0.3636    0.3636    0.3636        22
         hdx     0.2105    0.2353    0.2222        17
         mtx     0.5000    0.2632    0.3448        19
         nqx     0.5294    0.7500    0.6207        12
         qtx     0.5366    0.4889    0.5116        45
         zxx     0.7143    0.6410    0.6757        39

    accuracy                         0.4865       185
   macro avg     0.4670    0.4701    0.4587       185
weighted avg     0.4989    0.4865    0.4854       185

micro f-score: 0.4864864864864865

========== Train Epoch 128 ==========
Loss: 0.011	Accuracy: 49.19%	Cost 30s
              precision    recall  f1-score   support

         bzx     0.4324    0.5161    0.4706        31
         cwx     0.3810    0.3636    0.3721        22
         hdx     0.2105    0.2353    0.2222        17
         mtx     0.5000    0.3158    0.3871        19
         nqx     0.5000    0.6667    0.5714        12
         qtx     0.5641    0.4889    0.5238        45
         zxx     0.6585    0.6923    0.6750        39

    accuracy                         0.4919       185
   macro avg     0.4638    0.4684    0.4603       185
weighted avg     0.4969    0.4919    0.4901       185

micro f-score: 0.4918918918918919

Finished training!!!

Min Loss = 0.007 in epoch 88;
Max Accuracy = 54.05% in epoch 32;
Total Cost 63 minutes

==========================================================================================
Layer (type:depth-idx)                   Output Shape              Param #
==========================================================================================
Conv2d: 1-1                            [-1, 64, 160, 160]        9,408
BatchNorm2d: 1-2                       [-1, 64, 160, 160]        128
ReLU: 1-3                              [-1, 64, 160, 160]        --
MaxPool2d: 1-4                         [-1, 64, 80, 80]          --
Sequential: 1-5                        [-1, 64, 80, 80]          --
|    BasicBlock: 2-1                   [-1, 64, 80, 80]          --
|    |    Conv2d: 3-1                  [-1, 64, 80, 80]          36,864
|    |    BatchNorm2d: 3-2             [-1, 64, 80, 80]          128
|    |    ReLU: 3-3                    [-1, 64, 80, 80]          --
|    |    Conv2d: 3-4                  [-1, 64, 80, 80]          36,864
|    |    BatchNorm2d: 3-5             [-1, 64, 80, 80]          128
|    |    ReLU: 3-6                    [-1, 64, 80, 80]          --
|    BasicBlock: 2-2                   [-1, 64, 80, 80]          --
|    |    Conv2d: 3-7                  [-1, 64, 80, 80]          36,864
|    |    BatchNorm2d: 3-8             [-1, 64, 80, 80]          128
|    |    ReLU: 3-9                    [-1, 64, 80, 80]          --
|    |    Conv2d: 3-10                 [-1, 64, 80, 80]          36,864
|    |    BatchNorm2d: 3-11            [-1, 64, 80, 80]          128
|    |    ReLU: 3-12                   [-1, 64, 80, 80]          --
Sequential: 1-6                        [-1, 128, 40, 40]         --
|    BasicBlock: 2-3                   [-1, 128, 40, 40]         --
|    |    Conv2d: 3-13                 [-1, 128, 40, 40]         73,728
|    |    BatchNorm2d: 3-14            [-1, 128, 40, 40]         256
|    |    ReLU: 3-15                   [-1, 128, 40, 40]         --
|    |    Conv2d: 3-16                 [-1, 128, 40, 40]         147,456
|    |    BatchNorm2d: 3-17            [-1, 128, 40, 40]         256
|    |    Sequential: 3-18             [-1, 128, 40, 40]         8,448
|    |    ReLU: 3-19                   [-1, 128, 40, 40]         --
|    BasicBlock: 2-4                   [-1, 128, 40, 40]         --
|    |    Conv2d: 3-20                 [-1, 128, 40, 40]         147,456
|    |    BatchNorm2d: 3-21            [-1, 128, 40, 40]         256
|    |    ReLU: 3-22                   [-1, 128, 40, 40]         --
|    |    Conv2d: 3-23                 [-1, 128, 40, 40]         147,456
|    |    BatchNorm2d: 3-24            [-1, 128, 40, 40]         256
|    |    ReLU: 3-25                   [-1, 128, 40, 40]         --
Sequential: 1-7                        [-1, 256, 20, 20]         --
|    BasicBlock: 2-5                   [-1, 256, 20, 20]         --
|    |    Conv2d: 3-26                 [-1, 256, 20, 20]         294,912
|    |    BatchNorm2d: 3-27            [-1, 256, 20, 20]         512
|    |    ReLU: 3-28                   [-1, 256, 20, 20]         --
|    |    Conv2d: 3-29                 [-1, 256, 20, 20]         589,824
|    |    BatchNorm2d: 3-30            [-1, 256, 20, 20]         512
|    |    Sequential: 3-31             [-1, 256, 20, 20]         33,280
|    |    ReLU: 3-32                   [-1, 256, 20, 20]         --
|    BasicBlock: 2-6                   [-1, 256, 20, 20]         --
|    |    Conv2d: 3-33                 [-1, 256, 20, 20]         589,824
|    |    BatchNorm2d: 3-34            [-1, 256, 20, 20]         512
|    |    ReLU: 3-35                   [-1, 256, 20, 20]         --
|    |    Conv2d: 3-36                 [-1, 256, 20, 20]         589,824
|    |    BatchNorm2d: 3-37            [-1, 256, 20, 20]         512
|    |    ReLU: 3-38                   [-1, 256, 20, 20]         --
Sequential: 1-8                        [-1, 512, 10, 10]         --
|    BasicBlock: 2-7                   [-1, 512, 10, 10]         --
|    |    Conv2d: 3-39                 [-1, 512, 10, 10]         1,179,648
|    |    BatchNorm2d: 3-40            [-1, 512, 10, 10]         1,024
|    |    ReLU: 3-41                   [-1, 512, 10, 10]         --
|    |    Conv2d: 3-42                 [-1, 512, 10, 10]         2,359,296
|    |    BatchNorm2d: 3-43            [-1, 512, 10, 10]         1,024
|    |    Sequential: 3-44             [-1, 512, 10, 10]         132,096
|    |    ReLU: 3-45                   [-1, 512, 10, 10]         --
|    BasicBlock: 2-8                   [-1, 512, 10, 10]         --
|    |    Conv2d: 3-46                 [-1, 512, 10, 10]         2,359,296
|    |    BatchNorm2d: 3-47            [-1, 512, 10, 10]         1,024
|    |    ReLU: 3-48                   [-1, 512, 10, 10]         --
|    |    Conv2d: 3-49                 [-1, 512, 10, 10]         2,359,296
|    |    BatchNorm2d: 3-50            [-1, 512, 10, 10]         1,024
|    |    ReLU: 3-51                   [-1, 512, 10, 10]         --
AdaptiveAvgPool2d: 1-9                 [-1, 512, 1, 1]           --
Linear: 1-10                           [-1, 7]                   3,591
==========================================================================================
Total params: 11,180,103
Trainable params: 11,180,103
Non-trainable params: 0
Total mult-adds (G): 3.72
==========================================================================================
Input size (MB): 1.17
Forward/backward pass size (MB): 77.34
Params size (MB): 42.65
Estimated Total Size (MB): 121.16
==========================================================================================



