Train Model: AlexNet, Using device cuda:0

========== Train Epoch 1 ==========
Loss: 1.843	Accuracy: 19 %	Time 47 s
Accuracy for class bzx   is: 0.0 %
Accuracy for class cwx   is: 46.7 %
Accuracy for class hdx   is: 0.0 %
Accuracy for class mtx   is: 0.0 %
Accuracy for class nqx   is: 0.0 %
Accuracy for class qtx   is: 54.8 %
Accuracy for class zxx   is: 0.0 %

========== Train Epoch 2 ==========
Loss: 1.818	Accuracy: 27 %	Time 48 s
Accuracy for class bzx   is: 0.0 %
Accuracy for class cwx   is: 0.0 %
Accuracy for class hdx   is: 0.0 %
Accuracy for class mtx   is: 0.0 %
Accuracy for class nqx   is: 0.0 %
Accuracy for class qtx   is: 100.0 %
Accuracy for class zxx   is: 0.0 %

========== Train Epoch 3 ==========
Loss: 1.811	Accuracy: 23 %	Time 49 s
Accuracy for class bzx   is: 0.0 %
Accuracy for class cwx   is: 13.3 %
Accuracy for class hdx   is: 0.0 %
Accuracy for class mtx   is: 0.0 %
Accuracy for class nqx   is: 0.0 %
Accuracy for class qtx   is: 77.4 %
Accuracy for class zxx   is: 0.0 %

========== Train Epoch 4 ==========
Loss: 1.785	Accuracy: 24 %	Time 47 s
Accuracy for class bzx   is: 18.2 %
Accuracy for class cwx   is: 0.0 %
Accuracy for class hdx   is: 0.0 %
Accuracy for class mtx   is: 0.0 %
Accuracy for class nqx   is: 0.0 %
Accuracy for class qtx   is: 83.9 %
Accuracy for class zxx   is: 0.0 %

========== Train Epoch 5 ==========
Loss: 1.787	Accuracy: 12 %	Time 45 s
Accuracy for class bzx   is: 0.0 %
Accuracy for class cwx   is: 93.3 %
Accuracy for class hdx   is: 0.0 %
Accuracy for class mtx   is: 0.0 %
Accuracy for class nqx   is: 0.0 %
Accuracy for class qtx   is: 19.4 %
Accuracy for class zxx   is: 0.0 %

========== Train Epoch 6 ==========
Loss: 1.736	Accuracy: 20 %	Time 45 s
Accuracy for class bzx   is: 0.0 %
Accuracy for class cwx   is: 46.7 %
Accuracy for class hdx   is: 0.0 %
Accuracy for class mtx   is: 0.0 %
Accuracy for class nqx   is: 0.0 %
Accuracy for class qtx   is: 64.5 %
Accuracy for class zxx   is: 0.0 %

========== Train Epoch 7 ==========
Loss: 1.673	Accuracy: 13 %	Time 47 s
Accuracy for class bzx   is: 0.0 %
Accuracy for class cwx   is: 73.3 %
Accuracy for class hdx   is: 0.0 %
Accuracy for class mtx   is: 0.0 %
Accuracy for class nqx   is: 4.3 %
Accuracy for class qtx   is: 25.8 %
Accuracy for class zxx   is: 0.0 %

========== Train Epoch 8 ==========
Loss: 1.639	Accuracy: 11 %	Time 49 s
Accuracy for class bzx   is: 0.0 %
Accuracy for class cwx   is: 53.3 %
Accuracy for class hdx   is: 0.0 %
Accuracy for class mtx   is: 0.0 %
Accuracy for class nqx   is: 26.1 %
Accuracy for class qtx   is: 12.9 %
Accuracy for class zxx   is: 0.0 %

========== Train Epoch 9 ==========
Loss: 1.608	Accuracy: 7 %	Time 47 s
Accuracy for class bzx   is: 27.3 %
Accuracy for class cwx   is: 60.0 %
Accuracy for class hdx   is: 0.0 %
Accuracy for class mtx   is: 0.0 %
Accuracy for class nqx   is: 0.0 %
Accuracy for class qtx   is: 0.0 %
Accuracy for class zxx   is: 0.0 %

========== Train Epoch 10 ==========
Loss: 1.558	Accuracy: 10 %	Time 46 s
Accuracy for class bzx   is: 9.1 %
Accuracy for class cwx   is: 26.7 %
Accuracy for class hdx   is: 0.0 %
Accuracy for class mtx   is: 0.0 %
Accuracy for class nqx   is: 8.7 %
Accuracy for class qtx   is: 22.6 %
Accuracy for class zxx   is: 0.0 %

========== Train Epoch 11 ==========
Loss: 1.504	Accuracy: 9 %	Time 48 s
Accuracy for class bzx   is: 45.5 %
Accuracy for class cwx   is: 33.3 %
Accuracy for class hdx   is: 0.0 %
Accuracy for class mtx   is: 0.0 %
Accuracy for class nqx   is: 17.4 %
Accuracy for class qtx   is: 6.5 %
Accuracy for class zxx   is: 0.0 %

========== Train Epoch 12 ==========
Loss: 1.455	Accuracy: 11 %	Time 50 s
Accuracy for class bzx   is: 27.3 %
Accuracy for class cwx   is: 53.3 %
Accuracy for class hdx   is: 0.0 %
Accuracy for class mtx   is: 0.0 %
Accuracy for class nqx   is: 43.5 %
Accuracy for class qtx   is: 0.0 %
Accuracy for class zxx   is: 0.0 %

========== Train Epoch 13 ==========
Loss: 1.420	Accuracy: 8 %	Time 47 s
Accuracy for class bzx   is: 45.5 %
Accuracy for class cwx   is: 40.0 %
Accuracy for class hdx   is: 0.0 %
Accuracy for class mtx   is: 0.0 %
Accuracy for class nqx   is: 17.4 %
Accuracy for class qtx   is: 0.0 %
Accuracy for class zxx   is: 0.0 %

========== Train Epoch 14 ==========
Loss: 1.355	Accuracy: 10 %	Time 48 s
Accuracy for class bzx   is: 36.4 %
Accuracy for class cwx   is: 66.7 %
Accuracy for class hdx   is: 0.0 %
Accuracy for class mtx   is: 0.0 %
Accuracy for class nqx   is: 13.0 %
Accuracy for class qtx   is: 3.2 %
Accuracy for class zxx   is: 0.0 %

========== Train Epoch 15 ==========
Loss: 1.307	Accuracy: 11 %	Time 48 s
Accuracy for class bzx   is: 9.1 %
Accuracy for class cwx   is: 66.7 %
Accuracy for class hdx   is: 0.0 %
Accuracy for class mtx   is: 0.0 %
Accuracy for class nqx   is: 26.1 %
Accuracy for class qtx   is: 6.5 %
Accuracy for class zxx   is: 0.0 %

========== Train Epoch 16 ==========
Loss: 1.311	Accuracy: 11 %	Time 47 s
Accuracy for class bzx   is: 45.5 %
Accuracy for class cwx   is: 46.7 %
Accuracy for class hdx   is: 0.0 %
Accuracy for class mtx   is: 0.0 %
Accuracy for class nqx   is: 34.8 %
Accuracy for class qtx   is: 0.0 %
Accuracy for class zxx   is: 0.0 %

========== Train Epoch 17 ==========
Loss: 1.211	Accuracy: 12 %	Time 48 s
Accuracy for class bzx   is: 18.2 %
Accuracy for class cwx   is: 33.3 %
Accuracy for class hdx   is: 0.0 %
Accuracy for class mtx   is: 0.0 %
Accuracy for class nqx   is: 56.5 %
Accuracy for class qtx   is: 6.5 %
Accuracy for class zxx   is: 0.0 %

========== Train Epoch 18 ==========
Loss: 1.152	Accuracy: 9 %	Time 45 s
Accuracy for class bzx   is: 36.4 %
Accuracy for class cwx   is: 86.7 %
Accuracy for class hdx   is: 0.0 %
Accuracy for class mtx   is: 0.0 %
Accuracy for class nqx   is: 4.3 %
Accuracy for class qtx   is: 0.0 %
Accuracy for class zxx   is: 0.0 %

========== Train Epoch 19 ==========
Loss: 1.110	Accuracy: 9 %	Time 46 s
Accuracy for class bzx   is: 36.4 %
Accuracy for class cwx   is: 73.3 %
Accuracy for class hdx   is: 0.0 %
Accuracy for class mtx   is: 0.0 %
Accuracy for class nqx   is: 8.7 %
Accuracy for class qtx   is: 0.0 %
Accuracy for class zxx   is: 0.0 %

========== Train Epoch 20 ==========
Loss: 1.057	Accuracy: 9 %	Time 46 s
Accuracy for class bzx   is: 63.6 %
Accuracy for class cwx   is: 46.7 %
Accuracy for class hdx   is: 0.0 %
Accuracy for class mtx   is: 0.0 %
Accuracy for class nqx   is: 8.7 %
Accuracy for class qtx   is: 3.2 %
Accuracy for class zxx   is: 0.0 %

========== Train Epoch 21 ==========
Loss: 1.094	Accuracy: 9 %	Time 49 s
Accuracy for class bzx   is: 9.1 %
Accuracy for class cwx   is: 60.0 %
Accuracy for class hdx   is: 0.0 %
Accuracy for class mtx   is: 5.9 %
Accuracy for class nqx   is: 17.4 %
Accuracy for class qtx   is: 6.5 %
Accuracy for class zxx   is: 0.0 %

========== Train Epoch 22 ==========
Loss: 0.912	Accuracy: 12 %	Time 47 s
Accuracy for class bzx   is: 45.5 %
Accuracy for class cwx   is: 46.7 %
Accuracy for class hdx   is: 0.0 %
Accuracy for class mtx   is: 0.0 %
Accuracy for class nqx   is: 4.3 %
Accuracy for class qtx   is: 19.4 %
Accuracy for class zxx   is: 0.0 %

========== Train Epoch 23 ==========
Loss: 0.863	Accuracy: 9 %	Time 46 s
Accuracy for class bzx   is: 45.5 %
Accuracy for class cwx   is: 26.7 %
Accuracy for class hdx   is: 0.0 %
Accuracy for class mtx   is: 0.0 %
Accuracy for class nqx   is: 8.7 %
Accuracy for class qtx   is: 12.9 %
Accuracy for class zxx   is: 0.0 %

========== Train Epoch 24 ==========
Loss: 0.783	Accuracy: 8 %	Time 49 s
Accuracy for class bzx   is: 27.3 %
Accuracy for class cwx   is: 46.7 %
Accuracy for class hdx   is: 0.0 %
Accuracy for class mtx   is: 5.9 %
Accuracy for class nqx   is: 17.4 %
Accuracy for class qtx   is: 0.0 %
Accuracy for class zxx   is: 0.0 %

========== Train Epoch 25 ==========
Loss: 0.786	Accuracy: 10 %	Time 46 s
Accuracy for class bzx   is: 9.1 %
Accuracy for class cwx   is: 53.3 %
Accuracy for class hdx   is: 0.0 %
Accuracy for class mtx   is: 5.9 %
Accuracy for class nqx   is: 34.8 %
Accuracy for class qtx   is: 0.0 %
Accuracy for class zxx   is: 0.0 %

========== Train Epoch 26 ==========
Loss: 0.751	Accuracy: 13 %	Time 48 s
Accuracy for class bzx   is: 18.2 %
Accuracy for class cwx   is: 53.3 %
Accuracy for class hdx   is: 0.0 %
Accuracy for class mtx   is: 0.0 %
Accuracy for class nqx   is: 13.0 %
Accuracy for class qtx   is: 12.9 %
Accuracy for class zxx   is: 9.1 %

========== Train Epoch 27 ==========
Loss: 0.687	Accuracy: 9 %	Time 47 s
Accuracy for class bzx   is: 9.1 %
Accuracy for class cwx   is: 66.7 %
Accuracy for class hdx   is: 0.0 %
Accuracy for class mtx   is: 0.0 %
Accuracy for class nqx   is: 13.0 %
Accuracy for class qtx   is: 6.5 %
Accuracy for class zxx   is: 0.0 %

========== Train Epoch 28 ==========
Loss: 0.646	Accuracy: 11 %	Time 46 s
Accuracy for class bzx   is: 9.1 %
Accuracy for class cwx   is: 26.7 %
Accuracy for class hdx   is: 0.0 %
Accuracy for class mtx   is: 29.4 %
Accuracy for class nqx   is: 26.1 %
Accuracy for class qtx   is: 9.7 %
Accuracy for class zxx   is: 0.0 %

========== Train Epoch 29 ==========
Loss: 0.534	Accuracy: 8 %	Time 46 s
Accuracy for class bzx   is: 45.5 %
Accuracy for class cwx   is: 20.0 %
Accuracy for class hdx   is: 0.0 %
Accuracy for class mtx   is: 5.9 %
Accuracy for class nqx   is: 26.1 %
Accuracy for class qtx   is: 0.0 %
Accuracy for class zxx   is: 0.0 %

========== Train Epoch 30 ==========
Loss: 0.626	Accuracy: 8 %	Time 47 s
Accuracy for class bzx   is: 18.2 %
Accuracy for class cwx   is: 40.0 %
Accuracy for class hdx   is: 0.0 %
Accuracy for class mtx   is: 5.9 %
Accuracy for class nqx   is: 26.1 %
Accuracy for class qtx   is: 0.0 %
Accuracy for class zxx   is: 0.0 %

========== Train Epoch 31 ==========
Loss: 0.591	Accuracy: 11 %	Time 49 s
Accuracy for class bzx   is: 18.2 %
Accuracy for class cwx   is: 20.0 %
Accuracy for class hdx   is: 0.0 %
Accuracy for class mtx   is: 23.5 %
Accuracy for class nqx   is: 52.2 %
Accuracy for class qtx   is: 0.0 %
Accuracy for class zxx   is: 0.0 %

========== Train Epoch 32 ==========
Loss: 0.503	Accuracy: 8 %	Time 47 s
Accuracy for class bzx   is: 36.4 %
Accuracy for class cwx   is: 46.7 %
Accuracy for class hdx   is: 0.0 %
Accuracy for class mtx   is: 0.0 %
Accuracy for class nqx   is: 21.7 %
Accuracy for class qtx   is: 0.0 %
Accuracy for class zxx   is: 0.0 %

========== Train Epoch 33 ==========
Loss: 0.417	Accuracy: 9 %	Time 50 s
Accuracy for class bzx   is: 18.2 %
Accuracy for class cwx   is: 33.3 %
Accuracy for class hdx   is: 0.0 %
Accuracy for class mtx   is: 5.9 %
Accuracy for class nqx   is: 30.4 %
Accuracy for class qtx   is: 0.0 %
Accuracy for class zxx   is: 4.5 %

========== Train Epoch 34 ==========
Loss: 0.422	Accuracy: 11 %	Time 46 s
Accuracy for class bzx   is: 9.1 %
Accuracy for class cwx   is: 80.0 %
Accuracy for class hdx   is: 0.0 %
Accuracy for class mtx   is: 0.0 %
Accuracy for class nqx   is: 30.4 %
Accuracy for class qtx   is: 0.0 %
Accuracy for class zxx   is: 0.0 %

========== Train Epoch 35 ==========
Loss: 0.343	Accuracy: 10 %	Time 49 s
Accuracy for class bzx   is: 9.1 %
Accuracy for class cwx   is: 40.0 %
Accuracy for class hdx   is: 0.0 %
Accuracy for class mtx   is: 17.6 %
Accuracy for class nqx   is: 17.4 %
Accuracy for class qtx   is: 9.7 %
Accuracy for class zxx   is: 0.0 %

========== Train Epoch 36 ==========
Loss: 0.315	Accuracy: 11 %	Time 47 s
Accuracy for class bzx   is: 9.1 %
Accuracy for class cwx   is: 40.0 %
Accuracy for class hdx   is: 0.0 %
Accuracy for class mtx   is: 0.0 %
Accuracy for class nqx   is: 39.1 %
Accuracy for class qtx   is: 0.0 %
Accuracy for class zxx   is: 6.1 %

========== Train Epoch 37 ==========
Loss: 0.334	Accuracy: 8 %	Time 49 s
Accuracy for class bzx   is: 18.2 %
Accuracy for class cwx   is: 66.7 %
Accuracy for class hdx   is: 0.0 %
Accuracy for class mtx   is: 0.0 %
Accuracy for class nqx   is: 17.4 %
Accuracy for class qtx   is: 0.0 %
Accuracy for class zxx   is: 0.0 %

========== Train Epoch 38 ==========
Loss: 0.351	Accuracy: 10 %	Time 49 s
Accuracy for class bzx   is: 9.1 %
Accuracy for class cwx   is: 53.3 %
Accuracy for class hdx   is: 0.0 %
Accuracy for class mtx   is: 5.9 %
Accuracy for class nqx   is: 30.4 %
Accuracy for class qtx   is: 3.2 %
Accuracy for class zxx   is: 0.0 %

========== Train Epoch 39 ==========
Loss: 0.340	Accuracy: 12 %	Time 50 s
Accuracy for class bzx   is: 18.2 %
Accuracy for class cwx   is: 40.0 %
Accuracy for class hdx   is: 0.0 %
Accuracy for class mtx   is: 23.5 %
Accuracy for class nqx   is: 43.5 %
Accuracy for class qtx   is: 0.0 %
Accuracy for class zxx   is: 0.0 %

========== Train Epoch 40 ==========
Loss: 0.272	Accuracy: 11 %	Time 47 s
Accuracy for class bzx   is: 9.1 %
Accuracy for class cwx   is: 46.7 %
Accuracy for class hdx   is: 0.0 %
Accuracy for class mtx   is: 11.8 %
Accuracy for class nqx   is: 26.1 %
Accuracy for class qtx   is: 0.0 %
Accuracy for class zxx   is: 6.1 %

========== Train Epoch 41 ==========
Loss: 0.214	Accuracy: 11 %	Time 47 s
Accuracy for class bzx   is: 27.3 %
Accuracy for class cwx   is: 33.3 %
Accuracy for class hdx   is: 0.0 %
Accuracy for class mtx   is: 5.9 %
Accuracy for class nqx   is: 39.1 %
Accuracy for class qtx   is: 6.5 %
Accuracy for class zxx   is: 0.0 %

========== Train Epoch 42 ==========
Loss: 0.234	Accuracy: 17 %	Time 49 s
Accuracy for class bzx   is: 0.0 %
Accuracy for class cwx   is: 26.7 %
Accuracy for class hdx   is: 0.0 %
Accuracy for class mtx   is: 5.9 %
Accuracy for class nqx   is: 65.2 %
Accuracy for class qtx   is: 6.5 %
Accuracy for class zxx   is: 12.1 %

========== Train Epoch 43 ==========
Loss: 0.214	Accuracy: 8 %	Time 48 s
Accuracy for class bzx   is: 9.1 %
Accuracy for class cwx   is: 26.7 %
Accuracy for class hdx   is: 0.0 %
Accuracy for class mtx   is: 11.8 %
Accuracy for class nqx   is: 34.8 %
Accuracy for class qtx   is: 0.0 %
Accuracy for class zxx   is: 0.0 %

========== Train Epoch 44 ==========
Loss: 0.234	Accuracy: 12 %	Time 47 s
Accuracy for class bzx   is: 18.2 %
Accuracy for class cwx   is: 53.3 %
Accuracy for class hdx   is: 0.0 %
Accuracy for class mtx   is: 11.8 %
Accuracy for class nqx   is: 13.0 %
Accuracy for class qtx   is: 16.1 %
Accuracy for class zxx   is: 0.0 %

========== Train Epoch 45 ==========
Loss: 0.211	Accuracy: 11 %	Time 48 s
Accuracy for class bzx   is: 9.1 %
Accuracy for class cwx   is: 26.7 %
Accuracy for class hdx   is: 0.0 %
Accuracy for class mtx   is: 11.8 %
Accuracy for class nqx   is: 39.1 %
Accuracy for class qtx   is: 0.0 %
Accuracy for class zxx   is: 6.1 %

========== Train Epoch 46 ==========
Loss: 0.194	Accuracy: 10 %	Time 47 s
Accuracy for class bzx   is: 0.0 %
Accuracy for class cwx   is: 26.7 %
Accuracy for class hdx   is: 0.0 %
Accuracy for class mtx   is: 17.6 %
Accuracy for class nqx   is: 34.8 %
Accuracy for class qtx   is: 9.7 %
Accuracy for class zxx   is: 0.0 %

========== Train Epoch 47 ==========
Loss: 0.173	Accuracy: 9 %	Time 48 s
Accuracy for class bzx   is: 18.2 %
Accuracy for class cwx   is: 46.7 %
Accuracy for class hdx   is: 0.0 %
Accuracy for class mtx   is: 11.8 %
Accuracy for class nqx   is: 17.4 %
Accuracy for class qtx   is: 3.2 %
Accuracy for class zxx   is: 0.0 %

========== Train Epoch 48 ==========
Loss: 0.201	Accuracy: 16 %	Time 48 s
Accuracy for class bzx   is: 27.3 %
Accuracy for class cwx   is: 20.0 %
Accuracy for class hdx   is: 5.6 %
Accuracy for class mtx   is: 0.0 %
Accuracy for class nqx   is: 26.1 %
Accuracy for class qtx   is: 19.4 %
Accuracy for class zxx   is: 10.6 %

========== Train Epoch 49 ==========
Loss: 0.144	Accuracy: 20 %	Time 49 s
Accuracy for class bzx   is: 9.1 %
Accuracy for class cwx   is: 46.7 %
Accuracy for class hdx   is: 0.0 %
Accuracy for class mtx   is: 23.5 %
Accuracy for class nqx   is: 43.5 %
Accuracy for class qtx   is: 6.5 %
Accuracy for class zxx   is: 16.7 %

========== Train Epoch 50 ==========
Loss: 0.179	Accuracy: 11 %	Time 46 s
Accuracy for class bzx   is: 9.1 %
Accuracy for class cwx   is: 33.3 %
Accuracy for class hdx   is: 0.0 %
Accuracy for class mtx   is: 0.0 %
Accuracy for class nqx   is: 26.1 %
Accuracy for class qtx   is: 3.2 %
Accuracy for class zxx   is: 9.1 %

========== Train Epoch 51 ==========
Loss: 0.165	Accuracy: 12 %	Time 50 s
Accuracy for class bzx   is: 0.0 %
Accuracy for class cwx   is: 53.3 %
Accuracy for class hdx   is: 0.0 %
Accuracy for class mtx   is: 11.8 %
Accuracy for class nqx   is: 17.4 %
Accuracy for class qtx   is: 12.9 %
Accuracy for class zxx   is: 3.0 %

========== Train Epoch 52 ==========
Loss: 0.130	Accuracy: 10 %	Time 45 s
Accuracy for class bzx   is: 0.0 %
Accuracy for class cwx   is: 53.3 %
Accuracy for class hdx   is: 0.0 %
Accuracy for class mtx   is: 5.9 %
Accuracy for class nqx   is: 21.7 %
Accuracy for class qtx   is: 0.0 %
Accuracy for class zxx   is: 7.6 %

========== Train Epoch 53 ==========
Loss: 0.135	Accuracy: 10 %	Time 47 s
Accuracy for class bzx   is: 0.0 %
Accuracy for class cwx   is: 66.7 %
Accuracy for class hdx   is: 0.0 %
Accuracy for class mtx   is: 11.8 %
Accuracy for class nqx   is: 30.4 %
Accuracy for class qtx   is: 0.0 %
Accuracy for class zxx   is: 0.0 %

========== Train Epoch 54 ==========
Loss: 0.094	Accuracy: 11 %	Time 47 s
Accuracy for class bzx   is: 27.3 %
Accuracy for class cwx   is: 46.7 %
Accuracy for class hdx   is: 0.0 %
Accuracy for class mtx   is: 11.8 %
Accuracy for class nqx   is: 39.1 %
Accuracy for class qtx   is: 0.0 %
Accuracy for class zxx   is: 0.0 %

========== Train Epoch 55 ==========
Loss: 0.109	Accuracy: 9 %	Time 47 s
Accuracy for class bzx   is: 0.0 %
Accuracy for class cwx   is: 53.3 %
Accuracy for class hdx   is: 0.0 %
Accuracy for class mtx   is: 17.6 %
Accuracy for class nqx   is: 26.1 %
Accuracy for class qtx   is: 0.0 %
Accuracy for class zxx   is: 0.0 %

========== Train Epoch 56 ==========
Loss: 0.159	Accuracy: 8 %	Time 46 s
Accuracy for class bzx   is: 18.2 %
Accuracy for class cwx   is: 20.0 %
Accuracy for class hdx   is: 0.0 %
Accuracy for class mtx   is: 5.9 %
Accuracy for class nqx   is: 39.1 %
Accuracy for class qtx   is: 0.0 %
Accuracy for class zxx   is: 0.0 %

========== Train Epoch 57 ==========
Loss: 0.119	Accuracy: 12 %	Time 47 s
Accuracy for class bzx   is: 0.0 %
Accuracy for class cwx   is: 33.3 %
Accuracy for class hdx   is: 0.0 %
Accuracy for class mtx   is: 0.0 %
Accuracy for class nqx   is: 52.2 %
Accuracy for class qtx   is: 0.0 %
Accuracy for class zxx   is: 7.6 %

========== Train Epoch 58 ==========
Loss: 0.104	Accuracy: 9 %	Time 48 s
Accuracy for class bzx   is: 9.1 %
Accuracy for class cwx   is: 46.7 %
Accuracy for class hdx   is: 0.0 %
Accuracy for class mtx   is: 11.8 %
Accuracy for class nqx   is: 13.0 %
Accuracy for class qtx   is: 9.7 %
Accuracy for class zxx   is: 0.0 %

========== Train Epoch 59 ==========
Loss: 0.113	Accuracy: 14 %	Time 47 s
Accuracy for class bzx   is: 36.4 %
Accuracy for class cwx   is: 46.7 %
Accuracy for class hdx   is: 0.0 %
Accuracy for class mtx   is: 0.0 %
Accuracy for class nqx   is: 13.0 %
Accuracy for class qtx   is: 12.9 %
Accuracy for class zxx   is: 9.1 %

========== Train Epoch 60 ==========
Loss: 0.109	Accuracy: 12 %	Time 44 s
Accuracy for class bzx   is: 18.2 %
Accuracy for class cwx   is: 33.3 %
Accuracy for class hdx   is: 0.0 %
Accuracy for class mtx   is: 11.8 %
Accuracy for class nqx   is: 30.4 %
Accuracy for class qtx   is: 9.7 %
Accuracy for class zxx   is: 3.0 %

========== Train Epoch 61 ==========
Loss: 0.128	Accuracy: 13 %	Time 49 s
Accuracy for class bzx   is: 0.0 %
Accuracy for class cwx   is: 60.0 %
Accuracy for class hdx   is: 0.0 %
Accuracy for class mtx   is: 11.8 %
Accuracy for class nqx   is: 43.5 %
Accuracy for class qtx   is: 0.0 %
Accuracy for class zxx   is: 6.1 %

========== Train Epoch 62 ==========
Loss: 0.127	Accuracy: 9 %	Time 47 s
Accuracy for class bzx   is: 27.3 %
Accuracy for class cwx   is: 66.7 %
Accuracy for class hdx   is: 0.0 %
Accuracy for class mtx   is: 5.9 %
Accuracy for class nqx   is: 17.4 %
Accuracy for class qtx   is: 0.0 %
Accuracy for class zxx   is: 0.0 %

========== Train Epoch 63 ==========
Loss: 0.103	Accuracy: 5 %	Time 50 s
Accuracy for class bzx   is: 27.3 %
Accuracy for class cwx   is: 20.0 %
Accuracy for class hdx   is: 0.0 %
Accuracy for class mtx   is: 11.8 %
Accuracy for class nqx   is: 8.7 %
Accuracy for class qtx   is: 0.0 %
Accuracy for class zxx   is: 0.0 %

========== Train Epoch 64 ==========
Loss: 0.108	Accuracy: 9 %	Time 49 s
Accuracy for class bzx   is: 9.1 %
Accuracy for class cwx   is: 46.7 %
Accuracy for class hdx   is: 0.0 %
Accuracy for class mtx   is: 17.6 %
Accuracy for class nqx   is: 17.4 %
Accuracy for class qtx   is: 6.5 %
Accuracy for class zxx   is: 0.0 %
Finished training!!!

Min loss = 0.094 in epoch 53; 
      max Accuracy = 27.62% in epoch 1; 
     Total Time 49

parallel_train = True 
         batch_size = 20 
         epochs = 64 
         loss_function = CrossEntropyLoss() 
         optimizer = Adam (
Parameter Group 0
    amsgrad: False
    betas: (0.9, 0.999)
    eps: 1e-08
    lr: 0.0001
    weight_decay: 0
) 

AlexNet(
  (features): Sequential(
    (0): Conv2d(3, 64, kernel_size=(3, 3), stride=(1, 1), padding=(2, 2))
    (1): ReLU(inplace=True)
    (2): MaxPool2d(kernel_size=3, stride=2, padding=0, dilation=1, ceil_mode=False)
    (3): Conv2d(64, 192, kernel_size=(3, 3), stride=(1, 1), padding=(2, 2))
    (4): ReLU(inplace=True)
    (5): MaxPool2d(kernel_size=3, stride=2, padding=0, dilation=1, ceil_mode=False)
    (6): Conv2d(192, 384, kernel_size=(3, 3), stride=(1, 1), padding=(1, 1))
    (7): ReLU(inplace=True)
    (8): Conv2d(384, 256, kernel_size=(3, 3), stride=(1, 1), padding=(1, 1))
    (9): ReLU(inplace=True)
    (10): Conv2d(256, 256, kernel_size=(3, 3), stride=(1, 1), padding=(1, 1))
    (11): ReLU(inplace=True)
    (12): MaxPool2d(kernel_size=3, stride=2, padding=0, dilation=1, ceil_mode=False)
  )
  (avgpool): AdaptiveAvgPool2d(output_size=(3, 3))
  (classifier1): Sequential(
    (0): Dropout(p=0.5, inplace=False)
    (1): Linear(in_features=2304, out_features=4096, bias=True)
    (2): ReLU(inplace=True)
    (3): Dropout(p=0.5, inplace=False)
    (4): Linear(in_features=4096, out_features=4096, bias=True)
    (5): ReLU(inplace=True)
    (6): Linear(in_features=4096, out_features=7, bias=True)
  )
  (classifier2): Sequential(
    (0): Dropout(p=0.5, inplace=False)
    (1): Linear(in_features=4608, out_features=4096, bias=True)
    (2): ReLU(inplace=True)
    (3): Dropout(p=0.5, inplace=False)
    (4): Linear(in_features=4096, out_features=4096, bias=True)
    (5): ReLU(inplace=True)
    (6): Linear(in_features=4096, out_features=7, bias=True)
  )
)

