dataset_path: /home/djy/dataset/dataset1
pretrained : False 
parallel: False

msg: cbam_resnet18
using model: ResNet, resnet18
using device cuda:0
batch_size = 20
epochs = 64
loss_function = CrossEntropyLoss()
optimizer = Adam (
Parameter Group 0
    amsgrad: False
    betas: (0.9, 0.999)
    eps: 1e-08
    lr: 0.0001
    weight_decay: 0
)


========== Train Epoch 1 ==========
Loss: 1.688	Accuracy: 42.86%	Cost 94s
Accuracy for class bzx   is: 62.2 %
Accuracy for class cwx   is: 45.5 %
Accuracy for class hdx   is: 0.0 %
Accuracy for class mtx   is: 0.0 %
Accuracy for class nqx   is: 0.0 %
Accuracy for class qtx   is: 75.3 %
Accuracy for class zxx   is: 40.9 %

========== Train Epoch 2 ==========
Loss: 1.427	Accuracy: 50.00%	Cost 83s
Accuracy for class bzx   is: 62.2 %
Accuracy for class cwx   is: 6.1 %
Accuracy for class hdx   is: 38.7 %
Accuracy for class mtx   is: 0.0 %
Accuracy for class nqx   is: 0.0 %
Accuracy for class qtx   is: 58.9 %
Accuracy for class zxx   is: 90.9 %

========== Train Epoch 3 ==========
Loss: 1.274	Accuracy: 57.50%	Cost 78s
Accuracy for class bzx   is: 73.0 %
Accuracy for class cwx   is: 33.3 %
Accuracy for class hdx   is: 38.7 %
Accuracy for class mtx   is: 0.0 %
Accuracy for class nqx   is: 6.7 %
Accuracy for class qtx   is: 90.4 %
Accuracy for class zxx   is: 66.7 %

========== Train Epoch 4 ==========
Loss: 1.128	Accuracy: 60.00%	Cost 80s
Accuracy for class bzx   is: 48.6 %
Accuracy for class cwx   is: 48.5 %
Accuracy for class hdx   is: 61.3 %
Accuracy for class mtx   is: 4.0 %
Accuracy for class nqx   is: 33.3 %
Accuracy for class qtx   is: 91.8 %
Accuracy for class zxx   is: 63.6 %

========== Train Epoch 5 ==========
Loss: 0.958	Accuracy: 68.21%	Cost 79s
Accuracy for class bzx   is: 73.0 %
Accuracy for class cwx   is: 69.7 %
Accuracy for class hdx   is: 51.6 %
Accuracy for class mtx   is: 0.0 %
Accuracy for class nqx   is: 60.0 %
Accuracy for class qtx   is: 80.8 %
Accuracy for class zxx   is: 86.4 %

========== Train Epoch 6 ==========
Loss: 0.765	Accuracy: 58.93%	Cost 79s
Accuracy for class bzx   is: 62.2 %
Accuracy for class cwx   is: 27.3 %
Accuracy for class hdx   is: 74.2 %
Accuracy for class mtx   is: 8.0 %
Accuracy for class nqx   is: 73.3 %
Accuracy for class qtx   is: 79.5 %
Accuracy for class zxx   is: 59.1 %

========== Train Epoch 7 ==========
Loss: 0.605	Accuracy: 66.79%	Cost 80s
Accuracy for class bzx   is: 86.5 %
Accuracy for class cwx   is: 63.6 %
Accuracy for class hdx   is: 45.2 %
Accuracy for class mtx   is: 16.0 %
Accuracy for class nqx   is: 13.3 %
Accuracy for class qtx   is: 83.6 %
Accuracy for class zxx   is: 80.3 %

========== Train Epoch 8 ==========
Loss: 0.447	Accuracy: 60.71%	Cost 74s
Accuracy for class bzx   is: 56.8 %
Accuracy for class cwx   is: 87.9 %
Accuracy for class hdx   is: 22.6 %
Accuracy for class mtx   is: 12.0 %
Accuracy for class nqx   is: 6.7 %
Accuracy for class qtx   is: 91.8 %
Accuracy for class zxx   is: 63.6 %

========== Train Epoch 9 ==========
Loss: 0.319	Accuracy: 63.21%	Cost 76s
Accuracy for class bzx   is: 86.5 %
Accuracy for class cwx   is: 57.6 %
Accuracy for class hdx   is: 29.0 %
Accuracy for class mtx   is: 20.0 %
Accuracy for class nqx   is: 6.7 %
Accuracy for class qtx   is: 78.1 %
Accuracy for class zxx   is: 81.8 %

========== Train Epoch 10 ==========
Loss: 0.256	Accuracy: 67.50%	Cost 82s
Accuracy for class bzx   is: 83.8 %
Accuracy for class cwx   is: 78.8 %
Accuracy for class hdx   is: 64.5 %
Accuracy for class mtx   is: 12.0 %
Accuracy for class nqx   is: 53.3 %
Accuracy for class qtx   is: 84.9 %
Accuracy for class zxx   is: 59.1 %

========== Train Epoch 11 ==========
Loss: 0.179	Accuracy: 70.00%	Cost 76s
Accuracy for class bzx   is: 48.6 %
Accuracy for class cwx   is: 72.7 %
Accuracy for class hdx   is: 74.2 %
Accuracy for class mtx   is: 28.0 %
Accuracy for class nqx   is: 46.7 %
Accuracy for class qtx   is: 84.9 %
Accuracy for class zxx   is: 83.3 %

========== Train Epoch 12 ==========
Loss: 0.115	Accuracy: 71.07%	Cost 78s
Accuracy for class bzx   is: 75.7 %
Accuracy for class cwx   is: 78.8 %
Accuracy for class hdx   is: 64.5 %
Accuracy for class mtx   is: 36.0 %
Accuracy for class nqx   is: 40.0 %
Accuracy for class qtx   is: 90.4 %
Accuracy for class zxx   is: 66.7 %

========== Train Epoch 13 ==========
Loss: 0.074	Accuracy: 71.79%	Cost 80s
Accuracy for class bzx   is: 75.7 %
Accuracy for class cwx   is: 84.8 %
Accuracy for class hdx   is: 61.3 %
Accuracy for class mtx   is: 28.0 %
Accuracy for class nqx   is: 40.0 %
Accuracy for class qtx   is: 86.3 %
Accuracy for class zxx   is: 75.8 %

========== Train Epoch 14 ==========
Loss: 0.080	Accuracy: 72.50%	Cost 80s
Accuracy for class bzx   is: 62.2 %
Accuracy for class cwx   is: 84.8 %
Accuracy for class hdx   is: 67.7 %
Accuracy for class mtx   is: 24.0 %
Accuracy for class nqx   is: 53.3 %
Accuracy for class qtx   is: 84.9 %
Accuracy for class zxx   is: 83.3 %

========== Train Epoch 15 ==========
Loss: 0.053	Accuracy: 73.93%	Cost 77s
Accuracy for class bzx   is: 83.8 %
Accuracy for class cwx   is: 84.8 %
Accuracy for class hdx   is: 61.3 %
Accuracy for class mtx   is: 36.0 %
Accuracy for class nqx   is: 46.7 %
Accuracy for class qtx   is: 89.0 %
Accuracy for class zxx   is: 72.7 %

========== Train Epoch 16 ==========
Loss: 0.054	Accuracy: 71.07%	Cost 79s
Accuracy for class bzx   is: 64.9 %
Accuracy for class cwx   is: 63.6 %
Accuracy for class hdx   is: 61.3 %
Accuracy for class mtx   is: 24.0 %
Accuracy for class nqx   is: 33.3 %
Accuracy for class qtx   is: 84.9 %
Accuracy for class zxx   is: 93.9 %

========== Train Epoch 17 ==========
Loss: 0.053	Accuracy: 73.57%	Cost 76s
Accuracy for class bzx   is: 86.5 %
Accuracy for class cwx   is: 63.6 %
Accuracy for class hdx   is: 61.3 %
Accuracy for class mtx   is: 24.0 %
Accuracy for class nqx   is: 26.7 %
Accuracy for class qtx   is: 84.9 %
Accuracy for class zxx   is: 93.9 %

========== Train Epoch 18 ==========
Loss: 0.063	Accuracy: 68.93%	Cost 81s
Accuracy for class bzx   is: 86.5 %
Accuracy for class cwx   is: 66.7 %
Accuracy for class hdx   is: 67.7 %
Accuracy for class mtx   is: 8.0 %
Accuracy for class nqx   is: 13.3 %
Accuracy for class qtx   is: 79.5 %
Accuracy for class zxx   is: 84.8 %

========== Train Epoch 19 ==========
Loss: 0.050	Accuracy: 73.93%	Cost 81s
Accuracy for class bzx   is: 78.4 %
Accuracy for class cwx   is: 81.8 %
Accuracy for class hdx   is: 64.5 %
Accuracy for class mtx   is: 24.0 %
Accuracy for class nqx   is: 46.7 %
Accuracy for class qtx   is: 89.0 %
Accuracy for class zxx   is: 80.3 %

========== Train Epoch 20 ==========
Loss: 0.038	Accuracy: 68.21%	Cost 76s
Accuracy for class bzx   is: 89.2 %
Accuracy for class cwx   is: 54.5 %
Accuracy for class hdx   is: 64.5 %
Accuracy for class mtx   is: 24.0 %
Accuracy for class nqx   is: 40.0 %
Accuracy for class qtx   is: 82.2 %
Accuracy for class zxx   is: 72.7 %

========== Train Epoch 21 ==========
Loss: 0.038	Accuracy: 73.57%	Cost 80s
Accuracy for class bzx   is: 75.7 %
Accuracy for class cwx   is: 81.8 %
Accuracy for class hdx   is: 61.3 %
Accuracy for class mtx   is: 28.0 %
Accuracy for class nqx   is: 46.7 %
Accuracy for class qtx   is: 83.6 %
Accuracy for class zxx   is: 86.4 %

========== Train Epoch 22 ==========
Loss: 0.031	Accuracy: 70.71%	Cost 81s
Accuracy for class bzx   is: 75.7 %
Accuracy for class cwx   is: 81.8 %
Accuracy for class hdx   is: 71.0 %
Accuracy for class mtx   is: 24.0 %
Accuracy for class nqx   is: 33.3 %
Accuracy for class qtx   is: 83.6 %
Accuracy for class zxx   is: 74.2 %

========== Train Epoch 23 ==========
Loss: 0.036	Accuracy: 65.36%	Cost 78s
Accuracy for class bzx   is: 48.6 %
Accuracy for class cwx   is: 87.9 %
Accuracy for class hdx   is: 71.0 %
Accuracy for class mtx   is: 12.0 %
Accuracy for class nqx   is: 20.0 %
Accuracy for class qtx   is: 80.8 %
Accuracy for class zxx   is: 74.2 %

========== Train Epoch 24 ==========
Loss: 0.037	Accuracy: 62.86%	Cost 79s
Accuracy for class bzx   is: 43.2 %
Accuracy for class cwx   is: 18.2 %
Accuracy for class hdx   is: 61.3 %
Accuracy for class mtx   is: 88.0 %
Accuracy for class nqx   is: 26.7 %
Accuracy for class qtx   is: 75.3 %
Accuracy for class zxx   is: 81.8 %

========== Train Epoch 25 ==========
Loss: 0.036	Accuracy: 71.43%	Cost 80s
Accuracy for class bzx   is: 67.6 %
Accuracy for class cwx   is: 81.8 %
Accuracy for class hdx   is: 61.3 %
Accuracy for class mtx   is: 16.0 %
Accuracy for class nqx   is: 46.7 %
Accuracy for class qtx   is: 83.6 %
Accuracy for class zxx   is: 86.4 %

========== Train Epoch 26 ==========
Loss: 0.024	Accuracy: 74.64%	Cost 80s
Accuracy for class bzx   is: 73.0 %
Accuracy for class cwx   is: 75.8 %
Accuracy for class hdx   is: 77.4 %
Accuracy for class mtx   is: 28.0 %
Accuracy for class nqx   is: 40.0 %
Accuracy for class qtx   is: 83.6 %
Accuracy for class zxx   is: 89.4 %

========== Train Epoch 27 ==========
Loss: 0.024	Accuracy: 71.07%	Cost 81s
Accuracy for class bzx   is: 64.9 %
Accuracy for class cwx   is: 81.8 %
Accuracy for class hdx   is: 64.5 %
Accuracy for class mtx   is: 28.0 %
Accuracy for class nqx   is: 40.0 %
Accuracy for class qtx   is: 84.9 %
Accuracy for class zxx   is: 80.3 %

========== Train Epoch 28 ==========
Loss: 0.020	Accuracy: 75.00%	Cost 83s
Accuracy for class bzx   is: 81.1 %
Accuracy for class cwx   is: 81.8 %
Accuracy for class hdx   is: 64.5 %
Accuracy for class mtx   is: 32.0 %
Accuracy for class nqx   is: 46.7 %
Accuracy for class qtx   is: 89.0 %
Accuracy for class zxx   is: 80.3 %

========== Train Epoch 29 ==========
Loss: 0.016	Accuracy: 74.64%	Cost 75s
Accuracy for class bzx   is: 75.7 %
Accuracy for class cwx   is: 78.8 %
Accuracy for class hdx   is: 61.3 %
Accuracy for class mtx   is: 20.0 %
Accuracy for class nqx   is: 46.7 %
Accuracy for class qtx   is: 90.4 %
Accuracy for class zxx   is: 87.9 %

========== Train Epoch 30 ==========
Loss: 0.017	Accuracy: 72.50%	Cost 79s
Accuracy for class bzx   is: 75.7 %
Accuracy for class cwx   is: 78.8 %
Accuracy for class hdx   is: 61.3 %
Accuracy for class mtx   is: 32.0 %
Accuracy for class nqx   is: 40.0 %
Accuracy for class qtx   is: 82.2 %
Accuracy for class zxx   is: 84.8 %

========== Train Epoch 31 ==========
Loss: 0.034	Accuracy: 70.00%	Cost 79s
Accuracy for class bzx   is: 73.0 %
Accuracy for class cwx   is: 75.8 %
Accuracy for class hdx   is: 64.5 %
Accuracy for class mtx   is: 32.0 %
Accuracy for class nqx   is: 66.7 %
Accuracy for class qtx   is: 79.5 %
Accuracy for class zxx   is: 72.7 %

========== Train Epoch 32 ==========
Loss: 0.046	Accuracy: 62.14%	Cost 77s
Accuracy for class bzx   is: 91.9 %
Accuracy for class cwx   is: 36.4 %
Accuracy for class hdx   is: 64.5 %
Accuracy for class mtx   is: 24.0 %
Accuracy for class nqx   is: 33.3 %
Accuracy for class qtx   is: 84.9 %
Accuracy for class zxx   is: 53.0 %

========== Train Epoch 33 ==========
Loss: 0.112	Accuracy: 48.93%	Cost 78s
Accuracy for class bzx   is: 73.0 %
Accuracy for class cwx   is: 90.9 %
Accuracy for class hdx   is: 9.7 %
Accuracy for class mtx   is: 20.0 %
Accuracy for class nqx   is: 6.7 %
Accuracy for class qtx   is: 71.2 %
Accuracy for class zxx   is: 28.8 %

========== Train Epoch 34 ==========
Loss: 0.189	Accuracy: 66.07%	Cost 80s
Accuracy for class bzx   is: 94.6 %
Accuracy for class cwx   is: 39.4 %
Accuracy for class hdx   is: 67.7 %
Accuracy for class mtx   is: 16.0 %
Accuracy for class nqx   is: 20.0 %
Accuracy for class qtx   is: 89.0 %
Accuracy for class zxx   is: 66.7 %

========== Train Epoch 35 ==========
Loss: 0.124	Accuracy: 59.64%	Cost 74s
Accuracy for class bzx   is: 18.9 %
Accuracy for class cwx   is: 60.6 %
Accuracy for class hdx   is: 83.9 %
Accuracy for class mtx   is: 20.0 %
Accuracy for class nqx   is: 53.3 %
Accuracy for class qtx   is: 63.0 %
Accuracy for class zxx   is: 83.3 %

========== Train Epoch 36 ==========
Loss: 0.054	Accuracy: 68.57%	Cost 77s
Accuracy for class bzx   is: 89.2 %
Accuracy for class cwx   is: 48.5 %
Accuracy for class hdx   is: 61.3 %
Accuracy for class mtx   is: 12.0 %
Accuracy for class nqx   is: 53.3 %
Accuracy for class qtx   is: 86.3 %
Accuracy for class zxx   is: 75.8 %

========== Train Epoch 37 ==========
Loss: 0.056	Accuracy: 69.64%	Cost 79s
Accuracy for class bzx   is: 54.1 %
Accuracy for class cwx   is: 78.8 %
Accuracy for class hdx   is: 58.1 %
Accuracy for class mtx   is: 8.0 %
Accuracy for class nqx   is: 40.0 %
Accuracy for class qtx   is: 93.2 %
Accuracy for class zxx   is: 83.3 %

========== Train Epoch 38 ==========
Loss: 0.036	Accuracy: 71.07%	Cost 77s
Accuracy for class bzx   is: 56.8 %
Accuracy for class cwx   is: 81.8 %
Accuracy for class hdx   is: 61.3 %
Accuracy for class mtx   is: 20.0 %
Accuracy for class nqx   is: 53.3 %
Accuracy for class qtx   is: 84.9 %
Accuracy for class zxx   is: 86.4 %

========== Train Epoch 39 ==========
Loss: 0.020	Accuracy: 73.21%	Cost 80s
Accuracy for class bzx   is: 64.9 %
Accuracy for class cwx   is: 78.8 %
Accuracy for class hdx   is: 77.4 %
Accuracy for class mtx   is: 16.0 %
Accuracy for class nqx   is: 53.3 %
Accuracy for class qtx   is: 89.0 %
Accuracy for class zxx   is: 81.8 %

========== Train Epoch 40 ==========
Loss: 0.025	Accuracy: 73.21%	Cost 83s
Accuracy for class bzx   is: 67.6 %
Accuracy for class cwx   is: 81.8 %
Accuracy for class hdx   is: 67.7 %
Accuracy for class mtx   is: 24.0 %
Accuracy for class nqx   is: 40.0 %
Accuracy for class qtx   is: 90.4 %
Accuracy for class zxx   is: 81.8 %

========== Train Epoch 41 ==========
Loss: 0.029	Accuracy: 68.21%	Cost 74s
Accuracy for class bzx   is: 37.8 %
Accuracy for class cwx   is: 84.8 %
Accuracy for class hdx   is: 74.2 %
Accuracy for class mtx   is: 20.0 %
Accuracy for class nqx   is: 46.7 %
Accuracy for class qtx   is: 82.2 %
Accuracy for class zxx   is: 81.8 %

========== Train Epoch 42 ==========
Loss: 0.019	Accuracy: 71.07%	Cost 83s
Accuracy for class bzx   is: 78.4 %
Accuracy for class cwx   is: 84.8 %
Accuracy for class hdx   is: 67.7 %
Accuracy for class mtx   is: 16.0 %
Accuracy for class nqx   is: 46.7 %
Accuracy for class qtx   is: 83.6 %
Accuracy for class zxx   is: 74.2 %

========== Train Epoch 43 ==========
Loss: 0.024	Accuracy: 70.36%	Cost 79s
Accuracy for class bzx   is: 48.6 %
Accuracy for class cwx   is: 81.8 %
Accuracy for class hdx   is: 64.5 %
Accuracy for class mtx   is: 24.0 %
Accuracy for class nqx   is: 46.7 %
Accuracy for class qtx   is: 90.4 %
Accuracy for class zxx   is: 80.3 %

========== Train Epoch 44 ==========
Loss: 0.018	Accuracy: 73.21%	Cost 78s
Accuracy for class bzx   is: 75.7 %
Accuracy for class cwx   is: 81.8 %
Accuracy for class hdx   is: 61.3 %
Accuracy for class mtx   is: 16.0 %
Accuracy for class nqx   is: 53.3 %
Accuracy for class qtx   is: 87.7 %
Accuracy for class zxx   is: 83.3 %

========== Train Epoch 45 ==========
Loss: 0.016	Accuracy: 73.21%	Cost 79s
Accuracy for class bzx   is: 75.7 %
Accuracy for class cwx   is: 75.8 %
Accuracy for class hdx   is: 61.3 %
Accuracy for class mtx   is: 20.0 %
Accuracy for class nqx   is: 66.7 %
Accuracy for class qtx   is: 87.7 %
Accuracy for class zxx   is: 81.8 %

========== Train Epoch 46 ==========
Loss: 0.013	Accuracy: 73.57%	Cost 78s
Accuracy for class bzx   is: 81.1 %
Accuracy for class cwx   is: 78.8 %
Accuracy for class hdx   is: 67.7 %
Accuracy for class mtx   is: 16.0 %
Accuracy for class nqx   is: 60.0 %
Accuracy for class qtx   is: 89.0 %
Accuracy for class zxx   is: 77.3 %

========== Train Epoch 47 ==========
Loss: 0.013	Accuracy: 72.86%	Cost 77s
Accuracy for class bzx   is: 75.7 %
Accuracy for class cwx   is: 81.8 %
Accuracy for class hdx   is: 61.3 %
Accuracy for class mtx   is: 16.0 %
Accuracy for class nqx   is: 60.0 %
Accuracy for class qtx   is: 89.0 %
Accuracy for class zxx   is: 78.8 %

========== Train Epoch 48 ==========
Loss: 0.014	Accuracy: 72.86%	Cost 81s
Accuracy for class bzx   is: 59.5 %
Accuracy for class cwx   is: 81.8 %
Accuracy for class hdx   is: 80.6 %
Accuracy for class mtx   is: 12.0 %
Accuracy for class nqx   is: 53.3 %
Accuracy for class qtx   is: 86.3 %
Accuracy for class zxx   is: 84.8 %

========== Train Epoch 49 ==========
Loss: 0.011	Accuracy: 71.79%	Cost 78s
Accuracy for class bzx   is: 70.3 %
Accuracy for class cwx   is: 81.8 %
Accuracy for class hdx   is: 64.5 %
Accuracy for class mtx   is: 20.0 %
Accuracy for class nqx   is: 40.0 %
Accuracy for class qtx   is: 86.3 %
Accuracy for class zxx   is: 81.8 %

========== Train Epoch 50 ==========
Loss: 0.012	Accuracy: 74.64%	Cost 78s
Accuracy for class bzx   is: 78.4 %
Accuracy for class cwx   is: 81.8 %
Accuracy for class hdx   is: 64.5 %
Accuracy for class mtx   is: 20.0 %
Accuracy for class nqx   is: 66.7 %
Accuracy for class qtx   is: 86.3 %
Accuracy for class zxx   is: 83.3 %

========== Train Epoch 51 ==========
Loss: 0.010	Accuracy: 75.00%	Cost 81s
Accuracy for class bzx   is: 73.0 %
Accuracy for class cwx   is: 84.8 %
Accuracy for class hdx   is: 67.7 %
Accuracy for class mtx   is: 20.0 %
Accuracy for class nqx   is: 60.0 %
Accuracy for class qtx   is: 87.7 %
Accuracy for class zxx   is: 84.8 %

========== Train Epoch 52 ==========
Loss: 0.011	Accuracy: 74.29%	Cost 74s
Accuracy for class bzx   is: 64.9 %
Accuracy for class cwx   is: 81.8 %
Accuracy for class hdx   is: 67.7 %
Accuracy for class mtx   is: 20.0 %
Accuracy for class nqx   is: 60.0 %
Accuracy for class qtx   is: 87.7 %
Accuracy for class zxx   is: 87.9 %

========== Train Epoch 53 ==========
Loss: 0.011	Accuracy: 75.00%	Cost 78s
Accuracy for class bzx   is: 75.7 %
Accuracy for class cwx   is: 81.8 %
Accuracy for class hdx   is: 67.7 %
Accuracy for class mtx   is: 16.0 %
Accuracy for class nqx   is: 60.0 %
Accuracy for class qtx   is: 91.8 %
Accuracy for class zxx   is: 81.8 %

========== Train Epoch 54 ==========
Loss: 0.011	Accuracy: 74.64%	Cost 81s
Accuracy for class bzx   is: 73.0 %
Accuracy for class cwx   is: 81.8 %
Accuracy for class hdx   is: 67.7 %
Accuracy for class mtx   is: 16.0 %
Accuracy for class nqx   is: 60.0 %
Accuracy for class qtx   is: 90.4 %
Accuracy for class zxx   is: 83.3 %

========== Train Epoch 55 ==========
Loss: 0.010	Accuracy: 75.71%	Cost 79s
Accuracy for class bzx   is: 75.7 %
Accuracy for class cwx   is: 81.8 %
Accuracy for class hdx   is: 67.7 %
Accuracy for class mtx   is: 20.0 %
Accuracy for class nqx   is: 60.0 %
Accuracy for class qtx   is: 90.4 %
Accuracy for class zxx   is: 84.8 %

========== Train Epoch 56 ==========
Loss: 0.009	Accuracy: 75.00%	Cost 80s
Accuracy for class bzx   is: 78.4 %
Accuracy for class cwx   is: 84.8 %
Accuracy for class hdx   is: 67.7 %
Accuracy for class mtx   is: 20.0 %
Accuracy for class nqx   is: 53.3 %
Accuracy for class qtx   is: 89.0 %
Accuracy for class zxx   is: 81.8 %

========== Train Epoch 57 ==========
Loss: 0.011	Accuracy: 73.57%	Cost 78s
Accuracy for class bzx   is: 64.9 %
Accuracy for class cwx   is: 81.8 %
Accuracy for class hdx   is: 74.2 %
Accuracy for class mtx   is: 20.0 %
Accuracy for class nqx   is: 53.3 %
Accuracy for class qtx   is: 86.3 %
Accuracy for class zxx   is: 84.8 %

========== Train Epoch 58 ==========
Loss: 0.009	Accuracy: 74.64%	Cost 73s
Accuracy for class bzx   is: 67.6 %
Accuracy for class cwx   is: 81.8 %
Accuracy for class hdx   is: 67.7 %
Accuracy for class mtx   is: 24.0 %
Accuracy for class nqx   is: 46.7 %
Accuracy for class qtx   is: 89.0 %
Accuracy for class zxx   is: 87.9 %

========== Train Epoch 59 ==========
Loss: 0.012	Accuracy: 73.93%	Cost 51s
Accuracy for class bzx   is: 83.8 %
Accuracy for class cwx   is: 81.8 %
Accuracy for class hdx   is: 64.5 %
Accuracy for class mtx   is: 16.0 %
Accuracy for class nqx   is: 66.7 %
Accuracy for class qtx   is: 89.0 %
Accuracy for class zxx   is: 75.8 %

========== Train Epoch 60 ==========
Loss: 0.010	Accuracy: 73.57%	Cost 46s
Accuracy for class bzx   is: 64.9 %
Accuracy for class cwx   is: 81.8 %
Accuracy for class hdx   is: 74.2 %
Accuracy for class mtx   is: 20.0 %
Accuracy for class nqx   is: 46.7 %
Accuracy for class qtx   is: 84.9 %
Accuracy for class zxx   is: 87.9 %

========== Train Epoch 61 ==========
Loss: 0.009	Accuracy: 74.64%	Cost 44s
Accuracy for class bzx   is: 73.0 %
Accuracy for class cwx   is: 81.8 %
Accuracy for class hdx   is: 71.0 %
Accuracy for class mtx   is: 20.0 %
Accuracy for class nqx   is: 60.0 %
Accuracy for class qtx   is: 86.3 %
Accuracy for class zxx   is: 84.8 %

========== Train Epoch 62 ==========
Loss: 0.009	Accuracy: 73.21%	Cost 45s
Accuracy for class bzx   is: 64.9 %
Accuracy for class cwx   is: 81.8 %
Accuracy for class hdx   is: 64.5 %
Accuracy for class mtx   is: 16.0 %
Accuracy for class nqx   is: 53.3 %
Accuracy for class qtx   is: 89.0 %
Accuracy for class zxx   is: 86.4 %

========== Train Epoch 63 ==========
Loss: 0.009	Accuracy: 73.57%	Cost 46s
Accuracy for class bzx   is: 64.9 %
Accuracy for class cwx   is: 81.8 %
Accuracy for class hdx   is: 64.5 %
Accuracy for class mtx   is: 20.0 %
Accuracy for class nqx   is: 53.3 %
Accuracy for class qtx   is: 89.0 %
Accuracy for class zxx   is: 86.4 %

========== Train Epoch 64 ==========
Loss: 0.009	Accuracy: 73.93%	Cost 44s
Accuracy for class bzx   is: 70.3 %
Accuracy for class cwx   is: 81.8 %
Accuracy for class hdx   is: 64.5 %
Accuracy for class mtx   is: 24.0 %
Accuracy for class nqx   is: 60.0 %
Accuracy for class qtx   is: 86.3 %
Accuracy for class zxx   is: 84.8 %

Finished training!!!

Min Loss = 0.009 in epoch 55;
    Max Accuracy = 75.71% in epoch 54;
    Total Cost 81 minutes

ResNet(
  (conv1): Conv2d(3, 64, kernel_size=(7, 7), stride=(2, 2), padding=(3, 3), bias=False)
  (bn1): BatchNorm2d(64, eps=1e-05, momentum=0.1, affine=True, track_running_stats=True)
  (relu): ReLU(inplace=True)
  (maxpool): MaxPool2d(kernel_size=3, stride=2, padding=1, dilation=1, ceil_mode=False)
  (layer1): Sequential(
    (0): BasicBlock(
      (conv1): Conv2d(64, 64, kernel_size=(3, 3), stride=(1, 1), padding=(1, 1), bias=False)
      (bn1): BatchNorm2d(64, eps=1e-05, momentum=0.1, affine=True, track_running_stats=True)
      (relu): ReLU(inplace=True)
      (conv2): Conv2d(64, 64, kernel_size=(3, 3), stride=(1, 1), padding=(1, 1), bias=False)
      (bn2): BatchNorm2d(64, eps=1e-05, momentum=0.1, affine=True, track_running_stats=True)
      (cbam): CBAM(
        (ChannelGate): ChannelGate(
          (mlp): Sequential(
            (0): Flatten()
            (1): Linear(in_features=64, out_features=4, bias=True)
            (2): ReLU()
            (3): Linear(in_features=4, out_features=64, bias=True)
          )
        )
        (SpatialGate): SpatialGate(
          (compress): ChannelPool()
          (spatial): BasicConv(
            (conv): Conv2d(2, 1, kernel_size=(7, 7), stride=(1, 1), padding=(3, 3), bias=False)
            (bn): BatchNorm2d(1, eps=1e-05, momentum=0.01, affine=True, track_running_stats=True)
          )
        )
      )
    )
    (1): BasicBlock(
      (conv1): Conv2d(64, 64, kernel_size=(3, 3), stride=(1, 1), padding=(1, 1), bias=False)
      (bn1): BatchNorm2d(64, eps=1e-05, momentum=0.1, affine=True, track_running_stats=True)
      (relu): ReLU(inplace=True)
      (conv2): Conv2d(64, 64, kernel_size=(3, 3), stride=(1, 1), padding=(1, 1), bias=False)
      (bn2): BatchNorm2d(64, eps=1e-05, momentum=0.1, affine=True, track_running_stats=True)
      (cbam): CBAM(
        (ChannelGate): ChannelGate(
          (mlp): Sequential(
            (0): Flatten()
            (1): Linear(in_features=64, out_features=4, bias=True)
            (2): ReLU()
            (3): Linear(in_features=4, out_features=64, bias=True)
          )
        )
        (SpatialGate): SpatialGate(
          (compress): ChannelPool()
          (spatial): BasicConv(
            (conv): Conv2d(2, 1, kernel_size=(7, 7), stride=(1, 1), padding=(3, 3), bias=False)
            (bn): BatchNorm2d(1, eps=1e-05, momentum=0.01, affine=True, track_running_stats=True)
          )
        )
      )
    )
  )
  (layer2): Sequential(
    (0): BasicBlock(
      (conv1): Conv2d(64, 128, kernel_size=(3, 3), stride=(2, 2), padding=(1, 1), bias=False)
      (bn1): BatchNorm2d(128, eps=1e-05, momentum=0.1, affine=True, track_running_stats=True)
      (relu): ReLU(inplace=True)
      (conv2): Conv2d(128, 128, kernel_size=(3, 3), stride=(1, 1), padding=(1, 1), bias=False)
      (bn2): BatchNorm2d(128, eps=1e-05, momentum=0.1, affine=True, track_running_stats=True)
      (downsample): Sequential(
        (0): Conv2d(64, 128, kernel_size=(1, 1), stride=(2, 2), bias=False)
        (1): BatchNorm2d(128, eps=1e-05, momentum=0.1, affine=True, track_running_stats=True)
      )
      (cbam): CBAM(
        (ChannelGate): ChannelGate(
          (mlp): Sequential(
            (0): Flatten()
            (1): Linear(in_features=128, out_features=8, bias=True)
            (2): ReLU()
            (3): Linear(in_features=8, out_features=128, bias=True)
          )
        )
        (SpatialGate): SpatialGate(
          (compress): ChannelPool()
          (spatial): BasicConv(
            (conv): Conv2d(2, 1, kernel_size=(7, 7), stride=(1, 1), padding=(3, 3), bias=False)
            (bn): BatchNorm2d(1, eps=1e-05, momentum=0.01, affine=True, track_running_stats=True)
          )
        )
      )
    )
    (1): BasicBlock(
      (conv1): Conv2d(128, 128, kernel_size=(3, 3), stride=(1, 1), padding=(1, 1), bias=False)
      (bn1): BatchNorm2d(128, eps=1e-05, momentum=0.1, affine=True, track_running_stats=True)
      (relu): ReLU(inplace=True)
      (conv2): Conv2d(128, 128, kernel_size=(3, 3), stride=(1, 1), padding=(1, 1), bias=False)
      (bn2): BatchNorm2d(128, eps=1e-05, momentum=0.1, affine=True, track_running_stats=True)
      (cbam): CBAM(
        (ChannelGate): ChannelGate(
          (mlp): Sequential(
            (0): Flatten()
            (1): Linear(in_features=128, out_features=8, bias=True)
            (2): ReLU()
            (3): Linear(in_features=8, out_features=128, bias=True)
          )
        )
        (SpatialGate): SpatialGate(
          (compress): ChannelPool()
          (spatial): BasicConv(
            (conv): Conv2d(2, 1, kernel_size=(7, 7), stride=(1, 1), padding=(3, 3), bias=False)
            (bn): BatchNorm2d(1, eps=1e-05, momentum=0.01, affine=True, track_running_stats=True)
          )
        )
      )
    )
  )
  (layer3): Sequential(
    (0): BasicBlock(
      (conv1): Conv2d(128, 256, kernel_size=(3, 3), stride=(2, 2), padding=(1, 1), bias=False)
      (bn1): BatchNorm2d(256, eps=1e-05, momentum=0.1, affine=True, track_running_stats=True)
      (relu): ReLU(inplace=True)
      (conv2): Conv2d(256, 256, kernel_size=(3, 3), stride=(1, 1), padding=(1, 1), bias=False)
      (bn2): BatchNorm2d(256, eps=1e-05, momentum=0.1, affine=True, track_running_stats=True)
      (downsample): Sequential(
        (0): Conv2d(128, 256, kernel_size=(1, 1), stride=(2, 2), bias=False)
        (1): BatchNorm2d(256, eps=1e-05, momentum=0.1, affine=True, track_running_stats=True)
      )
      (cbam): CBAM(
        (ChannelGate): ChannelGate(
          (mlp): Sequential(
            (0): Flatten()
            (1): Linear(in_features=256, out_features=16, bias=True)
            (2): ReLU()
            (3): Linear(in_features=16, out_features=256, bias=True)
          )
        )
        (SpatialGate): SpatialGate(
          (compress): ChannelPool()
          (spatial): BasicConv(
            (conv): Conv2d(2, 1, kernel_size=(7, 7), stride=(1, 1), padding=(3, 3), bias=False)
            (bn): BatchNorm2d(1, eps=1e-05, momentum=0.01, affine=True, track_running_stats=True)
          )
        )
      )
    )
    (1): BasicBlock(
      (conv1): Conv2d(256, 256, kernel_size=(3, 3), stride=(1, 1), padding=(1, 1), bias=False)
      (bn1): BatchNorm2d(256, eps=1e-05, momentum=0.1, affine=True, track_running_stats=True)
      (relu): ReLU(inplace=True)
      (conv2): Conv2d(256, 256, kernel_size=(3, 3), stride=(1, 1), padding=(1, 1), bias=False)
      (bn2): BatchNorm2d(256, eps=1e-05, momentum=0.1, affine=True, track_running_stats=True)
      (cbam): CBAM(
        (ChannelGate): ChannelGate(
          (mlp): Sequential(
            (0): Flatten()
            (1): Linear(in_features=256, out_features=16, bias=True)
            (2): ReLU()
            (3): Linear(in_features=16, out_features=256, bias=True)
          )
        )
        (SpatialGate): SpatialGate(
          (compress): ChannelPool()
          (spatial): BasicConv(
            (conv): Conv2d(2, 1, kernel_size=(7, 7), stride=(1, 1), padding=(3, 3), bias=False)
            (bn): BatchNorm2d(1, eps=1e-05, momentum=0.01, affine=True, track_running_stats=True)
          )
        )
      )
    )
  )
  (layer4): Sequential(
    (0): BasicBlock(
      (conv1): Conv2d(256, 512, kernel_size=(3, 3), stride=(2, 2), padding=(1, 1), bias=False)
      (bn1): BatchNorm2d(512, eps=1e-05, momentum=0.1, affine=True, track_running_stats=True)
      (relu): ReLU(inplace=True)
      (conv2): Conv2d(512, 512, kernel_size=(3, 3), stride=(1, 1), padding=(1, 1), bias=False)
      (bn2): BatchNorm2d(512, eps=1e-05, momentum=0.1, affine=True, track_running_stats=True)
      (downsample): Sequential(
        (0): Conv2d(256, 512, kernel_size=(1, 1), stride=(2, 2), bias=False)
        (1): BatchNorm2d(512, eps=1e-05, momentum=0.1, affine=True, track_running_stats=True)
      )
      (cbam): CBAM(
        (ChannelGate): ChannelGate(
          (mlp): Sequential(
            (0): Flatten()
            (1): Linear(in_features=512, out_features=32, bias=True)
            (2): ReLU()
            (3): Linear(in_features=32, out_features=512, bias=True)
          )
        )
        (SpatialGate): SpatialGate(
          (compress): ChannelPool()
          (spatial): BasicConv(
            (conv): Conv2d(2, 1, kernel_size=(7, 7), stride=(1, 1), padding=(3, 3), bias=False)
            (bn): BatchNorm2d(1, eps=1e-05, momentum=0.01, affine=True, track_running_stats=True)
          )
        )
      )
    )
    (1): BasicBlock(
      (conv1): Conv2d(512, 512, kernel_size=(3, 3), stride=(1, 1), padding=(1, 1), bias=False)
      (bn1): BatchNorm2d(512, eps=1e-05, momentum=0.1, affine=True, track_running_stats=True)
      (relu): ReLU(inplace=True)
      (conv2): Conv2d(512, 512, kernel_size=(3, 3), stride=(1, 1), padding=(1, 1), bias=False)
      (bn2): BatchNorm2d(512, eps=1e-05, momentum=0.1, affine=True, track_running_stats=True)
      (cbam): CBAM(
        (ChannelGate): ChannelGate(
          (mlp): Sequential(
            (0): Flatten()
            (1): Linear(in_features=512, out_features=32, bias=True)
            (2): ReLU()
            (3): Linear(in_features=32, out_features=512, bias=True)
          )
        )
        (SpatialGate): SpatialGate(
          (compress): ChannelPool()
          (spatial): BasicConv(
            (conv): Conv2d(2, 1, kernel_size=(7, 7), stride=(1, 1), padding=(3, 3), bias=False)
            (bn): BatchNorm2d(1, eps=1e-05, momentum=0.01, affine=True, track_running_stats=True)
          )
        )
      )
    )
  )
  (avgpool): AdaptiveAvgPool2d(output_size=(1, 1))
  (fc_): Linear(in_features=512, out_features=7, bias=True)
  (__fc__): Linear(in_features=1024, out_features=7, bias=True)
)

[0.42857142857142855, 0.5, 0.575, 0.6, 0.6821428571428572, 0.5892857142857143, 0.6678571428571428, 0.6071428571428571, 0.6321428571428571, 0.675, 0.7, 0.7107142857142857, 0.7178571428571429, 0.725, 0.7392857142857143, 0.7107142857142857, 0.7357142857142858, 0.6892857142857143, 0.7392857142857143, 0.6821428571428572, 0.7357142857142858, 0.7071428571428572, 0.6535714285714286, 0.6285714285714286, 0.7142857142857143, 0.7464285714285714, 0.7107142857142857, 0.75, 0.7464285714285714, 0.725, 0.7, 0.6214285714285714, 0.48928571428571427, 0.6607142857142857, 0.5964285714285714, 0.6857142857142857, 0.6964285714285714, 0.7107142857142857, 0.7321428571428571, 0.7321428571428571, 0.6821428571428572, 0.7107142857142857, 0.7035714285714286, 0.7321428571428571, 0.7321428571428571, 0.7357142857142858, 0.7285714285714285, 0.7285714285714285, 0.7178571428571429, 0.7464285714285714, 0.75, 0.7428571428571429, 0.75, 0.7464285714285714, 0.7571428571428571, 0.75, 0.7357142857142858, 0.7464285714285714, 0.7392857142857143, 0.7357142857142858, 0.7464285714285714, 0.7321428571428571, 0.7357142857142858, 0.7392857142857143]
Traceback (most recent call last):
  File "train.py", line 248, in <module>
    train_size = int(0.8 * full_size)
TypeError: plot() got an unexpected keyword argument 'args'
