dataset_path: /home/djy/dataset/dataset2
pretrained : True 
parallel: False

net: resnet.resnet18
msg: 
using model: ResNet, resnet18
using device cuda:0
batch_size = 20
epochs = 64
loss_function = CrossEntropyLoss()
optimizer = Adam (
Parameter Group 0
    amsgrad: False
    betas: (0.9, 0.999)
    eps: 1e-08
    lr: 0.001
    weight_decay: 0
)


========== Train Epoch 1 ==========
Loss: 1.758	Accuracy: 46.49%	Cost 37s
              precision    recall  f1-score   support

         bzx     0.4167    0.1613    0.2326        31
         cwx     0.3636    0.5455    0.4364        22
         hdx     0.2273    0.2941    0.2564        17
         mtx     0.2500    0.0526    0.0870        19
         nqx     0.0000    0.0000    0.0000        12
         qtx     0.5882    0.6667    0.6250        45
         zxx     0.5323    0.8462    0.6535        39

    accuracy                         0.4649       185
   macro avg     0.3397    0.3666    0.3273       185
weighted avg     0.4149    0.4649    0.4131       185

micro f-score: 0.4648648648648649

========== Train Epoch 2 ==========
Loss: 1.263	Accuracy: 34.05%	Cost 27s
              precision    recall  f1-score   support

         bzx     0.3043    0.2258    0.2593        31
         cwx     0.2099    0.7727    0.3301        22
         hdx     0.1250    0.2353    0.1633        17
         mtx     0.2500    0.1579    0.1935        19
         nqx     0.4000    0.1667    0.2353        12
         qtx     1.0000    0.0444    0.0851        45
         zxx     0.9333    0.7179    0.8116        39

    accuracy                         0.3405       185
   macro avg     0.4604    0.3315    0.2969       185
weighted avg     0.5791    0.3405    0.3246       185

micro f-score: 0.34054054054054056

========== Train Epoch 3 ==========
Loss: 0.973	Accuracy: 41.62%	Cost 27s
              precision    recall  f1-score   support

         bzx     0.5000    0.0968    0.1622        31
         cwx     0.0000    0.0000    0.0000        22
         hdx     0.0000    0.0000    0.0000        17
         mtx     0.0000    0.0000    0.0000        19
         nqx     0.0000    0.0000    0.0000        12
         qtx     0.3082    1.0000    0.4712        45
         zxx     0.9062    0.7436    0.8169        39

    accuracy                         0.4162       185
   macro avg     0.2449    0.2629    0.2072       185
weighted avg     0.3498    0.4162    0.3140       185

micro f-score: 0.41621621621621624

========== Train Epoch 4 ==========
/home/djy/anaconda3/envs/pytorch/lib/python3.7/site-packages/sklearn/metrics/_classification.py:1308: UndefinedMetricWarning: Precision and F-score are ill-defined and being set to 0.0 in labels with no predicted samples. Use `zero_division` parameter to control this behavior.
  _warn_prf(average, modifier, msg_start, len(result))
/home/djy/anaconda3/envs/pytorch/lib/python3.7/site-packages/sklearn/metrics/_classification.py:1308: UndefinedMetricWarning: Precision and F-score are ill-defined and being set to 0.0 in labels with no predicted samples. Use `zero_division` parameter to control this behavior.
  _warn_prf(average, modifier, msg_start, len(result))
/home/djy/anaconda3/envs/pytorch/lib/python3.7/site-packages/sklearn/metrics/_classification.py:1308: UndefinedMetricWarning: Precision and F-score are ill-defined and being set to 0.0 in labels with no predicted samples. Use `zero_division` parameter to control this behavior.
  _warn_prf(average, modifier, msg_start, len(result))
Loss: 0.829	Accuracy: 22.16%	Cost 28s
              precision    recall  f1-score   support

         bzx     0.0000    0.0000    0.0000        31
         cwx     0.1905    0.1818    0.1860        22
         hdx     0.2500    0.1765    0.2069        17
         mtx     0.1548    0.6842    0.2524        19
         nqx     0.1636    0.7500    0.2687        12
         qtx     1.0000    0.0444    0.0851        45
         zxx     1.0000    0.2564    0.4082        39

    accuracy                         0.2216       185
   macro avg     0.3941    0.2991    0.2010       185
weighted avg     0.5262    0.2216    0.1912       185

micro f-score: 0.22162162162162163

========== Train Epoch 5 ==========
Loss: 0.702	Accuracy: 51.89%	Cost 28s
              precision    recall  f1-score   support

         bzx     0.5556    0.3226    0.4082        31
         cwx     0.5714    0.9091    0.7018        22
         hdx     0.3333    0.7059    0.4528        17
         mtx     0.0000    0.0000    0.0000        19
         nqx     1.0000    0.0833    0.1538        12
         qtx     0.8333    0.3333    0.4762        45
         zxx     0.4935    0.9744    0.6552        39

    accuracy                         0.5189       185
   macro avg     0.5410    0.4755    0.4069       185
weighted avg     0.5633    0.5189    0.4574       185

micro f-score: 0.518918918918919

========== Train Epoch 6 ==========
/home/djy/anaconda3/envs/pytorch/lib/python3.7/site-packages/sklearn/metrics/_classification.py:1308: UndefinedMetricWarning: Precision and F-score are ill-defined and being set to 0.0 in labels with no predicted samples. Use `zero_division` parameter to control this behavior.
  _warn_prf(average, modifier, msg_start, len(result))
/home/djy/anaconda3/envs/pytorch/lib/python3.7/site-packages/sklearn/metrics/_classification.py:1308: UndefinedMetricWarning: Precision and F-score are ill-defined and being set to 0.0 in labels with no predicted samples. Use `zero_division` parameter to control this behavior.
  _warn_prf(average, modifier, msg_start, len(result))
/home/djy/anaconda3/envs/pytorch/lib/python3.7/site-packages/sklearn/metrics/_classification.py:1308: UndefinedMetricWarning: Precision and F-score are ill-defined and being set to 0.0 in labels with no predicted samples. Use `zero_division` parameter to control this behavior.
  _warn_prf(average, modifier, msg_start, len(result))
Loss: 0.369	Accuracy: 56.22%	Cost 27s
              precision    recall  f1-score   support

         bzx     0.5161    0.5161    0.5161        31
         cwx     0.4130    0.8636    0.5588        22
         hdx     0.8000    0.2353    0.3636        17
         mtx     0.3939    0.6842    0.5000        19
         nqx     1.0000    0.3333    0.5000        12
         qtx     0.6667    0.8000    0.7273        45
         zxx     1.0000    0.3077    0.4706        39

    accuracy                         0.5622       185
   macro avg     0.6843    0.5343    0.5195       185
weighted avg     0.6874    0.5622    0.5462       185

micro f-score: 0.5621621621621622

========== Train Epoch 7 ==========
Loss: 0.335	Accuracy: 49.19%	Cost 27s
              precision    recall  f1-score   support

         bzx     0.2500    0.0645    0.1026        31
         cwx     0.8000    0.3636    0.5000        22
         hdx     0.2826    0.7647    0.4127        17
         mtx     0.8000    0.2105    0.3333        19
         nqx     0.7143    0.4167    0.5263        12
         qtx     0.9524    0.4444    0.6061        45
         zxx     0.4432    1.0000    0.6142        39

    accuracy                         0.4919       185
   macro avg     0.6061    0.4664    0.4422       185
weighted avg     0.6166    0.4919    0.4598       185

micro f-score: 0.4918918918918919

========== Train Epoch 8 ==========
Loss: 0.260	Accuracy: 64.86%	Cost 29s
              precision    recall  f1-score   support

         bzx     0.6364    0.4516    0.5283        31
         cwx     0.3559    0.9545    0.5185        22
         hdx     0.6500    0.7647    0.7027        17
         mtx     0.6842    0.6842    0.6842        19
         nqx     0.8333    0.4167    0.5556        12
         qtx     0.9259    0.5556    0.6944        45
         zxx     0.9062    0.7436    0.8169        39

    accuracy                         0.6486       185
   macro avg     0.7131    0.6530    0.6429       185
weighted avg     0.7493    0.6486    0.6622       185

micro f-score: 0.6486486486486487

========== Train Epoch 9 ==========
Loss: 0.160	Accuracy: 68.11%	Cost 28s
              precision    recall  f1-score   support

         bzx     0.6316    0.3871    0.4800        31
         cwx     0.6800    0.7727    0.7234        22
         hdx     0.4762    0.5882    0.5263        17
         mtx     0.5652    0.6842    0.6190        19
         nqx     0.5385    0.5833    0.5600        12
         qtx     0.8462    0.7333    0.7857        45
         zxx     0.7556    0.8718    0.8095        39

    accuracy                         0.6811       185
   macro avg     0.6419    0.6601    0.6434       185
weighted avg     0.6885    0.6811    0.6765       185

micro f-score: 0.6810810810810811

========== Train Epoch 10 ==========
Loss: 0.201	Accuracy: 65.95%	Cost 28s
              precision    recall  f1-score   support

         bzx     0.9000    0.2903    0.4390        31
         cwx     0.9000    0.4091    0.5625        22
         hdx     0.8571    0.3529    0.5000        17
         mtx     0.7059    0.6316    0.6667        19
         nqx     0.4783    0.9167    0.6286        12
         qtx     0.6094    0.8667    0.7156        45
         zxx     0.6667    0.9231    0.7742        39

    accuracy                         0.6595       185
   macro avg     0.7310    0.6272    0.6124       185
weighted avg     0.7289    0.6595    0.6329       185

micro f-score: 0.6594594594594595

========== Train Epoch 11 ==========
Loss: 0.166	Accuracy: 65.95%	Cost 27s
              precision    recall  f1-score   support

         bzx     0.4355    0.8710    0.5806        31
         cwx     0.8333    0.6818    0.7500        22
         hdx     0.3913    0.5294    0.4500        17
         mtx     0.8889    0.4211    0.5714        19
         nqx     0.6000    0.7500    0.6667        12
         qtx     0.9259    0.5556    0.6944        45
         zxx     0.9355    0.7436    0.8286        39

    accuracy                         0.6595       185
   macro avg     0.7158    0.6503    0.6488       185
weighted avg     0.7607    0.6595    0.6734       185

micro f-score: 0.6594594594594595

========== Train Epoch 12 ==========
Loss: 0.123	Accuracy: 61.08%	Cost 29s
              precision    recall  f1-score   support

         bzx     0.8750    0.2258    0.3590        31
         cwx     0.5758    0.8636    0.6909        22
         hdx     0.2553    0.7059    0.3750        17
         mtx     0.8571    0.3158    0.4615        19
         nqx     0.6667    0.1667    0.2667        12
         qtx     0.7143    0.7778    0.7447        45
         zxx     0.8421    0.8205    0.8312        39

    accuracy                         0.6108       185
   macro avg     0.6838    0.5537    0.5327       185
weighted avg     0.7211    0.6108    0.5978       185

micro f-score: 0.6108108108108108

========== Train Epoch 13 ==========
Loss: 0.199	Accuracy: 65.41%	Cost 30s
              precision    recall  f1-score   support

         bzx     0.5833    0.6774    0.6269        31
         cwx     0.8889    0.3636    0.5161        22
         hdx     0.3429    0.7059    0.4615        17
         mtx     0.9091    0.5263    0.6667        19
         nqx     0.7500    0.7500    0.7500        12
         qtx     0.7073    0.6444    0.6744        45
         zxx     0.7805    0.8205    0.8000        39

    accuracy                         0.6541       185
   macro avg     0.7089    0.6412    0.6422       185
weighted avg     0.7136    0.6541    0.6586       185

micro f-score: 0.654054054054054

========== Train Epoch 14 ==========
Loss: 0.165	Accuracy: 56.22%	Cost 28s
              precision    recall  f1-score   support

         bzx     0.5294    0.2903    0.3750        31
         cwx     0.4688    0.6818    0.5556        22
         hdx     0.5263    0.5882    0.5556        17
         mtx     0.3810    0.8421    0.5246        19
         nqx     0.3182    0.5833    0.4118        12
         qtx     1.0000    0.4444    0.6154        45
         zxx     0.8182    0.6923    0.7500        39

    accuracy                         0.5622       185
   macro avg     0.5774    0.5889    0.5411       185
weighted avg     0.6683    0.5622    0.5683       185

micro f-score: 0.5621621621621622

========== Train Epoch 15 ==========
Loss: 0.156	Accuracy: 61.62%	Cost 29s
              precision    recall  f1-score   support

         bzx     0.7778    0.2258    0.3500        31
         cwx     0.6500    0.5909    0.6190        22
         hdx     0.5000    0.6471    0.5641        17
         mtx     1.0000    0.2632    0.4167        19
         nqx     0.4286    0.7500    0.5455        12
         qtx     0.8824    0.6667    0.7595        45
         zxx     0.5270    1.0000    0.6903        39

    accuracy                         0.6162       185
   macro avg     0.6808    0.5919    0.5636       185
weighted avg     0.7098    0.6162    0.5925       185

micro f-score: 0.6162162162162163

========== Train Epoch 16 ==========
Loss: 0.122	Accuracy: 63.78%	Cost 29s
              precision    recall  f1-score   support

         bzx     0.7500    0.1935    0.3077        31
         cwx     0.4359    0.7727    0.5574        22
         hdx     0.5000    0.3529    0.4138        17
         mtx     1.0000    0.2105    0.3478        19
         nqx     0.5833    0.5833    0.5833        12
         qtx     0.6833    0.9111    0.7810        45
         zxx     0.7400    0.9487    0.8315        39

    accuracy                         0.6378       185
   macro avg     0.6704    0.5676    0.5461       185
weighted avg     0.6862    0.6378    0.5947       185

micro f-score: 0.6378378378378379

========== Train Epoch 17 ==========
Loss: 0.151	Accuracy: 73.51%	Cost 31s
              precision    recall  f1-score   support

         bzx     0.4808    0.8065    0.6024        31
         cwx     0.8182    0.8182    0.8182        22
         hdx     0.7500    0.5294    0.6207        17
         mtx     0.6875    0.5789    0.6286        19
         nqx     0.9000    0.7500    0.8182        12
         qtx     0.8611    0.6889    0.7654        45
         zxx     0.8919    0.8462    0.8684        39

    accuracy                         0.7351       185
   macro avg     0.7699    0.7169    0.7317       185
weighted avg     0.7732    0.7351    0.7422       185

micro f-score: 0.7351351351351352

========== Train Epoch 18 ==========
Loss: 0.080	Accuracy: 67.57%	Cost 28s
              precision    recall  f1-score   support

         bzx     0.8235    0.4516    0.5833        31
         cwx     0.4255    0.9091    0.5797        22
         hdx     0.5000    0.7647    0.6047        17
         mtx     0.7333    0.5789    0.6471        19
         nqx     0.5294    0.7500    0.6207        12
         qtx     1.0000    0.6000    0.7500        45
         zxx     0.8611    0.7949    0.8267        39

    accuracy                         0.6757       185
   macro avg     0.6961    0.6927    0.6589       185
weighted avg     0.7690    0.6757    0.6857       185

micro f-score: 0.6756756756756757

========== Train Epoch 19 ==========
Loss: 0.036	Accuracy: 72.97%	Cost 28s
              precision    recall  f1-score   support

         bzx     0.5926    0.5161    0.5517        31
         cwx     0.6552    0.8636    0.7451        22
         hdx     0.5714    0.4706    0.5161        17
         mtx     1.0000    0.5263    0.6897        19
         nqx     0.6923    0.7500    0.7200        12
         qtx     0.8571    0.8000    0.8276        45
         zxx     0.7400    0.9487    0.8315        39

    accuracy                         0.7297       185
   macro avg     0.7298    0.6965    0.6974       185
weighted avg     0.7418    0.7297    0.7226       185

micro f-score: 0.7297297297297297

========== Train Epoch 20 ==========
Loss: 0.025	Accuracy: 72.97%	Cost 28s
              precision    recall  f1-score   support

         bzx     0.7037    0.6129    0.6552        31
         cwx     0.7273    0.7273    0.7273        22
         hdx     0.3611    0.7647    0.4906        17
         mtx     0.9231    0.6316    0.7500        19
         nqx     0.6923    0.7500    0.7200        12
         qtx     0.9655    0.6222    0.7568        45
         zxx     0.8444    0.9744    0.9048        39

    accuracy                         0.7297       185
   macro avg     0.7453    0.7261    0.7149       185
weighted avg     0.7902    0.7297    0.7399       185

micro f-score: 0.7297297297297297

========== Train Epoch 21 ==========
Loss: 0.041	Accuracy: 72.43%	Cost 29s
              precision    recall  f1-score   support

         bzx     0.6552    0.6129    0.6333        31
         cwx     0.5000    0.8636    0.6333        22
         hdx     0.6000    0.5294    0.5625        17
         mtx     0.9333    0.7368    0.8235        19
         nqx     0.6923    0.7500    0.7200        12
         qtx     0.8788    0.6444    0.7436        45
         zxx     0.8333    0.8974    0.8642        39

    accuracy                         0.7243       185
   macro avg     0.7276    0.7192    0.7115       185
weighted avg     0.7546    0.7243    0.7275       185

micro f-score: 0.7243243243243244

========== Train Epoch 22 ==========
Loss: 0.029	Accuracy: 76.22%	Cost 28s
              precision    recall  f1-score   support

         bzx     0.7097    0.7097    0.7097        31
         cwx     0.6800    0.7727    0.7234        22
         hdx     0.5000    0.7647    0.6047        17
         mtx     0.8667    0.6842    0.7647        19
         nqx     0.7500    0.7500    0.7500        12
         qtx     0.8919    0.7333    0.8049        45
         zxx     0.8718    0.8718    0.8718        39

    accuracy                         0.7622       185
   macro avg     0.7529    0.7552    0.7470       185
weighted avg     0.7841    0.7622    0.7673       185

micro f-score: 0.7621621621621621

========== Train Epoch 23 ==========
Loss: 0.020	Accuracy: 79.46%	Cost 30s
              precision    recall  f1-score   support

         bzx     0.7000    0.6774    0.6885        31
         cwx     0.7826    0.8182    0.8000        22
         hdx     0.6111    0.6471    0.6286        17
         mtx     0.9286    0.6842    0.7879        19
         nqx     0.8182    0.7500    0.7826        12
         qtx     0.8444    0.8444    0.8444        45
         zxx     0.8409    0.9487    0.8916        39

    accuracy                         0.7946       185
   macro avg     0.7894    0.7671    0.7748       185
weighted avg     0.7976    0.7946    0.7933       185

micro f-score: 0.7945945945945945

========== Train Epoch 24 ==========
Loss: 0.020	Accuracy: 75.68%	Cost 29s
              precision    recall  f1-score   support

         bzx     0.8148    0.7097    0.7586        31
         cwx     0.6296    0.7727    0.6939        22
         hdx     0.4583    0.6471    0.5366        17
         mtx     1.0000    0.3684    0.5385        19
         nqx     0.6250    0.8333    0.7143        12
         qtx     0.8372    0.8000    0.8182        45
         zxx     0.9024    0.9487    0.9250        39

    accuracy                         0.7568       185
   macro avg     0.7525    0.7257    0.7121       185
weighted avg     0.7907    0.7568    0.7546       185

micro f-score: 0.7567567567567567

========== Train Epoch 25 ==========
Loss: 0.014	Accuracy: 77.84%	Cost 29s
              precision    recall  f1-score   support

         bzx     0.8261    0.6129    0.7037        31
         cwx     0.7200    0.8182    0.7660        22
         hdx     0.4783    0.6471    0.5500        17
         mtx     0.8571    0.6316    0.7273        19
         nqx     0.7692    0.8333    0.8000        12
         qtx     0.8571    0.8000    0.8276        45
         zxx     0.8444    0.9744    0.9048        39

    accuracy                         0.7784       185
   macro avg     0.7646    0.7596    0.7542       185
weighted avg     0.7924    0.7784    0.7782       185

micro f-score: 0.7783783783783784

========== Train Epoch 26 ==========
Loss: 0.014	Accuracy: 78.38%	Cost 28s
              precision    recall  f1-score   support

         bzx     0.8333    0.6452    0.7273        31
         cwx     0.7037    0.8636    0.7755        22
         hdx     0.5000    0.6471    0.5641        17
         mtx     0.8571    0.6316    0.7273        19
         nqx     0.7692    0.8333    0.8000        12
         qtx     0.8571    0.8000    0.8276        45
         zxx     0.8605    0.9487    0.9024        39

    accuracy                         0.7838       185
   macro avg     0.7687    0.7671    0.7606       185
weighted avg     0.7971    0.7838    0.7841       185

micro f-score: 0.7837837837837838

========== Train Epoch 27 ==========
Loss: 0.011	Accuracy: 78.38%	Cost 28s
              precision    recall  f1-score   support

         bzx     0.8333    0.6452    0.7273        31
         cwx     0.7500    0.8182    0.7826        22
         hdx     0.4400    0.6471    0.5238        17
         mtx     0.8667    0.6842    0.7647        19
         nqx     0.7500    0.7500    0.7500        12
         qtx     0.8780    0.8000    0.8372        45
         zxx     0.8636    0.9744    0.9157        39

    accuracy                         0.7838       185
   macro avg     0.7688    0.7599    0.7573       185
weighted avg     0.8026    0.7838    0.7869       185

micro f-score: 0.7837837837837838

========== Train Epoch 28 ==========
Loss: 0.010	Accuracy: 76.22%	Cost 26s
              precision    recall  f1-score   support

         bzx     0.6667    0.6452    0.6557        31
         cwx     0.7200    0.8182    0.7660        22
         hdx     0.4783    0.6471    0.5500        17
         mtx     0.8571    0.6316    0.7273        19
         nqx     0.8182    0.7500    0.7826        12
         qtx     0.8718    0.7556    0.8095        45
         zxx     0.8605    0.9487    0.9024        39

    accuracy                         0.7622       185
   macro avg     0.7532    0.7423    0.7419       185
weighted avg     0.7758    0.7622    0.7641       185

micro f-score: 0.7621621621621621

========== Train Epoch 29 ==========
Loss: 0.012	Accuracy: 77.30%	Cost 28s
              precision    recall  f1-score   support

         bzx     0.7826    0.5806    0.6667        31
         cwx     0.7500    0.8182    0.7826        22
         hdx     0.5000    0.6471    0.5641        17
         mtx     0.8667    0.6842    0.7647        19
         nqx     0.7500    0.7500    0.7500        12
         qtx     0.8372    0.8000    0.8182        45
         zxx     0.8261    0.9744    0.8941        39

    accuracy                         0.7730       185
   macro avg     0.7589    0.7506    0.7486       185
weighted avg     0.7817    0.7730    0.7713       185

micro f-score: 0.772972972972973

========== Train Epoch 30 ==========
Loss: 0.012	Accuracy: 75.14%	Cost 27s
              precision    recall  f1-score   support

         bzx     0.6333    0.6129    0.6230        31
         cwx     0.7200    0.8182    0.7660        22
         hdx     0.5000    0.6471    0.5641        17
         mtx     0.9167    0.5789    0.7097        19
         nqx     0.6923    0.7500    0.7200        12
         qtx     0.8718    0.7556    0.8095        45
         zxx     0.8409    0.9487    0.8916        39

    accuracy                         0.7514       185
   macro avg     0.7393    0.7302    0.7263       185
weighted avg     0.7661    0.7514    0.7518       185

micro f-score: 0.7513513513513513

========== Train Epoch 31 ==========
Loss: 0.011	Accuracy: 76.22%	Cost 27s
              precision    recall  f1-score   support

         bzx     0.7037    0.6129    0.6552        31
         cwx     0.7200    0.8182    0.7660        22
         hdx     0.5238    0.6471    0.5789        17
         mtx     0.8571    0.6316    0.7273        19
         nqx     0.7500    0.7500    0.7500        12
         qtx     0.8500    0.7556    0.8000        45
         zxx     0.8261    0.9744    0.8941        39

    accuracy                         0.7622       185
   macro avg     0.7472    0.7414    0.7388       185
weighted avg     0.7693    0.7622    0.7605       185

micro f-score: 0.7621621621621621

========== Train Epoch 32 ==========
Loss: 0.010	Accuracy: 77.84%	Cost 28s
              precision    recall  f1-score   support

         bzx     0.7692    0.6452    0.7018        31
         cwx     0.7600    0.8636    0.8085        22
         hdx     0.5789    0.6471    0.6111        17
         mtx     0.8125    0.6842    0.7429        19
         nqx     0.7500    0.7500    0.7500        12
         qtx     0.8293    0.7556    0.7907        45
         zxx     0.8261    0.9744    0.8941        39

    accuracy                         0.7784       185
   macro avg     0.7609    0.7600    0.7570       185
weighted avg     0.7804    0.7784    0.7757       185

micro f-score: 0.7783783783783784

========== Train Epoch 33 ==========
Loss: 0.010	Accuracy: 76.76%	Cost 30s
              precision    recall  f1-score   support

         bzx     0.6452    0.6452    0.6452        31
         cwx     0.7200    0.8182    0.7660        22
         hdx     0.5789    0.6471    0.6111        17
         mtx     0.8571    0.6316    0.7273        19
         nqx     0.8182    0.7500    0.7826        12
         qtx     0.8537    0.7778    0.8140        45
         zxx     0.8409    0.9487    0.8916        39

    accuracy                         0.7676       185
   macro avg     0.7591    0.7455    0.7482       185
weighted avg     0.7730    0.7676    0.7667       185

micro f-score: 0.7675675675675676

========== Train Epoch 34 ==========
Loss: 0.011	Accuracy: 75.68%	Cost 31s
              precision    recall  f1-score   support

         bzx     0.6786    0.6129    0.6441        31
         cwx     0.6923    0.8182    0.7500        22
         hdx     0.4783    0.6471    0.5500        17
         mtx     0.8462    0.5789    0.6875        19
         nqx     0.8182    0.7500    0.7826        12
         qtx     0.8750    0.7778    0.8235        45
         zxx     0.8409    0.9487    0.8916        39

    accuracy                         0.7568       185
   macro avg     0.7471    0.7334    0.7328       185
weighted avg     0.7701    0.7568    0.7573       185

micro f-score: 0.7567567567567567

========== Train Epoch 35 ==========
Loss: 0.010	Accuracy: 76.76%	Cost 28s
              precision    recall  f1-score   support

         bzx     0.6786    0.6129    0.6441        31
         cwx     0.7500    0.8182    0.7826        22
         hdx     0.5238    0.6471    0.5789        17
         mtx     0.8667    0.6842    0.7647        19
         nqx     0.8182    0.7500    0.7826        12
         qtx     0.8537    0.7778    0.8140        45
         zxx     0.8222    0.9487    0.8810        39

    accuracy                         0.7676       185
   macro avg     0.7590    0.7484    0.7497       185
weighted avg     0.7741    0.7676    0.7672       185

micro f-score: 0.7675675675675676

========== Train Epoch 36 ==========
Loss: 0.009	Accuracy: 77.30%	Cost 27s
              precision    recall  f1-score   support

         bzx     0.6562    0.6774    0.6667        31
         cwx     0.7500    0.8182    0.7826        22
         hdx     0.5500    0.6471    0.5946        17
         mtx     0.8667    0.6842    0.7647        19
         nqx     0.8182    0.7500    0.7826        12
         qtx     0.8500    0.7556    0.8000        45
         zxx     0.8605    0.9487    0.9024        39

    accuracy                         0.7730       185
   macro avg     0.7645    0.7544    0.7562       185
weighted avg     0.7799    0.7730    0.7736       185

micro f-score: 0.772972972972973

========== Train Epoch 37 ==========
Loss: 0.011	Accuracy: 78.38%	Cost 30s
              precision    recall  f1-score   support

         bzx     0.7600    0.6129    0.6786        31
         cwx     0.7600    0.8636    0.8085        22
         hdx     0.5000    0.6471    0.5641        17
         mtx     0.8667    0.6842    0.7647        19
         nqx     0.8182    0.7500    0.7826        12
         qtx     0.8571    0.8000    0.8276        45
         zxx     0.8444    0.9744    0.9048        39

    accuracy                         0.7838       185
   macro avg     0.7723    0.7617    0.7615       185
weighted avg     0.7923    0.7838    0.7830       185

micro f-score: 0.7837837837837838

========== Train Epoch 38 ==========
Loss: 0.009	Accuracy: 76.76%	Cost 27s
              precision    recall  f1-score   support

         bzx     0.6667    0.6452    0.6557        31
         cwx     0.8182    0.8182    0.8182        22
         hdx     0.5000    0.6471    0.5641        17
         mtx     0.8571    0.6316    0.7273        19
         nqx     0.7500    0.7500    0.7500        12
         qtx     0.8333    0.7778    0.8046        45
         zxx     0.8605    0.9487    0.9024        39

    accuracy                         0.7676       185
   macro avg     0.7551    0.7455    0.7460       185
weighted avg     0.7757    0.7676    0.7683       185

micro f-score: 0.7675675675675676

========== Train Epoch 39 ==========
Loss: 0.010	Accuracy: 77.84%	Cost 28s
              precision    recall  f1-score   support

         bzx     0.6897    0.6452    0.6667        31
         cwx     0.8182    0.8182    0.8182        22
         hdx     0.4783    0.6471    0.5500        17
         mtx     0.8667    0.6842    0.7647        19
         nqx     0.7500    0.7500    0.7500        12
         qtx     0.8750    0.7778    0.8235        45
         zxx     0.8636    0.9744    0.9157        39

    accuracy                         0.7784       185
   macro avg     0.7631    0.7567    0.7555       185
weighted avg     0.7894    0.7784    0.7801       185

micro f-score: 0.7783783783783784

========== Train Epoch 40 ==========
Loss: 0.010	Accuracy: 77.84%	Cost 29s
              precision    recall  f1-score   support

         bzx     0.7500    0.6774    0.7119        31
         cwx     0.8182    0.8182    0.8182        22
         hdx     0.4583    0.6471    0.5366        17
         mtx     0.8667    0.6842    0.7647        19
         nqx     0.6923    0.7500    0.7200        12
         qtx     0.8500    0.7556    0.8000        45
         zxx     0.8837    0.9744    0.9268        39

    accuracy                         0.7784       185
   macro avg     0.7599    0.7581    0.7540       185
weighted avg     0.7921    0.7784    0.7811       185

micro f-score: 0.7783783783783784

========== Train Epoch 41 ==========
Loss: 0.009	Accuracy: 76.76%	Cost 29s
              precision    recall  f1-score   support

         bzx     0.7241    0.6774    0.7000        31
         cwx     0.7308    0.8636    0.7917        22
         hdx     0.5000    0.6471    0.5641        17
         mtx     0.8462    0.5789    0.6875        19
         nqx     0.8182    0.7500    0.7826        12
         qtx     0.8293    0.7556    0.7907        45
         zxx     0.8605    0.9487    0.9024        39

    accuracy                         0.7676       185
   macro avg     0.7584    0.7459    0.7456       185
weighted avg     0.7773    0.7676    0.7672       185

micro f-score: 0.7675675675675676

========== Train Epoch 42 ==========
Loss: 0.009	Accuracy: 78.38%	Cost 29s
              precision    recall  f1-score   support

         bzx     0.7333    0.7097    0.7213        31
         cwx     0.8182    0.8182    0.8182        22
         hdx     0.5000    0.6471    0.5641        17
         mtx     0.8667    0.6842    0.7647        19
         nqx     0.6923    0.7500    0.7200        12
         qtx     0.8500    0.7556    0.8000        45
         zxx     0.8837    0.9744    0.9268        39

    accuracy                         0.7838       185
   macro avg     0.7635    0.7627    0.7593       185
weighted avg     0.7931    0.7838    0.7852       185

micro f-score: 0.7837837837837838

========== Train Epoch 43 ==========
Loss: 0.010	Accuracy: 79.46%	Cost 28s
              precision    recall  f1-score   support

         bzx     0.7586    0.7097    0.7333        31
         cwx     0.7600    0.8636    0.8085        22
         hdx     0.5238    0.6471    0.5789        17
         mtx     0.8667    0.6842    0.7647        19
         nqx     0.8182    0.7500    0.7826        12
         qtx     0.8537    0.7778    0.8140        45
         zxx     0.8837    0.9744    0.9268        39

    accuracy                         0.7946       185
   macro avg     0.7807    0.7724    0.7727       185
weighted avg     0.8017    0.7946    0.7949       185

micro f-score: 0.7945945945945945

========== Train Epoch 44 ==========
Loss: 0.008	Accuracy: 78.92%	Cost 30s
              precision    recall  f1-score   support

         bzx     0.7586    0.7097    0.7333        31
         cwx     0.7600    0.8636    0.8085        22
         hdx     0.5000    0.6471    0.5641        17
         mtx     0.8667    0.6842    0.7647        19
         nqx     0.8182    0.7500    0.7826        12
         qtx     0.8500    0.7556    0.8000        45
         zxx     0.8837    0.9744    0.9268        39

    accuracy                         0.7892       185
   macro avg     0.7767    0.7692    0.7686       185
weighted avg     0.7986    0.7892    0.7901       185

micro f-score: 0.7891891891891892

========== Train Epoch 45 ==========
Loss: 0.010	Accuracy: 78.38%	Cost 27s
              precision    recall  f1-score   support

         bzx     0.7500    0.6774    0.7119        31
         cwx     0.7600    0.8636    0.8085        22
         hdx     0.5000    0.6471    0.5641        17
         mtx     0.8667    0.6842    0.7647        19
         nqx     0.8182    0.7500    0.7826        12
         qtx     0.8500    0.7556    0.8000        45
         zxx     0.8636    0.9744    0.9157        39

    accuracy                         0.7838       185
   macro avg     0.7726    0.7646    0.7639       185
weighted avg     0.7929    0.7838    0.7842       185

micro f-score: 0.7837837837837838

========== Train Epoch 46 ==========
Loss: 0.009	Accuracy: 78.38%	Cost 29s
              precision    recall  f1-score   support

         bzx     0.7097    0.7097    0.7097        31
         cwx     0.8182    0.8182    0.8182        22
         hdx     0.5000    0.6471    0.5641        17
         mtx     0.8667    0.6842    0.7647        19
         nqx     0.7500    0.7500    0.7500        12
         qtx     0.8500    0.7556    0.8000        45
         zxx     0.8837    0.9744    0.9268        39

    accuracy                         0.7838       185
   macro avg     0.7683    0.7627    0.7619       185
weighted avg     0.7929    0.7838    0.7852       185

micro f-score: 0.7837837837837838

========== Train Epoch 47 ==========
Loss: 0.009	Accuracy: 78.38%	Cost 27s
              precision    recall  f1-score   support

         bzx     0.7917    0.6129    0.6909        31
         cwx     0.7917    0.8636    0.8261        22
         hdx     0.5238    0.6471    0.5789        17
         mtx     0.8667    0.6842    0.7647        19
         nqx     0.7500    0.7500    0.7500        12
         qtx     0.8372    0.8000    0.8182        45
         zxx     0.8261    0.9744    0.8941        39

    accuracy                         0.7838       185
   macro avg     0.7696    0.7617    0.7604       185
weighted avg     0.7904    0.7838    0.7819       185

micro f-score: 0.7837837837837838

========== Train Epoch 48 ==========
Loss: 0.009	Accuracy: 78.92%	Cost 27s
              precision    recall  f1-score   support

         bzx     0.7586    0.7097    0.7333        31
         cwx     0.7600    0.8636    0.8085        22
         hdx     0.5000    0.6471    0.5641        17
         mtx     0.8667    0.6842    0.7647        19
         nqx     0.8182    0.7500    0.7826        12
         qtx     0.8500    0.7556    0.8000        45
         zxx     0.8837    0.9744    0.9268        39

    accuracy                         0.7892       185
   macro avg     0.7767    0.7692    0.7686       185
weighted avg     0.7986    0.7892    0.7901       185

micro f-score: 0.7891891891891892

========== Train Epoch 49 ==========
Loss: 0.008	Accuracy: 77.84%	Cost 28s
              precision    recall  f1-score   support

         bzx     0.7407    0.6452    0.6897        31
         cwx     0.7917    0.8636    0.8261        22
         hdx     0.5238    0.6471    0.5789        17
         mtx     0.8125    0.6842    0.7429        19
         nqx     0.7500    0.7500    0.7500        12
         qtx     0.8500    0.7556    0.8000        45
         zxx     0.8444    0.9744    0.9048        39

    accuracy                         0.7784       185
   macro avg     0.7590    0.7600    0.7560       185
weighted avg     0.7833    0.7784    0.7773       185

micro f-score: 0.7783783783783784

========== Train Epoch 50 ==========
Loss: 0.009	Accuracy: 78.38%	Cost 27s
              precision    recall  f1-score   support

         bzx     0.7000    0.6774    0.6885        31
         cwx     0.7600    0.8636    0.8085        22
         hdx     0.5500    0.6471    0.5946        17
         mtx     0.8667    0.6842    0.7647        19
         nqx     0.8182    0.7500    0.7826        12
         qtx     0.8500    0.7556    0.8000        45
         zxx     0.8636    0.9744    0.9157        39

    accuracy                         0.7838       185
   macro avg     0.7726    0.7646    0.7649       185
weighted avg     0.7891    0.7838    0.7831       185

micro f-score: 0.7837837837837838

========== Train Epoch 51 ==========
Loss: 0.009	Accuracy: 78.38%	Cost 28s
              precision    recall  f1-score   support

         bzx     0.7500    0.6774    0.7119        31
         cwx     0.7917    0.8636    0.8261        22
         hdx     0.5000    0.6471    0.5641        17
         mtx     0.8667    0.6842    0.7647        19
         nqx     0.7500    0.7500    0.7500        12
         qtx     0.8500    0.7556    0.8000        45
         zxx     0.8636    0.9744    0.9157        39

    accuracy                         0.7838       185
   macro avg     0.7674    0.7646    0.7618       185
weighted avg     0.7922    0.7838    0.7842       185

micro f-score: 0.7837837837837838

========== Train Epoch 52 ==========
Loss: 0.010	Accuracy: 78.92%	Cost 28s
              precision    recall  f1-score   support

         bzx     0.7586    0.7097    0.7333        31
         cwx     0.7917    0.8636    0.8261        22
         hdx     0.5000    0.6471    0.5641        17
         mtx     0.8667    0.6842    0.7647        19
         nqx     0.7500    0.7500    0.7500        12
         qtx     0.8500    0.7556    0.8000        45
         zxx     0.8837    0.9744    0.9268        39

    accuracy                         0.7892       185
   macro avg     0.7715    0.7692    0.7664       185
weighted avg     0.7979    0.7892    0.7901       185

micro f-score: 0.7891891891891892

========== Train Epoch 53 ==========
Loss: 0.009	Accuracy: 79.46%	Cost 27s
              precision    recall  f1-score   support

         bzx     0.7586    0.7097    0.7333        31
         cwx     0.7600    0.8636    0.8085        22
         hdx     0.5238    0.6471    0.5789        17
         mtx     0.8667    0.6842    0.7647        19
         nqx     0.8182    0.7500    0.7826        12
         qtx     0.8537    0.7778    0.8140        45
         zxx     0.8837    0.9744    0.9268        39

    accuracy                         0.7946       185
   macro avg     0.7807    0.7724    0.7727       185
weighted avg     0.8017    0.7946    0.7949       185

micro f-score: 0.7945945945945945

========== Train Epoch 54 ==========
Loss: 0.009	Accuracy: 78.92%	Cost 28s
              precision    recall  f1-score   support

         bzx     0.7586    0.7097    0.7333        31
         cwx     0.7600    0.8636    0.8085        22
         hdx     0.5000    0.6471    0.5641        17
         mtx     0.8667    0.6842    0.7647        19
         nqx     0.8182    0.7500    0.7826        12
         qtx     0.8500    0.7556    0.8000        45
         zxx     0.8837    0.9744    0.9268        39

    accuracy                         0.7892       185
   macro avg     0.7767    0.7692    0.7686       185
weighted avg     0.7986    0.7892    0.7901       185

micro f-score: 0.7891891891891892

========== Train Epoch 55 ==========
Epoch    55: reducing learning rate of group 0 to 1.0000e-04.
Loss: 0.010	Accuracy: 80.00%	Cost 28s
              precision    recall  f1-score   support

         bzx     0.7586    0.7097    0.7333        31
         cwx     0.7917    0.8636    0.8261        22
         hdx     0.5238    0.6471    0.5789        17
         mtx     0.8667    0.6842    0.7647        19
         nqx     0.8182    0.7500    0.7826        12
         qtx     0.8571    0.8000    0.8276        45
         zxx     0.8837    0.9744    0.9268        39

    accuracy                         0.8000       185
   macro avg     0.7857    0.7756    0.7772       185
weighted avg     0.8063    0.8000    0.8003       185

micro f-score: 0.8000000000000002

========== Train Epoch 56 ==========
Loss: 0.008	Accuracy: 78.92%	Cost 28s
              precision    recall  f1-score   support

         bzx     0.7586    0.7097    0.7333        31
         cwx     0.7600    0.8636    0.8085        22
         hdx     0.5000    0.6471    0.5641        17
         mtx     0.8667    0.6842    0.7647        19
         nqx     0.8182    0.7500    0.7826        12
         qtx     0.8500    0.7556    0.8000        45
         zxx     0.8837    0.9744    0.9268        39

    accuracy                         0.7892       185
   macro avg     0.7767    0.7692    0.7686       185
weighted avg     0.7986    0.7892    0.7901       185

micro f-score: 0.7891891891891892

========== Train Epoch 57 ==========
Loss: 0.008	Accuracy: 78.92%	Cost 28s
              precision    recall  f1-score   support

         bzx     0.7586    0.7097    0.7333        31
         cwx     0.7600    0.8636    0.8085        22
         hdx     0.5000    0.6471    0.5641        17
         mtx     0.8667    0.6842    0.7647        19
         nqx     0.8182    0.7500    0.7826        12
         qtx     0.8500    0.7556    0.8000        45
         zxx     0.8837    0.9744    0.9268        39

    accuracy                         0.7892       185
   macro avg     0.7767    0.7692    0.7686       185
weighted avg     0.7986    0.7892    0.7901       185

micro f-score: 0.7891891891891892

========== Train Epoch 58 ==========
Loss: 0.008	Accuracy: 78.38%	Cost 28s
              precision    recall  f1-score   support

         bzx     0.7778    0.6774    0.7241        31
         cwx     0.8261    0.8636    0.8444        22
         hdx     0.4400    0.6471    0.5238        17
         mtx     0.8667    0.6842    0.7647        19
         nqx     0.7500    0.7500    0.7500        12
         qtx     0.8500    0.7556    0.8000        45
         zxx     0.8837    0.9744    0.9268        39

    accuracy                         0.7838       185
   macro avg     0.7706    0.7646    0.7620       185
weighted avg     0.7997    0.7838    0.7871       185

micro f-score: 0.7837837837837838

========== Train Epoch 59 ==========
Loss: 0.008	Accuracy: 78.92%	Cost 30s
              precision    recall  f1-score   support

         bzx     0.7586    0.7097    0.7333        31
         cwx     0.7917    0.8636    0.8261        22
         hdx     0.5000    0.6471    0.5641        17
         mtx     0.8667    0.6842    0.7647        19
         nqx     0.7500    0.7500    0.7500        12
         qtx     0.8500    0.7556    0.8000        45
         zxx     0.8837    0.9744    0.9268        39

    accuracy                         0.7892       185
   macro avg     0.7715    0.7692    0.7664       185
weighted avg     0.7979    0.7892    0.7901       185

micro f-score: 0.7891891891891892

========== Train Epoch 60 ==========
Loss: 0.008	Accuracy: 78.92%	Cost 29s
              precision    recall  f1-score   support

         bzx     0.7586    0.7097    0.7333        31
         cwx     0.8261    0.8636    0.8444        22
         hdx     0.4783    0.6471    0.5500        17
         mtx     0.8667    0.6842    0.7647        19
         nqx     0.7500    0.7500    0.7500        12
         qtx     0.8500    0.7556    0.8000        45
         zxx     0.8837    0.9744    0.9268        39

    accuracy                         0.7892       185
   macro avg     0.7733    0.7692    0.7670       185
weighted avg     0.8000    0.7892    0.7910       185

micro f-score: 0.7891891891891892

========== Train Epoch 61 ==========
Loss: 0.008	Accuracy: 78.38%	Cost 27s
              precision    recall  f1-score   support

         bzx     0.7500    0.6774    0.7119        31
         cwx     0.7917    0.8636    0.8261        22
         hdx     0.5000    0.6471    0.5641        17
         mtx     0.8667    0.6842    0.7647        19
         nqx     0.7500    0.7500    0.7500        12
         qtx     0.8500    0.7556    0.8000        45
         zxx     0.8636    0.9744    0.9157        39

    accuracy                         0.7838       185
   macro avg     0.7674    0.7646    0.7618       185
weighted avg     0.7922    0.7838    0.7842       185

micro f-score: 0.7837837837837838

========== Train Epoch 62 ==========
Loss: 0.008	Accuracy: 78.38%	Cost 27s
              precision    recall  f1-score   support

         bzx     0.7500    0.6774    0.7119        31
         cwx     0.7600    0.8636    0.8085        22
         hdx     0.5000    0.6471    0.5641        17
         mtx     0.8667    0.6842    0.7647        19
         nqx     0.8182    0.7500    0.7826        12
         qtx     0.8500    0.7556    0.8000        45
         zxx     0.8636    0.9744    0.9157        39

    accuracy                         0.7838       185
   macro avg     0.7726    0.7646    0.7639       185
weighted avg     0.7929    0.7838    0.7842       185

micro f-score: 0.7837837837837838

========== Train Epoch 63 ==========
Epoch    63: reducing learning rate of group 0 to 1.0000e-05.
Loss: 0.008	Accuracy: 78.92%	Cost 29s
              precision    recall  f1-score   support

         bzx     0.7586    0.7097    0.7333        31
         cwx     0.7917    0.8636    0.8261        22
         hdx     0.5000    0.6471    0.5641        17
         mtx     0.8667    0.6842    0.7647        19
         nqx     0.7500    0.7500    0.7500        12
         qtx     0.8500    0.7556    0.8000        45
         zxx     0.8837    0.9744    0.9268        39

    accuracy                         0.7892       185
   macro avg     0.7715    0.7692    0.7664       185
weighted avg     0.7979    0.7892    0.7901       185

micro f-score: 0.7891891891891892

========== Train Epoch 64 ==========
Loss: 0.008	Accuracy: 78.38%	Cost 27s
              precision    recall  f1-score   support

         bzx     0.7500    0.6774    0.7119        31
         cwx     0.8261    0.8636    0.8444        22
         hdx     0.4783    0.6471    0.5500        17
         mtx     0.8667    0.6842    0.7647        19
         nqx     0.7500    0.7500    0.7500        12
         qtx     0.8500    0.7556    0.8000        45
         zxx     0.8636    0.9744    0.9157        39

    accuracy                         0.7838       185
   macro avg     0.7692    0.7646    0.7624       185
weighted avg     0.7943    0.7838    0.7851       185

micro f-score: 0.7837837837837838

Finished training!!!

Min Loss = 0.008 in epoch 56;
Max Accuracy = 80.00% in epoch 54;
Total Cost 31 minutes

==========================================================================================
Layer (type:depth-idx)                   Output Shape              Param #
==========================================================================================
├─Conv2d: 1-1                            [-1, 64, 160, 160]        9,408
├─BatchNorm2d: 1-2                       [-1, 64, 160, 160]        128
├─ReLU: 1-3                              [-1, 64, 160, 160]        --
├─MaxPool2d: 1-4                         [-1, 64, 80, 80]          --
├─Sequential: 1-5                        [-1, 64, 80, 80]          --
|    └─BasicBlock: 2-1                   [-1, 64, 80, 80]          --
|    |    └─Conv2d: 3-1                  [-1, 64, 80, 80]          36,864
|    |    └─BatchNorm2d: 3-2             [-1, 64, 80, 80]          128
|    |    └─ReLU: 3-3                    [-1, 64, 80, 80]          --
|    |    └─Conv2d: 3-4                  [-1, 64, 80, 80]          36,864
|    |    └─BatchNorm2d: 3-5             [-1, 64, 80, 80]          128
|    |    └─ReLU: 3-6                    [-1, 64, 80, 80]          --
|    └─BasicBlock: 2-2                   [-1, 64, 80, 80]          --
|    |    └─Conv2d: 3-7                  [-1, 64, 80, 80]          36,864
|    |    └─BatchNorm2d: 3-8             [-1, 64, 80, 80]          128
|    |    └─ReLU: 3-9                    [-1, 64, 80, 80]          --
|    |    └─Conv2d: 3-10                 [-1, 64, 80, 80]          36,864
|    |    └─BatchNorm2d: 3-11            [-1, 64, 80, 80]          128
|    |    └─ReLU: 3-12                   [-1, 64, 80, 80]          --
├─Sequential: 1-6                        [-1, 128, 40, 40]         --
|    └─BasicBlock: 2-3                   [-1, 128, 40, 40]         --
|    |    └─Conv2d: 3-13                 [-1, 128, 40, 40]         73,728
|    |    └─BatchNorm2d: 3-14            [-1, 128, 40, 40]         256
|    |    └─ReLU: 3-15                   [-1, 128, 40, 40]         --
|    |    └─Conv2d: 3-16                 [-1, 128, 40, 40]         147,456
|    |    └─BatchNorm2d: 3-17            [-1, 128, 40, 40]         256
|    |    └─Sequential: 3-18             [-1, 128, 40, 40]         8,448
|    |    └─ReLU: 3-19                   [-1, 128, 40, 40]         --
|    └─BasicBlock: 2-4                   [-1, 128, 40, 40]         --
|    |    └─Conv2d: 3-20                 [-1, 128, 40, 40]         147,456
|    |    └─BatchNorm2d: 3-21            [-1, 128, 40, 40]         256
|    |    └─ReLU: 3-22                   [-1, 128, 40, 40]         --
|    |    └─Conv2d: 3-23                 [-1, 128, 40, 40]         147,456
|    |    └─BatchNorm2d: 3-24            [-1, 128, 40, 40]         256
|    |    └─ReLU: 3-25                   [-1, 128, 40, 40]         --
├─Sequential: 1-7                        [-1, 256, 20, 20]         --
|    └─BasicBlock: 2-5                   [-1, 256, 20, 20]         --
|    |    └─Conv2d: 3-26                 [-1, 256, 20, 20]         294,912
|    |    └─BatchNorm2d: 3-27            [-1, 256, 20, 20]         512
|    |    └─ReLU: 3-28                   [-1, 256, 20, 20]         --
|    |    └─Conv2d: 3-29                 [-1, 256, 20, 20]         589,824
|    |    └─BatchNorm2d: 3-30            [-1, 256, 20, 20]         512
|    |    └─Sequential: 3-31             [-1, 256, 20, 20]         33,280
|    |    └─ReLU: 3-32                   [-1, 256, 20, 20]         --
|    └─BasicBlock: 2-6                   [-1, 256, 20, 20]         --
|    |    └─Conv2d: 3-33                 [-1, 256, 20, 20]         589,824
|    |    └─BatchNorm2d: 3-34            [-1, 256, 20, 20]         512
|    |    └─ReLU: 3-35                   [-1, 256, 20, 20]         --
|    |    └─Conv2d: 3-36                 [-1, 256, 20, 20]         589,824
|    |    └─BatchNorm2d: 3-37            [-1, 256, 20, 20]         512
|    |    └─ReLU: 3-38                   [-1, 256, 20, 20]         --
├─Sequential: 1-8                        [-1, 512, 10, 10]         --
|    └─BasicBlock: 2-7                   [-1, 512, 10, 10]         --
|    |    └─Conv2d: 3-39                 [-1, 512, 10, 10]         1,179,648
|    |    └─BatchNorm2d: 3-40            [-1, 512, 10, 10]         1,024
|    |    └─ReLU: 3-41                   [-1, 512, 10, 10]         --
|    |    └─Conv2d: 3-42                 [-1, 512, 10, 10]         2,359,296
|    |    └─BatchNorm2d: 3-43            [-1, 512, 10, 10]         1,024
|    |    └─Sequential: 3-44             [-1, 512, 10, 10]         132,096
|    |    └─ReLU: 3-45                   [-1, 512, 10, 10]         --
|    └─BasicBlock: 2-8                   [-1, 512, 10, 10]         --
|    |    └─Conv2d: 3-46                 [-1, 512, 10, 10]         2,359,296
|    |    └─BatchNorm2d: 3-47            [-1, 512, 10, 10]         1,024
|    |    └─ReLU: 3-48                   [-1, 512, 10, 10]         --
|    |    └─Conv2d: 3-49                 [-1, 512, 10, 10]         2,359,296
|    |    └─BatchNorm2d: 3-50            [-1, 512, 10, 10]         1,024
|    |    └─ReLU: 3-51                   [-1, 512, 10, 10]         --
├─AdaptiveAvgPool2d: 1-9                 [-1, 512, 1, 1]           --
├─Linear: 1-10                           [-1, 7]                   3,591
==========================================================================================
Total params: 11,180,103
Trainable params: 11,180,103
Non-trainable params: 0
Total mult-adds (G): 3.72
==========================================================================================
Input size (MB): 1.17
Forward/backward pass size (MB): 77.34
Params size (MB): 42.65
Estimated Total Size (MB): 121.16
==========================================================================================



