dataset_path: /home/djy/dataset/dataset2
pretrained : False 
parallel: False

msg: ca_spp_resnet18
using model: ResNet, resnet18
using device cuda:0
batch_size = 20
epochs = 128
loss_function = CrossEntropyLoss()
optimizer = Adam (
Parameter Group 0
    amsgrad: False
    betas: (0.9, 0.999)
    eps: 1e-08
    initial_lr: 0.0001
    lr: 0.0001
    weight_decay: 0
)


========== Train Epoch 1 ==========
Loss: 1.828	Accuracy: 26.49%	Cost 29s
              precision    recall  f1-score   support

         bzx     0.3333    0.1935    0.2449        31
         cwx     0.3333    0.1818    0.2353        22
         hdx     0.0000    0.0000    0.0000        17
         mtx     0.0000    0.0000    0.0000        19
         nqx     0.0000    0.0000    0.0000        12
         qtx     0.2632    0.1111    0.1562        45
         zxx     0.2537    0.8718    0.3931        39

    accuracy                         0.2649       185
   macro avg     0.1691    0.1940    0.1471       185
weighted avg     0.2130    0.2649    0.1899       185

micro f-score: 0.2648648648648649

========== Train Epoch 2 ==========
/home/djy/anaconda3/envs/pytorch/lib/python3.7/site-packages/sklearn/metrics/_classification.py:1308: UndefinedMetricWarning: Precision and F-score are ill-defined and being set to 0.0 in labels with no predicted samples. Use `zero_division` parameter to control this behavior.
  _warn_prf(average, modifier, msg_start, len(result))
/home/djy/anaconda3/envs/pytorch/lib/python3.7/site-packages/sklearn/metrics/_classification.py:1308: UndefinedMetricWarning: Precision and F-score are ill-defined and being set to 0.0 in labels with no predicted samples. Use `zero_division` parameter to control this behavior.
  _warn_prf(average, modifier, msg_start, len(result))
/home/djy/anaconda3/envs/pytorch/lib/python3.7/site-packages/sklearn/metrics/_classification.py:1308: UndefinedMetricWarning: Precision and F-score are ill-defined and being set to 0.0 in labels with no predicted samples. Use `zero_division` parameter to control this behavior.
  _warn_prf(average, modifier, msg_start, len(result))
Loss: 1.650	Accuracy: 42.16%	Cost 30s
              precision    recall  f1-score   support

         bzx     0.3030    0.3226    0.3125        31
         cwx     0.4545    0.2273    0.3030        22
         hdx     0.2857    0.1176    0.1667        17
         mtx     0.3125    0.2632    0.2857        19
         nqx     0.3684    0.5833    0.4516        12
         qtx     0.8333    0.4444    0.5797        45
         zxx     0.3867    0.7436    0.5088        39

    accuracy                         0.4216       185
   macro avg     0.4206    0.3860    0.3726       185
weighted avg     0.4713    0.4216    0.4106       185

micro f-score: 0.42162162162162165

========== Train Epoch 3 ==========
Loss: 1.542	Accuracy: 39.46%	Cost 31s
              precision    recall  f1-score   support

         bzx     0.4138    0.3871    0.4000        31
         cwx     0.3333    0.1364    0.1935        22
         hdx     0.2500    0.1765    0.2069        17
         mtx     0.0000    0.0000    0.0000        19
         nqx     0.3750    0.2500    0.3000        12
         qtx     0.5111    0.5111    0.5111        45
         zxx     0.3766    0.7436    0.5000        39

    accuracy                         0.3946       185
   macro avg     0.3228    0.3149    0.3017       185
weighted avg     0.3600    0.3946    0.3582       185

micro f-score: 0.3945945945945946

========== Train Epoch 4 ==========
Loss: 1.472	Accuracy: 44.86%	Cost 29s
              precision    recall  f1-score   support

         bzx     0.4286    0.3871    0.4068        31
         cwx     0.4545    0.2273    0.3030        22
         hdx     0.3333    0.2353    0.2759        17
         mtx     0.3333    0.1053    0.1600        19
         nqx     0.3636    0.3333    0.3478        12
         qtx     0.5000    0.6000    0.5455        45
         zxx     0.4603    0.7436    0.5686        39

    accuracy                         0.4486       185
   macro avg     0.4105    0.3760    0.3725       185
weighted avg     0.4330    0.4486    0.4211       185

micro f-score: 0.4486486486486486

========== Train Epoch 5 ==========
Loss: 1.445	Accuracy: 47.03%	Cost 29s
              precision    recall  f1-score   support

         bzx     0.4000    0.3226    0.3571        31
         cwx     0.4545    0.2273    0.3030        22
         hdx     0.4444    0.2353    0.3077        17
         mtx     0.2857    0.1053    0.1538        19
         nqx     0.4667    0.5833    0.5185        12
         qtx     0.6250    0.5556    0.5882        45
         zxx     0.4359    0.8718    0.5812        39

    accuracy                         0.4703       185
   macro avg     0.4446    0.4144    0.4014       185
weighted avg     0.4655    0.4703    0.4392       185

micro f-score: 0.4702702702702703

========== Train Epoch 6 ==========
Loss: 1.413	Accuracy: 46.49%	Cost 29s
              precision    recall  f1-score   support

         bzx     0.4348    0.3226    0.3704        31
         cwx     0.3571    0.2273    0.2778        22
         hdx     0.4000    0.2353    0.2963        17
         mtx     0.2857    0.1053    0.1538        19
         nqx     0.4667    0.5833    0.5185        12
         qtx     0.5909    0.5778    0.5843        45
         zxx     0.4444    0.8205    0.5766        39

    accuracy                         0.4649       185
   macro avg     0.4257    0.4103    0.3968       185
weighted avg     0.4491    0.4649    0.4354       185

micro f-score: 0.4648648648648649

========== Train Epoch 7 ==========
Loss: 1.402	Accuracy: 47.03%	Cost 31s
              precision    recall  f1-score   support

         bzx     0.4000    0.3226    0.3571        31
         cwx     0.4615    0.2727    0.3429        22
         hdx     0.4000    0.2353    0.2963        17
         mtx     0.2857    0.1053    0.1538        19
         nqx     0.4615    0.5000    0.4800        12
         qtx     0.5952    0.5556    0.5747        45
         zxx     0.4533    0.8718    0.5965        39

    accuracy                         0.4703       185
   macro avg     0.4368    0.4090    0.4002       185
weighted avg     0.4583    0.4703    0.4403       185

micro f-score: 0.4702702702702703

========== Train Epoch 8 ==========
Loss: 1.399	Accuracy: 46.49%	Cost 30s
              precision    recall  f1-score   support

         bzx     0.4194    0.4194    0.4194        31
         cwx     0.4000    0.2727    0.3243        22
         hdx     0.3333    0.1765    0.2308        17
         mtx     0.2500    0.1053    0.1481        19
         nqx     0.5000    0.5833    0.5385        12
         qtx     0.5682    0.5556    0.5618        45
         zxx     0.4688    0.7692    0.5825        39

    accuracy                         0.4649       185
   macro avg     0.4199    0.4117    0.4008       185
weighted avg     0.4436    0.4649    0.4396       185

micro f-score: 0.4648648648648649

========== Train Epoch 9 ==========
Loss: 1.373	Accuracy: 46.49%	Cost 30s
              precision    recall  f1-score   support

         bzx     0.4167    0.3226    0.3636        31
         cwx     0.3571    0.2273    0.2778        22
         hdx     0.3333    0.1765    0.2308        17
         mtx     0.2857    0.1053    0.1538        19
         nqx     0.4706    0.6667    0.5517        12
         qtx     0.6757    0.5556    0.6098        45
         zxx     0.4286    0.8462    0.5690        39

    accuracy                         0.4649       185
   macro avg     0.4240    0.4143    0.3938       185
weighted avg     0.4575    0.4649    0.4350       185

micro f-score: 0.4648648648648649

========== Train Epoch 10 ==========
Loss: 1.370	Accuracy: 45.95%	Cost 32s
              precision    recall  f1-score   support

         bzx     0.3793    0.3548    0.3667        31
         cwx     0.4000    0.2727    0.3243        22
         hdx     0.3077    0.2353    0.2667        17
         mtx     0.3333    0.1053    0.1600        19
         nqx     0.4000    0.5000    0.4444        12
         qtx     0.6667    0.5333    0.5926        45
         zxx     0.4507    0.8205    0.5818        39

    accuracy                         0.4595       185
   macro avg     0.4197    0.4031    0.3909       185
weighted avg     0.4568    0.4595    0.4366       185

micro f-score: 0.4594594594594595

========== Train Epoch 11 ==========
Loss: 1.362	Accuracy: 48.65%	Cost 31s
              precision    recall  f1-score   support

         bzx     0.4400    0.3548    0.3929        31
         cwx     0.4615    0.2727    0.3429        22
         hdx     0.3333    0.1176    0.1739        17
         mtx     0.2857    0.1053    0.1538        19
         nqx     0.4667    0.5833    0.5185        12
         qtx     0.6341    0.5778    0.6047        45
         zxx     0.4615    0.9231    0.6154        39

    accuracy                         0.4865       185
   macro avg     0.4404    0.4192    0.4003       185
weighted avg     0.4704    0.4865    0.4488       185

micro f-score: 0.4864864864864865

========== Train Epoch 12 ==========
Loss: 1.346	Accuracy: 47.03%	Cost 29s
              precision    recall  f1-score   support

         bzx     0.4444    0.3871    0.4138        31
         cwx     0.4000    0.2727    0.3243        22
         hdx     0.3000    0.1765    0.2222        17
         mtx     0.2222    0.1053    0.1429        19
         nqx     0.4615    0.5000    0.4800        12
         qtx     0.6486    0.5333    0.5854        45
         zxx     0.4595    0.8718    0.6018        39

    accuracy                         0.4703       185
   macro avg     0.4195    0.4067    0.3958       185
weighted avg     0.4570    0.4703    0.4434       185

micro f-score: 0.4702702702702703

========== Train Epoch 13 ==========
Loss: 1.328	Accuracy: 48.11%	Cost 31s
              precision    recall  f1-score   support

         bzx     0.4348    0.3226    0.3704        31
         cwx     0.4118    0.3182    0.3590        22
         hdx     0.3750    0.1765    0.2400        17
         mtx     0.2857    0.1053    0.1538        19
         nqx     0.4706    0.6667    0.5517        12
         qtx     0.6579    0.5556    0.6024        45
         zxx     0.4533    0.8718    0.5965        39

    accuracy                         0.4811       185
   macro avg     0.4413    0.4309    0.4105       185
weighted avg     0.4717    0.4811    0.4507       185

micro f-score: 0.4810810810810811

========== Train Epoch 14 ==========
Loss: 1.300	Accuracy: 48.65%	Cost 30s
              precision    recall  f1-score   support

         bzx     0.4231    0.3548    0.3860        31
         cwx     0.3684    0.3182    0.3415        22
         hdx     0.3636    0.2353    0.2857        17
         mtx     0.2857    0.1053    0.1538        19
         nqx     0.4706    0.6667    0.5517        12
         qtx     0.6757    0.5556    0.6098        45
         zxx     0.4853    0.8462    0.6168        39

    accuracy                         0.4865       185
   macro avg     0.4389    0.4403    0.4208       185
weighted avg     0.4746    0.4865    0.4615       185

micro f-score: 0.4864864864864865

========== Train Epoch 15 ==========
Loss: 1.304	Accuracy: 48.65%	Cost 30s
              precision    recall  f1-score   support

         bzx     0.4783    0.3548    0.4074        31
         cwx     0.3889    0.3182    0.3500        22
         hdx     0.2857    0.1176    0.1667        17
         mtx     0.3750    0.1579    0.2222        19
         nqx     0.5000    0.6667    0.5714        12
         qtx     0.7059    0.5333    0.6076        45
         zxx     0.4430    0.8974    0.5932        39

    accuracy                         0.4865       185
   macro avg     0.4538    0.4351    0.4169       185
weighted avg     0.4887    0.4865    0.4579       185

micro f-score: 0.4864864864864865

========== Train Epoch 16 ==========
Loss: 1.297	Accuracy: 50.81%	Cost 30s
              precision    recall  f1-score   support

         bzx     0.4583    0.3548    0.4000        31
         cwx     0.4444    0.3636    0.4000        22
         hdx     0.4286    0.1765    0.2500        17
         mtx     0.5000    0.1579    0.2400        19
         nqx     0.5000    0.6667    0.5714        12
         qtx     0.6429    0.6000    0.6207        45
         zxx     0.4722    0.8718    0.6126        39

    accuracy                         0.5081       185
   macro avg     0.4923    0.4559    0.4421       185
weighted avg     0.5087    0.5081    0.4794       185

micro f-score: 0.5081081081081081

========== Train Epoch 17 ==========
Loss: 1.276	Accuracy: 51.89%	Cost 31s
              precision    recall  f1-score   support

         bzx     0.4595    0.5484    0.5000        31
         cwx     0.4500    0.4091    0.4286        22
         hdx     0.3846    0.2941    0.3333        17
         mtx     0.3333    0.1053    0.1600        19
         nqx     0.4615    0.5000    0.4800        12
         qtx     0.6667    0.5778    0.6190        45
         zxx     0.5439    0.7949    0.6458        39

    accuracy                         0.5189       185
   macro avg     0.4714    0.4614    0.4524       185
weighted avg     0.5068    0.5189    0.4997       185

micro f-score: 0.518918918918919

========== Train Epoch 18 ==========
Loss: 1.264	Accuracy: 50.81%	Cost 31s
              precision    recall  f1-score   support

         bzx     0.4643    0.4194    0.4407        31
         cwx     0.4706    0.3636    0.4103        22
         hdx     0.3000    0.1765    0.2222        17
         mtx     0.4286    0.1579    0.2308        19
         nqx     0.5000    0.6667    0.5714        12
         qtx     0.6944    0.5556    0.6173        45
         zxx     0.4789    0.8718    0.6182        39

    accuracy                         0.5081       185
   macro avg     0.4767    0.4588    0.4444       185
weighted avg     0.5076    0.5081    0.4843       185

micro f-score: 0.5081081081081081

========== Train Epoch 19 ==========
Loss: 1.243	Accuracy: 52.43%	Cost 32s
              precision    recall  f1-score   support

         bzx     0.4848    0.5161    0.5000        31
         cwx     0.4706    0.3636    0.4103        22
         hdx     0.4000    0.2353    0.2963        17
         mtx     0.5000    0.1579    0.2400        19
         nqx     0.4706    0.6667    0.5517        12
         qtx     0.6944    0.5556    0.6173        45
         zxx     0.5000    0.8462    0.6286        39

    accuracy                         0.5243       185
   macro avg     0.5029    0.4773    0.4634       185
weighted avg     0.5302    0.5243    0.5029       185

micro f-score: 0.5243243243243243

========== Train Epoch 20 ==========
Loss: 1.242	Accuracy: 53.51%	Cost 31s
              precision    recall  f1-score   support

         bzx     0.5517    0.5161    0.5333        31
         cwx     0.4706    0.3636    0.4103        22
         hdx     0.3636    0.2353    0.2857        17
         mtx     0.4000    0.1053    0.1667        19
         nqx     0.5000    0.6667    0.5714        12
         qtx     0.7027    0.5778    0.6341        45
         zxx     0.5000    0.8974    0.6422        39

    accuracy                         0.5351       185
   macro avg     0.4984    0.4803    0.4634       185
weighted avg     0.5317    0.5351    0.5082       185

micro f-score: 0.5351351351351351

========== Train Epoch 21 ==========
Loss: 1.223	Accuracy: 54.05%	Cost 29s
              precision    recall  f1-score   support

         bzx     0.4857    0.5484    0.5152        31
         cwx     0.4545    0.4545    0.4545        22
         hdx     0.3636    0.2353    0.2857        17
         mtx     0.4286    0.1579    0.2308        19
         nqx     0.5000    0.5833    0.5385        12
         qtx     0.6667    0.5778    0.6190        45
         zxx     0.5789    0.8462    0.6875        39

    accuracy                         0.5405       185
   macro avg     0.4969    0.4862    0.4759       185
weighted avg     0.5295    0.5405    0.5208       185

micro f-score: 0.5405405405405406

========== Train Epoch 22 ==========
Loss: 1.229	Accuracy: 52.43%	Cost 30s
              precision    recall  f1-score   support

         bzx     0.4706    0.5161    0.4923        31
         cwx     0.4706    0.3636    0.4103        22
         hdx     0.4545    0.2941    0.3571        17
         mtx     0.3750    0.1579    0.2222        19
         nqx     0.5000    0.6667    0.5714        12
         qtx     0.6842    0.5778    0.6265        45
         zxx     0.5082    0.7949    0.6200        39

    accuracy                         0.5243       185
   macro avg     0.4947    0.4816    0.4714       185
weighted avg     0.5211    0.5243    0.5071       185

micro f-score: 0.5243243243243243

========== Train Epoch 23 ==========
Loss: 1.200	Accuracy: 50.81%	Cost 30s
              precision    recall  f1-score   support

         bzx     0.5000    0.4194    0.4561        31
         cwx     0.4211    0.3636    0.3902        22
         hdx     0.3125    0.2941    0.3030        17
         mtx     0.4000    0.1053    0.1667        19
         nqx     0.4667    0.5833    0.5185        12
         qtx     0.6579    0.5556    0.6024        45
         zxx     0.5152    0.8718    0.6476        39

    accuracy                         0.5081       185
   macro avg     0.4676    0.4562    0.4407       185
weighted avg     0.5026    0.5081    0.4845       185

micro f-score: 0.5081081081081081

========== Train Epoch 24 ==========
Loss: 1.203	Accuracy: 54.59%	Cost 29s
              precision    recall  f1-score   support

         bzx     0.4737    0.5806    0.5217        31
         cwx     0.4762    0.4545    0.4651        22
         hdx     0.3571    0.2941    0.3226        17
         mtx     0.5000    0.1053    0.1739        19
         nqx     0.5333    0.6667    0.5926        12
         qtx     0.6136    0.6000    0.6067        45
         zxx     0.6327    0.7949    0.7045        39

    accuracy                         0.5459       185
   macro avg     0.5124    0.4994    0.4839       185
weighted avg     0.5374    0.5459    0.5248       185

micro f-score: 0.5459459459459459

========== Train Epoch 25 ==========
Loss: 1.199	Accuracy: 53.51%	Cost 31s
              precision    recall  f1-score   support

         bzx     0.4750    0.6129    0.5352        31
         cwx     0.5294    0.4091    0.4615        22
         hdx     0.3571    0.2941    0.3226        17
         mtx     0.2500    0.1053    0.1481        19
         nqx     0.6154    0.6667    0.6400        12
         qtx     0.7188    0.5111    0.5974        45
         zxx     0.5410    0.8462    0.6600        39

    accuracy                         0.5351       185
   macro avg     0.4981    0.4922    0.4807       185
weighted avg     0.5298    0.5351    0.5154       185

micro f-score: 0.5351351351351351

========== Train Epoch 26 ==========
Loss: 1.170	Accuracy: 55.14%	Cost 31s
              precision    recall  f1-score   support

         bzx     0.5000    0.5806    0.5373        31
         cwx     0.4444    0.5455    0.4898        22
         hdx     0.3077    0.2353    0.2667        17
         mtx     0.4444    0.2105    0.2857        19
         nqx     0.5000    0.7500    0.6000        12
         qtx     0.7143    0.5556    0.6250        45
         zxx     0.6383    0.7692    0.6977        39

    accuracy                         0.5514       185
   macro avg     0.5070    0.5210    0.5003       185
weighted avg     0.5513    0.5514    0.5402       185

micro f-score: 0.5513513513513514

========== Train Epoch 27 ==========
Loss: 1.167	Accuracy: 52.97%	Cost 31s
              precision    recall  f1-score   support

         bzx     0.5000    0.3871    0.4364        31
         cwx     0.4737    0.4091    0.4390        22
         hdx     0.4167    0.2941    0.3448        17
         mtx     0.5714    0.2105    0.3077        19
         nqx     0.5294    0.7500    0.6207        12
         qtx     0.6944    0.5556    0.6173        45
         zxx     0.4857    0.8718    0.6239        39

    accuracy                         0.5297       185
   macro avg     0.5245    0.4969    0.4842       185
weighted avg     0.5427    0.5297    0.5105       185

micro f-score: 0.5297297297297298

========== Train Epoch 28 ==========
Loss: 1.159	Accuracy: 56.22%	Cost 29s
              precision    recall  f1-score   support

         bzx     0.4722    0.5484    0.5075        31
         cwx     0.4286    0.5455    0.4800        22
         hdx     0.3846    0.2941    0.3333        17
         mtx     0.5000    0.2105    0.2963        19
         nqx     0.5294    0.7500    0.6207        12
         qtx     0.6842    0.5778    0.6265        45
         zxx     0.6889    0.7949    0.7381        39

    accuracy                         0.5622       185
   macro avg     0.5268    0.5316    0.5146       185
weighted avg     0.5628    0.5622    0.5514       185

micro f-score: 0.5621621621621622

========== Train Epoch 29 ==========
Loss: 1.162	Accuracy: 55.68%	Cost 31s
              precision    recall  f1-score   support

         bzx     0.5172    0.4839    0.5000        31
         cwx     0.5000    0.4545    0.4762        22
         hdx     0.3750    0.3529    0.3636        17
         mtx     0.5714    0.2105    0.3077        19
         nqx     0.5000    0.6667    0.5714        12
         qtx     0.6923    0.6000    0.6429        45
         zxx     0.5690    0.8462    0.6804        39

    accuracy                         0.5568       185
   macro avg     0.5321    0.5164    0.5060       185
weighted avg     0.5601    0.5568    0.5423       185

micro f-score: 0.5567567567567567

========== Train Epoch 30 ==========
Loss: 1.162	Accuracy: 55.14%	Cost 30s
              precision    recall  f1-score   support

         bzx     0.5714    0.5161    0.5424        31
         cwx     0.4583    0.5000    0.4783        22
         hdx     0.3333    0.1765    0.2308        17
         mtx     0.4444    0.2105    0.2857        19
         nqx     0.6667    0.6667    0.6667        12
         qtx     0.6500    0.5778    0.6118        45
         zxx     0.5397    0.8718    0.6667        39

    accuracy                         0.5514       185
   macro avg     0.5234    0.5028    0.4975       185
weighted avg     0.5417    0.5514    0.5309       185

micro f-score: 0.5513513513513514

========== Train Epoch 31 ==========
Loss: 1.131	Accuracy: 54.05%	Cost 30s
              precision    recall  f1-score   support

         bzx     0.4516    0.4516    0.4516        31
         cwx     0.5000    0.5000    0.5000        22
         hdx     0.3750    0.3529    0.3636        17
         mtx     0.5714    0.2105    0.3077        19
         nqx     0.5000    0.7500    0.6000        12
         qtx     0.7188    0.5111    0.5974        45
         zxx     0.5593    0.8462    0.6735        39

    accuracy                         0.5405       185
   macro avg     0.5252    0.5175    0.4991       185
weighted avg     0.5535    0.5405    0.5264       185

micro f-score: 0.5405405405405406

========== Train Epoch 32 ==========
Loss: 1.100	Accuracy: 54.59%	Cost 31s
              precision    recall  f1-score   support

         bzx     0.4783    0.3548    0.4074        31
         cwx     0.5200    0.5909    0.5532        22
         hdx     0.3000    0.1765    0.2222        17
         mtx     0.5000    0.2105    0.2963        19
         nqx     0.6429    0.7500    0.6923        12
         qtx     0.7429    0.5778    0.6500        45
         zxx     0.5000    0.8974    0.6422        39

    accuracy                         0.5459       185
   macro avg     0.5263    0.5083    0.4948       185
weighted avg     0.5487    0.5459    0.5233       185

micro f-score: 0.5459459459459459

========== Train Epoch 33 ==========
Loss: 1.111	Accuracy: 55.68%	Cost 30s
              precision    recall  f1-score   support

         bzx     0.4500    0.5806    0.5070        31
         cwx     0.4783    0.5000    0.4889        22
         hdx     0.3333    0.1765    0.2308        17
         mtx     0.6667    0.2105    0.3200        19
         nqx     0.5294    0.7500    0.6207        12
         qtx     0.6923    0.6000    0.6429        45
         zxx     0.6078    0.7949    0.6889        39

    accuracy                         0.5568       185
   macro avg     0.5368    0.5161    0.4999       185
weighted avg     0.5623    0.5568    0.5390       185

micro f-score: 0.5567567567567567

========== Train Epoch 34 ==========
Loss: 1.113	Accuracy: 55.68%	Cost 30s
              precision    recall  f1-score   support

         bzx     0.5833    0.4516    0.5091        31
         cwx     0.5000    0.4545    0.4762        22
         hdx     0.3750    0.1765    0.2400        17
         mtx     0.8000    0.2105    0.3333        19
         nqx     0.5000    0.7500    0.6000        12
         qtx     0.6829    0.6222    0.6512        45
         zxx     0.5072    0.8974    0.6481        39

    accuracy                         0.5568       185
   macro avg     0.5641    0.5090    0.4940       185
weighted avg     0.5793    0.5568    0.5322       185

micro f-score: 0.5567567567567567

========== Train Epoch 35 ==========
Loss: 1.080	Accuracy: 55.14%	Cost 31s
              precision    recall  f1-score   support

         bzx     0.4615    0.3871    0.4211        31
         cwx     0.4800    0.5455    0.5106        22
         hdx     0.3846    0.2941    0.3333        17
         mtx     0.4444    0.2105    0.2857        19
         nqx     0.6429    0.7500    0.6923        12
         qtx     0.7027    0.5778    0.6341        45
         zxx     0.5574    0.8718    0.6800        39

    accuracy                         0.5514       185
   macro avg     0.5248    0.5195    0.5082       185
weighted avg     0.5455    0.5514    0.5338       185

micro f-score: 0.5513513513513514

========== Train Epoch 36 ==========
Loss: 1.070	Accuracy: 56.76%	Cost 30s
              precision    recall  f1-score   support

         bzx     0.4857    0.5484    0.5152        31
         cwx     0.4615    0.5455    0.5000        22
         hdx     0.3636    0.2353    0.2857        17
         mtx     0.3636    0.2105    0.2667        19
         nqx     0.6923    0.7500    0.7200        12
         qtx     0.6923    0.6000    0.6429        45
         zxx     0.6400    0.8205    0.7191        39

    accuracy                         0.5676       185
   macro avg     0.5284    0.5300    0.5214       185
weighted avg     0.5553    0.5676    0.5541       185

micro f-score: 0.5675675675675675

========== Train Epoch 37 ==========
Loss: 1.064	Accuracy: 54.05%	Cost 31s
              precision    recall  f1-score   support

         bzx     0.4286    0.3871    0.4068        31
         cwx     0.5500    0.5000    0.5238        22
         hdx     0.3846    0.2941    0.3333        17
         mtx     0.5000    0.2105    0.2963        19
         nqx     0.5294    0.7500    0.6207        12
         qtx     0.7576    0.5556    0.6410        45
         zxx     0.5152    0.8718    0.6476        39

    accuracy                         0.5405       185
   macro avg     0.5236    0.5099    0.4957       185
weighted avg     0.5511    0.5405    0.5242       185

micro f-score: 0.5405405405405406

========== Train Epoch 38 ==========
Loss: 1.071	Accuracy: 55.14%	Cost 31s
              precision    recall  f1-score   support

         bzx     0.5385    0.4516    0.4912        31
         cwx     0.4800    0.5455    0.5106        22
         hdx     0.3571    0.2941    0.3226        17
         mtx     0.3000    0.1579    0.2069        19
         nqx     0.7500    0.5000    0.6000        12
         qtx     0.6364    0.6222    0.6292        45
         zxx     0.5862    0.8718    0.7010        39

    accuracy                         0.5514       185
   macro avg     0.5212    0.4919    0.4945       185
weighted avg     0.5380    0.5514    0.5337       185

micro f-score: 0.5513513513513514

========== Train Epoch 39 ==========
Loss: 1.049	Accuracy: 56.76%	Cost 31s
              precision    recall  f1-score   support

         bzx     0.5000    0.4516    0.4746        31
         cwx     0.4828    0.6364    0.5490        22
         hdx     0.3846    0.2941    0.3333        17
         mtx     0.6667    0.2105    0.3200        19
         nqx     0.4737    0.7500    0.5806        12
         qtx     0.7576    0.5556    0.6410        45
         zxx     0.5965    0.8718    0.7083        39

    accuracy                         0.5676       185
   macro avg     0.5517    0.5386    0.5153       185
weighted avg     0.5858    0.5676    0.5512       185

micro f-score: 0.5675675675675675

========== Train Epoch 40 ==========
Loss: 1.020	Accuracy: 56.22%	Cost 30s
              precision    recall  f1-score   support

         bzx     0.5000    0.4839    0.4918        31
         cwx     0.4815    0.5909    0.5306        22
         hdx     0.3333    0.2353    0.2759        17
         mtx     0.4000    0.2105    0.2759        19
         nqx     0.6000    0.7500    0.6667        12
         qtx     0.7647    0.5778    0.6582        45
         zxx     0.5789    0.8462    0.6875        39

    accuracy                         0.5622       185
   macro avg     0.5226    0.5278    0.5124       185
weighted avg     0.5597    0.5622    0.5475       185

micro f-score: 0.5621621621621622

========== Train Epoch 41 ==========
Loss: 1.032	Accuracy: 57.30%	Cost 32s
              precision    recall  f1-score   support

         bzx     0.5312    0.5484    0.5397        31
         cwx     0.5000    0.5455    0.5217        22
         hdx     0.4167    0.2941    0.3448        17
         mtx     0.5714    0.2105    0.3077        19
         nqx     0.5294    0.7500    0.6207        12
         qtx     0.6905    0.6444    0.6667        45
         zxx     0.5882    0.7692    0.6667        39

    accuracy                         0.5730       185
   macro avg     0.5468    0.5375    0.5240       185
weighted avg     0.5718    0.5730    0.5587       185

micro f-score: 0.572972972972973

========== Train Epoch 42 ==========
Loss: 1.018	Accuracy: 57.84%	Cost 29s
              precision    recall  f1-score   support

         bzx     0.5652    0.4194    0.4815        31
         cwx     0.5217    0.5455    0.5333        22
         hdx     0.3846    0.2941    0.3333        17
         mtx     0.5714    0.2105    0.3077        19
         nqx     0.6000    0.7500    0.6667        12
         qtx     0.7436    0.6444    0.6905        45
         zxx     0.5385    0.8974    0.6731        39

    accuracy                         0.5784       185
   macro avg     0.5607    0.5373    0.5266       185
weighted avg     0.5841    0.5784    0.5594       185

micro f-score: 0.5783783783783784

========== Train Epoch 43 ==========
Loss: 1.016	Accuracy: 58.92%	Cost 31s
              precision    recall  f1-score   support

         bzx     0.5385    0.4516    0.4912        31
         cwx     0.6000    0.6818    0.6383        22
         hdx     0.4000    0.3529    0.3750        17
         mtx     0.4000    0.2105    0.2759        19
         nqx     0.6923    0.7500    0.7200        12
         qtx     0.8125    0.5778    0.6753        45
         zxx     0.5469    0.8974    0.6796        39

    accuracy                         0.5892       185
   macro avg     0.5700    0.5603    0.5508       185
weighted avg     0.5972    0.5892    0.5753       185

micro f-score: 0.5891891891891892

========== Train Epoch 44 ==========
Loss: 1.004	Accuracy: 56.76%	Cost 31s
              precision    recall  f1-score   support

         bzx     0.5652    0.4194    0.4815        31
         cwx     0.5714    0.5455    0.5581        22
         hdx     0.4000    0.3529    0.3750        17
         mtx     0.4000    0.2105    0.2759        19
         nqx     0.6429    0.7500    0.6923        12
         qtx     0.7222    0.5778    0.6420        45
         zxx     0.5303    0.8974    0.6667        39

    accuracy                         0.5676       185
   macro avg     0.5474    0.5362    0.5273       185
weighted avg     0.5697    0.5676    0.5514       185

micro f-score: 0.5675675675675675

========== Train Epoch 45 ==========
Loss: 0.986	Accuracy: 57.84%	Cost 30s
              precision    recall  f1-score   support

         bzx     0.4688    0.4839    0.4762        31
         cwx     0.5000    0.6818    0.5769        22
         hdx     0.3846    0.2941    0.3333        17
         mtx     0.3000    0.1579    0.2069        19
         nqx     0.6923    0.7500    0.7200        12
         qtx     0.8125    0.5778    0.6753        45
         zxx     0.6182    0.8718    0.7234        39

    accuracy                         0.5784       185
   macro avg     0.5395    0.5453    0.5303       185
weighted avg     0.5770    0.5784    0.5638       185

micro f-score: 0.5783783783783784

========== Train Epoch 46 ==========
Loss: 0.985	Accuracy: 57.84%	Cost 32s
              precision    recall  f1-score   support

         bzx     0.5652    0.4194    0.4815        31
         cwx     0.5455    0.5455    0.5455        22
         hdx     0.4167    0.2941    0.3448        17
         mtx     0.5714    0.2105    0.3077        19
         nqx     0.5625    0.7500    0.6429        12
         qtx     0.7436    0.6444    0.6905        45
         zxx     0.5303    0.8974    0.6667        39

    accuracy                         0.5784       185
   macro avg     0.5622    0.5373    0.5256       185
weighted avg     0.5857    0.5784    0.5590       185

micro f-score: 0.5783783783783784

========== Train Epoch 47 ==========
Loss: 0.977	Accuracy: 56.76%	Cost 32s
              precision    recall  f1-score   support

         bzx     0.4643    0.4194    0.4407        31
         cwx     0.5172    0.6818    0.5882        22
         hdx     0.3571    0.2941    0.3226        17
         mtx     0.3333    0.1579    0.2143        19
         nqx     0.6000    0.7500    0.6667        12
         qtx     0.7105    0.6000    0.6506        45
         zxx     0.6346    0.8462    0.7253        39

    accuracy                         0.5676       185
   macro avg     0.5167    0.5356    0.5155       185
weighted avg     0.5519    0.5676    0.5498       185

micro f-score: 0.5675675675675675

========== Train Epoch 48 ==========
Loss: 0.958	Accuracy: 60.54%	Cost 30s
              precision    recall  f1-score   support

         bzx     0.5909    0.4194    0.4906        31
         cwx     0.5556    0.6818    0.6122        22
         hdx     0.4615    0.3529    0.4000        17
         mtx     0.3636    0.2105    0.2667        19
         nqx     0.7500    0.7500    0.7500        12
         qtx     0.7273    0.7111    0.7191        45
         zxx     0.5893    0.8462    0.6947        39

    accuracy                         0.6054       185
   macro avg     0.5769    0.5674    0.5619       185
weighted avg     0.5946    0.6054    0.5892       185

micro f-score: 0.6054054054054054

========== Train Epoch 49 ==========
Loss: 0.951	Accuracy: 56.22%	Cost 30s
              precision    recall  f1-score   support

         bzx     0.4828    0.4516    0.4667        31
         cwx     0.4545    0.6818    0.5455        22
         hdx     0.4000    0.2353    0.2963        17
         mtx     0.5000    0.2105    0.2963        19
         nqx     0.6000    0.7500    0.6667        12
         qtx     0.7568    0.6222    0.6829        45
         zxx     0.5660    0.7692    0.6522        39

    accuracy                         0.5622       185
   macro avg     0.5372    0.5315    0.5152       185
weighted avg     0.5654    0.5622    0.5476       185

micro f-score: 0.5621621621621622

========== Train Epoch 50 ==========
Loss: 0.959	Accuracy: 60.00%	Cost 31s
              precision    recall  f1-score   support

         bzx     0.5652    0.4194    0.4815        31
         cwx     0.6190    0.5909    0.6047        22
         hdx     0.4000    0.3529    0.3750        17
         mtx     0.4000    0.2105    0.2759        19
         nqx     0.6923    0.7500    0.7200        12
         qtx     0.7750    0.6889    0.7294        45
         zxx     0.5556    0.8974    0.6863        39

    accuracy                         0.6000       185
   macro avg     0.5724    0.5586    0.5532       185
weighted avg     0.5967    0.6000    0.5842       185

micro f-score: 0.6

========== Train Epoch 51 ==========
Loss: 0.950	Accuracy: 58.92%	Cost 31s
              precision    recall  f1-score   support

         bzx     0.5200    0.4194    0.4643        31
         cwx     0.6250    0.6818    0.6522        22
         hdx     0.3846    0.2941    0.3333        17
         mtx     0.3750    0.1579    0.2222        19
         nqx     0.6923    0.7500    0.7200        12
         qtx     0.8286    0.6444    0.7250        45
         zxx     0.5224    0.8974    0.6604        39

    accuracy                         0.5892       185
   macro avg     0.5640    0.5493    0.5396       185
weighted avg     0.5919    0.5892    0.5711       185

micro f-score: 0.5891891891891892

========== Train Epoch 52 ==========
Loss: 0.937	Accuracy: 58.92%	Cost 30s
              precision    recall  f1-score   support

         bzx     0.5714    0.3871    0.4615        31
         cwx     0.5600    0.6364    0.5957        22
         hdx     0.3571    0.2941    0.3226        17
         mtx     0.5714    0.2105    0.3077        19
         nqx     0.5625    0.7500    0.6429        12
         qtx     0.7895    0.6667    0.7229        45
         zxx     0.5469    0.8974    0.6796        39

    accuracy                         0.5892       185
   macro avg     0.5655    0.5489    0.5333       185
weighted avg     0.5977    0.5892    0.5702       185

micro f-score: 0.5891891891891892

========== Train Epoch 53 ==========
Loss: 0.923	Accuracy: 57.30%	Cost 30s
              precision    recall  f1-score   support

         bzx     0.5172    0.4839    0.5000        31
         cwx     0.4615    0.5455    0.5000        22
         hdx     0.3636    0.2353    0.2857        17
         mtx     0.3636    0.2105    0.2667        19
         nqx     0.5625    0.7500    0.6429        12
         qtx     0.7045    0.6889    0.6966        45
         zxx     0.6458    0.7949    0.7126        39

    accuracy                         0.5730       185
   macro avg     0.5170    0.5298    0.5149       185
weighted avg     0.5563    0.5730    0.5583       185

micro f-score: 0.572972972972973

========== Train Epoch 54 ==========
Loss: 0.898	Accuracy: 58.38%	Cost 32s
              precision    recall  f1-score   support

         bzx     0.5185    0.4516    0.4828        31
         cwx     0.4839    0.6818    0.5660        22
         hdx     0.3636    0.2353    0.2857        17
         mtx     0.5714    0.2105    0.3077        19
         nqx     0.5000    0.7500    0.6000        12
         qtx     0.7143    0.6667    0.6897        45
         zxx     0.6531    0.8205    0.7273        39

    accuracy                         0.5838       185
   macro avg     0.5435    0.5452    0.5227       185
weighted avg     0.5804    0.5838    0.5661       185

micro f-score: 0.5837837837837838

========== Train Epoch 55 ==========
Loss: 0.892	Accuracy: 59.46%	Cost 31s
              precision    recall  f1-score   support

         bzx     0.5185    0.4516    0.4828        31
         cwx     0.5000    0.6818    0.5769        22
         hdx     0.4167    0.2941    0.3448        17
         mtx     0.5000    0.2632    0.3448        19
         nqx     0.5625    0.7500    0.6429        12
         qtx     0.7949    0.6889    0.7381        45
         zxx     0.6078    0.7949    0.6889        39

    accuracy                         0.5946       185
   macro avg     0.5572    0.5606    0.5456       185
weighted avg     0.5940    0.5946    0.5831       185

micro f-score: 0.5945945945945946

========== Train Epoch 56 ==========
Loss: 0.884	Accuracy: 60.00%	Cost 31s
              precision    recall  f1-score   support

         bzx     0.5135    0.6129    0.5588        31
         cwx     0.5000    0.6818    0.5769        22
         hdx     0.5455    0.3529    0.4286        17
         mtx     0.5000    0.1579    0.2400        19
         nqx     0.5294    0.7500    0.6207        12
         qtx     0.7143    0.6667    0.6897        45
         zxx     0.6905    0.7436    0.7160        39

    accuracy                         0.6000       185
   macro avg     0.5704    0.5665    0.5472       185
weighted avg     0.6006    0.6000    0.5852       185

micro f-score: 0.6

========== Train Epoch 57 ==========
Loss: 0.882	Accuracy: 57.84%	Cost 29s
              precision    recall  f1-score   support

         bzx     0.5000    0.3871    0.4364        31
         cwx     0.5417    0.5909    0.5652        22
         hdx     0.4545    0.2941    0.3571        17
         mtx     0.4444    0.2105    0.2857        19
         nqx     0.5294    0.7500    0.6207        12
         qtx     0.7381    0.6889    0.7126        45
         zxx     0.5690    0.8462    0.6804        39

    accuracy                         0.5784       185
   macro avg     0.5396    0.5382    0.5226       185
weighted avg     0.5694    0.5784    0.5595       185

micro f-score: 0.5783783783783784

========== Train Epoch 58 ==========
Loss: 0.863	Accuracy: 61.08%	Cost 29s
              precision    recall  f1-score   support

         bzx     0.5385    0.4516    0.4912        31
         cwx     0.5652    0.5909    0.5778        22
         hdx     0.4211    0.4706    0.4444        17
         mtx     0.5714    0.2105    0.3077        19
         nqx     0.6923    0.7500    0.7200        12
         qtx     0.7333    0.7333    0.7333        45
         zxx     0.6154    0.8205    0.7033        39

    accuracy                         0.6108       185
   macro avg     0.5910    0.5754    0.5683       185
weighted avg     0.6078    0.6108    0.5968       185

micro f-score: 0.6108108108108108

========== Train Epoch 59 ==========
Loss: 0.864	Accuracy: 59.46%	Cost 30s
              precision    recall  f1-score   support

         bzx     0.5000    0.4516    0.4746        31
         cwx     0.5000    0.5909    0.5417        22
         hdx     0.4000    0.3529    0.3750        17
         mtx     0.4444    0.2105    0.2857        19
         nqx     0.5294    0.7500    0.6207        12
         qtx     0.7674    0.7333    0.7500        45
         zxx     0.6596    0.7949    0.7209        39

    accuracy                         0.5946       185
   macro avg     0.5430    0.5549    0.5384       185
weighted avg     0.5857    0.5946    0.5824       185

micro f-score: 0.5945945945945946

========== Train Epoch 60 ==========
Loss: 0.847	Accuracy: 60.00%	Cost 30s
              precision    recall  f1-score   support

         bzx     0.5357    0.4839    0.5085        31
         cwx     0.5600    0.6364    0.5957        22
         hdx     0.4706    0.4706    0.4706        17
         mtx     0.5714    0.2105    0.3077        19
         nqx     0.6923    0.7500    0.7200        12
         qtx     0.7568    0.6222    0.6829        45
         zxx     0.5690    0.8462    0.6804        39

    accuracy                         0.6000       185
   macro avg     0.5937    0.5742    0.5665       185
weighted avg     0.6072    0.6000    0.5872       185

micro f-score: 0.6

========== Train Epoch 61 ==========
Loss: 0.850	Accuracy: 60.54%	Cost 30s
              precision    recall  f1-score   support

         bzx     0.5556    0.4839    0.5172        31
         cwx     0.5385    0.6364    0.5833        22
         hdx     0.4167    0.2941    0.3448        17
         mtx     0.4444    0.2105    0.2857        19
         nqx     0.6000    0.7500    0.6667        12
         qtx     0.7619    0.7111    0.7356        45
         zxx     0.6111    0.8462    0.7097        39

    accuracy                         0.6054       185
   macro avg     0.5612    0.5617    0.5490       185
weighted avg     0.5941    0.6054    0.5889       185

micro f-score: 0.6054054054054054

========== Train Epoch 62 ==========
Loss: 0.836	Accuracy: 60.54%	Cost 30s
              precision    recall  f1-score   support

         bzx     0.5161    0.5161    0.5161        31
         cwx     0.5600    0.6364    0.5957        22
         hdx     0.5000    0.4118    0.4516        17
         mtx     0.3636    0.2105    0.2667        19
         nqx     0.7500    0.7500    0.7500        12
         qtx     0.7143    0.6667    0.6897        45
         zxx     0.6400    0.8205    0.7191        39

    accuracy                         0.6054       185
   macro avg     0.5777    0.5731    0.5698       185
weighted avg     0.5937    0.6054    0.5942       185

micro f-score: 0.6054054054054054

========== Train Epoch 63 ==========
Loss: 0.808	Accuracy: 60.00%	Cost 29s
              precision    recall  f1-score   support

         bzx     0.5000    0.4194    0.4561        31
         cwx     0.5833    0.6364    0.6087        22
         hdx     0.4500    0.5294    0.4865        17
         mtx     0.5714    0.2105    0.3077        19
         nqx     0.7500    0.7500    0.7500        12
         qtx     0.7895    0.6667    0.7229        45
         zxx     0.5517    0.8205    0.6598        39

    accuracy                         0.6000       185
   macro avg     0.5994    0.5761    0.5702       185
weighted avg     0.6102    0.6000    0.5887       185

micro f-score: 0.6

========== Train Epoch 64 ==========
Loss: 0.809	Accuracy: 59.46%	Cost 31s
              precision    recall  f1-score   support

         bzx     0.5357    0.4839    0.5085        31
         cwx     0.5652    0.5909    0.5778        22
         hdx     0.4167    0.2941    0.3448        17
         mtx     0.4444    0.2105    0.2857        19
         nqx     0.5000    0.7500    0.6000        12
         qtx     0.7111    0.7111    0.7111        45
         zxx     0.6400    0.8205    0.7191        39

    accuracy                         0.5946       185
   macro avg     0.5447    0.5516    0.5353       185
weighted avg     0.5812    0.5946    0.5784       185

micro f-score: 0.5945945945945946

========== Train Epoch 65 ==========
Loss: 0.812	Accuracy: 61.08%	Cost 32s
              precision    recall  f1-score   support

         bzx     0.5833    0.4516    0.5091        31
         cwx     0.5357    0.6818    0.6000        22
         hdx     0.5385    0.4118    0.4667        17
         mtx     0.4444    0.2105    0.2857        19
         nqx     0.7500    0.7500    0.7500        12
         qtx     0.7500    0.6667    0.7059        45
         zxx     0.5763    0.8718    0.6939        39

    accuracy                         0.6108       185
   macro avg     0.5969    0.5777    0.5730       185
weighted avg     0.6091    0.6108    0.5955       185

micro f-score: 0.6108108108108108

========== Train Epoch 66 ==========
Loss: 0.819	Accuracy: 61.62%	Cost 31s
              precision    recall  f1-score   support

         bzx     0.5333    0.5161    0.5246        31
         cwx     0.5185    0.6364    0.5714        22
         hdx     0.5385    0.4118    0.4667        17
         mtx     0.5000    0.2105    0.2963        19
         nqx     0.5625    0.7500    0.6429        12
         qtx     0.7674    0.7333    0.7500        45
         zxx     0.6458    0.7949    0.7126        39

    accuracy                         0.6162       185
   macro avg     0.5809    0.5790    0.5664       185
weighted avg     0.6112    0.6162    0.6035       185

micro f-score: 0.6162162162162163

========== Train Epoch 67 ==========
Loss: 0.786	Accuracy: 61.62%	Cost 30s
              precision    recall  f1-score   support

         bzx     0.5556    0.4839    0.5172        31
         cwx     0.5417    0.5909    0.5652        22
         hdx     0.4000    0.4706    0.4324        17
         mtx     0.5000    0.2105    0.2963        19
         nqx     0.7500    0.7500    0.7500        12
         qtx     0.7619    0.7111    0.7356        45
         zxx     0.6346    0.8462    0.7253        39

    accuracy                         0.6162       185
   macro avg     0.5920    0.5805    0.5746       185
weighted avg     0.6134    0.6162    0.6045       185

micro f-score: 0.6162162162162163

========== Train Epoch 68 ==========
Loss: 0.786	Accuracy: 60.54%	Cost 29s
              precision    recall  f1-score   support

         bzx     0.5600    0.4516    0.5000        31
         cwx     0.5714    0.5455    0.5581        22
         hdx     0.4000    0.3529    0.3750        17
         mtx     0.5000    0.2632    0.3448        19
         nqx     0.5625    0.7500    0.6429        12
         qtx     0.7727    0.7556    0.7640        45
         zxx     0.5926    0.8205    0.6882        39

    accuracy                         0.6054       185
   macro avg     0.5656    0.5627    0.5533       185
weighted avg     0.5993    0.6054    0.5927       185

micro f-score: 0.6054054054054054

========== Train Epoch 69 ==========
Loss: 0.759	Accuracy: 60.54%	Cost 30s
              precision    recall  f1-score   support

         bzx     0.5517    0.5161    0.5333        31
         cwx     0.5417    0.5909    0.5652        22
         hdx     0.4286    0.3529    0.3871        17
         mtx     0.5556    0.2632    0.3571        19
         nqx     0.5294    0.7500    0.6207        12
         qtx     0.7561    0.6889    0.7209        45
         zxx     0.6275    0.8205    0.7111        39

    accuracy                         0.6054       185
   macro avg     0.5701    0.5689    0.5565       185
weighted avg     0.6038    0.6054    0.5944       185

micro f-score: 0.6054054054054054

========== Train Epoch 70 ==========
Loss: 0.790	Accuracy: 62.70%	Cost 30s
              precision    recall  f1-score   support

         bzx     0.5556    0.4839    0.5172        31
         cwx     0.5769    0.6818    0.6250        22
         hdx     0.5333    0.4706    0.5000        17
         mtx     0.5000    0.2105    0.2963        19
         nqx     0.6923    0.7500    0.7200        12
         qtx     0.8000    0.7111    0.7529        45
         zxx     0.5893    0.8462    0.6947        39

    accuracy                         0.6270       185
   macro avg     0.6068    0.5934    0.5866       185
weighted avg     0.6258    0.6270    0.6137       185

micro f-score: 0.6270270270270271

========== Train Epoch 71 ==========
Loss: 0.760	Accuracy: 62.16%	Cost 30s
              precision    recall  f1-score   support

         bzx     0.5556    0.4839    0.5172        31
         cwx     0.5769    0.6818    0.6250        22
         hdx     0.4444    0.4706    0.4571        17
         mtx     0.6000    0.1579    0.2500        19
         nqx     0.7500    0.7500    0.7500        12
         qtx     0.8421    0.7111    0.7711        45
         zxx     0.5593    0.8462    0.6735        39

    accuracy                         0.6216       185
   macro avg     0.6183    0.5859    0.5777       185
weighted avg     0.6356    0.6216    0.6069       185

micro f-score: 0.6216216216216216

========== Train Epoch 72 ==========
Loss: 0.748	Accuracy: 60.54%	Cost 30s
              precision    recall  f1-score   support

         bzx     0.5909    0.4194    0.4906        31
         cwx     0.5500    0.5000    0.5238        22
         hdx     0.5000    0.5294    0.5143        17
         mtx     0.5556    0.2632    0.3571        19
         nqx     0.6429    0.7500    0.6923        12
         qtx     0.7174    0.7333    0.7253        45
         zxx     0.5714    0.8205    0.6737        39

    accuracy                         0.6054       185
   macro avg     0.5897    0.5737    0.5682       185
weighted avg     0.6041    0.6054    0.5918       185

micro f-score: 0.6054054054054054

========== Train Epoch 73 ==========
Loss: 0.741	Accuracy: 63.78%	Cost 31s
              precision    recall  f1-score   support

         bzx     0.6000    0.4839    0.5357        31
         cwx     0.6087    0.6364    0.6222        22
         hdx     0.5263    0.5882    0.5556        17
         mtx     0.5000    0.2105    0.2963        19
         nqx     0.6923    0.7500    0.7200        12
         qtx     0.8205    0.7111    0.7619        45
         zxx     0.5862    0.8718    0.7010        39

    accuracy                         0.6378       185
   macro avg     0.6191    0.6074    0.5990       185
weighted avg     0.6407    0.6378    0.6251       185

micro f-score: 0.6378378378378379

========== Train Epoch 74 ==========
Loss: 0.742	Accuracy: 61.62%	Cost 32s
              precision    recall  f1-score   support

         bzx     0.5833    0.4516    0.5091        31
         cwx     0.6842    0.5909    0.6341        22
         hdx     0.4211    0.4706    0.4444        17
         mtx     0.3636    0.2105    0.2667        19
         nqx     0.5625    0.7500    0.6429        12
         qtx     0.7556    0.7556    0.7556        45
         zxx     0.6275    0.8205    0.7111        39

    accuracy                         0.6162       185
   macro avg     0.5711    0.5785    0.5663       185
weighted avg     0.6077    0.6162    0.6043       185

micro f-score: 0.6162162162162163

========== Train Epoch 75 ==========
Loss: 0.721	Accuracy: 63.24%	Cost 30s
              precision    recall  f1-score   support

         bzx     0.5714    0.5161    0.5424        31
         cwx     0.5385    0.6364    0.5833        22
         hdx     0.5333    0.4706    0.5000        17
         mtx     0.4444    0.2105    0.2857        19
         nqx     0.6000    0.7500    0.6667        12
         qtx     0.7907    0.7556    0.7727        45
         zxx     0.6531    0.8205    0.7273        39

    accuracy                         0.6324       185
   macro avg     0.5902    0.5942    0.5826       185
weighted avg     0.6234    0.6324    0.6201       185

micro f-score: 0.6324324324324324

========== Train Epoch 76 ==========
Loss: 0.739	Accuracy: 63.24%	Cost 32s
              precision    recall  f1-score   support

         bzx     0.6154    0.5161    0.5614        31
         cwx     0.6316    0.5455    0.5854        22
         hdx     0.4706    0.4706    0.4706        17
         mtx     0.8333    0.2632    0.4000        19
         nqx     0.6364    0.5833    0.6087        12
         qtx     0.7447    0.7778    0.7609        45
         zxx     0.5763    0.8718    0.6939        39

    accuracy                         0.6324       185
   macro avg     0.6440    0.5755    0.5830       185
weighted avg     0.6510    0.6324    0.6188       185

micro f-score: 0.6324324324324324

========== Train Epoch 77 ==========
Loss: 0.724	Accuracy: 61.62%	Cost 32s
              precision    recall  f1-score   support

         bzx     0.5833    0.4516    0.5091        31
         cwx     0.5417    0.5909    0.5652        22
         hdx     0.5333    0.4706    0.5000        17
         mtx     0.5714    0.2105    0.3077        19
         nqx     0.5294    0.7500    0.6207        12
         qtx     0.7234    0.7556    0.7391        45
         zxx     0.6275    0.8205    0.7111        39

    accuracy                         0.6162       185
   macro avg     0.5871    0.5785    0.5647       185
weighted avg     0.6124    0.6162    0.6000       185

micro f-score: 0.6162162162162163

========== Train Epoch 78 ==========
Loss: 0.690	Accuracy: 63.24%	Cost 30s
              precision    recall  f1-score   support

         bzx     0.5161    0.5161    0.5161        31
         cwx     0.6087    0.6364    0.6222        22
         hdx     0.5625    0.5294    0.5455        17
         mtx     0.5000    0.2632    0.3448        19
         nqx     0.5625    0.7500    0.6429        12
         qtx     0.7619    0.7111    0.7356        45
         zxx     0.6809    0.8205    0.7442        39

    accuracy                         0.6324       185
   macro avg     0.5989    0.6038    0.5930       185
weighted avg     0.6273    0.6324    0.6235       185

micro f-score: 0.6324324324324324

========== Train Epoch 79 ==========
Loss: 0.701	Accuracy: 62.16%	Cost 31s
              precision    recall  f1-score   support

         bzx     0.5161    0.5161    0.5161        31
         cwx     0.5769    0.6818    0.6250        22
         hdx     0.4545    0.2941    0.3571        17
         mtx     0.4545    0.2632    0.3333        19
         nqx     0.5000    0.7500    0.6000        12
         qtx     0.7857    0.7333    0.7586        45
         zxx     0.6957    0.8205    0.7529        39

    accuracy                         0.6216       185
   macro avg     0.5691    0.5799    0.5633       185
weighted avg     0.6137    0.6216    0.6100       185

micro f-score: 0.6216216216216216

========== Train Epoch 80 ==========
Loss: 0.684	Accuracy: 60.54%	Cost 29s
              precision    recall  f1-score   support

         bzx     0.5385    0.4516    0.4912        31
         cwx     0.5600    0.6364    0.5957        22
         hdx     0.4444    0.4706    0.4571        17
         mtx     0.4000    0.2105    0.2759        19
         nqx     0.5625    0.7500    0.6429        12
         qtx     0.8205    0.7111    0.7619        45
         zxx     0.6078    0.7949    0.6889        39

    accuracy                         0.6054       185
   macro avg     0.5620    0.5750    0.5591       185
weighted avg     0.6030    0.6054    0.5958       185

micro f-score: 0.6054054054054054

========== Train Epoch 81 ==========
Loss: 0.688	Accuracy: 62.70%	Cost 29s
              precision    recall  f1-score   support

         bzx     0.5909    0.4194    0.4906        31
         cwx     0.6500    0.5909    0.6190        22
         hdx     0.4444    0.4706    0.4571        17
         mtx     0.8000    0.2105    0.3333        19
         nqx     0.5625    0.7500    0.6429        12
         qtx     0.8140    0.7778    0.7955        45
         zxx     0.5574    0.8718    0.6800        39

    accuracy                         0.6270       185
   macro avg     0.6313    0.5844    0.5741       185
weighted avg     0.6513    0.6270    0.6106       185

micro f-score: 0.6270270270270271

========== Train Epoch 82 ==========
Loss: 0.679	Accuracy: 62.70%	Cost 31s
              precision    recall  f1-score   support

         bzx     0.6000    0.3871    0.4706        31
         cwx     0.6842    0.5909    0.6341        22
         hdx     0.5000    0.5882    0.5405        17
         mtx     0.5714    0.2105    0.3077        19
         nqx     0.6000    0.7500    0.6667        12
         qtx     0.7727    0.7556    0.7640        45
         zxx     0.5667    0.8718    0.6869        39

    accuracy                         0.6270       185
   macro avg     0.6136    0.5934    0.5815       185
weighted avg     0.6329    0.6270    0.6094       185

micro f-score: 0.6270270270270271

========== Train Epoch 83 ==========
Loss: 0.667	Accuracy: 61.62%	Cost 29s
              precision    recall  f1-score   support

         bzx     0.6000    0.4839    0.5357        31
         cwx     0.5417    0.5909    0.5652        22
         hdx     0.4286    0.3529    0.3871        17
         mtx     0.5000    0.2105    0.2963        19
         nqx     0.5000    0.7500    0.6000        12
         qtx     0.8049    0.7333    0.7674        45
         zxx     0.6182    0.8718    0.7234        39

    accuracy                         0.6162       185
   macro avg     0.5705    0.5705    0.5536       185
weighted avg     0.6142    0.6162    0.6011       185

micro f-score: 0.6162162162162163

========== Train Epoch 84 ==========
Loss: 0.667	Accuracy: 64.32%	Cost 32s
              precision    recall  f1-score   support

         bzx     0.5667    0.5484    0.5574        31
         cwx     0.6522    0.6818    0.6667        22
         hdx     0.5000    0.4706    0.4848        17
         mtx     0.4545    0.2632    0.3333        19
         nqx     0.6923    0.7500    0.7200        12
         qtx     0.7619    0.7111    0.7356        45
         zxx     0.6600    0.8462    0.7416        39

    accuracy                         0.6432       185
   macro avg     0.6125    0.6102    0.6056       185
weighted avg     0.6345    0.6432    0.6334       185

micro f-score: 0.6432432432432432

========== Train Epoch 85 ==========
Loss: 0.637	Accuracy: 62.16%	Cost 30s
              precision    recall  f1-score   support

         bzx     0.5294    0.5806    0.5538        31
         cwx     0.5200    0.5909    0.5532        22
         hdx     0.5000    0.4706    0.4848        17
         mtx     0.4444    0.2105    0.2857        19
         nqx     0.5625    0.7500    0.6429        12
         qtx     0.7447    0.7778    0.7609        45
         zxx     0.7368    0.7179    0.7273        39

    accuracy                         0.6216       185
   macro avg     0.5768    0.5855    0.5727       185
weighted avg     0.6151    0.6216    0.6126       185

micro f-score: 0.6216216216216216

========== Train Epoch 86 ==========
Loss: 0.650	Accuracy: 62.70%	Cost 30s
              precision    recall  f1-score   support

         bzx     0.5556    0.4839    0.5172        31
         cwx     0.6316    0.5455    0.5854        22
         hdx     0.5000    0.5294    0.5143        17
         mtx     0.5000    0.3158    0.3871        19
         nqx     0.6000    0.7500    0.6667        12
         qtx     0.7619    0.7111    0.7356        45
         zxx     0.6346    0.8462    0.7253        39

    accuracy                         0.6270       185
   macro avg     0.5977    0.5974    0.5902       185
weighted avg     0.6235    0.6270    0.6184       185

micro f-score: 0.6270270270270271

========== Train Epoch 87 ==========
Loss: 0.619	Accuracy: 62.16%	Cost 30s
              precision    recall  f1-score   support

         bzx     0.6087    0.4516    0.5185        31
         cwx     0.5455    0.5455    0.5455        22
         hdx     0.4706    0.4706    0.4706        17
         mtx     0.5000    0.2105    0.2963        19
         nqx     0.6429    0.7500    0.6923        12
         qtx     0.7907    0.7556    0.7727        45
         zxx     0.5862    0.8718    0.7010        39

    accuracy                         0.6216       185
   macro avg     0.5921    0.5794    0.5710       185
weighted avg     0.6191    0.6216    0.6061       185

micro f-score: 0.6216216216216216

========== Train Epoch 88 ==========
Loss: 0.649	Accuracy: 63.78%	Cost 30s
              precision    recall  f1-score   support

         bzx     0.6000    0.4839    0.5357        31
         cwx     0.6500    0.5909    0.6190        22
         hdx     0.4737    0.5294    0.5000        17
         mtx     0.6250    0.2632    0.3704        19
         nqx     0.5294    0.7500    0.6207        12
         qtx     0.7447    0.7778    0.7609        45
         zxx     0.6531    0.8205    0.7273        39

    accuracy                         0.6378       185
   macro avg     0.6108    0.6022    0.5906       185
weighted avg     0.6387    0.6378    0.6260       185

micro f-score: 0.6378378378378379

========== Train Epoch 89 ==========
Loss: 0.616	Accuracy: 64.32%	Cost 30s
              precision    recall  f1-score   support

         bzx     0.5714    0.5161    0.5424        31
         cwx     0.6316    0.5455    0.5854        22
         hdx     0.5000    0.5882    0.5405        17
         mtx     0.6250    0.2632    0.3704        19
         nqx     0.6429    0.7500    0.6923        12
         qtx     0.7907    0.7556    0.7727        45
         zxx     0.6226    0.8462    0.7174        39

    accuracy                         0.6432       185
   macro avg     0.6263    0.6092    0.6030       185
weighted avg     0.6463    0.6432    0.6323       185

micro f-score: 0.6432432432432432

========== Train Epoch 90 ==========
Loss: 0.622	Accuracy: 62.16%	Cost 32s
              precision    recall  f1-score   support

         bzx     0.5333    0.5161    0.5246        31
         cwx     0.5417    0.5909    0.5652        22
         hdx     0.4286    0.5294    0.4737        17
         mtx     0.4545    0.2632    0.3333        19
         nqx     0.6429    0.7500    0.6923        12
         qtx     0.7447    0.7778    0.7609        45
         zxx     0.7368    0.7179    0.7273        39

    accuracy                         0.6216       185
   macro avg     0.5832    0.5922    0.5825       185
weighted avg     0.6180    0.6216    0.6162       185

micro f-score: 0.6216216216216216

========== Train Epoch 91 ==========
Loss: 0.601	Accuracy: 63.24%	Cost 30s
              precision    recall  f1-score   support

         bzx     0.5000    0.5161    0.5079        31
         cwx     0.6316    0.5455    0.5854        22
         hdx     0.4348    0.5882    0.5000        17
         mtx     0.5714    0.2105    0.3077        19
         nqx     0.6429    0.7500    0.6923        12
         qtx     0.8095    0.7556    0.7816        45
         zxx     0.6667    0.8205    0.7356        39

    accuracy                         0.6324       185
   macro avg     0.6081    0.5981    0.5872       185
weighted avg     0.6367    0.6324    0.6224       185

micro f-score: 0.6324324324324324

========== Train Epoch 92 ==========
Loss: 0.590	Accuracy: 64.32%	Cost 30s
              precision    recall  f1-score   support

         bzx     0.5862    0.5484    0.5667        31
         cwx     0.6316    0.5455    0.5854        22
         hdx     0.5000    0.5294    0.5143        17
         mtx     0.6250    0.2632    0.3704        19
         nqx     0.5000    0.7500    0.6000        12
         qtx     0.7447    0.7778    0.7609        45
         zxx     0.6957    0.8205    0.7529        39

    accuracy                         0.6432       185
   macro avg     0.6119    0.6050    0.5929       185
weighted avg     0.6437    0.6432    0.6326       185

micro f-score: 0.6432432432432432

========== Train Epoch 93 ==========
Loss: 0.581	Accuracy: 62.70%	Cost 30s
              precision    recall  f1-score   support

         bzx     0.5484    0.5484    0.5484        31
         cwx     0.5909    0.5909    0.5909        22
         hdx     0.5000    0.4706    0.4848        17
         mtx     0.5000    0.2632    0.3448        19
         nqx     0.5625    0.7500    0.6429        12
         qtx     0.7234    0.7556    0.7391        45
         zxx     0.6977    0.7692    0.7317        39

    accuracy                         0.6270       185
   macro avg     0.5890    0.5925    0.5832       185
weighted avg     0.6190    0.6270    0.6179       185

micro f-score: 0.6270270270270271

========== Train Epoch 94 ==========
Loss: 0.598	Accuracy: 62.16%	Cost 32s
              precision    recall  f1-score   support

         bzx     0.6000    0.4839    0.5357        31
         cwx     0.6000    0.5455    0.5714        22
         hdx     0.4375    0.4118    0.4242        17
         mtx     0.6250    0.2632    0.3704        19
         nqx     0.5000    0.7500    0.6000        12
         qtx     0.7727    0.7556    0.7640        45
         zxx     0.6111    0.8462    0.7097        39

    accuracy                         0.6216       185
   macro avg     0.5923    0.5794    0.5679       185
weighted avg     0.6255    0.6216    0.6091       185

micro f-score: 0.6216216216216216

========== Train Epoch 95 ==========
Loss: 0.576	Accuracy: 63.78%	Cost 31s
              precision    recall  f1-score   support

         bzx     0.6000    0.4839    0.5357        31
         cwx     0.6000    0.5455    0.5714        22
         hdx     0.5000    0.4706    0.4848        17
         mtx     0.6250    0.2632    0.3704        19
         nqx     0.5294    0.7500    0.6207        12
         qtx     0.7447    0.7778    0.7609        45
         zxx     0.6538    0.8718    0.7473        39

    accuracy                         0.6378       185
   macro avg     0.6076    0.5947    0.5845       185
weighted avg     0.6353    0.6378    0.6232       185

micro f-score: 0.6378378378378379

========== Train Epoch 96 ==========
Loss: 0.576	Accuracy: 64.32%	Cost 30s
              precision    recall  f1-score   support

         bzx     0.6818    0.4839    0.5660        31
         cwx     0.6364    0.6364    0.6364        22
         hdx     0.4444    0.4706    0.4571        17
         mtx     0.5000    0.2632    0.3448        19
         nqx     0.5294    0.7500    0.6207        12
         qtx     0.7907    0.7556    0.7727        45
         zxx     0.6415    0.8718    0.7391        39

    accuracy                         0.6432       185
   macro avg     0.6035    0.6045    0.5910       185
weighted avg     0.6440    0.6432    0.6320       185

micro f-score: 0.6432432432432432

========== Train Epoch 97 ==========
Loss: 0.561	Accuracy: 65.95%	Cost 29s
              precision    recall  f1-score   support

         bzx     0.5333    0.5161    0.5246        31
         cwx     0.6923    0.8182    0.7500        22
         hdx     0.5000    0.5294    0.5143        17
         mtx     0.4444    0.2105    0.2857        19
         nqx     0.6923    0.7500    0.7200        12
         qtx     0.8500    0.7556    0.8000        45
         zxx     0.6531    0.8205    0.7273        39

    accuracy                         0.6595       185
   macro avg     0.6236    0.6286    0.6174       185
weighted avg     0.6526    0.6595    0.6483       185

micro f-score: 0.6594594594594595

========== Train Epoch 98 ==========
Loss: 0.557	Accuracy: 62.16%	Cost 30s
              precision    recall  f1-score   support

         bzx     0.5833    0.4516    0.5091        31
         cwx     0.6316    0.5455    0.5854        22
         hdx     0.4545    0.5882    0.5128        17
         mtx     0.5000    0.2632    0.3448        19
         nqx     0.6429    0.7500    0.6923        12
         qtx     0.8857    0.6889    0.7750        45
         zxx     0.5574    0.8718    0.6800        39

    accuracy                         0.6216       185
   macro avg     0.6079    0.5942    0.5856       185
weighted avg     0.6406    0.6216    0.6142       185

micro f-score: 0.6216216216216216

========== Train Epoch 99 ==========
Loss: 0.553	Accuracy: 63.78%	Cost 30s
              precision    recall  f1-score   support

         bzx     0.6000    0.4839    0.5357        31
         cwx     0.6190    0.5909    0.6047        22
         hdx     0.5333    0.4706    0.5000        17
         mtx     0.5556    0.2632    0.3571        19
         nqx     0.5000    0.7500    0.6000        12
         qtx     0.7447    0.7778    0.7609        45
         zxx     0.6600    0.8462    0.7416        39

    accuracy                         0.6378       185
   macro avg     0.6018    0.5975    0.5857       185
weighted avg     0.6329    0.6378    0.6246       185

micro f-score: 0.6378378378378379

========== Train Epoch 100 ==========
Loss: 0.554	Accuracy: 63.24%	Cost 31s
              precision    recall  f1-score   support

         bzx     0.6000    0.4839    0.5357        31
         cwx     0.6316    0.5455    0.5854        22
         hdx     0.4091    0.5294    0.4615        17
         mtx     0.5556    0.2632    0.3571        19
         nqx     0.6429    0.7500    0.6923        12
         qtx     0.7857    0.7333    0.7586        45
         zxx     0.6296    0.8718    0.7312        39

    accuracy                         0.6324       185
   macro avg     0.6078    0.5967    0.5888       185
weighted avg     0.6358    0.6324    0.6220       185

micro f-score: 0.6324324324324324

========== Train Epoch 101 ==========
Loss: 0.544	Accuracy: 64.32%	Cost 30s
              precision    recall  f1-score   support

         bzx     0.5926    0.5161    0.5517        31
         cwx     0.6087    0.6364    0.6222        22
         hdx     0.4706    0.4706    0.4706        17
         mtx     0.5455    0.3158    0.4000        19
         nqx     0.5000    0.7500    0.6000        12
         qtx     0.7609    0.7778    0.7692        45
         zxx     0.7209    0.7949    0.7561        39

    accuracy                         0.6432       185
   macro avg     0.5999    0.6088    0.5957       185
weighted avg     0.6404    0.6432    0.6362       185

micro f-score: 0.6432432432432432

========== Train Epoch 102 ==========
Loss: 0.552	Accuracy: 64.32%	Cost 30s
              precision    recall  f1-score   support

         bzx     0.6250    0.4839    0.5455        31
         cwx     0.6316    0.5455    0.5854        22
         hdx     0.4737    0.5294    0.5000        17
         mtx     0.6250    0.2632    0.3704        19
         nqx     0.6429    0.7500    0.6923        12
         qtx     0.7778    0.7778    0.7778        45
         zxx     0.6071    0.8718    0.7158        39

    accuracy                         0.6432       185
   macro avg     0.6261    0.6031    0.5982       185
weighted avg     0.6464    0.6432    0.6300       185

micro f-score: 0.6432432432432432

========== Train Epoch 103 ==========
Loss: 0.522	Accuracy: 63.78%	Cost 30s
              precision    recall  f1-score   support

         bzx     0.6154    0.5161    0.5614        31
         cwx     0.6500    0.5909    0.6190        22
         hdx     0.4286    0.5294    0.4737        17
         mtx     0.5000    0.3158    0.3871        19
         nqx     0.5294    0.7500    0.6207        12
         qtx     0.8462    0.7333    0.7857        45
         zxx     0.6400    0.8205    0.7191        39

    accuracy                         0.6378       185
   macro avg     0.6014    0.6080    0.5952       185
weighted avg     0.6462    0.6378    0.6339       185

micro f-score: 0.6378378378378379

========== Train Epoch 104 ==========
Loss: 0.496	Accuracy: 64.86%	Cost 30s
              precision    recall  f1-score   support

         bzx     0.6296    0.5484    0.5862        31
         cwx     0.6316    0.5455    0.5854        22
         hdx     0.4762    0.5882    0.5263        17
         mtx     0.5556    0.2632    0.3571        19
         nqx     0.6429    0.7500    0.6923        12
         qtx     0.7609    0.7778    0.7692        45
         zxx     0.6531    0.8205    0.7273        39

    accuracy                         0.6486       185
   macro avg     0.6214    0.6134    0.6063       185
weighted avg     0.6459    0.6486    0.6382       185

micro f-score: 0.6486486486486487

========== Train Epoch 105 ==========
Loss: 0.514	Accuracy: 63.24%	Cost 31s
              precision    recall  f1-score   support

         bzx     0.6000    0.4839    0.5357        31
         cwx     0.7500    0.5455    0.6316        22
         hdx     0.4348    0.5882    0.5000        17
         mtx     0.7143    0.2632    0.3846        19
         nqx     0.6429    0.7500    0.6923        12
         qtx     0.8919    0.7333    0.8049        45
         zxx     0.5238    0.8462    0.6471        39

    accuracy                         0.6324       185
   macro avg     0.6511    0.6015    0.5995       185
weighted avg     0.6721    0.6324    0.6274       185

micro f-score: 0.6324324324324324

========== Train Epoch 106 ==========
Loss: 0.529	Accuracy: 67.03%	Cost 30s
              precision    recall  f1-score   support

         bzx     0.5926    0.5161    0.5517        31
         cwx     0.6957    0.7273    0.7111        22
         hdx     0.4545    0.5882    0.5128        17
         mtx     0.5000    0.3158    0.3871        19
         nqx     0.5625    0.7500    0.6429        12
         qtx     0.8718    0.7556    0.8095        45
         zxx     0.7174    0.8462    0.7765        39

    accuracy                         0.6703       185
   macro avg     0.6278    0.6427    0.6274       185
weighted avg     0.6749    0.6703    0.6662       185

micro f-score: 0.6702702702702703

========== Train Epoch 107 ==========
Loss: 0.497	Accuracy: 62.70%	Cost 30s
              precision    recall  f1-score   support

         bzx     0.5667    0.5484    0.5574        31
         cwx     0.6000    0.5455    0.5714        22
         hdx     0.5000    0.5294    0.5143        17
         mtx     0.4667    0.3684    0.4118        19
         nqx     0.5294    0.7500    0.6207        12
         qtx     0.7500    0.7333    0.7416        45
         zxx     0.7073    0.7436    0.7250        39

    accuracy                         0.6270       185
   macro avg     0.5886    0.6027    0.5917       185
weighted avg     0.6261    0.6270    0.6244       185

micro f-score: 0.6270270270270271

========== Train Epoch 108 ==========
Loss: 0.492	Accuracy: 63.78%	Cost 30s
              precision    recall  f1-score   support

         bzx     0.5862    0.5484    0.5667        31
         cwx     0.7059    0.5455    0.6154        22
         hdx     0.3929    0.6471    0.4889        17
         mtx     0.5455    0.3158    0.4000        19
         nqx     0.6429    0.7500    0.6923        12
         qtx     0.8095    0.7556    0.7816        45
         zxx     0.6591    0.7436    0.6988        39

    accuracy                         0.6378       185
   macro avg     0.6203    0.6151    0.6062       185
weighted avg     0.6518    0.6378    0.6365       185

micro f-score: 0.6378378378378379

========== Train Epoch 109 ==========
Loss: 0.495	Accuracy: 67.03%	Cost 32s
              precision    recall  f1-score   support

         bzx     0.6154    0.5161    0.5614        31
         cwx     0.7083    0.7727    0.7391        22
         hdx     0.5294    0.5294    0.5294        17
         mtx     0.5000    0.2632    0.3448        19
         nqx     0.5882    0.8333    0.6897        12
         qtx     0.8500    0.7556    0.8000        45
         zxx     0.6471    0.8462    0.7333        39

    accuracy                         0.6703       185
   macro avg     0.6341    0.6452    0.6283       185
weighted avg     0.6687    0.6703    0.6600       185

micro f-score: 0.6702702702702703

========== Train Epoch 110 ==========
Loss: 0.484	Accuracy: 63.78%	Cost 31s
              precision    recall  f1-score   support

         bzx     0.5333    0.5161    0.5246        31
         cwx     0.6667    0.6364    0.6512        22
         hdx     0.4500    0.5294    0.4865        17
         mtx     0.5000    0.2632    0.3448        19
         nqx     0.5294    0.7500    0.6207        12
         qtx     0.8462    0.7333    0.7857        45
         zxx     0.6667    0.8205    0.7356        39

    accuracy                         0.6378       185
   macro avg     0.5989    0.6070    0.5927       185
weighted avg     0.6421    0.6378    0.6319       185

micro f-score: 0.6378378378378379

========== Train Epoch 111 ==========
Loss: 0.480	Accuracy: 64.32%	Cost 30s
              precision    recall  f1-score   support

         bzx     0.5484    0.5484    0.5484        31
         cwx     0.6364    0.6364    0.6364        22
         hdx     0.4000    0.5882    0.4762        17
         mtx     0.6250    0.2632    0.3704        19
         nqx     0.6667    0.6667    0.6667        12
         qtx     0.7778    0.7778    0.7778        45
         zxx     0.7143    0.7692    0.7407        39

    accuracy                         0.6432       185
   macro avg     0.6241    0.6071    0.6024       185
weighted avg     0.6515    0.6432    0.6380       185

micro f-score: 0.6432432432432432

========== Train Epoch 112 ==========
Loss: 0.482	Accuracy: 64.86%	Cost 31s
              precision    recall  f1-score   support

         bzx     0.6667    0.5161    0.5818        31
         cwx     0.6316    0.5455    0.5854        22
         hdx     0.5000    0.5882    0.5405        17
         mtx     0.5556    0.2632    0.3571        19
         nqx     0.6429    0.7500    0.6923        12
         qtx     0.7907    0.7556    0.7727        45
         zxx     0.6071    0.8718    0.7158        39

    accuracy                         0.6486       185
   macro avg     0.6278    0.6129    0.6065       185
weighted avg     0.6518    0.6486    0.6372       185

micro f-score: 0.6486486486486487

========== Train Epoch 113 ==========
Loss: 0.486	Accuracy: 62.70%	Cost 30s
              precision    recall  f1-score   support

         bzx     0.5455    0.5806    0.5625        31
         cwx     0.6190    0.5909    0.6047        22
         hdx     0.3913    0.5294    0.4500        17
         mtx     0.4615    0.3158    0.3750        19
         nqx     0.6923    0.7500    0.7200        12
         qtx     0.8056    0.6444    0.7160        45
         zxx     0.6957    0.8205    0.7529        39

    accuracy                         0.6270       185
   macro avg     0.6016    0.6045    0.5973       185
weighted avg     0.6359    0.6270    0.6256       185

micro f-score: 0.6270270270270271

========== Train Epoch 114 ==========
Loss: 0.454	Accuracy: 68.65%	Cost 30s
              precision    recall  f1-score   support

         bzx     0.6207    0.5806    0.6000        31
         cwx     0.7000    0.6364    0.6667        22
         hdx     0.4583    0.6471    0.5366        17
         mtx     0.6364    0.3684    0.4667        19
         nqx     0.6429    0.7500    0.6923        12
         qtx     0.8750    0.7778    0.8235        45
         zxx     0.7021    0.8462    0.7674        39

    accuracy                         0.6865       185
   macro avg     0.6622    0.6581    0.6505       185
weighted avg     0.6973    0.6865    0.6841       185

micro f-score: 0.6864864864864865

========== Train Epoch 115 ==========
Loss: 0.459	Accuracy: 66.49%	Cost 29s
              precision    recall  f1-score   support

         bzx     0.6000    0.5806    0.5902        31
         cwx     0.6522    0.6818    0.6667        22
         hdx     0.4762    0.5882    0.5263        17
         mtx     0.5714    0.2105    0.3077        19
         nqx     0.6250    0.8333    0.7143        12
         qtx     0.8500    0.7556    0.8000        45
         zxx     0.6667    0.8205    0.7356        39

    accuracy                         0.6649       185
   macro avg     0.6345    0.6387    0.6201       185
weighted avg     0.6684    0.6649    0.6541       185

micro f-score: 0.6648648648648648

========== Train Epoch 116 ==========
Loss: 0.455	Accuracy: 68.65%	Cost 30s
              precision    recall  f1-score   support

         bzx     0.5625    0.5806    0.5714        31
         cwx     0.7391    0.7727    0.7556        22
         hdx     0.5500    0.6471    0.5946        17
         mtx     0.5000    0.2105    0.2963        19
         nqx     0.6923    0.7500    0.7200        12
         qtx     0.8333    0.7778    0.8046        45
         zxx     0.7021    0.8462    0.7674        39

    accuracy                         0.6865       185
   macro avg     0.6542    0.6550    0.6443       185
weighted avg     0.6797    0.6865    0.6749       185

micro f-score: 0.6864864864864865

========== Train Epoch 117 ==========
Loss: 0.451	Accuracy: 66.49%	Cost 30s
              precision    recall  f1-score   support

         bzx     0.5806    0.5806    0.5806        31
         cwx     0.6818    0.6818    0.6818        22
         hdx     0.4348    0.5882    0.5000        17
         mtx     0.5455    0.3158    0.4000        19
         nqx     0.6250    0.8333    0.7143        12
         qtx     0.8718    0.7556    0.8095        45
         zxx     0.6977    0.7692    0.7317        39

    accuracy                         0.6649       185
   macro avg     0.6339    0.6464    0.6311       185
weighted avg     0.6740    0.6649    0.6629       185

micro f-score: 0.6648648648648648

========== Train Epoch 118 ==========
Loss: 0.437	Accuracy: 63.78%	Cost 30s
              precision    recall  f1-score   support

         bzx     0.6000    0.4839    0.5357        31
         cwx     0.6500    0.5909    0.6190        22
         hdx     0.5294    0.5294    0.5294        17
         mtx     0.4545    0.2632    0.3333        19
         nqx     0.5625    0.7500    0.6429        12
         qtx     0.7907    0.7556    0.7727        45
         zxx     0.6226    0.8462    0.7174        39

    accuracy                         0.6378       185
   macro avg     0.6014    0.6027    0.5929       185
weighted avg     0.6332    0.6378    0.6272       185

micro f-score: 0.6378378378378379

========== Train Epoch 119 ==========
Loss: 0.431	Accuracy: 65.95%	Cost 31s
              precision    recall  f1-score   support

         bzx     0.6071    0.5484    0.5763        31
         cwx     0.6522    0.6818    0.6667        22
         hdx     0.3913    0.5294    0.4500        17
         mtx     0.6667    0.2105    0.3200        19
         nqx     0.5556    0.8333    0.6667        12
         qtx     0.8537    0.7778    0.8140        45
         zxx     0.6957    0.8205    0.7529        39

    accuracy                         0.6595       185
   macro avg     0.6317    0.6288    0.6066       185
weighted avg     0.6741    0.6595    0.6500       185

micro f-score: 0.6594594594594595

========== Train Epoch 120 ==========
Loss: 0.424	Accuracy: 65.95%	Cost 31s
              precision    recall  f1-score   support

         bzx     0.6250    0.4839    0.5455        31
         cwx     0.6842    0.5909    0.6341        22
         hdx     0.5500    0.6471    0.5946        17
         mtx     0.5000    0.2632    0.3448        19
         nqx     0.6429    0.7500    0.6923        12
         qtx     0.7955    0.7778    0.7865        45
         zxx     0.6296    0.8718    0.7312        39

    accuracy                         0.6595       185
   macro avg     0.6325    0.6264    0.6184       185
weighted avg     0.6559    0.6595    0.6472       185

micro f-score: 0.6594594594594595

========== Train Epoch 121 ==========
Loss: 0.417	Accuracy: 67.57%	Cost 30s
              precision    recall  f1-score   support

         bzx     0.6071    0.5484    0.5763        31
         cwx     0.6842    0.5909    0.6341        22
         hdx     0.5238    0.6471    0.5789        17
         mtx     0.5385    0.3684    0.4375        19
         nqx     0.6923    0.7500    0.7200        12
         qtx     0.7778    0.7778    0.7778        45
         zxx     0.7174    0.8462    0.7765        39

    accuracy                         0.6757       185
   macro avg     0.6487    0.6470    0.6430       185
weighted avg     0.6719    0.6757    0.6697       185

micro f-score: 0.6756756756756757

========== Train Epoch 122 ==========
Loss: 0.419	Accuracy: 62.70%	Cost 31s
              precision    recall  f1-score   support

         bzx     0.6400    0.5161    0.5714        31
         cwx     0.6316    0.5455    0.5854        22
         hdx     0.4706    0.4706    0.4706        17
         mtx     0.5000    0.2632    0.3448        19
         nqx     0.4737    0.7500    0.5806        12
         qtx     0.7727    0.7556    0.7640        45
         zxx     0.6275    0.8205    0.7111        39

    accuracy                         0.6270       185
   macro avg     0.5880    0.5888    0.5754       185
weighted avg     0.6279    0.6270    0.6174       185

micro f-score: 0.6270270270270271

========== Train Epoch 123 ==========
Loss: 0.423	Accuracy: 67.57%	Cost 30s
              precision    recall  f1-score   support

         bzx     0.6154    0.5161    0.5614        31
         cwx     0.6818    0.6818    0.6818        22
         hdx     0.4348    0.5882    0.5000        17
         mtx     0.6154    0.4211    0.5000        19
         nqx     0.5882    0.8333    0.6897        12
         qtx     0.8684    0.7333    0.7952        45
         zxx     0.7174    0.8462    0.7765        39

    accuracy                         0.6757       185
   macro avg     0.6459    0.6600    0.6435       185
weighted avg     0.6880    0.6757    0.6743       185

micro f-score: 0.6756756756756757

========== Train Epoch 124 ==========
Loss: 0.398	Accuracy: 66.49%	Cost 31s
              precision    recall  f1-score   support

         bzx     0.6250    0.4839    0.5455        31
         cwx     0.6667    0.6364    0.6512        22
         hdx     0.4762    0.5882    0.5263        17
         mtx     0.6250    0.2632    0.3704        19
         nqx     0.6667    0.8333    0.7407        12
         qtx     0.8537    0.7778    0.8140        45
         zxx     0.6182    0.8718    0.7234        39

    accuracy                         0.6649       185
   macro avg     0.6473    0.6364    0.6245       185
weighted avg     0.6732    0.6649    0.6538       185

micro f-score: 0.6648648648648648

========== Train Epoch 125 ==========
Loss: 0.403	Accuracy: 65.95%	Cost 30s
              precision    recall  f1-score   support

         bzx     0.6071    0.5484    0.5763        31
         cwx     0.6316    0.5455    0.5854        22
         hdx     0.4737    0.5294    0.5000        17
         mtx     0.5833    0.3684    0.4516        19
         nqx     0.5000    0.7500    0.6000        12
         qtx     0.8333    0.7778    0.8046        45
         zxx     0.7021    0.8462    0.7674        39

    accuracy                         0.6595       185
   macro avg     0.6187    0.6237    0.6122       185
weighted avg     0.6634    0.6595    0.6549       185

micro f-score: 0.6594594594594595

========== Train Epoch 126 ==========
Loss: 0.405	Accuracy: 67.57%	Cost 30s
              precision    recall  f1-score   support

         bzx     0.6400    0.5161    0.5714        31
         cwx     0.7143    0.6818    0.6977        22
         hdx     0.4783    0.6471    0.5500        17
         mtx     0.5000    0.2105    0.2963        19
         nqx     0.5882    0.8333    0.6897        12
         qtx     0.9211    0.7778    0.8434        45
         zxx     0.6415    0.8718    0.7391        39

    accuracy                         0.6757       185
   macro avg     0.6405    0.6483    0.6268       185
weighted avg     0.6849    0.6757    0.6654       185

micro f-score: 0.6756756756756757

========== Train Epoch 127 ==========
Loss: 0.428	Accuracy: 65.95%	Cost 31s
              precision    recall  f1-score   support

         bzx     0.5128    0.6452    0.5714        31
         cwx     0.7500    0.5455    0.6316        22
         hdx     0.4500    0.5294    0.4865        17
         mtx     0.5000    0.2105    0.2963        19
         nqx     0.5556    0.8333    0.6667        12
         qtx     0.8974    0.7778    0.8333        45
         zxx     0.7111    0.8205    0.7619        39

    accuracy                         0.6595       185
   macro avg     0.6253    0.6232    0.6068       185
weighted avg     0.6721    0.6595    0.6526       185

micro f-score: 0.6594594594594595

========== Train Epoch 128 ==========
Loss: 0.398	Accuracy: 65.95%	Cost 31s
              precision    recall  f1-score   support

         bzx     0.6667    0.5806    0.6207        31
         cwx     0.6500    0.5909    0.6190        22
         hdx     0.4737    0.5294    0.5000        17
         mtx     0.5833    0.3684    0.4516        19
         nqx     0.5294    0.7500    0.6207        12
         qtx     0.7447    0.7778    0.7609        45
         zxx     0.7209    0.7949    0.7561        39

    accuracy                         0.6595       185
   macro avg     0.6241    0.6274    0.6184       185
weighted avg     0.6599    0.6595    0.6547       185

micro f-score: 0.6594594594594595

Finished training!!!

Min Loss = 0.398 in epoch 127;
Max Accuracy = 68.65% in epoch 113;
Total Cost 65 minutes

===============================================================================================
Layer (type:depth-idx)                        Output Shape              Param #
===============================================================================================
Conv2d: 1-1                                 [-1, 64, 160, 160]        9,408
BatchNorm2d: 1-2                            [-1, 64, 160, 160]        128
ReLU: 1-3                                   [-1, 64, 160, 160]        --
SPP: 1-4                                    [-1, 64, 160, 160]        --
|    Conv: 2-1                              [-1, 32, 160, 160]        --
|    |    Conv2d: 3-1                       [-1, 32, 160, 160]        2,048
|    |    BatchNorm2d: 3-2                  [-1, 32, 160, 160]        64
|    |    ReLU: 3-3                         [-1, 32, 160, 160]        --
|    ModuleList: 2                          []                        --
|    |    MaxPool2d: 3-4                    [-1, 32, 160, 160]        --
|    |    MaxPool2d: 3-5                    [-1, 32, 160, 160]        --
|    |    MaxPool2d: 3-6                    [-1, 32, 160, 160]        --
|    Conv: 2-2                              [-1, 64, 160, 160]        --
|    |    Conv2d: 3-7                       [-1, 64, 160, 160]        8,192
|    |    BatchNorm2d: 3-8                  [-1, 64, 160, 160]        128
|    |    ReLU: 3-9                         [-1, 64, 160, 160]        --
Sequential: 1-5                             [-1, 64, 160, 160]        --
|    BasicBlock: 2-3                        [-1, 64, 160, 160]        --
|    |    Conv2d: 3-10                      [-1, 64, 160, 160]        36,864
|    |    BatchNorm2d: 3-11                 [-1, 64, 160, 160]        128
|    |    ReLU: 3-12                        [-1, 64, 160, 160]        --
|    |    Conv2d: 3-13                      [-1, 64, 160, 160]        36,864
|    |    BatchNorm2d: 3-14                 [-1, 64, 160, 160]        128
|    |    CoordAtt: 3-15                    [-1, 64, 160, 160]        1,688
|    |    ReLU: 3-16                        [-1, 64, 160, 160]        --
|    BasicBlock: 2-4                        [-1, 64, 160, 160]        --
|    |    Conv2d: 3-17                      [-1, 64, 160, 160]        36,864
|    |    BatchNorm2d: 3-18                 [-1, 64, 160, 160]        128
|    |    ReLU: 3-19                        [-1, 64, 160, 160]        --
|    |    Conv2d: 3-20                      [-1, 64, 160, 160]        36,864
|    |    BatchNorm2d: 3-21                 [-1, 64, 160, 160]        128
|    |    CoordAtt: 3-22                    [-1, 64, 160, 160]        1,688
|    |    ReLU: 3-23                        [-1, 64, 160, 160]        --
Sequential: 1-6                             [-1, 128, 80, 80]         --
|    BasicBlock: 2-5                        [-1, 128, 80, 80]         --
|    |    Conv2d: 3-24                      [-1, 128, 80, 80]         73,728
|    |    BatchNorm2d: 3-25                 [-1, 128, 80, 80]         256
|    |    ReLU: 3-26                        [-1, 128, 80, 80]         --
|    |    Conv2d: 3-27                      [-1, 128, 80, 80]         147,456
|    |    BatchNorm2d: 3-28                 [-1, 128, 80, 80]         256
|    |    CoordAtt: 3-29                    [-1, 128, 80, 80]         3,352
|    |    Sequential: 3-30                  [-1, 128, 80, 80]         8,448
|    |    ReLU: 3-31                        [-1, 128, 80, 80]         --
|    BasicBlock: 2-6                        [-1, 128, 80, 80]         --
|    |    Conv2d: 3-32                      [-1, 128, 80, 80]         147,456
|    |    BatchNorm2d: 3-33                 [-1, 128, 80, 80]         256
|    |    ReLU: 3-34                        [-1, 128, 80, 80]         --
|    |    Conv2d: 3-35                      [-1, 128, 80, 80]         147,456
|    |    BatchNorm2d: 3-36                 [-1, 128, 80, 80]         256
|    |    CoordAtt: 3-37                    [-1, 128, 80, 80]         3,352
|    |    ReLU: 3-38                        [-1, 128, 80, 80]         --
Sequential: 1-7                             [-1, 256, 40, 40]         --
|    BasicBlock: 2-7                        [-1, 256, 40, 40]         --
|    |    Conv2d: 3-39                      [-1, 256, 40, 40]         294,912
|    |    BatchNorm2d: 3-40                 [-1, 256, 40, 40]         512
|    |    ReLU: 3-41                        [-1, 256, 40, 40]         --
|    |    Conv2d: 3-42                      [-1, 256, 40, 40]         589,824
|    |    BatchNorm2d: 3-43                 [-1, 256, 40, 40]         512
|    |    CoordAtt: 3-44                    [-1, 256, 40, 40]         6,680
|    |    Sequential: 3-45                  [-1, 256, 40, 40]         33,280
|    |    ReLU: 3-46                        [-1, 256, 40, 40]         --
|    BasicBlock: 2-8                        [-1, 256, 40, 40]         --
|    |    Conv2d: 3-47                      [-1, 256, 40, 40]         589,824
|    |    BatchNorm2d: 3-48                 [-1, 256, 40, 40]         512
|    |    ReLU: 3-49                        [-1, 256, 40, 40]         --
|    |    Conv2d: 3-50                      [-1, 256, 40, 40]         589,824
|    |    BatchNorm2d: 3-51                 [-1, 256, 40, 40]         512
|    |    CoordAtt: 3-52                    [-1, 256, 40, 40]         6,680
|    |    ReLU: 3-53                        [-1, 256, 40, 40]         --
Sequential: 1-8                             [-1, 512, 20, 20]         --
|    BasicBlock: 2-9                        [-1, 512, 20, 20]         --
|    |    Conv2d: 3-54                      [-1, 512, 20, 20]         1,179,648
|    |    BatchNorm2d: 3-55                 [-1, 512, 20, 20]         1,024
|    |    ReLU: 3-56                        [-1, 512, 20, 20]         --
|    |    Conv2d: 3-57                      [-1, 512, 20, 20]         2,359,296
|    |    BatchNorm2d: 3-58                 [-1, 512, 20, 20]         1,024
|    |    CoordAtt: 3-59                    [-1, 512, 20, 20]         25,648
|    |    Sequential: 3-60                  [-1, 512, 20, 20]         132,096
|    |    ReLU: 3-61                        [-1, 512, 20, 20]         --
|    BasicBlock: 2-10                       [-1, 512, 20, 20]         --
|    |    Conv2d: 3-62                      [-1, 512, 20, 20]         2,359,296
|    |    BatchNorm2d: 3-63                 [-1, 512, 20, 20]         1,024
|    |    ReLU: 3-64                        [-1, 512, 20, 20]         --
|    |    Conv2d: 3-65                      [-1, 512, 20, 20]         2,359,296
|    |    BatchNorm2d: 3-66                 [-1, 512, 20, 20]         1,024
|    |    CoordAtt: 3-67                    [-1, 512, 20, 20]         25,648
|    |    ReLU: 3-68                        [-1, 512, 20, 20]         --
AdaptiveAvgPool2d: 1-9                      [-1, 512, 1, 1]           --
Linear: 1-10                                [-1, 7]                   3,591
===============================================================================================
Total params: 11,265,271
Trainable params: 11,265,271
Non-trainable params: 0
Total mult-adds (G): 14.37
===============================================================================================
Input size (MB): 1.17
Forward/backward pass size (MB): 273.28
Params size (MB): 42.97
Estimated Total Size (MB): 317.43
===============================================================================================



