dataset_path: /home/djy/dataset/dataset2
pretrained : False 
parallel: False

msg: hcam_resnet18_max1
using model: ResNet, resnet18
using device cuda:0
batch_size = 20
epochs = 64
loss_function = CrossEntropyLoss()
optimizer = Adam (
Parameter Group 0
    amsgrad: False
    betas: (0.9, 0.999)
    eps: 1e-08
    initial_lr: 0.001
    lr: 0.001
    weight_decay: 0
)


========== Train Epoch 1 ==========
Loss: 1.963	Accuracy: 22.16%	Cost 42s
              precision    recall  f1-score   support

         bzx     0.2857    0.1290    0.1778        31
         cwx     0.2182    0.5455    0.3117        22
         hdx     0.0000    0.0000    0.0000        17
         mtx     0.6667    0.1053    0.1818        19
         nqx     0.1026    0.3333    0.1569        12
         qtx     0.2727    0.0667    0.1071        45
         zxx     0.2540    0.4103    0.3137        39

    accuracy                         0.2216       185
   macro avg     0.2571    0.2271    0.1784       185
weighted avg     0.2688    0.2216    0.1879       185

micro f-score: 0.22162162162162163

========== Train Epoch 2 ==========
/home/djy/anaconda3/envs/pytorch/lib/python3.7/site-packages/sklearn/metrics/_classification.py:1308: UndefinedMetricWarning: Precision and F-score are ill-defined and being set to 0.0 in labels with no predicted samples. Use `zero_division` parameter to control this behavior.
  _warn_prf(average, modifier, msg_start, len(result))
/home/djy/anaconda3/envs/pytorch/lib/python3.7/site-packages/sklearn/metrics/_classification.py:1308: UndefinedMetricWarning: Precision and F-score are ill-defined and being set to 0.0 in labels with no predicted samples. Use `zero_division` parameter to control this behavior.
  _warn_prf(average, modifier, msg_start, len(result))
/home/djy/anaconda3/envs/pytorch/lib/python3.7/site-packages/sklearn/metrics/_classification.py:1308: UndefinedMetricWarning: Precision and F-score are ill-defined and being set to 0.0 in labels with no predicted samples. Use `zero_division` parameter to control this behavior.
  _warn_prf(average, modifier, msg_start, len(result))
Loss: 1.709	Accuracy: 21.62%	Cost 47s
              precision    recall  f1-score   support

         bzx     0.2857    0.2581    0.2712        31
         cwx     1.0000    0.0455    0.0870        22
         hdx     0.1043    0.7059    0.1818        17
         mtx     0.0000    0.0000    0.0000        19
         nqx     0.0000    0.0000    0.0000        12
         qtx     0.5238    0.2444    0.3333        45
         zxx     0.5000    0.2051    0.2909        39

    accuracy                         0.2162       185
   macro avg     0.3448    0.2084    0.1663       185
weighted avg     0.4092    0.2162    0.2149       185

micro f-score: 0.21621621621621623

========== Train Epoch 3 ==========
/home/djy/anaconda3/envs/pytorch/lib/python3.7/site-packages/sklearn/metrics/_classification.py:1308: UndefinedMetricWarning: Precision and F-score are ill-defined and being set to 0.0 in labels with no predicted samples. Use `zero_division` parameter to control this behavior.
  _warn_prf(average, modifier, msg_start, len(result))
/home/djy/anaconda3/envs/pytorch/lib/python3.7/site-packages/sklearn/metrics/_classification.py:1308: UndefinedMetricWarning: Precision and F-score are ill-defined and being set to 0.0 in labels with no predicted samples. Use `zero_division` parameter to control this behavior.
  _warn_prf(average, modifier, msg_start, len(result))
/home/djy/anaconda3/envs/pytorch/lib/python3.7/site-packages/sklearn/metrics/_classification.py:1308: UndefinedMetricWarning: Precision and F-score are ill-defined and being set to 0.0 in labels with no predicted samples. Use `zero_division` parameter to control this behavior.
  _warn_prf(average, modifier, msg_start, len(result))
Loss: 1.722	Accuracy: 27.57%	Cost 44s
              precision    recall  f1-score   support

         bzx     0.2500    0.1613    0.1961        31
         cwx     0.1408    0.4545    0.2151        22
         hdx     0.0000    0.0000    0.0000        17
         mtx     0.1842    0.3684    0.2456        19
         nqx     0.5000    0.4167    0.4545        12
         qtx     0.4762    0.2222    0.3030        45
         zxx     0.5600    0.3590    0.4375        39

    accuracy                         0.2757       185
   macro avg     0.3016    0.2832    0.2645       185
weighted avg     0.3439    0.2757    0.2791       185

micro f-score: 0.2756756756756757

========== Train Epoch 4 ==========
/home/djy/anaconda3/envs/pytorch/lib/python3.7/site-packages/sklearn/metrics/_classification.py:1308: UndefinedMetricWarning: Precision and F-score are ill-defined and being set to 0.0 in labels with no predicted samples. Use `zero_division` parameter to control this behavior.
  _warn_prf(average, modifier, msg_start, len(result))
/home/djy/anaconda3/envs/pytorch/lib/python3.7/site-packages/sklearn/metrics/_classification.py:1308: UndefinedMetricWarning: Precision and F-score are ill-defined and being set to 0.0 in labels with no predicted samples. Use `zero_division` parameter to control this behavior.
  _warn_prf(average, modifier, msg_start, len(result))
/home/djy/anaconda3/envs/pytorch/lib/python3.7/site-packages/sklearn/metrics/_classification.py:1308: UndefinedMetricWarning: Precision and F-score are ill-defined and being set to 0.0 in labels with no predicted samples. Use `zero_division` parameter to control this behavior.
  _warn_prf(average, modifier, msg_start, len(result))
Loss: 1.606	Accuracy: 25.95%	Cost 47s
              precision    recall  f1-score   support

         bzx     0.0000    0.0000    0.0000        31
         cwx     0.1650    0.7727    0.2720        22
         hdx     0.0000    0.0000    0.0000        17
         mtx     0.0000    0.0000    0.0000        19
         nqx     0.0000    0.0000    0.0000        12
         qtx     0.3542    0.3778    0.3656        45
         zxx     0.4828    0.3590    0.4118        39

    accuracy                         0.2595       185
   macro avg     0.1431    0.2156    0.1499       185
weighted avg     0.2075    0.2595    0.2081       185

micro f-score: 0.2594594594594595

========== Train Epoch 5 ==========
/home/djy/anaconda3/envs/pytorch/lib/python3.7/site-packages/sklearn/metrics/_classification.py:1308: UndefinedMetricWarning: Precision and F-score are ill-defined and being set to 0.0 in labels with no predicted samples. Use `zero_division` parameter to control this behavior.
  _warn_prf(average, modifier, msg_start, len(result))
/home/djy/anaconda3/envs/pytorch/lib/python3.7/site-packages/sklearn/metrics/_classification.py:1308: UndefinedMetricWarning: Precision and F-score are ill-defined and being set to 0.0 in labels with no predicted samples. Use `zero_division` parameter to control this behavior.
  _warn_prf(average, modifier, msg_start, len(result))
/home/djy/anaconda3/envs/pytorch/lib/python3.7/site-packages/sklearn/metrics/_classification.py:1308: UndefinedMetricWarning: Precision and F-score are ill-defined and being set to 0.0 in labels with no predicted samples. Use `zero_division` parameter to control this behavior.
  _warn_prf(average, modifier, msg_start, len(result))
Loss: 1.548	Accuracy: 33.51%	Cost 46s
              precision    recall  f1-score   support

         bzx     1.0000    0.0968    0.1765        31
         cwx     0.4000    0.0909    0.1481        22
         hdx     0.0714    0.0588    0.0645        17
         mtx     0.0667    0.0526    0.0588        19
         nqx     0.0000    0.0000    0.0000        12
         qtx     0.3788    0.5556    0.4505        45
         zxx     0.3659    0.7692    0.4959        39

    accuracy                         0.3351       185
   macro avg     0.3261    0.2320    0.1992       185
weighted avg     0.3978    0.3351    0.2733       185

micro f-score: 0.33513513513513515

========== Train Epoch 6 ==========
/home/djy/anaconda3/envs/pytorch/lib/python3.7/site-packages/sklearn/metrics/_classification.py:1308: UndefinedMetricWarning: Precision and F-score are ill-defined and being set to 0.0 in labels with no predicted samples. Use `zero_division` parameter to control this behavior.
  _warn_prf(average, modifier, msg_start, len(result))
/home/djy/anaconda3/envs/pytorch/lib/python3.7/site-packages/sklearn/metrics/_classification.py:1308: UndefinedMetricWarning: Precision and F-score are ill-defined and being set to 0.0 in labels with no predicted samples. Use `zero_division` parameter to control this behavior.
  _warn_prf(average, modifier, msg_start, len(result))
/home/djy/anaconda3/envs/pytorch/lib/python3.7/site-packages/sklearn/metrics/_classification.py:1308: UndefinedMetricWarning: Precision and F-score are ill-defined and being set to 0.0 in labels with no predicted samples. Use `zero_division` parameter to control this behavior.
  _warn_prf(average, modifier, msg_start, len(result))
Loss: 1.531	Accuracy: 20.54%	Cost 44s
              precision    recall  f1-score   support

         bzx     0.2500    0.0323    0.0571        31
         cwx     0.1932    0.7727    0.3091        22
         hdx     0.0000    0.0000    0.0000        17
         mtx     0.0000    0.0000    0.0000        19
         nqx     0.1111    0.5000    0.1818        12
         qtx     0.4138    0.2667    0.3243        45
         zxx     0.2857    0.0513    0.0870        39

    accuracy                         0.2054       185
   macro avg     0.1791    0.2318    0.1370       185
weighted avg     0.2330    0.2054    0.1553       185

micro f-score: 0.20540540540540544

========== Train Epoch 7 ==========
/home/djy/anaconda3/envs/pytorch/lib/python3.7/site-packages/sklearn/metrics/_classification.py:1308: UndefinedMetricWarning: Precision and F-score are ill-defined and being set to 0.0 in labels with no predicted samples. Use `zero_division` parameter to control this behavior.
  _warn_prf(average, modifier, msg_start, len(result))
/home/djy/anaconda3/envs/pytorch/lib/python3.7/site-packages/sklearn/metrics/_classification.py:1308: UndefinedMetricWarning: Precision and F-score are ill-defined and being set to 0.0 in labels with no predicted samples. Use `zero_division` parameter to control this behavior.
  _warn_prf(average, modifier, msg_start, len(result))
/home/djy/anaconda3/envs/pytorch/lib/python3.7/site-packages/sklearn/metrics/_classification.py:1308: UndefinedMetricWarning: Precision and F-score are ill-defined and being set to 0.0 in labels with no predicted samples. Use `zero_division` parameter to control this behavior.
  _warn_prf(average, modifier, msg_start, len(result))
Loss: 1.448	Accuracy: 37.30%	Cost 49s
              precision    recall  f1-score   support

         bzx     0.0000    0.0000    0.0000        31
         cwx     0.2174    0.2273    0.2222        22
         hdx     0.1923    0.2941    0.2326        17
         mtx     0.2647    0.4737    0.3396        19
         nqx     0.4545    0.4167    0.4348        12
         qtx     0.4727    0.5778    0.5200        45
         zxx     0.5938    0.4872    0.5352        39

    accuracy                         0.3730       185
   macro avg     0.3136    0.3538    0.3263       185
weighted avg     0.3404    0.3730    0.3502       185

micro f-score: 0.37297297297297294

========== Train Epoch 8 ==========
Loss: 1.405	Accuracy: 40.00%	Cost 45s
              precision    recall  f1-score   support

         bzx     0.5333    0.2581    0.3478        31
         cwx     0.5000    0.1364    0.2143        22
         hdx     0.3636    0.2353    0.2857        17
         mtx     0.2632    0.2632    0.2632        19
         nqx     0.4444    0.3333    0.3810        12
         qtx     0.6364    0.3111    0.4179        45
         zxx     0.3495    0.9231    0.5070        39

    accuracy                         0.4000       185
   macro avg     0.4415    0.3515    0.3453       185
weighted avg     0.4666    0.4000    0.3703       185

micro f-score: 0.4000000000000001

========== Train Epoch 9 ==========
Loss: 1.344	Accuracy: 31.35%	Cost 44s
              precision    recall  f1-score   support

         bzx     0.0000    0.0000    0.0000        31
         cwx     0.2727    0.1364    0.1818        22
         hdx     0.3333    0.1176    0.1739        17
         mtx     0.0000    0.0000    0.0000        19
         nqx     0.2500    0.0833    0.1250        12
         qtx     0.3028    0.9556    0.4599        45
         zxx     0.6429    0.2308    0.3396        39

    accuracy                         0.3135       185
   macro avg     0.2574    0.2177    0.1829       185
weighted avg     0.2885    0.3135    0.2292       185

micro f-score: 0.31351351351351353

========== Train Epoch 10 ==========
Loss: 1.258	Accuracy: 38.92%	Cost 47s
              precision    recall  f1-score   support

         bzx     0.2833    0.5484    0.3736        31
         cwx     0.4167    0.2273    0.2941        22
         hdx     1.0000    0.0588    0.1111        17
         mtx     0.1905    0.2105    0.2000        19
         nqx     1.0000    0.0833    0.1538        12
         qtx     0.8000    0.2667    0.4000        45
         zxx     0.4267    0.8205    0.5614        39

    accuracy                         0.3892       185
   macro avg     0.5882    0.3165    0.2992       185
weighted avg     0.5579    0.3892    0.3540       185

micro f-score: 0.3891891891891892

========== Train Epoch 11 ==========
Loss: 1.198	Accuracy: 37.84%	Cost 46s
              precision    recall  f1-score   support

         bzx     1.0000    0.0645    0.1212        31
         cwx     0.2453    0.5909    0.3467        22
         hdx     0.0000    0.0000    0.0000        17
         mtx     0.2000    0.2105    0.2051        19
         nqx     0.7143    0.4167    0.5263        12
         qtx     0.4146    0.7556    0.5354        45
         zxx     0.8000    0.3077    0.4444        39

    accuracy                         0.3784       185
   macro avg     0.4820    0.3351    0.3113       185
weighted avg     0.5331    0.3784    0.3407       185

micro f-score: 0.37837837837837834

========== Train Epoch 12 ==========
Loss: 1.122	Accuracy: 35.68%	Cost 48s
              precision    recall  f1-score   support

         bzx     0.5000    0.0645    0.1143        31
         cwx     0.3333    0.0909    0.1429        22
         hdx     0.0000    0.0000    0.0000        17
         mtx     0.3158    0.3158    0.3158        19
         nqx     0.1279    0.9167    0.2245        12
         qtx     0.7308    0.4222    0.5352        45
         zxx     0.6047    0.6667    0.6341        39

    accuracy                         0.3568       185
   macro avg     0.3732    0.3538    0.2810       185
weighted avg     0.4694    0.3568    0.3470       185

micro f-score: 0.3567567567567568

========== Train Epoch 13 ==========
Loss: 1.006	Accuracy: 37.30%	Cost 50s
              precision    recall  f1-score   support

         bzx     0.2397    0.9355    0.3816        31
         cwx     0.2857    0.1818    0.2222        22
         hdx     0.3750    0.1765    0.2400        17
         mtx     0.0000    0.0000    0.0000        19
         nqx     0.5000    0.1667    0.2500        12
         qtx     1.0000    0.0889    0.1633        45
         zxx     0.7941    0.6923    0.7397        39

    accuracy                         0.3730       185
   macro avg     0.4564    0.3202    0.2853       185
weighted avg     0.5517    0.3730    0.3243       185

micro f-score: 0.37297297297297294

========== Train Epoch 14 ==========
/home/djy/anaconda3/envs/pytorch/lib/python3.7/site-packages/sklearn/metrics/_classification.py:1308: UndefinedMetricWarning: Precision and F-score are ill-defined and being set to 0.0 in labels with no predicted samples. Use `zero_division` parameter to control this behavior.
  _warn_prf(average, modifier, msg_start, len(result))
/home/djy/anaconda3/envs/pytorch/lib/python3.7/site-packages/sklearn/metrics/_classification.py:1308: UndefinedMetricWarning: Precision and F-score are ill-defined and being set to 0.0 in labels with no predicted samples. Use `zero_division` parameter to control this behavior.
  _warn_prf(average, modifier, msg_start, len(result))
/home/djy/anaconda3/envs/pytorch/lib/python3.7/site-packages/sklearn/metrics/_classification.py:1308: UndefinedMetricWarning: Precision and F-score are ill-defined and being set to 0.0 in labels with no predicted samples. Use `zero_division` parameter to control this behavior.
  _warn_prf(average, modifier, msg_start, len(result))
Loss: 0.946	Accuracy: 49.73%	Cost 44s
              precision    recall  f1-score   support

         bzx     0.4545    0.1613    0.2381        31
         cwx     0.7143    0.4545    0.5556        22
         hdx     0.5000    0.2941    0.3704        17
         mtx     0.2000    0.0526    0.0833        19
         nqx     0.2857    0.8333    0.4255        12
         qtx     0.6327    0.6889    0.6596        45
         zxx     0.4918    0.7692    0.6000        39

    accuracy                         0.4973       185
   macro avg     0.4684    0.4649    0.4189       185
weighted avg     0.5037    0.4973    0.4631       185

micro f-score: 0.4972972972972973

========== Train Epoch 15 ==========
Loss: 0.926	Accuracy: 41.62%	Cost 47s
              precision    recall  f1-score   support

         bzx     0.3485    0.7419    0.4742        31
         cwx     0.8000    0.1818    0.2963        22
         hdx     0.1923    0.2941    0.2326        17
         mtx     1.0000    0.0526    0.1000        19
         nqx     0.6000    0.2500    0.3529        12
         qtx     0.4605    0.7778    0.5785        45
         zxx     1.0000    0.1538    0.2667        39

    accuracy                         0.4162       185
   macro avg     0.6288    0.3503    0.3287       185
weighted avg     0.6357    0.4162    0.3662       185

micro f-score: 0.41621621621621624

========== Train Epoch 16 ==========
Loss: 0.733	Accuracy: 42.16%	Cost 44s
              precision    recall  f1-score   support

         bzx     0.2921    0.8387    0.4333        31
         cwx     0.6667    0.2727    0.3871        22
         hdx     0.2000    0.1765    0.1875        17
         mtx     0.6667    0.2105    0.3200        19
         nqx     0.2727    0.7500    0.4000        12
         qtx     0.9091    0.2222    0.3571        45
         zxx     0.9091    0.5128    0.6557        39

    accuracy                         0.4216       185
   macro avg     0.5595    0.4262    0.3915       185
weighted avg     0.6455    0.4216    0.4198       185

micro f-score: 0.42162162162162165

========== Train Epoch 17 ==========
Loss: 0.576	Accuracy: 42.70%	Cost 45s
              precision    recall  f1-score   support

         bzx     0.3095    0.8387    0.4522        31
         cwx     0.7500    0.2727    0.4000        22
         hdx     0.2857    0.1176    0.1667        17
         mtx     0.2069    0.3158    0.2500        19
         nqx     0.4118    0.5833    0.4828        12
         qtx     0.7308    0.4222    0.5352        45
         zxx     0.9286    0.3333    0.4906        39

    accuracy                         0.4270       185
   macro avg     0.5176    0.4120    0.3968       185
weighted avg     0.5888    0.4270    0.4292       185

micro f-score: 0.427027027027027

========== Train Epoch 18 ==========
Loss: 0.441	Accuracy: 54.05%	Cost 50s
              precision    recall  f1-score   support

         bzx     0.7500    0.1935    0.3077        31
         cwx     0.6111    0.5000    0.5500        22
         hdx     0.2632    0.5882    0.3636        17
         mtx     0.2963    0.4211    0.3478        19
         nqx     0.8000    0.3333    0.4706        12
         qtx     0.8966    0.5778    0.7027        45
         zxx     0.5833    0.8974    0.7071        39

    accuracy                         0.5405       185
   macro avg     0.6001    0.5016    0.4928       185
weighted avg     0.6459    0.5405    0.5366       185

micro f-score: 0.5405405405405406

========== Train Epoch 19 ==========
Loss: 0.377	Accuracy: 36.76%	Cost 47s
              precision    recall  f1-score   support

         bzx     0.0000    0.0000    0.0000        31
         cwx     0.3590    0.6364    0.4590        22
         hdx     0.0000    0.0000    0.0000        17
         mtx     0.1605    0.6842    0.2600        19
         nqx     0.0000    0.0000    0.0000        12
         qtx     1.0000    0.2000    0.3333        45
         zxx     0.5926    0.8205    0.6882        39

    accuracy                         0.3676       185
   macro avg     0.3017    0.3344    0.2486       185
weighted avg     0.4273    0.3676    0.3074       185

micro f-score: 0.3675675675675676

========== Train Epoch 20 ==========
/home/djy/anaconda3/envs/pytorch/lib/python3.7/site-packages/sklearn/metrics/_classification.py:1308: UndefinedMetricWarning: Precision and F-score are ill-defined and being set to 0.0 in labels with no predicted samples. Use `zero_division` parameter to control this behavior.
  _warn_prf(average, modifier, msg_start, len(result))
/home/djy/anaconda3/envs/pytorch/lib/python3.7/site-packages/sklearn/metrics/_classification.py:1308: UndefinedMetricWarning: Precision and F-score are ill-defined and being set to 0.0 in labels with no predicted samples. Use `zero_division` parameter to control this behavior.
  _warn_prf(average, modifier, msg_start, len(result))
/home/djy/anaconda3/envs/pytorch/lib/python3.7/site-packages/sklearn/metrics/_classification.py:1308: UndefinedMetricWarning: Precision and F-score are ill-defined and being set to 0.0 in labels with no predicted samples. Use `zero_division` parameter to control this behavior.
  _warn_prf(average, modifier, msg_start, len(result))
Loss: 0.348	Accuracy: 41.08%	Cost 46s
              precision    recall  f1-score   support

         bzx     0.5333    0.2581    0.3478        31
         cwx     0.3429    0.5455    0.4211        22
         hdx     0.2143    0.5294    0.3051        17
         mtx     0.2424    0.4211    0.3077        19
         nqx     0.3333    0.5000    0.4000        12
         qtx     1.0000    0.1778    0.3019        45
         zxx     0.7353    0.6410    0.6849        39

    accuracy                         0.4108       185
   macro avg     0.4859    0.4390    0.3955       185
weighted avg     0.5946    0.4108    0.4118       185

micro f-score: 0.4108108108108109

========== Train Epoch 21 ==========
Loss: 0.262	Accuracy: 51.35%	Cost 45s
              precision    recall  f1-score   support

         bzx     0.3467    0.8387    0.4906        31
         cwx     0.6500    0.5909    0.6190        22
         hdx     0.3000    0.3529    0.3243        17
         mtx     0.0000    0.0000    0.0000        19
         nqx     0.3333    0.2500    0.2857        12
         qtx     0.7778    0.6222    0.6914        45
         zxx     0.8261    0.4872    0.6129        39

    accuracy                         0.5135       185
   macro avg     0.4620    0.4489    0.4320       185
weighted avg     0.5479    0.5135    0.5015       185

micro f-score: 0.5135135135135135

========== Train Epoch 22 ==========
Loss: 0.191	Accuracy: 49.19%	Cost 45s
              precision    recall  f1-score   support

         bzx     0.5625    0.2903    0.3830        31
         cwx     0.2963    0.3636    0.3265        22
         hdx     0.1765    0.3529    0.2353        17
         mtx     0.1667    0.1053    0.1290        19
         nqx     1.0000    0.1667    0.2857        12
         qtx     0.7805    0.7111    0.7442        45
         zxx     0.6038    0.8205    0.6957        39

    accuracy                         0.4919       185
   macro avg     0.5123    0.4015    0.3999       185
weighted avg     0.5448    0.4919    0.4841       185

micro f-score: 0.4918918918918919

========== Train Epoch 23 ==========
Loss: 0.138	Accuracy: 50.81%	Cost 44s
              precision    recall  f1-score   support

         bzx     0.4839    0.4839    0.4839        31
         cwx     0.5333    0.7273    0.6154        22
         hdx     0.5000    0.2353    0.3200        17
         mtx     0.2308    0.1579    0.1875        19
         nqx     0.2326    0.8333    0.3636        12
         qtx     0.9000    0.4000    0.5538        45
         zxx     0.7000    0.7179    0.7089        39

    accuracy                         0.5081       185
   macro avg     0.5115    0.5079    0.4619       185
weighted avg     0.5957    0.5081    0.5107       185

micro f-score: 0.5081081081081081

========== Train Epoch 24 ==========
Loss: 0.140	Accuracy: 43.24%	Cost 44s
              precision    recall  f1-score   support

         bzx     0.5000    0.2258    0.3111        31
         cwx     0.2564    0.9091    0.4000        22
         hdx     0.1429    0.0588    0.0833        17
         mtx     0.2381    0.2632    0.2500        19
         nqx     0.2857    0.5000    0.3636        12
         qtx     0.9545    0.4667    0.6269        45
         zxx     0.9091    0.5128    0.6557        39

    accuracy                         0.4324       185
   macro avg     0.4695    0.4195    0.3844       185
weighted avg     0.5942    0.4324    0.4473       185

micro f-score: 0.43243243243243246

========== Train Epoch 25 ==========
Loss: 0.138	Accuracy: 45.41%	Cost 45s
              precision    recall  f1-score   support

         bzx     0.7500    0.0968    0.1714        31
         cwx     0.2656    0.7727    0.3953        22
         hdx     0.2258    0.4118    0.2917        17
         mtx     0.2000    0.0526    0.0833        19
         nqx     0.8000    0.3333    0.4706        12
         qtx     0.6905    0.6444    0.6667        45
         zxx     0.6765    0.5897    0.6301        39

    accuracy                         0.4541       185
   macro avg     0.5155    0.4145    0.3870       185
weighted avg     0.5610    0.4541    0.4366       185

micro f-score: 0.4540540540540541

========== Train Epoch 26 ==========
Loss: 0.128	Accuracy: 43.24%	Cost 46s
              precision    recall  f1-score   support

         bzx     0.3000    0.8710    0.4463        31
         cwx     0.5238    0.5000    0.5116        22
         hdx     0.2308    0.1765    0.2000        17
         mtx     0.3158    0.3158    0.3158        19
         nqx     0.6667    0.3333    0.4444        12
         qtx     0.8696    0.4444    0.5882        45
         zxx     0.6923    0.2308    0.3462        39

    accuracy                         0.4324       185
   macro avg     0.5141    0.4103    0.4075       185
weighted avg     0.5669    0.4324    0.4313       185

micro f-score: 0.43243243243243246

========== Train Epoch 27 ==========
Loss: 0.148	Accuracy: 45.95%	Cost 46s
              precision    recall  f1-score   support

         bzx     0.5000    0.0323    0.0606        31
         cwx     0.2857    0.8182    0.4235        22
         hdx     0.2000    0.0588    0.0909        17
         mtx     0.1818    0.1053    0.1333        19
         nqx     0.2424    0.6667    0.3556        12
         qtx     0.8529    0.6444    0.7342        45
         zxx     0.7027    0.6667    0.6842        39

    accuracy                         0.4595       185
   macro avg     0.4237    0.4275    0.3546       185
weighted avg     0.5261    0.4595    0.4285       185

micro f-score: 0.4594594594594595

========== Train Epoch 28 ==========
Loss: 0.144	Accuracy: 51.89%	Cost 47s
              precision    recall  f1-score   support

         bzx     0.6364    0.2258    0.3333        31
         cwx     0.8571    0.2727    0.4138        22
         hdx     0.4615    0.3529    0.4000        17
         mtx     0.6250    0.2632    0.3704        19
         nqx     0.3810    0.6667    0.4848        12
         qtx     0.7105    0.6000    0.6506        45
         zxx     0.4253    0.9487    0.5873        39

    accuracy                         0.5189       185
   macro avg     0.5853    0.4757    0.4629       185
weighted avg     0.6024    0.5189    0.4934       185

micro f-score: 0.518918918918919

========== Train Epoch 29 ==========
Loss: 0.109	Accuracy: 50.27%	Cost 47s
              precision    recall  f1-score   support

         bzx     0.5000    0.0645    0.1143        31
         cwx     0.3065    0.8636    0.4524        22
         hdx     0.3000    0.1765    0.2222        17
         mtx     0.5000    0.2632    0.3448        19
         nqx     1.0000    0.3333    0.5000        12
         qtx     0.5588    0.8444    0.6726        45
         zxx     0.8148    0.5641    0.6667        39

    accuracy                         0.5027       185
   macro avg     0.5686    0.4442    0.4247       185
weighted avg     0.5717    0.5027    0.4654       185

micro f-score: 0.5027027027027027

========== Train Epoch 30 ==========
Loss: 0.103	Accuracy: 52.43%	Cost 47s
              precision    recall  f1-score   support

         bzx     0.5333    0.2581    0.3478        31
         cwx     0.3421    0.5909    0.4333        22
         hdx     0.3000    0.5294    0.3830        17
         mtx     0.0000    0.0000    0.0000        19
         nqx     0.5385    0.5833    0.5600        12
         qtx     0.7692    0.6667    0.7143        45
         zxx     0.6122    0.7692    0.6818        39

    accuracy                         0.5243       185
   macro avg     0.4422    0.4854    0.4457       185
weighted avg     0.5087    0.5243    0.4988       185

micro f-score: 0.5243243243243243

========== Train Epoch 31 ==========
Loss: 0.059	Accuracy: 50.27%	Cost 47s
              precision    recall  f1-score   support

         bzx     0.5000    0.5161    0.5079        31
         cwx     0.7692    0.4545    0.5714        22
         hdx     0.3846    0.2941    0.3333        17
         mtx     0.2692    0.3684    0.3111        19
         nqx     0.3333    0.5833    0.4242        12
         qtx     0.9091    0.4444    0.5970        45
         zxx     0.4828    0.7179    0.5773        39

    accuracy                         0.5027       185
   macro avg     0.5212    0.4827    0.4746       185
weighted avg     0.5828    0.5027    0.5101       185

micro f-score: 0.5027027027027027

========== Train Epoch 32 ==========
Loss: 0.061	Accuracy: 56.76%	Cost 47s
              precision    recall  f1-score   support

         bzx     0.5652    0.4194    0.4815        31
         cwx     0.5185    0.6364    0.5714        22
         hdx     0.4000    0.2353    0.2963        17
         mtx     0.3000    0.1579    0.2069        19
         nqx     0.4444    0.6667    0.5333        12
         qtx     0.7143    0.6667    0.6897        45
         zxx     0.6000    0.8462    0.7021        39

    accuracy                         0.5676       185
   macro avg     0.5061    0.5183    0.4973       185
weighted avg     0.5530    0.5676    0.5475       185

micro f-score: 0.5675675675675675

========== Train Epoch 33 ==========
Loss: 0.040	Accuracy: 58.92%	Cost 47s
              precision    recall  f1-score   support

         bzx     0.6190    0.4194    0.5000        31
         cwx     0.4688    0.6818    0.5556        22
         hdx     0.3529    0.3529    0.3529        17
         mtx     0.3750    0.3158    0.3429        19
         nqx     0.5000    0.4167    0.4545        12
         qtx     0.7333    0.7333    0.7333        45
         zxx     0.7045    0.7949    0.7470        39

    accuracy                         0.5892       185
   macro avg     0.5362    0.5307    0.5266       185
weighted avg     0.5898    0.5892    0.5828       185

micro f-score: 0.5891891891891892

========== Train Epoch 34 ==========
Loss: 0.039	Accuracy: 55.68%	Cost 46s
              precision    recall  f1-score   support

         bzx     0.4444    0.5161    0.4776        31
         cwx     0.6667    0.4545    0.5405        22
         hdx     0.3636    0.4706    0.4103        17
         mtx     0.4286    0.1579    0.2308        19
         nqx     0.0000    0.0000    0.0000        12
         qtx     0.7609    0.7778    0.7692        45
         zxx     0.5254    0.7949    0.6327        39

    accuracy                         0.5568       185
   macro avg     0.4557    0.4531    0.4373       185
weighted avg     0.5270    0.5568    0.5262       185

micro f-score: 0.5567567567567567

========== Train Epoch 35 ==========
/home/djy/anaconda3/envs/pytorch/lib/python3.7/site-packages/sklearn/metrics/_classification.py:1308: UndefinedMetricWarning: Precision and F-score are ill-defined and being set to 0.0 in labels with no predicted samples. Use `zero_division` parameter to control this behavior.
  _warn_prf(average, modifier, msg_start, len(result))
/home/djy/anaconda3/envs/pytorch/lib/python3.7/site-packages/sklearn/metrics/_classification.py:1308: UndefinedMetricWarning: Precision and F-score are ill-defined and being set to 0.0 in labels with no predicted samples. Use `zero_division` parameter to control this behavior.
  _warn_prf(average, modifier, msg_start, len(result))
/home/djy/anaconda3/envs/pytorch/lib/python3.7/site-packages/sklearn/metrics/_classification.py:1308: UndefinedMetricWarning: Precision and F-score are ill-defined and being set to 0.0 in labels with no predicted samples. Use `zero_division` parameter to control this behavior.
  _warn_prf(average, modifier, msg_start, len(result))
Loss: 0.044	Accuracy: 50.27%	Cost 47s
              precision    recall  f1-score   support

         bzx     0.5000    0.3226    0.3922        31
         cwx     0.5556    0.4545    0.5000        22
         hdx     0.2857    0.2353    0.2581        17
         mtx     0.3571    0.2632    0.3030        19
         nqx     0.1860    0.6667    0.2909        12
         qtx     0.7742    0.5333    0.6316        45
         zxx     0.7111    0.8205    0.7619        39

    accuracy                         0.5027       185
   macro avg     0.4814    0.4709    0.4482       185
weighted avg     0.5631    0.5027    0.5131       185

micro f-score: 0.5027027027027027

========== Train Epoch 36 ==========
Loss: 0.058	Accuracy: 54.05%	Cost 46s
              precision    recall  f1-score   support

         bzx     0.5833    0.2258    0.3256        31
         cwx     0.5882    0.4545    0.5128        22
         hdx     0.5000    0.1765    0.2609        17
         mtx     0.3600    0.4737    0.4091        19
         nqx     0.4211    0.6667    0.5161        12
         qtx     0.5135    0.8444    0.6387        45
         zxx     0.7812    0.6410    0.7042        39

    accuracy                         0.5405       185
   macro avg     0.5353    0.4975    0.4811       185
weighted avg     0.5675    0.5405    0.5188       185

micro f-score: 0.5405405405405406

========== Train Epoch 37 ==========
Loss: 0.054	Accuracy: 51.89%	Cost 46s
              precision    recall  f1-score   support

         bzx     0.4583    0.3548    0.4000        31
         cwx     0.3810    0.7273    0.5000        22
         hdx     0.3077    0.2353    0.2667        17
         mtx     0.2963    0.4211    0.3478        19
         nqx     0.5455    0.5000    0.5217        12
         qtx     0.9583    0.5111    0.6667        45
         zxx     0.6364    0.7179    0.6747        39

    accuracy                         0.5189       185
   macro avg     0.5119    0.4954    0.4825       185
weighted avg     0.5835    0.5189    0.5250       185

micro f-score: 0.518918918918919

========== Train Epoch 38 ==========
Loss: 0.034	Accuracy: 56.22%	Cost 47s
              precision    recall  f1-score   support

         bzx     0.3529    0.3871    0.3692        31
         cwx     0.7333    0.5000    0.5946        22
         hdx     0.2800    0.4118    0.3333        17
         mtx     0.4545    0.2632    0.3333        19
         nqx     0.6000    0.5000    0.5455        12
         qtx     0.7805    0.7111    0.7442        45
         zxx     0.6327    0.7949    0.7045        39

    accuracy                         0.5622       185
   macro avg     0.5477    0.5097    0.5178       185
weighted avg     0.5809    0.5622    0.5624       185

micro f-score: 0.5621621621621622

========== Train Epoch 39 ==========
Loss: 0.026	Accuracy: 58.38%	Cost 46s
              precision    recall  f1-score   support

         bzx     0.5000    0.3548    0.4151        31
         cwx     0.6667    0.5455    0.6000        22
         hdx     0.3571    0.2941    0.3226        17
         mtx     0.3125    0.5263    0.3922        19
         nqx     0.5833    0.5833    0.5833        12
         qtx     0.7805    0.7111    0.7442        45
         zxx     0.6739    0.7949    0.7294        39

    accuracy                         0.5838       185
   macro avg     0.5534    0.5443    0.5410       185
weighted avg     0.5977    0.5838    0.5834       185

micro f-score: 0.5837837837837838

========== Train Epoch 40 ==========
Loss: 0.021	Accuracy: 55.68%	Cost 46s
              precision    recall  f1-score   support

         bzx     0.5500    0.3548    0.4314        31
         cwx     0.4667    0.6364    0.5385        22
         hdx     0.3333    0.2353    0.2759        17
         mtx     0.3636    0.4211    0.3902        19
         nqx     0.6667    0.5000    0.5714        12
         qtx     0.8438    0.6000    0.7013        45
         zxx     0.5500    0.8462    0.6667        39

    accuracy                         0.5568       185
   macro avg     0.5392    0.5134    0.5108       185
weighted avg     0.5801    0.5568    0.5499       185

micro f-score: 0.5567567567567567

========== Train Epoch 41 ==========
Loss: 0.014	Accuracy: 56.76%	Cost 47s
              precision    recall  f1-score   support

         bzx     0.4783    0.3548    0.4074        31
         cwx     0.5000    0.5455    0.5217        22
         hdx     0.3125    0.2941    0.3030        17
         mtx     0.3548    0.5789    0.4400        19
         nqx     0.6667    0.5000    0.5714        12
         qtx     0.7895    0.6667    0.7229        45
         zxx     0.6818    0.7692    0.7229        39

    accuracy                         0.5676       185
   macro avg     0.5405    0.5299    0.5271       185
weighted avg     0.5838    0.5676    0.5686       185

micro f-score: 0.5675675675675675

========== Train Epoch 42 ==========
Loss: 0.022	Accuracy: 56.22%	Cost 47s
              precision    recall  f1-score   support

         bzx     0.4444    0.5161    0.4776        31
         cwx     0.5714    0.5455    0.5581        22
         hdx     0.2941    0.2941    0.2941        17
         mtx     0.3913    0.4737    0.4286        19
         nqx     0.5000    0.5000    0.5000        12
         qtx     0.8667    0.5778    0.6933        45
         zxx     0.6522    0.7692    0.7059        39

    accuracy                         0.5622       185
   macro avg     0.5314    0.5252    0.5225       185
weighted avg     0.5904    0.5622    0.5673       185

micro f-score: 0.5621621621621622

========== Train Epoch 43 ==========
Loss: 0.021	Accuracy: 60.00%	Cost 46s
              precision    recall  f1-score   support

         bzx     0.6500    0.4194    0.5098        31
         cwx     0.8000    0.5455    0.6486        22
         hdx     0.3077    0.2353    0.2667        17
         mtx     0.4286    0.4737    0.4500        19
         nqx     0.5833    0.5833    0.5833        12
         qtx     0.6800    0.7556    0.7158        45
         zxx     0.5926    0.8205    0.6882        39

    accuracy                         0.6000       185
   macro avg     0.5775    0.5476    0.5518       185
weighted avg     0.6045    0.6000    0.5903       185

micro f-score: 0.6

========== Train Epoch 44 ==========
Loss: 0.015	Accuracy: 59.46%	Cost 46s
              precision    recall  f1-score   support

         bzx     0.5385    0.4516    0.4912        31
         cwx     0.5455    0.5455    0.5455        22
         hdx     0.3750    0.3529    0.3636        17
         mtx     0.4167    0.5263    0.4651        19
         nqx     0.6364    0.5833    0.6087        12
         qtx     0.7895    0.6667    0.7229        45
         zxx     0.6458    0.7949    0.7126        39

    accuracy                         0.5946       185
   macro avg     0.5639    0.5602    0.5585       185
weighted avg     0.6018    0.5946    0.5939       185

micro f-score: 0.5945945945945946

========== Train Epoch 45 ==========
Loss: 0.012	Accuracy: 59.46%	Cost 47s
              precision    recall  f1-score   support

         bzx     0.4848    0.5161    0.5000        31
         cwx     0.6316    0.5455    0.5854        22
         hdx     0.4286    0.3529    0.3871        17
         mtx     0.4000    0.3158    0.3529        19
         nqx     0.5833    0.5833    0.5833        12
         qtx     0.7561    0.6889    0.7209        45
         zxx     0.6275    0.8205    0.7111        39

    accuracy                         0.5946       185
   macro avg     0.5588    0.5461    0.5487       185
weighted avg     0.5908    0.5946    0.5883       185

micro f-score: 0.5945945945945946

========== Train Epoch 46 ==========
Loss: 0.014	Accuracy: 57.84%	Cost 47s
              precision    recall  f1-score   support

         bzx     0.5455    0.3871    0.4528        31
         cwx     0.5455    0.5455    0.5455        22
         hdx     0.2778    0.2941    0.2857        17
         mtx     0.3478    0.4211    0.3810        19
         nqx     0.7000    0.5833    0.6364        12
         qtx     0.7619    0.7111    0.7356        45
         zxx     0.6458    0.7949    0.7126        39

    accuracy                         0.5784       185
   macro avg     0.5463    0.5339    0.5357       185
weighted avg     0.5844    0.5784    0.5766       185

micro f-score: 0.5783783783783784

========== Train Epoch 47 ==========
Loss: 0.011	Accuracy: 60.00%	Cost 46s
              precision    recall  f1-score   support

         bzx     0.5652    0.4194    0.4815        31
         cwx     0.7059    0.5455    0.6154        22
         hdx     0.2667    0.2353    0.2500        17
         mtx     0.4211    0.4211    0.4211        19
         nqx     0.5833    0.5833    0.5833        12
         qtx     0.7234    0.7556    0.7391        45
         zxx     0.6346    0.8462    0.7253        39

    accuracy                         0.6000       185
   macro avg     0.5572    0.5437    0.5451       185
weighted avg     0.5940    0.6000    0.5906       185

micro f-score: 0.6

========== Train Epoch 48 ==========
Loss: 0.012	Accuracy: 58.38%	Cost 48s
              precision    recall  f1-score   support

         bzx     0.5882    0.3226    0.4167        31
         cwx     0.5652    0.5909    0.5778        22
         hdx     0.3125    0.2941    0.3030        17
         mtx     0.4211    0.4211    0.4211        19
         nqx     0.7000    0.5833    0.6364        12
         qtx     0.7619    0.7111    0.7356        45
         zxx     0.5690    0.8462    0.6804        39

    accuracy                         0.5838       185
   macro avg     0.5597    0.5385    0.5387       185
weighted avg     0.5884    0.5838    0.5733       185

micro f-score: 0.5837837837837838

========== Train Epoch 49 ==========
Loss: 0.013	Accuracy: 62.16%	Cost 47s
              precision    recall  f1-score   support

         bzx     0.5000    0.5484    0.5231        31
         cwx     0.6500    0.5909    0.6190        22
         hdx     0.4167    0.2941    0.3448        17
         mtx     0.3750    0.3158    0.3429        19
         nqx     0.5833    0.5833    0.5833        12
         qtx     0.7660    0.8000    0.7826        45
         zxx     0.7045    0.7949    0.7470        39

    accuracy                         0.6216       185
   macro avg     0.5708    0.5611    0.5632       185
weighted avg     0.6106    0.6216    0.6138       185

micro f-score: 0.6216216216216216

========== Train Epoch 50 ==========
Loss: 0.013	Accuracy: 60.00%	Cost 46s
              precision    recall  f1-score   support

         bzx     0.5172    0.4839    0.5000        31
         cwx     0.6190    0.5909    0.6047        22
         hdx     0.3043    0.4118    0.3500        17
         mtx     0.4375    0.3684    0.4000        19
         nqx     0.6364    0.5833    0.6087        12
         qtx     0.8158    0.6889    0.7470        45
         zxx     0.6596    0.7949    0.7209        39

    accuracy                         0.6000       185
   macro avg     0.5700    0.5603    0.5616       185
weighted avg     0.6119    0.6000    0.6021       185

micro f-score: 0.6

========== Train Epoch 51 ==========
Loss: 0.014	Accuracy: 60.00%	Cost 47s
              precision    recall  f1-score   support

         bzx     0.4722    0.5484    0.5075        31
         cwx     0.6875    0.5000    0.5789        22
         hdx     0.4286    0.3529    0.3871        17
         mtx     0.4375    0.3684    0.4000        19
         nqx     0.7000    0.5833    0.6364        12
         qtx     0.7949    0.6889    0.7381        45
         zxx     0.5926    0.8205    0.6882        39

    accuracy                         0.6000       185
   macro avg     0.5876    0.5518    0.5623       185
weighted avg     0.6089    0.6000    0.5964       185

micro f-score: 0.6

========== Train Epoch 52 ==========
Loss: 0.011	Accuracy: 58.92%	Cost 47s
              precision    recall  f1-score   support

         bzx     0.5625    0.2903    0.3830        31
         cwx     0.5000    0.5909    0.5417        22
         hdx     0.2222    0.2353    0.2286        17
         mtx     0.4762    0.5263    0.5000        19
         nqx     0.8750    0.5833    0.7000        12
         qtx     0.7556    0.7556    0.7556        45
         zxx     0.6275    0.8205    0.7111        39

    accuracy                         0.5892       185
   macro avg     0.5741    0.5432    0.5457       185
weighted avg     0.5959    0.5892    0.5800       185

micro f-score: 0.5891891891891892

========== Train Epoch 53 ==========
Loss: 0.013	Accuracy: 56.76%	Cost 47s
              precision    recall  f1-score   support

         bzx     0.5000    0.4194    0.4561        31
         cwx     0.8571    0.5455    0.6667        22
         hdx     0.2500    0.1765    0.2069        17
         mtx     0.2683    0.5789    0.3667        19
         nqx     0.6364    0.5833    0.6087        12
         qtx     0.8286    0.6444    0.7250        45
         zxx     0.6522    0.7692    0.7059        39

    accuracy                         0.5676       185
   macro avg     0.5704    0.5310    0.5337       185
weighted avg     0.6165    0.5676    0.5770       185

micro f-score: 0.5675675675675675

========== Train Epoch 54 ==========
Loss: 0.013	Accuracy: 60.00%	Cost 48s
              precision    recall  f1-score   support

         bzx     0.5172    0.4839    0.5000        31
         cwx     0.7059    0.5455    0.6154        22
         hdx     0.4444    0.4706    0.4571        17
         mtx     0.4286    0.1579    0.2308        19
         nqx     0.4500    0.7500    0.5625        12
         qtx     0.7619    0.7111    0.7356        45
         zxx     0.6154    0.8205    0.7033        39

    accuracy                         0.6000       185
   macro avg     0.5605    0.5628    0.5435       185
weighted avg     0.5997    0.6000    0.5864       185

micro f-score: 0.6

========== Train Epoch 55 ==========
Loss: 0.017	Accuracy: 52.43%	Cost 46s
              precision    recall  f1-score   support

         bzx     0.3793    0.3548    0.3667        31
         cwx     0.6364    0.3182    0.4242        22
         hdx     0.4167    0.2941    0.3448        17
         mtx     0.0000    0.0000    0.0000        19
         nqx     0.6154    0.6667    0.6400        12
         qtx     0.7895    0.6667    0.7229        45
         zxx     0.4557    0.9231    0.6102        39

    accuracy                         0.5243       185
   macro avg     0.4704    0.4605    0.4441       185
weighted avg     0.5055    0.5243    0.4896       185

micro f-score: 0.5243243243243243

========== Train Epoch 56 ==========
Loss: 0.069	Accuracy: 36.22%	Cost 47s
              precision    recall  f1-score   support

         bzx     0.5000    0.0323    0.0606        31
         cwx     0.4333    0.5909    0.5000        22
         hdx     1.0000    0.1176    0.2105        17
         mtx     0.5000    0.1579    0.2400        19
         nqx     0.7500    0.2500    0.3750        12
         qtx     1.0000    0.2000    0.3333        45
         zxx     0.2727    0.9231    0.4211        39

    accuracy                         0.3622       185
   macro avg     0.6366    0.3245    0.3058       185
weighted avg     0.6279    0.3622    0.3078       185

micro f-score: 0.3621621621621622

========== Train Epoch 57 ==========
Loss: 0.178	Accuracy: 40.00%	Cost 46s
              precision    recall  f1-score   support

         bzx     0.2407    0.8387    0.3741        31
         cwx     0.4444    0.1818    0.2581        22
         hdx     1.0000    0.0588    0.1111        17
         mtx     0.5000    0.1579    0.2400        19
         nqx     0.0000    0.0000    0.0000        12
         qtx     1.0000    0.3778    0.5484        45
         zxx     0.5227    0.5897    0.5542        39

    accuracy                         0.4000       185
   macro avg     0.5297    0.3150    0.2980       185
weighted avg     0.5899    0.4000    0.3785       185

micro f-score: 0.4000000000000001

========== Train Epoch 58 ==========
/home/djy/anaconda3/envs/pytorch/lib/python3.7/site-packages/sklearn/metrics/_classification.py:1308: UndefinedMetricWarning: Precision and F-score are ill-defined and being set to 0.0 in labels with no predicted samples. Use `zero_division` parameter to control this behavior.
  _warn_prf(average, modifier, msg_start, len(result))
/home/djy/anaconda3/envs/pytorch/lib/python3.7/site-packages/sklearn/metrics/_classification.py:1308: UndefinedMetricWarning: Precision and F-score are ill-defined and being set to 0.0 in labels with no predicted samples. Use `zero_division` parameter to control this behavior.
  _warn_prf(average, modifier, msg_start, len(result))
/home/djy/anaconda3/envs/pytorch/lib/python3.7/site-packages/sklearn/metrics/_classification.py:1308: UndefinedMetricWarning: Precision and F-score are ill-defined and being set to 0.0 in labels with no predicted samples. Use `zero_division` parameter to control this behavior.
  _warn_prf(average, modifier, msg_start, len(result))
Loss: 0.435	Accuracy: 27.03%	Cost 47s
              precision    recall  f1-score   support

         bzx     0.3415    0.4516    0.3889        31
         cwx     0.1800    0.4091    0.2500        22
         hdx     0.1429    0.5294    0.2250        17
         mtx     1.0000    0.0526    0.1000        19
         nqx     1.0000    0.0833    0.1538        12
         qtx     0.6364    0.3111    0.4179        45
         zxx     0.2857    0.0513    0.0870        39

    accuracy                         0.2703       185
   macro avg     0.5123    0.2698    0.2318       185
weighted avg     0.4743    0.2703    0.2558       185

micro f-score: 0.2702702702702703

========== Train Epoch 59 ==========
Loss: 0.430	Accuracy: 34.05%	Cost 47s
              precision    recall  f1-score   support

         bzx     0.0000    0.0000    0.0000        31
         cwx     0.2386    0.9545    0.3818        22
         hdx     0.3333    0.0588    0.1000        17
         mtx     0.0833    0.0526    0.0645        19
         nqx     0.0000    0.0000    0.0000        12
         qtx     0.4815    0.2889    0.3611        45
         zxx     0.5094    0.6923    0.5870        39

    accuracy                         0.3405       185
   macro avg     0.2352    0.2925    0.2135       185
weighted avg     0.2921    0.3405    0.2728       185

micro f-score: 0.34054054054054056

========== Train Epoch 60 ==========
/home/djy/anaconda3/envs/pytorch/lib/python3.7/site-packages/sklearn/metrics/_classification.py:1308: UndefinedMetricWarning: Precision and F-score are ill-defined and being set to 0.0 in labels with no predicted samples. Use `zero_division` parameter to control this behavior.
  _warn_prf(average, modifier, msg_start, len(result))
/home/djy/anaconda3/envs/pytorch/lib/python3.7/site-packages/sklearn/metrics/_classification.py:1308: UndefinedMetricWarning: Precision and F-score are ill-defined and being set to 0.0 in labels with no predicted samples. Use `zero_division` parameter to control this behavior.
  _warn_prf(average, modifier, msg_start, len(result))
/home/djy/anaconda3/envs/pytorch/lib/python3.7/site-packages/sklearn/metrics/_classification.py:1308: UndefinedMetricWarning: Precision and F-score are ill-defined and being set to 0.0 in labels with no predicted samples. Use `zero_division` parameter to control this behavior.
  _warn_prf(average, modifier, msg_start, len(result))
Loss: 0.187	Accuracy: 41.62%	Cost 49s
              precision    recall  f1-score   support

         bzx     0.0000    0.0000    0.0000        31
         cwx     0.7500    0.2727    0.4000        22
         hdx     0.3636    0.2353    0.2857        17
         mtx     0.5000    0.0526    0.0952        19
         nqx     0.3103    0.7500    0.4390        12
         qtx     0.7500    0.4667    0.5753        45
         zxx     0.3364    0.9231    0.4932        39

    accuracy                         0.4162       185
   macro avg     0.4301    0.3858    0.3269       185
weighted avg     0.4474    0.4162    0.3560       185

micro f-score: 0.41621621621621624

========== Train Epoch 61 ==========
/home/djy/anaconda3/envs/pytorch/lib/python3.7/site-packages/sklearn/metrics/_classification.py:1308: UndefinedMetricWarning: Precision and F-score are ill-defined and being set to 0.0 in labels with no predicted samples. Use `zero_division` parameter to control this behavior.
  _warn_prf(average, modifier, msg_start, len(result))
/home/djy/anaconda3/envs/pytorch/lib/python3.7/site-packages/sklearn/metrics/_classification.py:1308: UndefinedMetricWarning: Precision and F-score are ill-defined and being set to 0.0 in labels with no predicted samples. Use `zero_division` parameter to control this behavior.
  _warn_prf(average, modifier, msg_start, len(result))
/home/djy/anaconda3/envs/pytorch/lib/python3.7/site-packages/sklearn/metrics/_classification.py:1308: UndefinedMetricWarning: Precision and F-score are ill-defined and being set to 0.0 in labels with no predicted samples. Use `zero_division` parameter to control this behavior.
  _warn_prf(average, modifier, msg_start, len(result))
Loss: 0.086	Accuracy: 50.81%	Cost 43s
              precision    recall  f1-score   support

         bzx     0.4688    0.4839    0.4762        31
         cwx     1.0000    0.2727    0.4286        22
         hdx     0.2500    0.1176    0.1600        17
         mtx     0.2500    0.3684    0.2979        19
         nqx     0.6000    0.5000    0.5455        12
         qtx     0.7143    0.5556    0.6250        45
         zxx     0.5000    0.8462    0.6286        39

    accuracy                         0.5081       185
   macro avg     0.5404    0.4492    0.4517       185
weighted avg     0.5642    0.5081    0.4960       185

micro f-score: 0.5081081081081081

========== Train Epoch 62 ==========
Loss: 0.053	Accuracy: 52.97%	Cost 46s
              precision    recall  f1-score   support

         bzx     0.4359    0.5484    0.4857        31
         cwx     0.3696    0.7727    0.5000        22
         hdx     0.3077    0.2353    0.2667        17
         mtx     0.3333    0.2105    0.2581        19
         nqx     0.5556    0.4167    0.4762        12
         qtx     0.7442    0.7111    0.7273        45
         zxx     0.8261    0.4872    0.6129        39

    accuracy                         0.5297       185
   macro avg     0.5103    0.4831    0.4753       185
weighted avg     0.5707    0.5297    0.5289       185

micro f-score: 0.5297297297297298

========== Train Epoch 63 ==========
Loss: 0.033	Accuracy: 52.97%	Cost 46s
              precision    recall  f1-score   support

         bzx     0.5217    0.3871    0.4444        31
         cwx     0.7500    0.4091    0.5294        22
         hdx     0.3000    0.3529    0.3243        17
         mtx     0.3125    0.2632    0.2857        19
         nqx     0.4615    0.5000    0.4800        12
         qtx     0.7250    0.6444    0.6824        45
         zxx     0.5082    0.7949    0.6200        39

    accuracy                         0.5297       185
   macro avg     0.5113    0.4788    0.4809       185
weighted avg     0.5497    0.5297    0.5244       185

micro f-score: 0.5297297297297298

========== Train Epoch 64 ==========
Loss: 0.022	Accuracy: 56.22%	Cost 29s
              precision    recall  f1-score   support

         bzx     0.4138    0.3871    0.4000        31
         cwx     0.6000    0.4091    0.4865        22
         hdx     0.3333    0.3529    0.3429        17
         mtx     0.3889    0.3684    0.3784        19
         nqx     0.5833    0.5833    0.5833        12
         qtx     0.6939    0.7556    0.7234        45
         zxx     0.6591    0.7436    0.6988        39

    accuracy                         0.5622       185
   macro avg     0.5246    0.5143    0.5162       185
weighted avg     0.5568    0.5622    0.5564       185

micro f-score: 0.5621621621621622

Finished training!!!

Min Loss = 0.011 in epoch 46;
Max Accuracy = 62.16% in epoch 48;
Total Cost 49 minutes

===============================================================================================
Layer (type:depth-idx)                        Output Shape              Param #
===============================================================================================
Conv2d: 1-1                                 [-1, 64, 160, 160]        9,408
BatchNorm2d: 1-2                            [-1, 64, 160, 160]        128
ReLU: 1-3                                   [-1, 64, 160, 160]        --
MaxPool2d: 1-4                              [-1, 64, 80, 80]          --
Sequential: 1-5                             [-1, 64, 80, 80]          --
|    BasicBlock: 2-1                        [-1, 64, 80, 80]          --
|    |    Conv2d: 3-1                       [-1, 64, 80, 80]          36,864
|    |    BatchNorm2d: 3-2                  [-1, 64, 80, 80]          128
|    |    ReLU: 3-3                         [-1, 64, 80, 80]          --
|    |    Conv2d: 3-4                       [-1, 64, 80, 80]          36,864
|    |    BatchNorm2d: 3-5                  [-1, 64, 80, 80]          128
|    |    CoordAtt1: 3-6                    [-1, 64, 80, 80]          3,376
|    |    ReLU: 3-7                         [-1, 64, 80, 80]          --
|    BasicBlock: 2-2                        [-1, 64, 80, 80]          --
|    |    Conv2d: 3-8                       [-1, 64, 80, 80]          36,864
|    |    BatchNorm2d: 3-9                  [-1, 64, 80, 80]          128
|    |    ReLU: 3-10                        [-1, 64, 80, 80]          --
|    |    Conv2d: 3-11                      [-1, 64, 80, 80]          36,864
|    |    BatchNorm2d: 3-12                 [-1, 64, 80, 80]          128
|    |    CoordAtt1: 3-13                   [-1, 64, 80, 80]          3,376
|    |    ReLU: 3-14                        [-1, 64, 80, 80]          --
Sequential: 1-6                             [-1, 128, 40, 40]         --
|    BasicBlock: 2-3                        [-1, 128, 40, 40]         --
|    |    Conv2d: 3-15                      [-1, 128, 40, 40]         73,728
|    |    BatchNorm2d: 3-16                 [-1, 128, 40, 40]         256
|    |    ReLU: 3-17                        [-1, 128, 40, 40]         --
|    |    Conv2d: 3-18                      [-1, 128, 40, 40]         147,456
|    |    BatchNorm2d: 3-19                 [-1, 128, 40, 40]         256
|    |    CoordAtt1: 3-20                   [-1, 128, 40, 40]         6,704
|    |    Sequential: 3-21                  [-1, 128, 40, 40]         8,448
|    |    ReLU: 3-22                        [-1, 128, 40, 40]         --
|    BasicBlock: 2-4                        [-1, 128, 40, 40]         --
|    |    Conv2d: 3-23                      [-1, 128, 40, 40]         147,456
|    |    BatchNorm2d: 3-24                 [-1, 128, 40, 40]         256
|    |    ReLU: 3-25                        [-1, 128, 40, 40]         --
|    |    Conv2d: 3-26                      [-1, 128, 40, 40]         147,456
|    |    BatchNorm2d: 3-27                 [-1, 128, 40, 40]         256
|    |    CoordAtt1: 3-28                   [-1, 128, 40, 40]         6,704
|    |    ReLU: 3-29                        [-1, 128, 40, 40]         --
Sequential: 1-7                             [-1, 256, 20, 20]         --
|    BasicBlock: 2-5                        [-1, 256, 20, 20]         --
|    |    Conv2d: 3-30                      [-1, 256, 20, 20]         294,912
|    |    BatchNorm2d: 3-31                 [-1, 256, 20, 20]         512
|    |    ReLU: 3-32                        [-1, 256, 20, 20]         --
|    |    Conv2d: 3-33                      [-1, 256, 20, 20]         589,824
|    |    BatchNorm2d: 3-34                 [-1, 256, 20, 20]         512
|    |    CoordAtt1: 3-35                   [-1, 256, 20, 20]         13,360
|    |    Sequential: 3-36                  [-1, 256, 20, 20]         33,280
|    |    ReLU: 3-37                        [-1, 256, 20, 20]         --
|    BasicBlock: 2-6                        [-1, 256, 20, 20]         --
|    |    Conv2d: 3-38                      [-1, 256, 20, 20]         589,824
|    |    BatchNorm2d: 3-39                 [-1, 256, 20, 20]         512
|    |    ReLU: 3-40                        [-1, 256, 20, 20]         --
|    |    Conv2d: 3-41                      [-1, 256, 20, 20]         589,824
|    |    BatchNorm2d: 3-42                 [-1, 256, 20, 20]         512
|    |    CoordAtt1: 3-43                   [-1, 256, 20, 20]         13,360
|    |    ReLU: 3-44                        [-1, 256, 20, 20]         --
Sequential: 1-8                             [-1, 512, 10, 10]         --
|    BasicBlock: 2-7                        [-1, 512, 10, 10]         --
|    |    Conv2d: 3-45                      [-1, 512, 10, 10]         1,179,648
|    |    BatchNorm2d: 3-46                 [-1, 512, 10, 10]         1,024
|    |    ReLU: 3-47                        [-1, 512, 10, 10]         --
|    |    Conv2d: 3-48                      [-1, 512, 10, 10]         2,359,296
|    |    BatchNorm2d: 3-49                 [-1, 512, 10, 10]         1,024
|    |    CoordAtt1: 3-50                   [-1, 512, 10, 10]         51,296
|    |    Sequential: 3-51                  [-1, 512, 10, 10]         132,096
|    |    ReLU: 3-52                        [-1, 512, 10, 10]         --
|    BasicBlock: 2-8                        [-1, 512, 10, 10]         --
|    |    Conv2d: 3-53                      [-1, 512, 10, 10]         2,359,296
|    |    BatchNorm2d: 3-54                 [-1, 512, 10, 10]         1,024
|    |    ReLU: 3-55                        [-1, 512, 10, 10]         --
|    |    Conv2d: 3-56                      [-1, 512, 10, 10]         2,359,296
|    |    BatchNorm2d: 3-57                 [-1, 512, 10, 10]         1,024
|    |    CoordAtt1: 3-58                   [-1, 512, 10, 10]         51,296
|    |    ReLU: 3-59                        [-1, 512, 10, 10]         --
AdaptiveAvgPool2d: 1-9                      [-1, 512, 1, 1]           --
Linear: 1-10                                [-1, 7]                   3,591
===============================================================================================
Total params: 11,329,575
Trainable params: 11,329,575
Non-trainable params: 0
Total mult-adds (G): 3.73
===============================================================================================
Input size (MB): 1.17
Forward/backward pass size (MB): 78.13
Params size (MB): 43.22
Estimated Total Size (MB): 122.52
===============================================================================================



