dataset_path: /home/djy/dataset/dataset
Train Model: AlexNet, pretrained : False , Using device cuda:0

alexnet_rgbonly
parallel_train : False

========== Train Epoch 1 ==========
Loss: 1.889	Accuracy: 32 %	Time 26 s
Accuracy for class bzx   is: 0.0 %
Accuracy for class cwx   is: 0.0 %
Accuracy for class hdx   is: 0.0 %
Accuracy for class mtx   is: 0.0 %
Accuracy for class nqx   is: 0.0 %
Accuracy for class qtx   is: 0.0 %
Accuracy for class zxx   is: 100.0 %

========== Train Epoch 2 ==========
Loss: 1.831	Accuracy: 32 %	Time 27 s
Accuracy for class bzx   is: 0.0 %
Accuracy for class cwx   is: 0.0 %
Accuracy for class hdx   is: 0.0 %
Accuracy for class mtx   is: 0.0 %
Accuracy for class nqx   is: 0.0 %
Accuracy for class qtx   is: 0.0 %
Accuracy for class zxx   is: 98.4 %

========== Train Epoch 3 ==========
Loss: 1.766	Accuracy: 33 %	Time 28 s
Accuracy for class bzx   is: 0.0 %
Accuracy for class cwx   is: 0.0 %
Accuracy for class hdx   is: 0.0 %
Accuracy for class mtx   is: 0.0 %
Accuracy for class nqx   is: 44.4 %
Accuracy for class qtx   is: 0.0 %
Accuracy for class zxx   is: 88.7 %

========== Train Epoch 4 ==========
Loss: 1.712	Accuracy: 32 %	Time 30 s
Accuracy for class bzx   is: 4.0 %
Accuracy for class cwx   is: 8.7 %
Accuracy for class hdx   is: 4.5 %
Accuracy for class mtx   is: 0.0 %
Accuracy for class nqx   is: 27.8 %
Accuracy for class qtx   is: 59.1 %
Accuracy for class zxx   is: 64.5 %

========== Train Epoch 5 ==========
Loss: 1.654	Accuracy: 33 %	Time 28 s
Accuracy for class bzx   is: 0.0 %
Accuracy for class cwx   is: 0.0 %
Accuracy for class hdx   is: 9.1 %
Accuracy for class mtx   is: 0.0 %
Accuracy for class nqx   is: 33.3 %
Accuracy for class qtx   is: 95.5 %
Accuracy for class zxx   is: 54.8 %

========== Train Epoch 6 ==========
Loss: 1.632	Accuracy: 31 %	Time 29 s
Accuracy for class bzx   is: 8.0 %
Accuracy for class cwx   is: 0.0 %
Accuracy for class hdx   is: 40.9 %
Accuracy for class mtx   is: 6.2 %
Accuracy for class nqx   is: 0.0 %
Accuracy for class qtx   is: 31.8 %
Accuracy for class zxx   is: 64.5 %

========== Train Epoch 7 ==========
Loss: 1.534	Accuracy: 35 %	Time 30 s
Accuracy for class bzx   is: 0.0 %
Accuracy for class cwx   is: 30.4 %
Accuracy for class hdx   is: 0.0 %
Accuracy for class mtx   is: 0.0 %
Accuracy for class nqx   is: 55.6 %
Accuracy for class qtx   is: 50.0 %
Accuracy for class zxx   is: 62.9 %

========== Train Epoch 8 ==========
Loss: 1.471	Accuracy: 43 %	Time 33 s
Accuracy for class bzx   is: 16.0 %
Accuracy for class cwx   is: 30.4 %
Accuracy for class hdx   is: 9.1 %
Accuracy for class mtx   is: 0.0 %
Accuracy for class nqx   is: 38.9 %
Accuracy for class qtx   is: 86.4 %
Accuracy for class zxx   is: 67.7 %

========== Train Epoch 9 ==========
Loss: 1.432	Accuracy: 39 %	Time 35 s
Accuracy for class bzx   is: 4.0 %
Accuracy for class cwx   is: 13.0 %
Accuracy for class hdx   is: 18.2 %
Accuracy for class mtx   is: 12.5 %
Accuracy for class nqx   is: 50.0 %
Accuracy for class qtx   is: 72.7 %
Accuracy for class zxx   is: 62.9 %

========== Train Epoch 10 ==========
Loss: 1.332	Accuracy: 43 %	Time 35 s
Accuracy for class bzx   is: 4.0 %
Accuracy for class cwx   is: 30.4 %
Accuracy for class hdx   is: 13.6 %
Accuracy for class mtx   is: 0.0 %
Accuracy for class nqx   is: 50.0 %
Accuracy for class qtx   is: 45.5 %
Accuracy for class zxx   is: 82.3 %

========== Train Epoch 11 ==========
Loss: 1.292	Accuracy: 40 %	Time 33 s
Accuracy for class bzx   is: 36.0 %
Accuracy for class cwx   is: 4.3 %
Accuracy for class hdx   is: 0.0 %
Accuracy for class mtx   is: 25.0 %
Accuracy for class nqx   is: 50.0 %
Accuracy for class qtx   is: 36.4 %
Accuracy for class zxx   is: 74.2 %

========== Train Epoch 12 ==========
Loss: 1.230	Accuracy: 46 %	Time 32 s
Accuracy for class bzx   is: 44.0 %
Accuracy for class cwx   is: 26.1 %
Accuracy for class hdx   is: 13.6 %
Accuracy for class mtx   is: 6.2 %
Accuracy for class nqx   is: 50.0 %
Accuracy for class qtx   is: 63.6 %
Accuracy for class zxx   is: 69.4 %

========== Train Epoch 13 ==========
Loss: 1.157	Accuracy: 44 %	Time 33 s
Accuracy for class bzx   is: 20.0 %
Accuracy for class cwx   is: 21.7 %
Accuracy for class hdx   is: 9.1 %
Accuracy for class mtx   is: 0.0 %
Accuracy for class nqx   is: 33.3 %
Accuracy for class qtx   is: 59.1 %
Accuracy for class zxx   is: 83.9 %

========== Train Epoch 14 ==========
Loss: 1.089	Accuracy: 50 %	Time 33 s
Accuracy for class bzx   is: 40.0 %
Accuracy for class cwx   is: 13.0 %
Accuracy for class hdx   is: 18.2 %
Accuracy for class mtx   is: 12.5 %
Accuracy for class nqx   is: 50.0 %
Accuracy for class qtx   is: 59.1 %
Accuracy for class zxx   is: 85.5 %

========== Train Epoch 15 ==========
Loss: 1.009	Accuracy: 53 %	Time 34 s
Accuracy for class bzx   is: 48.0 %
Accuracy for class cwx   is: 34.8 %
Accuracy for class hdx   is: 9.1 %
Accuracy for class mtx   is: 12.5 %
Accuracy for class nqx   is: 61.1 %
Accuracy for class qtx   is: 81.8 %
Accuracy for class zxx   is: 75.8 %

========== Train Epoch 16 ==========
Loss: 0.894	Accuracy: 53 %	Time 34 s
Accuracy for class bzx   is: 44.0 %
Accuracy for class cwx   is: 39.1 %
Accuracy for class hdx   is: 9.1 %
Accuracy for class mtx   is: 18.8 %
Accuracy for class nqx   is: 61.1 %
Accuracy for class qtx   is: 68.2 %
Accuracy for class zxx   is: 80.6 %

========== Train Epoch 17 ==========
Loss: 0.867	Accuracy: 53 %	Time 33 s
Accuracy for class bzx   is: 44.0 %
Accuracy for class cwx   is: 56.5 %
Accuracy for class hdx   is: 27.3 %
Accuracy for class mtx   is: 12.5 %
Accuracy for class nqx   is: 44.4 %
Accuracy for class qtx   is: 63.6 %
Accuracy for class zxx   is: 74.2 %

========== Train Epoch 18 ==========
Loss: 0.763	Accuracy: 57 %	Time 34 s
Accuracy for class bzx   is: 52.0 %
Accuracy for class cwx   is: 47.8 %
Accuracy for class hdx   is: 31.8 %
Accuracy for class mtx   is: 25.0 %
Accuracy for class nqx   is: 61.1 %
Accuracy for class qtx   is: 63.6 %
Accuracy for class zxx   is: 77.4 %

========== Train Epoch 19 ==========
Loss: 0.686	Accuracy: 54 %	Time 36 s
Accuracy for class bzx   is: 52.0 %
Accuracy for class cwx   is: 56.5 %
Accuracy for class hdx   is: 4.5 %
Accuracy for class mtx   is: 18.8 %
Accuracy for class nqx   is: 55.6 %
Accuracy for class qtx   is: 81.8 %
Accuracy for class zxx   is: 72.6 %

========== Train Epoch 20 ==========
Loss: 0.581	Accuracy: 57 %	Time 33 s
Accuracy for class bzx   is: 56.0 %
Accuracy for class cwx   is: 56.5 %
Accuracy for class hdx   is: 31.8 %
Accuracy for class mtx   is: 18.8 %
Accuracy for class nqx   is: 44.4 %
Accuracy for class qtx   is: 68.2 %
Accuracy for class zxx   is: 79.0 %

========== Train Epoch 21 ==========
Loss: 0.520	Accuracy: 59 %	Time 34 s
Accuracy for class bzx   is: 48.0 %
Accuracy for class cwx   is: 56.5 %
Accuracy for class hdx   is: 40.9 %
Accuracy for class mtx   is: 18.8 %
Accuracy for class nqx   is: 55.6 %
Accuracy for class qtx   is: 63.6 %
Accuracy for class zxx   is: 80.6 %

========== Train Epoch 22 ==========
Loss: 0.524	Accuracy: 59 %	Time 34 s
Accuracy for class bzx   is: 64.0 %
Accuracy for class cwx   is: 65.2 %
Accuracy for class hdx   is: 27.3 %
Accuracy for class mtx   is: 12.5 %
Accuracy for class nqx   is: 55.6 %
Accuracy for class qtx   is: 68.2 %
Accuracy for class zxx   is: 77.4 %

========== Train Epoch 23 ==========
Loss: 0.538	Accuracy: 57 %	Time 34 s
Accuracy for class bzx   is: 48.0 %
Accuracy for class cwx   is: 52.2 %
Accuracy for class hdx   is: 18.2 %
Accuracy for class mtx   is: 25.0 %
Accuracy for class nqx   is: 61.1 %
Accuracy for class qtx   is: 86.4 %
Accuracy for class zxx   is: 75.8 %

========== Train Epoch 24 ==========
Loss: 0.483	Accuracy: 59 %	Time 29 s
Accuracy for class bzx   is: 32.0 %
Accuracy for class cwx   is: 60.9 %
Accuracy for class hdx   is: 27.3 %
Accuracy for class mtx   is: 25.0 %
Accuracy for class nqx   is: 61.1 %
Accuracy for class qtx   is: 90.9 %
Accuracy for class zxx   is: 77.4 %

========== Train Epoch 25 ==========
Loss: 0.340	Accuracy: 60 %	Time 28 s
Accuracy for class bzx   is: 52.0 %
Accuracy for class cwx   is: 47.8 %
Accuracy for class hdx   is: 40.9 %
Accuracy for class mtx   is: 25.0 %
Accuracy for class nqx   is: 55.6 %
Accuracy for class qtx   is: 72.7 %
Accuracy for class zxx   is: 82.3 %

========== Train Epoch 26 ==========
Loss: 0.393	Accuracy: 57 %	Time 28 s
Accuracy for class bzx   is: 40.0 %
Accuracy for class cwx   is: 69.6 %
Accuracy for class hdx   is: 45.5 %
Accuracy for class mtx   is: 12.5 %
Accuracy for class nqx   is: 50.0 %
Accuracy for class qtx   is: 68.2 %
Accuracy for class zxx   is: 75.8 %

========== Train Epoch 27 ==========
Loss: 0.348	Accuracy: 58 %	Time 29 s
Accuracy for class bzx   is: 52.0 %
Accuracy for class cwx   is: 65.2 %
Accuracy for class hdx   is: 45.5 %
Accuracy for class mtx   is: 25.0 %
Accuracy for class nqx   is: 27.8 %
Accuracy for class qtx   is: 81.8 %
Accuracy for class zxx   is: 72.6 %

========== Train Epoch 28 ==========
Loss: 0.263	Accuracy: 60 %	Time 27 s
Accuracy for class bzx   is: 36.0 %
Accuracy for class cwx   is: 65.2 %
Accuracy for class hdx   is: 36.4 %
Accuracy for class mtx   is: 25.0 %
Accuracy for class nqx   is: 66.7 %
Accuracy for class qtx   is: 77.3 %
Accuracy for class zxx   is: 77.4 %

========== Train Epoch 29 ==========
Loss: 0.198	Accuracy: 58 %	Time 29 s
Accuracy for class bzx   is: 52.0 %
Accuracy for class cwx   is: 69.6 %
Accuracy for class hdx   is: 18.2 %
Accuracy for class mtx   is: 25.0 %
Accuracy for class nqx   is: 38.9 %
Accuracy for class qtx   is: 72.7 %
Accuracy for class zxx   is: 80.6 %

========== Train Epoch 30 ==========
Loss: 0.277	Accuracy: 54 %	Time 27 s
Accuracy for class bzx   is: 16.0 %
Accuracy for class cwx   is: 65.2 %
Accuracy for class hdx   is: 36.4 %
Accuracy for class mtx   is: 31.2 %
Accuracy for class nqx   is: 44.4 %
Accuracy for class qtx   is: 68.2 %
Accuracy for class zxx   is: 77.4 %

========== Train Epoch 31 ==========
Loss: 0.242	Accuracy: 61 %	Time 28 s
Accuracy for class bzx   is: 68.0 %
Accuracy for class cwx   is: 56.5 %
Accuracy for class hdx   is: 31.8 %
Accuracy for class mtx   is: 43.8 %
Accuracy for class nqx   is: 44.4 %
Accuracy for class qtx   is: 68.2 %
Accuracy for class zxx   is: 79.0 %

========== Train Epoch 32 ==========
Loss: 0.211	Accuracy: 62 %	Time 30 s
Accuracy for class bzx   is: 76.0 %
Accuracy for class cwx   is: 43.5 %
Accuracy for class hdx   is: 36.4 %
Accuracy for class mtx   is: 31.2 %
Accuracy for class nqx   is: 50.0 %
Accuracy for class qtx   is: 86.4 %
Accuracy for class zxx   is: 75.8 %

========== Train Epoch 33 ==========
Loss: 0.149	Accuracy: 61 %	Time 29 s
Accuracy for class bzx   is: 40.0 %
Accuracy for class cwx   is: 69.6 %
Accuracy for class hdx   is: 27.3 %
Accuracy for class mtx   is: 37.5 %
Accuracy for class nqx   is: 44.4 %
Accuracy for class qtx   is: 86.4 %
Accuracy for class zxx   is: 80.6 %

========== Train Epoch 34 ==========
Loss: 0.128	Accuracy: 62 %	Time 29 s
Accuracy for class bzx   is: 40.0 %
Accuracy for class cwx   is: 69.6 %
Accuracy for class hdx   is: 40.9 %
Accuracy for class mtx   is: 18.8 %
Accuracy for class nqx   is: 55.6 %
Accuracy for class qtx   is: 72.7 %
Accuracy for class zxx   is: 85.5 %

========== Train Epoch 35 ==========
Loss: 0.114	Accuracy: 61 %	Time 29 s
Accuracy for class bzx   is: 52.0 %
Accuracy for class cwx   is: 60.9 %
Accuracy for class hdx   is: 40.9 %
Accuracy for class mtx   is: 25.0 %
Accuracy for class nqx   is: 44.4 %
Accuracy for class qtx   is: 72.7 %
Accuracy for class zxx   is: 83.9 %

========== Train Epoch 36 ==========
Loss: 0.187	Accuracy: 62 %	Time 29 s
Accuracy for class bzx   is: 44.0 %
Accuracy for class cwx   is: 69.6 %
Accuracy for class hdx   is: 50.0 %
Accuracy for class mtx   is: 50.0 %
Accuracy for class nqx   is: 44.4 %
Accuracy for class qtx   is: 63.6 %
Accuracy for class zxx   is: 79.0 %

========== Train Epoch 37 ==========
Loss: 0.200	Accuracy: 63 %	Time 28 s
Accuracy for class bzx   is: 44.0 %
Accuracy for class cwx   is: 65.2 %
Accuracy for class hdx   is: 31.8 %
Accuracy for class mtx   is: 43.8 %
Accuracy for class nqx   is: 55.6 %
Accuracy for class qtx   is: 86.4 %
Accuracy for class zxx   is: 80.6 %

========== Train Epoch 38 ==========
Loss: 0.120	Accuracy: 60 %	Time 30 s
Accuracy for class bzx   is: 56.0 %
Accuracy for class cwx   is: 65.2 %
Accuracy for class hdx   is: 36.4 %
Accuracy for class mtx   is: 31.2 %
Accuracy for class nqx   is: 50.0 %
Accuracy for class qtx   is: 72.7 %
Accuracy for class zxx   is: 75.8 %

========== Train Epoch 39 ==========
Loss: 0.192	Accuracy: 62 %	Time 29 s
Accuracy for class bzx   is: 56.0 %
Accuracy for class cwx   is: 69.6 %
Accuracy for class hdx   is: 22.7 %
Accuracy for class mtx   is: 43.8 %
Accuracy for class nqx   is: 55.6 %
Accuracy for class qtx   is: 86.4 %
Accuracy for class zxx   is: 75.8 %

========== Train Epoch 40 ==========
Loss: 0.092	Accuracy: 61 %	Time 29 s
Accuracy for class bzx   is: 52.0 %
Accuracy for class cwx   is: 65.2 %
Accuracy for class hdx   is: 31.8 %
Accuracy for class mtx   is: 25.0 %
Accuracy for class nqx   is: 50.0 %
Accuracy for class qtx   is: 86.4 %
Accuracy for class zxx   is: 77.4 %

========== Train Epoch 41 ==========
Loss: 0.077	Accuracy: 64 %	Time 28 s
Accuracy for class bzx   is: 48.0 %
Accuracy for class cwx   is: 73.9 %
Accuracy for class hdx   is: 22.7 %
Accuracy for class mtx   is: 37.5 %
Accuracy for class nqx   is: 72.2 %
Accuracy for class qtx   is: 86.4 %
Accuracy for class zxx   is: 80.6 %

========== Train Epoch 42 ==========
Loss: 0.054	Accuracy: 60 %	Time 28 s
Accuracy for class bzx   is: 44.0 %
Accuracy for class cwx   is: 65.2 %
Accuracy for class hdx   is: 18.2 %
Accuracy for class mtx   is: 43.8 %
Accuracy for class nqx   is: 55.6 %
Accuracy for class qtx   is: 77.3 %
Accuracy for class zxx   is: 79.0 %

========== Train Epoch 43 ==========
Loss: 0.055	Accuracy: 62 %	Time 28 s
Accuracy for class bzx   is: 64.0 %
Accuracy for class cwx   is: 65.2 %
Accuracy for class hdx   is: 27.3 %
Accuracy for class mtx   is: 18.8 %
Accuracy for class nqx   is: 55.6 %
Accuracy for class qtx   is: 86.4 %
Accuracy for class zxx   is: 77.4 %

========== Train Epoch 44 ==========
Loss: 0.100	Accuracy: 56 %	Time 29 s
Accuracy for class bzx   is: 44.0 %
Accuracy for class cwx   is: 60.9 %
Accuracy for class hdx   is: 27.3 %
Accuracy for class mtx   is: 25.0 %
Accuracy for class nqx   is: 44.4 %
Accuracy for class qtx   is: 81.8 %
Accuracy for class zxx   is: 74.2 %

========== Train Epoch 45 ==========
Loss: 0.095	Accuracy: 62 %	Time 29 s
Accuracy for class bzx   is: 60.0 %
Accuracy for class cwx   is: 65.2 %
Accuracy for class hdx   is: 31.8 %
Accuracy for class mtx   is: 31.2 %
Accuracy for class nqx   is: 61.1 %
Accuracy for class qtx   is: 81.8 %
Accuracy for class zxx   is: 74.2 %

========== Train Epoch 46 ==========
Loss: 0.103	Accuracy: 61 %	Time 28 s
Accuracy for class bzx   is: 56.0 %
Accuracy for class cwx   is: 69.6 %
Accuracy for class hdx   is: 27.3 %
Accuracy for class mtx   is: 37.5 %
Accuracy for class nqx   is: 50.0 %
Accuracy for class qtx   is: 72.7 %
Accuracy for class zxx   is: 79.0 %

========== Train Epoch 47 ==========
Loss: 0.080	Accuracy: 60 %	Time 29 s
Accuracy for class bzx   is: 36.0 %
Accuracy for class cwx   is: 60.9 %
Accuracy for class hdx   is: 31.8 %
Accuracy for class mtx   is: 50.0 %
Accuracy for class nqx   is: 50.0 %
Accuracy for class qtx   is: 77.3 %
Accuracy for class zxx   is: 80.6 %

========== Train Epoch 48 ==========
Loss: 0.089	Accuracy: 58 %	Time 29 s
Accuracy for class bzx   is: 32.0 %
Accuracy for class cwx   is: 56.5 %
Accuracy for class hdx   is: 31.8 %
Accuracy for class mtx   is: 25.0 %
Accuracy for class nqx   is: 50.0 %
Accuracy for class qtx   is: 81.8 %
Accuracy for class zxx   is: 82.3 %

========== Train Epoch 49 ==========
Loss: 0.191	Accuracy: 62 %	Time 28 s
Accuracy for class bzx   is: 52.0 %
Accuracy for class cwx   is: 78.3 %
Accuracy for class hdx   is: 36.4 %
Accuracy for class mtx   is: 18.8 %
Accuracy for class nqx   is: 61.1 %
Accuracy for class qtx   is: 77.3 %
Accuracy for class zxx   is: 75.8 %

========== Train Epoch 50 ==========
Loss: 0.056	Accuracy: 61 %	Time 28 s
Accuracy for class bzx   is: 60.0 %
Accuracy for class cwx   is: 65.2 %
Accuracy for class hdx   is: 22.7 %
Accuracy for class mtx   is: 25.0 %
Accuracy for class nqx   is: 50.0 %
Accuracy for class qtx   is: 77.3 %
Accuracy for class zxx   is: 82.3 %

========== Train Epoch 51 ==========
Loss: 0.054	Accuracy: 60 %	Time 30 s
Accuracy for class bzx   is: 56.0 %
Accuracy for class cwx   is: 69.6 %
Accuracy for class hdx   is: 22.7 %
Accuracy for class mtx   is: 25.0 %
Accuracy for class nqx   is: 50.0 %
Accuracy for class qtx   is: 72.7 %
Accuracy for class zxx   is: 80.6 %

========== Train Epoch 52 ==========
Loss: 0.056	Accuracy: 63 %	Time 27 s
Accuracy for class bzx   is: 60.0 %
Accuracy for class cwx   is: 73.9 %
Accuracy for class hdx   is: 27.3 %
Accuracy for class mtx   is: 25.0 %
Accuracy for class nqx   is: 61.1 %
Accuracy for class qtx   is: 86.4 %
Accuracy for class zxx   is: 77.4 %

========== Train Epoch 53 ==========
Loss: 0.077	Accuracy: 59 %	Time 29 s
Accuracy for class bzx   is: 32.0 %
Accuracy for class cwx   is: 60.9 %
Accuracy for class hdx   is: 31.8 %
Accuracy for class mtx   is: 31.2 %
Accuracy for class nqx   is: 44.4 %
Accuracy for class qtx   is: 86.4 %
Accuracy for class zxx   is: 82.3 %

========== Train Epoch 54 ==========
Loss: 0.128	Accuracy: 60 %	Time 28 s
Accuracy for class bzx   is: 64.0 %
Accuracy for class cwx   is: 73.9 %
Accuracy for class hdx   is: 22.7 %
Accuracy for class mtx   is: 25.0 %
Accuracy for class nqx   is: 44.4 %
Accuracy for class qtx   is: 77.3 %
Accuracy for class zxx   is: 74.2 %

========== Train Epoch 55 ==========
Loss: 0.077	Accuracy: 60 %	Time 29 s
Accuracy for class bzx   is: 40.0 %
Accuracy for class cwx   is: 60.9 %
Accuracy for class hdx   is: 18.2 %
Accuracy for class mtx   is: 31.2 %
Accuracy for class nqx   is: 50.0 %
Accuracy for class qtx   is: 81.8 %
Accuracy for class zxx   is: 85.5 %

========== Train Epoch 56 ==========
Loss: 0.079	Accuracy: 58 %	Time 29 s
Accuracy for class bzx   is: 60.0 %
Accuracy for class cwx   is: 60.9 %
Accuracy for class hdx   is: 27.3 %
Accuracy for class mtx   is: 25.0 %
Accuracy for class nqx   is: 50.0 %
Accuracy for class qtx   is: 72.7 %
Accuracy for class zxx   is: 74.2 %

========== Train Epoch 57 ==========
Loss: 0.053	Accuracy: 62 %	Time 28 s
Accuracy for class bzx   is: 72.0 %
Accuracy for class cwx   is: 65.2 %
Accuracy for class hdx   is: 36.4 %
Accuracy for class mtx   is: 25.0 %
Accuracy for class nqx   is: 50.0 %
Accuracy for class qtx   is: 77.3 %
Accuracy for class zxx   is: 75.8 %

========== Train Epoch 58 ==========
Loss: 0.025	Accuracy: 63 %	Time 28 s
Accuracy for class bzx   is: 60.0 %
Accuracy for class cwx   is: 69.6 %
Accuracy for class hdx   is: 31.8 %
Accuracy for class mtx   is: 37.5 %
Accuracy for class nqx   is: 55.6 %
Accuracy for class qtx   is: 81.8 %
Accuracy for class zxx   is: 77.4 %

========== Train Epoch 59 ==========
Loss: 0.028	Accuracy: 61 %	Time 29 s
Accuracy for class bzx   is: 64.0 %
Accuracy for class cwx   is: 65.2 %
Accuracy for class hdx   is: 22.7 %
Accuracy for class mtx   is: 37.5 %
Accuracy for class nqx   is: 44.4 %
Accuracy for class qtx   is: 77.3 %
Accuracy for class zxx   is: 77.4 %

========== Train Epoch 60 ==========
Loss: 0.037	Accuracy: 60 %	Time 30 s
Accuracy for class bzx   is: 36.0 %
Accuracy for class cwx   is: 69.6 %
Accuracy for class hdx   is: 27.3 %
Accuracy for class mtx   is: 37.5 %
Accuracy for class nqx   is: 44.4 %
Accuracy for class qtx   is: 86.4 %
Accuracy for class zxx   is: 79.0 %

========== Train Epoch 61 ==========
Loss: 0.115	Accuracy: 62 %	Time 30 s
Accuracy for class bzx   is: 52.0 %
Accuracy for class cwx   is: 65.2 %
Accuracy for class hdx   is: 27.3 %
Accuracy for class mtx   is: 25.0 %
Accuracy for class nqx   is: 50.0 %
Accuracy for class qtx   is: 81.8 %
Accuracy for class zxx   is: 83.9 %

========== Train Epoch 62 ==========
Loss: 0.060	Accuracy: 59 %	Time 28 s
Accuracy for class bzx   is: 48.0 %
Accuracy for class cwx   is: 69.6 %
Accuracy for class hdx   is: 13.6 %
Accuracy for class mtx   is: 43.8 %
Accuracy for class nqx   is: 50.0 %
Accuracy for class qtx   is: 81.8 %
Accuracy for class zxx   is: 75.8 %

========== Train Epoch 63 ==========
Loss: 0.046	Accuracy: 62 %	Time 30 s
Accuracy for class bzx   is: 56.0 %
Accuracy for class cwx   is: 69.6 %
Accuracy for class hdx   is: 31.8 %
Accuracy for class mtx   is: 43.8 %
Accuracy for class nqx   is: 44.4 %
Accuracy for class qtx   is: 81.8 %
Accuracy for class zxx   is: 75.8 %

========== Train Epoch 64 ==========
Loss: 0.048	Accuracy: 60 %	Time 28 s
Accuracy for class bzx   is: 56.0 %
Accuracy for class cwx   is: 65.2 %
Accuracy for class hdx   is: 36.4 %
Accuracy for class mtx   is: 31.2 %
Accuracy for class nqx   is: 50.0 %
Accuracy for class qtx   is: 72.7 %
Accuracy for class zxx   is: 75.8 %
Finished training!!!

Min Loss = 0.025 in epoch 57;
Max Accuracy = 64.89% in epoch 40;
Total Time 32 minutes

batch_size = 10
epochs = 64
loss_function = CrossEntropyLoss()
optimizer = Adam (
Parameter Group 0
    amsgrad: False
    betas: (0.9, 0.999)
    eps: 1e-08
    lr: 0.0001
    weight_decay: 0
)

AlexNet(
  (features): Sequential(
    (0): Conv2d(3, 64, kernel_size=(11, 11), stride=(4, 4), padding=(2, 2))
    (1): ReLU(inplace=True)
    (2): MaxPool2d(kernel_size=3, stride=2, padding=0, dilation=1, ceil_mode=False)
    (3): Conv2d(64, 192, kernel_size=(5, 5), stride=(1, 1), padding=(2, 2))
    (4): ReLU(inplace=True)
    (5): MaxPool2d(kernel_size=3, stride=2, padding=0, dilation=1, ceil_mode=False)
    (6): Conv2d(192, 384, kernel_size=(3, 3), stride=(1, 1), padding=(1, 1))
    (7): ReLU(inplace=True)
    (8): Conv2d(384, 256, kernel_size=(3, 3), stride=(1, 1), padding=(1, 1))
    (9): ReLU(inplace=True)
    (10): Conv2d(256, 256, kernel_size=(3, 3), stride=(1, 1), padding=(1, 1))
    (11): ReLU(inplace=True)
    (12): MaxPool2d(kernel_size=3, stride=2, padding=0, dilation=1, ceil_mode=False)
  )
  (avgpool): AdaptiveAvgPool2d(output_size=(3, 3))
  (classifier_): Sequential(
    (0): Dropout(p=0.5, inplace=False)
    (1): Linear(in_features=2304, out_features=4096, bias=True)
    (2): ReLU(inplace=True)
    (3): Dropout(p=0.5, inplace=False)
    (4): Linear(in_features=4096, out_features=4096, bias=True)
    (5): ReLU(inplace=True)
    (6): Linear(in_features=4096, out_features=7, bias=True)
  )
  (__classifier__): Sequential(
    (0): Dropout(p=0.5, inplace=False)
    (1): Linear(in_features=4608, out_features=4096, bias=True)
    (2): ReLU(inplace=True)
    (3): Dropout(p=0.5, inplace=False)
    (4): Linear(in_features=4096, out_features=4096, bias=True)
    (5): ReLU(inplace=True)
    (6): Linear(in_features=4096, out_features=7, bias=True)
  )
)

