dataset_path: /home/djy/dataset/dataset2
pretrained : False 
parallel: False

msg: ca_resnet18 with max
using model: ResNet, resnet18
using device cuda:0
batch_size = 20
epochs = 128
loss_function = CrossEntropyLoss()
optimizer = Adam (
Parameter Group 0
    amsgrad: False
    betas: (0.9, 0.999)
    eps: 1e-08
    initial_lr: 0.0001
    lr: 0.0001
    weight_decay: 0
)


========== Train Epoch 1 ==========
Loss: 1.829	Accuracy: 28.65%	Cost 28s
              precision    recall  f1-score   support

         bzx     0.0000    0.0000    0.0000        31
         cwx     0.1698    0.4091    0.2400        22
         hdx     0.0000    0.0000    0.0000        17
         mtx     0.0667    0.0526    0.0588        19
         nqx     0.3333    0.0833    0.1333        12
         qtx     0.4390    0.4000    0.4186        45
         zxx     0.3380    0.6154    0.4364        39

    accuracy                         0.2865       185
   macro avg     0.1924    0.2229    0.1839       185
weighted avg     0.2267    0.2865    0.2370       185

micro f-score: 0.2864864864864865

========== Train Epoch 2 ==========
Loss: 1.544	Accuracy: 40.54%	Cost 29s
              precision    recall  f1-score   support

         bzx     0.3333    0.2903    0.3103        31
         cwx     0.3333    0.2273    0.2703        22
         hdx     0.0000    0.0000    0.0000        17
         mtx     0.1429    0.1053    0.1212        19
         nqx     0.5000    0.1667    0.2500        12
         qtx     0.6111    0.4889    0.5432        45
         zxx     0.4545    0.8974    0.6034        39

    accuracy                         0.4054       185
   macro avg     0.3393    0.3108    0.2998       185
weighted avg     0.3871    0.4054    0.3722       185

micro f-score: 0.40540540540540543

========== Train Epoch 3 ==========
Loss: 1.366	Accuracy: 41.62%	Cost 28s
              precision    recall  f1-score   support

         bzx     0.4167    0.3226    0.3636        31
         cwx     0.2353    0.1818    0.2051        22
         hdx     0.0000    0.0000    0.0000        17
         mtx     0.5000    0.1053    0.1739        19
         nqx     0.3077    0.3333    0.3200        12
         qtx     0.5581    0.5333    0.5455        45
         zxx     0.4177    0.8462    0.5593        39

    accuracy                         0.4162       185
   macro avg     0.3479    0.3318    0.3096       185
weighted avg     0.3929    0.4162    0.3745       185

micro f-score: 0.41621621621621624

========== Train Epoch 4 ==========
Loss: 1.327	Accuracy: 44.86%	Cost 29s
              precision    recall  f1-score   support

         bzx     0.4688    0.4839    0.4762        31
         cwx     0.2800    0.3182    0.2979        22
         hdx     0.0000    0.0000    0.0000        17
         mtx     0.4000    0.1053    0.1667        19
         nqx     0.2667    0.3333    0.2963        12
         qtx     0.5714    0.5333    0.5517        45
         zxx     0.5254    0.7949    0.6327        39

    accuracy                         0.4486       185
   macro avg     0.3589    0.3670    0.3459       185
weighted avg     0.4200    0.4486    0.4191       185

micro f-score: 0.4486486486486486

========== Train Epoch 5 ==========
Loss: 1.275	Accuracy: 47.03%	Cost 29s
              precision    recall  f1-score   support

         bzx     0.4839    0.4839    0.4839        31
         cwx     0.4000    0.3636    0.3810        22
         hdx     0.1250    0.0588    0.0800        17
         mtx     1.0000    0.1053    0.1905        19
         nqx     0.3636    0.3333    0.3478        12
         qtx     0.6970    0.5111    0.5897        45
         zxx     0.4250    0.8718    0.5714        39

    accuracy                         0.4703       185
   macro avg     0.4992    0.3897    0.3778       185
weighted avg     0.5256    0.4703    0.4398       185

micro f-score: 0.4702702702702703

========== Train Epoch 6 ==========
Loss: 1.236	Accuracy: 45.95%	Cost 29s
              precision    recall  f1-score   support

         bzx     0.3902    0.5161    0.4444        31
         cwx     0.4118    0.3182    0.3590        22
         hdx     0.0000    0.0000    0.0000        17
         mtx     0.4000    0.1053    0.1667        19
         nqx     0.3077    0.3333    0.3200        12
         qtx     0.5349    0.5111    0.5227        45
         zxx     0.5410    0.8462    0.6600        39

    accuracy                         0.4595       185
   macro avg     0.3694    0.3757    0.3533       185
weighted avg     0.4196    0.4595    0.4213       185

micro f-score: 0.4594594594594595

========== Train Epoch 7 ==========
Loss: 1.211	Accuracy: 46.49%	Cost 27s
              precision    recall  f1-score   support

         bzx     0.4516    0.4516    0.4516        31
         cwx     0.3000    0.4091    0.3462        22
         hdx     0.3000    0.1765    0.2222        17
         mtx     0.5000    0.1579    0.2400        19
         nqx     0.3333    0.3333    0.3333        12
         qtx     0.5333    0.5333    0.5333        45
         zxx     0.5686    0.7436    0.6444        39

    accuracy                         0.4649       185
   macro avg     0.4267    0.4008    0.3959       185
weighted avg     0.4615    0.4649    0.4491       185

micro f-score: 0.4648648648648649

========== Train Epoch 8 ==========
Loss: 1.155	Accuracy: 47.57%	Cost 28s
              precision    recall  f1-score   support

         bzx     0.4667    0.4516    0.4590        31
         cwx     0.5000    0.4545    0.4762        22
         hdx     0.1250    0.0588    0.0800        17
         mtx     0.4000    0.1053    0.1667        19
         nqx     0.3333    0.3333    0.3333        12
         qtx     0.6389    0.5111    0.5679        45
         zxx     0.4595    0.8718    0.6018        39

    accuracy                         0.4757       185
   macro avg     0.4176    0.3981    0.3836       185
weighted avg     0.4641    0.4757    0.4446       185

micro f-score: 0.4756756756756757

========== Train Epoch 9 ==========
Loss: 1.124	Accuracy: 49.19%	Cost 28s
              precision    recall  f1-score   support

         bzx     0.4634    0.6129    0.5278        31
         cwx     0.4737    0.4091    0.4390        22
         hdx     0.0000    0.0000    0.0000        17
         mtx     0.5000    0.1053    0.1739        19
         nqx     0.2667    0.3333    0.2963        12
         qtx     0.5455    0.5333    0.5393        45
         zxx     0.5893    0.8462    0.6947        39

    accuracy                         0.4919       185
   macro avg     0.4055    0.4057    0.3816       185
weighted avg     0.4595    0.4919    0.4554       185

micro f-score: 0.4918918918918919

========== Train Epoch 10 ==========
Loss: 1.079	Accuracy: 50.81%	Cost 28s
              precision    recall  f1-score   support

         bzx     0.4500    0.5806    0.5070        31
         cwx     0.4500    0.4091    0.4286        22
         hdx     0.3000    0.1765    0.2222        17
         mtx     0.2667    0.2105    0.2353        19
         nqx     0.4000    0.3333    0.3636        12
         qtx     0.5600    0.6222    0.5895        45
         zxx     0.7000    0.7179    0.7089        39

    accuracy                         0.5081       185
   macro avg     0.4467    0.4357    0.4364       185
weighted avg     0.4936    0.5081    0.4969       185

micro f-score: 0.5081081081081081

========== Train Epoch 11 ==========
Loss: 1.020	Accuracy: 49.73%	Cost 27s
              precision    recall  f1-score   support

         bzx     0.4483    0.4194    0.4333        31
         cwx     0.4194    0.5909    0.4906        22
         hdx     0.3000    0.1765    0.2222        17
         mtx     0.4000    0.1053    0.1667        19
         nqx     0.3333    0.3333    0.3333        12
         qtx     0.6857    0.5333    0.6000        45
         zxx     0.5238    0.8462    0.6471        39

    accuracy                         0.4973       185
   macro avg     0.4444    0.4293    0.4133       185
weighted avg     0.4925    0.4973    0.4725       185

micro f-score: 0.4972972972972973

========== Train Epoch 12 ==========
Loss: 0.981	Accuracy: 50.27%	Cost 28s
              precision    recall  f1-score   support

         bzx     0.4783    0.3548    0.4074        31
         cwx     0.4000    0.5455    0.4615        22
         hdx     0.3333    0.1765    0.2308        17
         mtx     0.3750    0.1579    0.2222        19
         nqx     0.3750    0.5000    0.4286        12
         qtx     0.6857    0.5333    0.6000        45
         zxx     0.5312    0.8718    0.6602        39

    accuracy                         0.5027       185
   macro avg     0.4541    0.4485    0.4301       185
weighted avg     0.5000    0.5027    0.4801       185

micro f-score: 0.5027027027027027

========== Train Epoch 13 ==========
Loss: 0.942	Accuracy: 51.35%	Cost 29s
              precision    recall  f1-score   support

         bzx     0.5161    0.5161    0.5161        31
         cwx     0.5000    0.4545    0.4762        22
         hdx     0.3000    0.1765    0.2222        17
         mtx     0.3333    0.1579    0.2143        19
         nqx     0.3846    0.4167    0.4000        12
         qtx     0.5909    0.5778    0.5843        45
         zxx     0.5517    0.8205    0.6598        39

    accuracy                         0.5135       185
   macro avg     0.4538    0.4457    0.4390       185
weighted avg     0.4927    0.5135    0.4927       185

micro f-score: 0.5135135135135135

========== Train Epoch 14 ==========
Loss: 0.903	Accuracy: 51.89%	Cost 29s
              precision    recall  f1-score   support

         bzx     0.4231    0.3548    0.3860        31
         cwx     0.4848    0.7273    0.5818        22
         hdx     0.3333    0.2353    0.2759        17
         mtx     0.3000    0.1579    0.2069        19
         nqx     0.5000    0.3333    0.4000        12
         qtx     0.7353    0.5556    0.6329        45
         zxx     0.5323    0.8462    0.6535        39

    accuracy                         0.5189       185
   macro avg     0.4727    0.4586    0.4481       185
weighted avg     0.5135    0.5189    0.4981       185

micro f-score: 0.518918918918919

========== Train Epoch 15 ==========
Loss: 0.833	Accuracy: 52.97%	Cost 27s
              precision    recall  f1-score   support

         bzx     0.5152    0.5484    0.5312        31
         cwx     0.3929    0.5000    0.4400        22
         hdx     0.2727    0.1765    0.2143        17
         mtx     0.3750    0.1579    0.2222        19
         nqx     0.2857    0.3333    0.3077        12
         qtx     0.6078    0.6889    0.6458        45
         zxx     0.7250    0.7436    0.7342        39

    accuracy                         0.5297       185
   macro avg     0.4535    0.4498    0.4422       185
weighted avg     0.5158    0.5297    0.5157       185

micro f-score: 0.5297297297297298

========== Train Epoch 16 ==========
Loss: 0.815	Accuracy: 57.30%	Cost 29s
              precision    recall  f1-score   support

         bzx     0.5116    0.7097    0.5946        31
         cwx     0.5000    0.6818    0.5769        22
         hdx     0.2727    0.1765    0.2143        17
         mtx     0.3077    0.2105    0.2500        19
         nqx     0.5714    0.3333    0.4211        12
         qtx     0.7879    0.5778    0.6667        45
         zxx     0.6667    0.8205    0.7356        39

    accuracy                         0.5730       185
   macro avg     0.5169    0.5014    0.4942       185
weighted avg     0.5711    0.5730    0.5582       185

micro f-score: 0.572972972972973

========== Train Epoch 17 ==========
Loss: 0.770	Accuracy: 55.14%	Cost 30s
              precision    recall  f1-score   support

         bzx     0.5278    0.6129    0.5672        31
         cwx     0.4583    0.5000    0.4783        22
         hdx     0.3750    0.1765    0.2400        17
         mtx     0.3077    0.2105    0.2500        19
         nqx     0.4000    0.5000    0.4444        12
         qtx     0.7000    0.6222    0.6588        45
         zxx     0.6327    0.7949    0.7045        39

    accuracy                         0.5514       185
   macro avg     0.4859    0.4881    0.4776       185
weighted avg     0.5386    0.5514    0.5373       185

micro f-score: 0.5513513513513514

========== Train Epoch 18 ==========
Loss: 0.711	Accuracy: 54.05%	Cost 27s
              precision    recall  f1-score   support

         bzx     0.5714    0.3871    0.4615        31
         cwx     0.5000    0.5455    0.5217        22
         hdx     0.2857    0.2353    0.2581        17
         mtx     0.3000    0.1579    0.2069        19
         nqx     0.5385    0.5833    0.5600        12
         qtx     0.7000    0.6222    0.6588        45
         zxx     0.5397    0.8718    0.6667        39

    accuracy                         0.5405       185
   macro avg     0.4908    0.4862    0.4762       185
weighted avg     0.5312    0.5405    0.5215       185

micro f-score: 0.5405405405405406

========== Train Epoch 19 ==========
Loss: 0.658	Accuracy: 54.05%	Cost 29s
              precision    recall  f1-score   support

         bzx     0.6316    0.3871    0.4800        31
         cwx     0.5000    0.4545    0.4762        22
         hdx     0.2727    0.1765    0.2143        17
         mtx     0.4000    0.2105    0.2759        19
         nqx     0.3889    0.5833    0.4667        12
         qtx     0.6200    0.6889    0.6526        45
         zxx     0.5789    0.8462    0.6875        39

    accuracy                         0.5405       185
   macro avg     0.4846    0.4781    0.4647       185
weighted avg     0.5295    0.5405    0.5190       185

micro f-score: 0.5405405405405406

========== Train Epoch 20 ==========
Loss: 0.617	Accuracy: 52.97%	Cost 27s
              precision    recall  f1-score   support

         bzx     0.7273    0.2581    0.3810        31
         cwx     0.5000    0.5000    0.5000        22
         hdx     0.2308    0.1765    0.2000        17
         mtx     0.4444    0.2105    0.2857        19
         nqx     0.4211    0.6667    0.5161        12
         qtx     0.7500    0.6667    0.7059        45
         zxx     0.4789    0.8718    0.6182        39

    accuracy                         0.5297       185
   macro avg     0.5075    0.4786    0.4581       185
weighted avg     0.5589    0.5297    0.5065       185

micro f-score: 0.5297297297297298

========== Train Epoch 21 ==========
Loss: 0.582	Accuracy: 57.84%	Cost 28s
              precision    recall  f1-score   support

         bzx     0.6207    0.5806    0.6000        31
         cwx     0.5000    0.5909    0.5417        22
         hdx     0.2500    0.2941    0.2703        17
         mtx     0.3333    0.1053    0.1600        19
         nqx     0.5000    0.5000    0.5000        12
         qtx     0.7949    0.6889    0.7381        45
         zxx     0.6038    0.8205    0.6957        39

    accuracy                         0.5784       185
   macro avg     0.5147    0.5115    0.5008       185
weighted avg     0.5737    0.5784    0.5648       185

micro f-score: 0.5783783783783784

========== Train Epoch 22 ==========
Loss: 0.557	Accuracy: 55.68%	Cost 27s
              precision    recall  f1-score   support

         bzx     0.5143    0.5806    0.5455        31
         cwx     0.4615    0.5455    0.5000        22
         hdx     0.2941    0.2941    0.2941        17
         mtx     0.2105    0.2105    0.2105        19
         nqx     0.4375    0.5833    0.5000        12
         qtx     0.8438    0.6000    0.7013        45
         zxx     0.7500    0.7692    0.7595        39

    accuracy                         0.5568       185
   macro avg     0.5017    0.5119    0.5016       185
weighted avg     0.5814    0.5568    0.5626       185

micro f-score: 0.5567567567567567

========== Train Epoch 23 ==========
Loss: 0.518	Accuracy: 59.46%	Cost 29s
              precision    recall  f1-score   support

         bzx     0.5484    0.5484    0.5484        31
         cwx     0.7059    0.5455    0.6154        22
         hdx     0.3846    0.2941    0.3333        17
         mtx     0.5000    0.2105    0.2963        19
         nqx     0.5882    0.8333    0.6897        12
         qtx     0.8333    0.6667    0.7407        45
         zxx     0.5079    0.8205    0.6275        39

    accuracy                         0.5946       185
   macro avg     0.5812    0.5599    0.5502       185
weighted avg     0.6105    0.5946    0.5833       185

micro f-score: 0.5945945945945946

========== Train Epoch 24 ==========
Loss: 0.462	Accuracy: 55.68%	Cost 28s
              precision    recall  f1-score   support

         bzx     0.7000    0.4516    0.5490        31
         cwx     0.3704    0.4545    0.4082        22
         hdx     0.3077    0.2353    0.2667        17
         mtx     0.3571    0.2632    0.3030        19
         nqx     0.4286    0.5000    0.4615        12
         qtx     0.7045    0.6889    0.6966        45
         zxx     0.6226    0.8462    0.7174        39

    accuracy                         0.5568       185
   macro avg     0.4987    0.4914    0.4861       185
weighted avg     0.5567    0.5568    0.5468       185

micro f-score: 0.5567567567567567

========== Train Epoch 25 ==========
Loss: 0.425	Accuracy: 53.51%	Cost 29s
              precision    recall  f1-score   support

         bzx     0.4474    0.5484    0.4928        31
         cwx     0.4571    0.7273    0.5614        22
         hdx     0.2500    0.4118    0.3111        17
         mtx     0.2857    0.2105    0.2424        19
         nqx     0.4545    0.4167    0.4348        12
         qtx     0.8621    0.5556    0.6757        45
         zxx     0.8333    0.6410    0.7246        39

    accuracy                         0.5351       185
   macro avg     0.5129    0.5016    0.4918       185
weighted avg     0.5965    0.5351    0.5481       185

micro f-score: 0.5351351351351351

========== Train Epoch 26 ==========
Loss: 0.393	Accuracy: 54.05%	Cost 28s
              precision    recall  f1-score   support

         bzx     0.6875    0.3548    0.4681        31
         cwx     0.4167    0.6818    0.5172        22
         hdx     0.2222    0.2353    0.2286        17
         mtx     0.4000    0.2105    0.2759        19
         nqx     0.3889    0.5833    0.4667        12
         qtx     0.9583    0.5111    0.6667        45
         zxx     0.5714    0.9231    0.7059        39

    accuracy                         0.5405       185
   macro avg     0.5207    0.5000    0.4756       185
weighted avg     0.6051    0.5405    0.5305       185

micro f-score: 0.5405405405405406

========== Train Epoch 27 ==========
Loss: 0.390	Accuracy: 58.38%	Cost 28s
              precision    recall  f1-score   support

         bzx     0.6190    0.4194    0.5000        31
         cwx     0.5217    0.5455    0.5333        22
         hdx     0.3158    0.3529    0.3333        17
         mtx     0.4000    0.3158    0.3529        19
         nqx     0.5000    0.5000    0.5000        12
         qtx     0.7949    0.6889    0.7381        45
         zxx     0.6071    0.8718    0.7158        39

    accuracy                         0.5838       185
   macro avg     0.5369    0.5277    0.5248       185
weighted avg     0.5896    0.5838    0.5770       185

micro f-score: 0.5837837837837838

========== Train Epoch 28 ==========
Loss: 0.338	Accuracy: 60.00%	Cost 28s
              precision    recall  f1-score   support

         bzx     0.7368    0.4516    0.5600        31
         cwx     0.6429    0.4091    0.5000        22
         hdx     0.3478    0.4706    0.4000        17
         mtx     0.4667    0.3684    0.4118        19
         nqx     0.3750    0.5000    0.4286        12
         qtx     0.7059    0.8000    0.7500        45
         zxx     0.6596    0.7949    0.7209        39

    accuracy                         0.6000       185
   macro avg     0.5621    0.5421    0.5388       185
weighted avg     0.6149    0.6000    0.5946       185

micro f-score: 0.6

========== Train Epoch 29 ==========
Loss: 0.315	Accuracy: 59.46%	Cost 27s
              precision    recall  f1-score   support

         bzx     0.6957    0.5161    0.5926        31
         cwx     0.4444    0.5455    0.4898        22
         hdx     0.3636    0.4706    0.4103        17
         mtx     0.7500    0.1579    0.2609        19
         nqx     0.3889    0.5833    0.4667        12
         qtx     0.6731    0.7778    0.7216        45
         zxx     0.7436    0.7436    0.7436        39

    accuracy                         0.5946       185
   macro avg     0.5799    0.5421    0.5265       185
weighted avg     0.6256    0.5946    0.5846       185

micro f-score: 0.5945945945945946

========== Train Epoch 30 ==========
Loss: 0.312	Accuracy: 58.38%	Cost 28s
              precision    recall  f1-score   support

         bzx     0.5758    0.6129    0.5938        31
         cwx     0.5556    0.4545    0.5000        22
         hdx     0.3333    0.3529    0.3429        17
         mtx     0.3103    0.4737    0.3750        19
         nqx     0.5000    0.5000    0.5000        12
         qtx     0.7500    0.6667    0.7059        45
         zxx     0.8000    0.7179    0.7568        39

    accuracy                         0.5838       185
   macro avg     0.5464    0.5398    0.5392       185
weighted avg     0.6086    0.5838    0.5926       185

micro f-score: 0.5837837837837838

========== Train Epoch 31 ==========
Loss: 0.284	Accuracy: 58.92%	Cost 28s
              precision    recall  f1-score   support

         bzx     0.7222    0.4194    0.5306        31
         cwx     0.4000    0.5455    0.4615        22
         hdx     0.3333    0.4706    0.3902        17
         mtx     0.6000    0.3158    0.4138        19
         nqx     0.4211    0.6667    0.5161        12
         qtx     0.8056    0.6444    0.7160        45
         zxx     0.6875    0.8462    0.7586        39

    accuracy                         0.5892       185
   macro avg     0.5671    0.5584    0.5410       185
weighted avg     0.6290    0.5892    0.5897       185

micro f-score: 0.5891891891891892

========== Train Epoch 32 ==========
Loss: 0.244	Accuracy: 59.46%	Cost 28s
              precision    recall  f1-score   support

         bzx     1.0000    0.2581    0.4103        31
         cwx     0.4444    0.5455    0.4898        22
         hdx     0.3182    0.4118    0.3590        17
         mtx     0.4545    0.2632    0.3333        19
         nqx     0.4375    0.5833    0.5000        12
         qtx     0.7500    0.8000    0.7742        45
         zxx     0.6604    0.8974    0.7609        39

    accuracy                         0.5946       185
   macro avg     0.5807    0.5370    0.5182       185
weighted avg     0.6464    0.5946    0.5754       185

micro f-score: 0.5945945945945946

========== Train Epoch 33 ==========
Loss: 0.230	Accuracy: 55.14%	Cost 28s
              precision    recall  f1-score   support

         bzx     0.5312    0.5484    0.5397        31
         cwx     0.5714    0.5455    0.5581        22
         hdx     0.2609    0.3529    0.3000        17
         mtx     0.3636    0.2105    0.2667        19
         nqx     0.5455    0.5000    0.5217        12
         qtx     0.8621    0.5556    0.6757        45
         zxx     0.5517    0.8205    0.6598        39

    accuracy                         0.5514       185
   macro avg     0.5266    0.5048    0.5031       185
weighted avg     0.5797    0.5514    0.5490       185

micro f-score: 0.5513513513513514

========== Train Epoch 34 ==========
Loss: 0.217	Accuracy: 60.00%	Cost 27s
              precision    recall  f1-score   support

         bzx     0.6522    0.4839    0.5556        31
         cwx     0.5000    0.5000    0.5000        22
         hdx     0.2632    0.5882    0.3636        17
         mtx     0.5455    0.3158    0.4000        19
         nqx     0.5333    0.6667    0.5926        12
         qtx     0.7949    0.6889    0.7381        45
         zxx     0.8108    0.7692    0.7895        39

    accuracy                         0.6000       185
   macro avg     0.5857    0.5732    0.5628       185
weighted avg     0.6478    0.6000    0.6115       185

micro f-score: 0.6

========== Train Epoch 35 ==========
Loss: 0.213	Accuracy: 57.30%	Cost 28s
              precision    recall  f1-score   support

         bzx     0.5152    0.5484    0.5312        31
         cwx     0.5556    0.4545    0.5000        22
         hdx     0.4091    0.5294    0.4615        17
         mtx     0.5714    0.2105    0.3077        19
         nqx     0.3182    0.5833    0.4118        12
         qtx     0.6545    0.8000    0.7200        45
         zxx     0.8214    0.5897    0.6866        39

    accuracy                         0.5730       185
   macro avg     0.5493    0.5308    0.5170       185
weighted avg     0.6017    0.5730    0.5691       185

micro f-score: 0.572972972972973

========== Train Epoch 36 ==========
Loss: 0.189	Accuracy: 58.92%	Cost 28s
              precision    recall  f1-score   support

         bzx     0.7857    0.3548    0.4889        31
         cwx     0.5263    0.4545    0.4878        22
         hdx     0.3000    0.3529    0.3243        17
         mtx     0.4615    0.3158    0.3750        19
         nqx     0.4118    0.5833    0.4828        12
         qtx     0.7907    0.7556    0.7727        45
         zxx     0.5932    0.8974    0.7143        39

    accuracy                         0.5892       185
   macro avg     0.5528    0.5306    0.5208       185
weighted avg     0.6133    0.5892    0.5781       185

micro f-score: 0.5891891891891892

========== Train Epoch 37 ==========
Loss: 0.181	Accuracy: 61.62%	Cost 29s
              precision    recall  f1-score   support

         bzx     0.7895    0.4839    0.6000        31
         cwx     0.5882    0.4545    0.5128        22
         hdx     0.3750    0.3529    0.3636        17
         mtx     0.5333    0.4211    0.4706        19
         nqx     0.4000    0.6667    0.5000        12
         qtx     0.6939    0.7556    0.7234        45
         zxx     0.6735    0.8462    0.7500        39

    accuracy                         0.6162       185
   macro avg     0.5791    0.5687    0.5601       185
weighted avg     0.6282    0.6162    0.6098       185

micro f-score: 0.6162162162162163

========== Train Epoch 38 ==========
Loss: 0.182	Accuracy: 60.00%	Cost 27s
              precision    recall  f1-score   support

         bzx     0.7143    0.4839    0.5769        31
         cwx     0.6250    0.4545    0.5263        22
         hdx     0.3333    0.4118    0.3684        17
         mtx     0.4118    0.3684    0.3889        19
         nqx     0.4118    0.5833    0.4828        12
         qtx     0.7949    0.6889    0.7381        45
         zxx     0.6296    0.8718    0.7312        39

    accuracy                         0.6000       185
   macro avg     0.5601    0.5518    0.5447       185
weighted avg     0.6197    0.6000    0.5980       185

micro f-score: 0.6

========== Train Epoch 39 ==========
Loss: 0.160	Accuracy: 63.24%	Cost 29s
              precision    recall  f1-score   support

         bzx     0.6552    0.6129    0.6333        31
         cwx     0.5000    0.5000    0.5000        22
         hdx     0.3750    0.5294    0.4390        17
         mtx     0.6250    0.2632    0.3704        19
         nqx     0.4667    0.5833    0.5185        12
         qtx     0.7556    0.7556    0.7556        45
         zxx     0.7619    0.8205    0.7901        39

    accuracy                         0.6324       185
   macro avg     0.5913    0.5807    0.5724       185
weighted avg     0.6426    0.6324    0.6280       185

micro f-score: 0.6324324324324324

========== Train Epoch 40 ==========
Loss: 0.164	Accuracy: 59.46%	Cost 28s
              precision    recall  f1-score   support

         bzx     0.7000    0.4516    0.5490        31
         cwx     0.5882    0.4545    0.5128        22
         hdx     0.3810    0.4706    0.4211        17
         mtx     0.5000    0.2105    0.2963        19
         nqx     0.4118    0.5833    0.4828        12
         qtx     0.7674    0.7333    0.7500        45
         zxx     0.5763    0.8718    0.6939        39

    accuracy                         0.5946       185
   macro avg     0.5607    0.5394    0.5294       185
weighted avg     0.6085    0.5946    0.5821       185

micro f-score: 0.5945945945945946

========== Train Epoch 41 ==========
Loss: 0.142	Accuracy: 61.62%	Cost 28s
              precision    recall  f1-score   support

         bzx     0.7143    0.4839    0.5769        31
         cwx     0.6250    0.4545    0.5263        22
         hdx     0.4231    0.6471    0.5116        17
         mtx     0.5000    0.1579    0.2400        19
         nqx     0.5000    0.5000    0.5000        12
         qtx     0.7143    0.7778    0.7447        45
         zxx     0.6182    0.8718    0.7234        39

    accuracy                         0.6162       185
   macro avg     0.5850    0.5561    0.5461       185
weighted avg     0.6207    0.6162    0.5970       185

micro f-score: 0.6162162162162163

========== Train Epoch 42 ==========
Loss: 0.133	Accuracy: 58.92%	Cost 27s
              precision    recall  f1-score   support

         bzx     0.5484    0.5484    0.5484        31
         cwx     0.5238    0.5000    0.5116        22
         hdx     0.3333    0.3529    0.3429        17
         mtx     0.4286    0.3158    0.3636        19
         nqx     0.5000    0.5833    0.5385        12
         qtx     0.8286    0.6444    0.7250        45
         zxx     0.6346    0.8462    0.7253        39

    accuracy                         0.5892       185
   macro avg     0.5425    0.5416    0.5365       185
weighted avg     0.5966    0.5892    0.5858       185

micro f-score: 0.5891891891891892

========== Train Epoch 43 ==========
Loss: 0.129	Accuracy: 61.08%	Cost 28s
              precision    recall  f1-score   support

         bzx     0.6400    0.5161    0.5714        31
         cwx     0.5500    0.5000    0.5238        22
         hdx     0.3226    0.5882    0.4167        17
         mtx     0.5556    0.2632    0.3571        19
         nqx     0.5833    0.5833    0.5833        12
         qtx     0.7234    0.7556    0.7391        45
         zxx     0.7317    0.7692    0.7500        39

    accuracy                         0.6108       185
   macro avg     0.5867    0.5679    0.5631       185
weighted avg     0.6274    0.6108    0.6087       185

micro f-score: 0.6108108108108108

========== Train Epoch 44 ==========
Loss: 0.124	Accuracy: 61.62%	Cost 28s
              precision    recall  f1-score   support

         bzx     0.8125    0.4194    0.5532        31
         cwx     0.7143    0.4545    0.5556        22
         hdx     0.4211    0.4706    0.4444        17
         mtx     0.5833    0.3684    0.4516        19
         nqx     0.4444    0.6667    0.5333        12
         qtx     0.8649    0.7111    0.7805        45
         zxx     0.5217    0.9231    0.6667        39

    accuracy                         0.6162       185
   macro avg     0.6232    0.5734    0.5693       185
weighted avg     0.6689    0.6162    0.6110       185

micro f-score: 0.6162162162162163

========== Train Epoch 45 ==========
Loss: 0.124	Accuracy: 56.76%	Cost 28s
              precision    recall  f1-score   support

         bzx     0.6111    0.3548    0.4490        31
         cwx     0.6667    0.5455    0.6000        22
         hdx     0.4000    0.4706    0.4324        17
         mtx     0.4167    0.2632    0.3226        19
         nqx     0.4167    0.4167    0.4167        12
         qtx     0.9655    0.6222    0.7568        45
         zxx     0.4737    0.9231    0.6261        39

    accuracy                         0.5676       185
   macro avg     0.5643    0.5137    0.5148       185
weighted avg     0.6230    0.5676    0.5625       185

micro f-score: 0.5675675675675675

========== Train Epoch 46 ==========
Loss: 0.112	Accuracy: 63.24%	Cost 28s
              precision    recall  f1-score   support

         bzx     0.6667    0.5161    0.5818        31
         cwx     0.6000    0.5455    0.5714        22
         hdx     0.4167    0.5882    0.4878        17
         mtx     0.5556    0.2632    0.3571        19
         nqx     0.4118    0.5833    0.4828        12
         qtx     0.7857    0.7333    0.7586        45
         zxx     0.6939    0.8718    0.7727        39

    accuracy                         0.6324       185
   macro avg     0.5900    0.5859    0.5732       185
weighted avg     0.6425    0.6324    0.6257       185

micro f-score: 0.6324324324324324

========== Train Epoch 47 ==========
Loss: 0.109	Accuracy: 58.92%	Cost 29s
              precision    recall  f1-score   support

         bzx     0.7857    0.3548    0.4889        31
         cwx     0.6250    0.4545    0.5263        22
         hdx     0.4000    0.5882    0.4762        17
         mtx     0.6000    0.1579    0.2500        19
         nqx     0.5000    0.5833    0.5385        12
         qtx     0.6800    0.7556    0.7158        45
         zxx     0.5574    0.8718    0.6800        39

    accuracy                         0.5892       185
   macro avg     0.5926    0.5380    0.5251       185
weighted avg     0.6197    0.5892    0.5663       185

micro f-score: 0.5891891891891892

========== Train Epoch 48 ==========
Loss: 0.105	Accuracy: 58.38%	Cost 28s
              precision    recall  f1-score   support

         bzx     0.8000    0.2581    0.3902        31
         cwx     0.4545    0.4545    0.4545        22
         hdx     0.3333    0.3529    0.3429        17
         mtx     0.5000    0.3158    0.3871        19
         nqx     0.4706    0.6667    0.5517        12
         qtx     0.6491    0.8222    0.7255        45
         zxx     0.6735    0.8462    0.7500        39

    accuracy                         0.5838       185
   macro avg     0.5544    0.5309    0.5146       185
weighted avg     0.6005    0.5838    0.5611       185

micro f-score: 0.5837837837837838

========== Train Epoch 49 ==========
Loss: 0.101	Accuracy: 58.38%	Cost 28s
              precision    recall  f1-score   support

         bzx     0.7333    0.3548    0.4783        31
         cwx     0.6471    0.5000    0.5641        22
         hdx     0.3913    0.5294    0.4500        17
         mtx     0.6000    0.3158    0.4138        19
         nqx     0.4286    0.7500    0.5455        12
         qtx     0.8000    0.6222    0.7000        45
         zxx     0.5312    0.8718    0.6602        39

    accuracy                         0.5838       185
   macro avg     0.5902    0.5634    0.5445       185
weighted avg     0.6318    0.5838    0.5759       185

micro f-score: 0.5837837837837838

========== Train Epoch 50 ==========
Loss: 0.097	Accuracy: 60.00%	Cost 29s
              precision    recall  f1-score   support

         bzx     0.7647    0.4194    0.5417        31
         cwx     0.6667    0.4545    0.5405        22
         hdx     0.4000    0.4706    0.4324        17
         mtx     0.4444    0.2105    0.2857        19
         nqx     0.4444    0.6667    0.5333        12
         qtx     0.6667    0.7556    0.7083        45
         zxx     0.6182    0.8718    0.7234        39

    accuracy                         0.6000       185
   macro avg     0.5722    0.5499    0.5379       185
weighted avg     0.6111    0.6000    0.5835       185

micro f-score: 0.6

========== Train Epoch 51 ==========
Loss: 0.089	Accuracy: 60.00%	Cost 27s
              precision    recall  f1-score   support

         bzx     0.7368    0.4516    0.5600        31
         cwx     0.6250    0.4545    0.5263        22
         hdx     0.4375    0.4118    0.4242        17
         mtx     0.4211    0.4211    0.4211        19
         nqx     0.4615    0.5000    0.4800        12
         qtx     0.7619    0.7111    0.7356        45
         zxx     0.5667    0.8718    0.6869        39

    accuracy                         0.6000       185
   macro avg     0.5729    0.5460    0.5477       185
weighted avg     0.6160    0.6000    0.5935       185

micro f-score: 0.6

========== Train Epoch 52 ==========
Loss: 0.096	Accuracy: 59.46%	Cost 27s
              precision    recall  f1-score   support

         bzx     0.4773    0.6774    0.5600        31
         cwx     0.7143    0.4545    0.5556        22
         hdx     0.4091    0.5294    0.4615        17
         mtx     0.3684    0.3684    0.3684        19
         nqx     0.4615    0.5000    0.4800        12
         qtx     0.7436    0.6444    0.6905        45
         zxx     0.8235    0.7179    0.7671        39

    accuracy                         0.5946       185
   macro avg     0.5711    0.5560    0.5547       185
weighted avg     0.6248    0.5946    0.6010       185

micro f-score: 0.5945945945945946

========== Train Epoch 53 ==========
Loss: 0.094	Accuracy: 58.92%	Cost 27s
              precision    recall  f1-score   support

         bzx     0.6471    0.3548    0.4583        31
         cwx     0.6250    0.4545    0.5263        22
         hdx     0.4000    0.4706    0.4324        17
         mtx     0.4615    0.3158    0.3750        19
         nqx     0.5385    0.5833    0.5600        12
         qtx     0.9118    0.6889    0.7848        45
         zxx     0.5000    0.9231    0.6486        39

    accuracy                         0.5892       185
   macro avg     0.5834    0.5416    0.5408       185
weighted avg     0.6290    0.5892    0.5816       185

micro f-score: 0.5891891891891892

========== Train Epoch 54 ==========
Loss: 0.081	Accuracy: 58.92%	Cost 27s
              precision    recall  f1-score   support

         bzx     0.6400    0.5161    0.5714        31
         cwx     0.5000    0.5000    0.5000        22
         hdx     0.4286    0.3529    0.3871        17
         mtx     0.4118    0.3684    0.3889        19
         nqx     0.3333    0.7500    0.4615        12
         qtx     0.6727    0.8222    0.7400        45
         zxx     0.9200    0.5897    0.7188        39

    accuracy                         0.5892       185
   macro avg     0.5581    0.5571    0.5382       185
weighted avg     0.6276    0.5892    0.5922       185

micro f-score: 0.5891891891891892

========== Train Epoch 55 ==========
Loss: 0.095	Accuracy: 62.16%	Cost 29s
              precision    recall  f1-score   support

         bzx     0.7778    0.4516    0.5714        31
         cwx     0.5556    0.4545    0.5000        22
         hdx     0.4118    0.4118    0.4118        17
         mtx     0.6000    0.3158    0.4138        19
         nqx     0.3750    0.7500    0.5000        12
         qtx     0.7059    0.8000    0.7500        45
         zxx     0.7021    0.8462    0.7674        39

    accuracy                         0.6216       185
   macro avg     0.5897    0.5757    0.5592       185
weighted avg     0.6399    0.6216    0.6122       185

micro f-score: 0.6216216216216216

========== Train Epoch 56 ==========
Loss: 0.077	Accuracy: 60.54%	Cost 26s
              precision    recall  f1-score   support

         bzx     0.7000    0.4516    0.5490        31
         cwx     0.5882    0.4545    0.5128        22
         hdx     0.3913    0.5294    0.4500        17
         mtx     0.3750    0.1579    0.2222        19
         nqx     0.4444    0.6667    0.5333        12
         qtx     0.7083    0.7556    0.7312        45
         zxx     0.6667    0.8718    0.7556        39

    accuracy                         0.6054       185
   macro avg     0.5534    0.5554    0.5363       185
weighted avg     0.6034    0.6054    0.5889       185

micro f-score: 0.6054054054054054

========== Train Epoch 57 ==========
Loss: 0.078	Accuracy: 60.54%	Cost 29s
              precision    recall  f1-score   support

         bzx     0.8667    0.4194    0.5652        31
         cwx     0.5882    0.4545    0.5128        22
         hdx     0.4000    0.3529    0.3750        17
         mtx     0.5833    0.3684    0.4516        19
         nqx     0.3889    0.5833    0.4667        12
         qtx     0.7000    0.7778    0.7368        45
         zxx     0.5862    0.8718    0.7010        39

    accuracy                         0.6054       185
   macro avg     0.5876    0.5469    0.5442       185
weighted avg     0.6309    0.6054    0.5938       185

micro f-score: 0.6054054054054054

========== Train Epoch 58 ==========
Loss: 0.080	Accuracy: 57.84%	Cost 28s
              precision    recall  f1-score   support

         bzx     0.9000    0.2903    0.4390        31
         cwx     0.7143    0.4545    0.5556        22
         hdx     0.4000    0.4706    0.4324        17
         mtx     0.5556    0.2632    0.3571        19
         nqx     0.4000    0.6667    0.5000        12
         qtx     0.7442    0.7111    0.7273        45
         zxx     0.5072    0.8974    0.6481        39

    accuracy                         0.5784       185
   macro avg     0.6030    0.5363    0.5228       185
weighted avg     0.6435    0.5784    0.5620       185

micro f-score: 0.5783783783783784

========== Train Epoch 59 ==========
Loss: 0.081	Accuracy: 60.00%	Cost 29s
              precision    recall  f1-score   support

         bzx     0.8125    0.4194    0.5532        31
         cwx     0.7143    0.4545    0.5556        22
         hdx     0.4667    0.4118    0.4375        17
         mtx     0.5833    0.3684    0.4516        19
         nqx     0.3889    0.5833    0.4667        12
         qtx     0.7619    0.7111    0.7356        45
         zxx     0.5147    0.8974    0.6542        39

    accuracy                         0.6000       185
   macro avg     0.6060    0.5494    0.5506       185
weighted avg     0.6429    0.6000    0.5925       185

micro f-score: 0.6

========== Train Epoch 60 ==========
Loss: 0.076	Accuracy: 62.70%	Cost 28s
              precision    recall  f1-score   support

         bzx     0.7500    0.4839    0.5882        31
         cwx     0.7333    0.5000    0.5946        22
         hdx     0.4286    0.5294    0.4737        17
         mtx     0.4286    0.3158    0.3636        19
         nqx     0.3333    0.7500    0.4615        12
         qtx     0.7619    0.7111    0.7356        45
         zxx     0.7391    0.8718    0.8000        39

    accuracy                         0.6270       185
   macro avg     0.5964    0.5946    0.5739       185
weighted avg     0.6590    0.6270    0.6277       185

micro f-score: 0.6270270270270271

========== Train Epoch 61 ==========
Loss: 0.067	Accuracy: 62.70%	Cost 28s
              precision    recall  f1-score   support

         bzx     0.6667    0.5161    0.5818        31
         cwx     0.4583    0.5000    0.4783        22
         hdx     0.4375    0.4118    0.4242        17
         mtx     0.5455    0.3158    0.4000        19
         nqx     0.4444    0.6667    0.5333        12
         qtx     0.7143    0.7778    0.7447        45
         zxx     0.7674    0.8462    0.8049        39

    accuracy                         0.6270       185
   macro avg     0.5763    0.5763    0.5667       185
weighted avg     0.6268    0.6270    0.6198       185

micro f-score: 0.6270270270270271

========== Train Epoch 62 ==========
Loss: 0.069	Accuracy: 61.08%	Cost 27s
              precision    recall  f1-score   support

         bzx     0.7647    0.4194    0.5417        31
         cwx     0.6111    0.5000    0.5500        22
         hdx     0.4091    0.5294    0.4615        17
         mtx     0.5000    0.2105    0.2963        19
         nqx     0.4000    0.6667    0.5000        12
         qtx     0.7000    0.7778    0.7368        45
         zxx     0.6600    0.8462    0.7416        39

    accuracy                         0.6108       185
   macro avg     0.5778    0.5643    0.5468       185
weighted avg     0.6251    0.6108    0.5970       185

micro f-score: 0.6108108108108108

========== Train Epoch 63 ==========
Loss: 0.069	Accuracy: 56.76%	Cost 27s
              precision    recall  f1-score   support

         bzx     0.6190    0.4194    0.5000        31
         cwx     0.6667    0.4545    0.5405        22
         hdx     0.3750    0.3529    0.3636        17
         mtx     0.4286    0.1579    0.2308        19
         nqx     0.4286    0.7500    0.5455        12
         qtx     0.7895    0.6667    0.7229        45
         zxx     0.5075    0.8718    0.6415        39

    accuracy                         0.5676       185
   macro avg     0.5450    0.5247    0.5064       185
weighted avg     0.5883    0.5676    0.5516       185

micro f-score: 0.5675675675675675

========== Train Epoch 64 ==========
Loss: 0.058	Accuracy: 61.62%	Cost 28s
              precision    recall  f1-score   support

         bzx     0.6538    0.5484    0.5965        31
         cwx     0.6111    0.5000    0.5500        22
         hdx     0.3889    0.4118    0.4000        17
         mtx     0.5000    0.3158    0.3871        19
         nqx     0.3810    0.6667    0.4848        12
         qtx     0.7083    0.7556    0.7312        45
         zxx     0.7381    0.7949    0.7654        39

    accuracy                         0.6162       185
   macro avg     0.5687    0.5704    0.5593       185
weighted avg     0.6219    0.6162    0.6125       185

micro f-score: 0.6162162162162163

========== Train Epoch 65 ==========
Loss: 0.054	Accuracy: 61.62%	Cost 29s
              precision    recall  f1-score   support

         bzx     0.7619    0.5161    0.6154        31
         cwx     0.5500    0.5000    0.5238        22
         hdx     0.3810    0.4706    0.4211        17
         mtx     0.4000    0.3158    0.3529        19
         nqx     0.3478    0.6667    0.4571        12
         qtx     0.7234    0.7556    0.7391        45
         zxx     0.8158    0.7949    0.8052        39

    accuracy                         0.6162       185
   macro avg     0.5686    0.5742    0.5592       185
weighted avg     0.6397    0.6162    0.6195       185

micro f-score: 0.6162162162162163

========== Train Epoch 66 ==========
Loss: 0.062	Accuracy: 57.84%	Cost 29s
              precision    recall  f1-score   support

         bzx     1.0000    0.2903    0.4500        31
         cwx     0.5556    0.4545    0.5000        22
         hdx     0.3913    0.5294    0.4500        17
         mtx     0.6250    0.2632    0.3704        19
         nqx     0.4444    0.6667    0.5333        12
         qtx     0.9091    0.6667    0.7692        45
         zxx     0.4737    0.9231    0.6261        39

    accuracy                         0.5784       185
   macro avg     0.6284    0.5420    0.5284       185
weighted avg     0.6836    0.5784    0.5679       185

micro f-score: 0.5783783783783784

========== Train Epoch 67 ==========
Loss: 0.059	Accuracy: 58.38%	Cost 29s
              precision    recall  f1-score   support

         bzx     0.5000    0.5161    0.5079        31
         cwx     0.6667    0.4545    0.5405        22
         hdx     0.4211    0.4706    0.4444        17
         mtx     0.5455    0.3158    0.4000        19
         nqx     0.5294    0.7500    0.6207        12
         qtx     0.7500    0.6000    0.6667        45
         zxx     0.5818    0.8205    0.6809        39

    accuracy                         0.5838       185
   macro avg     0.5706    0.5611    0.5516       185
weighted avg     0.5972    0.5838    0.5773       185

micro f-score: 0.5837837837837838

========== Train Epoch 68 ==========
Loss: 0.056	Accuracy: 61.62%	Cost 28s
              precision    recall  f1-score   support

         bzx     0.6842    0.4194    0.5200        31
         cwx     0.6000    0.5455    0.5714        22
         hdx     0.4231    0.6471    0.5116        17
         mtx     0.5000    0.2105    0.2963        19
         nqx     0.3889    0.5833    0.4667        12
         qtx     0.7674    0.7333    0.7500        45
         zxx     0.6667    0.8718    0.7556        39

    accuracy                         0.6162       185
   macro avg     0.5758    0.5730    0.5531       185
weighted avg     0.6287    0.6162    0.6045       185

micro f-score: 0.6162162162162163

========== Train Epoch 69 ==========
Loss: 0.051	Accuracy: 61.62%	Cost 27s
              precision    recall  f1-score   support

         bzx     0.7083    0.5484    0.6182        31
         cwx     0.5500    0.5000    0.5238        22
         hdx     0.3889    0.4118    0.4000        17
         mtx     0.3750    0.3158    0.3429        19
         nqx     0.3810    0.6667    0.4848        12
         qtx     0.7447    0.7778    0.7609        45
         zxx     0.7692    0.7692    0.7692        39

    accuracy                         0.6162       185
   macro avg     0.5596    0.5699    0.5571       185
weighted avg     0.6264    0.6162    0.6165       185

micro f-score: 0.6162162162162163

========== Train Epoch 70 ==========
Loss: 0.059	Accuracy: 61.62%	Cost 26s
              precision    recall  f1-score   support

         bzx     0.6667    0.5161    0.5818        31
         cwx     0.6667    0.4545    0.5405        22
         hdx     0.4000    0.4706    0.4324        17
         mtx     0.5385    0.3684    0.4375        19
         nqx     0.3913    0.7500    0.5143        12
         qtx     0.7059    0.8000    0.7500        45
         zxx     0.7179    0.7179    0.7179        39

    accuracy                         0.6162       185
   macro avg     0.5838    0.5825    0.5678       185
weighted avg     0.6315    0.6162    0.6136       185

micro f-score: 0.6162162162162163

========== Train Epoch 71 ==========
Loss: 0.048	Accuracy: 61.62%	Cost 27s
              precision    recall  f1-score   support

         bzx     0.7647    0.4194    0.5417        31
         cwx     0.5714    0.5455    0.5581        22
         hdx     0.4000    0.4706    0.4324        17
         mtx     0.5556    0.2632    0.3571        19
         nqx     0.4706    0.6667    0.5517        12
         qtx     0.7907    0.7556    0.7727        45
         zxx     0.5862    0.8718    0.7010        39

    accuracy                         0.6162       185
   macro avg     0.5913    0.5704    0.5593       185
weighted avg     0.6363    0.6162    0.6051       185

micro f-score: 0.6162162162162163

========== Train Epoch 72 ==========
Loss: 0.051	Accuracy: 58.38%	Cost 29s
              precision    recall  f1-score   support

         bzx     1.0000    0.3226    0.4878        31
         cwx     0.6250    0.4545    0.5263        22
         hdx     0.4000    0.4706    0.4324        17
         mtx     0.5714    0.2105    0.3077        19
         nqx     0.5000    0.6667    0.5714        12
         qtx     0.7500    0.7333    0.7416        45
         zxx     0.4861    0.8974    0.6306        39

    accuracy                         0.5838       185
   macro avg     0.6189    0.5365    0.5283       185
weighted avg     0.6547    0.5838    0.5661       185

micro f-score: 0.5837837837837838

========== Train Epoch 73 ==========
Loss: 0.050	Accuracy: 62.16%	Cost 28s
              precision    recall  f1-score   support

         bzx     0.6522    0.4839    0.5556        31
         cwx     0.6250    0.4545    0.5263        22
         hdx     0.4500    0.5294    0.4865        17
         mtx     0.5556    0.2632    0.3571        19
         nqx     0.5000    0.7500    0.6000        12
         qtx     0.7234    0.7556    0.7391        45
         zxx     0.6346    0.8462    0.7253        39

    accuracy                         0.6216       185
   macro avg     0.5915    0.5832    0.5700       185
weighted avg     0.6242    0.6216    0.6087       185

micro f-score: 0.6216216216216216

========== Train Epoch 74 ==========
Loss: 0.053	Accuracy: 60.00%	Cost 29s
              precision    recall  f1-score   support

         bzx     0.5455    0.5806    0.5625        31
         cwx     0.5500    0.5000    0.5238        22
         hdx     0.4444    0.4706    0.4571        17
         mtx     0.4211    0.4211    0.4211        19
         nqx     0.4118    0.5833    0.4828        12
         qtx     0.7381    0.6889    0.7126        45
         zxx     0.7778    0.7179    0.7467        39

    accuracy                         0.6000       185
   macro avg     0.5555    0.5661    0.5581       185
weighted avg     0.6111    0.6000    0.6039       185

micro f-score: 0.6

========== Train Epoch 75 ==========
Loss: 0.058	Accuracy: 61.08%	Cost 28s
              precision    recall  f1-score   support

         bzx     0.6071    0.5484    0.5763        31
         cwx     0.5556    0.4545    0.5000        22
         hdx     0.4348    0.5882    0.5000        17
         mtx     0.5556    0.2632    0.3571        19
         nqx     0.4706    0.6667    0.5517        12
         qtx     0.8000    0.7111    0.7529        45
         zxx     0.6200    0.7949    0.6966        39

    accuracy                         0.6108       185
   macro avg     0.5777    0.5753    0.5621       185
weighted avg     0.6206    0.6108    0.6044       185

micro f-score: 0.6108108108108108

========== Train Epoch 76 ==========
Loss: 0.045	Accuracy: 59.46%	Cost 29s
              precision    recall  f1-score   support

         bzx     0.5833    0.4516    0.5091        31
         cwx     0.5882    0.4545    0.5128        22
         hdx     0.3684    0.4118    0.3889        17
         mtx     0.5385    0.3684    0.4375        19
         nqx     0.4118    0.5833    0.4828        12
         qtx     0.6939    0.7556    0.7234        45
         zxx     0.6739    0.7949    0.7294        39

    accuracy                         0.5946       185
   macro avg     0.5511    0.5457    0.5406       185
weighted avg     0.5944    0.5946    0.5880       185

micro f-score: 0.5945945945945946

========== Train Epoch 77 ==========
Loss: 0.056	Accuracy: 61.08%	Cost 29s
              precision    recall  f1-score   support

         bzx     0.5263    0.6452    0.5797        31
         cwx     0.6667    0.4545    0.5405        22
         hdx     0.4000    0.4706    0.4324        17
         mtx     0.6667    0.3158    0.4286        19
         nqx     0.5625    0.7500    0.6429        12
         qtx     0.8438    0.6000    0.7013        45
         zxx     0.6000    0.8462    0.7021        39

    accuracy                         0.6108       185
   macro avg     0.6094    0.5832    0.5754       185
weighted avg     0.6409    0.6108    0.6055       185

micro f-score: 0.6108108108108108

========== Train Epoch 78 ==========
Loss: 0.051	Accuracy: 61.62%	Cost 27s
              precision    recall  f1-score   support

         bzx     0.6400    0.5161    0.5714        31
         cwx     0.4762    0.4545    0.4651        22
         hdx     0.4615    0.3529    0.4000        17
         mtx     0.6154    0.4211    0.5000        19
         nqx     0.3750    0.7500    0.5000        12
         qtx     0.8000    0.7111    0.7529        45
         zxx     0.6735    0.8462    0.7500        39

    accuracy                         0.6162       185
   macro avg     0.5774    0.5788    0.5628       185
weighted avg     0.6304    0.6162    0.6129       185

micro f-score: 0.6162162162162163

========== Train Epoch 79 ==========
Loss: 0.050	Accuracy: 63.24%	Cost 28s
              precision    recall  f1-score   support

         bzx     0.6250    0.4839    0.5455        31
         cwx     0.6111    0.5000    0.5500        22
         hdx     0.4348    0.5882    0.5000        17
         mtx     0.6667    0.3158    0.4286        19
         nqx     0.5000    0.6667    0.5714        12
         qtx     0.7391    0.7556    0.7473        45
         zxx     0.6735    0.8462    0.7500        39

    accuracy                         0.6324       185
   macro avg     0.6072    0.5938    0.5847       185
weighted avg     0.6400    0.6324    0.6237       185

micro f-score: 0.6324324324324324

========== Train Epoch 80 ==========
Loss: 0.047	Accuracy: 62.70%	Cost 29s
              precision    recall  f1-score   support

         bzx     0.6400    0.5161    0.5714        31
         cwx     0.6000    0.5455    0.5714        22
         hdx     0.4118    0.4118    0.4118        17
         mtx     0.5833    0.3684    0.4516        19
         nqx     0.4091    0.7500    0.5294        12
         qtx     0.8205    0.7111    0.7619        45
         zxx     0.6600    0.8462    0.7416        39

    accuracy                         0.6270       185
   macro avg     0.5892    0.5927    0.5770       185
weighted avg     0.6416    0.6270    0.6239       185

micro f-score: 0.6270270270270271

========== Train Epoch 81 ==========
Loss: 0.045	Accuracy: 59.46%	Cost 28s
              precision    recall  f1-score   support

         bzx     0.6154    0.5161    0.5614        31
         cwx     0.5556    0.4545    0.5000        22
         hdx     0.4444    0.4706    0.4571        17
         mtx     0.6250    0.2632    0.3704        19
         nqx     0.3913    0.7500    0.5143        12
         qtx     0.7250    0.6444    0.6824        45
         zxx     0.6346    0.8462    0.7253        39

    accuracy                         0.5946       185
   macro avg     0.5702    0.5636    0.5444       185
weighted avg     0.6097    0.5946    0.5858       185

micro f-score: 0.5945945945945946

========== Train Epoch 82 ==========
Loss: 0.046	Accuracy: 57.84%	Cost 28s
              precision    recall  f1-score   support

         bzx     0.8462    0.3548    0.5000        31
         cwx     0.8333    0.4545    0.5882        22
         hdx     0.4375    0.4118    0.4242        17
         mtx     0.3636    0.2105    0.2667        19
         nqx     0.6000    0.5000    0.5455        12
         qtx     0.7727    0.7556    0.7640        45
         zxx     0.4430    0.8974    0.5932        39

    accuracy                         0.5784       185
   macro avg     0.6138    0.5121    0.5260       185
weighted avg     0.6387    0.5784    0.5664       185

micro f-score: 0.5783783783783784

========== Train Epoch 83 ==========
Loss: 0.055	Accuracy: 62.70%	Cost 28s
              precision    recall  f1-score   support

         bzx     0.6667    0.5806    0.6207        31
         cwx     0.6667    0.4545    0.5405        22
         hdx     0.4211    0.4706    0.4444        17
         mtx     0.5714    0.2105    0.3077        19
         nqx     0.3750    0.7500    0.5000        12
         qtx     0.7333    0.7333    0.7333        45
         zxx     0.7083    0.8718    0.7816        39

    accuracy                         0.6270       185
   macro avg     0.5918    0.5816    0.5612       185
weighted avg     0.6404    0.6270    0.6163       185

micro f-score: 0.6270270270270271

========== Train Epoch 84 ==========
Loss: 0.045	Accuracy: 58.92%	Cost 30s
              precision    recall  f1-score   support

         bzx     0.9000    0.2903    0.4390        31
         cwx     0.4400    0.5000    0.4681        22
         hdx     0.3529    0.3529    0.3529        17
         mtx     0.4375    0.3684    0.4000        19
         nqx     0.4444    0.6667    0.5333        12
         qtx     0.8649    0.7111    0.7805        45
         zxx     0.5806    0.9231    0.7129        39

    accuracy                         0.5892       185
   macro avg     0.5743    0.5446    0.5267       185
weighted avg     0.6421    0.5892    0.5775       185

micro f-score: 0.5891891891891892

========== Train Epoch 85 ==========
Loss: 0.052	Accuracy: 63.78%	Cost 28s
              precision    recall  f1-score   support

         bzx     0.6522    0.4839    0.5556        31
         cwx     0.6250    0.4545    0.5263        22
         hdx     0.4000    0.4706    0.4324        17
         mtx     0.6000    0.3158    0.4138        19
         nqx     0.5000    0.6667    0.5714        12
         qtx     0.7708    0.8222    0.7957        45
         zxx     0.6538    0.8718    0.7473        39

    accuracy                         0.6378       185
   macro avg     0.6003    0.5836    0.5775       185
weighted avg     0.6398    0.6378    0.6261       185

micro f-score: 0.6378378378378379

========== Train Epoch 86 ==========
Loss: 0.044	Accuracy: 63.78%	Cost 27s
              precision    recall  f1-score   support

         bzx     0.7143    0.4839    0.5769        31
         cwx     0.6875    0.5000    0.5789        22
         hdx     0.4091    0.5294    0.4615        17
         mtx     0.6000    0.3158    0.4138        19
         nqx     0.4444    0.6667    0.5333        12
         qtx     0.6981    0.8222    0.7551        45
         zxx     0.7111    0.8205    0.7619        39

    accuracy                         0.6378       185
   macro avg     0.6092    0.5912    0.5831       185
weighted avg     0.6492    0.6378    0.6293       185

micro f-score: 0.6378378378378379

========== Train Epoch 87 ==========
Loss: 0.034	Accuracy: 57.84%	Cost 27s
              precision    recall  f1-score   support

         bzx     0.7857    0.3548    0.4889        31
         cwx     0.5882    0.4545    0.5128        22
         hdx     0.4118    0.4118    0.4118        17
         mtx     0.5714    0.2105    0.3077        19
         nqx     0.4500    0.7500    0.5625        12
         qtx     0.8158    0.6889    0.7470        45
         zxx     0.4861    0.8974    0.6306        39

    accuracy                         0.5784       185
   macro avg     0.5870    0.5383    0.5230       185
weighted avg     0.6282    0.5784    0.5635       185

micro f-score: 0.5783783783783784

========== Train Epoch 88 ==========
Loss: 0.039	Accuracy: 62.70%	Cost 28s
              precision    recall  f1-score   support

         bzx     0.6296    0.5484    0.5862        31
         cwx     0.6471    0.5000    0.5641        22
         hdx     0.4286    0.5294    0.4737        17
         mtx     0.5000    0.3684    0.4242        19
         nqx     0.3750    0.5000    0.4286        12
         qtx     0.7000    0.7778    0.7368        45
         zxx     0.7750    0.7949    0.7848        39

    accuracy                         0.6270       185
   macro avg     0.5793    0.5741    0.5712       185
weighted avg     0.6312    0.6270    0.6249       185

micro f-score: 0.6270270270270271

========== Train Epoch 89 ==========
Loss: 0.037	Accuracy: 60.54%	Cost 29s
              precision    recall  f1-score   support

         bzx     0.6667    0.4516    0.5385        31
         cwx     0.5882    0.4545    0.5128        22
         hdx     0.3810    0.4706    0.4211        17
         mtx     0.5556    0.2632    0.3571        19
         nqx     0.5000    0.6667    0.5714        12
         qtx     0.7333    0.7333    0.7333        45
         zxx     0.6071    0.8718    0.7158        39

    accuracy                         0.6054       185
   macro avg     0.5760    0.5588    0.5500       185
weighted avg     0.6125    0.6054    0.5929       185

micro f-score: 0.6054054054054054

========== Train Epoch 90 ==========
Loss: 0.045	Accuracy: 59.46%	Cost 28s
              precision    recall  f1-score   support

         bzx     0.9167    0.3548    0.5116        31
         cwx     0.7692    0.4545    0.5714        22
         hdx     0.3750    0.5294    0.4390        17
         mtx     0.8000    0.2105    0.3333        19
         nqx     0.5000    0.4167    0.4545        12
         qtx     0.6491    0.8222    0.7255        45
         zxx     0.5312    0.8718    0.6602        39

    accuracy                         0.5946       185
   macro avg     0.6488    0.5229    0.5279       185
weighted avg     0.6640    0.5946    0.5734       185

micro f-score: 0.5945945945945946

========== Train Epoch 91 ==========
Loss: 0.048	Accuracy: 60.54%	Cost 28s
              precision    recall  f1-score   support

         bzx     0.8571    0.3871    0.5333        31
         cwx     0.6316    0.5455    0.5854        22
         hdx     0.3846    0.5882    0.4651        17
         mtx     0.6667    0.3158    0.4286        19
         nqx     0.4000    0.6667    0.5000        12
         qtx     0.8286    0.6444    0.7250        45
         zxx     0.5645    0.8974    0.6931        39

    accuracy                         0.6054       185
   macro avg     0.6190    0.5779    0.5615       185
weighted avg     0.6690    0.6054    0.6006       185

micro f-score: 0.6054054054054054

========== Train Epoch 92 ==========
Loss: 0.044	Accuracy: 58.38%	Cost 28s
              precision    recall  f1-score   support

         bzx     0.6071    0.5484    0.5763        31
         cwx     0.4583    0.5000    0.4783        22
         hdx     0.3333    0.2941    0.3125        17
         mtx     0.5000    0.2105    0.2963        19
         nqx     0.4286    0.7500    0.5455        12
         qtx     0.7895    0.6667    0.7229        45
         zxx     0.6275    0.8205    0.7111        39

    accuracy                         0.5838       185
   macro avg     0.5349    0.5415    0.5204       185
weighted avg     0.5903    0.5838    0.5737       185

micro f-score: 0.5837837837837838

========== Train Epoch 93 ==========
Loss: 0.038	Accuracy: 60.54%	Cost 29s
              precision    recall  f1-score   support

         bzx     0.7857    0.3548    0.4889        31
         cwx     0.7143    0.4545    0.5556        22
         hdx     0.4000    0.4706    0.4324        17
         mtx     0.5455    0.3158    0.4000        19
         nqx     0.4211    0.6667    0.5161        12
         qtx     0.7778    0.7778    0.7778        45
         zxx     0.5484    0.8718    0.6733        39

    accuracy                         0.6054       185
   macro avg     0.5990    0.5589    0.5492       185
weighted avg     0.6415    0.6054    0.5934       185

micro f-score: 0.6054054054054054

========== Train Epoch 94 ==========
Loss: 0.041	Accuracy: 64.86%	Cost 30s
              precision    recall  f1-score   support

         bzx     0.6429    0.5806    0.6102        31
         cwx     0.6471    0.5000    0.5641        22
         hdx     0.4167    0.5882    0.4878        17
         mtx     0.6000    0.3158    0.4138        19
         nqx     0.5000    0.5833    0.5385        12
         qtx     0.7347    0.8000    0.7660        45
         zxx     0.7442    0.8205    0.7805        39

    accuracy                         0.6486       185
   macro avg     0.6122    0.5984    0.5944       185
weighted avg     0.6526    0.6486    0.6424       185

micro f-score: 0.6486486486486487

========== Train Epoch 95 ==========
Loss: 0.034	Accuracy: 62.16%	Cost 28s
              precision    recall  f1-score   support

         bzx     0.5667    0.5484    0.5574        31
         cwx     0.5455    0.5455    0.5455        22
         hdx     0.4348    0.5882    0.5000        17
         mtx     0.5556    0.2632    0.3571        19
         nqx     0.4375    0.5833    0.5000        12
         qtx     0.7727    0.7556    0.7640        45
         zxx     0.7317    0.7692    0.7500        39

    accuracy                         0.6216       185
   macro avg     0.5778    0.5791    0.5677       185
weighted avg     0.6274    0.6216    0.6173       185

micro f-score: 0.6216216216216216

========== Train Epoch 96 ==========
Loss: 0.042	Accuracy: 63.24%	Cost 27s
              precision    recall  f1-score   support

         bzx     0.7727    0.5484    0.6415        31
         cwx     0.5789    0.5000    0.5366        22
         hdx     0.3684    0.4118    0.3889        17
         mtx     0.6000    0.3158    0.4138        19
         nqx     0.4737    0.7500    0.5806        12
         qtx     0.8857    0.6889    0.7750        45
         zxx     0.5902    0.9231    0.7200        39

    accuracy                         0.6324       185
   macro avg     0.6100    0.5911    0.5795       185
weighted avg     0.6644    0.6324    0.6275       185

micro f-score: 0.6324324324324324

========== Train Epoch 97 ==========
Loss: 0.034	Accuracy: 60.00%	Cost 30s
              precision    recall  f1-score   support

         bzx     0.7059    0.3871    0.5000        31
         cwx     0.6250    0.4545    0.5263        22
         hdx     0.4000    0.4706    0.4324        17
         mtx     0.5455    0.3158    0.4000        19
         nqx     0.5455    0.5000    0.5217        12
         qtx     0.7000    0.7778    0.7368        45
         zxx     0.5667    0.8718    0.6869        39

    accuracy                         0.6000       185
   macro avg     0.5841    0.5397    0.5435       185
weighted avg     0.6105    0.6000    0.5851       185

micro f-score: 0.6

========== Train Epoch 98 ==========
Loss: 0.035	Accuracy: 59.46%	Cost 29s
              precision    recall  f1-score   support

         bzx     0.6250    0.4839    0.5455        31
         cwx     0.5455    0.5455    0.5455        22
         hdx     0.3500    0.4118    0.3784        17
         mtx     0.5000    0.2105    0.2963        19
         nqx     0.4167    0.4167    0.4167        12
         qtx     0.6923    0.8000    0.7423        45
         zxx     0.6596    0.7949    0.7209        39

    accuracy                         0.5946       185
   macro avg     0.5413    0.5233    0.5208       185
weighted avg     0.5876    0.5946    0.5810       185

micro f-score: 0.5945945945945946

========== Train Epoch 99 ==========
Loss: 0.033	Accuracy: 58.92%	Cost 28s
              precision    recall  f1-score   support

         bzx     0.7333    0.3548    0.4783        31
         cwx     0.6000    0.4091    0.4865        22
         hdx     0.4375    0.4118    0.4242        17
         mtx     0.5455    0.3158    0.4000        19
         nqx     0.5000    0.7500    0.6000        12
         qtx     0.9118    0.6889    0.7848        45
         zxx     0.4737    0.9231    0.6261        39

    accuracy                         0.5892       185
   macro avg     0.6002    0.5505    0.5428       185
weighted avg     0.6445    0.5892    0.5799       185

micro f-score: 0.5891891891891892

========== Train Epoch 100 ==========
Loss: 0.033	Accuracy: 57.84%	Cost 28s
              precision    recall  f1-score   support

         bzx     0.6667    0.3871    0.4898        31
         cwx     0.5882    0.4545    0.5128        22
         hdx     0.3529    0.3529    0.3529        17
         mtx     0.5000    0.3158    0.3871        19
         nqx     0.3333    0.5000    0.4000        12
         qtx     0.7500    0.7333    0.7416        45
         zxx     0.5763    0.8718    0.6939        39

    accuracy                         0.5784       185
   macro avg     0.5382    0.5165    0.5112       185
weighted avg     0.5910    0.5784    0.5679       185

micro f-score: 0.5783783783783784

========== Train Epoch 101 ==========
Loss: 0.039	Accuracy: 60.00%	Cost 28s
              precision    recall  f1-score   support

         bzx     0.7778    0.4516    0.5714        31
         cwx     0.8333    0.4545    0.5882        22
         hdx     0.4444    0.4706    0.4571        17
         mtx     0.3571    0.2632    0.3030        19
         nqx     0.5000    0.5000    0.5000        12
         qtx     0.6939    0.7556    0.7234        45
         zxx     0.5484    0.8718    0.6733        39

    accuracy                         0.6000       185
   macro avg     0.5936    0.5382    0.5452       185
weighted avg     0.6238    0.6000    0.5892       185

micro f-score: 0.6

========== Train Epoch 102 ==========
Loss: 0.034	Accuracy: 61.08%	Cost 28s
              precision    recall  f1-score   support

         bzx     0.5152    0.5484    0.5312        31
         cwx     0.5789    0.5000    0.5366        22
         hdx     0.4118    0.4118    0.4118        17
         mtx     0.5556    0.2632    0.3571        19
         nqx     0.5625    0.7500    0.6429        12
         qtx     0.7727    0.7556    0.7640        45
         zxx     0.6383    0.7692    0.6977        39

    accuracy                         0.6108       185
   macro avg     0.5764    0.5712    0.5630       185
weighted avg     0.6091    0.6108    0.6020       185

micro f-score: 0.6108108108108108

========== Train Epoch 103 ==========
Loss: 0.032	Accuracy: 60.54%	Cost 28s
              precision    recall  f1-score   support

         bzx     0.7222    0.4194    0.5306        31
         cwx     0.6923    0.4091    0.5143        22
         hdx     0.4000    0.4706    0.4324        17
         mtx     0.5000    0.2632    0.3448        19
         nqx     0.5294    0.7500    0.6207        12
         qtx     0.7556    0.7556    0.7556        45
         zxx     0.5484    0.8718    0.6733        39

    accuracy                         0.6054       185
   macro avg     0.5926    0.5628    0.5531       185
weighted avg     0.6252    0.6054    0.5912       185

micro f-score: 0.6054054054054054

========== Train Epoch 104 ==========
Loss: 0.037	Accuracy: 61.08%	Cost 28s
              precision    recall  f1-score   support

         bzx     0.6667    0.5161    0.5818        31
         cwx     0.7500    0.4091    0.5294        22
         hdx     0.4118    0.4118    0.4118        17
         mtx     0.5556    0.2632    0.3571        19
         nqx     0.4286    0.7500    0.5455        12
         qtx     0.6667    0.8000    0.7273        45
         zxx     0.6458    0.7949    0.7126        39

    accuracy                         0.6108       185
   macro avg     0.5893    0.5636    0.5522       185
weighted avg     0.6219    0.6108    0.5975       185

micro f-score: 0.6108108108108108

========== Train Epoch 105 ==========
Loss: 0.039	Accuracy: 60.00%	Cost 28s
              precision    recall  f1-score   support

         bzx     0.6000    0.5806    0.5902        31
         cwx     0.5556    0.4545    0.5000        22
         hdx     0.3750    0.3529    0.3636        17
         mtx     0.5000    0.3684    0.4242        19
         nqx     0.4706    0.6667    0.5517        12
         qtx     0.9032    0.6222    0.7368        45
         zxx     0.5763    0.8718    0.6939        39

    accuracy                         0.6000       185
   macro avg     0.5687    0.5596    0.5515       185
weighted avg     0.6241    0.6000    0.5966       185

micro f-score: 0.6

========== Train Epoch 106 ==========
Loss: 0.034	Accuracy: 60.54%	Cost 29s
              precision    recall  f1-score   support

         bzx     0.6400    0.5161    0.5714        31
         cwx     0.4583    0.5000    0.4783        22
         hdx     0.4167    0.5882    0.4878        17
         mtx     0.4167    0.2632    0.3226        19
         nqx     0.4000    0.5000    0.4444        12
         qtx     0.6863    0.7778    0.7292        45
         zxx     0.8529    0.7436    0.7945        39

    accuracy                         0.6054       185
   macro avg     0.5530    0.5556    0.5469       185
weighted avg     0.6155    0.6054    0.6043       185

micro f-score: 0.6054054054054054

========== Train Epoch 107 ==========
Loss: 0.026	Accuracy: 62.70%	Cost 28s
              precision    recall  f1-score   support

         bzx     0.6667    0.5806    0.6207        31
         cwx     0.5882    0.4545    0.5128        22
         hdx     0.3810    0.4706    0.4211        17
         mtx     0.5455    0.3158    0.4000        19
         nqx     0.5455    0.5000    0.5217        12
         qtx     0.6852    0.8222    0.7475        45
         zxx     0.7045    0.7949    0.7470        39

    accuracy                         0.6270       185
   macro avg     0.5881    0.5627    0.5673       185
weighted avg     0.6233    0.6270    0.6179       185

micro f-score: 0.6270270270270271

========== Train Epoch 108 ==========
Loss: 0.034	Accuracy: 59.46%	Cost 28s
              precision    recall  f1-score   support

         bzx     0.7778    0.4516    0.5714        31
         cwx     0.6667    0.4545    0.5405        22
         hdx     0.4211    0.4706    0.4444        17
         mtx     0.4615    0.3158    0.3750        19
         nqx     0.5000    0.5833    0.5385        12
         qtx     0.7561    0.6889    0.7209        45
         zxx     0.5231    0.8718    0.6538        39

    accuracy                         0.5946       185
   macro avg     0.5866    0.5481    0.5492       185
weighted avg     0.6223    0.5946    0.5875       185

micro f-score: 0.5945945945945946

========== Train Epoch 109 ==========
Loss: 0.025	Accuracy: 61.08%	Cost 27s
              precision    recall  f1-score   support

         bzx     0.6207    0.5806    0.6000        31
         cwx     0.5238    0.5000    0.5116        22
         hdx     0.3333    0.3529    0.3429        17
         mtx     0.5556    0.2632    0.3571        19
         nqx     0.4500    0.7500    0.5625        12
         qtx     0.7619    0.7111    0.7356        45
         zxx     0.6957    0.8205    0.7529        39

    accuracy                         0.6108       185
   macro avg     0.5630    0.5683    0.5518       185
weighted avg     0.6152    0.6108    0.6037       185

micro f-score: 0.6108108108108108

========== Train Epoch 110 ==========
Loss: 0.033	Accuracy: 61.62%	Cost 28s
              precision    recall  f1-score   support

         bzx     0.6000    0.5806    0.5902        31
         cwx     0.5882    0.4545    0.5128        22
         hdx     0.3913    0.5294    0.4500        17
         mtx     0.7143    0.2632    0.3846        19
         nqx     0.4706    0.6667    0.5517        12
         qtx     0.7619    0.7111    0.7356        45
         zxx     0.6531    0.8205    0.7273        39

    accuracy                         0.6162       185
   macro avg     0.5971    0.5752    0.5646       185
weighted avg     0.6333    0.6162    0.6088       185

micro f-score: 0.6162162162162163

========== Train Epoch 111 ==========
Loss: 0.024	Accuracy: 61.62%	Cost 28s
              precision    recall  f1-score   support

         bzx     0.7500    0.3871    0.5106        31
         cwx     0.5882    0.4545    0.5128        22
         hdx     0.4000    0.4706    0.4324        17
         mtx     0.6667    0.3158    0.4286        19
         nqx     0.4444    0.6667    0.5333        12
         qtx     0.7347    0.8000    0.7660        45
         zxx     0.6071    0.8718    0.7158        39

    accuracy                         0.6162       185
   macro avg     0.5987    0.5666    0.5571       185
weighted avg     0.6364    0.6162    0.6021       185

micro f-score: 0.6162162162162163

========== Train Epoch 112 ==========
Loss: 0.037	Accuracy: 58.92%	Cost 32s
              precision    recall  f1-score   support

         bzx     0.5385    0.4516    0.4912        31
         cwx     0.6667    0.4545    0.5405        22
         hdx     0.4167    0.5882    0.4878        17
         mtx     0.5000    0.3684    0.4242        19
         nqx     0.4286    0.5000    0.4615        12
         qtx     0.7692    0.6667    0.7143        45
         zxx     0.6038    0.8205    0.6957        39

    accuracy                         0.5892       185
   macro avg     0.5605    0.5500    0.5450       185
weighted avg     0.6013    0.5892    0.5853       185

micro f-score: 0.5891891891891892

========== Train Epoch 113 ==========
Loss: 0.032	Accuracy: 61.62%	Cost 28s
              precision    recall  f1-score   support

         bzx     0.7778    0.4516    0.5714        31
         cwx     0.5789    0.5000    0.5366        22
         hdx     0.4286    0.5294    0.4737        17
         mtx     0.5000    0.3158    0.3871        19
         nqx     0.4211    0.6667    0.5161        12
         qtx     0.6863    0.7778    0.7292        45
         zxx     0.6889    0.7949    0.7381        39

    accuracy                         0.6162       185
   macro avg     0.5831    0.5766    0.5646       185
weighted avg     0.6294    0.6162    0.6093       185

micro f-score: 0.6162162162162163

========== Train Epoch 114 ==========
Loss: 0.040	Accuracy: 61.08%	Cost 29s
              precision    recall  f1-score   support

         bzx     0.7391    0.5484    0.6296        31
         cwx     0.7143    0.4545    0.5556        22
         hdx     0.4118    0.4118    0.4118        17
         mtx     0.3333    0.0526    0.0909        19
         nqx     0.4737    0.7500    0.5806        12
         qtx     0.6441    0.8444    0.7308        45
         zxx     0.6200    0.7949    0.6966        39

    accuracy                         0.6108       185
   macro avg     0.5623    0.5509    0.5280       185
weighted avg     0.5990    0.6108    0.5810       185

micro f-score: 0.6108108108108108

========== Train Epoch 115 ==========
Loss: 0.032	Accuracy: 61.08%	Cost 27s
              precision    recall  f1-score   support

         bzx     0.8000    0.3871    0.5217        31
         cwx     0.6111    0.5000    0.5500        22
         hdx     0.4444    0.4706    0.4571        17
         mtx     0.4667    0.3684    0.4118        19
         nqx     0.4000    0.6667    0.5000        12
         qtx     0.7556    0.7556    0.7556        45
         zxx     0.6111    0.8462    0.7097        39

    accuracy                         0.6108       185
   macro avg     0.5841    0.5706    0.5580       185
weighted avg     0.6341    0.6108    0.6030       185

micro f-score: 0.6108108108108108

========== Train Epoch 116 ==========
Loss: 0.031	Accuracy: 60.54%	Cost 28s
              precision    recall  f1-score   support

         bzx     0.7059    0.3871    0.5000        31
         cwx     0.8333    0.4545    0.5882        22
         hdx     0.4348    0.5882    0.5000        17
         mtx     0.6250    0.2632    0.3704        19
         nqx     0.5455    0.5000    0.5217        12
         qtx     0.7447    0.7778    0.7609        45
         zxx     0.5075    0.8718    0.6415        39

    accuracy                         0.6054       185
   macro avg     0.6281    0.5489    0.5547       185
weighted avg     0.6450    0.6054    0.5919       185

micro f-score: 0.6054054054054054

========== Train Epoch 117 ==========
Loss: 0.033	Accuracy: 58.38%	Cost 29s
              precision    recall  f1-score   support

         bzx     0.9167    0.3548    0.5116        31
         cwx     0.5263    0.4545    0.4878        22
         hdx     0.3750    0.3529    0.3636        17
         mtx     0.6364    0.3684    0.4667        19
         nqx     0.5000    0.5000    0.5000        12
         qtx     0.8421    0.7111    0.7711        45
         zxx     0.4675    0.9231    0.6207        39

    accuracy                         0.5838       185
   macro avg     0.6091    0.5236    0.5316       185
weighted avg     0.6518    0.5838    0.5759       185

micro f-score: 0.5837837837837838

========== Train Epoch 118 ==========
Loss: 0.032	Accuracy: 60.00%	Cost 28s
              precision    recall  f1-score   support

         bzx     0.6818    0.4839    0.5660        31
         cwx     0.6111    0.5000    0.5500        22
         hdx     0.3810    0.4706    0.4211        17
         mtx     0.4615    0.3158    0.3750        19
         nqx     0.3333    0.5000    0.4000        12
         qtx     0.7174    0.7333    0.7253        45
         zxx     0.6809    0.8205    0.7442        39

    accuracy                         0.6000       185
   macro avg     0.5524    0.5463    0.5402       185
weighted avg     0.6090    0.6000    0.5967       185

micro f-score: 0.6

========== Train Epoch 119 ==========
Loss: 0.033	Accuracy: 61.62%	Cost 28s
              precision    recall  f1-score   support

         bzx     0.6818    0.4839    0.5660        31
         cwx     0.7143    0.4545    0.5556        22
         hdx     0.3636    0.4706    0.4103        17
         mtx     0.3571    0.2632    0.3030        19
         nqx     0.4706    0.6667    0.5517        12
         qtx     0.7292    0.7778    0.7527        45
         zxx     0.6875    0.8462    0.7586        39

    accuracy                         0.6162       185
   macro avg     0.5720    0.5661    0.5568       185
weighted avg     0.6221    0.6162    0.6085       185

micro f-score: 0.6162162162162163

========== Train Epoch 120 ==========
Loss: 0.034	Accuracy: 61.08%	Cost 28s
              precision    recall  f1-score   support

         bzx     0.8571    0.3871    0.5333        31
         cwx     0.6471    0.5000    0.5641        22
         hdx     0.4000    0.4706    0.4324        17
         mtx     0.4167    0.2632    0.3226        19
         nqx     0.6364    0.5833    0.6087        12
         qtx     0.7347    0.8000    0.7660        45
         zxx     0.5484    0.8718    0.6733        39

    accuracy                         0.6108       185
   macro avg     0.6058    0.5537    0.5572       185
weighted avg     0.6357    0.6108    0.5970       185

micro f-score: 0.6108108108108108

========== Train Epoch 121 ==========
Loss: 0.035	Accuracy: 60.54%	Cost 29s
              precision    recall  f1-score   support

         bzx     0.7143    0.4839    0.5769        31
         cwx     0.6500    0.5909    0.6190        22
         hdx     0.3548    0.6471    0.4583        17
         mtx     0.5000    0.3158    0.3871        19
         nqx     0.5833    0.5833    0.5833        12
         qtx     0.8387    0.5778    0.6842        45
         zxx     0.5862    0.8718    0.7010        39

    accuracy                         0.6054       185
   macro avg     0.6039    0.5815    0.5729       185
weighted avg     0.6464    0.6054    0.6042       185

micro f-score: 0.6054054054054054

========== Train Epoch 122 ==========
Loss: 0.038	Accuracy: 57.84%	Cost 27s
              precision    recall  f1-score   support

         bzx     0.7500    0.2903    0.4186        31
         cwx     0.5263    0.4545    0.4878        22
         hdx     0.4348    0.5882    0.5000        17
         mtx     0.5714    0.2105    0.3077        19
         nqx     0.6667    0.3333    0.4444        12
         qtx     0.6032    0.8444    0.7037        45
         zxx     0.5818    0.8205    0.6809        39

    accuracy                         0.5784       185
   macro avg     0.5906    0.5060    0.5062       185
weighted avg     0.5995    0.5784    0.5492       185

micro f-score: 0.5783783783783784

========== Train Epoch 123 ==========
Loss: 0.031	Accuracy: 57.84%	Cost 29s
              precision    recall  f1-score   support

         bzx     0.7692    0.3226    0.4545        31
         cwx     0.6111    0.5000    0.5500        22
         hdx     0.3846    0.5882    0.4651        17
         mtx     0.4444    0.2105    0.2857        19
         nqx     0.5000    0.5000    0.5000        12
         qtx     0.6800    0.7556    0.7158        45
         zxx     0.5614    0.8205    0.6667        39

    accuracy                         0.5784       185
   macro avg     0.5644    0.5282    0.5197       185
weighted avg     0.5987    0.5784    0.5607       185

micro f-score: 0.5783783783783784

========== Train Epoch 124 ==========
Loss: 0.036	Accuracy: 63.24%	Cost 28s
              precision    recall  f1-score   support

         bzx     0.7200    0.5806    0.6429        31
         cwx     0.6250    0.4545    0.5263        22
         hdx     0.4545    0.5882    0.5128        17
         mtx     0.7143    0.2632    0.3846        19
         nqx     0.4091    0.7500    0.5294        12
         qtx     0.7500    0.7333    0.7416        45
         zxx     0.6531    0.8205    0.7273        39

    accuracy                         0.6324       185
   macro avg     0.6180    0.5986    0.5807       185
weighted avg     0.6567    0.6324    0.6250       185

micro f-score: 0.6324324324324324

========== Train Epoch 125 ==========
Loss: 0.031	Accuracy: 60.00%	Cost 27s
              precision    recall  f1-score   support

         bzx     0.4681    0.7097    0.5641        31
         cwx     0.7500    0.4091    0.5294        22
         hdx     0.5263    0.5882    0.5556        17
         mtx     0.7500    0.3158    0.4444        19
         nqx     0.5714    0.6667    0.6154        12
         qtx     0.7742    0.5333    0.6316        45
         zxx     0.5926    0.8205    0.6882        39

    accuracy                         0.6000       185
   macro avg     0.6332    0.5776    0.5755       185
weighted avg     0.6433    0.6000    0.5928       185

micro f-score: 0.6

========== Train Epoch 126 ==========
Loss: 0.026	Accuracy: 63.78%	Cost 30s
              precision    recall  f1-score   support

         bzx     0.7037    0.6129    0.6552        31
         cwx     0.6250    0.4545    0.5263        22
         hdx     0.4286    0.5294    0.4737        17
         mtx     0.6667    0.3158    0.4286        19
         nqx     0.4000    0.6667    0.5000        12
         qtx     0.7333    0.7333    0.7333        45
         zxx     0.7021    0.8462    0.7674        39

    accuracy                         0.6378       185
   macro avg     0.6085    0.5941    0.5835       185
weighted avg     0.6524    0.6378    0.6325       185

micro f-score: 0.6378378378378379

========== Train Epoch 127 ==========
Loss: 0.032	Accuracy: 62.70%	Cost 30s
              precision    recall  f1-score   support

         bzx     0.6538    0.5484    0.5965        31
         cwx     0.5789    0.5000    0.5366        22
         hdx     0.4000    0.4706    0.4324        17
         mtx     0.7500    0.3158    0.4444        19
         nqx     0.4500    0.7500    0.5625        12
         qtx     0.7674    0.7333    0.7500        45
         zxx     0.6531    0.8205    0.7273        39

    accuracy                         0.6270       185
   macro avg     0.6076    0.5912    0.5785       185
weighted avg     0.6457    0.6270    0.6214       185

micro f-score: 0.6270270270270271

========== Train Epoch 128 ==========
Loss: 0.034	Accuracy: 62.70%	Cost 28s
              precision    recall  f1-score   support

         bzx     0.5938    0.6129    0.6032        31
         cwx     0.5500    0.5000    0.5238        22
         hdx     0.4545    0.5882    0.5128        17
         mtx     0.7143    0.2632    0.3846        19
         nqx     0.3684    0.5833    0.4516        12
         qtx     0.6875    0.7333    0.7097        45
         zxx     0.8378    0.7949    0.8158        39

    accuracy                         0.6270       185
   macro avg     0.6009    0.5823    0.5716       185
weighted avg     0.6478    0.6270    0.6239       185

micro f-score: 0.6270270270270271

Finished training!!!

Min Loss = 0.024 in epoch 110;
Max Accuracy = 64.86% in epoch 93;
Total Cost 61 minutes

===============================================================================================
Layer (type:depth-idx)                        Output Shape              Param #
===============================================================================================
Conv2d: 1-1                                 [-1, 64, 160, 160]        9,408
BatchNorm2d: 1-2                            [-1, 64, 160, 160]        128
ReLU: 1-3                                   [-1, 64, 160, 160]        --
MaxPool2d: 1-4                              [-1, 64, 80, 80]          --
Sequential: 1-5                             [-1, 64, 80, 80]          --
|    BasicBlock: 2-1                        [-1, 64, 80, 80]          --
|    |    Conv2d: 3-1                       [-1, 64, 80, 80]          36,864
|    |    BatchNorm2d: 3-2                  [-1, 64, 80, 80]          128
|    |    ReLU: 3-3                         [-1, 64, 80, 80]          --
|    |    Conv2d: 3-4                       [-1, 64, 80, 80]          36,864
|    |    BatchNorm2d: 3-5                  [-1, 64, 80, 80]          128
|    |    CoordAtt: 3-6                     [-1, 64, 80, 80]          3,376
|    |    ReLU: 3-7                         [-1, 64, 80, 80]          --
|    BasicBlock: 2-2                        [-1, 64, 80, 80]          --
|    |    Conv2d: 3-8                       [-1, 64, 80, 80]          36,864
|    |    BatchNorm2d: 3-9                  [-1, 64, 80, 80]          128
|    |    ReLU: 3-10                        [-1, 64, 80, 80]          --
|    |    Conv2d: 3-11                      [-1, 64, 80, 80]          36,864
|    |    BatchNorm2d: 3-12                 [-1, 64, 80, 80]          128
|    |    CoordAtt: 3-13                    [-1, 64, 80, 80]          3,376
|    |    ReLU: 3-14                        [-1, 64, 80, 80]          --
Sequential: 1-6                             [-1, 128, 40, 40]         --
|    BasicBlock: 2-3                        [-1, 128, 40, 40]         --
|    |    Conv2d: 3-15                      [-1, 128, 40, 40]         73,728
|    |    BatchNorm2d: 3-16                 [-1, 128, 40, 40]         256
|    |    ReLU: 3-17                        [-1, 128, 40, 40]         --
|    |    Conv2d: 3-18                      [-1, 128, 40, 40]         147,456
|    |    BatchNorm2d: 3-19                 [-1, 128, 40, 40]         256
|    |    CoordAtt: 3-20                    [-1, 128, 40, 40]         6,704
|    |    Sequential: 3-21                  [-1, 128, 40, 40]         8,448
|    |    ReLU: 3-22                        [-1, 128, 40, 40]         --
|    BasicBlock: 2-4                        [-1, 128, 40, 40]         --
|    |    Conv2d: 3-23                      [-1, 128, 40, 40]         147,456
|    |    BatchNorm2d: 3-24                 [-1, 128, 40, 40]         256
|    |    ReLU: 3-25                        [-1, 128, 40, 40]         --
|    |    Conv2d: 3-26                      [-1, 128, 40, 40]         147,456
|    |    BatchNorm2d: 3-27                 [-1, 128, 40, 40]         256
|    |    CoordAtt: 3-28                    [-1, 128, 40, 40]         6,704
|    |    ReLU: 3-29                        [-1, 128, 40, 40]         --
Sequential: 1-7                             [-1, 256, 20, 20]         --
|    BasicBlock: 2-5                        [-1, 256, 20, 20]         --
|    |    Conv2d: 3-30                      [-1, 256, 20, 20]         294,912
|    |    BatchNorm2d: 3-31                 [-1, 256, 20, 20]         512
|    |    ReLU: 3-32                        [-1, 256, 20, 20]         --
|    |    Conv2d: 3-33                      [-1, 256, 20, 20]         589,824
|    |    BatchNorm2d: 3-34                 [-1, 256, 20, 20]         512
|    |    CoordAtt: 3-35                    [-1, 256, 20, 20]         13,360
|    |    Sequential: 3-36                  [-1, 256, 20, 20]         33,280
|    |    ReLU: 3-37                        [-1, 256, 20, 20]         --
|    BasicBlock: 2-6                        [-1, 256, 20, 20]         --
|    |    Conv2d: 3-38                      [-1, 256, 20, 20]         589,824
|    |    BatchNorm2d: 3-39                 [-1, 256, 20, 20]         512
|    |    ReLU: 3-40                        [-1, 256, 20, 20]         --
|    |    Conv2d: 3-41                      [-1, 256, 20, 20]         589,824
|    |    BatchNorm2d: 3-42                 [-1, 256, 20, 20]         512
|    |    CoordAtt: 3-43                    [-1, 256, 20, 20]         13,360
|    |    ReLU: 3-44                        [-1, 256, 20, 20]         --
Sequential: 1-8                             [-1, 512, 10, 10]         --
|    BasicBlock: 2-7                        [-1, 512, 10, 10]         --
|    |    Conv2d: 3-45                      [-1, 512, 10, 10]         1,179,648
|    |    BatchNorm2d: 3-46                 [-1, 512, 10, 10]         1,024
|    |    ReLU: 3-47                        [-1, 512, 10, 10]         --
|    |    Conv2d: 3-48                      [-1, 512, 10, 10]         2,359,296
|    |    BatchNorm2d: 3-49                 [-1, 512, 10, 10]         1,024
|    |    CoordAtt: 3-50                    [-1, 512, 10, 10]         51,296
|    |    Sequential: 3-51                  [-1, 512, 10, 10]         132,096
|    |    ReLU: 3-52                        [-1, 512, 10, 10]         --
|    BasicBlock: 2-8                        [-1, 512, 10, 10]         --
|    |    Conv2d: 3-53                      [-1, 512, 10, 10]         2,359,296
|    |    BatchNorm2d: 3-54                 [-1, 512, 10, 10]         1,024
|    |    ReLU: 3-55                        [-1, 512, 10, 10]         --
|    |    Conv2d: 3-56                      [-1, 512, 10, 10]         2,359,296
|    |    BatchNorm2d: 3-57                 [-1, 512, 10, 10]         1,024
|    |    CoordAtt: 3-58                    [-1, 512, 10, 10]         51,296
|    |    ReLU: 3-59                        [-1, 512, 10, 10]         --
AdaptiveAvgPool2d: 1-9                      [-1, 512, 1, 1]           --
Linear: 1-10                                [-1, 7]                   3,591
===============================================================================================
Total params: 11,329,575
Trainable params: 11,329,575
Non-trainable params: 0
Total mult-adds (G): 3.73
===============================================================================================
Input size (MB): 1.17
Forward/backward pass size (MB): 78.13
Params size (MB): 43.22
Estimated Total Size (MB): 122.52
===============================================================================================



Traceback (most recent call last):
  File "train.py", line 258, in <module>
    ca_resnet.resnet18, **args)
  File "train.py", line 188, in train
    stat(net, (3, 320, 320))
  File "/home/djy/anaconda3/envs/pytorch/lib/python3.7/site-packages/torchstat/statistics.py", line 71, in stat
    ms.show_report()
  File "/home/djy/anaconda3/envs/pytorch/lib/python3.7/site-packages/torchstat/statistics.py", line 64, in show_report
    collected_nodes = self._analyze_model()
  File "/home/djy/anaconda3/envs/pytorch/lib/python3.7/site-packages/torchstat/statistics.py", line 57, in _analyze_model
    model_hook = ModelHook(self._model, self._input_size)
  File "/home/djy/anaconda3/envs/pytorch/lib/python3.7/site-packages/torchstat/model_hook.py", line 24, in __init__
    self._model(x)
  File "/home/djy/anaconda3/envs/pytorch/lib/python3.7/site-packages/torch/nn/modules/module.py", line 1102, in _call_impl
    return forward_call(*input, **kwargs)
  File "/home/djy/dl/models/ca_resnet.py", line 330, in forward
    return self._forward_impl(x, y)
  File "/home/djy/dl/models/ca_resnet.py", line 313, in _forward_impl
    x = self.conv1(x)
  File "/home/djy/anaconda3/envs/pytorch/lib/python3.7/site-packages/torchstat/model_hook.py", line 50, in wrap_call
    output = self._origin_call[module.__class__](module, *input, **kwargs)
  File "/home/djy/anaconda3/envs/pytorch/lib/python3.7/site-packages/torch/nn/modules/module.py", line 1102, in _call_impl
    return forward_call(*input, **kwargs)
  File "/home/djy/anaconda3/envs/pytorch/lib/python3.7/site-packages/torch/nn/modules/conv.py", line 446, in forward
    return self._conv_forward(input, self.weight, self.bias)
  File "/home/djy/anaconda3/envs/pytorch/lib/python3.7/site-packages/torch/nn/modules/conv.py", line 443, in _conv_forward
    self.padding, self.dilation, self.groups)
RuntimeError: Input type (torch.FloatTensor) and weight type (torch.cuda.FloatTensor) should be the same or input should be a MKLDNN tensor and weight is a dense tensor
