dataset_path: /home/djy/dataset/dataset2
pretrained : True 
parallel: False

net: ca_resnet.resnet18
msg: 
using model: ResNet, resnet18
using device cuda:0
batch_size = 20
epochs = 64
loss_function = CrossEntropyLoss()
optimizer = Adam (
Parameter Group 0
    amsgrad: False
    betas: (0.9, 0.999)
    eps: 1e-08
    lr: 0.001
    weight_decay: 0
)


========== Train Epoch 1 ==========
Loss: 1.663	Accuracy: 25.41%	Cost 28s
              precision    recall  f1-score   support

         bzx     0.2529    0.6875    0.3697        32
         cwx     0.2088    0.5938    0.3089        32
         hdx     0.0000    0.0000    0.0000        13
         mtx     0.0000    0.0000    0.0000        22
         nqx     0.0000    0.0000    0.0000        14
         qtx     0.8571    0.1875    0.3077        32
         zxx     0.0000    0.0000    0.0000        40

    accuracy                         0.2541       185
   macro avg     0.1884    0.2098    0.1409       185
weighted avg     0.2281    0.2541    0.1706       185

micro f-score: 0.25405405405405407

========== Train Epoch 2 ==========
Loss: 1.322	Accuracy: 24.86%	Cost 29s
              precision    recall  f1-score   support

         bzx     0.2105    0.1250    0.1569        32
         cwx     1.0000    0.0625    0.1176        32
         hdx     0.0769    0.3846    0.1282        13
         mtx     0.1458    0.3182    0.2000        22
         nqx     0.0000    0.0000    0.0000        14
         qtx     0.5106    0.7500    0.6076        32
         zxx     1.0000    0.1000    0.1818        40

    accuracy                         0.2486       185
   macro avg     0.4206    0.2486    0.1989       185
weighted avg     0.5367    0.2486    0.2247       185

micro f-score: 0.24864864864864866

========== Train Epoch 3 ==========
Loss: 1.112	Accuracy: 37.30%	Cost 29s
              precision    recall  f1-score   support

         bzx     0.4444    0.1250    0.1951        32
         cwx     0.2443    1.0000    0.3926        32
         hdx     0.0000    0.0000    0.0000        13
         mtx     0.6667    0.0909    0.1600        22
         nqx     0.0000    0.0000    0.0000        14
         qtx     0.7778    0.2188    0.3415        32
         zxx     0.7742    0.6000    0.6761        40

    accuracy                         0.3730       185
   macro avg     0.4153    0.2907    0.2522       185
weighted avg     0.5003    0.3730    0.3259       185

micro f-score: 0.37297297297297294

========== Train Epoch 4 ==========
Loss: 0.814	Accuracy: 45.95%	Cost 29s
              precision    recall  f1-score   support

         bzx     0.3651    0.7188    0.4842        32
         cwx     0.5312    0.5312    0.5312        32
         hdx     0.0000    0.0000    0.0000        13
         mtx     0.5000    0.0455    0.0833        22
         nqx     0.3333    0.2857    0.3077        14
         qtx     0.8000    0.2500    0.3810        32
         zxx     0.4848    0.8000    0.6038        40

    accuracy                         0.4595       185
   macro avg     0.4306    0.3759    0.3416       185
weighted avg     0.4829    0.4595    0.4053       185

micro f-score: 0.4594594594594595

========== Train Epoch 5 ==========
Loss: 0.722	Accuracy: 42.70%	Cost 31s
              precision    recall  f1-score   support

         bzx     0.5833    0.2188    0.3182        32
         cwx     0.4107    0.7188    0.5227        32
         hdx     0.3333    0.1538    0.2105        13
         mtx     0.2727    0.2727    0.2727        22
         nqx     0.0000    0.0000    0.0000        14
         qtx     1.0000    0.2188    0.3590        32
         zxx     0.4250    0.8500    0.5667        40

    accuracy                         0.4270       185
   macro avg     0.4322    0.3475    0.3214       185
weighted avg     0.4927    0.4270    0.3773       185

micro f-score: 0.427027027027027

========== Train Epoch 6 ==========
Loss: 0.646	Accuracy: 57.84%	Cost 30s
              precision    recall  f1-score   support

         bzx     0.4878    0.6250    0.5479        32
         cwx     0.4906    0.8125    0.6118        32
         hdx     0.0769    0.0769    0.0769        13
         mtx     1.0000    0.1818    0.3077        22
         nqx     0.2500    0.2143    0.2308        14
         qtx     0.7667    0.7188    0.7419        32
         zxx     0.9375    0.7500    0.8333        40

    accuracy                         0.5784       185
   macro avg     0.5728    0.4828    0.4786       185
weighted avg     0.6478    0.5784    0.5686       185

micro f-score: 0.5783783783783784

========== Train Epoch 7 ==========
Loss: 0.359	Accuracy: 50.81%	Cost 30s
              precision    recall  f1-score   support

         bzx     0.5405    0.6250    0.5797        32
         cwx     0.8333    0.3125    0.4545        32
         hdx     0.3750    0.4615    0.4138        13
         mtx     0.2597    0.9091    0.4040        22
         nqx     0.4000    0.1429    0.2105        14
         qtx     0.8667    0.4062    0.5532        32
         zxx     1.0000    0.5750    0.7302        40

    accuracy                         0.5081       185
   macro avg     0.6108    0.4903    0.4780       185
weighted avg     0.6913    0.5081    0.5255       185

micro f-score: 0.5081081081081081

========== Train Epoch 8 ==========
Loss: 0.242	Accuracy: 63.24%	Cost 28s
              precision    recall  f1-score   support

         bzx     0.6429    0.2812    0.3913        32
         cwx     0.4590    0.8750    0.6022        32
         hdx     0.5000    0.0769    0.1333        13
         mtx     0.6190    0.5909    0.6047        22
         nqx     0.7500    0.6429    0.6923        14
         qtx     0.6316    0.7500    0.6857        32
         zxx     0.8919    0.8250    0.8571        40

    accuracy                         0.6324       185
   macro avg     0.6421    0.5774    0.5667       185
weighted avg     0.6582    0.6324    0.6094       185

micro f-score: 0.6324324324324324

========== Train Epoch 9 ==========
Loss: 0.188	Accuracy: 65.41%	Cost 30s
              precision    recall  f1-score   support

         bzx     0.7273    0.5000    0.5926        32
         cwx     0.7931    0.7188    0.7541        32
         hdx     0.3333    0.0769    0.1250        13
         mtx     0.8000    0.3636    0.5000        22
         nqx     0.5455    0.4286    0.4800        14
         qtx     0.5472    0.9062    0.6824        32
         zxx     0.6667    0.9500    0.7835        40

    accuracy                         0.6541       185
   macro avg     0.6304    0.5634    0.5596       185
weighted avg     0.6616    0.6541    0.6249       185

micro f-score: 0.654054054054054

========== Train Epoch 10 ==========
Loss: 0.168	Accuracy: 61.62%	Cost 29s
              precision    recall  f1-score   support

         bzx     0.5714    0.3750    0.4528        32
         cwx     0.6579    0.7812    0.7143        32
         hdx     0.3846    0.3846    0.3846        13
         mtx     0.4545    0.6818    0.5455        22
         nqx     1.0000    0.4286    0.6000        14
         qtx     0.7586    0.6875    0.7213        32
         zxx     0.6444    0.7250    0.6824        40

    accuracy                         0.6162       185
   macro avg     0.6388    0.5805    0.5858       185
weighted avg     0.6400    0.6162    0.6115       185

micro f-score: 0.6162162162162163

========== Train Epoch 11 ==========
Loss: 0.127	Accuracy: 60.00%	Cost 30s
              precision    recall  f1-score   support

         bzx     0.7273    0.5000    0.5926        32
         cwx     0.6250    0.7812    0.6944        32
         hdx     0.4615    0.4615    0.4615        13
         mtx     0.4000    0.8182    0.5373        22
         nqx     1.0000    0.2143    0.3529        14
         qtx     0.6250    0.7812    0.6944        32
         zxx     0.8182    0.4500    0.5806        40

    accuracy                         0.6000       185
   macro avg     0.6653    0.5724    0.5591       185
weighted avg     0.6746    0.6000    0.5913       185

micro f-score: 0.6

========== Train Epoch 12 ==========
Loss: 0.121	Accuracy: 68.11%	Cost 30s
              precision    recall  f1-score   support

         bzx     0.5952    0.7812    0.6757        32
         cwx     0.7692    0.6250    0.6897        32
         hdx     0.6667    0.1538    0.2500        13
         mtx     0.7500    0.6818    0.7143        22
         nqx     0.8889    0.5714    0.6957        14
         qtx     0.5849    0.9688    0.7294        32
         zxx     0.7812    0.6250    0.6944        40

    accuracy                         0.6811       185
   macro avg     0.7195    0.6296    0.6356       185
weighted avg     0.7094    0.6811    0.6676       185

micro f-score: 0.6810810810810811

========== Train Epoch 13 ==========
Loss: 0.122	Accuracy: 60.00%	Cost 29s
              precision    recall  f1-score   support

         bzx     0.8333    0.4688    0.6000        32
         cwx     0.6667    0.4375    0.5283        32
         hdx     0.2115    0.8462    0.3385        13
         mtx     0.8750    0.3182    0.4667        22
         nqx     0.5625    0.6429    0.6000        14
         qtx     0.8571    0.5625    0.6792        32
         zxx     0.7551    0.9250    0.8315        40

    accuracy                         0.6000       185
   macro avg     0.6802    0.6001    0.5777       185
weighted avg     0.7325    0.6000    0.6171       185

micro f-score: 0.6

========== Train Epoch 14 ==========
Loss: 0.114	Accuracy: 62.16%	Cost 29s
              precision    recall  f1-score   support

         bzx     0.6875    0.6875    0.6875        32
         cwx     0.4912    0.8750    0.6292        32
         hdx     0.5714    0.3077    0.4000        13
         mtx     0.5000    0.0909    0.1538        22
         nqx     0.5556    0.3571    0.4348        14
         qtx     0.7600    0.5938    0.6667        32
         zxx     0.6863    0.8750    0.7692        40

    accuracy                         0.6216       185
   macro avg     0.6074    0.5410    0.5345       185
weighted avg     0.6254    0.6216    0.5887       185

micro f-score: 0.6216216216216216

========== Train Epoch 15 ==========
Loss: 0.206	Accuracy: 65.41%	Cost 29s
              precision    recall  f1-score   support

         bzx     0.6250    0.6250    0.6250        32
         cwx     0.5417    0.8125    0.6500        32
         hdx     0.4000    0.1538    0.2222        13
         mtx     0.6875    0.5000    0.5789        22
         nqx     0.5556    0.3571    0.4348        14
         qtx     0.6923    0.8438    0.7606        32
         zxx     0.8333    0.7500    0.7895        40

    accuracy                         0.6541       185
   macro avg     0.6193    0.5775    0.5801       185
weighted avg     0.6536    0.6541    0.6402       185

micro f-score: 0.654054054054054

========== Train Epoch 16 ==========
Loss: 0.212	Accuracy: 60.00%	Cost 28s
              precision    recall  f1-score   support

         bzx     0.5814    0.7812    0.6667        32
         cwx     0.8000    0.3750    0.5106        32
         hdx     0.2857    0.1538    0.2000        13
         mtx     0.5000    0.4091    0.4500        22
         nqx     0.5455    0.4286    0.4800        14
         qtx     0.6286    0.6875    0.6567        32
         zxx     0.6250    0.8750    0.7292        40

    accuracy                         0.6000       185
   macro avg     0.5666    0.5300    0.5276       185
weighted avg     0.6036    0.6000    0.5788       185

micro f-score: 0.6

========== Train Epoch 17 ==========
Loss: 0.199	Accuracy: 61.08%	Cost 29s
              precision    recall  f1-score   support

         bzx     0.5135    0.5938    0.5507        32
         cwx     0.5000    0.7812    0.6098        32
         hdx     0.3529    0.4615    0.4000        13
         mtx     0.7857    0.5000    0.6111        22
         nqx     0.5714    0.2857    0.3810        14
         qtx     0.8125    0.8125    0.8125        32
         zxx     0.7857    0.5500    0.6471        40

    accuracy                         0.6108       185
   macro avg     0.6174    0.5693    0.5732       185
weighted avg     0.6472    0.6108    0.6108       185

micro f-score: 0.6108108108108108

========== Train Epoch 18 ==========
Loss: 0.100	Accuracy: 64.32%	Cost 30s
              precision    recall  f1-score   support

         bzx     0.6667    0.6250    0.6452        32
         cwx     0.7419    0.7188    0.7302        32
         hdx     0.2857    0.4615    0.3529        13
         mtx     0.4545    0.4545    0.4545        22
         nqx     0.4375    0.5000    0.4667        14
         qtx     0.8400    0.6562    0.7368        32
         zxx     0.8000    0.8000    0.8000        40

    accuracy                         0.6432       185
   macro avg     0.6038    0.6023    0.5980       185
weighted avg     0.6692    0.6432    0.6525       185

micro f-score: 0.6432432432432432

========== Train Epoch 19 ==========
Loss: 0.074	Accuracy: 70.27%	Cost 30s
              precision    recall  f1-score   support

         bzx     0.7500    0.5625    0.6429        32
         cwx     0.8462    0.6875    0.7586        32
         hdx     0.3500    0.5385    0.4242        13
         mtx     0.8125    0.5909    0.6842        22
         nqx     0.6364    0.5000    0.5600        14
         qtx     0.7000    0.8750    0.7778        32
         zxx     0.7292    0.8750    0.7955        40

    accuracy                         0.7027       185
   macro avg     0.6892    0.6613    0.6633       185
weighted avg     0.7242    0.7027    0.7025       185

micro f-score: 0.7027027027027027

========== Train Epoch 20 ==========
Loss: 0.035	Accuracy: 74.05%	Cost 29s
              precision    recall  f1-score   support

         bzx     0.8065    0.7812    0.7937        32
         cwx     0.7667    0.7188    0.7419        32
         hdx     0.6000    0.4615    0.5217        13
         mtx     0.7222    0.5909    0.6500        22
         nqx     0.6923    0.6429    0.6667        14
         qtx     0.6341    0.8125    0.7123        32
         zxx     0.8333    0.8750    0.8537        40

    accuracy                         0.7405       185
   macro avg     0.7222    0.6975    0.7057       185
weighted avg     0.7424    0.7405    0.7378       185

micro f-score: 0.7405405405405405

========== Train Epoch 21 ==========
Loss: 0.038	Accuracy: 75.68%	Cost 30s
              precision    recall  f1-score   support

         bzx     0.8800    0.6875    0.7719        32
         cwx     0.8276    0.7500    0.7869        32
         hdx     0.4375    0.5385    0.4828        13
         mtx     0.7391    0.7727    0.7556        22
         nqx     1.0000    0.5000    0.6667        14
         qtx     0.7429    0.8125    0.7761        32
         zxx     0.7400    0.9250    0.8222        40

    accuracy                         0.7568       185
   macro avg     0.7667    0.7123    0.7232       185
weighted avg     0.7782    0.7568    0.7559       185

micro f-score: 0.7567567567567567

========== Train Epoch 22 ==========
Loss: 0.026	Accuracy: 77.30%	Cost 29s
              precision    recall  f1-score   support

         bzx     0.7812    0.7812    0.7812        32
         cwx     0.8929    0.7812    0.8333        32
         hdx     0.5385    0.5385    0.5385        13
         mtx     0.8750    0.6364    0.7368        22
         nqx     0.6000    0.6429    0.6207        14
         qtx     0.7000    0.8750    0.7778        32
         zxx     0.8537    0.8750    0.8642        40

    accuracy                         0.7730       185
   macro avg     0.7487    0.7329    0.7361       185
weighted avg     0.7825    0.7730    0.7731       185

micro f-score: 0.772972972972973

========== Train Epoch 23 ==========
Loss: 0.024	Accuracy: 69.73%	Cost 29s
              precision    recall  f1-score   support

         bzx     0.8235    0.4375    0.5714        32
         cwx     0.7714    0.8438    0.8060        32
         hdx     0.3077    0.3077    0.3077        13
         mtx     1.0000    0.5455    0.7059        22
         nqx     0.5882    0.7143    0.6452        14
         qtx     0.6047    0.8125    0.6933        32
         zxx     0.7500    0.9000    0.8182        40

    accuracy                         0.6973       185
   macro avg     0.6922    0.6516    0.6497       185
weighted avg     0.7277    0.6973    0.6895       185

micro f-score: 0.6972972972972973

========== Train Epoch 24 ==========
Loss: 0.017	Accuracy: 77.30%	Cost 30s
              precision    recall  f1-score   support

         bzx     0.8276    0.7500    0.7869        32
         cwx     0.8667    0.8125    0.8387        32
         hdx     0.4000    0.4615    0.4286        13
         mtx     0.7895    0.6818    0.7317        22
         nqx     0.8182    0.6429    0.7200        14
         qtx     0.7500    0.8438    0.7941        32
         zxx     0.8000    0.9000    0.8471        40

    accuracy                         0.7730       185
   macro avg     0.7503    0.7275    0.7353       185
weighted avg     0.7797    0.7730    0.7733       185

micro f-score: 0.772972972972973

========== Train Epoch 25 ==========
Loss: 0.015	Accuracy: 77.84%	Cost 28s
              precision    recall  f1-score   support

         bzx     0.8000    0.7500    0.7742        32
         cwx     0.8966    0.8125    0.8525        32
         hdx     0.4000    0.4615    0.4286        13
         mtx     0.7895    0.6818    0.7317        22
         nqx     0.8182    0.6429    0.7200        14
         qtx     0.7838    0.9062    0.8406        32
         zxx     0.7955    0.8750    0.8333        40

    accuracy                         0.7784       185
   macro avg     0.7548    0.7329    0.7401       185
weighted avg     0.7849    0.7784    0.7786       185

micro f-score: 0.7783783783783784

========== Train Epoch 26 ==========
Loss: 0.013	Accuracy: 75.68%	Cost 29s
              precision    recall  f1-score   support

         bzx     0.8800    0.6875    0.7719        32
         cwx     0.8519    0.7188    0.7797        32
         hdx     0.6364    0.5385    0.5833        13
         mtx     0.7895    0.6818    0.7317        22
         nqx     0.6154    0.5714    0.5926        14
         qtx     0.7568    0.8750    0.8116        32
         zxx     0.6981    0.9250    0.7957        40

    accuracy                         0.7568       185
   macro avg     0.7468    0.7140    0.7238       185
weighted avg     0.7666    0.7568    0.7537       185

micro f-score: 0.7567567567567567

========== Train Epoch 27 ==========
Loss: 0.014	Accuracy: 78.38%	Cost 29s
              precision    recall  f1-score   support

         bzx     0.8333    0.7812    0.8065        32
         cwx     0.8065    0.7812    0.7937        32
         hdx     0.6667    0.4615    0.5455        13
         mtx     0.8235    0.6364    0.7179        22
         nqx     0.7692    0.7143    0.7407        14
         qtx     0.7632    0.9062    0.8286        32
         zxx     0.7660    0.9000    0.8276        40

    accuracy                         0.7838       185
   macro avg     0.7755    0.7401    0.7515       185
weighted avg     0.7842    0.7838    0.7788       185

micro f-score: 0.7837837837837838

========== Train Epoch 28 ==========
Loss: 0.015	Accuracy: 78.92%	Cost 28s
              precision    recall  f1-score   support

         bzx     0.8387    0.8125    0.8254        32
         cwx     0.8333    0.7812    0.8065        32
         hdx     0.6000    0.4615    0.5217        13
         mtx     0.8235    0.6364    0.7179        22
         nqx     0.7500    0.6429    0.6923        14
         qtx     0.7500    0.9375    0.8333        32
         zxx     0.8000    0.9000    0.8471        40

    accuracy                         0.7892       185
   macro avg     0.7708    0.7389    0.7492       185
weighted avg     0.7888    0.7892    0.7840       185

micro f-score: 0.7891891891891892

========== Train Epoch 29 ==========
Loss: 0.015	Accuracy: 78.92%	Cost 29s
              precision    recall  f1-score   support

         bzx     0.7714    0.8438    0.8060        32
         cwx     0.8333    0.7812    0.8065        32
         hdx     0.5000    0.5385    0.5185        13
         mtx     0.8750    0.6364    0.7368        22
         nqx     0.9000    0.6429    0.7500        14
         qtx     0.7778    0.8750    0.8235        32
         zxx     0.8182    0.9000    0.8571        40

    accuracy                         0.7892       185
   macro avg     0.7822    0.7454    0.7569       185
weighted avg     0.7963    0.7892    0.7875       185

micro f-score: 0.7891891891891892

========== Train Epoch 30 ==========
Loss: 0.015	Accuracy: 75.14%	Cost 29s
              precision    recall  f1-score   support

         bzx     0.9524    0.6250    0.7547        32
         cwx     0.7273    0.7500    0.7385        32
         hdx     0.3889    0.5385    0.4516        13
         mtx     0.6800    0.7727    0.7234        22
         nqx     1.0000    0.5714    0.7273        14
         qtx     0.7568    0.8750    0.8116        32
         zxx     0.8140    0.8750    0.8434        40

    accuracy                         0.7514       185
   macro avg     0.7599    0.7154    0.7215       185
weighted avg     0.7813    0.7514    0.7538       185

micro f-score: 0.7513513513513513

========== Train Epoch 31 ==========
Loss: 0.012	Accuracy: 79.46%	Cost 32s
              precision    recall  f1-score   support

         bzx     0.8966    0.8125    0.8525        32
         cwx     0.8519    0.7188    0.7797        32
         hdx     0.5385    0.5385    0.5385        13
         mtx     0.6667    0.7273    0.6957        22
         nqx     0.8889    0.5714    0.6957        14
         qtx     0.8235    0.8750    0.8485        32
         zxx     0.7959    0.9750    0.8764        40

    accuracy                         0.7946       185
   macro avg     0.7803    0.7455    0.7553       185
weighted avg     0.8013    0.7946    0.7918       185

micro f-score: 0.7945945945945945

========== Train Epoch 32 ==========
Loss: 0.013	Accuracy: 78.92%	Cost 29s
              precision    recall  f1-score   support

         bzx     0.8846    0.7188    0.7931        32
         cwx     0.8065    0.7812    0.7937        32
         hdx     0.5000    0.4615    0.4800        13
         mtx     0.8000    0.7273    0.7619        22
         nqx     0.8182    0.6429    0.7200        14
         qtx     0.7632    0.9062    0.8286        32
         zxx     0.8085    0.9500    0.8736        40

    accuracy                         0.7892       185
   macro avg     0.7687    0.7411    0.7501       185
weighted avg     0.7915    0.7892    0.7855       185

micro f-score: 0.7891891891891892

========== Train Epoch 33 ==========
Loss: 0.011	Accuracy: 77.84%	Cost 31s
              precision    recall  f1-score   support

         bzx     0.8000    0.7500    0.7742        32
         cwx     0.7714    0.8438    0.8060        32
         hdx     0.4444    0.6154    0.5161        13
         mtx     0.9333    0.6364    0.7568        22
         nqx     0.7692    0.7143    0.7407        14
         qtx     0.8125    0.8125    0.8125        32
         zxx     0.8333    0.8750    0.8537        40

    accuracy                         0.7784       185
   macro avg     0.7663    0.7496    0.7514       185
weighted avg     0.7930    0.7784    0.7808       185

micro f-score: 0.7783783783783784

========== Train Epoch 34 ==========
Loss: 0.011	Accuracy: 78.92%	Cost 29s
              precision    recall  f1-score   support

         bzx     0.8571    0.7500    0.8000        32
         cwx     0.8333    0.7812    0.8065        32
         hdx     0.4706    0.6154    0.5333        13
         mtx     0.8333    0.6818    0.7500        22
         nqx     0.8182    0.6429    0.7200        14
         qtx     0.8000    0.8750    0.8358        32
         zxx     0.8043    0.9250    0.8605        40

    accuracy                         0.7892       185
   macro avg     0.7738    0.7530    0.7580       185
weighted avg     0.7988    0.7892    0.7896       185

micro f-score: 0.7891891891891892

========== Train Epoch 35 ==========
Loss: 0.011	Accuracy: 76.22%	Cost 29s
              precision    recall  f1-score   support

         bzx     0.8148    0.6875    0.7458        32
         cwx     0.8333    0.7812    0.8065        32
         hdx     0.4375    0.5385    0.4828        13
         mtx     0.9286    0.5909    0.7222        22
         nqx     0.6923    0.6429    0.6667        14
         qtx     0.7568    0.8750    0.8116        32
         zxx     0.7708    0.9250    0.8409        40

    accuracy                         0.7622       185
   macro avg     0.7477    0.7201    0.7252       185
weighted avg     0.7762    0.7622    0.7610       185

micro f-score: 0.7621621621621621

========== Train Epoch 36 ==========
Loss: 0.009	Accuracy: 78.38%	Cost 29s
              precision    recall  f1-score   support

         bzx     0.8214    0.7188    0.7667        32
         cwx     0.7500    0.8438    0.7941        32
         hdx     0.4667    0.5385    0.5000        13
         mtx     0.9375    0.6818    0.7895        22
         nqx     0.8182    0.6429    0.7200        14
         qtx     0.8438    0.8438    0.8438        32
         zxx     0.7872    0.9250    0.8506        40

    accuracy                         0.7838       185
   macro avg     0.7750    0.7421    0.7521       185
weighted avg     0.7942    0.7838    0.7833       185

micro f-score: 0.7837837837837838

========== Train Epoch 37 ==========
Loss: 0.011	Accuracy: 78.92%	Cost 29s
              precision    recall  f1-score   support

         bzx     0.8333    0.7812    0.8065        32
         cwx     0.7879    0.8125    0.8000        32
         hdx     0.4375    0.5385    0.4828        13
         mtx     1.0000    0.6818    0.8108        22
         nqx     0.7500    0.6429    0.6923        14
         qtx     0.8438    0.8438    0.8438        32
         zxx     0.7872    0.9250    0.8506        40

    accuracy                         0.7892       185
   macro avg     0.7771    0.7465    0.7552       185
weighted avg     0.8030    0.7892    0.7905       185

micro f-score: 0.7891891891891892

========== Train Epoch 38 ==========
Loss: 0.010	Accuracy: 78.38%	Cost 29s
              precision    recall  f1-score   support

         bzx     0.7879    0.8125    0.8000        32
         cwx     0.8333    0.7812    0.8065        32
         hdx     0.5455    0.4615    0.5000        13
         mtx     0.7619    0.7273    0.7442        22
         nqx     0.7273    0.5714    0.6400        14
         qtx     0.8056    0.9062    0.8529        32
         zxx     0.8140    0.8750    0.8434        40

    accuracy                         0.7838       185
   macro avg     0.7536    0.7336    0.7410       185
weighted avg     0.7797    0.7838    0.7798       185

micro f-score: 0.7837837837837838

========== Train Epoch 39 ==========
Loss: 0.010	Accuracy: 79.46%	Cost 30s
              precision    recall  f1-score   support

         bzx     0.8387    0.8125    0.8254        32
         cwx     0.8333    0.7812    0.8065        32
         hdx     0.5000    0.5385    0.5185        13
         mtx     0.8000    0.7273    0.7619        22
         nqx     0.8000    0.5714    0.6667        14
         qtx     0.8235    0.8750    0.8485        32
         zxx     0.8043    0.9250    0.8605        40

    accuracy                         0.7946       185
   macro avg     0.7714    0.7473    0.7554       185
weighted avg     0.7964    0.7946    0.7926       185

micro f-score: 0.7945945945945945

========== Train Epoch 40 ==========
Loss: 0.010	Accuracy: 78.92%	Cost 29s
              precision    recall  f1-score   support

         bzx     0.8333    0.7812    0.8065        32
         cwx     0.7647    0.8125    0.7879        32
         hdx     0.4375    0.5385    0.4828        13
         mtx     0.9412    0.7273    0.8205        22
         nqx     0.8889    0.5714    0.6957        14
         qtx     0.8182    0.8438    0.8308        32
         zxx     0.8043    0.9250    0.8605        40

    accuracy                         0.7892       185
   macro avg     0.7840    0.7428    0.7549       185
weighted avg     0.8018    0.7892    0.7897       185

micro f-score: 0.7891891891891892

========== Train Epoch 41 ==========
Loss: 0.009	Accuracy: 79.46%	Cost 30s
              precision    recall  f1-score   support

         bzx     0.8125    0.8125    0.8125        32
         cwx     0.8065    0.7812    0.7937        32
         hdx     0.5385    0.5385    0.5385        13
         mtx     0.8421    0.7273    0.7805        22
         nqx     0.8889    0.5714    0.6957        14
         qtx     0.8056    0.9062    0.8529        32
         zxx     0.8000    0.9000    0.8471        40

    accuracy                         0.7946       185
   macro avg     0.7849    0.7482    0.7601       185
weighted avg     0.7976    0.7946    0.7918       185

micro f-score: 0.7945945945945945

========== Train Epoch 42 ==========
Loss: 0.010	Accuracy: 79.46%	Cost 30s
              precision    recall  f1-score   support

         bzx     0.8065    0.7812    0.7937        32
         cwx     0.7879    0.8125    0.8000        32
         hdx     0.5385    0.5385    0.5385        13
         mtx     0.9412    0.7273    0.8205        22
         nqx     0.8889    0.5714    0.6957        14
         qtx     0.7838    0.9062    0.8406        32
         zxx     0.8000    0.9000    0.8471        40

    accuracy                         0.7946       185
   macro avg     0.7924    0.7482    0.7623       185
weighted avg     0.8014    0.7946    0.7923       185

micro f-score: 0.7945945945945945

========== Train Epoch 43 ==========
Loss: 0.010	Accuracy: 77.30%	Cost 29s
              precision    recall  f1-score   support

         bzx     0.7812    0.7812    0.7812        32
         cwx     0.7812    0.7812    0.7812        32
         hdx     0.4211    0.6154    0.5000        13
         mtx     0.8421    0.7273    0.7805        22
         nqx     0.8889    0.5714    0.6957        14
         qtx     0.8387    0.8125    0.8254        32
         zxx     0.8140    0.8750    0.8434        40

    accuracy                         0.7730       185
   macro avg     0.7667    0.7377    0.7439       185
weighted avg     0.7883    0.7730    0.7760       185

micro f-score: 0.772972972972973

========== Train Epoch 44 ==========
Loss: 0.010	Accuracy: 78.38%	Cost 29s
              precision    recall  f1-score   support

         bzx     0.8276    0.7500    0.7869        32
         cwx     0.8065    0.7812    0.7937        32
         hdx     0.5833    0.5385    0.5600        13
         mtx     0.8333    0.6818    0.7500        22
         nqx     0.8000    0.5714    0.6667        14
         qtx     0.7838    0.9062    0.8406        32
         zxx     0.7708    0.9250    0.8409        40

    accuracy                         0.7838       185
   macro avg     0.7722    0.7363    0.7484       185
weighted avg     0.7855    0.7838    0.7796       185

micro f-score: 0.7837837837837838

========== Train Epoch 45 ==========
Loss: 0.010	Accuracy: 75.68%	Cost 30s
              precision    recall  f1-score   support

         bzx     0.8519    0.7188    0.7797        32
         cwx     0.7812    0.7812    0.7812        32
         hdx     0.5000    0.4615    0.4800        13
         mtx     0.6667    0.6364    0.6512        22
         nqx     0.6429    0.6429    0.6429        14
         qtx     0.7879    0.8125    0.8000        32
         zxx     0.8043    0.9250    0.8605        40

    accuracy                         0.7568       185
   macro avg     0.7193    0.7112    0.7136       185
weighted avg     0.7557    0.7568    0.7542       185

micro f-score: 0.7567567567567567

========== Train Epoch 46 ==========
Loss: 0.009	Accuracy: 76.22%	Cost 29s
              precision    recall  f1-score   support

         bzx     0.8400    0.6562    0.7368        32
         cwx     0.8333    0.7812    0.8065        32
         hdx     0.4615    0.4615    0.4615        13
         mtx     0.8333    0.6818    0.7500        22
         nqx     0.8000    0.5714    0.6667        14
         qtx     0.7250    0.9062    0.8056        32
         zxx     0.7551    0.9250    0.8315        40

    accuracy                         0.7622       185
   macro avg     0.7498    0.7119    0.7226       185
weighted avg     0.7702    0.7622    0.7581       185

micro f-score: 0.7621621621621621

========== Train Epoch 47 ==========
Loss: 0.009	Accuracy: 77.84%	Cost 30s
              precision    recall  f1-score   support

         bzx     0.8276    0.7500    0.7869        32
         cwx     0.7812    0.7812    0.7812        32
         hdx     0.5000    0.4615    0.4800        13
         mtx     0.8333    0.6818    0.7500        22
         nqx     0.8000    0.5714    0.6667        14
         qtx     0.7838    0.9062    0.8406        32
         zxx     0.7872    0.9250    0.8506        40

    accuracy                         0.7784       185
   macro avg     0.7590    0.7253    0.7366       185
weighted avg     0.7788    0.7784    0.7739       185

micro f-score: 0.7783783783783784

========== Train Epoch 48 ==========
Loss: 0.010	Accuracy: 78.92%	Cost 31s
              precision    recall  f1-score   support

         bzx     0.8333    0.7812    0.8065        32
         cwx     0.8333    0.7812    0.8065        32
         hdx     0.6000    0.4615    0.5217        13
         mtx     0.7895    0.6818    0.7317        22
         nqx     0.8000    0.5714    0.6667        14
         qtx     0.7500    0.9375    0.8333        32
         zxx     0.8043    0.9250    0.8605        40

    accuracy                         0.7892       185
   macro avg     0.7729    0.7343    0.7467       185
weighted avg     0.7885    0.7892    0.7833       185

micro f-score: 0.7891891891891892

========== Train Epoch 49 ==========
Loss: 0.009	Accuracy: 76.76%	Cost 29s
              precision    recall  f1-score   support

         bzx     0.8000    0.7500    0.7742        32
         cwx     0.8333    0.7812    0.8065        32
         hdx     0.4286    0.4615    0.4444        13
         mtx     0.7895    0.6818    0.7317        22
         nqx     0.8000    0.5714    0.6667        14
         qtx     0.7879    0.8125    0.8000        32
         zxx     0.7755    0.9500    0.8539        40

    accuracy                         0.7676       185
   macro avg     0.7450    0.7155    0.7253       185
weighted avg     0.7710    0.7676    0.7651       185

micro f-score: 0.7675675675675676

========== Train Epoch 50 ==========
Loss: 0.009	Accuracy: 76.22%	Cost 30s
              precision    recall  f1-score   support

         bzx     0.8000    0.7500    0.7742        32
         cwx     0.8333    0.7812    0.8065        32
         hdx     0.4375    0.5385    0.4828        13
         mtx     0.7500    0.6818    0.7143        22
         nqx     0.7273    0.5714    0.6400        14
         qtx     0.8125    0.8125    0.8125        32
         zxx     0.7826    0.9000    0.8372        40

    accuracy                         0.7622       185
   macro avg     0.7347    0.7194    0.7239       185
weighted avg     0.7672    0.7622    0.7623       185

micro f-score: 0.7621621621621621

========== Train Epoch 51 ==========
Loss: 0.009	Accuracy: 78.38%	Cost 29s
              precision    recall  f1-score   support

         bzx     0.8333    0.7812    0.8065        32
         cwx     0.8065    0.7812    0.7937        32
         hdx     0.5000    0.4615    0.4800        13
         mtx     0.7895    0.6818    0.7317        22
         nqx     0.8000    0.5714    0.6667        14
         qtx     0.8056    0.9062    0.8529        32
         zxx     0.7872    0.9250    0.8506        40

    accuracy                         0.7838       185
   macro avg     0.7603    0.7298    0.7403       185
weighted avg     0.7827    0.7838    0.7794       185

micro f-score: 0.7837837837837838

========== Train Epoch 52 ==========
Loss: 0.009	Accuracy: 76.22%	Cost 30s
              precision    recall  f1-score   support

         bzx     0.8125    0.8125    0.8125        32
         cwx     0.7812    0.7812    0.7812        32
         hdx     0.4000    0.4615    0.4286        13
         mtx     0.7895    0.6818    0.7317        22
         nqx     0.7273    0.5714    0.6400        14
         qtx     0.8000    0.7500    0.7742        32
         zxx     0.8043    0.9250    0.8605        40

    accuracy                         0.7622       185
   macro avg     0.7307    0.7119    0.7184       185
weighted avg     0.7650    0.7622    0.7612       185

micro f-score: 0.7621621621621621

========== Train Epoch 53 ==========
Loss: 0.017	Accuracy: 75.14%	Cost 28s
              precision    recall  f1-score   support

         bzx     0.7586    0.6875    0.7213        32
         cwx     0.8276    0.7500    0.7869        32
         hdx     0.6667    0.4615    0.5455        13
         mtx     0.7368    0.6364    0.6829        22
         nqx     0.6000    0.6429    0.6207        14
         qtx     0.8000    0.8750    0.8358        32
         zxx     0.7347    0.9000    0.8090        40

    accuracy                         0.7514       185
   macro avg     0.7321    0.7076    0.7146       185
weighted avg     0.7515    0.7514    0.7469       185

micro f-score: 0.7513513513513513

========== Train Epoch 54 ==========
Loss: 0.685	Accuracy: 25.41%	Cost 28s
              precision    recall  f1-score   support

         bzx     0.2240    0.8750    0.3567        32
         cwx     0.0000    0.0000    0.0000        32
         hdx     0.0000    0.0000    0.0000        13
         mtx     0.1471    0.2273    0.1786        22
         nqx     0.0000    0.0000    0.0000        14
         qtx     0.7000    0.2188    0.3333        32
         zxx     0.4375    0.1750    0.2500        40

    accuracy                         0.2541       185
   macro avg     0.2155    0.2137    0.1598       185
weighted avg     0.2719    0.2541    0.1946       185

micro f-score: 0.25405405405405407

========== Train Epoch 55 ==========
Loss: 1.216	Accuracy: 36.22%	Cost 29s
              precision    recall  f1-score   support

         bzx     0.5000    0.1250    0.2000        32
         cwx     0.6154    0.2500    0.3556        32
         hdx     0.0909    0.3077    0.1404        13
         mtx     0.6667    0.0909    0.1600        22
         nqx     0.0000    0.0000    0.0000        14
         qtx     0.5000    0.5312    0.5152        32
         zxx     0.3855    0.8000    0.5203        40

    accuracy                         0.3622       185
   macro avg     0.3941    0.3007    0.2702       185
weighted avg     0.4484    0.3622    0.3266       185

micro f-score: 0.3621621621621622

========== Train Epoch 56 ==========
Loss: 0.411	Accuracy: 52.97%	Cost 31s
              precision    recall  f1-score   support

         bzx     0.5000    0.5000    0.5000        32
         cwx     0.8148    0.6875    0.7458        32
         hdx     0.2778    0.7692    0.4082        13
         mtx     0.3889    0.3182    0.3500        22
         nqx     0.7500    0.2143    0.3333        14
         qtx     0.5000    0.8125    0.6190        32
         zxx     0.8750    0.3500    0.5000        40

    accuracy                         0.5297       185
   macro avg     0.5866    0.5217    0.4938       185
weighted avg     0.6256    0.5297    0.5262       185

micro f-score: 0.5297297297297298

========== Train Epoch 57 ==========
Loss: 0.207	Accuracy: 63.78%	Cost 28s
              precision    recall  f1-score   support

         bzx     0.5789    0.6875    0.6286        32
         cwx     0.5476    0.7188    0.6216        32
         hdx     0.3529    0.4615    0.4000        13
         mtx     0.6923    0.4091    0.5143        22
         nqx     0.7143    0.7143    0.7143        14
         qtx     0.8077    0.6562    0.7241        32
         zxx     0.7714    0.6750    0.7200        40

    accuracy                         0.6378       185
   macro avg     0.6379    0.6175    0.6176       185
weighted avg     0.6626    0.6378    0.6405       185

micro f-score: 0.6378378378378379

========== Train Epoch 58 ==========
Loss: 0.099	Accuracy: 66.49%	Cost 30s
              precision    recall  f1-score   support

         bzx     0.7037    0.5938    0.6441        32
         cwx     0.7667    0.7188    0.7419        32
         hdx     0.3478    0.6154    0.4444        13
         mtx     0.5714    0.3636    0.4444        22
         nqx     0.5385    0.5000    0.5185        14
         qtx     0.8462    0.6875    0.7586        32
         zxx     0.6923    0.9000    0.7826        40

    accuracy                         0.6649       185
   macro avg     0.6381    0.6256    0.6192       185
weighted avg     0.6835    0.6649    0.6635       185

micro f-score: 0.6648648648648648

========== Train Epoch 59 ==========
Loss: 0.046	Accuracy: 66.49%	Cost 28s
              precision    recall  f1-score   support

         bzx     0.6111    0.6875    0.6471        32
         cwx     0.6857    0.7500    0.7164        32
         hdx     0.2727    0.2308    0.2500        13
         mtx     0.6364    0.3182    0.4242        22
         nqx     0.4667    0.5000    0.4828        14
         qtx     0.6923    0.8438    0.7606        32
         zxx     0.8684    0.8250    0.8462        40

    accuracy                         0.6649       185
   macro avg     0.6048    0.5936    0.5896       185
weighted avg     0.6620    0.6649    0.6549       185

micro f-score: 0.6648648648648648

========== Train Epoch 60 ==========
Loss: 0.033	Accuracy: 72.43%	Cost 28s
              precision    recall  f1-score   support

         bzx     0.8696    0.6250    0.7273        32
         cwx     0.7500    0.7500    0.7500        32
         hdx     0.4167    0.3846    0.4000        13
         mtx     0.6190    0.5909    0.6047        22
         nqx     1.0000    0.3571    0.5263        14
         qtx     0.6829    0.8750    0.7671        32
         zxx     0.7647    0.9750    0.8571        40

    accuracy                         0.7243       185
   macro avg     0.7290    0.6511    0.6618       185
weighted avg     0.7422    0.7243    0.7134       185

micro f-score: 0.7243243243243244

========== Train Epoch 61 ==========
Loss: 0.024	Accuracy: 70.81%	Cost 30s
              precision    recall  f1-score   support

         bzx     0.7027    0.8125    0.7536        32
         cwx     0.7931    0.7188    0.7541        32
         hdx     0.3125    0.3846    0.3448        13
         mtx     0.5484    0.7727    0.6415        22
         nqx     0.8333    0.3571    0.5000        14
         qtx     0.7419    0.7188    0.7302        32
         zxx     0.9143    0.8000    0.8533        40

    accuracy                         0.7081       185
   macro avg     0.6923    0.6521    0.6539       185
weighted avg     0.7350    0.7081    0.7100       185

micro f-score: 0.7081081081081082

========== Train Epoch 62 ==========
Epoch    62: reducing learning rate of group 0 to 1.0000e-04.
Loss: 0.020	Accuracy: 74.05%	Cost 29s
              precision    recall  f1-score   support

         bzx     0.8214    0.7188    0.7667        32
         cwx     0.7667    0.7188    0.7419        32
         hdx     0.4167    0.3846    0.4000        13
         mtx     0.7647    0.5909    0.6667        22
         nqx     0.7778    0.5000    0.6087        14
         qtx     0.7714    0.8438    0.8060        32
         zxx     0.7222    0.9750    0.8298        40

    accuracy                         0.7405       185
   macro avg     0.7201    0.6760    0.6885       185
weighted avg     0.7434    0.7405    0.7332       185

micro f-score: 0.7405405405405405

========== Train Epoch 63 ==========
Loss: 0.015	Accuracy: 74.59%	Cost 30s
              precision    recall  f1-score   support

         bzx     0.7273    0.7500    0.7385        32
         cwx     0.7576    0.7812    0.7692        32
         hdx     0.3846    0.3846    0.3846        13
         mtx     0.7778    0.6364    0.7000        22
         nqx     0.7778    0.5000    0.6087        14
         qtx     0.7941    0.8438    0.8182        32
         zxx     0.8000    0.9000    0.8471        40

    accuracy                         0.7459       185
   macro avg     0.7170    0.6851    0.6952       185
weighted avg     0.7456    0.7459    0.7418       185

micro f-score: 0.7459459459459459

========== Train Epoch 64 ==========
Loss: 0.016	Accuracy: 75.14%	Cost 31s
              precision    recall  f1-score   support

         bzx     0.8148    0.6875    0.7458        32
         cwx     0.7429    0.8125    0.7761        32
         hdx     0.4000    0.4615    0.4286        13
         mtx     0.7895    0.6818    0.7317        22
         nqx     0.8750    0.5000    0.6364        14
         qtx     0.8387    0.8125    0.8254        32
         zxx     0.7400    0.9250    0.8222        40

    accuracy                         0.7514       185
   macro avg     0.7430    0.6973    0.7094       185
weighted avg     0.7627    0.7514    0.7491       185

micro f-score: 0.7513513513513513

Finished training!!!

Min Loss = 0.009 in epoch 45;
Max Accuracy = 79.46% in epoch 30;
Total Cost 32 minutes

===============================================================================================
Layer (type:depth-idx)                        Output Shape              Param #
===============================================================================================
├─Conv2d: 1-1                                 [-1, 64, 160, 160]        9,408
├─BatchNorm2d: 1-2                            [-1, 64, 160, 160]        128
├─ReLU: 1-3                                   [-1, 64, 160, 160]        --
├─MaxPool2d: 1-4                              [-1, 64, 80, 80]          --
├─Sequential: 1-5                             [-1, 64, 80, 80]          --
|    └─BasicBlock: 2-1                        [-1, 64, 80, 80]          --
|    |    └─Conv2d: 3-1                       [-1, 64, 80, 80]          36,864
|    |    └─BatchNorm2d: 3-2                  [-1, 64, 80, 80]          128
|    |    └─ReLU: 3-3                         [-1, 64, 80, 80]          --
|    |    └─Conv2d: 3-4                       [-1, 64, 80, 80]          36,864
|    |    └─BatchNorm2d: 3-5                  [-1, 64, 80, 80]          128
|    |    └─CoordAtt: 3-6                     [-1, 64, 80, 80]          1,688
|    |    └─ReLU: 3-7                         [-1, 64, 80, 80]          --
|    └─BasicBlock: 2-2                        [-1, 64, 80, 80]          --
|    |    └─Conv2d: 3-8                       [-1, 64, 80, 80]          36,864
|    |    └─BatchNorm2d: 3-9                  [-1, 64, 80, 80]          128
|    |    └─ReLU: 3-10                        [-1, 64, 80, 80]          --
|    |    └─Conv2d: 3-11                      [-1, 64, 80, 80]          36,864
|    |    └─BatchNorm2d: 3-12                 [-1, 64, 80, 80]          128
|    |    └─CoordAtt: 3-13                    [-1, 64, 80, 80]          1,688
|    |    └─ReLU: 3-14                        [-1, 64, 80, 80]          --
├─Sequential: 1-6                             [-1, 128, 40, 40]         --
|    └─BasicBlock: 2-3                        [-1, 128, 40, 40]         --
|    |    └─Conv2d: 3-15                      [-1, 128, 40, 40]         73,728
|    |    └─BatchNorm2d: 3-16                 [-1, 128, 40, 40]         256
|    |    └─ReLU: 3-17                        [-1, 128, 40, 40]         --
|    |    └─Conv2d: 3-18                      [-1, 128, 40, 40]         147,456
|    |    └─BatchNorm2d: 3-19                 [-1, 128, 40, 40]         256
|    |    └─CoordAtt: 3-20                    [-1, 128, 40, 40]         3,352
|    |    └─Sequential: 3-21                  [-1, 128, 40, 40]         8,448
|    |    └─ReLU: 3-22                        [-1, 128, 40, 40]         --
|    └─BasicBlock: 2-4                        [-1, 128, 40, 40]         --
|    |    └─Conv2d: 3-23                      [-1, 128, 40, 40]         147,456
|    |    └─BatchNorm2d: 3-24                 [-1, 128, 40, 40]         256
|    |    └─ReLU: 3-25                        [-1, 128, 40, 40]         --
|    |    └─Conv2d: 3-26                      [-1, 128, 40, 40]         147,456
|    |    └─BatchNorm2d: 3-27                 [-1, 128, 40, 40]         256
|    |    └─CoordAtt: 3-28                    [-1, 128, 40, 40]         3,352
|    |    └─ReLU: 3-29                        [-1, 128, 40, 40]         --
├─Sequential: 1-7                             [-1, 256, 20, 20]         --
|    └─BasicBlock: 2-5                        [-1, 256, 20, 20]         --
|    |    └─Conv2d: 3-30                      [-1, 256, 20, 20]         294,912
|    |    └─BatchNorm2d: 3-31                 [-1, 256, 20, 20]         512
|    |    └─ReLU: 3-32                        [-1, 256, 20, 20]         --
|    |    └─Conv2d: 3-33                      [-1, 256, 20, 20]         589,824
|    |    └─BatchNorm2d: 3-34                 [-1, 256, 20, 20]         512
|    |    └─CoordAtt: 3-35                    [-1, 256, 20, 20]         6,680
|    |    └─Sequential: 3-36                  [-1, 256, 20, 20]         33,280
|    |    └─ReLU: 3-37                        [-1, 256, 20, 20]         --
|    └─BasicBlock: 2-6                        [-1, 256, 20, 20]         --
|    |    └─Conv2d: 3-38                      [-1, 256, 20, 20]         589,824
|    |    └─BatchNorm2d: 3-39                 [-1, 256, 20, 20]         512
|    |    └─ReLU: 3-40                        [-1, 256, 20, 20]         --
|    |    └─Conv2d: 3-41                      [-1, 256, 20, 20]         589,824
|    |    └─BatchNorm2d: 3-42                 [-1, 256, 20, 20]         512
|    |    └─CoordAtt: 3-43                    [-1, 256, 20, 20]         6,680
|    |    └─ReLU: 3-44                        [-1, 256, 20, 20]         --
├─Sequential: 1-8                             [-1, 512, 10, 10]         --
|    └─BasicBlock: 2-7                        [-1, 512, 10, 10]         --
|    |    └─Conv2d: 3-45                      [-1, 512, 10, 10]         1,179,648
|    |    └─BatchNorm2d: 3-46                 [-1, 512, 10, 10]         1,024
|    |    └─ReLU: 3-47                        [-1, 512, 10, 10]         --
|    |    └─Conv2d: 3-48                      [-1, 512, 10, 10]         2,359,296
|    |    └─BatchNorm2d: 3-49                 [-1, 512, 10, 10]         1,024
|    |    └─CoordAtt: 3-50                    [-1, 512, 10, 10]         25,648
|    |    └─Sequential: 3-51                  [-1, 512, 10, 10]         132,096
|    |    └─ReLU: 3-52                        [-1, 512, 10, 10]         --
|    └─BasicBlock: 2-8                        [-1, 512, 10, 10]         --
|    |    └─Conv2d: 3-53                      [-1, 512, 10, 10]         2,359,296
|    |    └─BatchNorm2d: 3-54                 [-1, 512, 10, 10]         1,024
|    |    └─ReLU: 3-55                        [-1, 512, 10, 10]         --
|    |    └─Conv2d: 3-56                      [-1, 512, 10, 10]         2,359,296
|    |    └─BatchNorm2d: 3-57                 [-1, 512, 10, 10]         1,024
|    |    └─CoordAtt: 3-58                    [-1, 512, 10, 10]         25,648
|    |    └─ReLU: 3-59                        [-1, 512, 10, 10]         --
├─AdaptiveAvgPool2d: 1-9                      [-1, 512, 1, 1]           --
├─Linear: 1-10                                [-1, 7]                   3,591
===============================================================================================
Total params: 11,254,839
Trainable params: 11,254,839
Non-trainable params: 0
Total mult-adds (G): 3.73
===============================================================================================
Input size (MB): 1.17
Forward/backward pass size (MB): 78.05
Params size (MB): 42.93
Estimated Total Size (MB): 122.15
===============================================================================================



