dataset_path: /home/djy/dataset/dataset
Train Model: ResNet, pretrained : True , Using device cuda:0

senet18_rgb_pretainned
parallel_train : False

========== Train Epoch 1 ==========
Loss: 1.511	Accuracy: 63 %	Time 29 s
Accuracy for class bzx   is: 50.0 %
Accuracy for class cwx   is: 62.5 %
Accuracy for class hdx   is: 21.7 %
Accuracy for class mtx   is: 25.0 %
Accuracy for class nqx   is: 61.9 %
Accuracy for class qtx   is: 69.6 %
Accuracy for class zxx   is: 98.2 %

========== Train Epoch 2 ==========
Loss: 0.844	Accuracy: 72 %	Time 32 s
Accuracy for class bzx   is: 68.2 %
Accuracy for class cwx   is: 70.8 %
Accuracy for class hdx   is: 34.8 %
Accuracy for class mtx   is: 45.0 %
Accuracy for class nqx   is: 66.7 %
Accuracy for class qtx   is: 95.7 %
Accuracy for class zxx   is: 92.7 %

========== Train Epoch 3 ==========
Loss: 0.421	Accuracy: 80 %	Time 32 s
Accuracy for class bzx   is: 68.2 %
Accuracy for class cwx   is: 87.5 %
Accuracy for class hdx   is: 56.5 %
Accuracy for class mtx   is: 75.0 %
Accuracy for class nqx   is: 76.2 %
Accuracy for class qtx   is: 82.6 %
Accuracy for class zxx   is: 96.4 %

========== Train Epoch 4 ==========
Loss: 0.195	Accuracy: 82 %	Time 31 s
Accuracy for class bzx   is: 63.6 %
Accuracy for class cwx   is: 70.8 %
Accuracy for class hdx   is: 52.2 %
Accuracy for class mtx   is: 95.0 %
Accuracy for class nqx   is: 81.0 %
Accuracy for class qtx   is: 95.7 %
Accuracy for class zxx   is: 98.2 %

========== Train Epoch 5 ==========
Loss: 0.078	Accuracy: 83 %	Time 33 s
Accuracy for class bzx   is: 72.7 %
Accuracy for class cwx   is: 83.3 %
Accuracy for class hdx   is: 60.9 %
Accuracy for class mtx   is: 85.0 %
Accuracy for class nqx   is: 76.2 %
Accuracy for class qtx   is: 95.7 %
Accuracy for class zxx   is: 94.5 %

========== Train Epoch 6 ==========
Loss: 0.043	Accuracy: 83 %	Time 33 s
Accuracy for class bzx   is: 72.7 %
Accuracy for class cwx   is: 79.2 %
Accuracy for class hdx   is: 73.9 %
Accuracy for class mtx   is: 90.0 %
Accuracy for class nqx   is: 76.2 %
Accuracy for class qtx   is: 82.6 %
Accuracy for class zxx   is: 94.5 %

========== Train Epoch 7 ==========
Loss: 0.025	Accuracy: 83 %	Time 32 s
Accuracy for class bzx   is: 77.3 %
Accuracy for class cwx   is: 79.2 %
Accuracy for class hdx   is: 65.2 %
Accuracy for class mtx   is: 85.0 %
Accuracy for class nqx   is: 76.2 %
Accuracy for class qtx   is: 91.3 %
Accuracy for class zxx   is: 94.5 %

========== Train Epoch 8 ==========
Loss: 0.020	Accuracy: 82 %	Time 30 s
Accuracy for class bzx   is: 68.2 %
Accuracy for class cwx   is: 83.3 %
Accuracy for class hdx   is: 65.2 %
Accuracy for class mtx   is: 85.0 %
Accuracy for class nqx   is: 76.2 %
Accuracy for class qtx   is: 87.0 %
Accuracy for class zxx   is: 94.5 %

========== Train Epoch 9 ==========
Loss: 0.019	Accuracy: 82 %	Time 33 s
Accuracy for class bzx   is: 81.8 %
Accuracy for class cwx   is: 75.0 %
Accuracy for class hdx   is: 65.2 %
Accuracy for class mtx   is: 80.0 %
Accuracy for class nqx   is: 76.2 %
Accuracy for class qtx   is: 91.3 %
Accuracy for class zxx   is: 94.5 %

========== Train Epoch 10 ==========
Loss: 0.014	Accuracy: 81 %	Time 32 s
Accuracy for class bzx   is: 77.3 %
Accuracy for class cwx   is: 75.0 %
Accuracy for class hdx   is: 69.6 %
Accuracy for class mtx   is: 80.0 %
Accuracy for class nqx   is: 76.2 %
Accuracy for class qtx   is: 82.6 %
Accuracy for class zxx   is: 94.5 %

========== Train Epoch 11 ==========
Loss: 0.011	Accuracy: 81 %	Time 32 s
Accuracy for class bzx   is: 72.7 %
Accuracy for class cwx   is: 79.2 %
Accuracy for class hdx   is: 69.6 %
Accuracy for class mtx   is: 80.0 %
Accuracy for class nqx   is: 76.2 %
Accuracy for class qtx   is: 82.6 %
Accuracy for class zxx   is: 94.5 %

========== Train Epoch 12 ==========
Loss: 0.010	Accuracy: 83 %	Time 31 s
Accuracy for class bzx   is: 81.8 %
Accuracy for class cwx   is: 79.2 %
Accuracy for class hdx   is: 60.9 %
Accuracy for class mtx   is: 80.0 %
Accuracy for class nqx   is: 76.2 %
Accuracy for class qtx   is: 91.3 %
Accuracy for class zxx   is: 96.4 %

========== Train Epoch 13 ==========
Loss: 0.007	Accuracy: 82 %	Time 32 s
Accuracy for class bzx   is: 72.7 %
Accuracy for class cwx   is: 79.2 %
Accuracy for class hdx   is: 69.6 %
Accuracy for class mtx   is: 80.0 %
Accuracy for class nqx   is: 76.2 %
Accuracy for class qtx   is: 87.0 %
Accuracy for class zxx   is: 96.4 %

========== Train Epoch 14 ==========
Loss: 0.007	Accuracy: 84 %	Time 32 s
Accuracy for class bzx   is: 72.7 %
Accuracy for class cwx   is: 91.7 %
Accuracy for class hdx   is: 56.5 %
Accuracy for class mtx   is: 85.0 %
Accuracy for class nqx   is: 76.2 %
Accuracy for class qtx   is: 91.3 %
Accuracy for class zxx   is: 96.4 %

========== Train Epoch 15 ==========
Loss: 0.005	Accuracy: 82 %	Time 32 s
Accuracy for class bzx   is: 72.7 %
Accuracy for class cwx   is: 75.0 %
Accuracy for class hdx   is: 69.6 %
Accuracy for class mtx   is: 85.0 %
Accuracy for class nqx   is: 76.2 %
Accuracy for class qtx   is: 87.0 %
Accuracy for class zxx   is: 96.4 %

========== Train Epoch 16 ==========
Loss: 0.006	Accuracy: 84 %	Time 34 s
Accuracy for class bzx   is: 81.8 %
Accuracy for class cwx   is: 70.8 %
Accuracy for class hdx   is: 69.6 %
Accuracy for class mtx   is: 80.0 %
Accuracy for class nqx   is: 76.2 %
Accuracy for class qtx   is: 95.7 %
Accuracy for class zxx   is: 96.4 %

========== Train Epoch 17 ==========
Loss: 0.005	Accuracy: 84 %	Time 30 s
Accuracy for class bzx   is: 77.3 %
Accuracy for class cwx   is: 79.2 %
Accuracy for class hdx   is: 60.9 %
Accuracy for class mtx   is: 85.0 %
Accuracy for class nqx   is: 76.2 %
Accuracy for class qtx   is: 95.7 %
Accuracy for class zxx   is: 96.4 %

========== Train Epoch 18 ==========
Loss: 0.005	Accuracy: 81 %	Time 31 s
Accuracy for class bzx   is: 72.7 %
Accuracy for class cwx   is: 75.0 %
Accuracy for class hdx   is: 73.9 %
Accuracy for class mtx   is: 80.0 %
Accuracy for class nqx   is: 76.2 %
Accuracy for class qtx   is: 78.3 %
Accuracy for class zxx   is: 96.4 %

========== Train Epoch 19 ==========
Loss: 0.005	Accuracy: 81 %	Time 31 s
Accuracy for class bzx   is: 77.3 %
Accuracy for class cwx   is: 79.2 %
Accuracy for class hdx   is: 47.8 %
Accuracy for class mtx   is: 80.0 %
Accuracy for class nqx   is: 76.2 %
Accuracy for class qtx   is: 95.7 %
Accuracy for class zxx   is: 96.4 %

========== Train Epoch 20 ==========
Loss: 0.003	Accuracy: 82 %	Time 32 s
Accuracy for class bzx   is: 72.7 %
Accuracy for class cwx   is: 83.3 %
Accuracy for class hdx   is: 52.2 %
Accuracy for class mtx   is: 85.0 %
Accuracy for class nqx   is: 76.2 %
Accuracy for class qtx   is: 95.7 %
Accuracy for class zxx   is: 96.4 %

========== Train Epoch 21 ==========
Loss: 0.003	Accuracy: 84 %	Time 32 s
Accuracy for class bzx   is: 72.7 %
Accuracy for class cwx   is: 83.3 %
Accuracy for class hdx   is: 65.2 %
Accuracy for class mtx   is: 80.0 %
Accuracy for class nqx   is: 76.2 %
Accuracy for class qtx   is: 95.7 %
Accuracy for class zxx   is: 96.4 %

========== Train Epoch 22 ==========
Loss: 0.007	Accuracy: 84 %	Time 31 s
Accuracy for class bzx   is: 77.3 %
Accuracy for class cwx   is: 87.5 %
Accuracy for class hdx   is: 78.3 %
Accuracy for class mtx   is: 85.0 %
Accuracy for class nqx   is: 76.2 %
Accuracy for class qtx   is: 69.6 %
Accuracy for class zxx   is: 96.4 %

========== Train Epoch 23 ==========
Loss: 0.086	Accuracy: 65 %	Time 33 s
Accuracy for class bzx   is: 81.8 %
Accuracy for class cwx   is: 54.2 %
Accuracy for class hdx   is: 39.1 %
Accuracy for class mtx   is: 80.0 %
Accuracy for class nqx   is: 28.6 %
Accuracy for class qtx   is: 52.2 %
Accuracy for class zxx   is: 89.1 %

========== Train Epoch 24 ==========
Loss: 0.102	Accuracy: 71 %	Time 33 s
Accuracy for class bzx   is: 40.9 %
Accuracy for class cwx   is: 79.2 %
Accuracy for class hdx   is: 65.2 %
Accuracy for class mtx   is: 85.0 %
Accuracy for class nqx   is: 57.1 %
Accuracy for class qtx   is: 65.2 %
Accuracy for class zxx   is: 85.5 %

========== Train Epoch 25 ==========
Loss: 0.094	Accuracy: 77 %	Time 30 s
Accuracy for class bzx   is: 72.7 %
Accuracy for class cwx   is: 62.5 %
Accuracy for class hdx   is: 65.2 %
Accuracy for class mtx   is: 80.0 %
Accuracy for class nqx   is: 71.4 %
Accuracy for class qtx   is: 82.6 %
Accuracy for class zxx   is: 90.9 %

========== Train Epoch 26 ==========
Loss: 0.091	Accuracy: 78 %	Time 31 s
Accuracy for class bzx   is: 81.8 %
Accuracy for class cwx   is: 79.2 %
Accuracy for class hdx   is: 39.1 %
Accuracy for class mtx   is: 80.0 %
Accuracy for class nqx   is: 66.7 %
Accuracy for class qtx   is: 95.7 %
Accuracy for class zxx   is: 89.1 %

========== Train Epoch 27 ==========
Loss: 0.035	Accuracy: 82 %	Time 32 s
Accuracy for class bzx   is: 68.2 %
Accuracy for class cwx   is: 75.0 %
Accuracy for class hdx   is: 52.2 %
Accuracy for class mtx   is: 85.0 %
Accuracy for class nqx   is: 85.7 %
Accuracy for class qtx   is: 95.7 %
Accuracy for class zxx   is: 96.4 %

========== Train Epoch 28 ==========
Loss: 0.015	Accuracy: 80 %	Time 31 s
Accuracy for class bzx   is: 72.7 %
Accuracy for class cwx   is: 70.8 %
Accuracy for class hdx   is: 60.9 %
Accuracy for class mtx   is: 90.0 %
Accuracy for class nqx   is: 85.7 %
Accuracy for class qtx   is: 82.6 %
Accuracy for class zxx   is: 90.9 %

========== Train Epoch 29 ==========
Loss: 0.009	Accuracy: 82 %	Time 32 s
Accuracy for class bzx   is: 68.2 %
Accuracy for class cwx   is: 79.2 %
Accuracy for class hdx   is: 56.5 %
Accuracy for class mtx   is: 95.0 %
Accuracy for class nqx   is: 85.7 %
Accuracy for class qtx   is: 87.0 %
Accuracy for class zxx   is: 94.5 %

========== Train Epoch 30 ==========
Loss: 0.011	Accuracy: 83 %	Time 33 s
Accuracy for class bzx   is: 72.7 %
Accuracy for class cwx   is: 83.3 %
Accuracy for class hdx   is: 60.9 %
Accuracy for class mtx   is: 95.0 %
Accuracy for class nqx   is: 81.0 %
Accuracy for class qtx   is: 91.3 %
Accuracy for class zxx   is: 90.9 %

========== Train Epoch 31 ==========
Loss: 0.006	Accuracy: 79 %	Time 32 s
Accuracy for class bzx   is: 72.7 %
Accuracy for class cwx   is: 79.2 %
Accuracy for class hdx   is: 43.5 %
Accuracy for class mtx   is: 80.0 %
Accuracy for class nqx   is: 85.7 %
Accuracy for class qtx   is: 82.6 %
Accuracy for class zxx   is: 92.7 %

========== Train Epoch 32 ==========
Loss: 0.006	Accuracy: 80 %	Time 32 s
Accuracy for class bzx   is: 68.2 %
Accuracy for class cwx   is: 79.2 %
Accuracy for class hdx   is: 47.8 %
Accuracy for class mtx   is: 85.0 %
Accuracy for class nqx   is: 76.2 %
Accuracy for class qtx   is: 91.3 %
Accuracy for class zxx   is: 94.5 %

========== Train Epoch 33 ==========
Loss: 0.014	Accuracy: 82 %	Time 31 s
Accuracy for class bzx   is: 72.7 %
Accuracy for class cwx   is: 83.3 %
Accuracy for class hdx   is: 56.5 %
Accuracy for class mtx   is: 85.0 %
Accuracy for class nqx   is: 76.2 %
Accuracy for class qtx   is: 91.3 %
Accuracy for class zxx   is: 94.5 %

========== Train Epoch 34 ==========
Loss: 0.008	Accuracy: 82 %	Time 31 s
Accuracy for class bzx   is: 77.3 %
Accuracy for class cwx   is: 83.3 %
Accuracy for class hdx   is: 52.2 %
Accuracy for class mtx   is: 90.0 %
Accuracy for class nqx   is: 81.0 %
Accuracy for class qtx   is: 87.0 %
Accuracy for class zxx   is: 94.5 %

========== Train Epoch 35 ==========
Loss: 0.013	Accuracy: 81 %	Time 32 s
Accuracy for class bzx   is: 72.7 %
Accuracy for class cwx   is: 79.2 %
Accuracy for class hdx   is: 52.2 %
Accuracy for class mtx   is: 85.0 %
Accuracy for class nqx   is: 85.7 %
Accuracy for class qtx   is: 91.3 %
Accuracy for class zxx   is: 90.9 %

========== Train Epoch 36 ==========
Loss: 0.005	Accuracy: 80 %	Time 32 s
Accuracy for class bzx   is: 72.7 %
Accuracy for class cwx   is: 79.2 %
Accuracy for class hdx   is: 47.8 %
Accuracy for class mtx   is: 85.0 %
Accuracy for class nqx   is: 85.7 %
Accuracy for class qtx   is: 91.3 %
Accuracy for class zxx   is: 90.9 %

========== Train Epoch 37 ==========
Loss: 0.004	Accuracy: 81 %	Time 31 s
Accuracy for class bzx   is: 72.7 %
Accuracy for class cwx   is: 83.3 %
Accuracy for class hdx   is: 47.8 %
Accuracy for class mtx   is: 90.0 %
Accuracy for class nqx   is: 76.2 %
Accuracy for class qtx   is: 91.3 %
Accuracy for class zxx   is: 94.5 %

========== Train Epoch 38 ==========
Loss: 0.002	Accuracy: 82 %	Time 32 s
Accuracy for class bzx   is: 77.3 %
Accuracy for class cwx   is: 83.3 %
Accuracy for class hdx   is: 52.2 %
Accuracy for class mtx   is: 85.0 %
Accuracy for class nqx   is: 85.7 %
Accuracy for class qtx   is: 91.3 %
Accuracy for class zxx   is: 92.7 %

========== Train Epoch 39 ==========
Loss: 0.002	Accuracy: 81 %	Time 31 s
Accuracy for class bzx   is: 77.3 %
Accuracy for class cwx   is: 83.3 %
Accuracy for class hdx   is: 52.2 %
Accuracy for class mtx   is: 85.0 %
Accuracy for class nqx   is: 81.0 %
Accuracy for class qtx   is: 91.3 %
Accuracy for class zxx   is: 90.9 %

========== Train Epoch 40 ==========
Loss: 0.002	Accuracy: 81 %	Time 31 s
Accuracy for class bzx   is: 72.7 %
Accuracy for class cwx   is: 83.3 %
Accuracy for class hdx   is: 52.2 %
Accuracy for class mtx   is: 85.0 %
Accuracy for class nqx   is: 85.7 %
Accuracy for class qtx   is: 91.3 %
Accuracy for class zxx   is: 90.9 %

========== Train Epoch 41 ==========
Loss: 0.001	Accuracy: 81 %	Time 32 s
Accuracy for class bzx   is: 72.7 %
Accuracy for class cwx   is: 83.3 %
Accuracy for class hdx   is: 52.2 %
Accuracy for class mtx   is: 85.0 %
Accuracy for class nqx   is: 81.0 %
Accuracy for class qtx   is: 91.3 %
Accuracy for class zxx   is: 90.9 %

========== Train Epoch 42 ==========
Loss: 0.001	Accuracy: 81 %	Time 31 s
Accuracy for class bzx   is: 72.7 %
Accuracy for class cwx   is: 83.3 %
Accuracy for class hdx   is: 52.2 %
Accuracy for class mtx   is: 90.0 %
Accuracy for class nqx   is: 81.0 %
Accuracy for class qtx   is: 91.3 %
Accuracy for class zxx   is: 90.9 %

========== Train Epoch 43 ==========
Loss: 0.001	Accuracy: 81 %	Time 30 s
Accuracy for class bzx   is: 72.7 %
Accuracy for class cwx   is: 83.3 %
Accuracy for class hdx   is: 56.5 %
Accuracy for class mtx   is: 85.0 %
Accuracy for class nqx   is: 81.0 %
Accuracy for class qtx   is: 91.3 %
Accuracy for class zxx   is: 90.9 %

========== Train Epoch 44 ==========
Loss: 0.001	Accuracy: 81 %	Time 32 s
Accuracy for class bzx   is: 72.7 %
Accuracy for class cwx   is: 83.3 %
Accuracy for class hdx   is: 52.2 %
Accuracy for class mtx   is: 85.0 %
Accuracy for class nqx   is: 85.7 %
Accuracy for class qtx   is: 91.3 %
Accuracy for class zxx   is: 90.9 %

========== Train Epoch 45 ==========
Loss: 0.001	Accuracy: 82 %	Time 30 s
Accuracy for class bzx   is: 72.7 %
Accuracy for class cwx   is: 83.3 %
Accuracy for class hdx   is: 60.9 %
Accuracy for class mtx   is: 85.0 %
Accuracy for class nqx   is: 81.0 %
Accuracy for class qtx   is: 91.3 %
Accuracy for class zxx   is: 90.9 %

========== Train Epoch 46 ==========
Loss: 0.001	Accuracy: 82 %	Time 33 s
Accuracy for class bzx   is: 72.7 %
Accuracy for class cwx   is: 83.3 %
Accuracy for class hdx   is: 60.9 %
Accuracy for class mtx   is: 90.0 %
Accuracy for class nqx   is: 76.2 %
Accuracy for class qtx   is: 91.3 %
Accuracy for class zxx   is: 90.9 %

========== Train Epoch 47 ==========
Loss: 0.001	Accuracy: 81 %	Time 33 s
Accuracy for class bzx   is: 77.3 %
Accuracy for class cwx   is: 83.3 %
Accuracy for class hdx   is: 52.2 %
Accuracy for class mtx   is: 85.0 %
Accuracy for class nqx   is: 81.0 %
Accuracy for class qtx   is: 91.3 %
Accuracy for class zxx   is: 90.9 %

========== Train Epoch 48 ==========
Loss: 0.002	Accuracy: 81 %	Time 32 s
Accuracy for class bzx   is: 68.2 %
Accuracy for class cwx   is: 83.3 %
Accuracy for class hdx   is: 56.5 %
Accuracy for class mtx   is: 90.0 %
Accuracy for class nqx   is: 81.0 %
Accuracy for class qtx   is: 91.3 %
Accuracy for class zxx   is: 90.9 %

========== Train Epoch 49 ==========
Loss: 0.001	Accuracy: 82 %	Time 33 s
Accuracy for class bzx   is: 72.7 %
Accuracy for class cwx   is: 87.5 %
Accuracy for class hdx   is: 56.5 %
Accuracy for class mtx   is: 85.0 %
Accuracy for class nqx   is: 85.7 %
Accuracy for class qtx   is: 91.3 %
Accuracy for class zxx   is: 90.9 %

========== Train Epoch 50 ==========
Loss: 0.001	Accuracy: 82 %	Time 31 s
Accuracy for class bzx   is: 77.3 %
Accuracy for class cwx   is: 87.5 %
Accuracy for class hdx   is: 56.5 %
Accuracy for class mtx   is: 85.0 %
Accuracy for class nqx   is: 81.0 %
Accuracy for class qtx   is: 91.3 %
Accuracy for class zxx   is: 90.9 %

========== Train Epoch 51 ==========
Loss: 0.001	Accuracy: 81 %	Time 33 s
Accuracy for class bzx   is: 72.7 %
Accuracy for class cwx   is: 83.3 %
Accuracy for class hdx   is: 56.5 %
Accuracy for class mtx   is: 85.0 %
Accuracy for class nqx   is: 81.0 %
Accuracy for class qtx   is: 91.3 %
Accuracy for class zxx   is: 90.9 %

========== Train Epoch 52 ==========
Loss: 0.001	Accuracy: 82 %	Time 30 s
Accuracy for class bzx   is: 77.3 %
Accuracy for class cwx   is: 83.3 %
Accuracy for class hdx   is: 56.5 %
Accuracy for class mtx   is: 85.0 %
Accuracy for class nqx   is: 81.0 %
Accuracy for class qtx   is: 91.3 %
Accuracy for class zxx   is: 90.9 %

========== Train Epoch 53 ==========
Loss: 0.001	Accuracy: 81 %	Time 32 s
Accuracy for class bzx   is: 77.3 %
Accuracy for class cwx   is: 83.3 %
Accuracy for class hdx   is: 52.2 %
Accuracy for class mtx   is: 85.0 %
Accuracy for class nqx   is: 81.0 %
Accuracy for class qtx   is: 91.3 %
Accuracy for class zxx   is: 90.9 %

========== Train Epoch 54 ==========
Loss: 0.001	Accuracy: 82 %	Time 33 s
Accuracy for class bzx   is: 72.7 %
Accuracy for class cwx   is: 83.3 %
Accuracy for class hdx   is: 56.5 %
Accuracy for class mtx   is: 85.0 %
Accuracy for class nqx   is: 81.0 %
Accuracy for class qtx   is: 91.3 %
Accuracy for class zxx   is: 92.7 %

========== Train Epoch 55 ==========
Loss: 0.001	Accuracy: 83 %	Time 31 s
Accuracy for class bzx   is: 77.3 %
Accuracy for class cwx   is: 83.3 %
Accuracy for class hdx   is: 60.9 %
Accuracy for class mtx   is: 85.0 %
Accuracy for class nqx   is: 85.7 %
Accuracy for class qtx   is: 91.3 %
Accuracy for class zxx   is: 90.9 %

========== Train Epoch 56 ==========
Loss: 0.001	Accuracy: 82 %	Time 31 s
Accuracy for class bzx   is: 77.3 %
Accuracy for class cwx   is: 83.3 %
Accuracy for class hdx   is: 56.5 %
Accuracy for class mtx   is: 85.0 %
Accuracy for class nqx   is: 81.0 %
Accuracy for class qtx   is: 95.7 %
Accuracy for class zxx   is: 90.9 %

========== Train Epoch 57 ==========
Loss: 0.001	Accuracy: 81 %	Time 31 s
Accuracy for class bzx   is: 72.7 %
Accuracy for class cwx   is: 83.3 %
Accuracy for class hdx   is: 56.5 %
Accuracy for class mtx   is: 85.0 %
Accuracy for class nqx   is: 81.0 %
Accuracy for class qtx   is: 91.3 %
Accuracy for class zxx   is: 90.9 %

========== Train Epoch 58 ==========
Loss: 0.004	Accuracy: 84 %	Time 32 s
Accuracy for class bzx   is: 77.3 %
Accuracy for class cwx   is: 91.7 %
Accuracy for class hdx   is: 60.9 %
Accuracy for class mtx   is: 85.0 %
Accuracy for class nqx   is: 81.0 %
Accuracy for class qtx   is: 91.3 %
Accuracy for class zxx   is: 90.9 %

========== Train Epoch 59 ==========
Loss: 0.003	Accuracy: 80 %	Time 33 s
Accuracy for class bzx   is: 77.3 %
Accuracy for class cwx   is: 79.2 %
Accuracy for class hdx   is: 47.8 %
Accuracy for class mtx   is: 85.0 %
Accuracy for class nqx   is: 85.7 %
Accuracy for class qtx   is: 87.0 %
Accuracy for class zxx   is: 89.1 %

========== Train Epoch 60 ==========
Loss: 0.023	Accuracy: 80 %	Time 32 s
Accuracy for class bzx   is: 72.7 %
Accuracy for class cwx   is: 83.3 %
Accuracy for class hdx   is: 43.5 %
Accuracy for class mtx   is: 85.0 %
Accuracy for class nqx   is: 71.4 %
Accuracy for class qtx   is: 91.3 %
Accuracy for class zxx   is: 94.5 %

========== Train Epoch 61 ==========
Loss: 0.108	Accuracy: 65 %	Time 32 s
Accuracy for class bzx   is: 86.4 %
Accuracy for class cwx   is: 70.8 %
Accuracy for class hdx   is: 26.1 %
Accuracy for class mtx   is: 60.0 %
Accuracy for class nqx   is: 57.1 %
Accuracy for class qtx   is: 69.6 %
Accuracy for class zxx   is: 74.5 %

========== Train Epoch 62 ==========
Loss: 0.122	Accuracy: 72 %	Time 33 s
Accuracy for class bzx   is: 36.4 %
Accuracy for class cwx   is: 66.7 %
Accuracy for class hdx   is: 60.9 %
Accuracy for class mtx   is: 65.0 %
Accuracy for class nqx   is: 61.9 %
Accuracy for class qtx   is: 82.6 %
Accuracy for class zxx   is: 96.4 %

========== Train Epoch 63 ==========
Loss: 0.088	Accuracy: 73 %	Time 32 s
Accuracy for class bzx   is: 77.3 %
Accuracy for class cwx   is: 79.2 %
Accuracy for class hdx   is: 30.4 %
Accuracy for class mtx   is: 45.0 %
Accuracy for class nqx   is: 66.7 %
Accuracy for class qtx   is: 91.3 %
Accuracy for class zxx   is: 92.7 %

========== Train Epoch 64 ==========
Loss: 0.069	Accuracy: 79 %	Time 33 s
Accuracy for class bzx   is: 77.3 %
Accuracy for class cwx   is: 83.3 %
Accuracy for class hdx   is: 47.8 %
Accuracy for class mtx   is: 75.0 %
Accuracy for class nqx   is: 71.4 %
Accuracy for class qtx   is: 95.7 %
Accuracy for class zxx   is: 89.1 %
Finished training!!!

Min Loss = 0.001 in epoch 56;
Max Accuracy = 84.04% in epoch 13;
Total Time 34 minutes

batch_size = 20
epochs = 64
loss_function = CrossEntropyLoss()
optimizer = Adam (
Parameter Group 0
    amsgrad: False
    betas: (0.9, 0.999)
    eps: 1e-08
    lr: 0.0001
    weight_decay: 0
)

ResNet(
  (conv1): Conv2d(3, 64, kernel_size=(7, 7), stride=(2, 2), padding=(3, 3), bias=False)
  (bn1): BatchNorm2d(64, eps=1e-05, momentum=0.1, affine=True, track_running_stats=True)
  (relu): ReLU(inplace=True)
  (maxpool): MaxPool2d(kernel_size=3, stride=2, padding=1, dilation=1, ceil_mode=False)
  (layer1): Sequential(
    (0): BasicBlock(
      (conv1): Conv2d(64, 64, kernel_size=(3, 3), stride=(1, 1), padding=(1, 1), bias=False)
      (bn1): BatchNorm2d(64, eps=1e-05, momentum=0.1, affine=True, track_running_stats=True)
      (relu): ReLU(inplace=True)
      (conv2): Conv2d(64, 64, kernel_size=(3, 3), stride=(1, 1), padding=(1, 1), bias=False)
      (bn2): BatchNorm2d(64, eps=1e-05, momentum=0.1, affine=True, track_running_stats=True)
      (se): SELayer(
        (avg_pool): AdaptiveAvgPool2d(output_size=1)
        (fc): Sequential(
          (0): Linear(in_features=64, out_features=4, bias=False)
          (1): ReLU(inplace=True)
          (2): Linear(in_features=4, out_features=64, bias=False)
          (3): Sigmoid()
        )
      )
    )
    (1): BasicBlock(
      (conv1): Conv2d(64, 64, kernel_size=(3, 3), stride=(1, 1), padding=(1, 1), bias=False)
      (bn1): BatchNorm2d(64, eps=1e-05, momentum=0.1, affine=True, track_running_stats=True)
      (relu): ReLU(inplace=True)
      (conv2): Conv2d(64, 64, kernel_size=(3, 3), stride=(1, 1), padding=(1, 1), bias=False)
      (bn2): BatchNorm2d(64, eps=1e-05, momentum=0.1, affine=True, track_running_stats=True)
      (se): SELayer(
        (avg_pool): AdaptiveAvgPool2d(output_size=1)
        (fc): Sequential(
          (0): Linear(in_features=64, out_features=4, bias=False)
          (1): ReLU(inplace=True)
          (2): Linear(in_features=4, out_features=64, bias=False)
          (3): Sigmoid()
        )
      )
    )
  )
  (layer2): Sequential(
    (0): BasicBlock(
      (conv1): Conv2d(64, 128, kernel_size=(3, 3), stride=(2, 2), padding=(1, 1), bias=False)
      (bn1): BatchNorm2d(128, eps=1e-05, momentum=0.1, affine=True, track_running_stats=True)
      (relu): ReLU(inplace=True)
      (conv2): Conv2d(128, 128, kernel_size=(3, 3), stride=(1, 1), padding=(1, 1), bias=False)
      (bn2): BatchNorm2d(128, eps=1e-05, momentum=0.1, affine=True, track_running_stats=True)
      (se): SELayer(
        (avg_pool): AdaptiveAvgPool2d(output_size=1)
        (fc): Sequential(
          (0): Linear(in_features=128, out_features=8, bias=False)
          (1): ReLU(inplace=True)
          (2): Linear(in_features=8, out_features=128, bias=False)
          (3): Sigmoid()
        )
      )
      (downsample): Sequential(
        (0): Conv2d(64, 128, kernel_size=(1, 1), stride=(2, 2), bias=False)
        (1): BatchNorm2d(128, eps=1e-05, momentum=0.1, affine=True, track_running_stats=True)
      )
    )
    (1): BasicBlock(
      (conv1): Conv2d(128, 128, kernel_size=(3, 3), stride=(1, 1), padding=(1, 1), bias=False)
      (bn1): BatchNorm2d(128, eps=1e-05, momentum=0.1, affine=True, track_running_stats=True)
      (relu): ReLU(inplace=True)
      (conv2): Conv2d(128, 128, kernel_size=(3, 3), stride=(1, 1), padding=(1, 1), bias=False)
      (bn2): BatchNorm2d(128, eps=1e-05, momentum=0.1, affine=True, track_running_stats=True)
      (se): SELayer(
        (avg_pool): AdaptiveAvgPool2d(output_size=1)
        (fc): Sequential(
          (0): Linear(in_features=128, out_features=8, bias=False)
          (1): ReLU(inplace=True)
          (2): Linear(in_features=8, out_features=128, bias=False)
          (3): Sigmoid()
        )
      )
    )
  )
  (layer3): Sequential(
    (0): BasicBlock(
      (conv1): Conv2d(128, 256, kernel_size=(3, 3), stride=(2, 2), padding=(1, 1), bias=False)
      (bn1): BatchNorm2d(256, eps=1e-05, momentum=0.1, affine=True, track_running_stats=True)
      (relu): ReLU(inplace=True)
      (conv2): Conv2d(256, 256, kernel_size=(3, 3), stride=(1, 1), padding=(1, 1), bias=False)
      (bn2): BatchNorm2d(256, eps=1e-05, momentum=0.1, affine=True, track_running_stats=True)
      (se): SELayer(
        (avg_pool): AdaptiveAvgPool2d(output_size=1)
        (fc): Sequential(
          (0): Linear(in_features=256, out_features=16, bias=False)
          (1): ReLU(inplace=True)
          (2): Linear(in_features=16, out_features=256, bias=False)
          (3): Sigmoid()
        )
      )
      (downsample): Sequential(
        (0): Conv2d(128, 256, kernel_size=(1, 1), stride=(2, 2), bias=False)
        (1): BatchNorm2d(256, eps=1e-05, momentum=0.1, affine=True, track_running_stats=True)
      )
    )
    (1): BasicBlock(
      (conv1): Conv2d(256, 256, kernel_size=(3, 3), stride=(1, 1), padding=(1, 1), bias=False)
      (bn1): BatchNorm2d(256, eps=1e-05, momentum=0.1, affine=True, track_running_stats=True)
      (relu): ReLU(inplace=True)
      (conv2): Conv2d(256, 256, kernel_size=(3, 3), stride=(1, 1), padding=(1, 1), bias=False)
      (bn2): BatchNorm2d(256, eps=1e-05, momentum=0.1, affine=True, track_running_stats=True)
      (se): SELayer(
        (avg_pool): AdaptiveAvgPool2d(output_size=1)
        (fc): Sequential(
          (0): Linear(in_features=256, out_features=16, bias=False)
          (1): ReLU(inplace=True)
          (2): Linear(in_features=16, out_features=256, bias=False)
          (3): Sigmoid()
        )
      )
    )
  )
  (layer4): Sequential(
    (0): BasicBlock(
      (conv1): Conv2d(256, 512, kernel_size=(3, 3), stride=(2, 2), padding=(1, 1), bias=False)
      (bn1): BatchNorm2d(512, eps=1e-05, momentum=0.1, affine=True, track_running_stats=True)
      (relu): ReLU(inplace=True)
      (conv2): Conv2d(512, 512, kernel_size=(3, 3), stride=(1, 1), padding=(1, 1), bias=False)
      (bn2): BatchNorm2d(512, eps=1e-05, momentum=0.1, affine=True, track_running_stats=True)
      (se): SELayer(
        (avg_pool): AdaptiveAvgPool2d(output_size=1)
        (fc): Sequential(
          (0): Linear(in_features=512, out_features=32, bias=False)
          (1): ReLU(inplace=True)
          (2): Linear(in_features=32, out_features=512, bias=False)
          (3): Sigmoid()
        )
      )
      (downsample): Sequential(
        (0): Conv2d(256, 512, kernel_size=(1, 1), stride=(2, 2), bias=False)
        (1): BatchNorm2d(512, eps=1e-05, momentum=0.1, affine=True, track_running_stats=True)
      )
    )
    (1): BasicBlock(
      (conv1): Conv2d(512, 512, kernel_size=(3, 3), stride=(1, 1), padding=(1, 1), bias=False)
      (bn1): BatchNorm2d(512, eps=1e-05, momentum=0.1, affine=True, track_running_stats=True)
      (relu): ReLU(inplace=True)
      (conv2): Conv2d(512, 512, kernel_size=(3, 3), stride=(1, 1), padding=(1, 1), bias=False)
      (bn2): BatchNorm2d(512, eps=1e-05, momentum=0.1, affine=True, track_running_stats=True)
      (se): SELayer(
        (avg_pool): AdaptiveAvgPool2d(output_size=1)
        (fc): Sequential(
          (0): Linear(in_features=512, out_features=32, bias=False)
          (1): ReLU(inplace=True)
          (2): Linear(in_features=32, out_features=512, bias=False)
          (3): Sigmoid()
        )
      )
    )
  )
  (avgpool): AdaptiveAvgPool2d(output_size=(1, 1))
  (fc_): Linear(in_features=512, out_features=7, bias=True)
  (__fc__): Linear(in_features=1024, out_features=7, bias=True)
)

