dataset_path: /home/djy/dataset/dataset2
pretrained : False 
parallel: False

msg: alexnet
using model: AlexNet, alexnet
using device cuda:0
batch_size = 20
epochs = 64
loss_function = CrossEntropyLoss()
optimizer = Adam (
Parameter Group 0
    amsgrad: False
    betas: (0.9, 0.999)
    eps: 1e-08
    lr: 0.0001
    weight_decay: 0
)


========== Train Epoch 1 ==========
Loss: 1.917	Accuracy: 21.08%	Cost 46s
              precision    recall  f1-score   support

         bzx     0.0000    0.0000    0.0000        31
         cwx     0.0000    0.0000    0.0000        22
         hdx     0.0000    0.0000    0.0000        17
         mtx     0.0000    0.0000    0.0000        19
         nqx     0.0000    0.0000    0.0000        12
         qtx     0.0000    0.0000    0.0000        45
         zxx     0.2108    1.0000    0.3482        39

    accuracy                         0.2108       185
   macro avg     0.0301    0.1429    0.0497       185
weighted avg     0.0444    0.2108    0.0734       185

micro f-score: 0.21081081081081082

========== Train Epoch 2 ==========
/home/djy/anaconda3/envs/pytorch/lib/python3.7/site-packages/sklearn/metrics/_classification.py:1308: UndefinedMetricWarning: Precision and F-score are ill-defined and being set to 0.0 in labels with no predicted samples. Use `zero_division` parameter to control this behavior.
  _warn_prf(average, modifier, msg_start, len(result))
/home/djy/anaconda3/envs/pytorch/lib/python3.7/site-packages/sklearn/metrics/_classification.py:1308: UndefinedMetricWarning: Precision and F-score are ill-defined and being set to 0.0 in labels with no predicted samples. Use `zero_division` parameter to control this behavior.
  _warn_prf(average, modifier, msg_start, len(result))
/home/djy/anaconda3/envs/pytorch/lib/python3.7/site-packages/sklearn/metrics/_classification.py:1308: UndefinedMetricWarning: Precision and F-score are ill-defined and being set to 0.0 in labels with no predicted samples. Use `zero_division` parameter to control this behavior.
  _warn_prf(average, modifier, msg_start, len(result))
Loss: 1.899	Accuracy: 21.08%	Cost 47s
              precision    recall  f1-score   support

         bzx     0.0000    0.0000    0.0000        31
         cwx     0.0000    0.0000    0.0000        22
         hdx     0.0000    0.0000    0.0000        17
         mtx     0.0000    0.0000    0.0000        19
         nqx     0.0000    0.0000    0.0000        12
         qtx     0.0000    0.0000    0.0000        45
         zxx     0.2108    1.0000    0.3482        39

    accuracy                         0.2108       185
   macro avg     0.0301    0.1429    0.0497       185
weighted avg     0.0444    0.2108    0.0734       185

micro f-score: 0.21081081081081082

========== Train Epoch 3 ==========
/home/djy/anaconda3/envs/pytorch/lib/python3.7/site-packages/sklearn/metrics/_classification.py:1308: UndefinedMetricWarning: Precision and F-score are ill-defined and being set to 0.0 in labels with no predicted samples. Use `zero_division` parameter to control this behavior.
  _warn_prf(average, modifier, msg_start, len(result))
/home/djy/anaconda3/envs/pytorch/lib/python3.7/site-packages/sklearn/metrics/_classification.py:1308: UndefinedMetricWarning: Precision and F-score are ill-defined and being set to 0.0 in labels with no predicted samples. Use `zero_division` parameter to control this behavior.
  _warn_prf(average, modifier, msg_start, len(result))
/home/djy/anaconda3/envs/pytorch/lib/python3.7/site-packages/sklearn/metrics/_classification.py:1308: UndefinedMetricWarning: Precision and F-score are ill-defined and being set to 0.0 in labels with no predicted samples. Use `zero_division` parameter to control this behavior.
  _warn_prf(average, modifier, msg_start, len(result))
Loss: 1.863	Accuracy: 22.16%	Cost 45s
              precision    recall  f1-score   support

         bzx     0.0000    0.0000    0.0000        31
         cwx     0.0000    0.0000    0.0000        22
         hdx     0.0000    0.0000    0.0000        17
         mtx     0.0000    0.0000    0.0000        19
         nqx     0.0000    0.0000    0.0000        12
         qtx     0.2143    0.0667    0.1017        45
         zxx     0.2222    0.9744    0.3619        39

    accuracy                         0.2216       185
   macro avg     0.0624    0.1487    0.0662       185
weighted avg     0.0990    0.2216    0.1010       185

micro f-score: 0.22162162162162163

========== Train Epoch 4 ==========
/home/djy/anaconda3/envs/pytorch/lib/python3.7/site-packages/sklearn/metrics/_classification.py:1308: UndefinedMetricWarning: Precision and F-score are ill-defined and being set to 0.0 in labels with no predicted samples. Use `zero_division` parameter to control this behavior.
  _warn_prf(average, modifier, msg_start, len(result))
/home/djy/anaconda3/envs/pytorch/lib/python3.7/site-packages/sklearn/metrics/_classification.py:1308: UndefinedMetricWarning: Precision and F-score are ill-defined and being set to 0.0 in labels with no predicted samples. Use `zero_division` parameter to control this behavior.
  _warn_prf(average, modifier, msg_start, len(result))
/home/djy/anaconda3/envs/pytorch/lib/python3.7/site-packages/sklearn/metrics/_classification.py:1308: UndefinedMetricWarning: Precision and F-score are ill-defined and being set to 0.0 in labels with no predicted samples. Use `zero_division` parameter to control this behavior.
  _warn_prf(average, modifier, msg_start, len(result))
Loss: 1.812	Accuracy: 27.57%	Cost 45s
              precision    recall  f1-score   support

         bzx     0.5000    0.0323    0.0606        31
         cwx     0.1429    0.1364    0.1395        22
         hdx     0.0000    0.0000    0.0000        17
         mtx     0.2500    0.0526    0.0870        19
         nqx     0.6667    0.3333    0.4444        12
         qtx     0.2308    0.1333    0.1690        45
         zxx     0.2857    0.9231    0.4364        39

    accuracy                         0.2757       185
   macro avg     0.2966    0.2301    0.1910       185
weighted avg     0.2861    0.2757    0.1976       185

micro f-score: 0.2756756756756757

========== Train Epoch 5 ==========
/home/djy/anaconda3/envs/pytorch/lib/python3.7/site-packages/sklearn/metrics/_classification.py:1308: UndefinedMetricWarning: Precision and F-score are ill-defined and being set to 0.0 in labels with no predicted samples. Use `zero_division` parameter to control this behavior.
  _warn_prf(average, modifier, msg_start, len(result))
/home/djy/anaconda3/envs/pytorch/lib/python3.7/site-packages/sklearn/metrics/_classification.py:1308: UndefinedMetricWarning: Precision and F-score are ill-defined and being set to 0.0 in labels with no predicted samples. Use `zero_division` parameter to control this behavior.
  _warn_prf(average, modifier, msg_start, len(result))
/home/djy/anaconda3/envs/pytorch/lib/python3.7/site-packages/sklearn/metrics/_classification.py:1308: UndefinedMetricWarning: Precision and F-score are ill-defined and being set to 0.0 in labels with no predicted samples. Use `zero_division` parameter to control this behavior.
  _warn_prf(average, modifier, msg_start, len(result))
Loss: 1.746	Accuracy: 32.43%	Cost 46s
              precision    recall  f1-score   support

         bzx     0.2500    0.2258    0.2373        31
         cwx     0.1429    0.0909    0.1111        22
         hdx     0.0000    0.0000    0.0000        17
         mtx     0.0000    0.0000    0.0000        19
         nqx     0.5000    0.1667    0.2500        12
         qtx     0.3056    0.4889    0.3761        45
         zxx     0.4030    0.6923    0.5094        39

    accuracy                         0.3243       185
   macro avg     0.2288    0.2378    0.2120       185
weighted avg     0.2506    0.3243    0.2681       185

micro f-score: 0.32432432432432434

========== Train Epoch 6 ==========
/home/djy/anaconda3/envs/pytorch/lib/python3.7/site-packages/sklearn/metrics/_classification.py:1308: UndefinedMetricWarning: Precision and F-score are ill-defined and being set to 0.0 in labels with no predicted samples. Use `zero_division` parameter to control this behavior.
  _warn_prf(average, modifier, msg_start, len(result))
/home/djy/anaconda3/envs/pytorch/lib/python3.7/site-packages/sklearn/metrics/_classification.py:1308: UndefinedMetricWarning: Precision and F-score are ill-defined and being set to 0.0 in labels with no predicted samples. Use `zero_division` parameter to control this behavior.
  _warn_prf(average, modifier, msg_start, len(result))
/home/djy/anaconda3/envs/pytorch/lib/python3.7/site-packages/sklearn/metrics/_classification.py:1308: UndefinedMetricWarning: Precision and F-score are ill-defined and being set to 0.0 in labels with no predicted samples. Use `zero_division` parameter to control this behavior.
  _warn_prf(average, modifier, msg_start, len(result))
Loss: 1.662	Accuracy: 27.03%	Cost 45s
              precision    recall  f1-score   support

         bzx     1.0000    0.0323    0.0625        31
         cwx     0.1111    0.0455    0.0645        22
         hdx     0.0000    0.0000    0.0000        17
         mtx     0.0000    0.0000    0.0000        19
         nqx     0.2963    0.6667    0.4103        12
         qtx     0.2500    0.0667    0.1053        45
         zxx     0.2721    0.9487    0.4229        39

    accuracy                         0.2703       185
   macro avg     0.2756    0.2514    0.1522       185
weighted avg     0.3182    0.2703    0.1595       185

micro f-score: 0.2702702702702703

========== Train Epoch 7 ==========
/home/djy/anaconda3/envs/pytorch/lib/python3.7/site-packages/sklearn/metrics/_classification.py:1308: UndefinedMetricWarning: Precision and F-score are ill-defined and being set to 0.0 in labels with no predicted samples. Use `zero_division` parameter to control this behavior.
  _warn_prf(average, modifier, msg_start, len(result))
/home/djy/anaconda3/envs/pytorch/lib/python3.7/site-packages/sklearn/metrics/_classification.py:1308: UndefinedMetricWarning: Precision and F-score are ill-defined and being set to 0.0 in labels with no predicted samples. Use `zero_division` parameter to control this behavior.
  _warn_prf(average, modifier, msg_start, len(result))
/home/djy/anaconda3/envs/pytorch/lib/python3.7/site-packages/sklearn/metrics/_classification.py:1308: UndefinedMetricWarning: Precision and F-score are ill-defined and being set to 0.0 in labels with no predicted samples. Use `zero_division` parameter to control this behavior.
  _warn_prf(average, modifier, msg_start, len(result))
Loss: 1.661	Accuracy: 36.76%	Cost 46s
              precision    recall  f1-score   support

         bzx     1.0000    0.0323    0.0625        31
         cwx     0.1786    0.4545    0.2564        22
         hdx     0.0000    0.0000    0.0000        17
         mtx     0.0000    0.0000    0.0000        19
         nqx     1.0000    0.0833    0.1538        12
         qtx     0.4815    0.5778    0.5253        45
         zxx     0.4167    0.7692    0.5405        39

    accuracy                         0.3676       185
   macro avg     0.4395    0.2739    0.2198       185
weighted avg     0.4586    0.3676    0.2927       185

micro f-score: 0.3675675675675676

========== Train Epoch 8 ==========
/home/djy/anaconda3/envs/pytorch/lib/python3.7/site-packages/sklearn/metrics/_classification.py:1308: UndefinedMetricWarning: Precision and F-score are ill-defined and being set to 0.0 in labels with no predicted samples. Use `zero_division` parameter to control this behavior.
  _warn_prf(average, modifier, msg_start, len(result))
/home/djy/anaconda3/envs/pytorch/lib/python3.7/site-packages/sklearn/metrics/_classification.py:1308: UndefinedMetricWarning: Precision and F-score are ill-defined and being set to 0.0 in labels with no predicted samples. Use `zero_division` parameter to control this behavior.
  _warn_prf(average, modifier, msg_start, len(result))
/home/djy/anaconda3/envs/pytorch/lib/python3.7/site-packages/sklearn/metrics/_classification.py:1308: UndefinedMetricWarning: Precision and F-score are ill-defined and being set to 0.0 in labels with no predicted samples. Use `zero_division` parameter to control this behavior.
  _warn_prf(average, modifier, msg_start, len(result))
Loss: 1.544	Accuracy: 43.78%	Cost 47s
              precision    recall  f1-score   support

         bzx     0.5000    0.2258    0.3111        31
         cwx     0.4444    0.1818    0.2581        22
         hdx     0.0000    0.0000    0.0000        17
         mtx     0.2083    0.2632    0.2326        19
         nqx     0.2439    0.8333    0.3774        12
         qtx     0.5854    0.5333    0.5581        45
         zxx     0.5636    0.7949    0.6596        39

    accuracy                         0.4378       185
   macro avg     0.3637    0.4046    0.3424       185
weighted avg     0.4351    0.4378    0.4060       185

micro f-score: 0.43783783783783786

========== Train Epoch 9 ==========
Loss: 1.485	Accuracy: 39.46%	Cost 45s
              precision    recall  f1-score   support

         bzx     0.4286    0.2903    0.3462        31
         cwx     0.1970    0.5909    0.2955        22
         hdx     0.1000    0.0588    0.0741        17
         mtx     0.0000    0.0000    0.0000        19
         nqx     0.5000    0.1667    0.2500        12
         qtx     0.5714    0.4444    0.5000        45
         zxx     0.5957    0.7179    0.6512        39

    accuracy                         0.3946       185
   macro avg     0.3418    0.3242    0.3024       185
weighted avg     0.4014    0.3946    0.3751       185

micro f-score: 0.3945945945945946

========== Train Epoch 10 ==========
Loss: 1.380	Accuracy: 43.24%	Cost 45s
              precision    recall  f1-score   support

         bzx     0.4167    0.1613    0.2326        31
         cwx     0.2083    0.2273    0.2174        22
         hdx     0.2222    0.1176    0.1538        17
         mtx     0.1739    0.2105    0.1905        19
         nqx     0.6000    0.7500    0.6667        12
         qtx     0.6136    0.6000    0.6067        45
         zxx     0.4828    0.7179    0.5773        39

    accuracy                         0.4324       185
   macro avg     0.3882    0.3978    0.3779       185
weighted avg     0.4228    0.4324    0.4111       185

micro f-score: 0.43243243243243246

========== Train Epoch 11 ==========
Loss: 1.333	Accuracy: 46.49%	Cost 45s
              precision    recall  f1-score   support

         bzx     0.4091    0.2903    0.3396        31
         cwx     0.2364    0.5909    0.3377        22
         hdx     1.0000    0.0588    0.1111        17
         mtx     1.0000    0.0526    0.1000        19
         nqx     0.4091    0.7500    0.5294        12
         qtx     0.7097    0.4889    0.5789        45
         zxx     0.5849    0.7949    0.6739        39

    accuracy                         0.4649       185
   macro avg     0.6213    0.4323    0.3815       185
weighted avg     0.6137    0.4649    0.4348       185

micro f-score: 0.4648648648648649

========== Train Epoch 12 ==========
Loss: 1.197	Accuracy: 45.95%	Cost 44s
              precision    recall  f1-score   support

         bzx     0.5294    0.2903    0.3750        31
         cwx     0.3600    0.4091    0.3830        22
         hdx     0.1951    0.4706    0.2759        17
         mtx     0.5000    0.0526    0.0952        19
         nqx     0.3200    0.6667    0.4324        12
         qtx     0.7778    0.4667    0.5833        45
         zxx     0.6042    0.7436    0.6667        39

    accuracy                         0.4595       185
   macro avg     0.4695    0.4428    0.4016       185
weighted avg     0.5381    0.4595    0.4540       185

micro f-score: 0.4594594594594595

========== Train Epoch 13 ==========
Loss: 1.063	Accuracy: 53.51%	Cost 45s
              precision    recall  f1-score   support

         bzx     0.4857    0.5484    0.5152        31
         cwx     0.3810    0.3636    0.3721        22
         hdx     0.3043    0.4118    0.3500        17
         mtx     0.2778    0.2632    0.2703        19
         nqx     0.5714    0.6667    0.6154        12
         qtx     0.6750    0.6000    0.6353        45
         zxx     0.7941    0.6923    0.7397        39

    accuracy                         0.5351       185
   macro avg     0.4985    0.5066    0.4997       185
weighted avg     0.5519    0.5351    0.5409       185

micro f-score: 0.5351351351351351

========== Train Epoch 14 ==========
Loss: 0.896	Accuracy: 49.73%	Cost 45s
              precision    recall  f1-score   support

         bzx     0.3500    0.2258    0.2745        31
         cwx     0.3824    0.5909    0.4643        22
         hdx     0.3750    0.1765    0.2400        17
         mtx     0.3750    0.1579    0.2222        19
         nqx     0.5000    0.8333    0.6250        12
         qtx     0.7179    0.6222    0.6667        45
         zxx     0.5000    0.7179    0.5895        39

    accuracy                         0.4973       185
   macro avg     0.4572    0.4749    0.4403       185
weighted avg     0.4896    0.4973    0.4731       185

micro f-score: 0.4972972972972973

========== Train Epoch 15 ==========
Loss: 0.751	Accuracy: 54.59%	Cost 45s
              precision    recall  f1-score   support

         bzx     0.4737    0.5806    0.5217        31
         cwx     0.3226    0.4545    0.3774        22
         hdx     0.3636    0.2353    0.2857        17
         mtx     0.4545    0.2632    0.3333        19
         nqx     0.5882    0.8333    0.6897        12
         qtx     0.7879    0.5778    0.6667        45
         zxx     0.6364    0.7179    0.6747        39

    accuracy                         0.5459       185
   macro avg     0.5181    0.5232    0.5070       185
weighted avg     0.5618    0.5459    0.5419       185

micro f-score: 0.5459459459459459

========== Train Epoch 16 ==========
Loss: 0.646	Accuracy: 54.59%	Cost 44s
              precision    recall  f1-score   support

         bzx     0.4571    0.5161    0.4848        31
         cwx     0.4167    0.4545    0.4348        22
         hdx     0.4211    0.4706    0.4444        17
         mtx     0.5714    0.2105    0.3077        19
         nqx     0.5000    0.8333    0.6250        12
         qtx     0.8148    0.4889    0.6111        45
         zxx     0.5849    0.7949    0.6739        39

    accuracy                         0.5459       185
   macro avg     0.5380    0.5384    0.5117       185
weighted avg     0.5775    0.5459    0.5366       185

micro f-score: 0.5459459459459459

========== Train Epoch 17 ==========
Loss: 0.562	Accuracy: 51.35%	Cost 45s
              precision    recall  f1-score   support

         bzx     0.6250    0.3226    0.4255        31
         cwx     0.3333    0.7273    0.4571        22
         hdx     0.2778    0.2941    0.2857        17
         mtx     0.3750    0.3158    0.3429        19
         nqx     0.5556    0.4167    0.4762        12
         qtx     0.6383    0.6667    0.6522        45
         zxx     0.7419    0.5897    0.6571        39

    accuracy                         0.5135       185
   macro avg     0.5067    0.4761    0.4710       185
weighted avg     0.5561    0.5135    0.5152       185

micro f-score: 0.5135135135135135

========== Train Epoch 18 ==========
Loss: 0.474	Accuracy: 57.84%	Cost 45s
              precision    recall  f1-score   support

         bzx     0.6842    0.4194    0.5200        31
         cwx     0.4062    0.5909    0.4815        22
         hdx     0.5000    0.3529    0.4138        17
         mtx     0.4211    0.4211    0.4211        19
         nqx     0.5385    0.5833    0.5600        12
         qtx     0.6182    0.7556    0.6800        45
         zxx     0.7429    0.6667    0.7027        39

    accuracy                         0.5784       185
   macro avg     0.5587    0.5414    0.5399       185
weighted avg     0.5940    0.5784    0.5755       185

micro f-score: 0.5783783783783784

========== Train Epoch 19 ==========
Loss: 0.325	Accuracy: 56.22%	Cost 48s
              precision    recall  f1-score   support

         bzx     0.4872    0.6129    0.5429        31
         cwx     0.4444    0.5455    0.4898        22
         hdx     0.5714    0.2353    0.3333        17
         mtx     0.3000    0.1579    0.2069        19
         nqx     0.3810    0.6667    0.4848        12
         qtx     0.7250    0.6444    0.6824        45
         zxx     0.7073    0.7436    0.7250        39

    accuracy                         0.5622       185
   macro avg     0.5166    0.5152    0.4950       185
weighted avg     0.5680    0.5622    0.5514       185

micro f-score: 0.5621621621621622

========== Train Epoch 20 ==========
Loss: 0.296	Accuracy: 53.51%	Cost 45s
              precision    recall  f1-score   support

         bzx     0.4583    0.3548    0.4000        31
         cwx     0.3953    0.7727    0.5231        22
         hdx     0.3636    0.2353    0.2857        17
         mtx     0.3000    0.3158    0.3077        19
         nqx     0.6154    0.6667    0.6400        12
         qtx     0.6829    0.6222    0.6512        45
         zxx     0.7576    0.6410    0.6944        39

    accuracy                         0.5351       185
   macro avg     0.5105    0.5155    0.5003       185
weighted avg     0.5538    0.5351    0.5334       185

micro f-score: 0.5351351351351351

========== Train Epoch 21 ==========
Loss: 0.223	Accuracy: 49.73%	Cost 46s
              precision    recall  f1-score   support

         bzx     0.4706    0.2581    0.3333        31
         cwx     0.3200    0.7273    0.4444        22
         hdx     0.3333    0.3529    0.3429        17
         mtx     0.2353    0.2105    0.2222        19
         nqx     0.5385    0.5833    0.5600        12
         qtx     0.7500    0.5333    0.6234        45
         zxx     0.7105    0.6923    0.7013        39

    accuracy                         0.4973       185
   macro avg     0.4797    0.4797    0.4611       185
weighted avg     0.5389    0.4973    0.4988       185

micro f-score: 0.4972972972972973

========== Train Epoch 22 ==========
Loss: 0.260	Accuracy: 57.84%	Cost 45s
              precision    recall  f1-score   support

         bzx     0.5484    0.5484    0.5484        31
         cwx     0.3529    0.8182    0.4932        22
         hdx     0.3571    0.2941    0.3226        17
         mtx     0.8000    0.2105    0.3333        19
         nqx     0.6667    0.6667    0.6667        12
         qtx     0.7941    0.6000    0.6835        45
         zxx     0.7368    0.7179    0.7273        39

    accuracy                         0.5784       185
   macro avg     0.6080    0.5508    0.5393       185
weighted avg     0.6406    0.5784    0.5772       185

micro f-score: 0.5783783783783784

========== Train Epoch 23 ==========
Loss: 0.184	Accuracy: 56.76%	Cost 45s
              precision    recall  f1-score   support

         bzx     0.5882    0.3226    0.4167        31
         cwx     0.5200    0.5909    0.5532        22
         hdx     0.4231    0.6471    0.5116        17
         mtx     0.3000    0.3158    0.3077        19
         nqx     0.5385    0.5833    0.5600        12
         qtx     0.7179    0.6222    0.6667        45
         zxx     0.6667    0.7692    0.7143        39

    accuracy                         0.5676       185
   macro avg     0.5363    0.5502    0.5329       185
weighted avg     0.5802    0.5676    0.5633       185

micro f-score: 0.5675675675675675

========== Train Epoch 24 ==========
Loss: 0.140	Accuracy: 56.76%	Cost 45s
              precision    recall  f1-score   support

         bzx     0.6429    0.2903    0.4000        31
         cwx     0.4545    0.4545    0.4545        22
         hdx     0.5625    0.5294    0.5455        17
         mtx     0.5556    0.2632    0.3571        19
         nqx     0.5833    0.5833    0.5833        12
         qtx     0.7174    0.7333    0.7253        45
         zxx     0.4848    0.8205    0.6095        39

    accuracy                         0.5676       185
   macro avg     0.5716    0.5249    0.5250       185
weighted avg     0.5851    0.5676    0.5506       185

micro f-score: 0.5675675675675675

========== Train Epoch 25 ==========
Loss: 0.140	Accuracy: 56.22%	Cost 43s
              precision    recall  f1-score   support

         bzx     0.5000    0.5484    0.5231        31
         cwx     0.6842    0.5909    0.6341        22
         hdx     0.3448    0.5882    0.4348        17
         mtx     0.2812    0.4737    0.3529        19
         nqx     0.4667    0.5833    0.5185        12
         qtx     0.8286    0.6444    0.7250        45
         zxx     0.9048    0.4872    0.6333        39

    accuracy                         0.5622       185
   macro avg     0.5729    0.5595    0.5460       185
weighted avg     0.6483    0.5622    0.5828       185

micro f-score: 0.5621621621621622

========== Train Epoch 26 ==========
Loss: 0.125	Accuracy: 56.76%	Cost 46s
              precision    recall  f1-score   support

         bzx     0.4400    0.3548    0.3929        31
         cwx     0.4242    0.6364    0.5091        22
         hdx     0.4545    0.5882    0.5128        17
         mtx     0.4615    0.3158    0.3750        19
         nqx     0.5385    0.5833    0.5600        12
         qtx     0.8182    0.6000    0.6923        45
         zxx     0.6522    0.7692    0.7059        39

    accuracy                         0.5676       185
   macro avg     0.5413    0.5497    0.5354       185
weighted avg     0.5848    0.5676    0.5655       185

micro f-score: 0.5675675675675675

========== Train Epoch 27 ==========
Loss: 0.095	Accuracy: 60.54%	Cost 45s
              precision    recall  f1-score   support

         bzx     0.5152    0.5484    0.5312        31
         cwx     0.5200    0.5909    0.5532        22
         hdx     0.5000    0.5294    0.5143        17
         mtx     0.5000    0.4211    0.4571        19
         nqx     0.4615    0.5000    0.4800        12
         qtx     0.7750    0.6889    0.7294        45
         zxx     0.7000    0.7179    0.7089        39

    accuracy                         0.6054       185
   macro avg     0.5674    0.5709    0.5677       185
weighted avg     0.6115    0.6054    0.6070       185

micro f-score: 0.6054054054054054

========== Train Epoch 28 ==========
Loss: 0.084	Accuracy: 58.92%	Cost 45s
              precision    recall  f1-score   support

         bzx     0.5135    0.6129    0.5588        31
         cwx     0.6000    0.8182    0.6923        22
         hdx     0.5385    0.4118    0.4667        17
         mtx     0.2917    0.3684    0.3256        19
         nqx     0.4545    0.4167    0.4348        12
         qtx     0.7778    0.6222    0.6914        45
         zxx     0.7353    0.6410    0.6849        39

    accuracy                         0.5892       185
   macro avg     0.5588    0.5559    0.5506       185
weighted avg     0.6105    0.5892    0.5931       185

micro f-score: 0.5891891891891892

========== Train Epoch 29 ==========
Loss: 0.086	Accuracy: 61.08%	Cost 47s
              precision    recall  f1-score   support

         bzx     0.5909    0.4194    0.4906        31
         cwx     0.6154    0.7273    0.6667        22
         hdx     0.5789    0.6471    0.6111        17
         mtx     0.3810    0.4211    0.4000        19
         nqx     0.5000    0.5833    0.5385        12
         qtx     0.7500    0.6667    0.7059        45
         zxx     0.6512    0.7179    0.6829        39

    accuracy                         0.6108       185
   macro avg     0.5811    0.5975    0.5851       185
weighted avg     0.6167    0.6108    0.6093       185

micro f-score: 0.6108108108108108

========== Train Epoch 30 ==========
Loss: 0.065	Accuracy: 61.62%	Cost 44s
              precision    recall  f1-score   support

         bzx     0.6522    0.4839    0.5556        31
         cwx     0.5312    0.7727    0.6296        22
         hdx     0.4783    0.6471    0.5500        17
         mtx     0.5455    0.3158    0.4000        19
         nqx     0.4667    0.5833    0.5185        12
         qtx     0.7436    0.6444    0.6905        45
         zxx     0.6905    0.7436    0.7160        39

    accuracy                         0.6162       185
   macro avg     0.5868    0.5987    0.5800       185
weighted avg     0.6291    0.6162    0.6121       185

micro f-score: 0.6162162162162163

========== Train Epoch 31 ==========
Loss: 0.058	Accuracy: 58.92%	Cost 47s
              precision    recall  f1-score   support

         bzx     0.5833    0.4516    0.5091        31
         cwx     0.4800    0.5455    0.5106        22
         hdx     0.6000    0.5294    0.5625        17
         mtx     0.4545    0.2632    0.3333        19
         nqx     0.5000    0.6667    0.5714        12
         qtx     0.7442    0.7111    0.7273        45
         zxx     0.5686    0.7436    0.6444        39

    accuracy                         0.5892       185
   macro avg     0.5615    0.5587    0.5512       185
weighted avg     0.5900    0.5892    0.5818       185

micro f-score: 0.5891891891891892

========== Train Epoch 32 ==========
Loss: 0.069	Accuracy: 62.70%	Cost 45s
              precision    recall  f1-score   support

         bzx     0.6842    0.4194    0.5200        31
         cwx     0.6296    0.7727    0.6939        22
         hdx     0.5000    0.7059    0.5854        17
         mtx     0.4375    0.3684    0.4000        19
         nqx     0.6429    0.7500    0.6923        12
         qtx     0.7436    0.6444    0.6905        45
         zxx     0.6304    0.7436    0.6824        39

    accuracy                         0.6270       185
   macro avg     0.6097    0.6292    0.6092       185
weighted avg     0.6359    0.6270    0.6212       185

micro f-score: 0.6270270270270271

========== Train Epoch 33 ==========
Loss: 0.076	Accuracy: 61.62%	Cost 48s
              precision    recall  f1-score   support

         bzx     0.5143    0.5806    0.5455        31
         cwx     0.6250    0.6818    0.6522        22
         hdx     0.5000    0.6471    0.5641        17
         mtx     0.5000    0.3684    0.4242        19
         nqx     0.5000    0.6667    0.5714        12
         qtx     0.7838    0.6444    0.7073        45
         zxx     0.7027    0.6667    0.6842        39

    accuracy                         0.6162       185
   macro avg     0.5894    0.6080    0.5927       185
weighted avg     0.6290    0.6162    0.6177       185

micro f-score: 0.6162162162162163

========== Train Epoch 34 ==========
Loss: 0.072	Accuracy: 57.30%	Cost 43s
              precision    recall  f1-score   support

         bzx     0.6000    0.4839    0.5357        31
         cwx     0.4444    0.7273    0.5517        22
         hdx     0.4667    0.4118    0.4375        17
         mtx     0.2500    0.1579    0.1935        19
         nqx     0.4500    0.7500    0.5625        12
         qtx     0.7436    0.6444    0.6905        45
         zxx     0.7105    0.6923    0.7013        39

    accuracy                         0.5730       185
   macro avg     0.5236    0.5525    0.5247       185
weighted avg     0.5818    0.5730    0.5677       185

micro f-score: 0.572972972972973

========== Train Epoch 35 ==========
Loss: 0.076	Accuracy: 60.00%	Cost 45s
              precision    recall  f1-score   support

         bzx     0.5172    0.4839    0.5000        31
         cwx     0.4848    0.7273    0.5818        22
         hdx     0.6429    0.5294    0.5806        17
         mtx     0.5000    0.3158    0.3871        19
         nqx     0.6364    0.5833    0.6087        12
         qtx     0.7436    0.6444    0.6905        45
         zxx     0.6170    0.7436    0.6744        39

    accuracy                         0.6000       185
   macro avg     0.5917    0.5754    0.5747       185
weighted avg     0.6070    0.6000    0.5957       185

micro f-score: 0.6

========== Train Epoch 36 ==========
Loss: 0.050	Accuracy: 60.00%	Cost 43s
              precision    recall  f1-score   support

         bzx     0.5652    0.4194    0.4815        31
         cwx     0.5172    0.6818    0.5882        22
         hdx     0.6667    0.4706    0.5517        17
         mtx     0.5714    0.2105    0.3077        19
         nqx     0.5000    0.6667    0.5714        12
         qtx     0.6471    0.7333    0.6875        45
         zxx     0.6383    0.7692    0.6977        39

    accuracy                         0.6000       185
   macro avg     0.5866    0.5645    0.5551       185
weighted avg     0.6006    0.6000    0.5843       185

micro f-score: 0.6

========== Train Epoch 37 ==========
Loss: 0.039	Accuracy: 57.30%	Cost 45s
              precision    recall  f1-score   support

         bzx     0.4688    0.4839    0.4762        31
         cwx     0.5714    0.5455    0.5581        22
         hdx     0.5000    0.5294    0.5143        17
         mtx     0.3333    0.3158    0.3243        19
         nqx     0.4211    0.6667    0.5161        12
         qtx     0.7632    0.6444    0.6988        45
         zxx     0.6923    0.6923    0.6923        39

    accuracy                         0.5730       185
   macro avg     0.5357    0.5540    0.5400       185
weighted avg     0.5856    0.5730    0.5761       185

micro f-score: 0.572972972972973

========== Train Epoch 38 ==========
Loss: 0.052	Accuracy: 58.92%	Cost 44s
              precision    recall  f1-score   support

         bzx     0.5652    0.4194    0.4815        31
         cwx     0.5714    0.7273    0.6400        22
         hdx     0.4444    0.7059    0.5455        17
         mtx     0.4375    0.3684    0.4000        19
         nqx     0.5385    0.5833    0.5600        12
         qtx     0.7273    0.5333    0.6154        45
         zxx     0.6667    0.7692    0.7143        39

    accuracy                         0.5892       185
   macro avg     0.5644    0.5867    0.5652       185
weighted avg     0.6008    0.5892    0.5846       185

micro f-score: 0.5891891891891892

========== Train Epoch 39 ==========
Loss: 0.045	Accuracy: 57.84%	Cost 45s
              precision    recall  f1-score   support

         bzx     0.4167    0.6452    0.5063        31
         cwx     0.6429    0.4091    0.5000        22
         hdx     0.5000    0.3529    0.4138        17
         mtx     0.5714    0.4211    0.4848        19
         nqx     0.5833    0.5833    0.5833        12
         qtx     0.7179    0.6222    0.6667        45
         zxx     0.6304    0.7436    0.6824        39

    accuracy                         0.5784       185
   macro avg     0.5804    0.5396    0.5482       185
weighted avg     0.5963    0.5784    0.5760       185

micro f-score: 0.5783783783783784

========== Train Epoch 40 ==========
Loss: 0.103	Accuracy: 60.54%	Cost 44s
              precision    recall  f1-score   support

         bzx     0.5789    0.3548    0.4400        31
         cwx     0.4848    0.7273    0.5818        22
         hdx     0.6111    0.6471    0.6286        17
         mtx     0.4286    0.3158    0.3636        19
         nqx     0.5294    0.7500    0.6207        12
         qtx     0.7941    0.6000    0.6835        45
         zxx     0.6400    0.8205    0.7191        39

    accuracy                         0.6054       185
   macro avg     0.5810    0.6022    0.5768       185
weighted avg     0.6173    0.6054    0.5961       185

micro f-score: 0.6054054054054054

========== Train Epoch 41 ==========
Loss: 0.039	Accuracy: 63.24%	Cost 45s
              precision    recall  f1-score   support

         bzx     0.5405    0.6452    0.5882        31
         cwx     0.5556    0.6818    0.6122        22
         hdx     0.6923    0.5294    0.6000        17
         mtx     0.5000    0.4211    0.4571        19
         nqx     0.7778    0.5833    0.6667        12
         qtx     0.6957    0.7111    0.7033        45
         zxx     0.7027    0.6667    0.6842        39

    accuracy                         0.6324       185
   macro avg     0.6378    0.6055    0.6160       185
weighted avg     0.6394    0.6324    0.6320       185

micro f-score: 0.6324324324324324

========== Train Epoch 42 ==========
Loss: 0.028	Accuracy: 62.70%	Cost 45s
              precision    recall  f1-score   support

         bzx     0.5862    0.5484    0.5667        31
         cwx     0.5484    0.7727    0.6415        22
         hdx     0.7000    0.4118    0.5185        17
         mtx     0.4000    0.4211    0.4103        19
         nqx     0.5385    0.5833    0.5600        12
         qtx     0.7895    0.6667    0.7229        45
         zxx     0.6818    0.7692    0.7229        39

    accuracy                         0.6270       185
   macro avg     0.6063    0.5962    0.5918       185
weighted avg     0.6395    0.6270    0.6256       185

micro f-score: 0.6270270270270271

========== Train Epoch 43 ==========
Loss: 0.025	Accuracy: 62.16%	Cost 45s
              precision    recall  f1-score   support

         bzx     0.6364    0.4516    0.5283        31
         cwx     0.6071    0.7727    0.6800        22
         hdx     0.6429    0.5294    0.5806        17
         mtx     0.4118    0.3684    0.3889        19
         nqx     0.5000    0.5833    0.5385        12
         qtx     0.7111    0.7111    0.7111        45
         zxx     0.6444    0.7436    0.6905        39

    accuracy                         0.6216       185
   macro avg     0.5934    0.5943    0.5883       185
weighted avg     0.6215    0.6216    0.6161       185

micro f-score: 0.6216216216216216

========== Train Epoch 44 ==========
Loss: 0.021	Accuracy: 63.78%	Cost 47s
              precision    recall  f1-score   support

         bzx     0.6000    0.4839    0.5357        31
         cwx     0.6957    0.7273    0.7111        22
         hdx     0.6875    0.6471    0.6667        17
         mtx     0.4375    0.3684    0.4000        19
         nqx     0.5385    0.5833    0.5600        12
         qtx     0.7381    0.6889    0.7126        45
         zxx     0.6200    0.7949    0.6966        39

    accuracy                         0.6378       185
   macro avg     0.6167    0.6134    0.6118       185
weighted avg     0.6365    0.6378    0.6332       185

micro f-score: 0.6378378378378379

========== Train Epoch 45 ==========
Loss: 0.019	Accuracy: 62.70%	Cost 44s
              precision    recall  f1-score   support

         bzx     0.5263    0.6452    0.5797        31
         cwx     0.6667    0.7273    0.6957        22
         hdx     0.5882    0.5882    0.5882        17
         mtx     0.5000    0.4211    0.4571        19
         nqx     0.5000    0.5833    0.5385        12
         qtx     0.8333    0.5556    0.6667        45
         zxx     0.6522    0.7692    0.7059        39

    accuracy                         0.6270       185
   macro avg     0.6095    0.6128    0.6045       185
weighted avg     0.6455    0.6270    0.6268       185

micro f-score: 0.6270270270270271

========== Train Epoch 46 ==========
Loss: 0.015	Accuracy: 63.24%	Cost 45s
              precision    recall  f1-score   support

         bzx     0.6071    0.5484    0.5763        31
         cwx     0.6538    0.7727    0.7083        22
         hdx     0.6429    0.5294    0.5806        17
         mtx     0.4444    0.4211    0.4324        19
         nqx     0.6364    0.5833    0.6087        12
         qtx     0.7561    0.6889    0.7209        45
         zxx     0.5957    0.7179    0.6512        39

    accuracy                         0.6324       185
   macro avg     0.6195    0.6088    0.6112       185
weighted avg     0.6350    0.6324    0.6307       185

micro f-score: 0.6324324324324324

========== Train Epoch 47 ==========
Loss: 0.011	Accuracy: 63.78%	Cost 45s
              precision    recall  f1-score   support

         bzx     0.5938    0.6129    0.6032        31
         cwx     0.6800    0.7727    0.7234        22
         hdx     0.4783    0.6471    0.5500        17
         mtx     0.5455    0.3158    0.4000        19
         nqx     0.5294    0.7500    0.6207        12
         qtx     0.8000    0.6222    0.7000        45
         zxx     0.6667    0.7179    0.6914        39

    accuracy                         0.6378       185
   macro avg     0.6134    0.6341    0.6127       185
weighted avg     0.6498    0.6378    0.6350       185

micro f-score: 0.6378378378378379

========== Train Epoch 48 ==========
Loss: 0.023	Accuracy: 61.08%	Cost 45s
              precision    recall  f1-score   support

         bzx     0.5667    0.5484    0.5574        31
         cwx     0.6296    0.7727    0.6939        22
         hdx     0.5000    0.5294    0.5143        17
         mtx     0.5000    0.3684    0.4242        19
         nqx     0.5833    0.5833    0.5833        12
         qtx     0.7568    0.6222    0.6829        45
         zxx     0.5957    0.7179    0.6512        39

    accuracy                         0.6108       185
   macro avg     0.5903    0.5918    0.5867       185
weighted avg     0.6146    0.6108    0.6080       185

micro f-score: 0.6108108108108108

========== Train Epoch 49 ==========
Loss: 0.022	Accuracy: 62.16%	Cost 45s
              precision    recall  f1-score   support

         bzx     0.5294    0.5806    0.5538        31
         cwx     0.5667    0.7727    0.6538        22
         hdx     0.6000    0.7059    0.6486        17
         mtx     0.5385    0.3684    0.4375        19
         nqx     0.6364    0.5833    0.6087        12
         qtx     0.7879    0.5778    0.6667        45
         zxx     0.6364    0.7179    0.6747        39

    accuracy                         0.6216       185
   macro avg     0.6136    0.6152    0.6063       185
weighted avg     0.6336    0.6216    0.6190       185

micro f-score: 0.6216216216216216

========== Train Epoch 50 ==========
Loss: 0.018	Accuracy: 64.86%	Cost 44s
              precision    recall  f1-score   support

         bzx     0.5556    0.6452    0.5970        31
         cwx     0.6400    0.7273    0.6809        22
         hdx     0.6316    0.7059    0.6667        17
         mtx     0.5294    0.4737    0.5000        19
         nqx     0.6000    0.7500    0.6667        12
         qtx     0.8387    0.5778    0.6842        45
         zxx     0.6667    0.7179    0.6914        39

    accuracy                         0.6486       185
   macro avg     0.6374    0.6568    0.6410       185
weighted avg     0.6651    0.6486    0.6490       185

micro f-score: 0.6486486486486487

========== Train Epoch 51 ==========
Loss: 0.028	Accuracy: 61.62%	Cost 44s
              precision    recall  f1-score   support

         bzx     0.5625    0.5806    0.5714        31
         cwx     0.5909    0.5909    0.5909        22
         hdx     0.5500    0.6471    0.5946        17
         mtx     0.5000    0.2105    0.2963        19
         nqx     0.3810    0.6667    0.4848        12
         qtx     0.7619    0.7111    0.7356        45
         zxx     0.7000    0.7179    0.7089        39

    accuracy                         0.6162       185
   macro avg     0.5780    0.5893    0.5689       185
weighted avg     0.6240    0.6162    0.6109       185

micro f-score: 0.6162162162162163

========== Train Epoch 52 ==========
Loss: 0.034	Accuracy: 59.46%	Cost 47s
              precision    recall  f1-score   support

         bzx     0.5172    0.4839    0.5000        31
         cwx     0.5909    0.5909    0.5909        22
         hdx     0.6111    0.6471    0.6286        17
         mtx     0.6000    0.1579    0.2500        19
         nqx     0.6000    0.5000    0.5455        12
         qtx     0.5833    0.7778    0.6667        45
         zxx     0.6585    0.6923    0.6750        39

    accuracy                         0.5946       185
   macro avg     0.5944    0.5500    0.5509       185
weighted avg     0.5944    0.5946    0.5773       185

micro f-score: 0.5945945945945946

========== Train Epoch 53 ==========
Loss: 0.071	Accuracy: 57.30%	Cost 47s
              precision    recall  f1-score   support

         bzx     0.4773    0.6774    0.5600        31
         cwx     0.6667    0.3636    0.4706        22
         hdx     0.4800    0.7059    0.5714        17
         mtx     0.3529    0.3158    0.3333        19
         nqx     0.4737    0.7500    0.5806        12
         qtx     0.7647    0.5778    0.6582        45
         zxx     0.7059    0.6154    0.6575        39

    accuracy                         0.5730       185
   macro avg     0.5602    0.5723    0.5474       185
weighted avg     0.6052    0.5730    0.5729       185

micro f-score: 0.572972972972973

========== Train Epoch 54 ==========
Loss: 0.047	Accuracy: 59.46%	Cost 44s
              precision    recall  f1-score   support

         bzx     0.5122    0.6774    0.5833        31
         cwx     0.4231    0.5000    0.4583        22
         hdx     0.6667    0.4706    0.5517        17
         mtx     0.3333    0.1579    0.2143        19
         nqx     0.6667    0.5000    0.5714        12
         qtx     0.7895    0.6667    0.7229        45
         zxx     0.6200    0.7949    0.6966        39

    accuracy                         0.5946       185
   macro avg     0.5731    0.5382    0.5427       185
weighted avg     0.5976    0.5946    0.5847       185

micro f-score: 0.5945945945945946

========== Train Epoch 55 ==========
Loss: 0.120	Accuracy: 58.38%	Cost 46s
              precision    recall  f1-score   support

         bzx     0.6087    0.4516    0.5185        31
         cwx     0.6500    0.5909    0.6190        22
         hdx     0.4800    0.7059    0.5714        17
         mtx     0.4000    0.3158    0.3529        19
         nqx     0.3636    0.6667    0.4706        12
         qtx     0.7179    0.6222    0.6667        45
         zxx     0.6585    0.6923    0.6750        39

    accuracy                         0.5838       185
   macro avg     0.5541    0.5779    0.5535       185
weighted avg     0.6015    0.5838    0.5842       185

micro f-score: 0.5837837837837838

========== Train Epoch 56 ==========
Loss: 0.044	Accuracy: 60.54%	Cost 46s
              precision    recall  f1-score   support

         bzx     0.5625    0.5806    0.5714        31
         cwx     0.5909    0.5909    0.5909        22
         hdx     0.6250    0.5882    0.6061        17
         mtx     0.3478    0.4211    0.3810        19
         nqx     0.5833    0.5833    0.5833        12
         qtx     0.7143    0.6667    0.6897        45
         zxx     0.6842    0.6667    0.6753        39

    accuracy                         0.6054       185
   macro avg     0.5869    0.5854    0.5854       185
weighted avg     0.6135    0.6054    0.6088       185

micro f-score: 0.6054054054054054

========== Train Epoch 57 ==========
Loss: 0.033	Accuracy: 61.62%	Cost 45s
              precision    recall  f1-score   support

         bzx     0.5278    0.6129    0.5672        31
         cwx     0.5357    0.6818    0.6000        22
         hdx     0.7273    0.4706    0.5714        17
         mtx     0.4118    0.3684    0.3889        19
         nqx     0.6364    0.5833    0.6087        12
         qtx     0.7500    0.6667    0.7059        45
         zxx     0.6667    0.7179    0.6914        39

    accuracy                         0.6162       185
   macro avg     0.6079    0.5860    0.5905       185
weighted avg     0.6255    0.6162    0.6158       185

micro f-score: 0.6162162162162163

========== Train Epoch 58 ==========
Loss: 0.044	Accuracy: 58.38%	Cost 44s
              precision    recall  f1-score   support

         bzx     0.5500    0.3548    0.4314        31
         cwx     0.6190    0.5909    0.6047        22
         hdx     1.0000    0.3529    0.5217        17
         mtx     0.4706    0.4211    0.4444        19
         nqx     0.4118    0.5833    0.4828        12
         qtx     0.7209    0.6889    0.7045        45
         zxx     0.5246    0.8205    0.6400        39

    accuracy                         0.5838       185
   macro avg     0.6138    0.5446    0.5471       185
weighted avg     0.6187    0.5838    0.5754       185

micro f-score: 0.5837837837837838

========== Train Epoch 59 ==========
Loss: 0.042	Accuracy: 58.92%	Cost 46s
              precision    recall  f1-score   support

         bzx     0.6250    0.3226    0.4255        31
         cwx     0.4706    0.7273    0.5714        22
         hdx     0.5556    0.5882    0.5714        17
         mtx     0.6667    0.3158    0.4286        19
         nqx     0.6000    0.7500    0.6667        12
         qtx     0.7250    0.6444    0.6824        45
         zxx     0.5472    0.7436    0.6304        39

    accuracy                         0.5892       185
   macro avg     0.5986    0.5846    0.5681       185
weighted avg     0.6108    0.5892    0.5779       185

micro f-score: 0.5891891891891892

========== Train Epoch 60 ==========
Loss: 0.044	Accuracy: 60.54%	Cost 46s
              precision    recall  f1-score   support

         bzx     0.4872    0.6129    0.5429        31
         cwx     0.5294    0.4091    0.4615        22
         hdx     0.7778    0.4118    0.5385        17
         mtx     0.4667    0.3684    0.4118        19
         nqx     0.6154    0.6667    0.6400        12
         qtx     0.6875    0.7333    0.7097        45
         zxx     0.6591    0.7436    0.6988        39

    accuracy                         0.6054       185
   macro avg     0.6033    0.5637    0.5719       185
weighted avg     0.6101    0.6054    0.5991       185

micro f-score: 0.6054054054054054

========== Train Epoch 61 ==========
Loss: 0.051	Accuracy: 58.38%	Cost 43s
              precision    recall  f1-score   support

         bzx     0.7143    0.4839    0.5769        31
         cwx     0.5385    0.6364    0.5833        22
         hdx     0.4500    0.5294    0.4865        17
         mtx     0.4444    0.2105    0.2857        19
         nqx     0.4000    0.6667    0.5000        12
         qtx     0.6842    0.5778    0.6265        45
         zxx     0.6275    0.8205    0.7111        39

    accuracy                         0.5838       185
   macro avg     0.5513    0.5607    0.5386       185
weighted avg     0.5954    0.5838    0.5748       185

micro f-score: 0.5837837837837838

========== Train Epoch 62 ==========
Loss: 0.095	Accuracy: 57.84%	Cost 46s
              precision    recall  f1-score   support

         bzx     0.6842    0.4194    0.5200        31
         cwx     0.4054    0.6818    0.5085        22
         hdx     0.5238    0.6471    0.5789        17
         mtx     0.5000    0.2105    0.2963        19
         nqx     0.5000    0.6667    0.5714        12
         qtx     0.6512    0.6222    0.6364        45
         zxx     0.6829    0.7179    0.7000        39

    accuracy                         0.5784       185
   macro avg     0.5639    0.5665    0.5445       185
weighted avg     0.5971    0.5784    0.5707       185

micro f-score: 0.5783783783783784

========== Train Epoch 63 ==========
Loss: 0.043	Accuracy: 61.62%	Cost 46s
              precision    recall  f1-score   support

         bzx     0.6400    0.5161    0.5714        31
         cwx     0.5556    0.6818    0.6122        22
         hdx     0.5000    0.5882    0.5405        17
         mtx     0.5833    0.3684    0.4516        19
         nqx     0.5714    0.6667    0.6154        12
         qtx     0.6977    0.6667    0.6818        45
         zxx     0.6364    0.7179    0.6747        39

    accuracy                         0.6162       185
   macro avg     0.5978    0.6008    0.5925       185
weighted avg     0.6201    0.6162    0.6126       185

micro f-score: 0.6162162162162163

========== Train Epoch 64 ==========
Loss: 0.039	Accuracy: 61.62%	Cost 42s
              precision    recall  f1-score   support

         bzx     0.6190    0.4194    0.5000        31
         cwx     0.5000    0.8182    0.6207        22
         hdx     0.6667    0.4706    0.5517        17
         mtx     0.8333    0.2632    0.4000        19
         nqx     0.5294    0.7500    0.6207        12
         qtx     0.7561    0.6889    0.7209        45
         zxx     0.5769    0.7692    0.6593        39

    accuracy                         0.6162       185
   macro avg     0.6402    0.5971    0.5819       185
weighted avg     0.6499    0.6162    0.6040       185

micro f-score: 0.6162162162162163

Finished training!!!

Min Loss = 0.011 in epoch 46;
Max Accuracy = 64.86% in epoch 49;
Total Cost 48 minutes

==========================================================================================
Layer (type:depth-idx)                   Output Shape              Param #
==========================================================================================
Sequential: 1-1                        [-1, 256, 9, 9]           --
|    Conv2d: 2-1                       [-1, 64, 79, 79]          23,296
|    ReLU: 2-2                         [-1, 64, 79, 79]          --
|    MaxPool2d: 2-3                    [-1, 64, 39, 39]          --
|    Conv2d: 2-4                       [-1, 192, 39, 39]         307,392
|    ReLU: 2-5                         [-1, 192, 39, 39]         --
|    MaxPool2d: 2-6                    [-1, 192, 19, 19]         --
|    Conv2d: 2-7                       [-1, 384, 19, 19]         663,936
|    ReLU: 2-8                         [-1, 384, 19, 19]         --
|    Conv2d: 2-9                       [-1, 256, 19, 19]         884,992
|    ReLU: 2-10                        [-1, 256, 19, 19]         --
|    Conv2d: 2-11                      [-1, 256, 19, 19]         590,080
|    ReLU: 2-12                        [-1, 256, 19, 19]         --
|    MaxPool2d: 2-13                   [-1, 256, 9, 9]           --
AdaptiveAvgPool2d: 1-2                 [-1, 256, 6, 6]           --
Sequential: 1-3                        [-1, 7]                   --
|    Dropout: 2-14                     [-1, 9216]                --
|    Linear: 2-15                      [-1, 4096]                37,752,832
|    ReLU: 2-16                        [-1, 4096]                --
|    Dropout: 2-17                     [-1, 4096]                --
|    Linear: 2-18                      [-1, 4096]                16,781,312
|    ReLU: 2-19                        [-1, 4096]                --
|    Linear: 2-20                      [-1, 7]                   28,679
==========================================================================================
Total params: 57,032,519
Trainable params: 57,032,519
Non-trainable params: 0
Total mult-adds (G): 1.50
==========================================================================================
Input size (MB): 1.17
Forward/backward pass size (MB): 7.81
Params size (MB): 217.56
Estimated Total Size (MB): 226.54
==========================================================================================



Traceback (most recent call last):
  File "train.py", line 247, in <module>
    train_size = int(0.8 * full_size)
  File "train.py", line 177, in train
    max_accuracy_epoch,
  File "/home/djy/anaconda3/envs/pytorch/lib/python3.7/site-packages/torchstat/statistics.py", line 71, in stat
    ms.show_report()
  File "/home/djy/anaconda3/envs/pytorch/lib/python3.7/site-packages/torchstat/statistics.py", line 64, in show_report
    collected_nodes = self._analyze_model()
  File "/home/djy/anaconda3/envs/pytorch/lib/python3.7/site-packages/torchstat/statistics.py", line 57, in _analyze_model
    model_hook = ModelHook(self._model, self._input_size)
  File "/home/djy/anaconda3/envs/pytorch/lib/python3.7/site-packages/torchstat/model_hook.py", line 24, in __init__
    self._model(x)
  File "/home/djy/anaconda3/envs/pytorch/lib/python3.7/site-packages/torch/nn/modules/module.py", line 1102, in _call_impl
    return forward_call(*input, **kwargs)
  File "/home/djy/dl/models/alexnet.py", line 48, in forward
    x = self.features(x)
  File "/home/djy/anaconda3/envs/pytorch/lib/python3.7/site-packages/torch/nn/modules/module.py", line 1102, in _call_impl
    return forward_call(*input, **kwargs)
  File "/home/djy/anaconda3/envs/pytorch/lib/python3.7/site-packages/torch/nn/modules/container.py", line 141, in forward
    input = module(input)
  File "/home/djy/anaconda3/envs/pytorch/lib/python3.7/site-packages/torchstat/model_hook.py", line 50, in wrap_call
    output = self._origin_call[module.__class__](module, *input, **kwargs)
  File "/home/djy/anaconda3/envs/pytorch/lib/python3.7/site-packages/torch/nn/modules/module.py", line 1102, in _call_impl
    return forward_call(*input, **kwargs)
  File "/home/djy/anaconda3/envs/pytorch/lib/python3.7/site-packages/torch/nn/modules/conv.py", line 446, in forward
    return self._conv_forward(input, self.weight, self.bias)
  File "/home/djy/anaconda3/envs/pytorch/lib/python3.7/site-packages/torch/nn/modules/conv.py", line 443, in _conv_forward
    self.padding, self.dilation, self.groups)
RuntimeError: Input type (torch.FloatTensor) and weight type (torch.cuda.FloatTensor) should be the same or input should be a MKLDNN tensor and weight is a dense tensor
