dataset_path: /home/djy/dataset/dataset2
pretrained : False 
parallel: True

parallel segment dataset : /home/djy/dataset/ycrcb_hsv_dataset2
net: hcam_sppb_resnet_alexnet.resnet18
msg: 
using model: ResNet, resnet18
using device cuda:0
batch_size = 20
epochs = 128
loss_function = CrossEntropyLoss()
optimizer = Adam (
Parameter Group 0
    amsgrad: False
    betas: (0.9, 0.999)
    eps: 1e-08
    lr: 0.001
    weight_decay: 0
)


========== Train Epoch 1 ==========
Loss: 1.959	Accuracy: 22.70%	Cost 32s
              precision    recall  f1-score   support

         bzx     0.2119    0.8065    0.3356        31
         cwx     0.1875    0.1364    0.1579        22
         hdx     0.0000    0.0000    0.0000        17
         mtx     0.2353    0.2105    0.2222        19
         nqx     0.2333    0.5833    0.3333        12
         qtx     0.5000    0.0222    0.0426        45
         zxx     1.0000    0.0513    0.0976        39

    accuracy                         0.2270       185
   macro avg     0.3383    0.2586    0.1699       185
weighted avg     0.4295    0.2270    0.1504       185

micro f-score: 0.22702702702702704

========== Train Epoch 2 ==========
Loss: 1.721	Accuracy: 31.35%	Cost 32s
              precision    recall  f1-score   support

         bzx     1.0000    0.0323    0.0625        31
         cwx     0.3333    0.0455    0.0800        22
         hdx     0.0000    0.0000    0.0000        17
         mtx     0.0000    0.0000    0.0000        19
         nqx     0.1333    0.8333    0.2299        12
         qtx     0.5111    0.5111    0.5111        45
         zxx     0.3770    0.5897    0.4600        39

    accuracy                         0.3135       185
   macro avg     0.3364    0.2874    0.1919       185
weighted avg     0.4197    0.3135    0.2562       185

micro f-score: 0.31351351351351353

========== Train Epoch 3 ==========
Loss: 1.730	Accuracy: 29.73%	Cost 31s
              precision    recall  f1-score   support

         bzx     0.2237    0.5484    0.3178        31
         cwx     0.1915    0.4091    0.2609        22
         hdx     0.0000    0.0000    0.0000        17
         mtx     0.0000    0.0000    0.0000        19
         nqx     0.3846    0.4167    0.4000        12
         qtx     0.4706    0.3556    0.4051        45
         zxx     0.5333    0.2051    0.2963        39

    accuracy                         0.2973       185
   macro avg     0.2577    0.2764    0.2400       185
weighted avg     0.3121    0.2973    0.2712       185

micro f-score: 0.2972972972972973

========== Train Epoch 4 ==========
Loss: 1.630	Accuracy: 37.84%	Cost 32s
              precision    recall  f1-score   support

         bzx     0.5000    0.2258    0.3111        31
         cwx     0.1765    0.1364    0.1538        22
         hdx     0.0000    0.0000    0.0000        17
         mtx     0.0000    0.0000    0.0000        19
         nqx     0.2500    0.1667    0.2000        12
         qtx     0.4023    0.7778    0.5303        45
         zxx     0.3898    0.5897    0.4694        39

    accuracy                         0.3784       185
   macro avg     0.2455    0.2709    0.2378       185
weighted avg     0.3010    0.3784    0.3113       185

micro f-score: 0.37837837837837834

========== Train Epoch 5 ==========
Loss: 1.597	Accuracy: 41.62%	Cost 32s
              precision    recall  f1-score   support

         bzx     0.4167    0.3226    0.3636        31
         cwx     0.4286    0.1364    0.2069        22
         hdx     0.1333    0.1176    0.1250        17
         mtx     0.0000    0.0000    0.0000        19
         nqx     0.2353    0.3333    0.2759        12
         qtx     0.7419    0.5111    0.6053        45
         zxx     0.3846    0.8974    0.5385        39

    accuracy                         0.4162       185
   macro avg     0.3343    0.3312    0.3022       185
weighted avg     0.4099    0.4162    0.3757       185

micro f-score: 0.41621621621621624

========== Train Epoch 6 ==========
Loss: 1.559	Accuracy: 35.14%	Cost 31s
              precision    recall  f1-score   support

         bzx     0.6000    0.0968    0.1667        31
         cwx     0.2353    0.3636    0.2857        22
         hdx     0.0000    0.0000    0.0000        17
         mtx     0.1875    0.1579    0.1714        19
         nqx     0.3125    0.4167    0.3571        12
         qtx     0.4133    0.6889    0.5167        45
         zxx     0.4545    0.3846    0.4167        39

    accuracy                         0.3514       185
   macro avg     0.3147    0.3012    0.2735       185
weighted avg     0.3644    0.3514    0.3162       185

micro f-score: 0.35135135135135137

========== Train Epoch 7 ==========
Loss: 1.570	Accuracy: 48.65%	Cost 32s
              precision    recall  f1-score   support

         bzx     0.5000    0.2903    0.3673        31
         cwx     0.8000    0.1818    0.2963        22
         hdx     0.0000    0.0000    0.0000        17
         mtx     0.3636    0.2105    0.2667        19
         nqx     0.3889    0.5833    0.4667        12
         qtx     0.7714    0.6000    0.6750        45
         zxx     0.4021    1.0000    0.5735        39

    accuracy                         0.4865       185
   macro avg     0.4609    0.4094    0.3779       185
weighted avg     0.5139    0.4865    0.4395       185

micro f-score: 0.4864864864864865

========== Train Epoch 8 ==========
Loss: 1.485	Accuracy: 41.08%	Cost 32s
              precision    recall  f1-score   support

         bzx     0.3273    0.5806    0.4186        31
         cwx     0.0000    0.0000    0.0000        22
         hdx     0.0000    0.0000    0.0000        17
         mtx     0.3750    0.1579    0.2222        19
         nqx     0.1930    0.9167    0.3188        12
         qtx     0.8148    0.4889    0.6111        45
         zxx     0.6286    0.5641    0.5946        39

    accuracy                         0.4108       185
   macro avg     0.3341    0.3869    0.3093       185
weighted avg     0.4366    0.4108    0.3876       185

micro f-score: 0.4108108108108109

========== Train Epoch 9 ==========
Loss: 1.398	Accuracy: 44.86%	Cost 33s
              precision    recall  f1-score   support

         bzx     0.0000    0.0000    0.0000        31
         cwx     0.5000    0.2273    0.3125        22
         hdx     0.0000    0.0000    0.0000        17
         mtx     0.3182    0.3684    0.3415        19
         nqx     0.5000    0.8333    0.6250        12
         qtx     0.5833    0.6222    0.6022        45
         zxx     0.3882    0.8462    0.5323        39

    accuracy                         0.4486       185
   macro avg     0.3271    0.4139    0.3448       185
weighted avg     0.3483    0.4486    0.3714       185

micro f-score: 0.4486486486486486

========== Train Epoch 10 ==========
Loss: 1.380	Accuracy: 43.78%	Cost 32s
              precision    recall  f1-score   support

         bzx     0.0000    0.0000    0.0000        31
         cwx     0.2105    0.3636    0.2667        22
         hdx     0.0000    0.0000    0.0000        17
         mtx     0.5000    0.0526    0.0952        19
         nqx     0.8000    0.3333    0.4706        12
         qtx     0.6415    0.7556    0.6939        45
         zxx     0.3908    0.8718    0.5397        39

    accuracy                         0.4378       185
   macro avg     0.3633    0.3396    0.2952       185
weighted avg     0.3667    0.4378    0.3546       185

micro f-score: 0.43783783783783786

========== Train Epoch 11 ==========
Loss: 1.331	Accuracy: 44.32%	Cost 33s
              precision    recall  f1-score   support

         bzx     0.2903    0.5806    0.3871        31
         cwx     0.5000    0.0455    0.0833        22
         hdx     0.0000    0.0000    0.0000        17
         mtx     1.0000    0.0526    0.1000        19
         nqx     0.6667    0.1667    0.2667        12
         qtx     0.5167    0.6889    0.5905        45
         zxx     0.5088    0.7436    0.6042        39

    accuracy                         0.4432       185
   macro avg     0.4975    0.3254    0.2902       185
weighted avg     0.4870    0.4432    0.3733       185

micro f-score: 0.44324324324324327

========== Train Epoch 12 ==========
Loss: 1.357	Accuracy: 29.73%	Cost 32s
              precision    recall  f1-score   support

         bzx     0.6000    0.0968    0.1667        31
         cwx     0.1532    0.8636    0.2603        22
         hdx     0.0000    0.0000    0.0000        17
         mtx     0.0000    0.0000    0.0000        19
         nqx     0.6000    0.2500    0.3529        12
         qtx     0.7500    0.0667    0.1224        45
         zxx     0.6000    0.6923    0.6429        39

    accuracy                         0.2973       185
   macro avg     0.3862    0.2813    0.2207       185
weighted avg     0.4666    0.2973    0.2471       185

micro f-score: 0.2972972972972973

========== Train Epoch 13 ==========
Loss: 1.231	Accuracy: 49.73%	Cost 33s
              precision    recall  f1-score   support

         bzx     0.5455    0.3871    0.4528        31
         cwx     0.5000    0.0909    0.1538        22
         hdx     0.2083    0.2941    0.2439        17
         mtx     0.3750    0.1579    0.2222        19
         nqx     1.0000    0.0833    0.1538        12
         qtx     0.5429    0.8444    0.6609        45
         zxx     0.5536    0.7949    0.6526        39

    accuracy                         0.4973       185
   macro avg     0.5322    0.3790    0.3629       185
weighted avg     0.5221    0.4973    0.4477       185

micro f-score: 0.4972972972972973

========== Train Epoch 14 ==========
Loss: 1.202	Accuracy: 34.59%	Cost 32s
              precision    recall  f1-score   support

         bzx     0.2626    0.8387    0.4000        31
         cwx     1.0000    0.1364    0.2400        22
         hdx     0.0000    0.0000    0.0000        17
         mtx     0.0000    0.0000    0.0000        19
         nqx     0.4167    0.8333    0.5556        12
         qtx     0.8571    0.1333    0.2308        45
         zxx     0.5758    0.4872    0.5278        39

    accuracy                         0.3459       185
   macro avg     0.4446    0.3470    0.2792       185
weighted avg     0.5198    0.3459    0.2990       185

micro f-score: 0.34594594594594597

========== Train Epoch 15 ==========
Loss: 1.163	Accuracy: 52.43%	Cost 32s
              precision    recall  f1-score   support

         bzx     0.4643    0.4194    0.4407        31
         cwx     0.5385    0.6364    0.5833        22
         hdx     0.0000    0.0000    0.0000        17
         mtx     0.0000    0.0000    0.0000        19
         nqx     0.5000    0.1667    0.2500        12
         qtx     0.5065    0.8667    0.6393        45
         zxx     0.6170    0.7436    0.6744        39

    accuracy                         0.5243       185
   macro avg     0.3752    0.4047    0.3697       185
weighted avg     0.4275    0.5243    0.4571       185

micro f-score: 0.5243243243243243

========== Train Epoch 16 ==========
Loss: 1.161	Accuracy: 29.73%	Cost 31s
              precision    recall  f1-score   support

         bzx     0.3750    0.4839    0.4225        31
         cwx     0.4667    0.3182    0.3784        22
         hdx     0.0000    0.0000    0.0000        17
         mtx     0.1313    0.6842    0.2203        19
         nqx     0.3636    0.3333    0.3478        12
         qtx     1.0000    0.1111    0.2000        45
         zxx     0.7333    0.2821    0.4074        39

    accuracy                         0.2973       185
   macro avg     0.4386    0.3161    0.2824       185
weighted avg     0.5532    0.2973    0.2955       185

micro f-score: 0.2972972972972973

========== Train Epoch 17 ==========
Loss: 1.103	Accuracy: 50.27%	Cost 32s
              precision    recall  f1-score   support

         bzx     1.0000    0.1935    0.3243        31
         cwx     0.3438    0.5000    0.4074        22
         hdx     0.3750    0.3529    0.3636        17
         mtx     0.3000    0.1579    0.2069        19
         nqx     0.3333    0.7500    0.4615        12
         qtx     0.6458    0.6889    0.6667        45
         zxx     0.5870    0.6923    0.6353        39

    accuracy                         0.5027       185
   macro avg     0.5121    0.4765    0.4380       185
weighted avg     0.5762    0.5027    0.4835       185

micro f-score: 0.5027027027027027

========== Train Epoch 18 ==========
Loss: 1.127	Accuracy: 45.95%	Cost 31s
              precision    recall  f1-score   support

         bzx     0.3333    0.7097    0.4536        31
         cwx     0.4706    0.3636    0.4103        22
         hdx     1.0000    0.0588    0.1111        17
         mtx     0.3636    0.4211    0.3902        19
         nqx     1.0000    0.1667    0.2857        12
         qtx     0.8000    0.3556    0.4923        45
         zxx     0.4912    0.7179    0.5833        39

    accuracy                         0.4595       185
   macro avg     0.6370    0.3991    0.3895       185
weighted avg     0.6041    0.4595    0.4363       185

micro f-score: 0.4594594594594595

========== Train Epoch 19 ==========
Loss: 0.990	Accuracy: 35.14%	Cost 31s
              precision    recall  f1-score   support

         bzx     0.3333    0.0968    0.1500        31
         cwx     0.3810    0.3636    0.3721        22
         hdx     0.2500    0.1176    0.1600        17
         mtx     0.2195    0.4737    0.3000        19
         nqx     0.1562    0.8333    0.2632        12
         qtx     0.7778    0.3111    0.4444        45
         zxx     0.7917    0.4872    0.6032        39

    accuracy                         0.3514       185
   macro avg     0.4156    0.3833    0.3276       185
weighted avg     0.5129    0.3514    0.3672       185

micro f-score: 0.35135135135135137

========== Train Epoch 20 ==========
Loss: 0.971	Accuracy: 40.54%	Cost 31s
              precision    recall  f1-score   support

         bzx     0.8333    0.1613    0.2703        31
         cwx     0.2807    0.7273    0.4051        22
         hdx     0.1000    0.0588    0.0741        17
         mtx     0.1628    0.3684    0.2258        19
         nqx     0.2593    0.5833    0.3590        12
         qtx     1.0000    0.3111    0.4746        45
         zxx     0.8929    0.6410    0.7463        39

    accuracy                         0.4054       185
   macro avg     0.5041    0.4073    0.3650       185
weighted avg     0.6472    0.4054    0.4195       185

micro f-score: 0.40540540540540543

========== Train Epoch 21 ==========
Loss: 0.922	Accuracy: 47.03%	Cost 32s
              precision    recall  f1-score   support

         bzx     0.5312    0.5484    0.5397        31
         cwx     0.8333    0.2273    0.3571        22
         hdx     0.1333    0.1176    0.1250        17
         mtx     0.3333    0.0526    0.0909        19
         nqx     0.2500    0.0833    0.1250        12
         qtx     0.4118    0.9333    0.5714        45
         zxx     0.8261    0.4872    0.6129        39

    accuracy                         0.4703       185
   macro avg     0.4742    0.3500    0.3460       185
weighted avg     0.5251    0.4703    0.4300       185

micro f-score: 0.4702702702702703

========== Train Epoch 22 ==========
Loss: 0.875	Accuracy: 44.86%	Cost 32s
              precision    recall  f1-score   support

         bzx     0.3373    0.9032    0.4912        31
         cwx     0.5000    0.2273    0.3125        22
         hdx     0.2778    0.2941    0.2857        17
         mtx     0.3750    0.1579    0.2222        19
         nqx     0.2941    0.4167    0.3448        12
         qtx     0.7000    0.6222    0.6588        45
         zxx     1.0000    0.2308    0.3750        39

    accuracy                         0.4486       185
   macro avg     0.4977    0.4075    0.3843       185
weighted avg     0.5802    0.4486    0.4302       185

micro f-score: 0.4486486486486486

========== Train Epoch 23 ==========
Loss: 0.783	Accuracy: 52.97%	Cost 31s
              precision    recall  f1-score   support

         bzx     0.5714    0.3871    0.4615        31
         cwx     0.5833    0.3182    0.4118        22
         hdx     0.2000    0.1176    0.1481        17
         mtx     1.0000    0.0526    0.1000        19
         nqx     0.5294    0.7500    0.6207        12
         qtx     0.7045    0.6889    0.6966        45
         zxx     0.4500    0.9231    0.6050        39

    accuracy                         0.5297       185
   macro avg     0.5770    0.4625    0.4348       185
weighted avg     0.5868    0.5297    0.4875       185

micro f-score: 0.5297297297297298

========== Train Epoch 24 ==========
Loss: 0.872	Accuracy: 34.59%	Cost 31s
              precision    recall  f1-score   support

         bzx     0.0000    0.0000    0.0000        31
         cwx     0.1687    0.6364    0.2667        22
         hdx     0.5000    0.1176    0.1905        17
         mtx     0.2000    0.0526    0.0833        19
         nqx     0.3333    0.2500    0.2857        12
         qtx     0.4314    0.4889    0.4583        45
         zxx     0.6667    0.5641    0.6111        39

    accuracy                         0.3459       185
   macro avg     0.3286    0.3014    0.2708       185
weighted avg     0.3536    0.3459    0.3166       185

micro f-score: 0.34594594594594597

========== Train Epoch 25 ==========
Loss: 0.848	Accuracy: 43.24%	Cost 31s
              precision    recall  f1-score   support

         bzx     0.2842    0.8710    0.4286        31
         cwx     0.6000    0.1364    0.2222        22
         hdx     0.0000    0.0000    0.0000        17
         mtx     0.0000    0.0000    0.0000        19
         nqx     0.4500    0.7500    0.5625        12
         qtx     0.7879    0.5778    0.6667        45
         zxx     0.7895    0.3846    0.5172        39

    accuracy                         0.4324       185
   macro avg     0.4159    0.3885    0.3425       185
weighted avg     0.5062    0.4324    0.4059       185

micro f-score: 0.43243243243243246

========== Train Epoch 26 ==========
Loss: 0.762	Accuracy: 26.49%	Cost 31s
              precision    recall  f1-score   support

         bzx     0.0000    0.0000    0.0000        31
         cwx     0.8571    0.2727    0.4138        22
         hdx     0.0000    0.0000    0.0000        17
         mtx     0.1200    0.4737    0.1915        19
         nqx     0.1538    1.0000    0.2667        12
         qtx     0.8571    0.2667    0.4068        45
         zxx     0.9091    0.2564    0.4000        39

    accuracy                         0.2649       185
   macro avg     0.4139    0.3242    0.2398       185
weighted avg     0.5244    0.2649    0.2694       185

micro f-score: 0.2648648648648649

========== Train Epoch 27 ==========
Loss: 0.720	Accuracy: 55.68%	Cost 32s
              precision    recall  f1-score   support

         bzx     0.5897    0.7419    0.6571        31
         cwx     0.7143    0.4545    0.5556        22
         hdx     0.3000    0.1765    0.2222        17
         mtx     0.3200    0.4211    0.3636        19
         nqx     0.3636    0.6667    0.4706        12
         qtx     0.8696    0.4444    0.5882        45
         zxx     0.5962    0.7949    0.6813        39

    accuracy                         0.5568       185
   macro avg     0.5362    0.5286    0.5055       185
weighted avg     0.6050    0.5568    0.5512       185

micro f-score: 0.5567567567567567

========== Train Epoch 28 ==========
Loss: 0.685	Accuracy: 55.68%	Cost 32s
              precision    recall  f1-score   support

         bzx     0.4154    0.8710    0.5625        31
         cwx     1.0000    0.2273    0.3704        22
         hdx     0.0000    0.0000    0.0000        17
         mtx     1.0000    0.0526    0.1000        19
         nqx     0.3636    1.0000    0.5333        12
         qtx     0.7805    0.7111    0.7442        45
         zxx     0.7429    0.6667    0.7027        39

    accuracy                         0.5568       185
   macro avg     0.6146    0.5041    0.4304       185
weighted avg     0.6613    0.5568    0.5123       185

micro f-score: 0.5567567567567567

========== Train Epoch 29 ==========
Loss: 0.588	Accuracy: 52.43%	Cost 31s
              precision    recall  f1-score   support

         bzx     0.5000    0.5484    0.5231        31
         cwx     0.8889    0.3636    0.5161        22
         hdx     0.3333    0.4118    0.3684        17
         mtx     0.5000    0.2105    0.2963        19
         nqx     0.2157    0.9167    0.3492        12
         qtx     0.7333    0.7333    0.7333        45
         zxx     1.0000    0.4359    0.6071        39

    accuracy                         0.5243       185
   macro avg     0.5959    0.5172    0.4848       185
weighted avg     0.6747    0.5243    0.5423       185

micro f-score: 0.5243243243243243

========== Train Epoch 30 ==========
Loss: 0.531	Accuracy: 49.73%	Cost 31s
              precision    recall  f1-score   support

         bzx     0.7500    0.0968    0.1714        31
         cwx     0.5172    0.6818    0.5882        22
         hdx     0.7500    0.1765    0.2857        17
         mtx     0.0000    0.0000    0.0000        19
         nqx     0.7500    0.2500    0.3750        12
         qtx     0.7436    0.6444    0.6905        45
         zxx     0.3714    1.0000    0.5417        39

    accuracy                         0.4973       185
   macro avg     0.5546    0.4071    0.3789       185
weighted avg     0.5639    0.4973    0.4314       185

micro f-score: 0.4972972972972973

========== Train Epoch 31 ==========
Loss: 0.453	Accuracy: 52.43%	Cost 33s
              precision    recall  f1-score   support

         bzx     0.5000    0.0968    0.1622        31
         cwx     0.6250    0.4545    0.5263        22
         hdx     0.5455    0.3529    0.4286        17
         mtx     0.2292    0.5789    0.3284        19
         nqx     0.2222    0.1667    0.1905        12
         qtx     0.6667    0.7111    0.6882        45
         zxx     0.7021    0.8462    0.7674        39

    accuracy                         0.5243       185
   macro avg     0.4987    0.4582    0.4416       185
weighted avg     0.5564    0.5243    0.5044       185

micro f-score: 0.5243243243243243

========== Train Epoch 32 ==========
Loss: 0.572	Accuracy: 42.16%	Cost 32s
              precision    recall  f1-score   support

         bzx     0.5000    0.1613    0.2439        31
         cwx     0.8571    0.2727    0.4138        22
         hdx     0.3333    0.0588    0.1000        17
         mtx     0.6000    0.1579    0.2500        19
         nqx     1.0000    0.2500    0.4000        12
         qtx     0.7097    0.4889    0.5789        45
         zxx     0.3016    0.9744    0.4606        39

    accuracy                         0.4216       185
   macro avg     0.6145    0.3377    0.3496       185
weighted avg     0.5790    0.4216    0.3888       185

micro f-score: 0.42162162162162165

========== Train Epoch 33 ==========
Loss: 0.546	Accuracy: 46.49%	Cost 32s
              precision    recall  f1-score   support

         bzx     0.5135    0.6129    0.5588        31
         cwx     0.5000    0.1364    0.2143        22
         hdx     1.0000    0.0588    0.1111        17
         mtx     0.8000    0.2105    0.3333        19
         nqx     0.2368    0.7500    0.3600        12
         qtx     0.4691    0.8444    0.6032        45
         zxx     0.7059    0.3077    0.4286        39

    accuracy                         0.4649       185
   macro avg     0.6036    0.4173    0.3728       185
weighted avg     0.5978    0.4649    0.4240       185

micro f-score: 0.4648648648648649

========== Train Epoch 34 ==========
Loss: 0.565	Accuracy: 50.27%	Cost 31s
              precision    recall  f1-score   support

         bzx     0.4130    0.6129    0.4935        31
         cwx     1.0000    0.1364    0.2400        22
         hdx     0.6667    0.1176    0.2000        17
         mtx     0.5556    0.2632    0.3571        19
         nqx     0.7500    0.7500    0.7500        12
         qtx     0.8182    0.4000    0.5373        45
         zxx     0.4111    0.9487    0.5736        39

    accuracy                         0.5027       185
   macro avg     0.6592    0.4613    0.4502       185
weighted avg     0.6408    0.5027    0.4666       185

micro f-score: 0.5027027027027027

========== Train Epoch 35 ==========
Loss: 0.461	Accuracy: 45.95%	Cost 32s
              precision    recall  f1-score   support

         bzx     0.3000    0.0968    0.1463        31
         cwx     0.6364    0.3182    0.4242        22
         hdx     0.0000    0.0000    0.0000        17
         mtx     0.0000    0.0000    0.0000        19
         nqx     1.0000    0.2500    0.4000        12
         qtx     0.3554    0.9556    0.5181        45
         zxx     0.7436    0.7436    0.7436        39

    accuracy                         0.4595       185
   macro avg     0.4336    0.3377    0.3189       185
weighted avg     0.4340    0.4595    0.3837       185

micro f-score: 0.4594594594594595

========== Train Epoch 36 ==========
Loss: 0.461	Accuracy: 42.70%	Cost 32s
              precision    recall  f1-score   support

         bzx     0.0000    0.0000    0.0000        31
         cwx     0.5455    0.2727    0.3636        22
         hdx     1.0000    0.1176    0.2105        17
         mtx     0.2250    0.4737    0.3051        19
         nqx     0.5263    0.8333    0.6452        12
         qtx     0.3830    0.8000    0.5180        45
         zxx     0.8421    0.4103    0.5517        39

    accuracy                         0.4270       185
   macro avg     0.5031    0.4154    0.3706       185
weighted avg     0.4847    0.4270    0.3781       185

micro f-score: 0.427027027027027

========== Train Epoch 37 ==========
Loss: 0.335	Accuracy: 60.00%	Cost 32s
              precision    recall  f1-score   support

         bzx     0.7647    0.4194    0.5417        31
         cwx     0.6000    0.5455    0.5714        22
         hdx     0.2727    0.5294    0.3600        17
         mtx     0.4167    0.5263    0.4651        19
         nqx     0.7500    0.5000    0.6000        12
         qtx     0.8788    0.6444    0.7436        45
         zxx     0.6400    0.8205    0.7191        39

    accuracy                         0.6000       185
   macro avg     0.6176    0.5694    0.5716       185
weighted avg     0.6647    0.6000    0.6110       185

micro f-score: 0.6

========== Train Epoch 38 ==========
Loss: 0.309	Accuracy: 50.27%	Cost 32s
              precision    recall  f1-score   support

         bzx     0.3614    0.9677    0.5263        31
         cwx     1.0000    0.0909    0.1667        22
         hdx     0.5000    0.2353    0.3200        17
         mtx     0.4000    0.1053    0.1667        19
         nqx     0.3125    0.8333    0.4545        12
         qtx     0.7879    0.5778    0.6667        45
         zxx     0.8636    0.4872    0.6230        39

    accuracy                         0.5027       185
   macro avg     0.6036    0.4711    0.4177       185
weighted avg     0.6605    0.5027    0.4775       185

micro f-score: 0.5027027027027027

========== Train Epoch 39 ==========
Loss: 0.335	Accuracy: 58.38%	Cost 32s
              precision    recall  f1-score   support

         bzx     0.5862    0.5484    0.5667        31
         cwx     0.8333    0.2273    0.3571        22
         hdx     0.7500    0.1765    0.2857        17
         mtx     0.3704    0.5263    0.4348        19
         nqx     0.7143    0.4167    0.5263        12
         qtx     0.6226    0.7333    0.6735        45
         zxx     0.5932    0.8974    0.7143        39

    accuracy                         0.5838       185
   macro avg     0.6386    0.5037    0.5083       185
weighted avg     0.6271    0.5838    0.5569       185

micro f-score: 0.5837837837837838

========== Train Epoch 40 ==========
Loss: 0.288	Accuracy: 57.84%	Cost 31s
              precision    recall  f1-score   support

         bzx     0.3913    0.8710    0.5400        31
         cwx     0.7500    0.4091    0.5294        22
         hdx     0.2500    0.1765    0.2069        17
         mtx     0.5714    0.2105    0.3077        19
         nqx     0.5714    0.6667    0.6154        12
         qtx     0.9286    0.5778    0.7123        45
         zxx     0.6977    0.7692    0.7317        39

    accuracy                         0.5784       185
   macro avg     0.5943    0.5258    0.5205       185
weighted avg     0.6464    0.5784    0.5715       185

micro f-score: 0.5783783783783784

========== Train Epoch 41 ==========
Loss: 0.271	Accuracy: 52.43%	Cost 32s
              precision    recall  f1-score   support

         bzx     0.5385    0.2258    0.3182        31
         cwx     1.0000    0.1818    0.3077        22
         hdx     0.3000    0.3529    0.3243        17
         mtx     0.0000    0.0000    0.0000        19
         nqx     0.8000    0.3333    0.4706        12
         qtx     0.5652    0.8667    0.6842        45
         zxx     0.5068    0.9487    0.6607        39

    accuracy                         0.5243       185
   macro avg     0.5301    0.4156    0.3951       185
weighted avg     0.5329    0.5243    0.4560       185

micro f-score: 0.5243243243243243

========== Train Epoch 42 ==========
Loss: 0.241	Accuracy: 55.14%	Cost 32s
              precision    recall  f1-score   support

         bzx     0.4872    0.6129    0.5429        31
         cwx     0.5000    0.5455    0.5217        22
         hdx     0.4737    0.5294    0.5000        17
         mtx     0.4667    0.3684    0.4118        19
         nqx     0.5000    0.7500    0.6000        12
         qtx     1.0000    0.2889    0.4483        45
         zxx     0.5789    0.8462    0.6875        39

    accuracy                         0.5514       185
   macro avg     0.5724    0.5630    0.5303       185
weighted avg     0.6303    0.5514    0.5341       185

micro f-score: 0.5513513513513514

========== Train Epoch 43 ==========
Loss: 0.203	Accuracy: 57.30%	Cost 33s
              precision    recall  f1-score   support

         bzx     0.3939    0.4194    0.4062        31
         cwx     1.0000    0.4091    0.5806        22
         hdx     0.5455    0.3529    0.4286        17
         mtx     0.1667    0.2105    0.1860        19
         nqx     0.6000    0.5000    0.5455        12
         qtx     0.7551    0.8222    0.7872        45
         zxx     0.6327    0.7949    0.7045        39

    accuracy                         0.5730       185
   macro avg     0.5848    0.5013    0.5198       185
weighted avg     0.6081    0.5730    0.5710       185

micro f-score: 0.572972972972973

========== Train Epoch 44 ==========
Loss: 0.202	Accuracy: 42.16%	Cost 32s
              precision    recall  f1-score   support

         bzx     0.6923    0.2903    0.4091        31
         cwx     0.2037    1.0000    0.3385        22
         hdx     0.0000    0.0000    0.0000        17
         mtx     0.3529    0.3158    0.3333        19
         nqx     1.0000    0.0833    0.1538        12
         qtx     0.8750    0.3111    0.4590        45
         zxx     0.8667    0.6667    0.7536        39

    accuracy                         0.4216       185
   macro avg     0.5701    0.3810    0.3496       185
weighted avg     0.6369    0.4216    0.4235       185

micro f-score: 0.42162162162162165

========== Train Epoch 45 ==========
Loss: 0.189	Accuracy: 38.92%	Cost 33s
              precision    recall  f1-score   support

         bzx     0.2818    1.0000    0.4397        31
         cwx     0.8333    0.4545    0.5882        22
         hdx     0.0000    0.0000    0.0000        17
         mtx     0.2500    0.0526    0.0870        19
         nqx     0.3000    0.7500    0.4286        12
         qtx     0.9286    0.2889    0.4407        45
         zxx     1.0000    0.2051    0.3404        39

    accuracy                         0.3892       185
   macro avg     0.5134    0.3930    0.3321       185
weighted avg     0.6281    0.3892    0.3593       185

micro f-score: 0.3891891891891892

========== Train Epoch 46 ==========
Loss: 0.137	Accuracy: 58.38%	Cost 31s
              precision    recall  f1-score   support

         bzx     0.4032    0.8065    0.5376        31
         cwx     0.9091    0.4545    0.6061        22
         hdx     0.2667    0.2353    0.2500        17
         mtx     0.4286    0.3158    0.3636        19
         nqx     0.5000    0.8333    0.6250        12
         qtx     0.8788    0.6444    0.7436        45
         zxx     0.8000    0.6154    0.6957        39

    accuracy                         0.5838       185
   macro avg     0.5980    0.5579    0.5459       185
weighted avg     0.6590    0.5838    0.5905       185

micro f-score: 0.5837837837837838

========== Train Epoch 47 ==========
Loss: 0.145	Accuracy: 61.62%	Cost 33s
              precision    recall  f1-score   support

         bzx     0.4545    0.6452    0.5333        31
         cwx     0.8571    0.5455    0.6667        22
         hdx     0.5000    0.2353    0.3200        17
         mtx     0.4167    0.5263    0.4651        19
         nqx     0.6000    0.7500    0.6667        12
         qtx     0.9000    0.6000    0.7200        45
         zxx     0.6400    0.8205    0.7191        39

    accuracy                         0.6162       185
   macro avg     0.6241    0.5890    0.5844       185
weighted avg     0.6596    0.6162    0.6158       185

micro f-score: 0.6162162162162163

========== Train Epoch 48 ==========
Loss: 0.130	Accuracy: 56.22%	Cost 32s
              precision    recall  f1-score   support

         bzx     0.3788    0.8065    0.5155        31
         cwx     0.8333    0.4545    0.5882        22
         hdx     0.7500    0.3529    0.4800        17
         mtx     0.2857    0.6316    0.3934        19
         nqx     0.7500    0.5000    0.6000        12
         qtx     0.9286    0.5778    0.7123        45
         zxx     0.9048    0.4872    0.6333        39

    accuracy                         0.5622       185
   macro avg     0.6902    0.5444    0.5604       185
weighted avg     0.7261    0.5622    0.5865       185

micro f-score: 0.5621621621621622

========== Train Epoch 49 ==========
Loss: 0.126	Accuracy: 47.57%	Cost 30s
              precision    recall  f1-score   support

         bzx     0.8571    0.1935    0.3158        31
         cwx     0.5714    0.5455    0.5581        22
         hdx     0.1897    0.6471    0.2933        17
         mtx     0.3333    0.0526    0.0909        19
         nqx     0.2703    0.8333    0.4082        12
         qtx     0.7879    0.5778    0.6667        45
         zxx     0.8462    0.5641    0.6769        39

    accuracy                         0.4757       185
   macro avg     0.5508    0.4877    0.4300       185
weighted avg     0.6508    0.4757    0.4869       185

micro f-score: 0.4756756756756757

========== Train Epoch 50 ==========
Loss: 0.188	Accuracy: 57.84%	Cost 32s
              precision    recall  f1-score   support

         bzx     0.4583    0.7097    0.5570        31
         cwx     0.5484    0.7727    0.6415        22
         hdx     0.2500    0.0588    0.0952        17
         mtx     0.3333    0.0526    0.0909        19
         nqx     0.8571    0.5000    0.6316        12
         qtx     0.8286    0.6444    0.7250        45
         zxx     0.5439    0.7949    0.6458        39

    accuracy                         0.5784       185
   macro avg     0.5457    0.5047    0.4839       185
weighted avg     0.5710    0.5784    0.5412       185

micro f-score: 0.5783783783783784

========== Train Epoch 51 ==========
Loss: 0.168	Accuracy: 45.95%	Cost 33s
              precision    recall  f1-score   support

         bzx     0.5556    0.1613    0.2500        31
         cwx     0.7692    0.4545    0.5714        22
         hdx     0.5000    0.1176    0.1905        17
         mtx     0.1848    0.8947    0.3063        19
         nqx     0.4167    0.4167    0.4167        12
         qtx     0.9545    0.4667    0.6269        45
         zxx     0.7576    0.6410    0.6944        39

    accuracy                         0.4595       185
   macro avg     0.5912    0.4504    0.4366       185
weighted avg     0.6684    0.4595    0.4847       185

micro f-score: 0.4594594594594595

========== Train Epoch 52 ==========
Loss: 0.139	Accuracy: 52.97%	Cost 33s
              precision    recall  f1-score   support

         bzx     0.4634    0.6129    0.5278        31
         cwx     0.7000    0.6364    0.6667        22
         hdx     0.5000    0.1765    0.2609        17
         mtx     0.2222    0.7368    0.3415        19
         nqx     0.5556    0.4167    0.4762        12
         qtx     0.9600    0.5333    0.6857        45
         zxx     0.9048    0.4872    0.6333        39

    accuracy                         0.5297       185
   macro avg     0.6151    0.5143    0.5131       185
weighted avg     0.6899    0.5297    0.5580       185

micro f-score: 0.5297297297297298

========== Train Epoch 53 ==========
Loss: 0.136	Accuracy: 49.19%	Cost 32s
              precision    recall  f1-score   support

         bzx     1.0000    0.0323    0.0625        31
         cwx     0.2951    0.8182    0.4337        22
         hdx     0.3571    0.2941    0.3226        17
         mtx     0.2381    0.2632    0.2500        19
         nqx     0.7500    0.5000    0.6000        12
         qtx     0.6078    0.6889    0.6458        45
         zxx     0.8621    0.6410    0.7353        39

    accuracy                         0.4919       185
   macro avg     0.5872    0.4625    0.4357       185
weighted avg     0.6382    0.4919    0.4684       185

micro f-score: 0.4918918918918919

========== Train Epoch 54 ==========
Loss: 0.203	Accuracy: 51.35%	Cost 31s
              precision    recall  f1-score   support

         bzx     0.6000    0.0968    0.1667        31
         cwx     0.6667    0.2727    0.3871        22
         hdx     1.0000    0.1176    0.2105        17
         mtx     0.3143    0.5789    0.4074        19
         nqx     0.7000    0.5833    0.6364        12
         qtx     0.5312    0.7556    0.6239        45
         zxx     0.5333    0.8205    0.6465        39

    accuracy                         0.5135       185
   macro avg     0.6208    0.4608    0.4398       185
weighted avg     0.5911    0.5135    0.4645       185

micro f-score: 0.5135135135135135

========== Train Epoch 55 ==========
Loss: 0.198	Accuracy: 46.49%	Cost 31s
              precision    recall  f1-score   support

         bzx     0.6111    0.3548    0.4490        31
         cwx     0.8333    0.2273    0.3571        22
         hdx     0.2500    0.3529    0.2927        17
         mtx     0.5000    0.2632    0.3448        19
         nqx     0.1719    0.9167    0.2895        12
         qtx     0.7143    0.7778    0.7447        45
         zxx     0.9286    0.3333    0.4906        39

    accuracy                         0.4649       185
   macro avg     0.5727    0.4609    0.4241       185
weighted avg     0.6565    0.4649    0.4833       185

micro f-score: 0.4648648648648649

========== Train Epoch 56 ==========
Loss: 0.185	Accuracy: 57.84%	Cost 33s
              precision    recall  f1-score   support

         bzx     0.7857    0.3548    0.4889        31
         cwx     0.5357    0.6818    0.6000        22
         hdx     0.4167    0.5882    0.4878        17
         mtx     0.2286    0.4211    0.2963        19
         nqx     0.8333    0.4167    0.5556        12
         qtx     0.6604    0.7778    0.7143        45
         zxx     0.9200    0.5897    0.7188        39

    accuracy                         0.5784       185
   macro avg     0.6258    0.5472    0.5517       185
weighted avg     0.6658    0.5784    0.5898       185

micro f-score: 0.5783783783783784

========== Train Epoch 57 ==========
Loss: 0.156	Accuracy: 52.97%	Cost 32s
              precision    recall  f1-score   support

         bzx     0.5556    0.3226    0.4082        31
         cwx     1.0000    0.3182    0.4828        22
         hdx     0.5000    0.0588    0.1053        17
         mtx     0.3793    0.5789    0.4583        19
         nqx     0.5882    0.8333    0.6897        12
         qtx     0.9200    0.5111    0.6571        45
         zxx     0.4138    0.9231    0.5714        39

    accuracy                         0.5297       185
   macro avg     0.6224    0.5066    0.4818       185
weighted avg     0.6461    0.5297    0.5076       185

micro f-score: 0.5297297297297298

========== Train Epoch 58 ==========
Loss: 0.203	Accuracy: 48.11%	Cost 32s
              precision    recall  f1-score   support

         bzx     0.0000    0.0000    0.0000        31
         cwx     0.2326    0.9091    0.3704        22
         hdx     0.3333    0.0588    0.1000        17
         mtx     0.2000    0.0526    0.0833        19
         nqx     1.0000    0.1667    0.2857        12
         qtx     0.8649    0.7111    0.7805        45
         zxx     0.6346    0.8462    0.7253        39

    accuracy                         0.4811       185
   macro avg     0.4665    0.3921    0.3350       185
weighted avg     0.4878    0.4811    0.4231       185

micro f-score: 0.4810810810810811

========== Train Epoch 59 ==========
Loss: 0.143	Accuracy: 50.27%	Cost 32s
              precision    recall  f1-score   support

         bzx     0.3623    0.8065    0.5000        31
         cwx     1.0000    0.3182    0.4828        22
         hdx     0.2174    0.5882    0.3175        17
         mtx     1.0000    0.1053    0.1905        19
         nqx     0.5625    0.7500    0.6429        12
         qtx     0.9130    0.4667    0.6176        45
         zxx     0.8636    0.4872    0.6230        39

    accuracy                         0.5027       185
   macro avg     0.7027    0.5031    0.4820       185
weighted avg     0.7430    0.5027    0.5132       185

micro f-score: 0.5027027027027027

========== Train Epoch 60 ==========
Loss: 0.092	Accuracy: 56.76%	Cost 31s
              precision    recall  f1-score   support

         bzx     0.4355    0.8710    0.5806        31
         cwx     1.0000    0.3636    0.5333        22
         hdx     0.3704    0.5882    0.4545        17
         mtx     0.6667    0.2105    0.3200        19
         nqx     0.3667    0.9167    0.5238        12
         qtx     0.9310    0.6000    0.7297        45
         zxx     0.7826    0.4615    0.5806        39

    accuracy                         0.5676       185
   macro avg     0.6504    0.5731    0.5318       185
weighted avg     0.7096    0.5676    0.5692       185

micro f-score: 0.5675675675675675

========== Train Epoch 61 ==========
Loss: 0.094	Accuracy: 55.68%	Cost 32s
              precision    recall  f1-score   support

         bzx     0.7500    0.1935    0.3077        31
         cwx     0.4483    0.5909    0.5098        22
         hdx     0.4000    0.1176    0.1818        17
         mtx     0.3571    0.5263    0.4255        19
         nqx     0.8571    0.5000    0.6316        12
         qtx     0.7250    0.6444    0.6824        45
         zxx     0.5441    0.9487    0.6916        39

    accuracy                         0.5568       185
   macro avg     0.5831    0.5031    0.4901       185
weighted avg     0.5991    0.5568    0.5253       185

micro f-score: 0.5567567567567567

========== Train Epoch 62 ==========
Loss: 0.107	Accuracy: 54.59%	Cost 31s
              precision    recall  f1-score   support

         bzx     0.5769    0.4839    0.5263        31
         cwx     0.5714    0.5455    0.5581        22
         hdx     0.3214    0.5294    0.4000        17
         mtx     0.3889    0.3684    0.3784        19
         nqx     0.2927    1.0000    0.4528        12
         qtx     0.9545    0.4667    0.6269        45
         zxx     0.8621    0.6410    0.7353        39

    accuracy                         0.5459       185
   macro avg     0.5669    0.5764    0.5254       185
weighted avg     0.6670    0.5459    0.5670       185

micro f-score: 0.5459459459459459

========== Train Epoch 63 ==========
Loss: 0.118	Accuracy: 61.62%	Cost 31s
              precision    recall  f1-score   support

         bzx     0.5217    0.7742    0.6234        31
         cwx     0.9091    0.4545    0.6061        22
         hdx     0.5556    0.2941    0.3846        17
         mtx     0.4737    0.4737    0.4737        19
         nqx     0.3333    0.8333    0.4762        12
         qtx     0.8788    0.6444    0.7436        45
         zxx     0.7297    0.6923    0.7105        39

    accuracy                         0.6162       185
   macro avg     0.6288    0.5952    0.5740       185
weighted avg     0.6845    0.6162    0.6221       185

micro f-score: 0.6162162162162163

========== Train Epoch 64 ==========
Loss: 0.083	Accuracy: 51.35%	Cost 34s
              precision    recall  f1-score   support

         bzx     0.4098    0.8065    0.5435        31
         cwx     1.0000    0.3182    0.4828        22
         hdx     0.3889    0.4118    0.4000        17
         mtx     0.3333    0.4737    0.3913        19
         nqx     0.3125    0.8333    0.4545        12
         qtx     1.0000    0.4444    0.6154        45
         zxx     0.8500    0.4359    0.5763        39

    accuracy                         0.5135       185
   macro avg     0.6135    0.5320    0.4948       185
weighted avg     0.7003    0.5135    0.5261       185

micro f-score: 0.5135135135135135

========== Train Epoch 65 ==========
Loss: 0.094	Accuracy: 61.08%	Cost 32s
              precision    recall  f1-score   support

         bzx     0.5676    0.6774    0.6176        31
         cwx     0.8125    0.5909    0.6842        22
         hdx     0.4444    0.4706    0.4571        17
         mtx     0.4074    0.5789    0.4783        19
         nqx     0.3000    0.7500    0.4286        12
         qtx     0.9000    0.6000    0.7200        45
         zxx     0.8889    0.6154    0.7273        39

    accuracy                         0.6108       185
   macro avg     0.6173    0.6119    0.5876       185
weighted avg     0.7002    0.6108    0.6322       185

micro f-score: 0.6108108108108108

========== Train Epoch 66 ==========
Loss: 0.079	Accuracy: 61.08%	Cost 33s
              precision    recall  f1-score   support

         bzx     0.8000    0.1290    0.2222        31
         cwx     0.6818    0.6818    0.6818        22
         hdx     0.3333    0.6471    0.4400        17
         mtx     0.3889    0.3684    0.3784        19
         nqx     0.4500    0.7500    0.5625        12
         qtx     0.7447    0.7778    0.7609        45
         zxx     0.8000    0.8205    0.8101        39

    accuracy                         0.6108       185
   macro avg     0.5998    0.5964    0.5508       185
weighted avg     0.6647    0.6108    0.5900       185

micro f-score: 0.6108108108108108

========== Train Epoch 67 ==========
Loss: 0.091	Accuracy: 64.86%	Cost 32s
              precision    recall  f1-score   support

         bzx     0.5556    0.6452    0.5970        31
         cwx     0.7222    0.5909    0.6500        22
         hdx     0.4545    0.5882    0.5128        17
         mtx     0.3333    0.4211    0.3721        19
         nqx     0.6250    0.8333    0.7143        12
         qtx     0.9310    0.6000    0.7297        45
         zxx     0.8000    0.8205    0.8101        39

    accuracy                         0.6486       185
   macro avg     0.6317    0.6427    0.6266       185
weighted avg     0.6906    0.6486    0.6573       185

micro f-score: 0.6486486486486487

========== Train Epoch 68 ==========
Loss: 0.089	Accuracy: 40.00%	Cost 32s
              precision    recall  f1-score   support

         bzx     0.4286    0.2903    0.3462        31
         cwx     0.7333    0.5000    0.5946        22
         hdx     0.5000    0.1765    0.2609        17
         mtx     0.2000    0.6842    0.3095        19
         nqx     0.2041    0.8333    0.3279        12
         qtx     0.9412    0.3556    0.5161        45
         zxx     1.0000    0.3077    0.4706        39

    accuracy                         0.4000       185
   macro avg     0.5725    0.4497    0.4037       185
weighted avg     0.6785    0.4000    0.4305       185

micro f-score: 0.4000000000000001

========== Train Epoch 69 ==========
Loss: 0.076	Accuracy: 58.92%	Cost 31s
              precision    recall  f1-score   support

         bzx     0.8000    0.3871    0.5217        31
         cwx     1.0000    0.3636    0.5333        22
         hdx     0.2368    0.5294    0.3273        17
         mtx     0.5000    0.1579    0.2400        19
         nqx     0.4762    0.8333    0.6061        12
         qtx     0.7209    0.6889    0.7045        45
         zxx     0.6667    0.9231    0.7742        39

    accuracy                         0.5892       185
   macro avg     0.6287    0.5548    0.5296       185
weighted avg     0.6729    0.5892    0.5795       185

micro f-score: 0.5891891891891892

========== Train Epoch 70 ==========
Loss: 0.094	Accuracy: 56.22%	Cost 33s
              precision    recall  f1-score   support

         bzx     0.6250    0.3226    0.4255        31
         cwx     0.7500    0.2727    0.4000        22
         hdx     0.0000    0.0000    0.0000        17
         mtx     0.4500    0.4737    0.4615        19
         nqx     0.7273    0.6667    0.6957        12
         qtx     0.8095    0.7556    0.7816        45
         zxx     0.4253    0.9487    0.5873        39

    accuracy                         0.5622       185
   macro avg     0.5410    0.4914    0.4788       185
weighted avg     0.5739    0.5622    0.5253       185

micro f-score: 0.5621621621621622

========== Train Epoch 71 ==========
Loss: 0.087	Accuracy: 46.49%	Cost 31s
              precision    recall  f1-score   support

         bzx     1.0000    0.0323    0.0625        31
         cwx     0.2366    1.0000    0.3826        22
         hdx     0.2143    0.1765    0.1935        17
         mtx     0.4000    0.1053    0.1667        19
         nqx     0.0000    0.0000    0.0000        12
         qtx     0.8966    0.5778    0.7027        45
         zxx     0.7442    0.8205    0.7805        39

    accuracy                         0.4649       185
   macro avg     0.4988    0.3875    0.3269       185
weighted avg     0.6314    0.4649    0.4263       185

micro f-score: 0.4648648648648649

========== Train Epoch 72 ==========
Loss: 0.094	Accuracy: 44.32%	Cost 33s
              precision    recall  f1-score   support

         bzx     0.4259    0.7419    0.5412        31
         cwx     0.8667    0.5909    0.7027        22
         hdx     0.1455    0.4706    0.2222        17
         mtx     0.5000    0.1579    0.2400        19
         nqx     0.3667    0.9167    0.5238        12
         qtx     0.9444    0.3778    0.5397        45
         zxx     1.0000    0.1795    0.3043        39

    accuracy                         0.4432       185
   macro avg     0.6070    0.4908    0.4391       185
weighted avg     0.7035    0.4432    0.4487       185

micro f-score: 0.44324324324324327

========== Train Epoch 73 ==========
Loss: 0.098	Accuracy: 49.19%	Cost 30s
              precision    recall  f1-score   support

         bzx     0.6000    0.2903    0.3913        31
         cwx     0.7143    0.4545    0.5556        22
         hdx     0.4000    0.3529    0.3750        17
         mtx     0.4545    0.2632    0.3333        19
         nqx     1.0000    0.1667    0.2857        12
         qtx     0.9545    0.4667    0.6269        45
         zxx     0.3585    0.9744    0.5241        39

    accuracy                         0.4919       185
   macro avg     0.6403    0.4241    0.4417       185
weighted avg     0.6415    0.4919    0.4818       185

micro f-score: 0.4918918918918919

========== Train Epoch 74 ==========
Loss: 0.122	Accuracy: 48.65%	Cost 33s
              precision    recall  f1-score   support

         bzx     0.4074    0.7097    0.5176        31
         cwx     1.0000    0.1364    0.2400        22
         hdx     0.2333    0.4118    0.2979        17
         mtx     0.5714    0.2105    0.3077        19
         nqx     0.2973    0.9167    0.4490        12
         qtx     0.8621    0.5556    0.6757        45
         zxx     0.7200    0.4615    0.5625        39

    accuracy                         0.4865       185
   macro avg     0.5845    0.4860    0.4358       185
weighted avg     0.6481    0.4865    0.4863       185

micro f-score: 0.4864864864864865

========== Train Epoch 75 ==========
Loss: 0.099	Accuracy: 47.03%	Cost 32s
              precision    recall  f1-score   support

         bzx     0.3158    0.9677    0.4762        31
         cwx     1.0000    0.4091    0.5806        22
         hdx     0.3333    0.2941    0.3125        17
         mtx     0.5000    0.1053    0.1739        19
         nqx     0.3793    0.9167    0.5366        12
         qtx     0.9545    0.4667    0.6269        45
         zxx     0.8182    0.2308    0.3600        39

    accuracy                         0.4703       185
   macro avg     0.6145    0.4843    0.4381       185
weighted avg     0.6831    0.4703    0.4586       185

micro f-score: 0.4702702702702703

========== Train Epoch 76 ==========
Loss: 0.089	Accuracy: 55.68%	Cost 32s
              precision    recall  f1-score   support

         bzx     1.0000    0.0968    0.1765        31
         cwx     0.4324    0.7273    0.5424        22
         hdx     0.3333    0.4118    0.3684        17
         mtx     0.4000    0.3158    0.3529        19
         nqx     0.3226    0.8333    0.4651        12
         qtx     0.7857    0.7333    0.7586        45
         zxx     0.7778    0.7179    0.7467        39

    accuracy                         0.5568       185
   macro avg     0.5788    0.5480    0.4872       185
weighted avg     0.6667    0.5568    0.5363       185

micro f-score: 0.5567567567567567

========== Train Epoch 77 ==========
Loss: 0.082	Accuracy: 62.16%	Cost 32s
              precision    recall  f1-score   support

         bzx     1.0000    0.2581    0.4103        31
         cwx     0.5417    0.5909    0.5652        22
         hdx     0.4211    0.4706    0.4444        17
         mtx     0.3939    0.6842    0.5000        19
         nqx     0.7692    0.8333    0.8000        12
         qtx     0.8966    0.5778    0.7027        45
         zxx     0.6271    0.9487    0.7551        39

    accuracy                         0.6216       185
   macro avg     0.6642    0.6234    0.5968       185
weighted avg     0.7113    0.6216    0.6102       185

micro f-score: 0.6216216216216216

========== Train Epoch 78 ==========
Loss: 0.071	Accuracy: 51.35%	Cost 31s
              precision    recall  f1-score   support

         bzx     0.3210    0.8387    0.4643        31
         cwx     1.0000    0.2273    0.3704        22
         hdx     0.4545    0.2941    0.3571        17
         mtx     1.0000    0.1053    0.1905        19
         nqx     0.8889    0.6667    0.7619        12
         qtx     0.9130    0.4667    0.6176        45
         zxx     0.5185    0.7179    0.6022        39

    accuracy                         0.5135       185
   macro avg     0.7280    0.4738    0.4806       185
weighted avg     0.7062    0.5135    0.5008       185

micro f-score: 0.5135135135135135

========== Train Epoch 79 ==========
Loss: 0.050	Accuracy: 55.14%	Cost 32s
              precision    recall  f1-score   support

         bzx     0.6000    0.3871    0.4706        31
         cwx     1.0000    0.1818    0.3077        22
         hdx     0.2812    0.5294    0.3673        17
         mtx     0.3500    0.3684    0.3590        19
         nqx     0.3667    0.9167    0.5238        12
         qtx     0.7317    0.6667    0.6977        45
         zxx     0.7632    0.7436    0.7532        39

    accuracy                         0.5514       185
   macro avg     0.5847    0.5420    0.4970       185
weighted avg     0.6439    0.5514    0.5485       185

micro f-score: 0.5513513513513514

========== Train Epoch 80 ==========
Loss: 0.094	Accuracy: 54.59%	Cost 33s
              precision    recall  f1-score   support

         bzx     0.0000    0.0000    0.0000        31
         cwx     0.5789    0.5000    0.5366        22
         hdx     0.2400    0.7059    0.3582        17
         mtx     0.4000    0.1053    0.1667        19
         nqx     0.6923    0.7500    0.7200        12
         qtx     0.8108    0.6667    0.7317        45
         zxx     0.6066    0.9487    0.7400        39

    accuracy                         0.5459       185
   macro avg     0.4755    0.5252    0.4647       185
weighted avg     0.5020    0.5459    0.4945       185

micro f-score: 0.5459459459459459

========== Train Epoch 81 ==========
Loss: 0.065	Accuracy: 58.38%	Cost 32s
              precision    recall  f1-score   support

         bzx     0.5385    0.4516    0.4912        31
         cwx     0.9167    0.5000    0.6471        22
         hdx     0.3030    0.5882    0.4000        17
         mtx     0.4615    0.3158    0.3750        19
         nqx     0.4074    0.9167    0.5641        12
         qtx     0.8571    0.5333    0.6575        45
         zxx     0.6957    0.8205    0.7529        39

    accuracy                         0.5838       185
   macro avg     0.5971    0.5895    0.5554       185
weighted avg     0.6561    0.5838    0.5898       185

micro f-score: 0.5837837837837838

========== Train Epoch 82 ==========
Loss: 0.069	Accuracy: 61.08%	Cost 32s
              precision    recall  f1-score   support

         bzx     0.4032    0.8065    0.5376        31
         cwx     0.7273    0.3636    0.4848        22
         hdx     0.6000    0.3529    0.4444        17
         mtx     0.3448    0.5263    0.4167        19
         nqx     0.8571    0.5000    0.6316        12
         qtx     0.9118    0.6889    0.7848        45
         zxx     0.8438    0.6923    0.7606        39

    accuracy                         0.6108       185
   macro avg     0.6697    0.5615    0.5801       185
weighted avg     0.6999    0.6108    0.6236       185

micro f-score: 0.6108108108108108

========== Train Epoch 83 ==========
Loss: 0.082	Accuracy: 58.92%	Cost 32s
              precision    recall  f1-score   support

         bzx     1.0000    0.0323    0.0625        31
         cwx     0.4815    0.5909    0.5306        22
         hdx     0.7778    0.4118    0.5385        17
         mtx     0.2857    0.7368    0.4118        19
         nqx     0.6000    0.5000    0.5455        12
         qtx     0.7391    0.7556    0.7473        45
         zxx     0.7907    0.8718    0.8293        39

    accuracy                         0.5892       185
   macro avg     0.6678    0.5570    0.5236       185
weighted avg     0.7110    0.5892    0.5573       185

micro f-score: 0.5891891891891892

========== Train Epoch 84 ==========
Loss: 0.101	Accuracy: 55.68%	Cost 32s
              precision    recall  f1-score   support

         bzx     0.6296    0.5484    0.5862        31
         cwx     0.6364    0.6364    0.6364        22
         hdx     0.4286    0.3529    0.3871        17
         mtx     0.5714    0.2105    0.3077        19
         nqx     0.8333    0.4167    0.5556        12
         qtx     0.8636    0.4222    0.5672        45
         zxx     0.4368    0.9744    0.6032        39

    accuracy                         0.5568       185
   macro avg     0.6285    0.5088    0.5205       185
weighted avg     0.6355    0.5568    0.5422       185

micro f-score: 0.5567567567567567

========== Train Epoch 85 ==========
Loss: 0.095	Accuracy: 53.51%	Cost 32s
              precision    recall  f1-score   support

         bzx     0.3934    0.7742    0.5217        31
         cwx     1.0000    0.2727    0.4286        22
         hdx     0.5000    0.3529    0.4138        17
         mtx     0.4000    0.1053    0.1667        19
         nqx     0.3793    0.9167    0.5366        12
         qtx     0.7727    0.7556    0.7640        45
         zxx     0.5714    0.4103    0.4776        39

    accuracy                         0.5351       185
   macro avg     0.5738    0.5125    0.4727       185
weighted avg     0.6049    0.5351    0.5149       185

micro f-score: 0.5351351351351351

========== Train Epoch 86 ==========
Loss: 0.097	Accuracy: 55.68%	Cost 32s
              precision    recall  f1-score   support

         bzx     0.5000    0.1935    0.2791        31
         cwx     0.4118    0.6364    0.5000        22
         hdx     0.4444    0.2353    0.3077        17
         mtx     0.4706    0.4211    0.4444        19
         nqx     1.0000    0.3333    0.5000        12
         qtx     0.7692    0.6667    0.7143        45
         zxx     0.5286    0.9487    0.6789        39

    accuracy                         0.5568       185
   macro avg     0.5892    0.4907    0.4892       185
weighted avg     0.5853    0.5568    0.5294       185

micro f-score: 0.5567567567567567

========== Train Epoch 87 ==========
Loss: 0.079	Accuracy: 61.08%	Cost 31s
              precision    recall  f1-score   support

         bzx     0.6429    0.2903    0.4000        31
         cwx     0.9000    0.4091    0.5625        22
         hdx     0.6154    0.4706    0.5333        17
         mtx     0.6000    0.4737    0.5294        19
         nqx     0.2973    0.9167    0.4490        12
         qtx     0.8649    0.7111    0.7805        45
         zxx     0.5932    0.8974    0.7143        39

    accuracy                         0.6108       185
   macro avg     0.6448    0.5956    0.5670       185
weighted avg     0.6876    0.6108    0.6069       185

micro f-score: 0.6108108108108108

========== Train Epoch 88 ==========
Loss: 0.099	Accuracy: 49.19%	Cost 32s
              precision    recall  f1-score   support

         bzx     0.3429    0.7742    0.4752        31
         cwx     1.0000    0.3636    0.5333        22
         hdx     0.2667    0.4706    0.3404        17
         mtx     0.5000    0.0526    0.0952        19
         nqx     0.4231    0.9167    0.5789        12
         qtx     1.0000    0.2889    0.4483        45
         zxx     0.7222    0.6667    0.6933        39

    accuracy                         0.4919       185
   macro avg     0.6078    0.5048    0.4521       185
weighted avg     0.6752    0.4919    0.4769       185

micro f-score: 0.4918918918918919

========== Train Epoch 89 ==========
Loss: 0.081	Accuracy: 62.16%	Cost 31s
              precision    recall  f1-score   support

         bzx     0.7647    0.4194    0.5417        31
         cwx     0.5000    0.5909    0.5417        22
         hdx     0.6667    0.2353    0.3478        17
         mtx     0.2857    0.2105    0.2424        19
         nqx     1.0000    0.5833    0.7368        12
         qtx     0.5775    0.9111    0.7069        45
         zxx     0.7500    0.8462    0.7952        39

    accuracy                         0.6216       185
   macro avg     0.6492    0.5424    0.5589       185
weighted avg     0.6416    0.6216    0.5994       185

micro f-score: 0.6216216216216216

========== Train Epoch 90 ==========
Loss: 0.060	Accuracy: 57.30%	Cost 32s
              precision    recall  f1-score   support

         bzx     0.7143    0.4839    0.5769        31
         cwx     0.4848    0.7273    0.5818        22
         hdx     0.3143    0.6471    0.4231        17
         mtx     0.4000    0.1053    0.1667        19
         nqx     0.3235    0.9167    0.4783        12
         qtx     0.9286    0.5778    0.7123        45
         zxx     0.8621    0.6410    0.7353        39

    accuracy                         0.5730       185
   macro avg     0.5754    0.5856    0.5249       185
weighted avg     0.6759    0.5730    0.5812       185

micro f-score: 0.572972972972973

========== Train Epoch 91 ==========
Loss: 0.076	Accuracy: 62.16%	Cost 33s
              precision    recall  f1-score   support

         bzx     0.7333    0.3548    0.4783        31
         cwx     0.7778    0.3182    0.4516        22
         hdx     0.3750    0.3529    0.3636        17
         mtx     0.3871    0.6316    0.4800        19
         nqx     0.6875    0.9167    0.7857        12
         qtx     0.8378    0.6889    0.7561        45
         zxx     0.6066    0.9487    0.7400        39

    accuracy                         0.6216       185
   macro avg     0.6293    0.6017    0.5793       185
weighted avg     0.6659    0.6216    0.6074       185

micro f-score: 0.6216216216216216

========== Train Epoch 92 ==========
Loss: 0.050	Accuracy: 61.62%	Cost 32s
              precision    recall  f1-score   support

         bzx     0.4750    0.6129    0.5352        31
         cwx     0.7857    0.5000    0.6111        22
         hdx     0.4000    0.2353    0.2963        17
         mtx     0.3913    0.4737    0.4286        19
         nqx     0.5789    0.9167    0.7097        12
         qtx     0.7727    0.7556    0.7640        45
         zxx     0.7429    0.6667    0.7027        39

    accuracy                         0.6162       185
   macro avg     0.5924    0.5944    0.5782       185
weighted avg     0.6321    0.6162    0.6136       185

micro f-score: 0.6162162162162163

========== Train Epoch 93 ==========
Loss: 0.044	Accuracy: 62.16%	Cost 32s
              precision    recall  f1-score   support

         bzx     0.5263    0.6452    0.5797        31
         cwx     0.7000    0.6364    0.6667        22
         hdx     0.4167    0.5882    0.4878        17
         mtx     0.3750    0.1579    0.2222        19
         nqx     0.4783    0.9167    0.6286        12
         qtx     0.9062    0.6444    0.7532        45
         zxx     0.7000    0.7179    0.7089        39

    accuracy                         0.6216       185
   macro avg     0.5861    0.6152    0.5782       185
weighted avg     0.6473    0.6216    0.6175       185

micro f-score: 0.6216216216216216

========== Train Epoch 94 ==========
Loss: 0.031	Accuracy: 61.62%	Cost 32s
              precision    recall  f1-score   support

         bzx     0.5312    0.5484    0.5397        31
         cwx     0.8000    0.5455    0.6486        22
         hdx     0.4615    0.3529    0.4000        17
         mtx     0.4583    0.5789    0.5116        19
         nqx     0.3548    0.9167    0.5116        12
         qtx     0.8571    0.6667    0.7500        45
         zxx     0.7714    0.6923    0.7297        39

    accuracy                         0.6162       185
   macro avg     0.6049    0.6145    0.5845       185
weighted avg     0.6678    0.6162    0.6263       185

micro f-score: 0.6162162162162163

========== Train Epoch 95 ==========
Loss: 0.053	Accuracy: 27.57%	Cost 31s
              precision    recall  f1-score   support

         bzx     0.4000    0.0645    0.1111        31
         cwx     0.1538    1.0000    0.2667        22
         hdx     0.2222    0.1176    0.1538        17
         mtx     0.0000    0.0000    0.0000        19
         nqx     1.0000    0.2500    0.4000        12
         qtx     0.9091    0.2222    0.3571        45
         zxx     1.0000    0.3077    0.4706        39

    accuracy                         0.2757       185
   macro avg     0.5265    0.2803    0.2513       185
weighted avg     0.6025    0.2757    0.2765       185

micro f-score: 0.2756756756756757

========== Train Epoch 96 ==========
Loss: 0.106	Accuracy: 60.54%	Cost 30s
              precision    recall  f1-score   support

         bzx     0.6316    0.3871    0.4800        31
         cwx     0.6087    0.6364    0.6222        22
         hdx     0.3810    0.4706    0.4211        17
         mtx     0.4286    0.1579    0.2308        19
         nqx     0.5000    0.8333    0.6250        12
         qtx     0.7949    0.6889    0.7381        45
         zxx     0.6071    0.8718    0.7158        39

    accuracy                         0.6054       185
   macro avg     0.5645    0.5780    0.5476       185
weighted avg     0.6110    0.6054    0.5878       185

micro f-score: 0.6054054054054054

========== Train Epoch 97 ==========
Loss: 0.151	Accuracy: 52.97%	Cost 34s
              precision    recall  f1-score   support

         bzx     0.7692    0.3226    0.4545        31
         cwx     0.7500    0.1364    0.2308        22
         hdx     0.1951    0.4706    0.2759        17
         mtx     0.5556    0.2632    0.3571        19
         nqx     0.6250    0.8333    0.7143        12
         qtx     0.6364    0.7778    0.7000        45
         zxx     0.5745    0.6923    0.6279        39

    accuracy                         0.5297       185
   macro avg     0.5865    0.4994    0.4801       185
weighted avg     0.6095    0.5297    0.5146       185

micro f-score: 0.5297297297297298

========== Train Epoch 98 ==========
Loss: 0.162	Accuracy: 53.51%	Cost 31s
              precision    recall  f1-score   support

         bzx     0.8333    0.1613    0.2703        31
         cwx     0.8889    0.3636    0.5161        22
         hdx     0.4000    0.3529    0.3750        17
         mtx     0.2857    0.1053    0.1538        19
         nqx     0.5000    0.6667    0.5714        12
         qtx     0.5690    0.7333    0.6408        45
         zxx     0.5000    0.9487    0.6549        39

    accuracy                         0.5351       185
   macro avg     0.5681    0.4760    0.4546       185
weighted avg     0.5877    0.5351    0.4879       185

micro f-score: 0.5351351351351351

========== Train Epoch 99 ==========
Loss: 0.184	Accuracy: 45.95%	Cost 31s
              precision    recall  f1-score   support

         bzx     0.2921    0.8387    0.4333        31
         cwx     1.0000    0.4545    0.6250        22
         hdx     0.7500    0.1765    0.2857        17
         mtx     0.3750    0.6316    0.4706        19
         nqx     0.3810    0.6667    0.4848        12
         qtx     0.8889    0.5333    0.6667        45
         zxx     1.0000    0.0513    0.0976        39

    accuracy                         0.4595       185
   macro avg     0.6696    0.4789    0.4377       185
weighted avg     0.7270    0.4595    0.4357       185

micro f-score: 0.4594594594594595

========== Train Epoch 100 ==========
Loss: 0.138	Accuracy: 48.11%	Cost 31s
              precision    recall  f1-score   support

         bzx     0.3733    0.9032    0.5283        31
         cwx     0.8462    0.5000    0.6286        22
         hdx     0.4444    0.2353    0.3077        17
         mtx     0.2889    0.6842    0.4062        19
         nqx     0.4706    0.6667    0.5517        12
         qtx     1.0000    0.3333    0.5000        45
         zxx     0.9091    0.2564    0.4000        39

    accuracy                         0.4811       185
   macro avg     0.6189    0.5113    0.4746       185
weighted avg     0.6991    0.4811    0.4750       185

micro f-score: 0.4810810810810811

========== Train Epoch 101 ==========
Loss: 0.111	Accuracy: 58.92%	Cost 32s
              precision    recall  f1-score   support

         bzx     0.6667    0.4516    0.5385        31
         cwx     1.0000    0.1364    0.2400        22
         hdx     0.3913    0.5294    0.4500        17
         mtx     0.6364    0.3684    0.4667        19
         nqx     0.4167    0.8333    0.5556        12
         qtx     0.5634    0.8889    0.6897        45
         zxx     0.8125    0.6667    0.7324        39

    accuracy                         0.5892       185
   macro avg     0.6410    0.5535    0.5247       185
weighted avg     0.6673    0.5892    0.5662       185

micro f-score: 0.5891891891891892

========== Train Epoch 102 ==========
Loss: 0.080	Accuracy: 55.14%	Cost 31s
              precision    recall  f1-score   support

         bzx     0.4030    0.8710    0.5510        31
         cwx     0.8889    0.3636    0.5161        22
         hdx     0.2400    0.3529    0.2857        17
         mtx     0.5000    0.3684    0.4242        19
         nqx     0.5263    0.8333    0.6452        12
         qtx     0.8529    0.6444    0.7342        45
         zxx     0.8824    0.3846    0.5357        39

    accuracy                         0.5514       185
   macro avg     0.6134    0.5455    0.5275       185
weighted avg     0.6743    0.5514    0.5569       185

micro f-score: 0.5513513513513514

========== Train Epoch 103 ==========
Loss: 0.046	Accuracy: 58.92%	Cost 32s
              precision    recall  f1-score   support

         bzx     0.0000    0.0000    0.0000        31
         cwx     0.5263    0.4545    0.4878        22
         hdx     0.4667    0.4118    0.4375        17
         mtx     0.4000    0.4211    0.4103        19
         nqx     0.8333    0.8333    0.8333        12
         qtx     0.5634    0.8889    0.6897        45
         zxx     0.7083    0.8718    0.7816        39

    accuracy                         0.5892       185
   macro avg     0.4997    0.5545    0.5200       185
weighted avg     0.4870    0.5892    0.5269       185

micro f-score: 0.5891891891891892

========== Train Epoch 104 ==========
Loss: 0.069	Accuracy: 62.70%	Cost 31s
              precision    recall  f1-score   support

         bzx     0.7333    0.3548    0.4783        31
         cwx     0.4412    0.6818    0.5357        22
         hdx     0.5000    0.4706    0.4848        17
         mtx     0.5000    0.6842    0.5778        19
         nqx     0.7500    0.7500    0.7500        12
         qtx     0.8125    0.5778    0.6753        45
         zxx     0.6800    0.8718    0.7640        39

    accuracy                         0.6270       185
   macro avg     0.6310    0.6273    0.6094       185
weighted avg     0.6623    0.6270    0.6217       185

micro f-score: 0.6270270270270271

========== Train Epoch 105 ==========
Loss: 0.051	Accuracy: 67.57%	Cost 32s
              precision    recall  f1-score   support

         bzx     0.5250    0.6774    0.5915        31
         cwx     1.0000    0.4091    0.5806        22
         hdx     0.7143    0.2941    0.4167        17
         mtx     0.4762    0.5263    0.5000        19
         nqx     0.7059    1.0000    0.8276        12
         qtx     0.8049    0.7333    0.7674        45
         zxx     0.7000    0.8974    0.7865        39

    accuracy                         0.6757       185
   macro avg     0.7037    0.6482    0.6386       185
weighted avg     0.7106    0.6757    0.6640       185

micro f-score: 0.6756756756756757

========== Train Epoch 106 ==========
Loss: 0.039	Accuracy: 64.86%	Cost 32s
              precision    recall  f1-score   support

         bzx     0.5122    0.6774    0.5833        31
         cwx     0.9167    0.5000    0.6471        22
         hdx     0.3793    0.6471    0.4783        17
         mtx     0.7273    0.4211    0.5333        19
         nqx     0.5500    0.9167    0.6875        12
         qtx     0.9375    0.6667    0.7792        45
         zxx     0.7000    0.7179    0.7089        39

    accuracy                         0.6486       185
   macro avg     0.6747    0.6495    0.6311       185
weighted avg     0.7157    0.6486    0.6570       185

micro f-score: 0.6486486486486487

========== Train Epoch 107 ==========
Loss: 0.051	Accuracy: 64.32%	Cost 31s
              precision    recall  f1-score   support

         bzx     0.8000    0.3871    0.5217        31
         cwx     0.6400    0.7273    0.6809        22
         hdx     0.6250    0.2941    0.4000        17
         mtx     0.3333    0.5789    0.4231        19
         nqx     0.6875    0.9167    0.7857        12
         qtx     0.7234    0.7556    0.7391        45
         zxx     0.7317    0.7692    0.7500        39

    accuracy                         0.6432       185
   macro avg     0.6487    0.6327    0.6144       185
weighted avg     0.6766    0.6432    0.6375       185

micro f-score: 0.6432432432432432

========== Train Epoch 108 ==========
Loss: 0.046	Accuracy: 50.81%	Cost 31s
              precision    recall  f1-score   support

         bzx     0.6129    0.6129    0.6129        31
         cwx     0.8182    0.4091    0.5455        22
         hdx     0.1967    0.7059    0.3077        17
         mtx     0.3846    0.2632    0.3125        19
         nqx     0.3571    0.8333    0.5000        12
         qtx     1.0000    0.3778    0.5484        45
         zxx     0.9167    0.5641    0.6984        39

    accuracy                         0.5081       185
   macro avg     0.6123    0.5380    0.5036       185
weighted avg     0.7172    0.5081    0.5410       185

micro f-score: 0.5081081081081081

========== Train Epoch 109 ==========
Loss: 0.063	Accuracy: 61.08%	Cost 33s
              precision    recall  f1-score   support

         bzx     0.9091    0.3226    0.4762        31
         cwx     0.6500    0.5909    0.6190        22
         hdx     0.4211    0.4706    0.4444        17
         mtx     0.3600    0.4737    0.4091        19
         nqx     0.6250    0.4167    0.5000        12
         qtx     0.5833    0.7778    0.6667        45
         zxx     0.7857    0.8462    0.8148        39

    accuracy                         0.6108       185
   macro avg     0.6192    0.5569    0.5615       185
weighted avg     0.6534    0.6108    0.6026       185

micro f-score: 0.6108108108108108

========== Train Epoch 110 ==========
Epoch   110: reducing learning rate of group 0 to 1.0000e-04.
Loss: 0.055	Accuracy: 62.16%	Cost 33s
              precision    recall  f1-score   support

         bzx     0.5455    0.5806    0.5625        31
         cwx     0.7500    0.4091    0.5294        22
         hdx     0.5000    0.4118    0.4516        17
         mtx     0.4000    0.5263    0.4545        19
         nqx     0.4348    0.8333    0.5714        12
         qtx     0.9167    0.7333    0.8148        45
         zxx     0.6667    0.7179    0.6914        39

    accuracy                         0.6216       185
   macro avg     0.6019    0.6018    0.5822       185
weighted avg     0.6593    0.6216    0.6264       185

micro f-score: 0.6216216216216216

========== Train Epoch 111 ==========
Loss: 0.048	Accuracy: 68.65%	Cost 32s
              precision    recall  f1-score   support

         bzx     0.6800    0.5484    0.6071        31
         cwx     0.6500    0.5909    0.6190        22
         hdx     0.5882    0.5882    0.5882        17
         mtx     0.3913    0.4737    0.4286        19
         nqx     0.6667    0.8333    0.7407        12
         qtx     0.8947    0.7556    0.8193        45
         zxx     0.7234    0.8718    0.7907        39

    accuracy                         0.6865       185
   macro avg     0.6563    0.6660    0.6562       185
weighted avg     0.6989    0.6865    0.6874       185

micro f-score: 0.6864864864864865

========== Train Epoch 112 ==========
Loss: 0.024	Accuracy: 68.11%	Cost 31s
              precision    recall  f1-score   support

         bzx     0.6800    0.5484    0.6071        31
         cwx     0.6842    0.5909    0.6341        22
         hdx     0.5556    0.5882    0.5714        17
         mtx     0.4167    0.5263    0.4651        19
         nqx     0.6667    0.8333    0.7407        12
         qtx     0.8889    0.7111    0.7901        45
         zxx     0.7083    0.8718    0.7816        39

    accuracy                         0.6811       185
   macro avg     0.6572    0.6672    0.6558       185
weighted avg     0.6979    0.6811    0.6824       185

micro f-score: 0.6810810810810811

========== Train Epoch 113 ==========
Loss: 0.022	Accuracy: 66.49%	Cost 34s
              precision    recall  f1-score   support

         bzx     0.6296    0.5484    0.5862        31
         cwx     0.7222    0.5909    0.6500        22
         hdx     0.5000    0.5882    0.5405        17
         mtx     0.4400    0.5789    0.5000        19
         nqx     0.6667    0.8333    0.7407        12
         qtx     0.8824    0.6667    0.7595        45
         zxx     0.6957    0.8205    0.7529        39

    accuracy                         0.6649       185
   macro avg     0.6481    0.6610    0.6471       185
weighted avg     0.6870    0.6649    0.6681       185

micro f-score: 0.6648648648648648

========== Train Epoch 114 ==========
Loss: 0.018	Accuracy: 67.57%	Cost 32s
              precision    recall  f1-score   support

         bzx     0.6429    0.5806    0.6102        31
         cwx     0.6842    0.5909    0.6341        22
         hdx     0.5882    0.5882    0.5882        17
         mtx     0.4348    0.5263    0.4762        19
         nqx     0.6471    0.9167    0.7586        12
         qtx     0.8857    0.6889    0.7750        45
         zxx     0.6957    0.8205    0.7529        39

    accuracy                         0.6757       185
   macro avg     0.6541    0.6732    0.6565       185
weighted avg     0.6919    0.6757    0.6771       185

micro f-score: 0.6756756756756757

========== Train Epoch 115 ==========
Loss: 0.015	Accuracy: 68.65%	Cost 32s
              precision    recall  f1-score   support

         bzx     0.7391    0.5484    0.6296        31
         cwx     0.6667    0.6364    0.6512        22
         hdx     0.5000    0.5882    0.5405        17
         mtx     0.4091    0.4737    0.4390        19
         nqx     0.6875    0.9167    0.7857        12
         qtx     0.8857    0.6889    0.7750        45
         zxx     0.7292    0.8974    0.8046        39

    accuracy                         0.6865       185
   macro avg     0.6596    0.6785    0.6608       185
weighted avg     0.7048    0.6865    0.6868       185

micro f-score: 0.6864864864864865

========== Train Epoch 116 ==========
Loss: 0.012	Accuracy: 69.73%	Cost 33s
              precision    recall  f1-score   support

         bzx     0.7200    0.5806    0.6429        31
         cwx     0.7500    0.6818    0.7143        22
         hdx     0.5263    0.5882    0.5556        17
         mtx     0.4167    0.5263    0.4651        19
         nqx     0.6471    0.9167    0.7586        12
         qtx     0.9118    0.6889    0.7848        45
         zxx     0.7391    0.8718    0.8000        39

    accuracy                         0.6973       185
   macro avg     0.6730    0.6935    0.6745       185
weighted avg     0.7206    0.6973    0.7002       185

micro f-score: 0.6972972972972973

========== Train Epoch 117 ==========
Loss: 0.015	Accuracy: 69.19%	Cost 32s
              precision    recall  f1-score   support

         bzx     0.6923    0.5806    0.6316        31
         cwx     0.7500    0.6818    0.7143        22
         hdx     0.5263    0.5882    0.5556        17
         mtx     0.4348    0.5263    0.4762        19
         nqx     0.6111    0.9167    0.7333        12
         qtx     0.9118    0.6889    0.7848        45
         zxx     0.7333    0.8462    0.7857        39

    accuracy                         0.6919       185
   macro avg     0.6657    0.6898    0.6688       185
weighted avg     0.7142    0.6919    0.6948       185

micro f-score: 0.6918918918918919

========== Train Epoch 118 ==========
Loss: 0.017	Accuracy: 69.73%	Cost 32s
              precision    recall  f1-score   support

         bzx     0.6923    0.5806    0.6316        31
         cwx     0.7368    0.6364    0.6829        22
         hdx     0.5556    0.5882    0.5714        17
         mtx     0.4348    0.5263    0.4762        19
         nqx     0.6875    0.9167    0.7857        12
         qtx     0.8889    0.7111    0.7901        45
         zxx     0.7234    0.8718    0.7907        39

    accuracy                         0.6973       185
   macro avg     0.6742    0.6902    0.6755       185
weighted avg     0.7126    0.6973    0.6983       185

micro f-score: 0.6972972972972973

========== Train Epoch 119 ==========
Loss: 0.014	Accuracy: 66.49%	Cost 32s
              precision    recall  f1-score   support

         bzx     0.6538    0.5484    0.5965        31
         cwx     0.6818    0.6818    0.6818        22
         hdx     0.5000    0.5882    0.5405        17
         mtx     0.4167    0.5263    0.4651        19
         nqx     0.5882    0.8333    0.6897        12
         qtx     0.8788    0.6444    0.7436        45
         zxx     0.7442    0.8205    0.7805        39

    accuracy                         0.6649       185
   macro avg     0.6376    0.6633    0.6425       185
weighted avg     0.6882    0.6649    0.6686       185

micro f-score: 0.6648648648648648

========== Train Epoch 120 ==========
Loss: 0.011	Accuracy: 67.57%	Cost 32s
              precision    recall  f1-score   support

         bzx     0.6296    0.5484    0.5862        31
         cwx     0.7143    0.6818    0.6977        22
         hdx     0.5000    0.5882    0.5405        17
         mtx     0.4762    0.5263    0.5000        19
         nqx     0.5882    0.8333    0.6897        12
         qtx     0.8611    0.6889    0.7654        45
         zxx     0.7442    0.8205    0.7805        39

    accuracy                         0.6757       185
   macro avg     0.6448    0.6696    0.6514       185
weighted avg     0.6898    0.6757    0.6777       185

micro f-score: 0.6756756756756757

========== Train Epoch 121 ==========
Loss: 0.013	Accuracy: 69.19%	Cost 32s
              precision    recall  f1-score   support

         bzx     0.6923    0.5806    0.6316        31
         cwx     0.7000    0.6364    0.6667        22
         hdx     0.5882    0.5882    0.5882        17
         mtx     0.4545    0.5263    0.4878        19
         nqx     0.6000    1.0000    0.7500        12
         qtx     0.9118    0.6889    0.7848        45
         zxx     0.7174    0.8462    0.7765        39

    accuracy                         0.6919       185
   macro avg     0.6663    0.6952    0.6694       185
weighted avg     0.7119    0.6919    0.6925       185

micro f-score: 0.6918918918918919

========== Train Epoch 122 ==========
Loss: 0.015	Accuracy: 68.11%	Cost 32s
              precision    recall  f1-score   support

         bzx     0.6800    0.5484    0.6071        31
         cwx     0.7143    0.6818    0.6977        22
         hdx     0.5263    0.5882    0.5556        17
         mtx     0.4167    0.5263    0.4651        19
         nqx     0.6250    0.8333    0.7143        12
         qtx     0.8857    0.6889    0.7750        45
         zxx     0.7333    0.8462    0.7857        39

    accuracy                         0.6811       185
   macro avg     0.6545    0.6733    0.6572       185
weighted avg     0.7006    0.6811    0.6840       185

micro f-score: 0.6810810810810811

========== Train Epoch 123 ==========
Loss: 0.014	Accuracy: 69.73%	Cost 32s
              precision    recall  f1-score   support

         bzx     0.6923    0.5806    0.6316        31
         cwx     0.7143    0.6818    0.6977        22
         hdx     0.5882    0.5882    0.5882        17
         mtx     0.4348    0.5263    0.4762        19
         nqx     0.6111    0.9167    0.7333        12
         qtx     0.9143    0.7111    0.8000        45
         zxx     0.7333    0.8462    0.7857        39

    accuracy                         0.6973       185
   macro avg     0.6698    0.6930    0.6732       185
weighted avg     0.7163    0.6973    0.6996       185

micro f-score: 0.6972972972972973

========== Train Epoch 124 ==========
Loss: 0.016	Accuracy: 68.65%	Cost 31s
              precision    recall  f1-score   support

         bzx     0.6667    0.5806    0.6207        31
         cwx     0.7143    0.6818    0.6977        22
         hdx     0.5625    0.5294    0.5455        17
         mtx     0.4545    0.5263    0.4878        19
         nqx     0.5789    0.9167    0.7097        12
         qtx     0.8649    0.7111    0.7805        45
         zxx     0.7442    0.8205    0.7805        39

    accuracy                         0.6865       185
   macro avg     0.6551    0.6809    0.6603       185
weighted avg     0.6998    0.6865    0.6876       185

micro f-score: 0.6864864864864865

========== Train Epoch 125 ==========
Loss: 0.010	Accuracy: 68.11%	Cost 31s
              precision    recall  f1-score   support

         bzx     0.6800    0.5484    0.6071        31
         cwx     0.8125    0.5909    0.6842        22
         hdx     0.5294    0.5294    0.5294        17
         mtx     0.4545    0.5263    0.4878        19
         nqx     0.5714    1.0000    0.7273        12
         qtx     0.8205    0.7111    0.7619        45
         zxx     0.7333    0.8462    0.7857        39

    accuracy                         0.6811       185
   macro avg     0.6574    0.6789    0.6548       185
weighted avg     0.6971    0.6811    0.6800       185

micro f-score: 0.6810810810810811

========== Train Epoch 126 ==========
Loss: 0.016	Accuracy: 68.65%	Cost 32s
              precision    recall  f1-score   support

         bzx     0.5862    0.5484    0.5667        31
         cwx     0.7500    0.6818    0.7143        22
         hdx     0.5556    0.5882    0.5714        17
         mtx     0.4545    0.5263    0.4878        19
         nqx     0.6667    0.8333    0.7407        12
         qtx     0.8889    0.7111    0.7901        45
         zxx     0.7333    0.8462    0.7857        39

    accuracy                         0.6865       185
   macro avg     0.6622    0.6765    0.6653       185
weighted avg     0.6992    0.6865    0.6884       185

micro f-score: 0.6864864864864865

========== Train Epoch 127 ==========
Loss: 0.011	Accuracy: 67.57%	Cost 32s
              precision    recall  f1-score   support

         bzx     0.5862    0.5484    0.5667        31
         cwx     0.7368    0.6364    0.6829        22
         hdx     0.5263    0.5882    0.5556        17
         mtx     0.4762    0.5263    0.5000        19
         nqx     0.6250    0.8333    0.7143        12
         qtx     0.8857    0.6889    0.7750        45
         zxx     0.7174    0.8462    0.7765        39

    accuracy                         0.6757       185
   macro avg     0.6505    0.6668    0.6530       185
weighted avg     0.6903    0.6757    0.6771       185

micro f-score: 0.6756756756756757

========== Train Epoch 128 ==========
Loss: 0.011	Accuracy: 69.19%	Cost 32s
              precision    recall  f1-score   support

         bzx     0.6000    0.5806    0.5902        31
         cwx     0.7778    0.6364    0.7000        22
         hdx     0.6250    0.5882    0.6061        17
         mtx     0.4783    0.5789    0.5238        19
         nqx     0.6111    0.9167    0.7333        12
         qtx     0.9143    0.7111    0.8000        45
         zxx     0.7111    0.8205    0.7619        39

    accuracy                         0.6919       185
   macro avg     0.6739    0.6904    0.6736       185
weighted avg     0.7115    0.6919    0.6944       185

micro f-score: 0.6918918918918919

Finished training!!!

Min Loss = 0.010 in epoch 124;
Max Accuracy = 69.73% in epoch 115;
Total Cost 69 minutes

===============================================================================================
Layer (type:depth-idx)                        Output Shape              Param #
===============================================================================================
Conv2d: 1-1                                 [-1, 64, 160, 160]        9,408
BatchNorm2d: 1-2                            [-1, 64, 160, 160]        128
ReLU: 1-3                                   [-1, 64, 160, 160]        --
SPP: 1-4                                    [-1, 64, 160, 160]        --
|    Conv: 2-1                              [-1, 32, 160, 160]        --
|    |    Conv2d: 3-1                       [-1, 32, 160, 160]        2,048
|    |    BatchNorm2d: 3-2                  [-1, 32, 160, 160]        64
|    |    ReLU: 3-3                         [-1, 32, 160, 160]        --
|    ModuleList: 2                          []                        --
|    |    MaxPool2d: 3-4                    [-1, 32, 160, 160]        --
|    |    MaxPool2d: 3-5                    [-1, 32, 160, 160]        --
|    |    MaxPool2d: 3-6                    [-1, 32, 160, 160]        --
|    Conv: 2-2                              [-1, 64, 160, 160]        --
|    |    Conv2d: 3-7                       [-1, 64, 160, 160]        8,192
|    |    BatchNorm2d: 3-8                  [-1, 64, 160, 160]        128
|    |    ReLU: 3-9                         [-1, 64, 160, 160]        --
Sequential: 1-5                             [-1, 64, 160, 160]        --
|    BasicBlock: 2-3                        [-1, 64, 160, 160]        --
|    |    Conv2d: 3-10                      [-1, 64, 160, 160]        36,864
|    |    BatchNorm2d: 3-11                 [-1, 64, 160, 160]        128
|    |    ReLU: 3-12                        [-1, 64, 160, 160]        --
|    |    Conv2d: 3-13                      [-1, 64, 160, 160]        36,864
|    |    BatchNorm2d: 3-14                 [-1, 64, 160, 160]        128
|    |    HCAM1: 3-15                       [-1, 64, 160, 160]        3,376
|    |    ReLU: 3-16                        [-1, 64, 160, 160]        --
|    BasicBlock: 2-4                        [-1, 64, 160, 160]        --
|    |    Conv2d: 3-17                      [-1, 64, 160, 160]        36,864
|    |    BatchNorm2d: 3-18                 [-1, 64, 160, 160]        128
|    |    ReLU: 3-19                        [-1, 64, 160, 160]        --
|    |    Conv2d: 3-20                      [-1, 64, 160, 160]        36,864
|    |    BatchNorm2d: 3-21                 [-1, 64, 160, 160]        128
|    |    HCAM1: 3-22                       [-1, 64, 160, 160]        3,376
|    |    ReLU: 3-23                        [-1, 64, 160, 160]        --
Sequential: 1-6                             [-1, 128, 80, 80]         --
|    BasicBlock: 2-5                        [-1, 128, 80, 80]         --
|    |    Conv2d: 3-24                      [-1, 128, 80, 80]         73,728
|    |    BatchNorm2d: 3-25                 [-1, 128, 80, 80]         256
|    |    ReLU: 3-26                        [-1, 128, 80, 80]         --
|    |    Conv2d: 3-27                      [-1, 128, 80, 80]         147,456
|    |    BatchNorm2d: 3-28                 [-1, 128, 80, 80]         256
|    |    HCAM1: 3-29                       [-1, 128, 80, 80]         6,704
|    |    Sequential: 3-30                  [-1, 128, 80, 80]         8,448
|    |    ReLU: 3-31                        [-1, 128, 80, 80]         --
|    BasicBlock: 2-6                        [-1, 128, 80, 80]         --
|    |    Conv2d: 3-32                      [-1, 128, 80, 80]         147,456
|    |    BatchNorm2d: 3-33                 [-1, 128, 80, 80]         256
|    |    ReLU: 3-34                        [-1, 128, 80, 80]         --
|    |    Conv2d: 3-35                      [-1, 128, 80, 80]         147,456
|    |    BatchNorm2d: 3-36                 [-1, 128, 80, 80]         256
|    |    HCAM1: 3-37                       [-1, 128, 80, 80]         6,704
|    |    ReLU: 3-38                        [-1, 128, 80, 80]         --
Sequential: 1-7                             [-1, 256, 40, 40]         --
|    BasicBlock: 2-7                        [-1, 256, 40, 40]         --
|    |    Conv2d: 3-39                      [-1, 256, 40, 40]         294,912
|    |    BatchNorm2d: 3-40                 [-1, 256, 40, 40]         512
|    |    ReLU: 3-41                        [-1, 256, 40, 40]         --
|    |    Conv2d: 3-42                      [-1, 256, 40, 40]         589,824
|    |    BatchNorm2d: 3-43                 [-1, 256, 40, 40]         512
|    |    HCAM1: 3-44                       [-1, 256, 40, 40]         25,696
|    |    Sequential: 3-45                  [-1, 256, 40, 40]         33,280
|    |    ReLU: 3-46                        [-1, 256, 40, 40]         --
|    BasicBlock: 2-8                        [-1, 256, 40, 40]         --
|    |    Conv2d: 3-47                      [-1, 256, 40, 40]         589,824
|    |    BatchNorm2d: 3-48                 [-1, 256, 40, 40]         512
|    |    ReLU: 3-49                        [-1, 256, 40, 40]         --
|    |    Conv2d: 3-50                      [-1, 256, 40, 40]         589,824
|    |    BatchNorm2d: 3-51                 [-1, 256, 40, 40]         512
|    |    HCAM1: 3-52                       [-1, 256, 40, 40]         25,696
|    |    ReLU: 3-53                        [-1, 256, 40, 40]         --
Sequential: 1-8                             [-1, 512, 20, 20]         --
|    BasicBlock: 2-9                        [-1, 512, 20, 20]         --
|    |    Conv2d: 3-54                      [-1, 512, 20, 20]         1,179,648
|    |    BatchNorm2d: 3-55                 [-1, 512, 20, 20]         1,024
|    |    ReLU: 3-56                        [-1, 512, 20, 20]         --
|    |    Conv2d: 3-57                      [-1, 512, 20, 20]         2,359,296
|    |    BatchNorm2d: 3-58                 [-1, 512, 20, 20]         1,024
|    |    HCAM1: 3-59                       [-1, 512, 20, 20]         100,544
|    |    Sequential: 3-60                  [-1, 512, 20, 20]         132,096
|    |    ReLU: 3-61                        [-1, 512, 20, 20]         --
|    BasicBlock: 2-10                       [-1, 512, 20, 20]         --
|    |    Conv2d: 3-62                      [-1, 512, 20, 20]         2,359,296
|    |    BatchNorm2d: 3-63                 [-1, 512, 20, 20]         1,024
|    |    ReLU: 3-64                        [-1, 512, 20, 20]         --
|    |    Conv2d: 3-65                      [-1, 512, 20, 20]         2,359,296
|    |    BatchNorm2d: 3-66                 [-1, 512, 20, 20]         1,024
|    |    HCAM1: 3-67                       [-1, 512, 20, 20]         100,544
|    |    ReLU: 3-68                        [-1, 512, 20, 20]         --
AdaptiveAvgPool2d: 1-9                      [-1, 512, 1, 1]           --
Linear: 1-10                                [-1, 7]                   3,591
===============================================================================================
Total params: 11,463,175
Trainable params: 11,463,175
Non-trainable params: 0
Total mult-adds (G): 14.38
===============================================================================================
Input size (MB): 1.17
Forward/backward pass size (MB): 274.77
Params size (MB): 43.73
Estimated Total Size (MB): 319.67
===============================================================================================



