Train Model: AlexNet, Using device cuda:0

========== Train Epoch 1 ==========
Loss: 1.946	Accuracy: 31 %	Time 6 s
Accuracy for class bzx   is: 0.0 %
Accuracy for class cwx   is: 100.0 %
Accuracy for class hdx   is: 0.0 %
Accuracy for class mtx   is: 0.0 %
Accuracy for class nqx   is: 0.0 %
Accuracy for class qtx   is: 0.0 %
Accuracy for class zxx   is: 0.0 %

========== Train Epoch 2 ==========
Loss: 1.903	Accuracy: 31 %	Time 6 s
Accuracy for class bzx   is: 0.0 %
Accuracy for class cwx   is: 100.0 %
Accuracy for class hdx   is: 0.0 %
Accuracy for class mtx   is: 0.0 %
Accuracy for class nqx   is: 0.0 %
Accuracy for class qtx   is: 0.0 %
Accuracy for class zxx   is: 0.0 %

========== Train Epoch 3 ==========
Loss: 1.919	Accuracy: 31 %	Time 6 s
Accuracy for class bzx   is: 0.0 %
Accuracy for class cwx   is: 100.0 %
Accuracy for class hdx   is: 0.0 %
Accuracy for class mtx   is: 0.0 %
Accuracy for class nqx   is: 0.0 %
Accuracy for class qtx   is: 0.0 %
Accuracy for class zxx   is: 0.0 %

========== Train Epoch 4 ==========
Loss: 1.899	Accuracy: 18 %	Time 6 s
Accuracy for class bzx   is: 0.0 %
Accuracy for class cwx   is: 50.0 %
Accuracy for class hdx   is: 0.0 %
Accuracy for class mtx   is: 20.0 %
Accuracy for class nqx   is: 0.0 %
Accuracy for class qtx   is: 0.0 %
Accuracy for class zxx   is: 0.0 %

========== Train Epoch 5 ==========
Loss: 1.879	Accuracy: 28 %	Time 6 s
Accuracy for class bzx   is: 0.0 %
Accuracy for class cwx   is: 80.0 %
Accuracy for class hdx   is: 0.0 %
Accuracy for class mtx   is: 20.0 %
Accuracy for class nqx   is: 0.0 %
Accuracy for class qtx   is: 0.0 %
Accuracy for class zxx   is: 0.0 %

========== Train Epoch 6 ==========
Loss: 1.855	Accuracy: 18 %	Time 6 s
Accuracy for class bzx   is: 50.0 %
Accuracy for class cwx   is: 30.0 %
Accuracy for class hdx   is: 0.0 %
Accuracy for class mtx   is: 40.0 %
Accuracy for class nqx   is: 0.0 %
Accuracy for class qtx   is: 0.0 %
Accuracy for class zxx   is: 0.0 %

========== Train Epoch 7 ==========
Loss: 1.791	Accuracy: 25 %	Time 6 s
Accuracy for class bzx   is: 100.0 %
Accuracy for class cwx   is: 30.0 %
Accuracy for class hdx   is: 0.0 %
Accuracy for class mtx   is: 60.0 %
Accuracy for class nqx   is: 0.0 %
Accuracy for class qtx   is: 0.0 %
Accuracy for class zxx   is: 0.0 %

========== Train Epoch 8 ==========
Loss: 1.664	Accuracy: 28 %	Time 6 s
Accuracy for class bzx   is: 50.0 %
Accuracy for class cwx   is: 30.0 %
Accuracy for class hdx   is: 0.0 %
Accuracy for class mtx   is: 40.0 %
Accuracy for class nqx   is: 25.0 %
Accuracy for class qtx   is: 25.0 %
Accuracy for class zxx   is: 0.0 %

========== Train Epoch 9 ==========
Loss: 1.739	Accuracy: 34 %	Time 6 s
Accuracy for class bzx   is: 100.0 %
Accuracy for class cwx   is: 30.0 %
Accuracy for class hdx   is: 0.0 %
Accuracy for class mtx   is: 60.0 %
Accuracy for class nqx   is: 75.0 %
Accuracy for class qtx   is: 0.0 %
Accuracy for class zxx   is: 0.0 %

========== Train Epoch 10 ==========
Loss: 1.633	Accuracy: 31 %	Time 6 s
Accuracy for class bzx   is: 100.0 %
Accuracy for class cwx   is: 30.0 %
Accuracy for class hdx   is: 0.0 %
Accuracy for class mtx   is: 20.0 %
Accuracy for class nqx   is: 50.0 %
Accuracy for class qtx   is: 25.0 %
Accuracy for class zxx   is: 0.0 %

========== Train Epoch 11 ==========
Loss: 1.613	Accuracy: 34 %	Time 6 s
Accuracy for class bzx   is: 100.0 %
Accuracy for class cwx   is: 20.0 %
Accuracy for class hdx   is: 0.0 %
Accuracy for class mtx   is: 60.0 %
Accuracy for class nqx   is: 100.0 %
Accuracy for class qtx   is: 0.0 %
Accuracy for class zxx   is: 0.0 %

========== Train Epoch 12 ==========
Loss: 1.569	Accuracy: 25 %	Time 6 s
Accuracy for class bzx   is: 100.0 %
Accuracy for class cwx   is: 30.0 %
Accuracy for class hdx   is: 0.0 %
Accuracy for class mtx   is: 40.0 %
Accuracy for class nqx   is: 0.0 %
Accuracy for class qtx   is: 12.5 %
Accuracy for class zxx   is: 0.0 %

========== Train Epoch 13 ==========
Loss: 1.404	Accuracy: 28 %	Time 6 s
Accuracy for class bzx   is: 100.0 %
Accuracy for class cwx   is: 20.0 %
Accuracy for class hdx   is: 0.0 %
Accuracy for class mtx   is: 20.0 %
Accuracy for class nqx   is: 75.0 %
Accuracy for class qtx   is: 12.5 %
Accuracy for class zxx   is: 0.0 %

========== Train Epoch 14 ==========
Loss: 1.457	Accuracy: 31 %	Time 6 s
Accuracy for class bzx   is: 100.0 %
Accuracy for class cwx   is: 40.0 %
Accuracy for class hdx   is: 0.0 %
Accuracy for class mtx   is: 20.0 %
Accuracy for class nqx   is: 75.0 %
Accuracy for class qtx   is: 0.0 %
Accuracy for class zxx   is: 0.0 %

========== Train Epoch 15 ==========
Loss: 1.515	Accuracy: 31 %	Time 6 s
Accuracy for class bzx   is: 100.0 %
Accuracy for class cwx   is: 10.0 %
Accuracy for class hdx   is: 0.0 %
Accuracy for class mtx   is: 20.0 %
Accuracy for class nqx   is: 75.0 %
Accuracy for class qtx   is: 37.5 %
Accuracy for class zxx   is: 0.0 %

========== Train Epoch 16 ==========
Loss: 1.494	Accuracy: 31 %	Time 6 s
Accuracy for class bzx   is: 100.0 %
Accuracy for class cwx   is: 20.0 %
Accuracy for class hdx   is: 0.0 %
Accuracy for class mtx   is: 60.0 %
Accuracy for class nqx   is: 75.0 %
Accuracy for class qtx   is: 0.0 %
Accuracy for class zxx   is: 0.0 %

========== Train Epoch 17 ==========
Loss: 1.517	Accuracy: 46 %	Time 6 s
Accuracy for class bzx   is: 100.0 %
Accuracy for class cwx   is: 30.0 %
Accuracy for class hdx   is: 0.0 %
Accuracy for class mtx   is: 40.0 %
Accuracy for class nqx   is: 75.0 %
Accuracy for class qtx   is: 62.5 %
Accuracy for class zxx   is: 0.0 %

========== Train Epoch 18 ==========
Loss: 1.445	Accuracy: 28 %	Time 6 s
Accuracy for class bzx   is: 100.0 %
Accuracy for class cwx   is: 10.0 %
Accuracy for class hdx   is: 0.0 %
Accuracy for class mtx   is: 60.0 %
Accuracy for class nqx   is: 75.0 %
Accuracy for class qtx   is: 0.0 %
Accuracy for class zxx   is: 0.0 %

========== Train Epoch 19 ==========
Loss: 1.412	Accuracy: 34 %	Time 6 s
Accuracy for class bzx   is: 100.0 %
Accuracy for class cwx   is: 30.0 %
Accuracy for class hdx   is: 0.0 %
Accuracy for class mtx   is: 20.0 %
Accuracy for class nqx   is: 75.0 %
Accuracy for class qtx   is: 25.0 %
Accuracy for class zxx   is: 0.0 %

========== Train Epoch 20 ==========
Loss: 1.375	Accuracy: 34 %	Time 6 s
Accuracy for class bzx   is: 100.0 %
Accuracy for class cwx   is: 10.0 %
Accuracy for class hdx   is: 0.0 %
Accuracy for class mtx   is: 40.0 %
Accuracy for class nqx   is: 75.0 %
Accuracy for class qtx   is: 25.0 %
Accuracy for class zxx   is: 100.0 %

========== Train Epoch 21 ==========
Loss: 1.445	Accuracy: 31 %	Time 6 s
Accuracy for class bzx   is: 100.0 %
Accuracy for class cwx   is: 30.0 %
Accuracy for class hdx   is: 0.0 %
Accuracy for class mtx   is: 20.0 %
Accuracy for class nqx   is: 75.0 %
Accuracy for class qtx   is: 12.5 %
Accuracy for class zxx   is: 0.0 %

========== Train Epoch 22 ==========
Loss: 1.396	Accuracy: 34 %	Time 6 s
Accuracy for class bzx   is: 100.0 %
Accuracy for class cwx   is: 30.0 %
Accuracy for class hdx   is: 0.0 %
Accuracy for class mtx   is: 20.0 %
Accuracy for class nqx   is: 75.0 %
Accuracy for class qtx   is: 25.0 %
Accuracy for class zxx   is: 0.0 %

========== Train Epoch 23 ==========
Loss: 1.266	Accuracy: 31 %	Time 6 s
Accuracy for class bzx   is: 50.0 %
Accuracy for class cwx   is: 30.0 %
Accuracy for class hdx   is: 0.0 %
Accuracy for class mtx   is: 40.0 %
Accuracy for class nqx   is: 50.0 %
Accuracy for class qtx   is: 25.0 %
Accuracy for class zxx   is: 0.0 %

========== Train Epoch 24 ==========
Loss: 1.173	Accuracy: 28 %	Time 6 s
Accuracy for class bzx   is: 100.0 %
Accuracy for class cwx   is: 10.0 %
Accuracy for class hdx   is: 0.0 %
Accuracy for class mtx   is: 40.0 %
Accuracy for class nqx   is: 75.0 %
Accuracy for class qtx   is: 12.5 %
Accuracy for class zxx   is: 0.0 %

========== Train Epoch 25 ==========
Loss: 1.391	Accuracy: 40 %	Time 6 s
Accuracy for class bzx   is: 50.0 %
Accuracy for class cwx   is: 30.0 %
Accuracy for class hdx   is: 0.0 %
Accuracy for class mtx   is: 60.0 %
Accuracy for class nqx   is: 75.0 %
Accuracy for class qtx   is: 37.5 %
Accuracy for class zxx   is: 0.0 %

========== Train Epoch 26 ==========
Loss: 1.401	Accuracy: 40 %	Time 6 s
Accuracy for class bzx   is: 50.0 %
Accuracy for class cwx   is: 30.0 %
Accuracy for class hdx   is: 0.0 %
Accuracy for class mtx   is: 60.0 %
Accuracy for class nqx   is: 50.0 %
Accuracy for class qtx   is: 50.0 %
Accuracy for class zxx   is: 0.0 %

========== Train Epoch 27 ==========
Loss: 1.324	Accuracy: 34 %	Time 6 s
Accuracy for class bzx   is: 100.0 %
Accuracy for class cwx   is: 10.0 %
Accuracy for class hdx   is: 0.0 %
Accuracy for class mtx   is: 40.0 %
Accuracy for class nqx   is: 50.0 %
Accuracy for class qtx   is: 50.0 %
Accuracy for class zxx   is: 0.0 %

========== Train Epoch 28 ==========
Loss: 1.256	Accuracy: 34 %	Time 7 s
Accuracy for class bzx   is: 100.0 %
Accuracy for class cwx   is: 30.0 %
Accuracy for class hdx   is: 0.0 %
Accuracy for class mtx   is: 40.0 %
Accuracy for class nqx   is: 75.0 %
Accuracy for class qtx   is: 12.5 %
Accuracy for class zxx   is: 0.0 %

========== Train Epoch 29 ==========
Loss: 1.096	Accuracy: 40 %	Time 6 s
Accuracy for class bzx   is: 100.0 %
Accuracy for class cwx   is: 30.0 %
Accuracy for class hdx   is: 0.0 %
Accuracy for class mtx   is: 20.0 %
Accuracy for class nqx   is: 75.0 %
Accuracy for class qtx   is: 50.0 %
Accuracy for class zxx   is: 0.0 %

========== Train Epoch 30 ==========
Loss: 1.116	Accuracy: 40 %	Time 6 s
Accuracy for class bzx   is: 100.0 %
Accuracy for class cwx   is: 40.0 %
Accuracy for class hdx   is: 0.0 %
Accuracy for class mtx   is: 60.0 %
Accuracy for class nqx   is: 75.0 %
Accuracy for class qtx   is: 12.5 %
Accuracy for class zxx   is: 0.0 %

========== Train Epoch 31 ==========
Loss: 1.178	Accuracy: 40 %	Time 6 s
Accuracy for class bzx   is: 50.0 %
Accuracy for class cwx   is: 40.0 %
Accuracy for class hdx   is: 0.0 %
Accuracy for class mtx   is: 40.0 %
Accuracy for class nqx   is: 75.0 %
Accuracy for class qtx   is: 37.5 %
Accuracy for class zxx   is: 0.0 %

========== Train Epoch 32 ==========
Loss: 1.158	Accuracy: 37 %	Time 6 s
Accuracy for class bzx   is: 100.0 %
Accuracy for class cwx   is: 10.0 %
Accuracy for class hdx   is: 0.0 %
Accuracy for class mtx   is: 60.0 %
Accuracy for class nqx   is: 75.0 %
Accuracy for class qtx   is: 37.5 %
Accuracy for class zxx   is: 0.0 %

========== Train Epoch 33 ==========
Loss: 1.239	Accuracy: 40 %	Time 6 s
Accuracy for class bzx   is: 100.0 %
Accuracy for class cwx   is: 30.0 %
Accuracy for class hdx   is: 0.0 %
Accuracy for class mtx   is: 40.0 %
Accuracy for class nqx   is: 75.0 %
Accuracy for class qtx   is: 37.5 %
Accuracy for class zxx   is: 0.0 %

========== Train Epoch 34 ==========
Loss: 1.137	Accuracy: 46 %	Time 6 s
Accuracy for class bzx   is: 100.0 %
Accuracy for class cwx   is: 40.0 %
Accuracy for class hdx   is: 0.0 %
Accuracy for class mtx   is: 80.0 %
Accuracy for class nqx   is: 50.0 %
Accuracy for class qtx   is: 37.5 %
Accuracy for class zxx   is: 0.0 %

========== Train Epoch 35 ==========
Loss: 1.023	Accuracy: 46 %	Time 6 s
Accuracy for class bzx   is: 100.0 %
Accuracy for class cwx   is: 40.0 %
Accuracy for class hdx   is: 0.0 %
Accuracy for class mtx   is: 20.0 %
Accuracy for class nqx   is: 75.0 %
Accuracy for class qtx   is: 62.5 %
Accuracy for class zxx   is: 0.0 %

========== Train Epoch 36 ==========
Loss: 1.044	Accuracy: 40 %	Time 7 s
Accuracy for class bzx   is: 100.0 %
Accuracy for class cwx   is: 20.0 %
Accuracy for class hdx   is: 0.0 %
Accuracy for class mtx   is: 80.0 %
Accuracy for class nqx   is: 50.0 %
Accuracy for class qtx   is: 37.5 %
Accuracy for class zxx   is: 0.0 %

========== Train Epoch 37 ==========
Loss: 1.044	Accuracy: 40 %	Time 7 s
Accuracy for class bzx   is: 100.0 %
Accuracy for class cwx   is: 40.0 %
Accuracy for class hdx   is: 0.0 %
Accuracy for class mtx   is: 20.0 %
Accuracy for class nqx   is: 75.0 %
Accuracy for class qtx   is: 37.5 %
Accuracy for class zxx   is: 0.0 %

========== Train Epoch 38 ==========
Loss: 1.042	Accuracy: 40 %	Time 7 s
Accuracy for class bzx   is: 100.0 %
Accuracy for class cwx   is: 40.0 %
Accuracy for class hdx   is: 0.0 %
Accuracy for class mtx   is: 40.0 %
Accuracy for class nqx   is: 50.0 %
Accuracy for class qtx   is: 37.5 %
Accuracy for class zxx   is: 0.0 %

========== Train Epoch 39 ==========
Loss: 1.096	Accuracy: 40 %	Time 7 s
Accuracy for class bzx   is: 100.0 %
Accuracy for class cwx   is: 30.0 %
Accuracy for class hdx   is: 0.0 %
Accuracy for class mtx   is: 80.0 %
Accuracy for class nqx   is: 50.0 %
Accuracy for class qtx   is: 25.0 %
Accuracy for class zxx   is: 0.0 %

========== Train Epoch 40 ==========
Loss: 1.070	Accuracy: 50 %	Time 7 s
Accuracy for class bzx   is: 100.0 %
Accuracy for class cwx   is: 40.0 %
Accuracy for class hdx   is: 0.0 %
Accuracy for class mtx   is: 40.0 %
Accuracy for class nqx   is: 75.0 %
Accuracy for class qtx   is: 62.5 %
Accuracy for class zxx   is: 0.0 %

========== Train Epoch 41 ==========
Loss: 1.023	Accuracy: 40 %	Time 7 s
Accuracy for class bzx   is: 100.0 %
Accuracy for class cwx   is: 40.0 %
Accuracy for class hdx   is: 0.0 %
Accuracy for class mtx   is: 20.0 %
Accuracy for class nqx   is: 75.0 %
Accuracy for class qtx   is: 37.5 %
Accuracy for class zxx   is: 0.0 %

========== Train Epoch 42 ==========
Loss: 0.964	Accuracy: 50 %	Time 7 s
Accuracy for class bzx   is: 100.0 %
Accuracy for class cwx   is: 40.0 %
Accuracy for class hdx   is: 0.0 %
Accuracy for class mtx   is: 80.0 %
Accuracy for class nqx   is: 50.0 %
Accuracy for class qtx   is: 50.0 %
Accuracy for class zxx   is: 0.0 %

========== Train Epoch 43 ==========
Loss: 0.914	Accuracy: 50 %	Time 7 s
Accuracy for class bzx   is: 100.0 %
Accuracy for class cwx   is: 40.0 %
Accuracy for class hdx   is: 0.0 %
Accuracy for class mtx   is: 60.0 %
Accuracy for class nqx   is: 75.0 %
Accuracy for class qtx   is: 50.0 %
Accuracy for class zxx   is: 0.0 %

========== Train Epoch 44 ==========
Loss: 0.973	Accuracy: 50 %	Time 7 s
Accuracy for class bzx   is: 100.0 %
Accuracy for class cwx   is: 40.0 %
Accuracy for class hdx   is: 0.0 %
Accuracy for class mtx   is: 80.0 %
Accuracy for class nqx   is: 75.0 %
Accuracy for class qtx   is: 37.5 %
Accuracy for class zxx   is: 0.0 %

========== Train Epoch 45 ==========
Loss: 0.871	Accuracy: 50 %	Time 7 s
Accuracy for class bzx   is: 100.0 %
Accuracy for class cwx   is: 40.0 %
Accuracy for class hdx   is: 0.0 %
Accuracy for class mtx   is: 20.0 %
Accuracy for class nqx   is: 75.0 %
Accuracy for class qtx   is: 75.0 %
Accuracy for class zxx   is: 0.0 %

========== Train Epoch 46 ==========
Loss: 0.718	Accuracy: 53 %	Time 7 s
Accuracy for class bzx   is: 100.0 %
Accuracy for class cwx   is: 40.0 %
Accuracy for class hdx   is: 0.0 %
Accuracy for class mtx   is: 60.0 %
Accuracy for class nqx   is: 75.0 %
Accuracy for class qtx   is: 62.5 %
Accuracy for class zxx   is: 0.0 %

========== Train Epoch 47 ==========
Loss: 0.657	Accuracy: 62 %	Time 7 s
Accuracy for class bzx   is: 100.0 %
Accuracy for class cwx   is: 40.0 %
Accuracy for class hdx   is: 0.0 %
Accuracy for class mtx   is: 100.0 %
Accuracy for class nqx   is: 50.0 %
Accuracy for class qtx   is: 87.5 %
Accuracy for class zxx   is: 0.0 %

========== Train Epoch 48 ==========
Loss: 0.801	Accuracy: 56 %	Time 7 s
Accuracy for class bzx   is: 100.0 %
Accuracy for class cwx   is: 50.0 %
Accuracy for class hdx   is: 0.0 %
Accuracy for class mtx   is: 40.0 %
Accuracy for class nqx   is: 75.0 %
Accuracy for class qtx   is: 75.0 %
Accuracy for class zxx   is: 0.0 %

========== Train Epoch 49 ==========
Loss: 0.753	Accuracy: 50 %	Time 7 s
Accuracy for class bzx   is: 100.0 %
Accuracy for class cwx   is: 40.0 %
Accuracy for class hdx   is: 0.0 %
Accuracy for class mtx   is: 20.0 %
Accuracy for class nqx   is: 75.0 %
Accuracy for class qtx   is: 75.0 %
Accuracy for class zxx   is: 0.0 %

========== Train Epoch 50 ==========
Loss: 0.723	Accuracy: 56 %	Time 7 s
Accuracy for class bzx   is: 100.0 %
Accuracy for class cwx   is: 30.0 %
Accuracy for class hdx   is: 0.0 %
Accuracy for class mtx   is: 100.0 %
Accuracy for class nqx   is: 75.0 %
Accuracy for class qtx   is: 62.5 %
Accuracy for class zxx   is: 0.0 %

========== Train Epoch 51 ==========
Loss: 0.700	Accuracy: 53 %	Time 7 s
Accuracy for class bzx   is: 100.0 %
Accuracy for class cwx   is: 40.0 %
Accuracy for class hdx   is: 100.0 %
Accuracy for class mtx   is: 20.0 %
Accuracy for class nqx   is: 75.0 %
Accuracy for class qtx   is: 62.5 %
Accuracy for class zxx   is: 0.0 %

========== Train Epoch 52 ==========
Loss: 0.779	Accuracy: 50 %	Time 7 s
Accuracy for class bzx   is: 100.0 %
Accuracy for class cwx   is: 30.0 %
Accuracy for class hdx   is: 0.0 %
Accuracy for class mtx   is: 80.0 %
Accuracy for class nqx   is: 50.0 %
Accuracy for class qtx   is: 62.5 %
Accuracy for class zxx   is: 0.0 %

========== Train Epoch 53 ==========
Loss: 0.758	Accuracy: 43 %	Time 7 s
Accuracy for class bzx   is: 100.0 %
Accuracy for class cwx   is: 40.0 %
Accuracy for class hdx   is: 0.0 %
Accuracy for class mtx   is: 60.0 %
Accuracy for class nqx   is: 50.0 %
Accuracy for class qtx   is: 37.5 %
Accuracy for class zxx   is: 0.0 %

========== Train Epoch 54 ==========
Loss: 0.823	Accuracy: 43 %	Time 7 s
Accuracy for class bzx   is: 100.0 %
Accuracy for class cwx   is: 50.0 %
Accuracy for class hdx   is: 0.0 %
Accuracy for class mtx   is: 20.0 %
Accuracy for class nqx   is: 75.0 %
Accuracy for class qtx   is: 37.5 %
Accuracy for class zxx   is: 0.0 %

========== Train Epoch 55 ==========
Loss: 0.682	Accuracy: 50 %	Time 7 s
Accuracy for class bzx   is: 100.0 %
Accuracy for class cwx   is: 30.0 %
Accuracy for class hdx   is: 0.0 %
Accuracy for class mtx   is: 80.0 %
Accuracy for class nqx   is: 50.0 %
Accuracy for class qtx   is: 62.5 %
Accuracy for class zxx   is: 0.0 %

========== Train Epoch 56 ==========
Loss: 0.634	Accuracy: 50 %	Time 6 s
Accuracy for class bzx   is: 100.0 %
Accuracy for class cwx   is: 50.0 %
Accuracy for class hdx   is: 0.0 %
Accuracy for class mtx   is: 20.0 %
Accuracy for class nqx   is: 50.0 %
Accuracy for class qtx   is: 75.0 %
Accuracy for class zxx   is: 0.0 %

========== Train Epoch 57 ==========
Loss: 0.574	Accuracy: 43 %	Time 7 s
Accuracy for class bzx   is: 100.0 %
Accuracy for class cwx   is: 30.0 %
Accuracy for class hdx   is: 0.0 %
Accuracy for class mtx   is: 20.0 %
Accuracy for class nqx   is: 75.0 %
Accuracy for class qtx   is: 62.5 %
Accuracy for class zxx   is: 0.0 %

========== Train Epoch 58 ==========
Loss: 0.708	Accuracy: 50 %	Time 7 s
Accuracy for class bzx   is: 100.0 %
Accuracy for class cwx   is: 40.0 %
Accuracy for class hdx   is: 0.0 %
Accuracy for class mtx   is: 80.0 %
Accuracy for class nqx   is: 50.0 %
Accuracy for class qtx   is: 50.0 %
Accuracy for class zxx   is: 0.0 %

========== Train Epoch 59 ==========
Loss: 0.487	Accuracy: 43 %	Time 7 s
Accuracy for class bzx   is: 100.0 %
Accuracy for class cwx   is: 30.0 %
Accuracy for class hdx   is: 0.0 %
Accuracy for class mtx   is: 20.0 %
Accuracy for class nqx   is: 75.0 %
Accuracy for class qtx   is: 62.5 %
Accuracy for class zxx   is: 0.0 %

========== Train Epoch 60 ==========
Loss: 0.581	Accuracy: 43 %	Time 7 s
Accuracy for class bzx   is: 100.0 %
Accuracy for class cwx   is: 40.0 %
Accuracy for class hdx   is: 0.0 %
Accuracy for class mtx   is: 40.0 %
Accuracy for class nqx   is: 50.0 %
Accuracy for class qtx   is: 50.0 %
Accuracy for class zxx   is: 0.0 %

========== Train Epoch 61 ==========
Loss: 0.535	Accuracy: 43 %	Time 7 s
Accuracy for class bzx   is: 100.0 %
Accuracy for class cwx   is: 30.0 %
Accuracy for class hdx   is: 0.0 %
Accuracy for class mtx   is: 20.0 %
Accuracy for class nqx   is: 75.0 %
Accuracy for class qtx   is: 62.5 %
Accuracy for class zxx   is: 0.0 %

========== Train Epoch 62 ==========
Loss: 0.572	Accuracy: 37 %	Time 7 s
Accuracy for class bzx   is: 100.0 %
Accuracy for class cwx   is: 40.0 %
Accuracy for class hdx   is: 0.0 %
Accuracy for class mtx   is: 40.0 %
Accuracy for class nqx   is: 50.0 %
Accuracy for class qtx   is: 25.0 %
Accuracy for class zxx   is: 0.0 %

========== Train Epoch 63 ==========
Loss: 0.449	Accuracy: 43 %	Time 7 s
Accuracy for class bzx   is: 100.0 %
Accuracy for class cwx   is: 40.0 %
Accuracy for class hdx   is: 0.0 %
Accuracy for class mtx   is: 20.0 %
Accuracy for class nqx   is: 25.0 %
Accuracy for class qtx   is: 75.0 %
Accuracy for class zxx   is: 0.0 %

========== Train Epoch 64 ==========
Loss: 0.530	Accuracy: 56 %	Time 7 s
Accuracy for class bzx   is: 100.0 %
Accuracy for class cwx   is: 40.0 %
Accuracy for class hdx   is: 0.0 %
Accuracy for class mtx   is: 80.0 %
Accuracy for class nqx   is: 75.0 %
Accuracy for class qtx   is: 62.5 %
Accuracy for class zxx   is: 0.0 %
Finished training!!!

Min loss = 0.449 in epoch 62;
max Accuracy = 62.50% in epoch 46;
Total Time 7 minutes

parallel_train = True
batch_size = 20
epochs = 64
loss_function = CrossEntropyLoss()
optimizer = Adam (
Parameter Group 0
    amsgrad: False
    betas: (0.9, 0.999)
    eps: 1e-08
    lr: 0.0001
    weight_decay: 0
)

AlexNet(
  (features): Sequential(
    (0): Conv2d(3, 64, kernel_size=(3, 3), stride=(1, 1), padding=(2, 2))
    (1): ReLU(inplace=True)
    (2): MaxPool2d(kernel_size=3, stride=2, padding=0, dilation=1, ceil_mode=False)
    (3): Conv2d(64, 192, kernel_size=(3, 3), stride=(1, 1), padding=(2, 2))
    (4): ReLU(inplace=True)
    (5): MaxPool2d(kernel_size=3, stride=2, padding=0, dilation=1, ceil_mode=False)
    (6): Conv2d(192, 384, kernel_size=(3, 3), stride=(1, 1), padding=(1, 1))
    (7): ReLU(inplace=True)
    (8): Conv2d(384, 256, kernel_size=(3, 3), stride=(1, 1), padding=(1, 1))
    (9): ReLU(inplace=True)
    (10): Conv2d(256, 256, kernel_size=(3, 3), stride=(1, 1), padding=(1, 1))
    (11): ReLU(inplace=True)
    (12): MaxPool2d(kernel_size=3, stride=2, padding=0, dilation=1, ceil_mode=False)
  )
  (avgpool): AdaptiveAvgPool2d(output_size=(3, 3))
  (classifier1): Sequential(
    (0): Dropout(p=0.5, inplace=False)
    (1): Linear(in_features=2304, out_features=4096, bias=True)
    (2): ReLU(inplace=True)
    (3): Dropout(p=0.5, inplace=False)
    (4): Linear(in_features=4096, out_features=4096, bias=True)
    (5): ReLU(inplace=True)
    (6): Linear(in_features=4096, out_features=7, bias=True)
  )
  (classifier2): Sequential(
    (0): Dropout(p=0.5, inplace=False)
    (1): Linear(in_features=4608, out_features=4096, bias=True)
    (2): ReLU(inplace=True)
    (3): Dropout(p=0.5, inplace=False)
    (4): Linear(in_features=4096, out_features=4096, bias=True)
    (5): ReLU(inplace=True)
    (6): Linear(in_features=4096, out_features=7, bias=True)
  )
)

