dataset_path: /home/djy/dataset/dataset1
Train Model: ResNet, pretrained : False , Using device cuda:0

res_alex_net18_parallel_train
parallel_train : True
parallel_train dataset : /home/djy/dataset/ycrcb_hsv_dataset1

========== Train Epoch 1 ==========
Loss: 1.780	Accuracy: 38 %	Time 30 s
Accuracy for class bzx   is: 25.0 %
Accuracy for class cwx   is: 0.0 %
Accuracy for class hdx   is: 0.0 %
Accuracy for class mtx   is: 0.0 %
Accuracy for class nqx   is: 0.0 %
Accuracy for class qtx   is: 67.6 %
Accuracy for class zxx   is: 88.3 %

========== Train Epoch 2 ==========
Loss: 1.540	Accuracy: 35 %	Time 30 s
Accuracy for class bzx   is: 37.5 %
Accuracy for class cwx   is: 7.1 %
Accuracy for class hdx   is: 0.0 %
Accuracy for class mtx   is: 3.7 %
Accuracy for class nqx   is: 27.8 %
Accuracy for class qtx   is: 81.1 %
Accuracy for class zxx   is: 50.0 %

========== Train Epoch 3 ==========
Loss: 1.416	Accuracy: 37 %	Time 31 s
Accuracy for class bzx   is: 31.2 %
Accuracy for class cwx   is: 25.0 %
Accuracy for class hdx   is: 0.0 %
Accuracy for class mtx   is: 3.7 %
Accuracy for class nqx   is: 16.7 %
Accuracy for class qtx   is: 29.7 %
Accuracy for class zxx   is: 88.3 %

========== Train Epoch 4 ==========
Loss: 1.232	Accuracy: 44 %	Time 31 s
Accuracy for class bzx   is: 6.2 %
Accuracy for class cwx   is: 64.3 %
Accuracy for class hdx   is: 0.0 %
Accuracy for class mtx   is: 37.0 %
Accuracy for class nqx   is: 11.1 %
Accuracy for class qtx   is: 70.3 %
Accuracy for class zxx   is: 61.7 %

========== Train Epoch 5 ==========
Loss: 1.048	Accuracy: 42 %	Time 31 s
Accuracy for class bzx   is: 0.0 %
Accuracy for class cwx   is: 3.6 %
Accuracy for class hdx   is: 4.0 %
Accuracy for class mtx   is: 29.6 %
Accuracy for class nqx   is: 22.2 %
Accuracy for class qtx   is: 48.6 %
Accuracy for class zxx   is: 96.7 %

========== Train Epoch 6 ==========
Loss: 0.830	Accuracy: 47 %	Time 33 s
Accuracy for class bzx   is: 6.2 %
Accuracy for class cwx   is: 17.9 %
Accuracy for class hdx   is: 0.0 %
Accuracy for class mtx   is: 33.3 %
Accuracy for class nqx   is: 0.0 %
Accuracy for class qtx   is: 86.5 %
Accuracy for class zxx   is: 90.0 %

========== Train Epoch 7 ==========
Loss: 0.560	Accuracy: 40 %	Time 31 s
Accuracy for class bzx   is: 0.0 %
Accuracy for class cwx   is: 3.6 %
Accuracy for class hdx   is: 0.0 %
Accuracy for class mtx   is: 7.4 %
Accuracy for class nqx   is: 0.0 %
Accuracy for class qtx   is: 67.6 %
Accuracy for class zxx   is: 96.7 %

========== Train Epoch 8 ==========
Loss: 0.331	Accuracy: 47 %	Time 31 s
Accuracy for class bzx   is: 31.2 %
Accuracy for class cwx   is: 10.7 %
Accuracy for class hdx   is: 20.0 %
Accuracy for class mtx   is: 37.0 %
Accuracy for class nqx   is: 16.7 %
Accuracy for class qtx   is: 78.4 %
Accuracy for class zxx   is: 75.0 %

========== Train Epoch 9 ==========
Loss: 0.155	Accuracy: 49 %	Time 32 s
Accuracy for class bzx   is: 43.8 %
Accuracy for class cwx   is: 53.6 %
Accuracy for class hdx   is: 16.0 %
Accuracy for class mtx   is: 14.8 %
Accuracy for class nqx   is: 16.7 %
Accuracy for class qtx   is: 89.2 %
Accuracy for class zxx   is: 63.3 %

========== Train Epoch 10 ==========
Loss: 0.117	Accuracy: 49 %	Time 33 s
Accuracy for class bzx   is: 43.8 %
Accuracy for class cwx   is: 10.7 %
Accuracy for class hdx   is: 20.0 %
Accuracy for class mtx   is: 14.8 %
Accuracy for class nqx   is: 33.3 %
Accuracy for class qtx   is: 89.2 %
Accuracy for class zxx   is: 78.3 %

========== Train Epoch 11 ==========
Loss: 0.111	Accuracy: 48 %	Time 32 s
Accuracy for class bzx   is: 18.8 %
Accuracy for class cwx   is: 17.9 %
Accuracy for class hdx   is: 0.0 %
Accuracy for class mtx   is: 29.6 %
Accuracy for class nqx   is: 16.7 %
Accuracy for class qtx   is: 78.4 %
Accuracy for class zxx   is: 90.0 %

========== Train Epoch 12 ==========
Loss: 0.061	Accuracy: 52 %	Time 31 s
Accuracy for class bzx   is: 62.5 %
Accuracy for class cwx   is: 50.0 %
Accuracy for class hdx   is: 8.0 %
Accuracy for class mtx   is: 11.1 %
Accuracy for class nqx   is: 16.7 %
Accuracy for class qtx   is: 75.7 %
Accuracy for class zxx   is: 85.0 %

========== Train Epoch 13 ==========
Loss: 0.081	Accuracy: 46 %	Time 31 s
Accuracy for class bzx   is: 12.5 %
Accuracy for class cwx   is: 28.6 %
Accuracy for class hdx   is: 8.0 %
Accuracy for class mtx   is: 11.1 %
Accuracy for class nqx   is: 11.1 %
Accuracy for class qtx   is: 86.5 %
Accuracy for class zxx   is: 83.3 %

========== Train Epoch 14 ==========
Loss: 0.067	Accuracy: 49 %	Time 32 s
Accuracy for class bzx   is: 37.5 %
Accuracy for class cwx   is: 35.7 %
Accuracy for class hdx   is: 20.0 %
Accuracy for class mtx   is: 33.3 %
Accuracy for class nqx   is: 16.7 %
Accuracy for class qtx   is: 86.5 %
Accuracy for class zxx   is: 65.0 %

========== Train Epoch 15 ==========
Loss: 0.059	Accuracy: 48 %	Time 32 s
Accuracy for class bzx   is: 25.0 %
Accuracy for class cwx   is: 85.7 %
Accuracy for class hdx   is: 8.0 %
Accuracy for class mtx   is: 0.0 %
Accuracy for class nqx   is: 5.6 %
Accuracy for class qtx   is: 78.4 %
Accuracy for class zxx   is: 70.0 %

========== Train Epoch 16 ==========
Loss: 0.058	Accuracy: 40 %	Time 32 s
Accuracy for class bzx   is: 37.5 %
Accuracy for class cwx   is: 10.7 %
Accuracy for class hdx   is: 28.0 %
Accuracy for class mtx   is: 11.1 %
Accuracy for class nqx   is: 11.1 %
Accuracy for class qtx   is: 89.2 %
Accuracy for class zxx   is: 51.7 %

========== Train Epoch 17 ==========
Loss: 0.089	Accuracy: 32 %	Time 31 s
Accuracy for class bzx   is: 18.8 %
Accuracy for class cwx   is: 78.6 %
Accuracy for class hdx   is: 4.0 %
Accuracy for class mtx   is: 0.0 %
Accuracy for class nqx   is: 0.0 %
Accuracy for class qtx   is: 86.5 %
Accuracy for class zxx   is: 16.7 %

========== Train Epoch 18 ==========
Loss: 0.088	Accuracy: 51 %	Time 32 s
Accuracy for class bzx   is: 25.0 %
Accuracy for class cwx   is: 21.4 %
Accuracy for class hdx   is: 16.0 %
Accuracy for class mtx   is: 25.9 %
Accuracy for class nqx   is: 33.3 %
Accuracy for class qtx   is: 81.1 %
Accuracy for class zxx   is: 86.7 %

========== Train Epoch 19 ==========
Loss: 0.092	Accuracy: 45 %	Time 31 s
Accuracy for class bzx   is: 75.0 %
Accuracy for class cwx   is: 21.4 %
Accuracy for class hdx   is: 0.0 %
Accuracy for class mtx   is: 14.8 %
Accuracy for class nqx   is: 44.4 %
Accuracy for class qtx   is: 75.7 %
Accuracy for class zxx   is: 61.7 %

========== Train Epoch 20 ==========
Loss: 0.134	Accuracy: 39 %	Time 31 s
Accuracy for class bzx   is: 25.0 %
Accuracy for class cwx   is: 14.3 %
Accuracy for class hdx   is: 0.0 %
Accuracy for class mtx   is: 48.1 %
Accuracy for class nqx   is: 16.7 %
Accuracy for class qtx   is: 83.8 %
Accuracy for class zxx   is: 46.7 %

========== Train Epoch 21 ==========
Loss: 0.125	Accuracy: 33 %	Time 32 s
Accuracy for class bzx   is: 0.0 %
Accuracy for class cwx   is: 17.9 %
Accuracy for class hdx   is: 8.0 %
Accuracy for class mtx   is: 7.4 %
Accuracy for class nqx   is: 0.0 %
Accuracy for class qtx   is: 94.6 %
Accuracy for class zxx   is: 45.0 %

========== Train Epoch 22 ==========
Loss: 0.124	Accuracy: 42 %	Time 31 s
Accuracy for class bzx   is: 50.0 %
Accuracy for class cwx   is: 10.7 %
Accuracy for class hdx   is: 0.0 %
Accuracy for class mtx   is: 37.0 %
Accuracy for class nqx   is: 16.7 %
Accuracy for class qtx   is: 83.8 %
Accuracy for class zxx   is: 58.3 %

========== Train Epoch 23 ==========
Loss: 0.118	Accuracy: 39 %	Time 31 s
Accuracy for class bzx   is: 31.2 %
Accuracy for class cwx   is: 28.6 %
Accuracy for class hdx   is: 16.0 %
Accuracy for class mtx   is: 11.1 %
Accuracy for class nqx   is: 55.6 %
Accuracy for class qtx   is: 73.0 %
Accuracy for class zxx   is: 45.0 %

========== Train Epoch 24 ==========
Loss: 0.053	Accuracy: 48 %	Time 33 s
Accuracy for class bzx   is: 43.8 %
Accuracy for class cwx   is: 57.1 %
Accuracy for class hdx   is: 4.0 %
Accuracy for class mtx   is: 11.1 %
Accuracy for class nqx   is: 16.7 %
Accuracy for class qtx   is: 73.0 %
Accuracy for class zxx   is: 75.0 %

========== Train Epoch 25 ==========
Loss: 0.045	Accuracy: 43 %	Time 30 s
Accuracy for class bzx   is: 31.2 %
Accuracy for class cwx   is: 17.9 %
Accuracy for class hdx   is: 12.0 %
Accuracy for class mtx   is: 14.8 %
Accuracy for class nqx   is: 22.2 %
Accuracy for class qtx   is: 89.2 %
Accuracy for class zxx   is: 61.7 %

========== Train Epoch 26 ==========
Loss: 0.031	Accuracy: 51 %	Time 31 s
Accuracy for class bzx   is: 43.8 %
Accuracy for class cwx   is: 39.3 %
Accuracy for class hdx   is: 8.0 %
Accuracy for class mtx   is: 7.4 %
Accuracy for class nqx   is: 27.8 %
Accuracy for class qtx   is: 86.5 %
Accuracy for class zxx   is: 81.7 %

========== Train Epoch 27 ==========
Loss: 0.022	Accuracy: 49 %	Time 32 s
Accuracy for class bzx   is: 37.5 %
Accuracy for class cwx   is: 32.1 %
Accuracy for class hdx   is: 8.0 %
Accuracy for class mtx   is: 18.5 %
Accuracy for class nqx   is: 27.8 %
Accuracy for class qtx   is: 73.0 %
Accuracy for class zxx   is: 83.3 %

========== Train Epoch 28 ==========
Loss: 0.018	Accuracy: 47 %	Time 31 s
Accuracy for class bzx   is: 43.8 %
Accuracy for class cwx   is: 35.7 %
Accuracy for class hdx   is: 12.0 %
Accuracy for class mtx   is: 7.4 %
Accuracy for class nqx   is: 22.2 %
Accuracy for class qtx   is: 89.2 %
Accuracy for class zxx   is: 68.3 %

========== Train Epoch 29 ==========
Loss: 0.027	Accuracy: 45 %	Time 32 s
Accuracy for class bzx   is: 31.2 %
Accuracy for class cwx   is: 21.4 %
Accuracy for class hdx   is: 12.0 %
Accuracy for class mtx   is: 11.1 %
Accuracy for class nqx   is: 22.2 %
Accuracy for class qtx   is: 83.8 %
Accuracy for class zxx   is: 73.3 %

========== Train Epoch 30 ==========
Loss: 0.046	Accuracy: 46 %	Time 32 s
Accuracy for class bzx   is: 56.2 %
Accuracy for class cwx   is: 35.7 %
Accuracy for class hdx   is: 24.0 %
Accuracy for class mtx   is: 7.4 %
Accuracy for class nqx   is: 16.7 %
Accuracy for class qtx   is: 78.4 %
Accuracy for class zxx   is: 66.7 %

========== Train Epoch 31 ==========
Loss: 0.125	Accuracy: 48 %	Time 32 s
Accuracy for class bzx   is: 12.5 %
Accuracy for class cwx   is: 67.9 %
Accuracy for class hdx   is: 36.0 %
Accuracy for class mtx   is: 3.7 %
Accuracy for class nqx   is: 33.3 %
Accuracy for class qtx   is: 64.9 %
Accuracy for class zxx   is: 68.3 %

========== Train Epoch 32 ==========
Loss: 0.090	Accuracy: 45 %	Time 31 s
Accuracy for class bzx   is: 62.5 %
Accuracy for class cwx   is: 3.6 %
Accuracy for class hdx   is: 0.0 %
Accuracy for class mtx   is: 22.2 %
Accuracy for class nqx   is: 38.9 %
Accuracy for class qtx   is: 70.3 %
Accuracy for class zxx   is: 76.7 %

========== Train Epoch 33 ==========
Loss: 0.031	Accuracy: 48 %	Time 32 s
Accuracy for class bzx   is: 25.0 %
Accuracy for class cwx   is: 46.4 %
Accuracy for class hdx   is: 4.0 %
Accuracy for class mtx   is: 22.2 %
Accuracy for class nqx   is: 11.1 %
Accuracy for class qtx   is: 81.1 %
Accuracy for class zxx   is: 76.7 %

========== Train Epoch 34 ==========
Loss: 0.046	Accuracy: 52 %	Time 30 s
Accuracy for class bzx   is: 18.8 %
Accuracy for class cwx   is: 78.6 %
Accuracy for class hdx   is: 20.0 %
Accuracy for class mtx   is: 22.2 %
Accuracy for class nqx   is: 27.8 %
Accuracy for class qtx   is: 67.6 %
Accuracy for class zxx   is: 73.3 %

========== Train Epoch 35 ==========
Loss: 0.050	Accuracy: 48 %	Time 32 s
Accuracy for class bzx   is: 25.0 %
Accuracy for class cwx   is: 46.4 %
Accuracy for class hdx   is: 16.0 %
Accuracy for class mtx   is: 29.6 %
Accuracy for class nqx   is: 22.2 %
Accuracy for class qtx   is: 78.4 %
Accuracy for class zxx   is: 68.3 %

========== Train Epoch 36 ==========
Loss: 0.041	Accuracy: 50 %	Time 31 s
Accuracy for class bzx   is: 31.2 %
Accuracy for class cwx   is: 25.0 %
Accuracy for class hdx   is: 12.0 %
Accuracy for class mtx   is: 25.9 %
Accuracy for class nqx   is: 27.8 %
Accuracy for class qtx   is: 75.7 %
Accuracy for class zxx   is: 86.7 %

========== Train Epoch 37 ==========
Loss: 0.026	Accuracy: 49 %	Time 32 s
Accuracy for class bzx   is: 25.0 %
Accuracy for class cwx   is: 25.0 %
Accuracy for class hdx   is: 20.0 %
Accuracy for class mtx   is: 14.8 %
Accuracy for class nqx   is: 38.9 %
Accuracy for class qtx   is: 78.4 %
Accuracy for class zxx   is: 81.7 %

========== Train Epoch 38 ==========
Loss: 0.022	Accuracy: 43 %	Time 31 s
Accuracy for class bzx   is: 12.5 %
Accuracy for class cwx   is: 78.6 %
Accuracy for class hdx   is: 0.0 %
Accuracy for class mtx   is: 7.4 %
Accuracy for class nqx   is: 27.8 %
Accuracy for class qtx   is: 81.1 %
Accuracy for class zxx   is: 50.0 %

========== Train Epoch 39 ==========
Loss: 0.015	Accuracy: 46 %	Time 31 s
Accuracy for class bzx   is: 25.0 %
Accuracy for class cwx   is: 32.1 %
Accuracy for class hdx   is: 20.0 %
Accuracy for class mtx   is: 0.0 %
Accuracy for class nqx   is: 50.0 %
Accuracy for class qtx   is: 81.1 %
Accuracy for class zxx   is: 68.3 %

========== Train Epoch 40 ==========
Loss: 0.016	Accuracy: 49 %	Time 31 s
Accuracy for class bzx   is: 25.0 %
Accuracy for class cwx   is: 28.6 %
Accuracy for class hdx   is: 4.0 %
Accuracy for class mtx   is: 44.4 %
Accuracy for class nqx   is: 11.1 %
Accuracy for class qtx   is: 73.0 %
Accuracy for class zxx   is: 83.3 %

========== Train Epoch 41 ==========
Loss: 0.034	Accuracy: 46 %	Time 31 s
Accuracy for class bzx   is: 31.2 %
Accuracy for class cwx   is: 39.3 %
Accuracy for class hdx   is: 4.0 %
Accuracy for class mtx   is: 29.6 %
Accuracy for class nqx   is: 16.7 %
Accuracy for class qtx   is: 73.0 %
Accuracy for class zxx   is: 71.7 %

========== Train Epoch 42 ==========
Loss: 0.023	Accuracy: 47 %	Time 32 s
Accuracy for class bzx   is: 18.8 %
Accuracy for class cwx   is: 50.0 %
Accuracy for class hdx   is: 4.0 %
Accuracy for class mtx   is: 11.1 %
Accuracy for class nqx   is: 22.2 %
Accuracy for class qtx   is: 75.7 %
Accuracy for class zxx   is: 78.3 %

========== Train Epoch 43 ==========
Loss: 0.030	Accuracy: 46 %	Time 31 s
Accuracy for class bzx   is: 31.2 %
Accuracy for class cwx   is: 21.4 %
Accuracy for class hdx   is: 8.0 %
Accuracy for class mtx   is: 7.4 %
Accuracy for class nqx   is: 16.7 %
Accuracy for class qtx   is: 78.4 %
Accuracy for class zxx   is: 85.0 %

========== Train Epoch 44 ==========
Loss: 0.182	Accuracy: 34 %	Time 32 s
Accuracy for class bzx   is: 25.0 %
Accuracy for class cwx   is: 3.6 %
Accuracy for class hdx   is: 76.0 %
Accuracy for class mtx   is: 7.4 %
Accuracy for class nqx   is: 16.7 %
Accuracy for class qtx   is: 43.2 %
Accuracy for class zxx   is: 46.7 %

========== Train Epoch 45 ==========
Loss: 0.096	Accuracy: 46 %	Time 32 s
Accuracy for class bzx   is: 25.0 %
Accuracy for class cwx   is: 25.0 %
Accuracy for class hdx   is: 28.0 %
Accuracy for class mtx   is: 11.1 %
Accuracy for class nqx   is: 38.9 %
Accuracy for class qtx   is: 59.5 %
Accuracy for class zxx   is: 81.7 %

========== Train Epoch 46 ==========
Loss: 0.049	Accuracy: 45 %	Time 33 s
Accuracy for class bzx   is: 37.5 %
Accuracy for class cwx   is: 17.9 %
Accuracy for class hdx   is: 28.0 %
Accuracy for class mtx   is: 11.1 %
Accuracy for class nqx   is: 5.6 %
Accuracy for class qtx   is: 86.5 %
Accuracy for class zxx   is: 71.7 %

========== Train Epoch 47 ==========
Loss: 0.024	Accuracy: 50 %	Time 32 s
Accuracy for class bzx   is: 37.5 %
Accuracy for class cwx   is: 28.6 %
Accuracy for class hdx   is: 16.0 %
Accuracy for class mtx   is: 25.9 %
Accuracy for class nqx   is: 33.3 %
Accuracy for class qtx   is: 83.8 %
Accuracy for class zxx   is: 75.0 %

========== Train Epoch 48 ==========
Loss: 0.014	Accuracy: 50 %	Time 32 s
Accuracy for class bzx   is: 18.8 %
Accuracy for class cwx   is: 50.0 %
Accuracy for class hdx   is: 16.0 %
Accuracy for class mtx   is: 11.1 %
Accuracy for class nqx   is: 44.4 %
Accuracy for class qtx   is: 83.8 %
Accuracy for class zxx   is: 71.7 %

========== Train Epoch 49 ==========
Loss: 0.011	Accuracy: 44 %	Time 31 s
Accuracy for class bzx   is: 31.2 %
Accuracy for class cwx   is: 17.9 %
Accuracy for class hdx   is: 16.0 %
Accuracy for class mtx   is: 29.6 %
Accuracy for class nqx   is: 16.7 %
Accuracy for class qtx   is: 83.8 %
Accuracy for class zxx   is: 61.7 %

========== Train Epoch 50 ==========
Loss: 0.021	Accuracy: 49 %	Time 32 s
Accuracy for class bzx   is: 31.2 %
Accuracy for class cwx   is: 46.4 %
Accuracy for class hdx   is: 4.0 %
Accuracy for class mtx   is: 29.6 %
Accuracy for class nqx   is: 50.0 %
Accuracy for class qtx   is: 83.8 %
Accuracy for class zxx   is: 61.7 %

========== Train Epoch 51 ==========
Loss: 0.022	Accuracy: 47 %	Time 33 s
Accuracy for class bzx   is: 43.8 %
Accuracy for class cwx   is: 53.6 %
Accuracy for class hdx   is: 0.0 %
Accuracy for class mtx   is: 7.4 %
Accuracy for class nqx   is: 27.8 %
Accuracy for class qtx   is: 78.4 %
Accuracy for class zxx   is: 71.7 %

========== Train Epoch 52 ==========
Loss: 0.023	Accuracy: 45 %	Time 33 s
Accuracy for class bzx   is: 37.5 %
Accuracy for class cwx   is: 10.7 %
Accuracy for class hdx   is: 8.0 %
Accuracy for class mtx   is: 18.5 %
Accuracy for class nqx   is: 16.7 %
Accuracy for class qtx   is: 73.0 %
Accuracy for class zxx   is: 83.3 %

========== Train Epoch 53 ==========
Loss: 0.027	Accuracy: 38 %	Time 33 s
Accuracy for class bzx   is: 37.5 %
Accuracy for class cwx   is: 21.4 %
Accuracy for class hdx   is: 8.0 %
Accuracy for class mtx   is: 11.1 %
Accuracy for class nqx   is: 11.1 %
Accuracy for class qtx   is: 83.8 %
Accuracy for class zxx   is: 53.3 %

========== Train Epoch 54 ==========
Loss: 0.021	Accuracy: 49 %	Time 31 s
Accuracy for class bzx   is: 25.0 %
Accuracy for class cwx   is: 53.6 %
Accuracy for class hdx   is: 20.0 %
Accuracy for class mtx   is: 7.4 %
Accuracy for class nqx   is: 33.3 %
Accuracy for class qtx   is: 73.0 %
Accuracy for class zxx   is: 76.7 %

========== Train Epoch 55 ==========
Loss: 0.021	Accuracy: 45 %	Time 31 s
Accuracy for class bzx   is: 50.0 %
Accuracy for class cwx   is: 28.6 %
Accuracy for class hdx   is: 8.0 %
Accuracy for class mtx   is: 18.5 %
Accuracy for class nqx   is: 27.8 %
Accuracy for class qtx   is: 75.7 %
Accuracy for class zxx   is: 66.7 %

========== Train Epoch 56 ==========
Loss: 0.033	Accuracy: 50 %	Time 31 s
Accuracy for class bzx   is: 25.0 %
Accuracy for class cwx   is: 21.4 %
Accuracy for class hdx   is: 16.0 %
Accuracy for class mtx   is: 33.3 %
Accuracy for class nqx   is: 27.8 %
Accuracy for class qtx   is: 78.4 %
Accuracy for class zxx   is: 81.7 %

========== Train Epoch 57 ==========
Loss: 0.060	Accuracy: 43 %	Time 33 s
Accuracy for class bzx   is: 18.8 %
Accuracy for class cwx   is: 17.9 %
Accuracy for class hdx   is: 36.0 %
Accuracy for class mtx   is: 7.4 %
Accuracy for class nqx   is: 22.2 %
Accuracy for class qtx   is: 86.5 %
Accuracy for class zxx   is: 61.7 %

========== Train Epoch 58 ==========
Loss: 0.139	Accuracy: 41 %	Time 32 s
Accuracy for class bzx   is: 25.0 %
Accuracy for class cwx   is: 32.1 %
Accuracy for class hdx   is: 20.0 %
Accuracy for class mtx   is: 22.2 %
Accuracy for class nqx   is: 11.1 %
Accuracy for class qtx   is: 48.6 %
Accuracy for class zxx   is: 71.7 %

========== Train Epoch 59 ==========
Loss: 0.094	Accuracy: 46 %	Time 31 s
Accuracy for class bzx   is: 25.0 %
Accuracy for class cwx   is: 39.3 %
Accuracy for class hdx   is: 8.0 %
Accuracy for class mtx   is: 25.9 %
Accuracy for class nqx   is: 27.8 %
Accuracy for class qtx   is: 73.0 %
Accuracy for class zxx   is: 71.7 %

========== Train Epoch 60 ==========
Loss: 0.090	Accuracy: 45 %	Time 32 s
Accuracy for class bzx   is: 31.2 %
Accuracy for class cwx   is: 10.7 %
Accuracy for class hdx   is: 12.0 %
Accuracy for class mtx   is: 25.9 %
Accuracy for class nqx   is: 16.7 %
Accuracy for class qtx   is: 83.8 %
Accuracy for class zxx   is: 75.0 %

========== Train Epoch 61 ==========
Loss: 0.065	Accuracy: 43 %	Time 31 s
Accuracy for class bzx   is: 18.8 %
Accuracy for class cwx   is: 25.0 %
Accuracy for class hdx   is: 8.0 %
Accuracy for class mtx   is: 14.8 %
Accuracy for class nqx   is: 27.8 %
Accuracy for class qtx   is: 78.4 %
Accuracy for class zxx   is: 70.0 %

========== Train Epoch 62 ==========
Loss: 0.032	Accuracy: 45 %	Time 32 s
Accuracy for class bzx   is: 25.0 %
Accuracy for class cwx   is: 32.1 %
Accuracy for class hdx   is: 4.0 %
Accuracy for class mtx   is: 11.1 %
Accuracy for class nqx   is: 22.2 %
Accuracy for class qtx   is: 75.7 %
Accuracy for class zxx   is: 76.7 %

========== Train Epoch 63 ==========
Loss: 0.018	Accuracy: 45 %	Time 31 s
Accuracy for class bzx   is: 25.0 %
Accuracy for class cwx   is: 25.0 %
Accuracy for class hdx   is: 16.0 %
Accuracy for class mtx   is: 14.8 %
Accuracy for class nqx   is: 44.4 %
Accuracy for class qtx   is: 73.0 %
Accuracy for class zxx   is: 71.7 %

========== Train Epoch 64 ==========
Loss: 0.011	Accuracy: 46 %	Time 32 s
Accuracy for class bzx   is: 25.0 %
Accuracy for class cwx   is: 35.7 %
Accuracy for class hdx   is: 12.0 %
Accuracy for class mtx   is: 18.5 %
Accuracy for class nqx   is: 27.8 %
Accuracy for class qtx   is: 75.7 %
Accuracy for class zxx   is: 71.7 %
Finished training!!!

Min loss = 0.011 in epoch 63;
max Accuracy = 52.61% in epoch 11;
Total Time 34 minutes

batch_size = 10
epochs = 64
loss_function = CrossEntropyLoss()
optimizer = Adam (
Parameter Group 0
    amsgrad: False
    betas: (0.9, 0.999)
    eps: 1e-08
    lr: 0.0001
    weight_decay: 0
)

ResNet(
  (conv1): Conv2d(3, 64, kernel_size=(7, 7), stride=(2, 2), padding=(3, 3), bias=False)
  (bn1): BatchNorm2d(64, eps=1e-05, momentum=0.1, affine=True, track_running_stats=True)
  (relu): ReLU(inplace=True)
  (maxpool): MaxPool2d(kernel_size=3, stride=2, padding=1, dilation=1, ceil_mode=False)
  (layer1): Sequential(
    (0): BasicBlock(
      (conv1): Conv2d(64, 64, kernel_size=(3, 3), stride=(1, 1), padding=(1, 1), bias=False)
      (bn1): BatchNorm2d(64, eps=1e-05, momentum=0.1, affine=True, track_running_stats=True)
      (relu): ReLU(inplace=True)
      (conv2): Conv2d(64, 64, kernel_size=(3, 3), stride=(1, 1), padding=(1, 1), bias=False)
      (bn2): BatchNorm2d(64, eps=1e-05, momentum=0.1, affine=True, track_running_stats=True)
    )
    (1): BasicBlock(
      (conv1): Conv2d(64, 64, kernel_size=(3, 3), stride=(1, 1), padding=(1, 1), bias=False)
      (bn1): BatchNorm2d(64, eps=1e-05, momentum=0.1, affine=True, track_running_stats=True)
      (relu): ReLU(inplace=True)
      (conv2): Conv2d(64, 64, kernel_size=(3, 3), stride=(1, 1), padding=(1, 1), bias=False)
      (bn2): BatchNorm2d(64, eps=1e-05, momentum=0.1, affine=True, track_running_stats=True)
    )
  )
  (layer2): Sequential(
    (0): BasicBlock(
      (conv1): Conv2d(64, 128, kernel_size=(3, 3), stride=(2, 2), padding=(1, 1), bias=False)
      (bn1): BatchNorm2d(128, eps=1e-05, momentum=0.1, affine=True, track_running_stats=True)
      (relu): ReLU(inplace=True)
      (conv2): Conv2d(128, 128, kernel_size=(3, 3), stride=(1, 1), padding=(1, 1), bias=False)
      (bn2): BatchNorm2d(128, eps=1e-05, momentum=0.1, affine=True, track_running_stats=True)
      (downsample): Sequential(
        (0): Conv2d(64, 128, kernel_size=(1, 1), stride=(2, 2), bias=False)
        (1): BatchNorm2d(128, eps=1e-05, momentum=0.1, affine=True, track_running_stats=True)
      )
    )
    (1): BasicBlock(
      (conv1): Conv2d(128, 128, kernel_size=(3, 3), stride=(1, 1), padding=(1, 1), bias=False)
      (bn1): BatchNorm2d(128, eps=1e-05, momentum=0.1, affine=True, track_running_stats=True)
      (relu): ReLU(inplace=True)
      (conv2): Conv2d(128, 128, kernel_size=(3, 3), stride=(1, 1), padding=(1, 1), bias=False)
      (bn2): BatchNorm2d(128, eps=1e-05, momentum=0.1, affine=True, track_running_stats=True)
    )
  )
  (layer3): Sequential(
    (0): BasicBlock(
      (conv1): Conv2d(128, 256, kernel_size=(3, 3), stride=(2, 2), padding=(1, 1), bias=False)
      (bn1): BatchNorm2d(256, eps=1e-05, momentum=0.1, affine=True, track_running_stats=True)
      (relu): ReLU(inplace=True)
      (conv2): Conv2d(256, 256, kernel_size=(3, 3), stride=(1, 1), padding=(1, 1), bias=False)
      (bn2): BatchNorm2d(256, eps=1e-05, momentum=0.1, affine=True, track_running_stats=True)
      (downsample): Sequential(
        (0): Conv2d(128, 256, kernel_size=(1, 1), stride=(2, 2), bias=False)
        (1): BatchNorm2d(256, eps=1e-05, momentum=0.1, affine=True, track_running_stats=True)
      )
    )
    (1): BasicBlock(
      (conv1): Conv2d(256, 256, kernel_size=(3, 3), stride=(1, 1), padding=(1, 1), bias=False)
      (bn1): BatchNorm2d(256, eps=1e-05, momentum=0.1, affine=True, track_running_stats=True)
      (relu): ReLU(inplace=True)
      (conv2): Conv2d(256, 256, kernel_size=(3, 3), stride=(1, 1), padding=(1, 1), bias=False)
      (bn2): BatchNorm2d(256, eps=1e-05, momentum=0.1, affine=True, track_running_stats=True)
    )
  )
  (layer4): Sequential(
    (0): BasicBlock(
      (conv1): Conv2d(256, 512, kernel_size=(3, 3), stride=(2, 2), padding=(1, 1), bias=False)
      (bn1): BatchNorm2d(512, eps=1e-05, momentum=0.1, affine=True, track_running_stats=True)
      (relu): ReLU(inplace=True)
      (conv2): Conv2d(512, 512, kernel_size=(3, 3), stride=(1, 1), padding=(1, 1), bias=False)
      (bn2): BatchNorm2d(512, eps=1e-05, momentum=0.1, affine=True, track_running_stats=True)
      (downsample): Sequential(
        (0): Conv2d(256, 512, kernel_size=(1, 1), stride=(2, 2), bias=False)
        (1): BatchNorm2d(512, eps=1e-05, momentum=0.1, affine=True, track_running_stats=True)
      )
    )
    (1): BasicBlock(
      (conv1): Conv2d(512, 512, kernel_size=(3, 3), stride=(1, 1), padding=(1, 1), bias=False)
      (bn1): BatchNorm2d(512, eps=1e-05, momentum=0.1, affine=True, track_running_stats=True)
      (relu): ReLU(inplace=True)
      (conv2): Conv2d(512, 512, kernel_size=(3, 3), stride=(1, 1), padding=(1, 1), bias=False)
      (bn2): BatchNorm2d(512, eps=1e-05, momentum=0.1, affine=True, track_running_stats=True)
    )
  )
  (avgpool): AdaptiveAvgPool2d(output_size=(1, 1))
  (fc_): Linear(in_features=512, out_features=7, bias=True)
  (__fc__): Linear(in_features=1024, out_features=7, bias=True)
  (features): Sequential(
    (0): Conv2d(3, 64, kernel_size=(11, 11), stride=(4, 4), padding=(2, 2))
    (1): ReLU(inplace=True)
    (2): MaxPool2d(kernel_size=3, stride=2, padding=0, dilation=1, ceil_mode=False)
    (3): Conv2d(64, 192, kernel_size=(5, 5), stride=(1, 1), padding=(2, 2))
    (4): ReLU(inplace=True)
    (5): MaxPool2d(kernel_size=3, stride=2, padding=0, dilation=1, ceil_mode=False)
    (6): Conv2d(192, 384, kernel_size=(3, 3), stride=(1, 1), padding=(1, 1))
    (7): ReLU(inplace=True)
    (8): Conv2d(384, 256, kernel_size=(3, 3), stride=(1, 1), padding=(1, 1))
    (9): ReLU(inplace=True)
    (10): Conv2d(256, 512, kernel_size=(3, 3), stride=(1, 1), padding=(1, 1))
    (11): ReLU(inplace=True)
    (12): MaxPool2d(kernel_size=3, stride=2, padding=0, dilation=1, ceil_mode=False)
  )
)

