dataset_path: /home/djy/dataset/dataset
Train Model: ResNet, pretrained : False , Using device cuda:0

resnet_rgb_ycrcb
parallel_train : True
parallel_train dataset : /home/djy/dataset/ycrcb_hsv_dataset

========== Train Epoch 1 ==========
Loss: 1.844	Accuracy: 24 %	Time 31 s
Accuracy for class bzx   is: 8.0 %
Accuracy for class cwx   is: 0.0 %
Accuracy for class hdx   is: 13.6 %
Accuracy for class mtx   is: 43.8 %
Accuracy for class nqx   is: 0.0 %
Accuracy for class qtx   is: 72.7 %
Accuracy for class zxx   is: 29.0 %

========== Train Epoch 2 ==========
Loss: 1.489	Accuracy: 18 %	Time 31 s
Accuracy for class bzx   is: 0.0 %
Accuracy for class cwx   is: 13.0 %
Accuracy for class hdx   is: 31.8 %
Accuracy for class mtx   is: 12.5 %
Accuracy for class nqx   is: 0.0 %
Accuracy for class qtx   is: 86.4 %
Accuracy for class zxx   is: 4.8 %

========== Train Epoch 3 ==========
Loss: 1.238	Accuracy: 14 %	Time 30 s
Accuracy for class bzx   is: 0.0 %
Accuracy for class cwx   is: 8.7 %
Accuracy for class hdx   is: 9.1 %
Accuracy for class mtx   is: 6.2 %
Accuracy for class nqx   is: 0.0 %
Accuracy for class qtx   is: 95.5 %
Accuracy for class zxx   is: 1.6 %

========== Train Epoch 4 ==========
Loss: 0.905	Accuracy: 22 %	Time 31 s
Accuracy for class bzx   is: 12.0 %
Accuracy for class cwx   is: 0.0 %
Accuracy for class hdx   is: 18.2 %
Accuracy for class mtx   is: 0.0 %
Accuracy for class nqx   is: 0.0 %
Accuracy for class qtx   is: 100.0 %
Accuracy for class zxx   is: 21.0 %

========== Train Epoch 5 ==========
Loss: 0.571	Accuracy: 19 %	Time 31 s
Accuracy for class bzx   is: 0.0 %
Accuracy for class cwx   is: 0.0 %
Accuracy for class hdx   is: 36.4 %
Accuracy for class mtx   is: 0.0 %
Accuracy for class nqx   is: 27.8 %
Accuracy for class qtx   is: 100.0 %
Accuracy for class zxx   is: 1.6 %

========== Train Epoch 6 ==========
Loss: 0.258	Accuracy: 14 %	Time 32 s
Accuracy for class bzx   is: 0.0 %
Accuracy for class cwx   is: 4.3 %
Accuracy for class hdx   is: 22.7 %
Accuracy for class mtx   is: 43.8 %
Accuracy for class nqx   is: 5.6 %
Accuracy for class qtx   is: 59.1 %
Accuracy for class zxx   is: 1.6 %

========== Train Epoch 7 ==========
Loss: 0.108	Accuracy: 22 %	Time 30 s
Accuracy for class bzx   is: 0.0 %
Accuracy for class cwx   is: 0.0 %
Accuracy for class hdx   is: 4.5 %
Accuracy for class mtx   is: 0.0 %
Accuracy for class nqx   is: 27.8 %
Accuracy for class qtx   is: 95.5 %
Accuracy for class zxx   is: 25.8 %

========== Train Epoch 8 ==========
Loss: 0.054	Accuracy: 30 %	Time 30 s
Accuracy for class bzx   is: 8.0 %
Accuracy for class cwx   is: 0.0 %
Accuracy for class hdx   is: 13.6 %
Accuracy for class mtx   is: 0.0 %
Accuracy for class nqx   is: 22.2 %
Accuracy for class qtx   is: 86.4 %
Accuracy for class zxx   is: 48.4 %

========== Train Epoch 9 ==========
Loss: 0.028	Accuracy: 31 %	Time 31 s
Accuracy for class bzx   is: 24.0 %
Accuracy for class cwx   is: 4.3 %
Accuracy for class hdx   is: 22.7 %
Accuracy for class mtx   is: 12.5 %
Accuracy for class nqx   is: 27.8 %
Accuracy for class qtx   is: 90.9 %
Accuracy for class zxx   is: 32.3 %

========== Train Epoch 10 ==========
Loss: 0.026	Accuracy: 27 %	Time 31 s
Accuracy for class bzx   is: 24.0 %
Accuracy for class cwx   is: 8.7 %
Accuracy for class hdx   is: 22.7 %
Accuracy for class mtx   is: 0.0 %
Accuracy for class nqx   is: 22.2 %
Accuracy for class qtx   is: 86.4 %
Accuracy for class zxx   is: 24.2 %

========== Train Epoch 11 ==========
Loss: 0.017	Accuracy: 34 %	Time 31 s
Accuracy for class bzx   is: 12.0 %
Accuracy for class cwx   is: 4.3 %
Accuracy for class hdx   is: 59.1 %
Accuracy for class mtx   is: 0.0 %
Accuracy for class nqx   is: 27.8 %
Accuracy for class qtx   is: 81.8 %
Accuracy for class zxx   is: 40.3 %

========== Train Epoch 12 ==========
Loss: 0.015	Accuracy: 30 %	Time 31 s
Accuracy for class bzx   is: 32.0 %
Accuracy for class cwx   is: 0.0 %
Accuracy for class hdx   is: 22.7 %
Accuracy for class mtx   is: 12.5 %
Accuracy for class nqx   is: 38.9 %
Accuracy for class qtx   is: 81.8 %
Accuracy for class zxx   is: 27.4 %

========== Train Epoch 13 ==========
Loss: 0.010	Accuracy: 23 %	Time 31 s
Accuracy for class bzx   is: 16.0 %
Accuracy for class cwx   is: 0.0 %
Accuracy for class hdx   is: 13.6 %
Accuracy for class mtx   is: 12.5 %
Accuracy for class nqx   is: 27.8 %
Accuracy for class qtx   is: 90.9 %
Accuracy for class zxx   is: 16.1 %

========== Train Epoch 14 ==========
Loss: 0.008	Accuracy: 26 %	Time 31 s
Accuracy for class bzx   is: 12.0 %
Accuracy for class cwx   is: 0.0 %
Accuracy for class hdx   is: 22.7 %
Accuracy for class mtx   is: 0.0 %
Accuracy for class nqx   is: 27.8 %
Accuracy for class qtx   is: 90.9 %
Accuracy for class zxx   is: 25.8 %

========== Train Epoch 15 ==========
Loss: 0.008	Accuracy: 37 %	Time 30 s
Accuracy for class bzx   is: 24.0 %
Accuracy for class cwx   is: 4.3 %
Accuracy for class hdx   is: 36.4 %
Accuracy for class mtx   is: 6.2 %
Accuracy for class nqx   is: 38.9 %
Accuracy for class qtx   is: 86.4 %
Accuracy for class zxx   is: 46.8 %

========== Train Epoch 16 ==========
Loss: 0.008	Accuracy: 31 %	Time 31 s
Accuracy for class bzx   is: 24.0 %
Accuracy for class cwx   is: 4.3 %
Accuracy for class hdx   is: 40.9 %
Accuracy for class mtx   is: 43.8 %
Accuracy for class nqx   is: 27.8 %
Accuracy for class qtx   is: 72.7 %
Accuracy for class zxx   is: 25.8 %

========== Train Epoch 17 ==========
Loss: 0.006	Accuracy: 36 %	Time 33 s
Accuracy for class bzx   is: 20.0 %
Accuracy for class cwx   is: 8.7 %
Accuracy for class hdx   is: 36.4 %
Accuracy for class mtx   is: 18.8 %
Accuracy for class nqx   is: 27.8 %
Accuracy for class qtx   is: 77.3 %
Accuracy for class zxx   is: 45.2 %

========== Train Epoch 18 ==========
Loss: 0.015	Accuracy: 22 %	Time 32 s
Accuracy for class bzx   is: 16.0 %
Accuracy for class cwx   is: 0.0 %
Accuracy for class hdx   is: 18.2 %
Accuracy for class mtx   is: 0.0 %
Accuracy for class nqx   is: 38.9 %
Accuracy for class qtx   is: 86.4 %
Accuracy for class zxx   is: 12.9 %

========== Train Epoch 19 ==========
Loss: 0.069	Accuracy: 23 %	Time 32 s
Accuracy for class bzx   is: 28.0 %
Accuracy for class cwx   is: 47.8 %
Accuracy for class hdx   is: 18.2 %
Accuracy for class mtx   is: 0.0 %
Accuracy for class nqx   is: 0.0 %
Accuracy for class qtx   is: 86.4 %
Accuracy for class zxx   is: 6.5 %

========== Train Epoch 20 ==========
Loss: 0.029	Accuracy: 32 %	Time 32 s
Accuracy for class bzx   is: 64.0 %
Accuracy for class cwx   is: 0.0 %
Accuracy for class hdx   is: 13.6 %
Accuracy for class mtx   is: 0.0 %
Accuracy for class nqx   is: 16.7 %
Accuracy for class qtx   is: 86.4 %
Accuracy for class zxx   is: 33.9 %

========== Train Epoch 21 ==========
Loss: 0.028	Accuracy: 29 %	Time 30 s
Accuracy for class bzx   is: 4.0 %
Accuracy for class cwx   is: 0.0 %
Accuracy for class hdx   is: 50.0 %
Accuracy for class mtx   is: 43.8 %
Accuracy for class nqx   is: 11.1 %
Accuracy for class qtx   is: 77.3 %
Accuracy for class zxx   is: 27.4 %

========== Train Epoch 22 ==========
Loss: 0.012	Accuracy: 31 %	Time 32 s
Accuracy for class bzx   is: 20.0 %
Accuracy for class cwx   is: 4.3 %
Accuracy for class hdx   is: 22.7 %
Accuracy for class mtx   is: 0.0 %
Accuracy for class nqx   is: 22.2 %
Accuracy for class qtx   is: 81.8 %
Accuracy for class zxx   is: 41.9 %

========== Train Epoch 23 ==========
Loss: 0.008	Accuracy: 31 %	Time 31 s
Accuracy for class bzx   is: 16.0 %
Accuracy for class cwx   is: 0.0 %
Accuracy for class hdx   is: 22.7 %
Accuracy for class mtx   is: 0.0 %
Accuracy for class nqx   is: 22.2 %
Accuracy for class qtx   is: 81.8 %
Accuracy for class zxx   is: 45.2 %

========== Train Epoch 24 ==========
Loss: 0.005	Accuracy: 28 %	Time 31 s
Accuracy for class bzx   is: 12.0 %
Accuracy for class cwx   is: 0.0 %
Accuracy for class hdx   is: 18.2 %
Accuracy for class mtx   is: 6.2 %
Accuracy for class nqx   is: 27.8 %
Accuracy for class qtx   is: 90.9 %
Accuracy for class zxx   is: 33.9 %

========== Train Epoch 25 ==========
Loss: 0.005	Accuracy: 29 %	Time 31 s
Accuracy for class bzx   is: 16.0 %
Accuracy for class cwx   is: 0.0 %
Accuracy for class hdx   is: 22.7 %
Accuracy for class mtx   is: 0.0 %
Accuracy for class nqx   is: 16.7 %
Accuracy for class qtx   is: 86.4 %
Accuracy for class zxx   is: 40.3 %

========== Train Epoch 26 ==========
Loss: 0.003	Accuracy: 28 %	Time 31 s
Accuracy for class bzx   is: 8.0 %
Accuracy for class cwx   is: 4.3 %
Accuracy for class hdx   is: 18.2 %
Accuracy for class mtx   is: 0.0 %
Accuracy for class nqx   is: 16.7 %
Accuracy for class qtx   is: 81.8 %
Accuracy for class zxx   is: 40.3 %

========== Train Epoch 27 ==========
Loss: 0.003	Accuracy: 30 %	Time 33 s
Accuracy for class bzx   is: 28.0 %
Accuracy for class cwx   is: 0.0 %
Accuracy for class hdx   is: 22.7 %
Accuracy for class mtx   is: 12.5 %
Accuracy for class nqx   is: 27.8 %
Accuracy for class qtx   is: 81.8 %
Accuracy for class zxx   is: 33.9 %

========== Train Epoch 28 ==========
Loss: 0.003	Accuracy: 30 %	Time 30 s
Accuracy for class bzx   is: 24.0 %
Accuracy for class cwx   is: 0.0 %
Accuracy for class hdx   is: 36.4 %
Accuracy for class mtx   is: 12.5 %
Accuracy for class nqx   is: 22.2 %
Accuracy for class qtx   is: 81.8 %
Accuracy for class zxx   is: 32.3 %

========== Train Epoch 29 ==========
Loss: 0.002	Accuracy: 32 %	Time 32 s
Accuracy for class bzx   is: 20.0 %
Accuracy for class cwx   is: 0.0 %
Accuracy for class hdx   is: 31.8 %
Accuracy for class mtx   is: 12.5 %
Accuracy for class nqx   is: 27.8 %
Accuracy for class qtx   is: 81.8 %
Accuracy for class zxx   is: 40.3 %

========== Train Epoch 30 ==========
Loss: 0.003	Accuracy: 30 %	Time 29 s
Accuracy for class bzx   is: 16.0 %
Accuracy for class cwx   is: 0.0 %
Accuracy for class hdx   is: 9.1 %
Accuracy for class mtx   is: 12.5 %
Accuracy for class nqx   is: 27.8 %
Accuracy for class qtx   is: 81.8 %
Accuracy for class zxx   is: 41.9 %

========== Train Epoch 31 ==========
Loss: 0.006	Accuracy: 34 %	Time 30 s
Accuracy for class bzx   is: 12.0 %
Accuracy for class cwx   is: 0.0 %
Accuracy for class hdx   is: 31.8 %
Accuracy for class mtx   is: 0.0 %
Accuracy for class nqx   is: 38.9 %
Accuracy for class qtx   is: 86.4 %
Accuracy for class zxx   is: 45.2 %

========== Train Epoch 32 ==========
Loss: 0.004	Accuracy: 34 %	Time 29 s
Accuracy for class bzx   is: 16.0 %
Accuracy for class cwx   is: 4.3 %
Accuracy for class hdx   is: 31.8 %
Accuracy for class mtx   is: 18.8 %
Accuracy for class nqx   is: 33.3 %
Accuracy for class qtx   is: 86.4 %
Accuracy for class zxx   is: 40.3 %

========== Train Epoch 33 ==========
Loss: 0.004	Accuracy: 42 %	Time 32 s
Accuracy for class bzx   is: 24.0 %
Accuracy for class cwx   is: 0.0 %
Accuracy for class hdx   is: 18.2 %
Accuracy for class mtx   is: 6.2 %
Accuracy for class nqx   is: 27.8 %
Accuracy for class qtx   is: 81.8 %
Accuracy for class zxx   is: 72.6 %

========== Train Epoch 34 ==========
Loss: 0.002	Accuracy: 27 %	Time 32 s
Accuracy for class bzx   is: 16.0 %
Accuracy for class cwx   is: 4.3 %
Accuracy for class hdx   is: 22.7 %
Accuracy for class mtx   is: 6.2 %
Accuracy for class nqx   is: 27.8 %
Accuracy for class qtx   is: 95.5 %
Accuracy for class zxx   is: 24.2 %

========== Train Epoch 35 ==========
Loss: 0.003	Accuracy: 29 %	Time 31 s
Accuracy for class bzx   is: 12.0 %
Accuracy for class cwx   is: 8.7 %
Accuracy for class hdx   is: 18.2 %
Accuracy for class mtx   is: 6.2 %
Accuracy for class nqx   is: 22.2 %
Accuracy for class qtx   is: 81.8 %
Accuracy for class zxx   is: 38.7 %

========== Train Epoch 36 ==========
Loss: 0.003	Accuracy: 32 %	Time 31 s
Accuracy for class bzx   is: 16.0 %
Accuracy for class cwx   is: 8.7 %
Accuracy for class hdx   is: 18.2 %
Accuracy for class mtx   is: 6.2 %
Accuracy for class nqx   is: 27.8 %
Accuracy for class qtx   is: 86.4 %
Accuracy for class zxx   is: 43.5 %

========== Train Epoch 37 ==========
Loss: 0.002	Accuracy: 37 %	Time 32 s
Accuracy for class bzx   is: 20.0 %
Accuracy for class cwx   is: 4.3 %
Accuracy for class hdx   is: 22.7 %
Accuracy for class mtx   is: 6.2 %
Accuracy for class nqx   is: 27.8 %
Accuracy for class qtx   is: 90.9 %
Accuracy for class zxx   is: 53.2 %

========== Train Epoch 38 ==========
Loss: 0.002	Accuracy: 39 %	Time 33 s
Accuracy for class bzx   is: 16.0 %
Accuracy for class cwx   is: 4.3 %
Accuracy for class hdx   is: 9.1 %
Accuracy for class mtx   is: 6.2 %
Accuracy for class nqx   is: 27.8 %
Accuracy for class qtx   is: 90.9 %
Accuracy for class zxx   is: 66.1 %

========== Train Epoch 39 ==========
Loss: 0.005	Accuracy: 43 %	Time 31 s
Accuracy for class bzx   is: 20.0 %
Accuracy for class cwx   is: 4.3 %
Accuracy for class hdx   is: 36.4 %
Accuracy for class mtx   is: 12.5 %
Accuracy for class nqx   is: 11.1 %
Accuracy for class qtx   is: 77.3 %
Accuracy for class zxx   is: 75.8 %

========== Train Epoch 40 ==========
Loss: 0.004	Accuracy: 38 %	Time 31 s
Accuracy for class bzx   is: 20.0 %
Accuracy for class cwx   is: 0.0 %
Accuracy for class hdx   is: 13.6 %
Accuracy for class mtx   is: 6.2 %
Accuracy for class nqx   is: 27.8 %
Accuracy for class qtx   is: 90.9 %
Accuracy for class zxx   is: 61.3 %

========== Train Epoch 41 ==========
Loss: 0.004	Accuracy: 28 %	Time 30 s
Accuracy for class bzx   is: 12.0 %
Accuracy for class cwx   is: 13.0 %
Accuracy for class hdx   is: 18.2 %
Accuracy for class mtx   is: 6.2 %
Accuracy for class nqx   is: 22.2 %
Accuracy for class qtx   is: 90.9 %
Accuracy for class zxx   is: 30.6 %

========== Train Epoch 42 ==========
Loss: 0.002	Accuracy: 37 %	Time 32 s
Accuracy for class bzx   is: 20.0 %
Accuracy for class cwx   is: 0.0 %
Accuracy for class hdx   is: 9.1 %
Accuracy for class mtx   is: 6.2 %
Accuracy for class nqx   is: 27.8 %
Accuracy for class qtx   is: 86.4 %
Accuracy for class zxx   is: 62.9 %

========== Train Epoch 43 ==========
Loss: 0.002	Accuracy: 44 %	Time 31 s
Accuracy for class bzx   is: 16.0 %
Accuracy for class cwx   is: 13.0 %
Accuracy for class hdx   is: 36.4 %
Accuracy for class mtx   is: 25.0 %
Accuracy for class nqx   is: 27.8 %
Accuracy for class qtx   is: 59.1 %
Accuracy for class zxx   is: 74.2 %

========== Train Epoch 44 ==========
Loss: 0.003	Accuracy: 19 %	Time 31 s
Accuracy for class bzx   is: 12.0 %
Accuracy for class cwx   is: 4.3 %
Accuracy for class hdx   is: 4.5 %
Accuracy for class mtx   is: 0.0 %
Accuracy for class nqx   is: 11.1 %
Accuracy for class qtx   is: 100.0 %
Accuracy for class zxx   is: 12.9 %

========== Train Epoch 45 ==========
Loss: 0.006	Accuracy: 21 %	Time 30 s
Accuracy for class bzx   is: 0.0 %
Accuracy for class cwx   is: 0.0 %
Accuracy for class hdx   is: 4.5 %
Accuracy for class mtx   is: 75.0 %
Accuracy for class nqx   is: 0.0 %
Accuracy for class qtx   is: 81.8 %
Accuracy for class zxx   is: 14.5 %

========== Train Epoch 46 ==========
Loss: 0.003	Accuracy: 35 %	Time 31 s
Accuracy for class bzx   is: 16.0 %
Accuracy for class cwx   is: 26.1 %
Accuracy for class hdx   is: 36.4 %
Accuracy for class mtx   is: 0.0 %
Accuracy for class nqx   is: 5.6 %
Accuracy for class qtx   is: 81.8 %
Accuracy for class zxx   is: 46.8 %

========== Train Epoch 47 ==========
Loss: 0.003	Accuracy: 23 %	Time 31 s
Accuracy for class bzx   is: 12.0 %
Accuracy for class cwx   is: 4.3 %
Accuracy for class hdx   is: 22.7 %
Accuracy for class mtx   is: 0.0 %
Accuracy for class nqx   is: 16.7 %
Accuracy for class qtx   is: 95.5 %
Accuracy for class zxx   is: 17.7 %

========== Train Epoch 48 ==========
Loss: 0.002	Accuracy: 34 %	Time 32 s
Accuracy for class bzx   is: 20.0 %
Accuracy for class cwx   is: 8.7 %
Accuracy for class hdx   is: 13.6 %
Accuracy for class mtx   is: 0.0 %
Accuracy for class nqx   is: 27.8 %
Accuracy for class qtx   is: 86.4 %
Accuracy for class zxx   is: 48.4 %

========== Train Epoch 49 ==========
Loss: 0.002	Accuracy: 36 %	Time 31 s
Accuracy for class bzx   is: 16.0 %
Accuracy for class cwx   is: 8.7 %
Accuracy for class hdx   is: 27.3 %
Accuracy for class mtx   is: 0.0 %
Accuracy for class nqx   is: 33.3 %
Accuracy for class qtx   is: 86.4 %
Accuracy for class zxx   is: 51.6 %

========== Train Epoch 50 ==========
Loss: 0.002	Accuracy: 37 %	Time 30 s
Accuracy for class bzx   is: 24.0 %
Accuracy for class cwx   is: 8.7 %
Accuracy for class hdx   is: 27.3 %
Accuracy for class mtx   is: 0.0 %
Accuracy for class nqx   is: 38.9 %
Accuracy for class qtx   is: 90.9 %
Accuracy for class zxx   is: 48.4 %

========== Train Epoch 51 ==========
Loss: 0.005	Accuracy: 41 %	Time 32 s
Accuracy for class bzx   is: 8.0 %
Accuracy for class cwx   is: 0.0 %
Accuracy for class hdx   is: 9.1 %
Accuracy for class mtx   is: 0.0 %
Accuracy for class nqx   is: 5.6 %
Accuracy for class qtx   is: 77.3 %
Accuracy for class zxx   is: 90.3 %

========== Train Epoch 52 ==========
Loss: 0.048	Accuracy: 17 %	Time 30 s
Accuracy for class bzx   is: 12.0 %
Accuracy for class cwx   is: 60.9 %
Accuracy for class hdx   is: 0.0 %
Accuracy for class mtx   is: 0.0 %
Accuracy for class nqx   is: 0.0 %
Accuracy for class qtx   is: 68.2 %
Accuracy for class zxx   is: 0.0 %

========== Train Epoch 53 ==========
Loss: 0.864	Accuracy: 28 %	Time 30 s
Accuracy for class bzx   is: 12.0 %
Accuracy for class cwx   is: 8.7 %
Accuracy for class hdx   is: 68.2 %
Accuracy for class mtx   is: 0.0 %
Accuracy for class nqx   is: 0.0 %
Accuracy for class qtx   is: 0.0 %
Accuracy for class zxx   is: 53.2 %

========== Train Epoch 54 ==========
Loss: 0.611	Accuracy: 29 %	Time 32 s
Accuracy for class bzx   is: 0.0 %
Accuracy for class cwx   is: 4.3 %
Accuracy for class hdx   is: 9.1 %
Accuracy for class mtx   is: 0.0 %
Accuracy for class nqx   is: 0.0 %
Accuracy for class qtx   is: 86.4 %
Accuracy for class zxx   is: 53.2 %

========== Train Epoch 55 ==========
Loss: 0.140	Accuracy: 36 %	Time 30 s
Accuracy for class bzx   is: 24.0 %
Accuracy for class cwx   is: 4.3 %
Accuracy for class hdx   is: 50.0 %
Accuracy for class mtx   is: 12.5 %
Accuracy for class nqx   is: 44.4 %
Accuracy for class qtx   is: 72.7 %
Accuracy for class zxx   is: 40.3 %

========== Train Epoch 56 ==========
Loss: 0.047	Accuracy: 30 %	Time 31 s
Accuracy for class bzx   is: 4.0 %
Accuracy for class cwx   is: 21.7 %
Accuracy for class hdx   is: 18.2 %
Accuracy for class mtx   is: 0.0 %
Accuracy for class nqx   is: 27.8 %
Accuracy for class qtx   is: 90.9 %
Accuracy for class zxx   is: 37.1 %

========== Train Epoch 57 ==========
Loss: 0.022	Accuracy: 28 %	Time 31 s
Accuracy for class bzx   is: 32.0 %
Accuracy for class cwx   is: 0.0 %
Accuracy for class hdx   is: 13.6 %
Accuracy for class mtx   is: 18.8 %
Accuracy for class nqx   is: 38.9 %
Accuracy for class qtx   is: 77.3 %
Accuracy for class zxx   is: 25.8 %

========== Train Epoch 58 ==========
Loss: 0.018	Accuracy: 31 %	Time 31 s
Accuracy for class bzx   is: 48.0 %
Accuracy for class cwx   is: 17.4 %
Accuracy for class hdx   is: 0.0 %
Accuracy for class mtx   is: 0.0 %
Accuracy for class nqx   is: 33.3 %
Accuracy for class qtx   is: 86.4 %
Accuracy for class zxx   is: 29.0 %

========== Train Epoch 59 ==========
Loss: 0.010	Accuracy: 27 %	Time 29 s
Accuracy for class bzx   is: 28.0 %
Accuracy for class cwx   is: 13.0 %
Accuracy for class hdx   is: 4.5 %
Accuracy for class mtx   is: 6.2 %
Accuracy for class nqx   is: 33.3 %
Accuracy for class qtx   is: 86.4 %
Accuracy for class zxx   is: 22.6 %

========== Train Epoch 60 ==========
Loss: 0.008	Accuracy: 28 %	Time 32 s
Accuracy for class bzx   is: 16.0 %
Accuracy for class cwx   is: 13.0 %
Accuracy for class hdx   is: 4.5 %
Accuracy for class mtx   is: 31.2 %
Accuracy for class nqx   is: 27.8 %
Accuracy for class qtx   is: 72.7 %
Accuracy for class zxx   is: 30.6 %

========== Train Epoch 61 ==========
Loss: 0.005	Accuracy: 31 %	Time 31 s
Accuracy for class bzx   is: 20.0 %
Accuracy for class cwx   is: 13.0 %
Accuracy for class hdx   is: 18.2 %
Accuracy for class mtx   is: 18.8 %
Accuracy for class nqx   is: 27.8 %
Accuracy for class qtx   is: 81.8 %
Accuracy for class zxx   is: 33.9 %

========== Train Epoch 62 ==========
Loss: 0.003	Accuracy: 28 %	Time 32 s
Accuracy for class bzx   is: 20.0 %
Accuracy for class cwx   is: 13.0 %
Accuracy for class hdx   is: 22.7 %
Accuracy for class mtx   is: 6.2 %
Accuracy for class nqx   is: 22.2 %
Accuracy for class qtx   is: 86.4 %
Accuracy for class zxx   is: 25.8 %

========== Train Epoch 63 ==========
Loss: 0.013	Accuracy: 31 %	Time 30 s
Accuracy for class bzx   is: 12.0 %
Accuracy for class cwx   is: 13.0 %
Accuracy for class hdx   is: 9.1 %
Accuracy for class mtx   is: 6.2 %
Accuracy for class nqx   is: 22.2 %
Accuracy for class qtx   is: 100.0 %
Accuracy for class zxx   is: 40.3 %

========== Train Epoch 64 ==========
Loss: 0.037	Accuracy: 13 %	Time 30 s
Accuracy for class bzx   is: 8.0 %
Accuracy for class cwx   is: 39.1 %
Accuracy for class hdx   is: 31.8 %
Accuracy for class mtx   is: 0.0 %
Accuracy for class nqx   is: 0.0 %
Accuracy for class qtx   is: 27.3 %
Accuracy for class zxx   is: 3.2 %

========== Train Epoch 65 ==========
Loss: 0.011	Accuracy: 22 %	Time 29 s
Accuracy for class bzx   is: 28.0 %
Accuracy for class cwx   is: 13.0 %
Accuracy for class hdx   is: 22.7 %
Accuracy for class mtx   is: 0.0 %
Accuracy for class nqx   is: 33.3 %
Accuracy for class qtx   is: 86.4 %
Accuracy for class zxx   is: 3.2 %

========== Train Epoch 66 ==========
Loss: 0.006	Accuracy: 34 %	Time 32 s
Accuracy for class bzx   is: 28.0 %
Accuracy for class cwx   is: 17.4 %
Accuracy for class hdx   is: 31.8 %
Accuracy for class mtx   is: 12.5 %
Accuracy for class nqx   is: 38.9 %
Accuracy for class qtx   is: 72.7 %
Accuracy for class zxx   is: 35.5 %

========== Train Epoch 67 ==========
Loss: 0.004	Accuracy: 30 %	Time 30 s
Accuracy for class bzx   is: 40.0 %
Accuracy for class cwx   is: 8.7 %
Accuracy for class hdx   is: 18.2 %
Accuracy for class mtx   is: 12.5 %
Accuracy for class nqx   is: 22.2 %
Accuracy for class qtx   is: 77.3 %
Accuracy for class zxx   is: 29.0 %

========== Train Epoch 68 ==========
Loss: 0.003	Accuracy: 31 %	Time 30 s
Accuracy for class bzx   is: 40.0 %
Accuracy for class cwx   is: 8.7 %
Accuracy for class hdx   is: 13.6 %
Accuracy for class mtx   is: 12.5 %
Accuracy for class nqx   is: 22.2 %
Accuracy for class qtx   is: 86.4 %
Accuracy for class zxx   is: 30.6 %

========== Train Epoch 69 ==========
Loss: 0.004	Accuracy: 28 %	Time 32 s
Accuracy for class bzx   is: 28.0 %
Accuracy for class cwx   is: 8.7 %
Accuracy for class hdx   is: 13.6 %
Accuracy for class mtx   is: 0.0 %
Accuracy for class nqx   is: 38.9 %
Accuracy for class qtx   is: 81.8 %
Accuracy for class zxx   is: 25.8 %

========== Train Epoch 70 ==========
Loss: 0.004	Accuracy: 28 %	Time 31 s
Accuracy for class bzx   is: 28.0 %
Accuracy for class cwx   is: 0.0 %
Accuracy for class hdx   is: 40.9 %
Accuracy for class mtx   is: 6.2 %
Accuracy for class nqx   is: 38.9 %
Accuracy for class qtx   is: 81.8 %
Accuracy for class zxx   is: 19.4 %

========== Train Epoch 71 ==========
Loss: 0.003	Accuracy: 26 %	Time 32 s
Accuracy for class bzx   is: 12.0 %
Accuracy for class cwx   is: 0.0 %
Accuracy for class hdx   is: 45.5 %
Accuracy for class mtx   is: 0.0 %
Accuracy for class nqx   is: 38.9 %
Accuracy for class qtx   is: 81.8 %
Accuracy for class zxx   is: 19.4 %

========== Train Epoch 72 ==========
Loss: 0.004	Accuracy: 27 %	Time 29 s
Accuracy for class bzx   is: 16.0 %
Accuracy for class cwx   is: 0.0 %
Accuracy for class hdx   is: 27.3 %
Accuracy for class mtx   is: 0.0 %
Accuracy for class nqx   is: 38.9 %
Accuracy for class qtx   is: 81.8 %
Accuracy for class zxx   is: 27.4 %

========== Train Epoch 73 ==========
Loss: 0.002	Accuracy: 40 %	Time 30 s
Accuracy for class bzx   is: 32.0 %
Accuracy for class cwx   is: 8.7 %
Accuracy for class hdx   is: 27.3 %
Accuracy for class mtx   is: 6.2 %
Accuracy for class nqx   is: 33.3 %
Accuracy for class qtx   is: 77.3 %
Accuracy for class zxx   is: 59.7 %

========== Train Epoch 74 ==========
Loss: 0.002	Accuracy: 36 %	Time 30 s
Accuracy for class bzx   is: 24.0 %
Accuracy for class cwx   is: 8.7 %
Accuracy for class hdx   is: 18.2 %
Accuracy for class mtx   is: 0.0 %
Accuracy for class nqx   is: 33.3 %
Accuracy for class qtx   is: 86.4 %
Accuracy for class zxx   is: 50.0 %

========== Train Epoch 75 ==========
Loss: 0.001	Accuracy: 31 %	Time 31 s
Accuracy for class bzx   is: 24.0 %
Accuracy for class cwx   is: 4.3 %
Accuracy for class hdx   is: 18.2 %
Accuracy for class mtx   is: 0.0 %
Accuracy for class nqx   is: 38.9 %
Accuracy for class qtx   is: 81.8 %
Accuracy for class zxx   is: 38.7 %

========== Train Epoch 76 ==========
Loss: 0.002	Accuracy: 28 %	Time 31 s
Accuracy for class bzx   is: 16.0 %
Accuracy for class cwx   is: 8.7 %
Accuracy for class hdx   is: 27.3 %
Accuracy for class mtx   is: 0.0 %
Accuracy for class nqx   is: 22.2 %
Accuracy for class qtx   is: 90.9 %
Accuracy for class zxx   is: 29.0 %

========== Train Epoch 77 ==========
Loss: 0.001	Accuracy: 33 %	Time 32 s
Accuracy for class bzx   is: 20.0 %
Accuracy for class cwx   is: 8.7 %
Accuracy for class hdx   is: 27.3 %
Accuracy for class mtx   is: 0.0 %
Accuracy for class nqx   is: 27.8 %
Accuracy for class qtx   is: 90.9 %
Accuracy for class zxx   is: 40.3 %

========== Train Epoch 78 ==========
Loss: 0.002	Accuracy: 33 %	Time 31 s
Accuracy for class bzx   is: 24.0 %
Accuracy for class cwx   is: 8.7 %
Accuracy for class hdx   is: 18.2 %
Accuracy for class mtx   is: 0.0 %
Accuracy for class nqx   is: 27.8 %
Accuracy for class qtx   is: 90.9 %
Accuracy for class zxx   is: 41.9 %

========== Train Epoch 79 ==========
Loss: 0.001	Accuracy: 33 %	Time 29 s
Accuracy for class bzx   is: 24.0 %
Accuracy for class cwx   is: 8.7 %
Accuracy for class hdx   is: 22.7 %
Accuracy for class mtx   is: 0.0 %
Accuracy for class nqx   is: 33.3 %
Accuracy for class qtx   is: 90.9 %
Accuracy for class zxx   is: 38.7 %

========== Train Epoch 80 ==========
Loss: 0.001	Accuracy: 32 %	Time 31 s
Accuracy for class bzx   is: 20.0 %
Accuracy for class cwx   is: 8.7 %
Accuracy for class hdx   is: 18.2 %
Accuracy for class mtx   is: 0.0 %
Accuracy for class nqx   is: 33.3 %
Accuracy for class qtx   is: 86.4 %
Accuracy for class zxx   is: 40.3 %

========== Train Epoch 81 ==========
Loss: 0.002	Accuracy: 32 %	Time 31 s
Accuracy for class bzx   is: 20.0 %
Accuracy for class cwx   is: 8.7 %
Accuracy for class hdx   is: 18.2 %
Accuracy for class mtx   is: 0.0 %
Accuracy for class nqx   is: 27.8 %
Accuracy for class qtx   is: 90.9 %
Accuracy for class zxx   is: 40.3 %

========== Train Epoch 82 ==========
Loss: 0.002	Accuracy: 38 %	Time 31 s
Accuracy for class bzx   is: 24.0 %
Accuracy for class cwx   is: 8.7 %
Accuracy for class hdx   is: 31.8 %
Accuracy for class mtx   is: 6.2 %
Accuracy for class nqx   is: 22.2 %
Accuracy for class qtx   is: 86.4 %
Accuracy for class zxx   is: 53.2 %

========== Train Epoch 83 ==========
Loss: 0.001	Accuracy: 34 %	Time 31 s
Accuracy for class bzx   is: 24.0 %
Accuracy for class cwx   is: 8.7 %
Accuracy for class hdx   is: 18.2 %
Accuracy for class mtx   is: 6.2 %
Accuracy for class nqx   is: 27.8 %
Accuracy for class qtx   is: 86.4 %
Accuracy for class zxx   is: 45.2 %

========== Train Epoch 84 ==========
Loss: 0.001	Accuracy: 31 %	Time 30 s
Accuracy for class bzx   is: 20.0 %
Accuracy for class cwx   is: 8.7 %
Accuracy for class hdx   is: 18.2 %
Accuracy for class mtx   is: 12.5 %
Accuracy for class nqx   is: 22.2 %
Accuracy for class qtx   is: 86.4 %
Accuracy for class zxx   is: 37.1 %

========== Train Epoch 85 ==========
Loss: 0.001	Accuracy: 29 %	Time 31 s
Accuracy for class bzx   is: 24.0 %
Accuracy for class cwx   is: 8.7 %
Accuracy for class hdx   is: 18.2 %
Accuracy for class mtx   is: 6.2 %
Accuracy for class nqx   is: 22.2 %
Accuracy for class qtx   is: 90.9 %
Accuracy for class zxx   is: 29.0 %

========== Train Epoch 86 ==========
Loss: 0.002	Accuracy: 32 %	Time 31 s
Accuracy for class bzx   is: 24.0 %
Accuracy for class cwx   is: 8.7 %
Accuracy for class hdx   is: 13.6 %
Accuracy for class mtx   is: 6.2 %
Accuracy for class nqx   is: 27.8 %
Accuracy for class qtx   is: 90.9 %
Accuracy for class zxx   is: 38.7 %

========== Train Epoch 87 ==========
Loss: 0.002	Accuracy: 21 %	Time 32 s
Accuracy for class bzx   is: 24.0 %
Accuracy for class cwx   is: 4.3 %
Accuracy for class hdx   is: 9.1 %
Accuracy for class mtx   is: 0.0 %
Accuracy for class nqx   is: 16.7 %
Accuracy for class qtx   is: 90.9 %
Accuracy for class zxx   is: 12.9 %

========== Train Epoch 88 ==========
Loss: 0.001	Accuracy: 26 %	Time 30 s
Accuracy for class bzx   is: 24.0 %
Accuracy for class cwx   is: 4.3 %
Accuracy for class hdx   is: 13.6 %
Accuracy for class mtx   is: 12.5 %
Accuracy for class nqx   is: 33.3 %
Accuracy for class qtx   is: 86.4 %
Accuracy for class zxx   is: 19.4 %

========== Train Epoch 89 ==========
Loss: 0.001	Accuracy: 29 %	Time 32 s
Accuracy for class bzx   is: 24.0 %
Accuracy for class cwx   is: 8.7 %
Accuracy for class hdx   is: 18.2 %
Accuracy for class mtx   is: 12.5 %
Accuracy for class nqx   is: 33.3 %
Accuracy for class qtx   is: 86.4 %
Accuracy for class zxx   is: 25.8 %

========== Train Epoch 90 ==========
Loss: 0.001	Accuracy: 35 %	Time 31 s
Accuracy for class bzx   is: 32.0 %
Accuracy for class cwx   is: 17.4 %
Accuracy for class hdx   is: 18.2 %
Accuracy for class mtx   is: 12.5 %
Accuracy for class nqx   is: 33.3 %
Accuracy for class qtx   is: 77.3 %
Accuracy for class zxx   is: 41.9 %

========== Train Epoch 91 ==========
Loss: 0.001	Accuracy: 34 %	Time 31 s
Accuracy for class bzx   is: 24.0 %
Accuracy for class cwx   is: 13.0 %
Accuracy for class hdx   is: 18.2 %
Accuracy for class mtx   is: 12.5 %
Accuracy for class nqx   is: 33.3 %
Accuracy for class qtx   is: 72.7 %
Accuracy for class zxx   is: 43.5 %

========== Train Epoch 92 ==========
Loss: 0.001	Accuracy: 39 %	Time 32 s
Accuracy for class bzx   is: 24.0 %
Accuracy for class cwx   is: 13.0 %
Accuracy for class hdx   is: 22.7 %
Accuracy for class mtx   is: 6.2 %
Accuracy for class nqx   is: 33.3 %
Accuracy for class qtx   is: 81.8 %
Accuracy for class zxx   is: 56.5 %

========== Train Epoch 93 ==========
Loss: 0.001	Accuracy: 39 %	Time 31 s
Accuracy for class bzx   is: 32.0 %
Accuracy for class cwx   is: 17.4 %
Accuracy for class hdx   is: 36.4 %
Accuracy for class mtx   is: 12.5 %
Accuracy for class nqx   is: 33.3 %
Accuracy for class qtx   is: 72.7 %
Accuracy for class zxx   is: 48.4 %

========== Train Epoch 94 ==========
Loss: 0.001	Accuracy: 40 %	Time 32 s
Accuracy for class bzx   is: 28.0 %
Accuracy for class cwx   is: 17.4 %
Accuracy for class hdx   is: 36.4 %
Accuracy for class mtx   is: 6.2 %
Accuracy for class nqx   is: 33.3 %
Accuracy for class qtx   is: 81.8 %
Accuracy for class zxx   is: 51.6 %

========== Train Epoch 95 ==========
Loss: 0.008	Accuracy: 37 %	Time 32 s
Accuracy for class bzx   is: 36.0 %
Accuracy for class cwx   is: 26.1 %
Accuracy for class hdx   is: 4.5 %
Accuracy for class mtx   is: 6.2 %
Accuracy for class nqx   is: 11.1 %
Accuracy for class qtx   is: 86.4 %
Accuracy for class zxx   is: 53.2 %

========== Train Epoch 96 ==========
Loss: 0.057	Accuracy: 37 %	Time 31 s
Accuracy for class bzx   is: 40.0 %
Accuracy for class cwx   is: 8.7 %
Accuracy for class hdx   is: 13.6 %
Accuracy for class mtx   is: 0.0 %
Accuracy for class nqx   is: 16.7 %
Accuracy for class qtx   is: 72.7 %
Accuracy for class zxx   is: 59.7 %

========== Train Epoch 97 ==========
Loss: 0.044	Accuracy: 13 %	Time 31 s
Accuracy for class bzx   is: 0.0 %
Accuracy for class cwx   is: 0.0 %
Accuracy for class hdx   is: 4.5 %
Accuracy for class mtx   is: 0.0 %
Accuracy for class nqx   is: 0.0 %
Accuracy for class qtx   is: 100.0 %
Accuracy for class zxx   is: 3.2 %

========== Train Epoch 98 ==========
Loss: 0.031	Accuracy: 17 %	Time 31 s
Accuracy for class bzx   is: 0.0 %
Accuracy for class cwx   is: 0.0 %
Accuracy for class hdx   is: 13.6 %
Accuracy for class mtx   is: 0.0 %
Accuracy for class nqx   is: 38.9 %
Accuracy for class qtx   is: 95.5 %
Accuracy for class zxx   is: 1.6 %

========== Train Epoch 99 ==========
Loss: 0.064	Accuracy: 26 %	Time 31 s
Accuracy for class bzx   is: 40.0 %
Accuracy for class cwx   is: 17.4 %
Accuracy for class hdx   is: 0.0 %
Accuracy for class mtx   is: 6.2 %
Accuracy for class nqx   is: 11.1 %
Accuracy for class qtx   is: 90.9 %
Accuracy for class zxx   is: 21.0 %

========== Train Epoch 100 ==========
Loss: 0.098	Accuracy: 31 %	Time 32 s
Accuracy for class bzx   is: 24.0 %
Accuracy for class cwx   is: 0.0 %
Accuracy for class hdx   is: 36.4 %
Accuracy for class mtx   is: 12.5 %
Accuracy for class nqx   is: 0.0 %
Accuracy for class qtx   is: 90.9 %
Accuracy for class zxx   is: 38.7 %

========== Train Epoch 101 ==========
Loss: 0.120	Accuracy: 36 %	Time 30 s
Accuracy for class bzx   is: 12.0 %
Accuracy for class cwx   is: 4.3 %
Accuracy for class hdx   is: 27.3 %
Accuracy for class mtx   is: 6.2 %
Accuracy for class nqx   is: 16.7 %
Accuracy for class qtx   is: 72.7 %
Accuracy for class zxx   is: 61.3 %

========== Train Epoch 102 ==========
Loss: 0.079	Accuracy: 30 %	Time 30 s
Accuracy for class bzx   is: 24.0 %
Accuracy for class cwx   is: 17.4 %
Accuracy for class hdx   is: 13.6 %
Accuracy for class mtx   is: 0.0 %
Accuracy for class nqx   is: 11.1 %
Accuracy for class qtx   is: 90.9 %
Accuracy for class zxx   is: 35.5 %

========== Train Epoch 103 ==========
Loss: 0.064	Accuracy: 18 %	Time 32 s
Accuracy for class bzx   is: 16.0 %
Accuracy for class cwx   is: 4.3 %
Accuracy for class hdx   is: 9.1 %
Accuracy for class mtx   is: 0.0 %
Accuracy for class nqx   is: 11.1 %
Accuracy for class qtx   is: 95.5 %
Accuracy for class zxx   is: 8.1 %

========== Train Epoch 104 ==========
Loss: 0.085	Accuracy: 20 %	Time 30 s
Accuracy for class bzx   is: 8.0 %
Accuracy for class cwx   is: 69.6 %
Accuracy for class hdx   is: 4.5 %
Accuracy for class mtx   is: 0.0 %
Accuracy for class nqx   is: 0.0 %
Accuracy for class qtx   is: 68.2 %
Accuracy for class zxx   is: 8.1 %

========== Train Epoch 105 ==========
Loss: 0.042	Accuracy: 22 %	Time 31 s
Accuracy for class bzx   is: 12.0 %
Accuracy for class cwx   is: 8.7 %
Accuracy for class hdx   is: 0.0 %
Accuracy for class mtx   is: 0.0 %
Accuracy for class nqx   is: 22.2 %
Accuracy for class qtx   is: 90.9 %
Accuracy for class zxx   is: 22.6 %

========== Train Epoch 106 ==========
Loss: 0.006	Accuracy: 36 %	Time 31 s
Accuracy for class bzx   is: 28.0 %
Accuracy for class cwx   is: 8.7 %
Accuracy for class hdx   is: 9.1 %
Accuracy for class mtx   is: 0.0 %
Accuracy for class nqx   is: 27.8 %
Accuracy for class qtx   is: 86.4 %
Accuracy for class zxx   is: 53.2 %

========== Train Epoch 107 ==========
Loss: 0.004	Accuracy: 31 %	Time 31 s
Accuracy for class bzx   is: 24.0 %
Accuracy for class cwx   is: 8.7 %
Accuracy for class hdx   is: 13.6 %
Accuracy for class mtx   is: 0.0 %
Accuracy for class nqx   is: 22.2 %
Accuracy for class qtx   is: 86.4 %
Accuracy for class zxx   is: 41.9 %

========== Train Epoch 108 ==========
Loss: 0.005	Accuracy: 34 %	Time 31 s
Accuracy for class bzx   is: 28.0 %
Accuracy for class cwx   is: 17.4 %
Accuracy for class hdx   is: 18.2 %
Accuracy for class mtx   is: 0.0 %
Accuracy for class nqx   is: 22.2 %
Accuracy for class qtx   is: 86.4 %
Accuracy for class zxx   is: 43.5 %

========== Train Epoch 109 ==========
Loss: 0.002	Accuracy: 36 %	Time 30 s
Accuracy for class bzx   is: 24.0 %
Accuracy for class cwx   is: 13.0 %
Accuracy for class hdx   is: 22.7 %
Accuracy for class mtx   is: 6.2 %
Accuracy for class nqx   is: 16.7 %
Accuracy for class qtx   is: 86.4 %
Accuracy for class zxx   is: 51.6 %

========== Train Epoch 110 ==========
Loss: 0.002	Accuracy: 38 %	Time 30 s
Accuracy for class bzx   is: 24.0 %
Accuracy for class cwx   is: 13.0 %
Accuracy for class hdx   is: 13.6 %
Accuracy for class mtx   is: 6.2 %
Accuracy for class nqx   is: 22.2 %
Accuracy for class qtx   is: 86.4 %
Accuracy for class zxx   is: 58.1 %

========== Train Epoch 111 ==========
Loss: 0.003	Accuracy: 38 %	Time 31 s
Accuracy for class bzx   is: 24.0 %
Accuracy for class cwx   is: 13.0 %
Accuracy for class hdx   is: 9.1 %
Accuracy for class mtx   is: 6.2 %
Accuracy for class nqx   is: 22.2 %
Accuracy for class qtx   is: 81.8 %
Accuracy for class zxx   is: 61.3 %

========== Train Epoch 112 ==========
Loss: 0.002	Accuracy: 38 %	Time 31 s
Accuracy for class bzx   is: 32.0 %
Accuracy for class cwx   is: 13.0 %
Accuracy for class hdx   is: 9.1 %
Accuracy for class mtx   is: 6.2 %
Accuracy for class nqx   is: 27.8 %
Accuracy for class qtx   is: 86.4 %
Accuracy for class zxx   is: 54.8 %

========== Train Epoch 113 ==========
Loss: 0.003	Accuracy: 39 %	Time 31 s
Accuracy for class bzx   is: 32.0 %
Accuracy for class cwx   is: 8.7 %
Accuracy for class hdx   is: 4.5 %
Accuracy for class mtx   is: 6.2 %
Accuracy for class nqx   is: 38.9 %
Accuracy for class qtx   is: 86.4 %
Accuracy for class zxx   is: 59.7 %

========== Train Epoch 114 ==========
Loss: 0.001	Accuracy: 35 %	Time 30 s
Accuracy for class bzx   is: 20.0 %
Accuracy for class cwx   is: 17.4 %
Accuracy for class hdx   is: 18.2 %
Accuracy for class mtx   is: 6.2 %
Accuracy for class nqx   is: 27.8 %
Accuracy for class qtx   is: 90.9 %
Accuracy for class zxx   is: 45.2 %

========== Train Epoch 115 ==========
Loss: 0.001	Accuracy: 37 %	Time 32 s
Accuracy for class bzx   is: 24.0 %
Accuracy for class cwx   is: 13.0 %
Accuracy for class hdx   is: 9.1 %
Accuracy for class mtx   is: 0.0 %
Accuracy for class nqx   is: 27.8 %
Accuracy for class qtx   is: 90.9 %
Accuracy for class zxx   is: 56.5 %

========== Train Epoch 116 ==========
Loss: 0.001	Accuracy: 38 %	Time 31 s
Accuracy for class bzx   is: 44.0 %
Accuracy for class cwx   is: 17.4 %
Accuracy for class hdx   is: 13.6 %
Accuracy for class mtx   is: 6.2 %
Accuracy for class nqx   is: 27.8 %
Accuracy for class qtx   is: 86.4 %
Accuracy for class zxx   is: 46.8 %

========== Train Epoch 117 ==========
Loss: 0.001	Accuracy: 40 %	Time 30 s
Accuracy for class bzx   is: 40.0 %
Accuracy for class cwx   is: 26.1 %
Accuracy for class hdx   is: 18.2 %
Accuracy for class mtx   is: 6.2 %
Accuracy for class nqx   is: 38.9 %
Accuracy for class qtx   is: 86.4 %
Accuracy for class zxx   is: 46.8 %

========== Train Epoch 118 ==========
Loss: 0.001	Accuracy: 42 %	Time 32 s
Accuracy for class bzx   is: 40.0 %
Accuracy for class cwx   is: 13.0 %
Accuracy for class hdx   is: 13.6 %
Accuracy for class mtx   is: 0.0 %
Accuracy for class nqx   is: 33.3 %
Accuracy for class qtx   is: 86.4 %
Accuracy for class zxx   is: 62.9 %

========== Train Epoch 119 ==========
Loss: 0.001	Accuracy: 35 %	Time 32 s
Accuracy for class bzx   is: 36.0 %
Accuracy for class cwx   is: 13.0 %
Accuracy for class hdx   is: 13.6 %
Accuracy for class mtx   is: 6.2 %
Accuracy for class nqx   is: 22.2 %
Accuracy for class qtx   is: 86.4 %
Accuracy for class zxx   is: 43.5 %

========== Train Epoch 120 ==========
Loss: 0.001	Accuracy: 40 %	Time 30 s
Accuracy for class bzx   is: 36.0 %
Accuracy for class cwx   is: 21.7 %
Accuracy for class hdx   is: 9.1 %
Accuracy for class mtx   is: 0.0 %
Accuracy for class nqx   is: 27.8 %
Accuracy for class qtx   is: 86.4 %
Accuracy for class zxx   is: 59.7 %

========== Train Epoch 121 ==========
Loss: 0.001	Accuracy: 40 %	Time 31 s
Accuracy for class bzx   is: 36.0 %
Accuracy for class cwx   is: 13.0 %
Accuracy for class hdx   is: 4.5 %
Accuracy for class mtx   is: 0.0 %
Accuracy for class nqx   is: 33.3 %
Accuracy for class qtx   is: 86.4 %
Accuracy for class zxx   is: 62.9 %

========== Train Epoch 122 ==========
Loss: 0.001	Accuracy: 31 %	Time 30 s
Accuracy for class bzx   is: 32.0 %
Accuracy for class cwx   is: 13.0 %
Accuracy for class hdx   is: 18.2 %
Accuracy for class mtx   is: 6.2 %
Accuracy for class nqx   is: 22.2 %
Accuracy for class qtx   is: 81.8 %
Accuracy for class zxx   is: 33.9 %

========== Train Epoch 123 ==========
Loss: 0.001	Accuracy: 27 %	Time 31 s
Accuracy for class bzx   is: 16.0 %
Accuracy for class cwx   is: 13.0 %
Accuracy for class hdx   is: 13.6 %
Accuracy for class mtx   is: 0.0 %
Accuracy for class nqx   is: 16.7 %
Accuracy for class qtx   is: 90.9 %
Accuracy for class zxx   is: 29.0 %

========== Train Epoch 124 ==========
Loss: 0.001	Accuracy: 29 %	Time 32 s
Accuracy for class bzx   is: 20.0 %
Accuracy for class cwx   is: 13.0 %
Accuracy for class hdx   is: 13.6 %
Accuracy for class mtx   is: 0.0 %
Accuracy for class nqx   is: 16.7 %
Accuracy for class qtx   is: 86.4 %
Accuracy for class zxx   is: 35.5 %

========== Train Epoch 125 ==========
Loss: 0.001	Accuracy: 33 %	Time 31 s
Accuracy for class bzx   is: 40.0 %
Accuracy for class cwx   is: 13.0 %
Accuracy for class hdx   is: 9.1 %
Accuracy for class mtx   is: 0.0 %
Accuracy for class nqx   is: 27.8 %
Accuracy for class qtx   is: 86.4 %
Accuracy for class zxx   is: 38.7 %

========== Train Epoch 126 ==========
Loss: 0.001	Accuracy: 34 %	Time 31 s
Accuracy for class bzx   is: 36.0 %
Accuracy for class cwx   is: 13.0 %
Accuracy for class hdx   is: 13.6 %
Accuracy for class mtx   is: 0.0 %
Accuracy for class nqx   is: 27.8 %
Accuracy for class qtx   is: 86.4 %
Accuracy for class zxx   is: 40.3 %

========== Train Epoch 127 ==========
Loss: 0.001	Accuracy: 30 %	Time 30 s
Accuracy for class bzx   is: 36.0 %
Accuracy for class cwx   is: 13.0 %
Accuracy for class hdx   is: 13.6 %
Accuracy for class mtx   is: 0.0 %
Accuracy for class nqx   is: 22.2 %
Accuracy for class qtx   is: 86.4 %
Accuracy for class zxx   is: 32.3 %

========== Train Epoch 128 ==========
Loss: 0.000	Accuracy: 32 %	Time 31 s
Accuracy for class bzx   is: 36.0 %
Accuracy for class cwx   is: 13.0 %
Accuracy for class hdx   is: 13.6 %
Accuracy for class mtx   is: 0.0 %
Accuracy for class nqx   is: 22.2 %
Accuracy for class qtx   is: 86.4 %
Accuracy for class zxx   is: 37.1 %

========== Train Epoch 129 ==========
Loss: 0.000	Accuracy: 33 %	Time 31 s
Accuracy for class bzx   is: 36.0 %
Accuracy for class cwx   is: 13.0 %
Accuracy for class hdx   is: 18.2 %
Accuracy for class mtx   is: 0.0 %
Accuracy for class nqx   is: 22.2 %
Accuracy for class qtx   is: 86.4 %
Accuracy for class zxx   is: 38.7 %

========== Train Epoch 130 ==========
Loss: 0.000	Accuracy: 32 %	Time 32 s
Accuracy for class bzx   is: 36.0 %
Accuracy for class cwx   is: 13.0 %
Accuracy for class hdx   is: 18.2 %
Accuracy for class mtx   is: 0.0 %
Accuracy for class nqx   is: 22.2 %
Accuracy for class qtx   is: 86.4 %
Accuracy for class zxx   is: 35.5 %

========== Train Epoch 131 ==========
Loss: 0.001	Accuracy: 32 %	Time 31 s
Accuracy for class bzx   is: 28.0 %
Accuracy for class cwx   is: 13.0 %
Accuracy for class hdx   is: 18.2 %
Accuracy for class mtx   is: 0.0 %
Accuracy for class nqx   is: 22.2 %
Accuracy for class qtx   is: 86.4 %
Accuracy for class zxx   is: 38.7 %

========== Train Epoch 132 ==========
Loss: 0.000	Accuracy: 32 %	Time 30 s
Accuracy for class bzx   is: 28.0 %
Accuracy for class cwx   is: 13.0 %
Accuracy for class hdx   is: 18.2 %
Accuracy for class mtx   is: 0.0 %
Accuracy for class nqx   is: 22.2 %
Accuracy for class qtx   is: 90.9 %
Accuracy for class zxx   is: 38.7 %

========== Train Epoch 133 ==========
Loss: 0.001	Accuracy: 35 %	Time 30 s
Accuracy for class bzx   is: 24.0 %
Accuracy for class cwx   is: 13.0 %
Accuracy for class hdx   is: 18.2 %
Accuracy for class mtx   is: 0.0 %
Accuracy for class nqx   is: 38.9 %
Accuracy for class qtx   is: 86.4 %
Accuracy for class zxx   is: 45.2 %

========== Train Epoch 134 ==========
Loss: 0.000	Accuracy: 35 %	Time 33 s
Accuracy for class bzx   is: 28.0 %
Accuracy for class cwx   is: 8.7 %
Accuracy for class hdx   is: 9.1 %
Accuracy for class mtx   is: 0.0 %
Accuracy for class nqx   is: 22.2 %
Accuracy for class qtx   is: 86.4 %
Accuracy for class zxx   is: 51.6 %

========== Train Epoch 135 ==========
Loss: 0.000	Accuracy: 28 %	Time 31 s
Accuracy for class bzx   is: 28.0 %
Accuracy for class cwx   is: 13.0 %
Accuracy for class hdx   is: 18.2 %
Accuracy for class mtx   is: 0.0 %
Accuracy for class nqx   is: 16.7 %
Accuracy for class qtx   is: 86.4 %
Accuracy for class zxx   is: 29.0 %

========== Train Epoch 136 ==========
Loss: 0.000	Accuracy: 34 %	Time 31 s
Accuracy for class bzx   is: 28.0 %
Accuracy for class cwx   is: 13.0 %
Accuracy for class hdx   is: 18.2 %
Accuracy for class mtx   is: 0.0 %
Accuracy for class nqx   is: 27.8 %
Accuracy for class qtx   is: 86.4 %
Accuracy for class zxx   is: 43.5 %

========== Train Epoch 137 ==========
Loss: 0.000	Accuracy: 36 %	Time 31 s
Accuracy for class bzx   is: 28.0 %
Accuracy for class cwx   is: 13.0 %
Accuracy for class hdx   is: 13.6 %
Accuracy for class mtx   is: 0.0 %
Accuracy for class nqx   is: 27.8 %
Accuracy for class qtx   is: 90.9 %
Accuracy for class zxx   is: 50.0 %

========== Train Epoch 138 ==========
Loss: 0.000	Accuracy: 34 %	Time 30 s
Accuracy for class bzx   is: 24.0 %
Accuracy for class cwx   is: 13.0 %
Accuracy for class hdx   is: 18.2 %
Accuracy for class mtx   is: 0.0 %
Accuracy for class nqx   is: 27.8 %
Accuracy for class qtx   is: 86.4 %
Accuracy for class zxx   is: 43.5 %

========== Train Epoch 139 ==========
Loss: 0.000	Accuracy: 34 %	Time 32 s
Accuracy for class bzx   is: 28.0 %
Accuracy for class cwx   is: 13.0 %
Accuracy for class hdx   is: 18.2 %
Accuracy for class mtx   is: 0.0 %
Accuracy for class nqx   is: 27.8 %
Accuracy for class qtx   is: 86.4 %
Accuracy for class zxx   is: 43.5 %

========== Train Epoch 140 ==========
Loss: 0.000	Accuracy: 34 %	Time 32 s
Accuracy for class bzx   is: 28.0 %
Accuracy for class cwx   is: 13.0 %
Accuracy for class hdx   is: 13.6 %
Accuracy for class mtx   is: 0.0 %
Accuracy for class nqx   is: 38.9 %
Accuracy for class qtx   is: 86.4 %
Accuracy for class zxx   is: 41.9 %

========== Train Epoch 141 ==========
Loss: 0.000	Accuracy: 34 %	Time 30 s
Accuracy for class bzx   is: 28.0 %
Accuracy for class cwx   is: 13.0 %
Accuracy for class hdx   is: 18.2 %
Accuracy for class mtx   is: 0.0 %
Accuracy for class nqx   is: 27.8 %
Accuracy for class qtx   is: 86.4 %
Accuracy for class zxx   is: 41.9 %

========== Train Epoch 142 ==========
Loss: 0.000	Accuracy: 33 %	Time 30 s
Accuracy for class bzx   is: 24.0 %
Accuracy for class cwx   is: 13.0 %
Accuracy for class hdx   is: 18.2 %
Accuracy for class mtx   is: 0.0 %
Accuracy for class nqx   is: 27.8 %
Accuracy for class qtx   is: 90.9 %
Accuracy for class zxx   is: 40.3 %

========== Train Epoch 143 ==========
Loss: 0.000	Accuracy: 30 %	Time 32 s
Accuracy for class bzx   is: 24.0 %
Accuracy for class cwx   is: 13.0 %
Accuracy for class hdx   is: 18.2 %
Accuracy for class mtx   is: 0.0 %
Accuracy for class nqx   is: 27.8 %
Accuracy for class qtx   is: 90.9 %
Accuracy for class zxx   is: 32.3 %

========== Train Epoch 144 ==========
Loss: 0.000	Accuracy: 34 %	Time 31 s
Accuracy for class bzx   is: 24.0 %
Accuracy for class cwx   is: 13.0 %
Accuracy for class hdx   is: 13.6 %
Accuracy for class mtx   is: 0.0 %
Accuracy for class nqx   is: 27.8 %
Accuracy for class qtx   is: 90.9 %
Accuracy for class zxx   is: 45.2 %

========== Train Epoch 145 ==========
Loss: 0.001	Accuracy: 36 %	Time 30 s
Accuracy for class bzx   is: 24.0 %
Accuracy for class cwx   is: 13.0 %
Accuracy for class hdx   is: 13.6 %
Accuracy for class mtx   is: 0.0 %
Accuracy for class nqx   is: 27.8 %
Accuracy for class qtx   is: 90.9 %
Accuracy for class zxx   is: 50.0 %

========== Train Epoch 146 ==========
Loss: 0.000	Accuracy: 30 %	Time 30 s
Accuracy for class bzx   is: 12.0 %
Accuracy for class cwx   is: 13.0 %
Accuracy for class hdx   is: 13.6 %
Accuracy for class mtx   is: 0.0 %
Accuracy for class nqx   is: 27.8 %
Accuracy for class qtx   is: 90.9 %
Accuracy for class zxx   is: 37.1 %

========== Train Epoch 147 ==========
Loss: 0.001	Accuracy: 36 %	Time 32 s
Accuracy for class bzx   is: 24.0 %
Accuracy for class cwx   is: 13.0 %
Accuracy for class hdx   is: 18.2 %
Accuracy for class mtx   is: 0.0 %
Accuracy for class nqx   is: 33.3 %
Accuracy for class qtx   is: 90.9 %
Accuracy for class zxx   is: 48.4 %

========== Train Epoch 148 ==========
Loss: 0.000	Accuracy: 37 %	Time 31 s
Accuracy for class bzx   is: 28.0 %
Accuracy for class cwx   is: 13.0 %
Accuracy for class hdx   is: 13.6 %
Accuracy for class mtx   is: 0.0 %
Accuracy for class nqx   is: 33.3 %
Accuracy for class qtx   is: 90.9 %
Accuracy for class zxx   is: 51.6 %

========== Train Epoch 149 ==========
Loss: 0.001	Accuracy: 32 %	Time 34 s
Accuracy for class bzx   is: 24.0 %
Accuracy for class cwx   is: 13.0 %
Accuracy for class hdx   is: 13.6 %
Accuracy for class mtx   is: 0.0 %
Accuracy for class nqx   is: 27.8 %
Accuracy for class qtx   is: 90.9 %
Accuracy for class zxx   is: 38.7 %

========== Train Epoch 150 ==========
Loss: 0.000	Accuracy: 32 %	Time 30 s
Accuracy for class bzx   is: 24.0 %
Accuracy for class cwx   is: 17.4 %
Accuracy for class hdx   is: 13.6 %
Accuracy for class mtx   is: 0.0 %
Accuracy for class nqx   is: 33.3 %
Accuracy for class qtx   is: 90.9 %
Accuracy for class zxx   is: 37.1 %

========== Train Epoch 151 ==========
Loss: 0.000	Accuracy: 29 %	Time 30 s
Accuracy for class bzx   is: 20.0 %
Accuracy for class cwx   is: 17.4 %
Accuracy for class hdx   is: 13.6 %
Accuracy for class mtx   is: 0.0 %
Accuracy for class nqx   is: 33.3 %
Accuracy for class qtx   is: 90.9 %
Accuracy for class zxx   is: 27.4 %

========== Train Epoch 152 ==========
Loss: 0.000	Accuracy: 30 %	Time 32 s
Accuracy for class bzx   is: 20.0 %
Accuracy for class cwx   is: 17.4 %
Accuracy for class hdx   is: 13.6 %
Accuracy for class mtx   is: 0.0 %
Accuracy for class nqx   is: 16.7 %
Accuracy for class qtx   is: 90.9 %
Accuracy for class zxx   is: 35.5 %

========== Train Epoch 153 ==========
Loss: 0.000	Accuracy: 34 %	Time 31 s
Accuracy for class bzx   is: 24.0 %
Accuracy for class cwx   is: 17.4 %
Accuracy for class hdx   is: 13.6 %
Accuracy for class mtx   is: 0.0 %
Accuracy for class nqx   is: 33.3 %
Accuracy for class qtx   is: 90.9 %
Accuracy for class zxx   is: 41.9 %

========== Train Epoch 154 ==========
Loss: 0.001	Accuracy: 34 %	Time 30 s
Accuracy for class bzx   is: 24.0 %
Accuracy for class cwx   is: 17.4 %
Accuracy for class hdx   is: 13.6 %
Accuracy for class mtx   is: 0.0 %
Accuracy for class nqx   is: 22.2 %
Accuracy for class qtx   is: 90.9 %
Accuracy for class zxx   is: 45.2 %

========== Train Epoch 155 ==========
Loss: 0.001	Accuracy: 36 %	Time 30 s
Accuracy for class bzx   is: 24.0 %
Accuracy for class cwx   is: 17.4 %
Accuracy for class hdx   is: 18.2 %
Accuracy for class mtx   is: 0.0 %
Accuracy for class nqx   is: 33.3 %
Accuracy for class qtx   is: 90.9 %
Accuracy for class zxx   is: 45.2 %

========== Train Epoch 156 ==========
Loss: 0.001	Accuracy: 36 %	Time 30 s
Accuracy for class bzx   is: 28.0 %
Accuracy for class cwx   is: 8.7 %
Accuracy for class hdx   is: 36.4 %
Accuracy for class mtx   is: 0.0 %
Accuracy for class nqx   is: 22.2 %
Accuracy for class qtx   is: 81.8 %
Accuracy for class zxx   is: 48.4 %

========== Train Epoch 157 ==========
Loss: 0.000	Accuracy: 38 %	Time 30 s
Accuracy for class bzx   is: 28.0 %
Accuracy for class cwx   is: 17.4 %
Accuracy for class hdx   is: 31.8 %
Accuracy for class mtx   is: 0.0 %
Accuracy for class nqx   is: 22.2 %
Accuracy for class qtx   is: 81.8 %
Accuracy for class zxx   is: 53.2 %

========== Train Epoch 158 ==========
Loss: 0.001	Accuracy: 35 %	Time 30 s
Accuracy for class bzx   is: 28.0 %
Accuracy for class cwx   is: 13.0 %
Accuracy for class hdx   is: 18.2 %
Accuracy for class mtx   is: 0.0 %
Accuracy for class nqx   is: 27.8 %
Accuracy for class qtx   is: 86.4 %
Accuracy for class zxx   is: 46.8 %

========== Train Epoch 159 ==========
Loss: 0.000	Accuracy: 33 %	Time 30 s
Accuracy for class bzx   is: 24.0 %
Accuracy for class cwx   is: 17.4 %
Accuracy for class hdx   is: 18.2 %
Accuracy for class mtx   is: 0.0 %
Accuracy for class nqx   is: 11.1 %
Accuracy for class qtx   is: 86.4 %
Accuracy for class zxx   is: 45.2 %

========== Train Epoch 160 ==========
Loss: 0.000	Accuracy: 32 %	Time 30 s
Accuracy for class bzx   is: 24.0 %
Accuracy for class cwx   is: 13.0 %
Accuracy for class hdx   is: 18.2 %
Accuracy for class mtx   is: 0.0 %
Accuracy for class nqx   is: 22.2 %
Accuracy for class qtx   is: 86.4 %
Accuracy for class zxx   is: 40.3 %

========== Train Epoch 161 ==========
Loss: 0.001	Accuracy: 23 %	Time 30 s
Accuracy for class bzx   is: 24.0 %
Accuracy for class cwx   is: 8.7 %
Accuracy for class hdx   is: 31.8 %
Accuracy for class mtx   is: 0.0 %
Accuracy for class nqx   is: 16.7 %
Accuracy for class qtx   is: 86.4 %
Accuracy for class zxx   is: 12.9 %

========== Train Epoch 162 ==========
Loss: 0.001	Accuracy: 35 %	Time 31 s
Accuracy for class bzx   is: 32.0 %
Accuracy for class cwx   is: 8.7 %
Accuracy for class hdx   is: 13.6 %
Accuracy for class mtx   is: 6.2 %
Accuracy for class nqx   is: 38.9 %
Accuracy for class qtx   is: 81.8 %
Accuracy for class zxx   is: 43.5 %

========== Train Epoch 163 ==========
Loss: 0.001	Accuracy: 32 %	Time 30 s
Accuracy for class bzx   is: 32.0 %
Accuracy for class cwx   is: 8.7 %
Accuracy for class hdx   is: 13.6 %
Accuracy for class mtx   is: 6.2 %
Accuracy for class nqx   is: 11.1 %
Accuracy for class qtx   is: 86.4 %
Accuracy for class zxx   is: 43.5 %

========== Train Epoch 164 ==========
Loss: 0.001	Accuracy: 34 %	Time 31 s
Accuracy for class bzx   is: 28.0 %
Accuracy for class cwx   is: 21.7 %
Accuracy for class hdx   is: 13.6 %
Accuracy for class mtx   is: 6.2 %
Accuracy for class nqx   is: 11.1 %
Accuracy for class qtx   is: 86.4 %
Accuracy for class zxx   is: 43.5 %

========== Train Epoch 165 ==========
Loss: 0.001	Accuracy: 34 %	Time 32 s
Accuracy for class bzx   is: 44.0 %
Accuracy for class cwx   is: 17.4 %
Accuracy for class hdx   is: 9.1 %
Accuracy for class mtx   is: 0.0 %
Accuracy for class nqx   is: 11.1 %
Accuracy for class qtx   is: 63.6 %
Accuracy for class zxx   is: 50.0 %

========== Train Epoch 166 ==========
Loss: 0.004	Accuracy: 30 %	Time 32 s
Accuracy for class bzx   is: 44.0 %
Accuracy for class cwx   is: 21.7 %
Accuracy for class hdx   is: 18.2 %
Accuracy for class mtx   is: 6.2 %
Accuracy for class nqx   is: 11.1 %
Accuracy for class qtx   is: 50.0 %
Accuracy for class zxx   is: 38.7 %

========== Train Epoch 167 ==========
Loss: 0.035	Accuracy: 19 %	Time 33 s
Accuracy for class bzx   is: 24.0 %
Accuracy for class cwx   is: 8.7 %
Accuracy for class hdx   is: 40.9 %
Accuracy for class mtx   is: 50.0 %
Accuracy for class nqx   is: 0.0 %
Accuracy for class qtx   is: 36.4 %
Accuracy for class zxx   is: 4.8 %

========== Train Epoch 168 ==========
Loss: 0.371	Accuracy: 21 %	Time 32 s
Accuracy for class bzx   is: 0.0 %
Accuracy for class cwx   is: 73.9 %
Accuracy for class hdx   is: 0.0 %
Accuracy for class mtx   is: 0.0 %
Accuracy for class nqx   is: 0.0 %
Accuracy for class qtx   is: 45.5 %
Accuracy for class zxx   is: 21.0 %

========== Train Epoch 169 ==========
Loss: 0.320	Accuracy: 18 %	Time 31 s
Accuracy for class bzx   is: 52.0 %
Accuracy for class cwx   is: 21.7 %
Accuracy for class hdx   is: 0.0 %
Accuracy for class mtx   is: 6.2 %
Accuracy for class nqx   is: 11.1 %
Accuracy for class qtx   is: 63.6 %
Accuracy for class zxx   is: 0.0 %

========== Train Epoch 170 ==========
Loss: 0.115	Accuracy: 15 %	Time 31 s
Accuracy for class bzx   is: 0.0 %
Accuracy for class cwx   is: 0.0 %
Accuracy for class hdx   is: 27.3 %
Accuracy for class mtx   is: 0.0 %
Accuracy for class nqx   is: 22.2 %
Accuracy for class qtx   is: 81.8 %
Accuracy for class zxx   is: 3.2 %

========== Train Epoch 171 ==========
Loss: 0.071	Accuracy: 23 %	Time 30 s
Accuracy for class bzx   is: 44.0 %
Accuracy for class cwx   is: 4.3 %
Accuracy for class hdx   is: 4.5 %
Accuracy for class mtx   is: 12.5 %
Accuracy for class nqx   is: 22.2 %
Accuracy for class qtx   is: 72.7 %
Accuracy for class zxx   is: 14.5 %

========== Train Epoch 172 ==========
Loss: 0.026	Accuracy: 22 %	Time 30 s
Accuracy for class bzx   is: 40.0 %
Accuracy for class cwx   is: 17.4 %
Accuracy for class hdx   is: 13.6 %
Accuracy for class mtx   is: 0.0 %
Accuracy for class nqx   is: 5.6 %
Accuracy for class qtx   is: 95.5 %
Accuracy for class zxx   is: 6.5 %

========== Train Epoch 173 ==========
Loss: 0.006	Accuracy: 29 %	Time 31 s
Accuracy for class bzx   is: 32.0 %
Accuracy for class cwx   is: 13.0 %
Accuracy for class hdx   is: 9.1 %
Accuracy for class mtx   is: 0.0 %
Accuracy for class nqx   is: 11.1 %
Accuracy for class qtx   is: 81.8 %
Accuracy for class zxx   is: 35.5 %

========== Train Epoch 174 ==========
Loss: 0.004	Accuracy: 25 %	Time 30 s
Accuracy for class bzx   is: 32.0 %
Accuracy for class cwx   is: 17.4 %
Accuracy for class hdx   is: 13.6 %
Accuracy for class mtx   is: 0.0 %
Accuracy for class nqx   is: 5.6 %
Accuracy for class qtx   is: 72.7 %
Accuracy for class zxx   is: 25.8 %

========== Train Epoch 175 ==========
Loss: 0.003	Accuracy: 31 %	Time 32 s
Accuracy for class bzx   is: 48.0 %
Accuracy for class cwx   is: 30.4 %
Accuracy for class hdx   is: 27.3 %
Accuracy for class mtx   is: 6.2 %
Accuracy for class nqx   is: 33.3 %
Accuracy for class qtx   is: 68.2 %
Accuracy for class zxx   is: 19.4 %

========== Train Epoch 176 ==========
Loss: 0.002	Accuracy: 32 %	Time 30 s
Accuracy for class bzx   is: 52.0 %
Accuracy for class cwx   is: 30.4 %
Accuracy for class hdx   is: 18.2 %
Accuracy for class mtx   is: 0.0 %
Accuracy for class nqx   is: 22.2 %
Accuracy for class qtx   is: 72.7 %
Accuracy for class zxx   is: 29.0 %

========== Train Epoch 177 ==========
Loss: 0.004	Accuracy: 38 %	Time 31 s
Accuracy for class bzx   is: 28.0 %
Accuracy for class cwx   is: 34.8 %
Accuracy for class hdx   is: 13.6 %
Accuracy for class mtx   is: 12.5 %
Accuracy for class nqx   is: 16.7 %
Accuracy for class qtx   is: 72.7 %
Accuracy for class zxx   is: 54.8 %

========== Train Epoch 178 ==========
Loss: 0.002	Accuracy: 37 %	Time 32 s
Accuracy for class bzx   is: 28.0 %
Accuracy for class cwx   is: 30.4 %
Accuracy for class hdx   is: 18.2 %
Accuracy for class mtx   is: 12.5 %
Accuracy for class nqx   is: 16.7 %
Accuracy for class qtx   is: 72.7 %
Accuracy for class zxx   is: 51.6 %

========== Train Epoch 179 ==========
Loss: 0.001	Accuracy: 36 %	Time 30 s
Accuracy for class bzx   is: 28.0 %
Accuracy for class cwx   is: 26.1 %
Accuracy for class hdx   is: 27.3 %
Accuracy for class mtx   is: 12.5 %
Accuracy for class nqx   is: 16.7 %
Accuracy for class qtx   is: 72.7 %
Accuracy for class zxx   is: 45.2 %

========== Train Epoch 180 ==========
Loss: 0.001	Accuracy: 28 %	Time 30 s
Accuracy for class bzx   is: 28.0 %
Accuracy for class cwx   is: 13.0 %
Accuracy for class hdx   is: 18.2 %
Accuracy for class mtx   is: 0.0 %
Accuracy for class nqx   is: 11.1 %
Accuracy for class qtx   is: 81.8 %
Accuracy for class zxx   is: 32.3 %

========== Train Epoch 181 ==========
Loss: 0.001	Accuracy: 35 %	Time 31 s
Accuracy for class bzx   is: 28.0 %
Accuracy for class cwx   is: 21.7 %
Accuracy for class hdx   is: 18.2 %
Accuracy for class mtx   is: 0.0 %
Accuracy for class nqx   is: 11.1 %
Accuracy for class qtx   is: 81.8 %
Accuracy for class zxx   is: 50.0 %

========== Train Epoch 182 ==========
Loss: 0.002	Accuracy: 33 %	Time 29 s
Accuracy for class bzx   is: 28.0 %
Accuracy for class cwx   is: 8.7 %
Accuracy for class hdx   is: 27.3 %
Accuracy for class mtx   is: 0.0 %
Accuracy for class nqx   is: 16.7 %
Accuracy for class qtx   is: 81.8 %
Accuracy for class zxx   is: 43.5 %

========== Train Epoch 183 ==========
Loss: 0.001	Accuracy: 25 %	Time 30 s
Accuracy for class bzx   is: 28.0 %
Accuracy for class cwx   is: 34.8 %
Accuracy for class hdx   is: 27.3 %
Accuracy for class mtx   is: 0.0 %
Accuracy for class nqx   is: 11.1 %
Accuracy for class qtx   is: 77.3 %
Accuracy for class zxx   is: 11.3 %

========== Train Epoch 184 ==========
Loss: 0.001	Accuracy: 29 %	Time 31 s
Accuracy for class bzx   is: 28.0 %
Accuracy for class cwx   is: 34.8 %
Accuracy for class hdx   is: 27.3 %
Accuracy for class mtx   is: 0.0 %
Accuracy for class nqx   is: 16.7 %
Accuracy for class qtx   is: 77.3 %
Accuracy for class zxx   is: 22.6 %

========== Train Epoch 185 ==========
Loss: 0.001	Accuracy: 31 %	Time 32 s
Accuracy for class bzx   is: 36.0 %
Accuracy for class cwx   is: 34.8 %
Accuracy for class hdx   is: 27.3 %
Accuracy for class mtx   is: 0.0 %
Accuracy for class nqx   is: 16.7 %
Accuracy for class qtx   is: 77.3 %
Accuracy for class zxx   is: 25.8 %

========== Train Epoch 186 ==========
Loss: 0.001	Accuracy: 32 %	Time 30 s
Accuracy for class bzx   is: 36.0 %
Accuracy for class cwx   is: 30.4 %
Accuracy for class hdx   is: 18.2 %
Accuracy for class mtx   is: 0.0 %
Accuracy for class nqx   is: 16.7 %
Accuracy for class qtx   is: 77.3 %
Accuracy for class zxx   is: 35.5 %

========== Train Epoch 187 ==========
Loss: 0.000	Accuracy: 32 %	Time 31 s
Accuracy for class bzx   is: 28.0 %
Accuracy for class cwx   is: 30.4 %
Accuracy for class hdx   is: 18.2 %
Accuracy for class mtx   is: 0.0 %
Accuracy for class nqx   is: 11.1 %
Accuracy for class qtx   is: 77.3 %
Accuracy for class zxx   is: 38.7 %

========== Train Epoch 188 ==========
Loss: 0.001	Accuracy: 33 %	Time 30 s
Accuracy for class bzx   is: 28.0 %
Accuracy for class cwx   is: 21.7 %
Accuracy for class hdx   is: 22.7 %
Accuracy for class mtx   is: 0.0 %
Accuracy for class nqx   is: 22.2 %
Accuracy for class qtx   is: 81.8 %
Accuracy for class zxx   is: 38.7 %

========== Train Epoch 189 ==========
Loss: 0.001	Accuracy: 32 %	Time 29 s
Accuracy for class bzx   is: 28.0 %
Accuracy for class cwx   is: 21.7 %
Accuracy for class hdx   is: 22.7 %
Accuracy for class mtx   is: 6.2 %
Accuracy for class nqx   is: 27.8 %
Accuracy for class qtx   is: 77.3 %
Accuracy for class zxx   is: 33.9 %

========== Train Epoch 190 ==========
Loss: 0.000	Accuracy: 34 %	Time 32 s
Accuracy for class bzx   is: 28.0 %
Accuracy for class cwx   is: 26.1 %
Accuracy for class hdx   is: 27.3 %
Accuracy for class mtx   is: 6.2 %
Accuracy for class nqx   is: 22.2 %
Accuracy for class qtx   is: 72.7 %
Accuracy for class zxx   is: 38.7 %

========== Train Epoch 191 ==========
Loss: 0.001	Accuracy: 33 %	Time 31 s
Accuracy for class bzx   is: 28.0 %
Accuracy for class cwx   is: 26.1 %
Accuracy for class hdx   is: 22.7 %
Accuracy for class mtx   is: 0.0 %
Accuracy for class nqx   is: 16.7 %
Accuracy for class qtx   is: 72.7 %
Accuracy for class zxx   is: 41.9 %

========== Train Epoch 192 ==========
Loss: 0.001	Accuracy: 32 %	Time 29 s
Accuracy for class bzx   is: 28.0 %
Accuracy for class cwx   is: 17.4 %
Accuracy for class hdx   is: 22.7 %
Accuracy for class mtx   is: 0.0 %
Accuracy for class nqx   is: 11.1 %
Accuracy for class qtx   is: 77.3 %
Accuracy for class zxx   is: 41.9 %

========== Train Epoch 193 ==========
Loss: 0.000	Accuracy: 34 %	Time 31 s
Accuracy for class bzx   is: 28.0 %
Accuracy for class cwx   is: 21.7 %
Accuracy for class hdx   is: 22.7 %
Accuracy for class mtx   is: 6.2 %
Accuracy for class nqx   is: 22.2 %
Accuracy for class qtx   is: 72.7 %
Accuracy for class zxx   is: 43.5 %

========== Train Epoch 194 ==========
Loss: 0.001	Accuracy: 33 %	Time 32 s
Accuracy for class bzx   is: 28.0 %
Accuracy for class cwx   is: 21.7 %
Accuracy for class hdx   is: 27.3 %
Accuracy for class mtx   is: 6.2 %
Accuracy for class nqx   is: 11.1 %
Accuracy for class qtx   is: 72.7 %
Accuracy for class zxx   is: 41.9 %

========== Train Epoch 195 ==========
Loss: 0.001	Accuracy: 30 %	Time 30 s
Accuracy for class bzx   is: 28.0 %
Accuracy for class cwx   is: 17.4 %
Accuracy for class hdx   is: 18.2 %
Accuracy for class mtx   is: 0.0 %
Accuracy for class nqx   is: 11.1 %
Accuracy for class qtx   is: 81.8 %
Accuracy for class zxx   is: 37.1 %

========== Train Epoch 196 ==========
Loss: 0.001	Accuracy: 30 %	Time 30 s
Accuracy for class bzx   is: 28.0 %
Accuracy for class cwx   is: 13.0 %
Accuracy for class hdx   is: 18.2 %
Accuracy for class mtx   is: 6.2 %
Accuracy for class nqx   is: 16.7 %
Accuracy for class qtx   is: 86.4 %
Accuracy for class zxx   is: 33.9 %

========== Train Epoch 197 ==========
Loss: 0.001	Accuracy: 42 %	Time 33 s
Accuracy for class bzx   is: 24.0 %
Accuracy for class cwx   is: 17.4 %
Accuracy for class hdx   is: 18.2 %
Accuracy for class mtx   is: 6.2 %
Accuracy for class nqx   is: 38.9 %
Accuracy for class qtx   is: 86.4 %
Accuracy for class zxx   is: 61.3 %

========== Train Epoch 198 ==========
Loss: 0.001	Accuracy: 34 %	Time 29 s
Accuracy for class bzx   is: 24.0 %
Accuracy for class cwx   is: 8.7 %
Accuracy for class hdx   is: 18.2 %
Accuracy for class mtx   is: 0.0 %
Accuracy for class nqx   is: 11.1 %
Accuracy for class qtx   is: 90.9 %
Accuracy for class zxx   is: 48.4 %

========== Train Epoch 199 ==========
Loss: 0.000	Accuracy: 36 %	Time 30 s
Accuracy for class bzx   is: 24.0 %
Accuracy for class cwx   is: 13.0 %
Accuracy for class hdx   is: 13.6 %
Accuracy for class mtx   is: 6.2 %
Accuracy for class nqx   is: 11.1 %
Accuracy for class qtx   is: 86.4 %
Accuracy for class zxx   is: 56.5 %

========== Train Epoch 200 ==========
Loss: 0.000	Accuracy: 37 %	Time 31 s
Accuracy for class bzx   is: 24.0 %
Accuracy for class cwx   is: 13.0 %
Accuracy for class hdx   is: 18.2 %
Accuracy for class mtx   is: 6.2 %
Accuracy for class nqx   is: 11.1 %
Accuracy for class qtx   is: 86.4 %
Accuracy for class zxx   is: 56.5 %
Finished training!!!

Min Loss = 0.000 in epoch 151;
Max Accuracy = 44.15% in epoch 42;
Total Time 104 minutes

batch_size = 20
epochs = 200
loss_function = CrossEntropyLoss()
optimizer = Adam (
Parameter Group 0
    amsgrad: False
    betas: (0.9, 0.999)
    eps: 1e-08
    lr: 0.0001
    weight_decay: 0
)

ResNet(
  (conv1): Conv2d(3, 64, kernel_size=(7, 7), stride=(2, 2), padding=(3, 3), bias=False)
  (bn1): BatchNorm2d(64, eps=1e-05, momentum=0.1, affine=True, track_running_stats=True)
  (relu): ReLU(inplace=True)
  (maxpool): MaxPool2d(kernel_size=3, stride=2, padding=1, dilation=1, ceil_mode=False)
  (layer1): Sequential(
    (0): BasicBlock(
      (conv1): Conv2d(64, 64, kernel_size=(3, 3), stride=(1, 1), padding=(1, 1), bias=False)
      (bn1): BatchNorm2d(64, eps=1e-05, momentum=0.1, affine=True, track_running_stats=True)
      (relu): ReLU(inplace=True)
      (conv2): Conv2d(64, 64, kernel_size=(3, 3), stride=(1, 1), padding=(1, 1), bias=False)
      (bn2): BatchNorm2d(64, eps=1e-05, momentum=0.1, affine=True, track_running_stats=True)
    )
    (1): BasicBlock(
      (conv1): Conv2d(64, 64, kernel_size=(3, 3), stride=(1, 1), padding=(1, 1), bias=False)
      (bn1): BatchNorm2d(64, eps=1e-05, momentum=0.1, affine=True, track_running_stats=True)
      (relu): ReLU(inplace=True)
      (conv2): Conv2d(64, 64, kernel_size=(3, 3), stride=(1, 1), padding=(1, 1), bias=False)
      (bn2): BatchNorm2d(64, eps=1e-05, momentum=0.1, affine=True, track_running_stats=True)
    )
  )
  (layer2): Sequential(
    (0): BasicBlock(
      (conv1): Conv2d(64, 128, kernel_size=(3, 3), stride=(2, 2), padding=(1, 1), bias=False)
      (bn1): BatchNorm2d(128, eps=1e-05, momentum=0.1, affine=True, track_running_stats=True)
      (relu): ReLU(inplace=True)
      (conv2): Conv2d(128, 128, kernel_size=(3, 3), stride=(1, 1), padding=(1, 1), bias=False)
      (bn2): BatchNorm2d(128, eps=1e-05, momentum=0.1, affine=True, track_running_stats=True)
      (downsample): Sequential(
        (0): Conv2d(64, 128, kernel_size=(1, 1), stride=(2, 2), bias=False)
        (1): BatchNorm2d(128, eps=1e-05, momentum=0.1, affine=True, track_running_stats=True)
      )
    )
    (1): BasicBlock(
      (conv1): Conv2d(128, 128, kernel_size=(3, 3), stride=(1, 1), padding=(1, 1), bias=False)
      (bn1): BatchNorm2d(128, eps=1e-05, momentum=0.1, affine=True, track_running_stats=True)
      (relu): ReLU(inplace=True)
      (conv2): Conv2d(128, 128, kernel_size=(3, 3), stride=(1, 1), padding=(1, 1), bias=False)
      (bn2): BatchNorm2d(128, eps=1e-05, momentum=0.1, affine=True, track_running_stats=True)
    )
  )
  (layer3): Sequential(
    (0): BasicBlock(
      (conv1): Conv2d(128, 256, kernel_size=(3, 3), stride=(2, 2), padding=(1, 1), bias=False)
      (bn1): BatchNorm2d(256, eps=1e-05, momentum=0.1, affine=True, track_running_stats=True)
      (relu): ReLU(inplace=True)
      (conv2): Conv2d(256, 256, kernel_size=(3, 3), stride=(1, 1), padding=(1, 1), bias=False)
      (bn2): BatchNorm2d(256, eps=1e-05, momentum=0.1, affine=True, track_running_stats=True)
      (downsample): Sequential(
        (0): Conv2d(128, 256, kernel_size=(1, 1), stride=(2, 2), bias=False)
        (1): BatchNorm2d(256, eps=1e-05, momentum=0.1, affine=True, track_running_stats=True)
      )
    )
    (1): BasicBlock(
      (conv1): Conv2d(256, 256, kernel_size=(3, 3), stride=(1, 1), padding=(1, 1), bias=False)
      (bn1): BatchNorm2d(256, eps=1e-05, momentum=0.1, affine=True, track_running_stats=True)
      (relu): ReLU(inplace=True)
      (conv2): Conv2d(256, 256, kernel_size=(3, 3), stride=(1, 1), padding=(1, 1), bias=False)
      (bn2): BatchNorm2d(256, eps=1e-05, momentum=0.1, affine=True, track_running_stats=True)
    )
  )
  (layer4): Sequential(
    (0): BasicBlock(
      (conv1): Conv2d(256, 512, kernel_size=(3, 3), stride=(2, 2), padding=(1, 1), bias=False)
      (bn1): BatchNorm2d(512, eps=1e-05, momentum=0.1, affine=True, track_running_stats=True)
      (relu): ReLU(inplace=True)
      (conv2): Conv2d(512, 512, kernel_size=(3, 3), stride=(1, 1), padding=(1, 1), bias=False)
      (bn2): BatchNorm2d(512, eps=1e-05, momentum=0.1, affine=True, track_running_stats=True)
      (downsample): Sequential(
        (0): Conv2d(256, 512, kernel_size=(1, 1), stride=(2, 2), bias=False)
        (1): BatchNorm2d(512, eps=1e-05, momentum=0.1, affine=True, track_running_stats=True)
      )
    )
    (1): BasicBlock(
      (conv1): Conv2d(512, 512, kernel_size=(3, 3), stride=(1, 1), padding=(1, 1), bias=False)
      (bn1): BatchNorm2d(512, eps=1e-05, momentum=0.1, affine=True, track_running_stats=True)
      (relu): ReLU(inplace=True)
      (conv2): Conv2d(512, 512, kernel_size=(3, 3), stride=(1, 1), padding=(1, 1), bias=False)
      (bn2): BatchNorm2d(512, eps=1e-05, momentum=0.1, affine=True, track_running_stats=True)
    )
  )
  (avgpool): AdaptiveAvgPool2d(output_size=(1, 1))
  (fc_): Linear(in_features=512, out_features=7, bias=True)
  (__fc__): Linear(in_features=1024, out_features=7, bias=True)
)

