Train Model: MNASNet, Using device cuda

========== Train Epoch 1 ==========
Loss: 5.404	Accuracy: 16 %	Time 182 s
Accuracy for class bzx   is: 0.0 %
Accuracy for class cwx   is: 0.0 %
Accuracy for class hdx   is: 0.0 %
Accuracy for class mtx   is: 100.0 %
Accuracy for class nqx   is: 0.0 %
Accuracy for class qtx   is: 0.0 %
Accuracy for class zxx   is: 0.0 %

========== Train Epoch 2 ==========
Loss: 1.924	Accuracy: 20 %	Time 189 s
Accuracy for class bzx   is: 0.0 %
Accuracy for class cwx   is: 0.0 %
Accuracy for class hdx   is: 100.0 %
Accuracy for class mtx   is: 0.0 %
Accuracy for class nqx   is: 0.0 %
Accuracy for class qtx   is: 0.0 %
Accuracy for class zxx   is: 0.0 %

========== Train Epoch 3 ==========
Loss: 1.875	Accuracy: 20 %	Time 183 s
Accuracy for class bzx   is: 100.0 %
Accuracy for class cwx   is: 0.0 %
Accuracy for class hdx   is: 0.0 %
Accuracy for class mtx   is: 0.0 %
Accuracy for class nqx   is: 0.0 %
Accuracy for class qtx   is: 0.0 %
Accuracy for class zxx   is: 0.0 %

========== Train Epoch 4 ==========
Loss: 1.877	Accuracy: 15 %	Time 183 s
Accuracy for class bzx   is: 0.0 %
Accuracy for class cwx   is: 0.0 %
Accuracy for class hdx   is: 0.0 %
Accuracy for class mtx   is: 0.0 %
Accuracy for class nqx   is: 0.0 %
Accuracy for class qtx   is: 0.0 %
Accuracy for class zxx   is: 100.0 %

========== Train Epoch 5 ==========
Loss: 1.875	Accuracy: 16 %	Time 189 s
Accuracy for class bzx   is: 0.0 %
Accuracy for class cwx   is: 0.0 %
Accuracy for class hdx   is: 0.0 %
Accuracy for class mtx   is: 100.0 %
Accuracy for class nqx   is: 0.0 %
Accuracy for class qtx   is: 0.0 %
Accuracy for class zxx   is: 0.0 %

========== Train Epoch 6 ==========
Loss: 1.875	Accuracy: 20 %	Time 186 s
Accuracy for class bzx   is: 100.0 %
Accuracy for class cwx   is: 0.0 %
Accuracy for class hdx   is: 0.0 %
Accuracy for class mtx   is: 0.0 %
Accuracy for class nqx   is: 0.0 %
Accuracy for class qtx   is: 0.0 %
Accuracy for class zxx   is: 0.0 %

========== Train Epoch 7 ==========
Loss: 1.878	Accuracy: 16 %	Time 184 s
Accuracy for class bzx   is: 0.0 %
Accuracy for class cwx   is: 0.0 %
Accuracy for class hdx   is: 0.0 %
Accuracy for class mtx   is: 100.0 %
Accuracy for class nqx   is: 0.0 %
Accuracy for class qtx   is: 0.0 %
Accuracy for class zxx   is: 0.0 %

========== Train Epoch 8 ==========
Loss: 1.879	Accuracy: 16 %	Time 188 s
Accuracy for class bzx   is: 0.0 %
Accuracy for class cwx   is: 0.0 %
Accuracy for class hdx   is: 0.0 %
Accuracy for class mtx   is: 100.0 %
Accuracy for class nqx   is: 0.0 %
Accuracy for class qtx   is: 0.0 %
Accuracy for class zxx   is: 0.0 %

========== Train Epoch 9 ==========
Loss: 1.879	Accuracy: 16 %	Time 185 s
Accuracy for class bzx   is: 0.0 %
Accuracy for class cwx   is: 0.0 %
Accuracy for class hdx   is: 0.0 %
Accuracy for class mtx   is: 100.0 %
Accuracy for class nqx   is: 0.0 %
Accuracy for class qtx   is: 0.0 %
Accuracy for class zxx   is: 0.0 %

========== Train Epoch 10 ==========
Loss: 1.879	Accuracy: 15 %	Time 187 s
Accuracy for class bzx   is: 0.0 %
Accuracy for class cwx   is: 0.0 %
Accuracy for class hdx   is: 0.0 %
Accuracy for class mtx   is: 0.0 %
Accuracy for class nqx   is: 0.0 %
Accuracy for class qtx   is: 0.0 %
Accuracy for class zxx   is: 100.0 %

========== Train Epoch 11 ==========
Loss: 1.873	Accuracy: 15 %	Time 186 s
Accuracy for class bzx   is: 0.0 %
Accuracy for class cwx   is: 0.0 %
Accuracy for class hdx   is: 0.0 %
Accuracy for class mtx   is: 0.0 %
Accuracy for class nqx   is: 0.0 %
Accuracy for class qtx   is: 0.0 %
Accuracy for class zxx   is: 100.0 %

========== Train Epoch 12 ==========
Loss: 1.874	Accuracy: 20 %	Time 185 s
Accuracy for class bzx   is: 0.0 %
Accuracy for class cwx   is: 0.0 %
Accuracy for class hdx   is: 100.0 %
Accuracy for class mtx   is: 0.0 %
Accuracy for class nqx   is: 0.0 %
Accuracy for class qtx   is: 0.0 %
Accuracy for class zxx   is: 0.0 %

========== Train Epoch 13 ==========
Loss: 1.874	Accuracy: 16 %	Time 184 s
Accuracy for class bzx   is: 0.0 %
Accuracy for class cwx   is: 0.0 %
Accuracy for class hdx   is: 0.0 %
Accuracy for class mtx   is: 100.0 %
Accuracy for class nqx   is: 0.0 %
Accuracy for class qtx   is: 0.0 %
Accuracy for class zxx   is: 0.0 %

========== Train Epoch 14 ==========
Loss: 1.873	Accuracy: 20 %	Time 180 s
Accuracy for class bzx   is: 0.0 %
Accuracy for class cwx   is: 0.0 %
Accuracy for class hdx   is: 100.0 %
Accuracy for class mtx   is: 0.0 %
Accuracy for class nqx   is: 0.0 %
Accuracy for class qtx   is: 0.0 %
Accuracy for class zxx   is: 0.0 %

========== Train Epoch 15 ==========
Loss: 1.874	Accuracy: 16 %	Time 186 s
Accuracy for class bzx   is: 0.0 %
Accuracy for class cwx   is: 0.0 %
Accuracy for class hdx   is: 0.0 %
Accuracy for class mtx   is: 100.0 %
Accuracy for class nqx   is: 0.0 %
Accuracy for class qtx   is: 0.0 %
Accuracy for class zxx   is: 0.0 %

========== Train Epoch 16 ==========
Loss: 1.874	Accuracy: 20 %	Time 184 s
Accuracy for class bzx   is: 0.0 %
Accuracy for class cwx   is: 0.0 %
Accuracy for class hdx   is: 100.0 %
Accuracy for class mtx   is: 0.0 %
Accuracy for class nqx   is: 0.0 %
Accuracy for class qtx   is: 0.0 %
Accuracy for class zxx   is: 0.0 %

========== Train Epoch 17 ==========
Loss: 1.873	Accuracy: 16 %	Time 186 s
Accuracy for class bzx   is: 0.0 %
Accuracy for class cwx   is: 0.0 %
Accuracy for class hdx   is: 0.0 %
Accuracy for class mtx   is: 100.0 %
Accuracy for class nqx   is: 0.0 %
Accuracy for class qtx   is: 0.0 %
Accuracy for class zxx   is: 0.0 %

========== Train Epoch 18 ==========
Loss: 1.876	Accuracy: 20 %	Time 183 s
Accuracy for class bzx   is: 0.0 %
Accuracy for class cwx   is: 0.0 %
Accuracy for class hdx   is: 100.0 %
Accuracy for class mtx   is: 0.0 %
Accuracy for class nqx   is: 0.0 %
Accuracy for class qtx   is: 0.0 %
Accuracy for class zxx   is: 0.0 %

========== Train Epoch 19 ==========
Loss: 1.874	Accuracy: 16 %	Time 185 s
Accuracy for class bzx   is: 0.0 %
Accuracy for class cwx   is: 0.0 %
Accuracy for class hdx   is: 0.0 %
Accuracy for class mtx   is: 100.0 %
Accuracy for class nqx   is: 0.0 %
Accuracy for class qtx   is: 0.0 %
Accuracy for class zxx   is: 0.0 %

========== Train Epoch 20 ==========
Loss: 1.872	Accuracy: 16 %	Time 188 s
Accuracy for class bzx   is: 0.0 %
Accuracy for class cwx   is: 0.0 %
Accuracy for class hdx   is: 0.0 %
Accuracy for class mtx   is: 100.0 %
Accuracy for class nqx   is: 0.0 %
Accuracy for class qtx   is: 0.0 %
Accuracy for class zxx   is: 0.0 %

========== Train Epoch 21 ==========
Loss: 1.874	Accuracy: 16 %	Time 183 s
Accuracy for class bzx   is: 0.0 %
Accuracy for class cwx   is: 0.0 %
Accuracy for class hdx   is: 0.0 %
Accuracy for class mtx   is: 100.0 %
Accuracy for class nqx   is: 0.0 %
Accuracy for class qtx   is: 0.0 %
Accuracy for class zxx   is: 0.0 %

========== Train Epoch 22 ==========
Loss: 1.872	Accuracy: 16 %	Time 190 s
Accuracy for class bzx   is: 0.0 %
Accuracy for class cwx   is: 0.0 %
Accuracy for class hdx   is: 0.0 %
Accuracy for class mtx   is: 100.0 %
Accuracy for class nqx   is: 0.0 %
Accuracy for class qtx   is: 0.0 %
Accuracy for class zxx   is: 0.0 %

========== Train Epoch 23 ==========
Loss: 1.873	Accuracy: 16 %	Time 190 s
Accuracy for class bzx   is: 0.0 %
Accuracy for class cwx   is: 0.0 %
Accuracy for class hdx   is: 0.0 %
Accuracy for class mtx   is: 100.0 %
Accuracy for class nqx   is: 0.0 %
Accuracy for class qtx   is: 0.0 %
Accuracy for class zxx   is: 0.0 %

========== Train Epoch 24 ==========
Loss: 1.874	Accuracy: 20 %	Time 188 s
Accuracy for class bzx   is: 0.0 %
Accuracy for class cwx   is: 0.0 %
Accuracy for class hdx   is: 100.0 %
Accuracy for class mtx   is: 0.0 %
Accuracy for class nqx   is: 0.0 %
Accuracy for class qtx   is: 0.0 %
Accuracy for class zxx   is: 0.0 %

========== Train Epoch 25 ==========
Loss: 1.874	Accuracy: 16 %	Time 188 s
Accuracy for class bzx   is: 0.0 %
Accuracy for class cwx   is: 0.0 %
Accuracy for class hdx   is: 0.0 %
Accuracy for class mtx   is: 100.0 %
Accuracy for class nqx   is: 0.0 %
Accuracy for class qtx   is: 0.0 %
Accuracy for class zxx   is: 0.0 %

========== Train Epoch 26 ==========
Loss: 1.872	Accuracy: 16 %	Time 186 s
Accuracy for class bzx   is: 0.0 %
Accuracy for class cwx   is: 0.0 %
Accuracy for class hdx   is: 0.0 %
Accuracy for class mtx   is: 100.0 %
Accuracy for class nqx   is: 0.0 %
Accuracy for class qtx   is: 0.0 %
Accuracy for class zxx   is: 0.0 %

========== Train Epoch 27 ==========
Loss: 1.874	Accuracy: 16 %	Time 187 s
Accuracy for class bzx   is: 0.0 %
Accuracy for class cwx   is: 0.0 %
Accuracy for class hdx   is: 0.0 %
Accuracy for class mtx   is: 100.0 %
Accuracy for class nqx   is: 0.0 %
Accuracy for class qtx   is: 0.0 %
Accuracy for class zxx   is: 0.0 %

========== Train Epoch 28 ==========
Loss: 1.872	Accuracy: 20 %	Time 181 s
Accuracy for class bzx   is: 0.0 %
Accuracy for class cwx   is: 0.0 %
Accuracy for class hdx   is: 100.0 %
Accuracy for class mtx   is: 0.0 %
Accuracy for class nqx   is: 0.0 %
Accuracy for class qtx   is: 0.0 %
Accuracy for class zxx   is: 0.0 %

========== Train Epoch 29 ==========
Loss: 1.873	Accuracy: 16 %	Time 189 s
Accuracy for class bzx   is: 0.0 %
Accuracy for class cwx   is: 0.0 %
Accuracy for class hdx   is: 0.0 %
Accuracy for class mtx   is: 100.0 %
Accuracy for class nqx   is: 0.0 %
Accuracy for class qtx   is: 0.0 %
Accuracy for class zxx   is: 0.0 %

========== Train Epoch 30 ==========
Loss: 1.873	Accuracy: 16 %	Time 184 s
Accuracy for class bzx   is: 0.0 %
Accuracy for class cwx   is: 0.0 %
Accuracy for class hdx   is: 0.0 %
Accuracy for class mtx   is: 100.0 %
Accuracy for class nqx   is: 0.0 %
Accuracy for class qtx   is: 0.0 %
Accuracy for class zxx   is: 0.0 %

========== Train Epoch 31 ==========
Loss: 1.873	Accuracy: 16 %	Time 185 s
Accuracy for class bzx   is: 0.0 %
Accuracy for class cwx   is: 0.0 %
Accuracy for class hdx   is: 0.0 %
Accuracy for class mtx   is: 100.0 %
Accuracy for class nqx   is: 0.0 %
Accuracy for class qtx   is: 0.0 %
Accuracy for class zxx   is: 0.0 %

========== Train Epoch 32 ==========
Loss: 1.872	Accuracy: 16 %	Time 182 s
Accuracy for class bzx   is: 0.0 %
Accuracy for class cwx   is: 0.0 %
Accuracy for class hdx   is: 0.0 %
Accuracy for class mtx   is: 100.0 %
Accuracy for class nqx   is: 0.0 %
Accuracy for class qtx   is: 0.0 %
Accuracy for class zxx   is: 0.0 %

========== Train Epoch 33 ==========
Loss: 1.872	Accuracy: 20 %	Time 182 s
Accuracy for class bzx   is: 0.0 %
Accuracy for class cwx   is: 0.0 %
Accuracy for class hdx   is: 100.0 %
Accuracy for class mtx   is: 0.0 %
Accuracy for class nqx   is: 0.0 %
Accuracy for class qtx   is: 0.0 %
Accuracy for class zxx   is: 0.0 %

========== Train Epoch 34 ==========
Loss: 1.874	Accuracy: 16 %	Time 192 s
Accuracy for class bzx   is: 0.0 %
Accuracy for class cwx   is: 0.0 %
Accuracy for class hdx   is: 0.0 %
Accuracy for class mtx   is: 100.0 %
Accuracy for class nqx   is: 0.0 %
Accuracy for class qtx   is: 0.0 %
Accuracy for class zxx   is: 0.0 %

========== Train Epoch 35 ==========
Loss: 1.875	Accuracy: 16 %	Time 185 s
Accuracy for class bzx   is: 0.0 %
Accuracy for class cwx   is: 0.0 %
Accuracy for class hdx   is: 0.0 %
Accuracy for class mtx   is: 100.0 %
Accuracy for class nqx   is: 0.0 %
Accuracy for class qtx   is: 0.0 %
Accuracy for class zxx   is: 0.0 %

========== Train Epoch 36 ==========
Loss: 1.874	Accuracy: 16 %	Time 187 s
Accuracy for class bzx   is: 0.0 %
Accuracy for class cwx   is: 0.0 %
Accuracy for class hdx   is: 0.0 %
Accuracy for class mtx   is: 100.0 %
Accuracy for class nqx   is: 0.0 %
Accuracy for class qtx   is: 0.0 %
Accuracy for class zxx   is: 0.0 %

========== Train Epoch 37 ==========
Loss: 1.874	Accuracy: 20 %	Time 185 s
Accuracy for class bzx   is: 100.0 %
Accuracy for class cwx   is: 0.0 %
Accuracy for class hdx   is: 0.0 %
Accuracy for class mtx   is: 0.0 %
Accuracy for class nqx   is: 0.0 %
Accuracy for class qtx   is: 0.0 %
Accuracy for class zxx   is: 0.0 %

========== Train Epoch 38 ==========
Loss: 1.875	Accuracy: 16 %	Time 186 s
Accuracy for class bzx   is: 0.0 %
Accuracy for class cwx   is: 0.0 %
Accuracy for class hdx   is: 0.0 %
Accuracy for class mtx   is: 100.0 %
Accuracy for class nqx   is: 0.0 %
Accuracy for class qtx   is: 0.0 %
Accuracy for class zxx   is: 0.0 %

========== Train Epoch 39 ==========
Loss: 1.873	Accuracy: 16 %	Time 186 s
Accuracy for class bzx   is: 0.0 %
Accuracy for class cwx   is: 0.0 %
Accuracy for class hdx   is: 0.0 %
Accuracy for class mtx   is: 100.0 %
Accuracy for class nqx   is: 0.0 %
Accuracy for class qtx   is: 0.0 %
Accuracy for class zxx   is: 0.0 %

========== Train Epoch 40 ==========
Loss: 1.873	Accuracy: 16 %	Time 184 s
Accuracy for class bzx   is: 0.0 %
Accuracy for class cwx   is: 0.0 %
Accuracy for class hdx   is: 0.0 %
Accuracy for class mtx   is: 100.0 %
Accuracy for class nqx   is: 0.0 %
Accuracy for class qtx   is: 0.0 %
Accuracy for class zxx   is: 0.0 %

========== Train Epoch 41 ==========
Loss: 1.872	Accuracy: 16 %	Time 185 s
Accuracy for class bzx   is: 0.0 %
Accuracy for class cwx   is: 0.0 %
Accuracy for class hdx   is: 0.0 %
Accuracy for class mtx   is: 100.0 %
Accuracy for class nqx   is: 0.0 %
Accuracy for class qtx   is: 0.0 %
Accuracy for class zxx   is: 0.0 %

========== Train Epoch 42 ==========
Loss: 1.872	Accuracy: 16 %	Time 182 s
Accuracy for class bzx   is: 0.0 %
Accuracy for class cwx   is: 0.0 %
Accuracy for class hdx   is: 0.0 %
Accuracy for class mtx   is: 100.0 %
Accuracy for class nqx   is: 0.0 %
Accuracy for class qtx   is: 0.0 %
Accuracy for class zxx   is: 0.0 %

========== Train Epoch 43 ==========
Loss: 1.872	Accuracy: 16 %	Time 183 s
Accuracy for class bzx   is: 0.0 %
Accuracy for class cwx   is: 0.0 %
Accuracy for class hdx   is: 0.0 %
Accuracy for class mtx   is: 100.0 %
Accuracy for class nqx   is: 0.0 %
Accuracy for class qtx   is: 0.0 %
Accuracy for class zxx   is: 0.0 %

========== Train Epoch 44 ==========
Loss: 1.873	Accuracy: 20 %	Time 186 s
Accuracy for class bzx   is: 0.0 %
Accuracy for class cwx   is: 0.0 %
Accuracy for class hdx   is: 100.0 %
Accuracy for class mtx   is: 0.0 %
Accuracy for class nqx   is: 0.0 %
Accuracy for class qtx   is: 0.0 %
Accuracy for class zxx   is: 0.0 %

========== Train Epoch 45 ==========
Loss: 1.873	Accuracy: 16 %	Time 185 s
Accuracy for class bzx   is: 0.0 %
Accuracy for class cwx   is: 0.0 %
Accuracy for class hdx   is: 0.0 %
Accuracy for class mtx   is: 100.0 %
Accuracy for class nqx   is: 0.0 %
Accuracy for class qtx   is: 0.0 %
Accuracy for class zxx   is: 0.0 %

========== Train Epoch 46 ==========
Loss: 1.872	Accuracy: 15 %	Time 187 s
Accuracy for class bzx   is: 0.0 %
Accuracy for class cwx   is: 0.0 %
Accuracy for class hdx   is: 0.0 %
Accuracy for class mtx   is: 0.0 %
Accuracy for class nqx   is: 0.0 %
Accuracy for class qtx   is: 0.0 %
Accuracy for class zxx   is: 100.0 %

========== Train Epoch 47 ==========
Loss: 1.873	Accuracy: 16 %	Time 182 s
Accuracy for class bzx   is: 0.0 %
Accuracy for class cwx   is: 0.0 %
Accuracy for class hdx   is: 0.0 %
Accuracy for class mtx   is: 100.0 %
Accuracy for class nqx   is: 0.0 %
Accuracy for class qtx   is: 0.0 %
Accuracy for class zxx   is: 0.0 %

========== Train Epoch 48 ==========
Loss: 1.873	Accuracy: 15 %	Time 189 s
Accuracy for class bzx   is: 0.0 %
Accuracy for class cwx   is: 0.0 %
Accuracy for class hdx   is: 0.0 %
Accuracy for class mtx   is: 0.0 %
Accuracy for class nqx   is: 0.0 %
Accuracy for class qtx   is: 0.0 %
Accuracy for class zxx   is: 100.0 %

========== Train Epoch 49 ==========
Loss: 1.873	Accuracy: 16 %	Time 183 s
Accuracy for class bzx   is: 0.0 %
Accuracy for class cwx   is: 0.0 %
Accuracy for class hdx   is: 0.0 %
Accuracy for class mtx   is: 100.0 %
Accuracy for class nqx   is: 0.0 %
Accuracy for class qtx   is: 0.0 %
Accuracy for class zxx   is: 0.0 %

========== Train Epoch 50 ==========
Loss: 1.873	Accuracy: 16 %	Time 186 s
Accuracy for class bzx   is: 0.0 %
Accuracy for class cwx   is: 0.0 %
Accuracy for class hdx   is: 0.0 %
Accuracy for class mtx   is: 100.0 %
Accuracy for class nqx   is: 0.0 %
Accuracy for class qtx   is: 0.0 %
Accuracy for class zxx   is: 0.0 %

========== Train Epoch 51 ==========
Loss: 1.873	Accuracy: 16 %	Time 184 s
Accuracy for class bzx   is: 0.0 %
Accuracy for class cwx   is: 0.0 %
Accuracy for class hdx   is: 0.0 %
Accuracy for class mtx   is: 100.0 %
Accuracy for class nqx   is: 0.0 %
Accuracy for class qtx   is: 0.0 %
Accuracy for class zxx   is: 0.0 %

========== Train Epoch 52 ==========
Loss: 1.874	Accuracy: 20 %	Time 184 s
Accuracy for class bzx   is: 0.0 %
Accuracy for class cwx   is: 0.0 %
Accuracy for class hdx   is: 100.0 %
Accuracy for class mtx   is: 0.0 %
Accuracy for class nqx   is: 0.0 %
Accuracy for class qtx   is: 0.0 %
Accuracy for class zxx   is: 0.0 %

========== Train Epoch 53 ==========
Loss: 1.872	Accuracy: 20 %	Time 185 s
Accuracy for class bzx   is: 0.0 %
Accuracy for class cwx   is: 0.0 %
Accuracy for class hdx   is: 100.0 %
Accuracy for class mtx   is: 0.0 %
Accuracy for class nqx   is: 0.0 %
Accuracy for class qtx   is: 0.0 %
Accuracy for class zxx   is: 0.0 %

========== Train Epoch 54 ==========
Loss: 1.874	Accuracy: 16 %	Time 188 s
Accuracy for class bzx   is: 0.0 %
Accuracy for class cwx   is: 0.0 %
Accuracy for class hdx   is: 0.0 %
Accuracy for class mtx   is: 100.0 %
Accuracy for class nqx   is: 0.0 %
Accuracy for class qtx   is: 0.0 %
Accuracy for class zxx   is: 0.0 %

========== Train Epoch 55 ==========
Loss: 1.873	Accuracy: 16 %	Time 186 s
Accuracy for class bzx   is: 0.0 %
Accuracy for class cwx   is: 0.0 %
Accuracy for class hdx   is: 0.0 %
Accuracy for class mtx   is: 100.0 %
Accuracy for class nqx   is: 0.0 %
Accuracy for class qtx   is: 0.0 %
Accuracy for class zxx   is: 0.0 %

========== Train Epoch 56 ==========
Loss: 1.871	Accuracy: 20 %	Time 183 s
Accuracy for class bzx   is: 0.0 %
Accuracy for class cwx   is: 0.0 %
Accuracy for class hdx   is: 100.0 %
Accuracy for class mtx   is: 0.0 %
Accuracy for class nqx   is: 0.0 %
Accuracy for class qtx   is: 0.0 %
Accuracy for class zxx   is: 0.0 %

========== Train Epoch 57 ==========
Loss: 1.872	Accuracy: 16 %	Time 191 s
Accuracy for class bzx   is: 0.0 %
Accuracy for class cwx   is: 0.0 %
Accuracy for class hdx   is: 0.0 %
Accuracy for class mtx   is: 100.0 %
Accuracy for class nqx   is: 0.0 %
Accuracy for class qtx   is: 0.0 %
Accuracy for class zxx   is: 0.0 %

========== Train Epoch 58 ==========
Loss: 1.872	Accuracy: 20 %	Time 186 s
Accuracy for class bzx   is: 0.0 %
Accuracy for class cwx   is: 0.0 %
Accuracy for class hdx   is: 100.0 %
Accuracy for class mtx   is: 0.0 %
Accuracy for class nqx   is: 0.0 %
Accuracy for class qtx   is: 0.0 %
Accuracy for class zxx   is: 0.0 %

========== Train Epoch 59 ==========
Loss: 1.873	Accuracy: 16 %	Time 188 s
Accuracy for class bzx   is: 0.0 %
Accuracy for class cwx   is: 0.0 %
Accuracy for class hdx   is: 0.0 %
Accuracy for class mtx   is: 100.0 %
Accuracy for class nqx   is: 0.0 %
Accuracy for class qtx   is: 0.0 %
Accuracy for class zxx   is: 0.0 %

========== Train Epoch 60 ==========
Loss: 1.871	Accuracy: 20 %	Time 188 s
Accuracy for class bzx   is: 0.0 %
Accuracy for class cwx   is: 0.0 %
Accuracy for class hdx   is: 100.0 %
Accuracy for class mtx   is: 0.0 %
Accuracy for class nqx   is: 0.0 %
Accuracy for class qtx   is: 0.0 %
Accuracy for class zxx   is: 0.0 %

========== Train Epoch 61 ==========
Loss: 1.871	Accuracy: 16 %	Time 189 s
Accuracy for class bzx   is: 0.0 %
Accuracy for class cwx   is: 0.0 %
Accuracy for class hdx   is: 0.0 %
Accuracy for class mtx   is: 100.0 %
Accuracy for class nqx   is: 0.0 %
Accuracy for class qtx   is: 0.0 %
Accuracy for class zxx   is: 0.0 %

========== Train Epoch 62 ==========
Loss: 1.872	Accuracy: 20 %	Time 190 s
Accuracy for class bzx   is: 0.0 %
Accuracy for class cwx   is: 0.0 %
Accuracy for class hdx   is: 100.0 %
Accuracy for class mtx   is: 0.0 %
Accuracy for class nqx   is: 0.0 %
Accuracy for class qtx   is: 0.0 %
Accuracy for class zxx   is: 0.0 %

========== Train Epoch 63 ==========
Loss: 1.873	Accuracy: 16 %	Time 186 s
Accuracy for class bzx   is: 0.0 %
Accuracy for class cwx   is: 0.0 %
Accuracy for class hdx   is: 0.0 %
Accuracy for class mtx   is: 100.0 %
Accuracy for class nqx   is: 0.0 %
Accuracy for class qtx   is: 0.0 %
Accuracy for class zxx   is: 0.0 %

========== Train Epoch 64 ==========
Loss: 1.872	Accuracy: 16 %	Time 190 s
Accuracy for class bzx   is: 0.0 %
Accuracy for class cwx   is: 0.0 %
Accuracy for class hdx   is: 0.0 %
Accuracy for class mtx   is: 100.0 %
Accuracy for class nqx   is: 0.0 %
Accuracy for class qtx   is: 0.0 %
Accuracy for class zxx   is: 0.0 %
Finished training!!!

Min loss = 43.031 in epoch 60, max Accuracy = 20.60% in epoch 1

MNASNet(
  (layers): Sequential(
    (0): Conv2d(3, 8, kernel_size=(3, 3), stride=(2, 2), padding=(1, 1), bias=False)
    (1): BatchNorm2d(8, eps=1e-05, momentum=0.00029999999999996696, affine=True, track_running_stats=True)
    (2): ReLU(inplace=True)
    (3): Conv2d(8, 8, kernel_size=(3, 3), stride=(1, 1), padding=(1, 1), groups=8, bias=False)
    (4): BatchNorm2d(8, eps=1e-05, momentum=0.00029999999999996696, affine=True, track_running_stats=True)
    (5): ReLU(inplace=True)
    (6): Conv2d(8, 8, kernel_size=(1, 1), stride=(1, 1), bias=False)
    (7): BatchNorm2d(8, eps=1e-05, momentum=0.00029999999999996696, affine=True, track_running_stats=True)
    (8): Sequential(
      (0): _InvertedResidual(
        (layers): Sequential(
          (0): Conv2d(8, 24, kernel_size=(1, 1), stride=(1, 1), bias=False)
          (1): BatchNorm2d(24, eps=1e-05, momentum=0.00029999999999996696, affine=True, track_running_stats=True)
          (2): ReLU(inplace=True)
          (3): Conv2d(24, 24, kernel_size=(3, 3), stride=(2, 2), padding=(1, 1), groups=24, bias=False)
          (4): BatchNorm2d(24, eps=1e-05, momentum=0.00029999999999996696, affine=True, track_running_stats=True)
          (5): ReLU(inplace=True)
          (6): Conv2d(24, 8, kernel_size=(1, 1), stride=(1, 1), bias=False)
          (7): BatchNorm2d(8, eps=1e-05, momentum=0.00029999999999996696, affine=True, track_running_stats=True)
        )
      )
      (1): _InvertedResidual(
        (layers): Sequential(
          (0): Conv2d(8, 24, kernel_size=(1, 1), stride=(1, 1), bias=False)
          (1): BatchNorm2d(24, eps=1e-05, momentum=0.00029999999999996696, affine=True, track_running_stats=True)
          (2): ReLU(inplace=True)
          (3): Conv2d(24, 24, kernel_size=(3, 3), stride=(1, 1), padding=(1, 1), groups=24, bias=False)
          (4): BatchNorm2d(24, eps=1e-05, momentum=0.00029999999999996696, affine=True, track_running_stats=True)
          (5): ReLU(inplace=True)
          (6): Conv2d(24, 8, kernel_size=(1, 1), stride=(1, 1), bias=False)
          (7): BatchNorm2d(8, eps=1e-05, momentum=0.00029999999999996696, affine=True, track_running_stats=True)
        )
      )
      (2): _InvertedResidual(
        (layers): Sequential(
          (0): Conv2d(8, 24, kernel_size=(1, 1), stride=(1, 1), bias=False)
          (1): BatchNorm2d(24, eps=1e-05, momentum=0.00029999999999996696, affine=True, track_running_stats=True)
          (2): ReLU(inplace=True)
          (3): Conv2d(24, 24, kernel_size=(3, 3), stride=(1, 1), padding=(1, 1), groups=24, bias=False)
          (4): BatchNorm2d(24, eps=1e-05, momentum=0.00029999999999996696, affine=True, track_running_stats=True)
          (5): ReLU(inplace=True)
          (6): Conv2d(24, 8, kernel_size=(1, 1), stride=(1, 1), bias=False)
          (7): BatchNorm2d(8, eps=1e-05, momentum=0.00029999999999996696, affine=True, track_running_stats=True)
        )
      )
    )
    (9): Sequential(
      (0): _InvertedResidual(
        (layers): Sequential(
          (0): Conv2d(8, 24, kernel_size=(1, 1), stride=(1, 1), bias=False)
          (1): BatchNorm2d(24, eps=1e-05, momentum=0.00029999999999996696, affine=True, track_running_stats=True)
          (2): ReLU(inplace=True)
          (3): Conv2d(24, 24, kernel_size=(5, 5), stride=(2, 2), padding=(2, 2), groups=24, bias=False)
          (4): BatchNorm2d(24, eps=1e-05, momentum=0.00029999999999996696, affine=True, track_running_stats=True)
          (5): ReLU(inplace=True)
          (6): Conv2d(24, 8, kernel_size=(1, 1), stride=(1, 1), bias=False)
          (7): BatchNorm2d(8, eps=1e-05, momentum=0.00029999999999996696, affine=True, track_running_stats=True)
        )
      )
      (1): _InvertedResidual(
        (layers): Sequential(
          (0): Conv2d(8, 24, kernel_size=(1, 1), stride=(1, 1), bias=False)
          (1): BatchNorm2d(24, eps=1e-05, momentum=0.00029999999999996696, affine=True, track_running_stats=True)
          (2): ReLU(inplace=True)
          (3): Conv2d(24, 24, kernel_size=(5, 5), stride=(1, 1), padding=(2, 2), groups=24, bias=False)
          (4): BatchNorm2d(24, eps=1e-05, momentum=0.00029999999999996696, affine=True, track_running_stats=True)
          (5): ReLU(inplace=True)
          (6): Conv2d(24, 8, kernel_size=(1, 1), stride=(1, 1), bias=False)
          (7): BatchNorm2d(8, eps=1e-05, momentum=0.00029999999999996696, affine=True, track_running_stats=True)
        )
      )
      (2): _InvertedResidual(
        (layers): Sequential(
          (0): Conv2d(8, 24, kernel_size=(1, 1), stride=(1, 1), bias=False)
          (1): BatchNorm2d(24, eps=1e-05, momentum=0.00029999999999996696, affine=True, track_running_stats=True)
          (2): ReLU(inplace=True)
          (3): Conv2d(24, 24, kernel_size=(5, 5), stride=(1, 1), padding=(2, 2), groups=24, bias=False)
          (4): BatchNorm2d(24, eps=1e-05, momentum=0.00029999999999996696, affine=True, track_running_stats=True)
          (5): ReLU(inplace=True)
          (6): Conv2d(24, 8, kernel_size=(1, 1), stride=(1, 1), bias=False)
          (7): BatchNorm2d(8, eps=1e-05, momentum=0.00029999999999996696, affine=True, track_running_stats=True)
        )
      )
    )
    (10): Sequential(
      (0): _InvertedResidual(
        (layers): Sequential(
          (0): Conv2d(8, 48, kernel_size=(1, 1), stride=(1, 1), bias=False)
          (1): BatchNorm2d(48, eps=1e-05, momentum=0.00029999999999996696, affine=True, track_running_stats=True)
          (2): ReLU(inplace=True)
          (3): Conv2d(48, 48, kernel_size=(5, 5), stride=(2, 2), padding=(2, 2), groups=48, bias=False)
          (4): BatchNorm2d(48, eps=1e-05, momentum=0.00029999999999996696, affine=True, track_running_stats=True)
          (5): ReLU(inplace=True)
          (6): Conv2d(48, 8, kernel_size=(1, 1), stride=(1, 1), bias=False)
          (7): BatchNorm2d(8, eps=1e-05, momentum=0.00029999999999996696, affine=True, track_running_stats=True)
        )
      )
      (1): _InvertedResidual(
        (layers): Sequential(
          (0): Conv2d(8, 48, kernel_size=(1, 1), stride=(1, 1), bias=False)
          (1): BatchNorm2d(48, eps=1e-05, momentum=0.00029999999999996696, affine=True, track_running_stats=True)
          (2): ReLU(inplace=True)
          (3): Conv2d(48, 48, kernel_size=(5, 5), stride=(1, 1), padding=(2, 2), groups=48, bias=False)
          (4): BatchNorm2d(48, eps=1e-05, momentum=0.00029999999999996696, affine=True, track_running_stats=True)
          (5): ReLU(inplace=True)
          (6): Conv2d(48, 8, kernel_size=(1, 1), stride=(1, 1), bias=False)
          (7): BatchNorm2d(8, eps=1e-05, momentum=0.00029999999999996696, affine=True, track_running_stats=True)
        )
      )
      (2): _InvertedResidual(
        (layers): Sequential(
          (0): Conv2d(8, 48, kernel_size=(1, 1), stride=(1, 1), bias=False)
          (1): BatchNorm2d(48, eps=1e-05, momentum=0.00029999999999996696, affine=True, track_running_stats=True)
          (2): ReLU(inplace=True)
          (3): Conv2d(48, 48, kernel_size=(5, 5), stride=(1, 1), padding=(2, 2), groups=48, bias=False)
          (4): BatchNorm2d(48, eps=1e-05, momentum=0.00029999999999996696, affine=True, track_running_stats=True)
          (5): ReLU(inplace=True)
          (6): Conv2d(48, 8, kernel_size=(1, 1), stride=(1, 1), bias=False)
          (7): BatchNorm2d(8, eps=1e-05, momentum=0.00029999999999996696, affine=True, track_running_stats=True)
        )
      )
    )
    (11): Sequential(
      (0): _InvertedResidual(
        (layers): Sequential(
          (0): Conv2d(8, 48, kernel_size=(1, 1), stride=(1, 1), bias=False)
          (1): BatchNorm2d(48, eps=1e-05, momentum=0.00029999999999996696, affine=True, track_running_stats=True)
          (2): ReLU(inplace=True)
          (3): Conv2d(48, 48, kernel_size=(3, 3), stride=(1, 1), padding=(1, 1), groups=48, bias=False)
          (4): BatchNorm2d(48, eps=1e-05, momentum=0.00029999999999996696, affine=True, track_running_stats=True)
          (5): ReLU(inplace=True)
          (6): Conv2d(48, 8, kernel_size=(1, 1), stride=(1, 1), bias=False)
          (7): BatchNorm2d(8, eps=1e-05, momentum=0.00029999999999996696, affine=True, track_running_stats=True)
        )
      )
      (1): _InvertedResidual(
        (layers): Sequential(
          (0): Conv2d(8, 48, kernel_size=(1, 1), stride=(1, 1), bias=False)
          (1): BatchNorm2d(48, eps=1e-05, momentum=0.00029999999999996696, affine=True, track_running_stats=True)
          (2): ReLU(inplace=True)
          (3): Conv2d(48, 48, kernel_size=(3, 3), stride=(1, 1), padding=(1, 1), groups=48, bias=False)
          (4): BatchNorm2d(48, eps=1e-05, momentum=0.00029999999999996696, affine=True, track_running_stats=True)
          (5): ReLU(inplace=True)
          (6): Conv2d(48, 8, kernel_size=(1, 1), stride=(1, 1), bias=False)
          (7): BatchNorm2d(8, eps=1e-05, momentum=0.00029999999999996696, affine=True, track_running_stats=True)
        )
      )
    )
    (12): Sequential(
      (0): _InvertedResidual(
        (layers): Sequential(
          (0): Conv2d(8, 48, kernel_size=(1, 1), stride=(1, 1), bias=False)
          (1): BatchNorm2d(48, eps=1e-05, momentum=0.00029999999999996696, affine=True, track_running_stats=True)
          (2): ReLU(inplace=True)
          (3): Conv2d(48, 48, kernel_size=(5, 5), stride=(2, 2), padding=(2, 2), groups=48, bias=False)
          (4): BatchNorm2d(48, eps=1e-05, momentum=0.00029999999999996696, affine=True, track_running_stats=True)
          (5): ReLU(inplace=True)
          (6): Conv2d(48, 8, kernel_size=(1, 1), stride=(1, 1), bias=False)
          (7): BatchNorm2d(8, eps=1e-05, momentum=0.00029999999999996696, affine=True, track_running_stats=True)
        )
      )
      (1): _InvertedResidual(
        (layers): Sequential(
          (0): Conv2d(8, 48, kernel_size=(1, 1), stride=(1, 1), bias=False)
          (1): BatchNorm2d(48, eps=1e-05, momentum=0.00029999999999996696, affine=True, track_running_stats=True)
          (2): ReLU(inplace=True)
          (3): Conv2d(48, 48, kernel_size=(5, 5), stride=(1, 1), padding=(2, 2), groups=48, bias=False)
          (4): BatchNorm2d(48, eps=1e-05, momentum=0.00029999999999996696, affine=True, track_running_stats=True)
          (5): ReLU(inplace=True)
          (6): Conv2d(48, 8, kernel_size=(1, 1), stride=(1, 1), bias=False)
          (7): BatchNorm2d(8, eps=1e-05, momentum=0.00029999999999996696, affine=True, track_running_stats=True)
        )
      )
      (2): _InvertedResidual(
        (layers): Sequential(
          (0): Conv2d(8, 48, kernel_size=(1, 1), stride=(1, 1), bias=False)
          (1): BatchNorm2d(48, eps=1e-05, momentum=0.00029999999999996696, affine=True, track_running_stats=True)
          (2): ReLU(inplace=True)
          (3): Conv2d(48, 48, kernel_size=(5, 5), stride=(1, 1), padding=(2, 2), groups=48, bias=False)
          (4): BatchNorm2d(48, eps=1e-05, momentum=0.00029999999999996696, affine=True, track_running_stats=True)
          (5): ReLU(inplace=True)
          (6): Conv2d(48, 8, kernel_size=(1, 1), stride=(1, 1), bias=False)
          (7): BatchNorm2d(8, eps=1e-05, momentum=0.00029999999999996696, affine=True, track_running_stats=True)
        )
      )
      (3): _InvertedResidual(
        (layers): Sequential(
          (0): Conv2d(8, 48, kernel_size=(1, 1), stride=(1, 1), bias=False)
          (1): BatchNorm2d(48, eps=1e-05, momentum=0.00029999999999996696, affine=True, track_running_stats=True)
          (2): ReLU(inplace=True)
          (3): Conv2d(48, 48, kernel_size=(5, 5), stride=(1, 1), padding=(2, 2), groups=48, bias=False)
          (4): BatchNorm2d(48, eps=1e-05, momentum=0.00029999999999996696, affine=True, track_running_stats=True)
          (5): ReLU(inplace=True)
          (6): Conv2d(48, 8, kernel_size=(1, 1), stride=(1, 1), bias=False)
          (7): BatchNorm2d(8, eps=1e-05, momentum=0.00029999999999996696, affine=True, track_running_stats=True)
        )
      )
    )
    (13): Sequential(
      (0): _InvertedResidual(
        (layers): Sequential(
          (0): Conv2d(8, 48, kernel_size=(1, 1), stride=(1, 1), bias=False)
          (1): BatchNorm2d(48, eps=1e-05, momentum=0.00029999999999996696, affine=True, track_running_stats=True)
          (2): ReLU(inplace=True)
          (3): Conv2d(48, 48, kernel_size=(3, 3), stride=(1, 1), padding=(1, 1), groups=48, bias=False)
          (4): BatchNorm2d(48, eps=1e-05, momentum=0.00029999999999996696, affine=True, track_running_stats=True)
          (5): ReLU(inplace=True)
          (6): Conv2d(48, 8, kernel_size=(1, 1), stride=(1, 1), bias=False)
          (7): BatchNorm2d(8, eps=1e-05, momentum=0.00029999999999996696, affine=True, track_running_stats=True)
        )
      )
    )
    (14): Conv2d(8, 1280, kernel_size=(1, 1), stride=(1, 1), bias=False)
    (15): BatchNorm2d(1280, eps=1e-05, momentum=0.00029999999999996696, affine=True, track_running_stats=True)
    (16): ReLU(inplace=True)
  )
  (classifier): Sequential(
    (0): Dropout(p=0.2, inplace=True)
    (1): Linear(in_features=1280, out_features=7, bias=True)
  )
)

batch_size = 100
epochs = 64
loss_function = CrossEntropyLoss()
optimizer = Adam (
Parameter Group 0
    amsgrad: False
    betas: (0.9, 0.999)
    eps: 1e-08
    lr: 0.001
    weight_decay: 0
)
