dataset_path: /home/djy/dataset/dataset1
Train Model: AlexNet, pretrained : False , Using device cuda:0

alexnet_rgbonly
parallel_train : False

========== Train Epoch 1 ==========
Loss: 1.885	Accuracy: 28 %	Time 29 s
Accuracy for class bzx   is: 0.0 %
Accuracy for class cwx   is: 0.0 %
Accuracy for class hdx   is: 0.0 %
Accuracy for class mtx   is: 0.0 %
Accuracy for class nqx   is: 0.0 %
Accuracy for class qtx   is: 0.0 %
Accuracy for class zxx   is: 100.0 %

========== Train Epoch 2 ==========
Loss: 1.810	Accuracy: 24 %	Time 30 s
Accuracy for class bzx   is: 0.0 %
Accuracy for class cwx   is: 0.0 %
Accuracy for class hdx   is: 0.0 %
Accuracy for class mtx   is: 0.0 %
Accuracy for class nqx   is: 0.0 %
Accuracy for class qtx   is: 51.4 %
Accuracy for class zxx   is: 55.0 %

========== Train Epoch 3 ==========
Loss: 1.711	Accuracy: 33 %	Time 30 s
Accuracy for class bzx   is: 0.0 %
Accuracy for class cwx   is: 7.1 %
Accuracy for class hdx   is: 0.0 %
Accuracy for class mtx   is: 0.0 %
Accuracy for class nqx   is: 0.0 %
Accuracy for class qtx   is: 48.6 %
Accuracy for class zxx   is: 85.0 %

========== Train Epoch 4 ==========
Loss: 1.614	Accuracy: 38 %	Time 31 s
Accuracy for class bzx   is: 0.0 %
Accuracy for class cwx   is: 7.1 %
Accuracy for class hdx   is: 0.0 %
Accuracy for class mtx   is: 0.0 %
Accuracy for class nqx   is: 11.1 %
Accuracy for class qtx   is: 54.1 %
Accuracy for class zxx   is: 95.0 %

========== Train Epoch 5 ==========
Loss: 1.553	Accuracy: 40 %	Time 30 s
Accuracy for class bzx   is: 12.5 %
Accuracy for class cwx   is: 10.7 %
Accuracy for class hdx   is: 0.0 %
Accuracy for class mtx   is: 0.0 %
Accuracy for class nqx   is: 22.2 %
Accuracy for class qtx   is: 62.2 %
Accuracy for class zxx   is: 88.3 %

========== Train Epoch 6 ==========
Loss: 1.509	Accuracy: 35 %	Time 30 s
Accuracy for class bzx   is: 0.0 %
Accuracy for class cwx   is: 25.0 %
Accuracy for class hdx   is: 4.0 %
Accuracy for class mtx   is: 7.4 %
Accuracy for class nqx   is: 0.0 %
Accuracy for class qtx   is: 89.2 %
Accuracy for class zxx   is: 53.3 %

========== Train Epoch 7 ==========
Loss: 1.426	Accuracy: 41 %	Time 32 s
Accuracy for class bzx   is: 18.8 %
Accuracy for class cwx   is: 32.1 %
Accuracy for class hdx   is: 0.0 %
Accuracy for class mtx   is: 25.9 %
Accuracy for class nqx   is: 27.8 %
Accuracy for class qtx   is: 43.2 %
Accuracy for class zxx   is: 78.3 %

========== Train Epoch 8 ==========
Loss: 1.356	Accuracy: 43 %	Time 30 s
Accuracy for class bzx   is: 12.5 %
Accuracy for class cwx   is: 21.4 %
Accuracy for class hdx   is: 4.0 %
Accuracy for class mtx   is: 37.0 %
Accuracy for class nqx   is: 38.9 %
Accuracy for class qtx   is: 62.2 %
Accuracy for class zxx   is: 70.0 %

========== Train Epoch 9 ==========
Loss: 1.245	Accuracy: 42 %	Time 30 s
Accuracy for class bzx   is: 18.8 %
Accuracy for class cwx   is: 14.3 %
Accuracy for class hdx   is: 4.0 %
Accuracy for class mtx   is: 7.4 %
Accuracy for class nqx   is: 38.9 %
Accuracy for class qtx   is: 83.8 %
Accuracy for class zxx   is: 68.3 %

========== Train Epoch 10 ==========
Loss: 1.135	Accuracy: 46 %	Time 31 s
Accuracy for class bzx   is: 25.0 %
Accuracy for class cwx   is: 17.9 %
Accuracy for class hdx   is: 12.0 %
Accuracy for class mtx   is: 7.4 %
Accuracy for class nqx   is: 22.2 %
Accuracy for class qtx   is: 78.4 %
Accuracy for class zxx   is: 85.0 %

========== Train Epoch 11 ==========
Loss: 1.100	Accuracy: 46 %	Time 31 s
Accuracy for class bzx   is: 12.5 %
Accuracy for class cwx   is: 39.3 %
Accuracy for class hdx   is: 8.0 %
Accuracy for class mtx   is: 11.1 %
Accuracy for class nqx   is: 27.8 %
Accuracy for class qtx   is: 78.4 %
Accuracy for class zxx   is: 78.3 %

========== Train Epoch 12 ==========
Loss: 0.996	Accuracy: 47 %	Time 30 s
Accuracy for class bzx   is: 25.0 %
Accuracy for class cwx   is: 46.4 %
Accuracy for class hdx   is: 16.0 %
Accuracy for class mtx   is: 7.4 %
Accuracy for class nqx   is: 16.7 %
Accuracy for class qtx   is: 83.8 %
Accuracy for class zxx   is: 73.3 %

========== Train Epoch 13 ==========
Loss: 0.841	Accuracy: 51 %	Time 31 s
Accuracy for class bzx   is: 37.5 %
Accuracy for class cwx   is: 42.9 %
Accuracy for class hdx   is: 20.0 %
Accuracy for class mtx   is: 3.7 %
Accuracy for class nqx   is: 27.8 %
Accuracy for class qtx   is: 86.5 %
Accuracy for class zxx   is: 80.0 %

========== Train Epoch 14 ==========
Loss: 0.724	Accuracy: 54 %	Time 32 s
Accuracy for class bzx   is: 37.5 %
Accuracy for class cwx   is: 42.9 %
Accuracy for class hdx   is: 20.0 %
Accuracy for class mtx   is: 40.7 %
Accuracy for class nqx   is: 27.8 %
Accuracy for class qtx   is: 89.2 %
Accuracy for class zxx   is: 70.0 %

========== Train Epoch 15 ==========
Loss: 0.629	Accuracy: 53 %	Time 29 s
Accuracy for class bzx   is: 50.0 %
Accuracy for class cwx   is: 46.4 %
Accuracy for class hdx   is: 16.0 %
Accuracy for class mtx   is: 33.3 %
Accuracy for class nqx   is: 22.2 %
Accuracy for class qtx   is: 83.8 %
Accuracy for class zxx   is: 73.3 %

========== Train Epoch 16 ==========
Loss: 0.517	Accuracy: 51 %	Time 30 s
Accuracy for class bzx   is: 25.0 %
Accuracy for class cwx   is: 39.3 %
Accuracy for class hdx   is: 12.0 %
Accuracy for class mtx   is: 48.1 %
Accuracy for class nqx   is: 11.1 %
Accuracy for class qtx   is: 89.2 %
Accuracy for class zxx   is: 70.0 %

========== Train Epoch 17 ==========
Loss: 0.593	Accuracy: 52 %	Time 31 s
Accuracy for class bzx   is: 18.8 %
Accuracy for class cwx   is: 32.1 %
Accuracy for class hdx   is: 20.0 %
Accuracy for class mtx   is: 33.3 %
Accuracy for class nqx   is: 50.0 %
Accuracy for class qtx   is: 81.1 %
Accuracy for class zxx   is: 75.0 %

========== Train Epoch 18 ==========
Loss: 0.382	Accuracy: 56 %	Time 31 s
Accuracy for class bzx   is: 43.8 %
Accuracy for class cwx   is: 53.6 %
Accuracy for class hdx   is: 20.0 %
Accuracy for class mtx   is: 22.2 %
Accuracy for class nqx   is: 38.9 %
Accuracy for class qtx   is: 86.5 %
Accuracy for class zxx   is: 78.3 %

========== Train Epoch 19 ==========
Loss: 0.268	Accuracy: 54 %	Time 31 s
Accuracy for class bzx   is: 37.5 %
Accuracy for class cwx   is: 42.9 %
Accuracy for class hdx   is: 20.0 %
Accuracy for class mtx   is: 33.3 %
Accuracy for class nqx   is: 38.9 %
Accuracy for class qtx   is: 83.8 %
Accuracy for class zxx   is: 75.0 %

========== Train Epoch 20 ==========
Loss: 0.269	Accuracy: 53 %	Time 30 s
Accuracy for class bzx   is: 31.2 %
Accuracy for class cwx   is: 46.4 %
Accuracy for class hdx   is: 16.0 %
Accuracy for class mtx   is: 25.9 %
Accuracy for class nqx   is: 44.4 %
Accuracy for class qtx   is: 91.9 %
Accuracy for class zxx   is: 68.3 %

========== Train Epoch 21 ==========
Loss: 0.234	Accuracy: 57 %	Time 30 s
Accuracy for class bzx   is: 43.8 %
Accuracy for class cwx   is: 50.0 %
Accuracy for class hdx   is: 16.0 %
Accuracy for class mtx   is: 25.9 %
Accuracy for class nqx   is: 44.4 %
Accuracy for class qtx   is: 89.2 %
Accuracy for class zxx   is: 80.0 %

========== Train Epoch 22 ==========
Loss: 0.212	Accuracy: 55 %	Time 31 s
Accuracy for class bzx   is: 56.2 %
Accuracy for class cwx   is: 42.9 %
Accuracy for class hdx   is: 20.0 %
Accuracy for class mtx   is: 18.5 %
Accuracy for class nqx   is: 44.4 %
Accuracy for class qtx   is: 83.8 %
Accuracy for class zxx   is: 80.0 %

========== Train Epoch 23 ==========
Loss: 0.178	Accuracy: 56 %	Time 31 s
Accuracy for class bzx   is: 43.8 %
Accuracy for class cwx   is: 42.9 %
Accuracy for class hdx   is: 24.0 %
Accuracy for class mtx   is: 18.5 %
Accuracy for class nqx   is: 38.9 %
Accuracy for class qtx   is: 83.8 %
Accuracy for class zxx   is: 85.0 %

========== Train Epoch 24 ==========
Loss: 0.182	Accuracy: 58 %	Time 30 s
Accuracy for class bzx   is: 37.5 %
Accuracy for class cwx   is: 46.4 %
Accuracy for class hdx   is: 32.0 %
Accuracy for class mtx   is: 29.6 %
Accuracy for class nqx   is: 44.4 %
Accuracy for class qtx   is: 81.1 %
Accuracy for class zxx   is: 83.3 %

========== Train Epoch 25 ==========
Loss: 0.126	Accuracy: 54 %	Time 30 s
Accuracy for class bzx   is: 62.5 %
Accuracy for class cwx   is: 46.4 %
Accuracy for class hdx   is: 12.0 %
Accuracy for class mtx   is: 18.5 %
Accuracy for class nqx   is: 44.4 %
Accuracy for class qtx   is: 83.8 %
Accuracy for class zxx   is: 76.7 %

========== Train Epoch 26 ==========
Loss: 0.066	Accuracy: 55 %	Time 30 s
Accuracy for class bzx   is: 37.5 %
Accuracy for class cwx   is: 39.3 %
Accuracy for class hdx   is: 28.0 %
Accuracy for class mtx   is: 14.8 %
Accuracy for class nqx   is: 38.9 %
Accuracy for class qtx   is: 89.2 %
Accuracy for class zxx   is: 83.3 %

========== Train Epoch 27 ==========
Loss: 0.097	Accuracy: 56 %	Time 31 s
Accuracy for class bzx   is: 31.2 %
Accuracy for class cwx   is: 50.0 %
Accuracy for class hdx   is: 24.0 %
Accuracy for class mtx   is: 22.2 %
Accuracy for class nqx   is: 38.9 %
Accuracy for class qtx   is: 81.1 %
Accuracy for class zxx   is: 85.0 %

========== Train Epoch 28 ==========
Loss: 0.148	Accuracy: 51 %	Time 30 s
Accuracy for class bzx   is: 37.5 %
Accuracy for class cwx   is: 35.7 %
Accuracy for class hdx   is: 4.0 %
Accuracy for class mtx   is: 25.9 %
Accuracy for class nqx   is: 33.3 %
Accuracy for class qtx   is: 81.1 %
Accuracy for class zxx   is: 80.0 %

========== Train Epoch 29 ==========
Loss: 0.075	Accuracy: 55 %	Time 31 s
Accuracy for class bzx   is: 37.5 %
Accuracy for class cwx   is: 42.9 %
Accuracy for class hdx   is: 20.0 %
Accuracy for class mtx   is: 25.9 %
Accuracy for class nqx   is: 38.9 %
Accuracy for class qtx   is: 86.5 %
Accuracy for class zxx   is: 81.7 %

========== Train Epoch 30 ==========
Loss: 0.047	Accuracy: 55 %	Time 31 s
Accuracy for class bzx   is: 37.5 %
Accuracy for class cwx   is: 42.9 %
Accuracy for class hdx   is: 28.0 %
Accuracy for class mtx   is: 22.2 %
Accuracy for class nqx   is: 44.4 %
Accuracy for class qtx   is: 83.8 %
Accuracy for class zxx   is: 78.3 %

========== Train Epoch 31 ==========
Loss: 0.060	Accuracy: 56 %	Time 31 s
Accuracy for class bzx   is: 56.2 %
Accuracy for class cwx   is: 39.3 %
Accuracy for class hdx   is: 28.0 %
Accuracy for class mtx   is: 18.5 %
Accuracy for class nqx   is: 44.4 %
Accuracy for class qtx   is: 83.8 %
Accuracy for class zxx   is: 81.7 %

========== Train Epoch 32 ==========
Loss: 0.108	Accuracy: 57 %	Time 31 s
Accuracy for class bzx   is: 56.2 %
Accuracy for class cwx   is: 39.3 %
Accuracy for class hdx   is: 28.0 %
Accuracy for class mtx   is: 22.2 %
Accuracy for class nqx   is: 44.4 %
Accuracy for class qtx   is: 81.1 %
Accuracy for class zxx   is: 83.3 %

========== Train Epoch 33 ==========
Loss: 0.043	Accuracy: 55 %	Time 33 s
Accuracy for class bzx   is: 37.5 %
Accuracy for class cwx   is: 39.3 %
Accuracy for class hdx   is: 24.0 %
Accuracy for class mtx   is: 14.8 %
Accuracy for class nqx   is: 38.9 %
Accuracy for class qtx   is: 86.5 %
Accuracy for class zxx   is: 85.0 %

========== Train Epoch 34 ==========
Loss: 0.079	Accuracy: 53 %	Time 31 s
Accuracy for class bzx   is: 43.8 %
Accuracy for class cwx   is: 35.7 %
Accuracy for class hdx   is: 16.0 %
Accuracy for class mtx   is: 18.5 %
Accuracy for class nqx   is: 27.8 %
Accuracy for class qtx   is: 83.8 %
Accuracy for class zxx   is: 85.0 %

========== Train Epoch 35 ==========
Loss: 0.131	Accuracy: 59 %	Time 31 s
Accuracy for class bzx   is: 50.0 %
Accuracy for class cwx   is: 64.3 %
Accuracy for class hdx   is: 12.0 %
Accuracy for class mtx   is: 22.2 %
Accuracy for class nqx   is: 44.4 %
Accuracy for class qtx   is: 86.5 %
Accuracy for class zxx   is: 83.3 %

========== Train Epoch 36 ==========
Loss: 0.099	Accuracy: 54 %	Time 32 s
Accuracy for class bzx   is: 37.5 %
Accuracy for class cwx   is: 39.3 %
Accuracy for class hdx   is: 32.0 %
Accuracy for class mtx   is: 25.9 %
Accuracy for class nqx   is: 44.4 %
Accuracy for class qtx   is: 78.4 %
Accuracy for class zxx   is: 76.7 %

========== Train Epoch 37 ==========
Loss: 0.146	Accuracy: 56 %	Time 31 s
Accuracy for class bzx   is: 43.8 %
Accuracy for class cwx   is: 57.1 %
Accuracy for class hdx   is: 24.0 %
Accuracy for class mtx   is: 29.6 %
Accuracy for class nqx   is: 27.8 %
Accuracy for class qtx   is: 86.5 %
Accuracy for class zxx   is: 75.0 %

========== Train Epoch 38 ==========
Loss: 0.060	Accuracy: 59 %	Time 30 s
Accuracy for class bzx   is: 56.2 %
Accuracy for class cwx   is: 50.0 %
Accuracy for class hdx   is: 24.0 %
Accuracy for class mtx   is: 22.2 %
Accuracy for class nqx   is: 38.9 %
Accuracy for class qtx   is: 83.8 %
Accuracy for class zxx   is: 86.7 %

========== Train Epoch 39 ==========
Loss: 0.045	Accuracy: 57 %	Time 30 s
Accuracy for class bzx   is: 37.5 %
Accuracy for class cwx   is: 39.3 %
Accuracy for class hdx   is: 36.0 %
Accuracy for class mtx   is: 14.8 %
Accuracy for class nqx   is: 44.4 %
Accuracy for class qtx   is: 91.9 %
Accuracy for class zxx   is: 81.7 %

========== Train Epoch 40 ==========
Loss: 0.018	Accuracy: 60 %	Time 31 s
Accuracy for class bzx   is: 50.0 %
Accuracy for class cwx   is: 57.1 %
Accuracy for class hdx   is: 28.0 %
Accuracy for class mtx   is: 29.6 %
Accuracy for class nqx   is: 38.9 %
Accuracy for class qtx   is: 86.5 %
Accuracy for class zxx   is: 81.7 %

========== Train Epoch 41 ==========
Loss: 0.040	Accuracy: 54 %	Time 31 s
Accuracy for class bzx   is: 25.0 %
Accuracy for class cwx   is: 35.7 %
Accuracy for class hdx   is: 28.0 %
Accuracy for class mtx   is: 25.9 %
Accuracy for class nqx   is: 44.4 %
Accuracy for class qtx   is: 89.2 %
Accuracy for class zxx   is: 78.3 %

========== Train Epoch 42 ==========
Loss: 0.050	Accuracy: 58 %	Time 31 s
Accuracy for class bzx   is: 50.0 %
Accuracy for class cwx   is: 57.1 %
Accuracy for class hdx   is: 16.0 %
Accuracy for class mtx   is: 18.5 %
Accuracy for class nqx   is: 38.9 %
Accuracy for class qtx   is: 89.2 %
Accuracy for class zxx   is: 83.3 %

========== Train Epoch 43 ==========
Loss: 0.079	Accuracy: 57 %	Time 32 s
Accuracy for class bzx   is: 56.2 %
Accuracy for class cwx   is: 57.1 %
Accuracy for class hdx   is: 20.0 %
Accuracy for class mtx   is: 18.5 %
Accuracy for class nqx   is: 44.4 %
Accuracy for class qtx   is: 81.1 %
Accuracy for class zxx   is: 81.7 %

========== Train Epoch 44 ==========
Loss: 0.080	Accuracy: 60 %	Time 31 s
Accuracy for class bzx   is: 62.5 %
Accuracy for class cwx   is: 46.4 %
Accuracy for class hdx   is: 28.0 %
Accuracy for class mtx   is: 18.5 %
Accuracy for class nqx   is: 44.4 %
Accuracy for class qtx   is: 89.2 %
Accuracy for class zxx   is: 85.0 %

========== Train Epoch 45 ==========
Loss: 0.032	Accuracy: 55 %	Time 30 s
Accuracy for class bzx   is: 56.2 %
Accuracy for class cwx   is: 50.0 %
Accuracy for class hdx   is: 16.0 %
Accuracy for class mtx   is: 14.8 %
Accuracy for class nqx   is: 44.4 %
Accuracy for class qtx   is: 86.5 %
Accuracy for class zxx   is: 78.3 %

========== Train Epoch 46 ==========
Loss: 0.027	Accuracy: 56 %	Time 30 s
Accuracy for class bzx   is: 56.2 %
Accuracy for class cwx   is: 53.6 %
Accuracy for class hdx   is: 12.0 %
Accuracy for class mtx   is: 7.4 %
Accuracy for class nqx   is: 44.4 %
Accuracy for class qtx   is: 91.9 %
Accuracy for class zxx   is: 81.7 %

========== Train Epoch 47 ==========
Loss: 0.088	Accuracy: 58 %	Time 31 s
Accuracy for class bzx   is: 62.5 %
Accuracy for class cwx   is: 46.4 %
Accuracy for class hdx   is: 32.0 %
Accuracy for class mtx   is: 18.5 %
Accuracy for class nqx   is: 44.4 %
Accuracy for class qtx   is: 83.8 %
Accuracy for class zxx   is: 80.0 %

========== Train Epoch 48 ==========
Loss: 0.024	Accuracy: 60 %	Time 30 s
Accuracy for class bzx   is: 50.0 %
Accuracy for class cwx   is: 53.6 %
Accuracy for class hdx   is: 32.0 %
Accuracy for class mtx   is: 33.3 %
Accuracy for class nqx   is: 44.4 %
Accuracy for class qtx   is: 86.5 %
Accuracy for class zxx   is: 80.0 %

========== Train Epoch 49 ==========
Loss: 0.023	Accuracy: 57 %	Time 31 s
Accuracy for class bzx   is: 56.2 %
Accuracy for class cwx   is: 50.0 %
Accuracy for class hdx   is: 12.0 %
Accuracy for class mtx   is: 29.6 %
Accuracy for class nqx   is: 33.3 %
Accuracy for class qtx   is: 89.2 %
Accuracy for class zxx   is: 81.7 %

========== Train Epoch 50 ==========
Loss: 0.069	Accuracy: 56 %	Time 31 s
Accuracy for class bzx   is: 43.8 %
Accuracy for class cwx   is: 50.0 %
Accuracy for class hdx   is: 16.0 %
Accuracy for class mtx   is: 29.6 %
Accuracy for class nqx   is: 44.4 %
Accuracy for class qtx   is: 81.1 %
Accuracy for class zxx   is: 81.7 %

========== Train Epoch 51 ==========
Loss: 0.037	Accuracy: 54 %	Time 32 s
Accuracy for class bzx   is: 56.2 %
Accuracy for class cwx   is: 42.9 %
Accuracy for class hdx   is: 8.0 %
Accuracy for class mtx   is: 25.9 %
Accuracy for class nqx   is: 44.4 %
Accuracy for class qtx   is: 83.8 %
Accuracy for class zxx   is: 78.3 %

========== Train Epoch 52 ==========
Loss: 0.017	Accuracy: 58 %	Time 31 s
Accuracy for class bzx   is: 56.2 %
Accuracy for class cwx   is: 46.4 %
Accuracy for class hdx   is: 36.0 %
Accuracy for class mtx   is: 18.5 %
Accuracy for class nqx   is: 38.9 %
Accuracy for class qtx   is: 81.1 %
Accuracy for class zxx   is: 85.0 %

========== Train Epoch 53 ==========
Loss: 0.017	Accuracy: 59 %	Time 30 s
Accuracy for class bzx   is: 43.8 %
Accuracy for class cwx   is: 50.0 %
Accuracy for class hdx   is: 20.0 %
Accuracy for class mtx   is: 33.3 %
Accuracy for class nqx   is: 38.9 %
Accuracy for class qtx   is: 86.5 %
Accuracy for class zxx   is: 86.7 %

========== Train Epoch 54 ==========
Loss: 0.006	Accuracy: 58 %	Time 31 s
Accuracy for class bzx   is: 43.8 %
Accuracy for class cwx   is: 50.0 %
Accuracy for class hdx   is: 40.0 %
Accuracy for class mtx   is: 25.9 %
Accuracy for class nqx   is: 33.3 %
Accuracy for class qtx   is: 83.8 %
Accuracy for class zxx   is: 81.7 %

========== Train Epoch 55 ==========
Loss: 0.011	Accuracy: 58 %	Time 31 s
Accuracy for class bzx   is: 50.0 %
Accuracy for class cwx   is: 60.7 %
Accuracy for class hdx   is: 20.0 %
Accuracy for class mtx   is: 22.2 %
Accuracy for class nqx   is: 44.4 %
Accuracy for class qtx   is: 81.1 %
Accuracy for class zxx   is: 83.3 %

========== Train Epoch 56 ==========
Loss: 0.002	Accuracy: 58 %	Time 31 s
Accuracy for class bzx   is: 37.5 %
Accuracy for class cwx   is: 57.1 %
Accuracy for class hdx   is: 24.0 %
Accuracy for class mtx   is: 18.5 %
Accuracy for class nqx   is: 44.4 %
Accuracy for class qtx   is: 83.8 %
Accuracy for class zxx   is: 85.0 %

========== Train Epoch 57 ==========
Loss: 0.002	Accuracy: 59 %	Time 31 s
Accuracy for class bzx   is: 50.0 %
Accuracy for class cwx   is: 53.6 %
Accuracy for class hdx   is: 24.0 %
Accuracy for class mtx   is: 25.9 %
Accuracy for class nqx   is: 44.4 %
Accuracy for class qtx   is: 83.8 %
Accuracy for class zxx   is: 83.3 %

========== Train Epoch 58 ==========
Loss: 0.007	Accuracy: 58 %	Time 30 s
Accuracy for class bzx   is: 50.0 %
Accuracy for class cwx   is: 60.7 %
Accuracy for class hdx   is: 16.0 %
Accuracy for class mtx   is: 18.5 %
Accuracy for class nqx   is: 44.4 %
Accuracy for class qtx   is: 83.8 %
Accuracy for class zxx   is: 83.3 %

========== Train Epoch 59 ==========
Loss: 0.068	Accuracy: 57 %	Time 31 s
Accuracy for class bzx   is: 43.8 %
Accuracy for class cwx   is: 46.4 %
Accuracy for class hdx   is: 24.0 %
Accuracy for class mtx   is: 29.6 %
Accuracy for class nqx   is: 33.3 %
Accuracy for class qtx   is: 89.2 %
Accuracy for class zxx   is: 81.7 %

========== Train Epoch 60 ==========
Loss: 0.048	Accuracy: 56 %	Time 31 s
Accuracy for class bzx   is: 43.8 %
Accuracy for class cwx   is: 42.9 %
Accuracy for class hdx   is: 28.0 %
Accuracy for class mtx   is: 25.9 %
Accuracy for class nqx   is: 38.9 %
Accuracy for class qtx   is: 86.5 %
Accuracy for class zxx   is: 78.3 %

========== Train Epoch 61 ==========
Loss: 0.096	Accuracy: 55 %	Time 31 s
Accuracy for class bzx   is: 50.0 %
Accuracy for class cwx   is: 42.9 %
Accuracy for class hdx   is: 32.0 %
Accuracy for class mtx   is: 18.5 %
Accuracy for class nqx   is: 44.4 %
Accuracy for class qtx   is: 83.8 %
Accuracy for class zxx   is: 75.0 %

========== Train Epoch 62 ==========
Loss: 0.099	Accuracy: 57 %	Time 32 s
Accuracy for class bzx   is: 62.5 %
Accuracy for class cwx   is: 32.1 %
Accuracy for class hdx   is: 28.0 %
Accuracy for class mtx   is: 25.9 %
Accuracy for class nqx   is: 44.4 %
Accuracy for class qtx   is: 83.8 %
Accuracy for class zxx   is: 81.7 %

========== Train Epoch 63 ==========
Loss: 0.079	Accuracy: 55 %	Time 30 s
Accuracy for class bzx   is: 43.8 %
Accuracy for class cwx   is: 46.4 %
Accuracy for class hdx   is: 24.0 %
Accuracy for class mtx   is: 29.6 %
Accuracy for class nqx   is: 38.9 %
Accuracy for class qtx   is: 89.2 %
Accuracy for class zxx   is: 73.3 %

========== Train Epoch 64 ==========
Loss: 0.031	Accuracy: 54 %	Time 31 s
Accuracy for class bzx   is: 37.5 %
Accuracy for class cwx   is: 39.3 %
Accuracy for class hdx   is: 20.0 %
Accuracy for class mtx   is: 18.5 %
Accuracy for class nqx   is: 44.4 %
Accuracy for class qtx   is: 83.8 %
Accuracy for class zxx   is: 81.7 %
Finished training!!!

Min loss = 0.002 in epoch 55;
max Accuracy = 60.66% in epoch 47;
Total Time 33 minutes

batch_size = 10
epochs = 64
loss_function = CrossEntropyLoss()
optimizer = Adam (
Parameter Group 0
    amsgrad: False
    betas: (0.9, 0.999)
    eps: 1e-08
    lr: 0.0001
    weight_decay: 0
)

AlexNet(
  (features): Sequential(
    (0): Conv2d(3, 64, kernel_size=(11, 11), stride=(4, 4), padding=(2, 2))
    (1): ReLU(inplace=True)
    (2): MaxPool2d(kernel_size=3, stride=2, padding=0, dilation=1, ceil_mode=False)
    (3): Conv2d(64, 192, kernel_size=(5, 5), stride=(1, 1), padding=(2, 2))
    (4): ReLU(inplace=True)
    (5): MaxPool2d(kernel_size=3, stride=2, padding=0, dilation=1, ceil_mode=False)
    (6): Conv2d(192, 384, kernel_size=(3, 3), stride=(1, 1), padding=(1, 1))
    (7): ReLU(inplace=True)
    (8): Conv2d(384, 256, kernel_size=(3, 3), stride=(1, 1), padding=(1, 1))
    (9): ReLU(inplace=True)
    (10): Conv2d(256, 256, kernel_size=(3, 3), stride=(1, 1), padding=(1, 1))
    (11): ReLU(inplace=True)
    (12): MaxPool2d(kernel_size=3, stride=2, padding=0, dilation=1, ceil_mode=False)
  )
  (avgpool): AdaptiveAvgPool2d(output_size=(6, 6))
  (classifier): Sequential(
    (0): Dropout(p=0.5, inplace=False)
    (1): Linear(in_features=9216, out_features=4096, bias=True)
    (2): ReLU(inplace=True)
    (3): Dropout(p=0.5, inplace=False)
    (4): Linear(in_features=4096, out_features=4096, bias=True)
    (5): ReLU(inplace=True)
    (6): Linear(in_features=4096, out_features=7, bias=True)
  )
)

