dataset_path: /home/djy/dataset/dataset
Train Model: ResNet, pretrained : False , Using device cuda:0

resnet34_rgb
parallel_train : False

========== Train Epoch 1 ==========
Loss: 1.871	Accuracy: 32 %	Time 37 s
Accuracy for class bzx   is: 0.0 %
Accuracy for class cwx   is: 4.8 %
Accuracy for class hdx   is: 15.8 %
Accuracy for class mtx   is: 0.0 %
Accuracy for class nqx   is: 5.3 %
Accuracy for class qtx   is: 48.4 %
Accuracy for class zxx   is: 68.9 %

========== Train Epoch 2 ==========
Loss: 1.590	Accuracy: 33 %	Time 40 s
Accuracy for class bzx   is: 0.0 %
Accuracy for class cwx   is: 0.0 %
Accuracy for class hdx   is: 47.4 %
Accuracy for class mtx   is: 12.5 %
Accuracy for class nqx   is: 0.0 %
Accuracy for class qtx   is: 19.4 %
Accuracy for class zxx   is: 75.4 %

========== Train Epoch 3 ==========
Loss: 1.409	Accuracy: 47 %	Time 39 s
Accuracy for class bzx   is: 19.0 %
Accuracy for class cwx   is: 28.6 %
Accuracy for class hdx   is: 0.0 %
Accuracy for class mtx   is: 18.8 %
Accuracy for class nqx   is: 42.1 %
Accuracy for class qtx   is: 71.0 %
Accuracy for class zxx   is: 75.4 %

========== Train Epoch 4 ==========
Loss: 1.185	Accuracy: 45 %	Time 39 s
Accuracy for class bzx   is: 14.3 %
Accuracy for class cwx   is: 33.3 %
Accuracy for class hdx   is: 10.5 %
Accuracy for class mtx   is: 43.8 %
Accuracy for class nqx   is: 57.9 %
Accuracy for class qtx   is: 61.3 %
Accuracy for class zxx   is: 60.7 %

========== Train Epoch 5 ==========
Loss: 1.001	Accuracy: 43 %	Time 39 s
Accuracy for class bzx   is: 81.0 %
Accuracy for class cwx   is: 47.6 %
Accuracy for class hdx   is: 15.8 %
Accuracy for class mtx   is: 12.5 %
Accuracy for class nqx   is: 5.3 %
Accuracy for class qtx   is: 58.1 %
Accuracy for class zxx   is: 49.2 %

========== Train Epoch 6 ==========
Loss: 0.790	Accuracy: 45 %	Time 38 s
Accuracy for class bzx   is: 14.3 %
Accuracy for class cwx   is: 71.4 %
Accuracy for class hdx   is: 5.3 %
Accuracy for class mtx   is: 0.0 %
Accuracy for class nqx   is: 15.8 %
Accuracy for class qtx   is: 45.2 %
Accuracy for class zxx   is: 80.3 %

========== Train Epoch 7 ==========
Loss: 0.602	Accuracy: 25 %	Time 40 s
Accuracy for class bzx   is: 4.8 %
Accuracy for class cwx   is: 9.5 %
Accuracy for class hdx   is: 0.0 %
Accuracy for class mtx   is: 100.0 %
Accuracy for class nqx   is: 10.5 %
Accuracy for class qtx   is: 12.9 %
Accuracy for class zxx   is: 37.7 %

========== Train Epoch 8 ==========
Loss: 0.371	Accuracy: 37 %	Time 39 s
Accuracy for class bzx   is: 4.8 %
Accuracy for class cwx   is: 14.3 %
Accuracy for class hdx   is: 0.0 %
Accuracy for class mtx   is: 6.2 %
Accuracy for class nqx   is: 89.5 %
Accuracy for class qtx   is: 51.6 %
Accuracy for class zxx   is: 54.1 %

========== Train Epoch 9 ==========
Loss: 0.245	Accuracy: 30 %	Time 40 s
Accuracy for class bzx   is: 95.2 %
Accuracy for class cwx   is: 4.8 %
Accuracy for class hdx   is: 5.3 %
Accuracy for class mtx   is: 18.8 %
Accuracy for class nqx   is: 5.3 %
Accuracy for class qtx   is: 54.8 %
Accuracy for class zxx   is: 24.6 %

========== Train Epoch 10 ==========
Loss: 0.182	Accuracy: 47 %	Time 39 s
Accuracy for class bzx   is: 28.6 %
Accuracy for class cwx   is: 9.5 %
Accuracy for class hdx   is: 5.3 %
Accuracy for class mtx   is: 12.5 %
Accuracy for class nqx   is: 89.5 %
Accuracy for class qtx   is: 38.7 %
Accuracy for class zxx   is: 80.3 %

========== Train Epoch 11 ==========
Loss: 0.149	Accuracy: 48 %	Time 39 s
Accuracy for class bzx   is: 28.6 %
Accuracy for class cwx   is: 38.1 %
Accuracy for class hdx   is: 31.6 %
Accuracy for class mtx   is: 12.5 %
Accuracy for class nqx   is: 42.1 %
Accuracy for class qtx   is: 58.1 %
Accuracy for class zxx   is: 72.1 %

========== Train Epoch 12 ==========
Loss: 0.069	Accuracy: 55 %	Time 39 s
Accuracy for class bzx   is: 33.3 %
Accuracy for class cwx   is: 33.3 %
Accuracy for class hdx   is: 15.8 %
Accuracy for class mtx   is: 18.8 %
Accuracy for class nqx   is: 73.7 %
Accuracy for class qtx   is: 71.0 %
Accuracy for class zxx   is: 78.7 %

========== Train Epoch 13 ==========
Loss: 0.082	Accuracy: 53 %	Time 43 s
Accuracy for class bzx   is: 14.3 %
Accuracy for class cwx   is: 38.1 %
Accuracy for class hdx   is: 26.3 %
Accuracy for class mtx   is: 18.8 %
Accuracy for class nqx   is: 73.7 %
Accuracy for class qtx   is: 61.3 %
Accuracy for class zxx   is: 78.7 %

========== Train Epoch 14 ==========
Loss: 0.077	Accuracy: 55 %	Time 40 s
Accuracy for class bzx   is: 52.4 %
Accuracy for class cwx   is: 23.8 %
Accuracy for class hdx   is: 5.3 %
Accuracy for class mtx   is: 12.5 %
Accuracy for class nqx   is: 47.4 %
Accuracy for class qtx   is: 67.7 %
Accuracy for class zxx   is: 90.2 %

========== Train Epoch 15 ==========
Loss: 0.092	Accuracy: 51 %	Time 40 s
Accuracy for class bzx   is: 47.6 %
Accuracy for class cwx   is: 38.1 %
Accuracy for class hdx   is: 5.3 %
Accuracy for class mtx   is: 6.2 %
Accuracy for class nqx   is: 68.4 %
Accuracy for class qtx   is: 51.6 %
Accuracy for class zxx   is: 78.7 %

========== Train Epoch 16 ==========
Loss: 0.084	Accuracy: 52 %	Time 38 s
Accuracy for class bzx   is: 9.5 %
Accuracy for class cwx   is: 38.1 %
Accuracy for class hdx   is: 5.3 %
Accuracy for class mtx   is: 43.8 %
Accuracy for class nqx   is: 47.4 %
Accuracy for class qtx   is: 58.1 %
Accuracy for class zxx   is: 88.5 %

========== Train Epoch 17 ==========
Loss: 0.071	Accuracy: 45 %	Time 38 s
Accuracy for class bzx   is: 42.9 %
Accuracy for class cwx   is: 33.3 %
Accuracy for class hdx   is: 0.0 %
Accuracy for class mtx   is: 56.2 %
Accuracy for class nqx   is: 10.5 %
Accuracy for class qtx   is: 64.5 %
Accuracy for class zxx   is: 63.9 %

========== Train Epoch 18 ==========
Loss: 0.044	Accuracy: 53 %	Time 40 s
Accuracy for class bzx   is: 47.6 %
Accuracy for class cwx   is: 47.6 %
Accuracy for class hdx   is: 5.3 %
Accuracy for class mtx   is: 6.2 %
Accuracy for class nqx   is: 52.6 %
Accuracy for class qtx   is: 77.4 %
Accuracy for class zxx   is: 72.1 %

========== Train Epoch 19 ==========
Loss: 0.044	Accuracy: 54 %	Time 40 s
Accuracy for class bzx   is: 52.4 %
Accuracy for class cwx   is: 23.8 %
Accuracy for class hdx   is: 15.8 %
Accuracy for class mtx   is: 12.5 %
Accuracy for class nqx   is: 84.2 %
Accuracy for class qtx   is: 51.6 %
Accuracy for class zxx   is: 82.0 %

========== Train Epoch 20 ==========
Loss: 0.019	Accuracy: 50 %	Time 39 s
Accuracy for class bzx   is: 28.6 %
Accuracy for class cwx   is: 33.3 %
Accuracy for class hdx   is: 5.3 %
Accuracy for class mtx   is: 18.8 %
Accuracy for class nqx   is: 36.8 %
Accuracy for class qtx   is: 80.6 %
Accuracy for class zxx   is: 75.4 %

========== Train Epoch 21 ==========
Loss: 0.021	Accuracy: 48 %	Time 40 s
Accuracy for class bzx   is: 14.3 %
Accuracy for class cwx   is: 19.0 %
Accuracy for class hdx   is: 0.0 %
Accuracy for class mtx   is: 31.2 %
Accuracy for class nqx   is: 31.6 %
Accuracy for class qtx   is: 54.8 %
Accuracy for class zxx   is: 91.8 %

========== Train Epoch 22 ==========
Loss: 0.014	Accuracy: 53 %	Time 40 s
Accuracy for class bzx   is: 23.8 %
Accuracy for class cwx   is: 57.1 %
Accuracy for class hdx   is: 0.0 %
Accuracy for class mtx   is: 12.5 %
Accuracy for class nqx   is: 47.4 %
Accuracy for class qtx   is: 67.7 %
Accuracy for class zxx   is: 85.2 %

========== Train Epoch 23 ==========
Loss: 0.008	Accuracy: 51 %	Time 39 s
Accuracy for class bzx   is: 47.6 %
Accuracy for class cwx   is: 42.9 %
Accuracy for class hdx   is: 5.3 %
Accuracy for class mtx   is: 18.8 %
Accuracy for class nqx   is: 57.9 %
Accuracy for class qtx   is: 71.0 %
Accuracy for class zxx   is: 67.2 %

========== Train Epoch 24 ==========
Loss: 0.006	Accuracy: 55 %	Time 42 s
Accuracy for class bzx   is: 38.1 %
Accuracy for class cwx   is: 38.1 %
Accuracy for class hdx   is: 0.0 %
Accuracy for class mtx   is: 25.0 %
Accuracy for class nqx   is: 52.6 %
Accuracy for class qtx   is: 71.0 %
Accuracy for class zxx   is: 86.9 %

========== Train Epoch 25 ==========
Loss: 0.004	Accuracy: 55 %	Time 39 s
Accuracy for class bzx   is: 33.3 %
Accuracy for class cwx   is: 38.1 %
Accuracy for class hdx   is: 0.0 %
Accuracy for class mtx   is: 25.0 %
Accuracy for class nqx   is: 52.6 %
Accuracy for class qtx   is: 80.6 %
Accuracy for class zxx   is: 82.0 %

========== Train Epoch 26 ==========
Loss: 0.007	Accuracy: 55 %	Time 38 s
Accuracy for class bzx   is: 38.1 %
Accuracy for class cwx   is: 38.1 %
Accuracy for class hdx   is: 0.0 %
Accuracy for class mtx   is: 31.2 %
Accuracy for class nqx   is: 36.8 %
Accuracy for class qtx   is: 87.1 %
Accuracy for class zxx   is: 82.0 %

========== Train Epoch 27 ==========
Loss: 0.012	Accuracy: 52 %	Time 39 s
Accuracy for class bzx   is: 42.9 %
Accuracy for class cwx   is: 66.7 %
Accuracy for class hdx   is: 10.5 %
Accuracy for class mtx   is: 25.0 %
Accuracy for class nqx   is: 15.8 %
Accuracy for class qtx   is: 87.1 %
Accuracy for class zxx   is: 63.9 %

========== Train Epoch 28 ==========
Loss: 0.009	Accuracy: 51 %	Time 41 s
Accuracy for class bzx   is: 42.9 %
Accuracy for class cwx   is: 38.1 %
Accuracy for class hdx   is: 5.3 %
Accuracy for class mtx   is: 25.0 %
Accuracy for class nqx   is: 42.1 %
Accuracy for class qtx   is: 71.0 %
Accuracy for class zxx   is: 72.1 %

========== Train Epoch 29 ==========
Loss: 0.010	Accuracy: 53 %	Time 39 s
Accuracy for class bzx   is: 33.3 %
Accuracy for class cwx   is: 23.8 %
Accuracy for class hdx   is: 0.0 %
Accuracy for class mtx   is: 25.0 %
Accuracy for class nqx   is: 42.1 %
Accuracy for class qtx   is: 74.2 %
Accuracy for class zxx   is: 88.5 %

========== Train Epoch 30 ==========
Loss: 0.006	Accuracy: 55 %	Time 41 s
Accuracy for class bzx   is: 38.1 %
Accuracy for class cwx   is: 33.3 %
Accuracy for class hdx   is: 0.0 %
Accuracy for class mtx   is: 31.2 %
Accuracy for class nqx   is: 57.9 %
Accuracy for class qtx   is: 80.6 %
Accuracy for class zxx   is: 80.3 %

========== Train Epoch 31 ==========
Loss: 0.017	Accuracy: 51 %	Time 38 s
Accuracy for class bzx   is: 28.6 %
Accuracy for class cwx   is: 28.6 %
Accuracy for class hdx   is: 15.8 %
Accuracy for class mtx   is: 31.2 %
Accuracy for class nqx   is: 36.8 %
Accuracy for class qtx   is: 87.1 %
Accuracy for class zxx   is: 68.9 %

========== Train Epoch 32 ==========
Loss: 0.028	Accuracy: 50 %	Time 39 s
Accuracy for class bzx   is: 47.6 %
Accuracy for class cwx   is: 19.0 %
Accuracy for class hdx   is: 5.3 %
Accuracy for class mtx   is: 18.8 %
Accuracy for class nqx   is: 52.6 %
Accuracy for class qtx   is: 74.2 %
Accuracy for class zxx   is: 70.5 %

========== Train Epoch 33 ==========
Loss: 0.150	Accuracy: 38 %	Time 38 s
Accuracy for class bzx   is: 42.9 %
Accuracy for class cwx   is: 9.5 %
Accuracy for class hdx   is: 15.8 %
Accuracy for class mtx   is: 0.0 %
Accuracy for class nqx   is: 15.8 %
Accuracy for class qtx   is: 83.9 %
Accuracy for class zxx   is: 47.5 %

========== Train Epoch 34 ==========
Loss: 0.583	Accuracy: 12 %	Time 39 s
Accuracy for class bzx   is: 4.8 %
Accuracy for class cwx   is: 0.0 %
Accuracy for class hdx   is: 10.5 %
Accuracy for class mtx   is: 6.2 %
Accuracy for class nqx   is: 100.0 %
Accuracy for class qtx   is: 0.0 %
Accuracy for class zxx   is: 0.0 %

========== Train Epoch 35 ==========
Loss: 0.538	Accuracy: 44 %	Time 39 s
Accuracy for class bzx   is: 52.4 %
Accuracy for class cwx   is: 9.5 %
Accuracy for class hdx   is: 0.0 %
Accuracy for class mtx   is: 25.0 %
Accuracy for class nqx   is: 36.8 %
Accuracy for class qtx   is: 51.6 %
Accuracy for class zxx   is: 72.1 %

========== Train Epoch 36 ==========
Loss: 0.189	Accuracy: 49 %	Time 39 s
Accuracy for class bzx   is: 28.6 %
Accuracy for class cwx   is: 38.1 %
Accuracy for class hdx   is: 5.3 %
Accuracy for class mtx   is: 31.2 %
Accuracy for class nqx   is: 42.1 %
Accuracy for class qtx   is: 71.0 %
Accuracy for class zxx   is: 70.5 %

========== Train Epoch 37 ==========
Loss: 0.059	Accuracy: 51 %	Time 40 s
Accuracy for class bzx   is: 33.3 %
Accuracy for class cwx   is: 33.3 %
Accuracy for class hdx   is: 5.3 %
Accuracy for class mtx   is: 25.0 %
Accuracy for class nqx   is: 42.1 %
Accuracy for class qtx   is: 67.7 %
Accuracy for class zxx   is: 78.7 %

========== Train Epoch 38 ==========
Loss: 0.052	Accuracy: 50 %	Time 39 s
Accuracy for class bzx   is: 33.3 %
Accuracy for class cwx   is: 33.3 %
Accuracy for class hdx   is: 15.8 %
Accuracy for class mtx   is: 12.5 %
Accuracy for class nqx   is: 42.1 %
Accuracy for class qtx   is: 77.4 %
Accuracy for class zxx   is: 72.1 %

========== Train Epoch 39 ==========
Loss: 0.046	Accuracy: 48 %	Time 39 s
Accuracy for class bzx   is: 19.0 %
Accuracy for class cwx   is: 47.6 %
Accuracy for class hdx   is: 10.5 %
Accuracy for class mtx   is: 12.5 %
Accuracy for class nqx   is: 5.3 %
Accuracy for class qtx   is: 77.4 %
Accuracy for class zxx   is: 78.7 %

========== Train Epoch 40 ==========
Loss: 0.023	Accuracy: 55 %	Time 40 s
Accuracy for class bzx   is: 19.0 %
Accuracy for class cwx   is: 52.4 %
Accuracy for class hdx   is: 10.5 %
Accuracy for class mtx   is: 18.8 %
Accuracy for class nqx   is: 42.1 %
Accuracy for class qtx   is: 80.6 %
Accuracy for class zxx   is: 85.2 %

========== Train Epoch 41 ==========
Loss: 0.010	Accuracy: 53 %	Time 39 s
Accuracy for class bzx   is: 9.5 %
Accuracy for class cwx   is: 52.4 %
Accuracy for class hdx   is: 15.8 %
Accuracy for class mtx   is: 18.8 %
Accuracy for class nqx   is: 31.6 %
Accuracy for class qtx   is: 77.4 %
Accuracy for class zxx   is: 83.6 %

========== Train Epoch 42 ==========
Loss: 0.009	Accuracy: 52 %	Time 40 s
Accuracy for class bzx   is: 23.8 %
Accuracy for class cwx   is: 38.1 %
Accuracy for class hdx   is: 10.5 %
Accuracy for class mtx   is: 25.0 %
Accuracy for class nqx   is: 26.3 %
Accuracy for class qtx   is: 80.6 %
Accuracy for class zxx   is: 80.3 %

========== Train Epoch 43 ==========
Loss: 0.005	Accuracy: 53 %	Time 39 s
Accuracy for class bzx   is: 23.8 %
Accuracy for class cwx   is: 47.6 %
Accuracy for class hdx   is: 5.3 %
Accuracy for class mtx   is: 25.0 %
Accuracy for class nqx   is: 31.6 %
Accuracy for class qtx   is: 80.6 %
Accuracy for class zxx   is: 80.3 %

========== Train Epoch 44 ==========
Loss: 0.005	Accuracy: 54 %	Time 38 s
Accuracy for class bzx   is: 23.8 %
Accuracy for class cwx   is: 38.1 %
Accuracy for class hdx   is: 5.3 %
Accuracy for class mtx   is: 25.0 %
Accuracy for class nqx   is: 52.6 %
Accuracy for class qtx   is: 74.2 %
Accuracy for class zxx   is: 83.6 %

========== Train Epoch 45 ==========
Loss: 0.006	Accuracy: 51 %	Time 40 s
Accuracy for class bzx   is: 33.3 %
Accuracy for class cwx   is: 38.1 %
Accuracy for class hdx   is: 10.5 %
Accuracy for class mtx   is: 18.8 %
Accuracy for class nqx   is: 36.8 %
Accuracy for class qtx   is: 80.6 %
Accuracy for class zxx   is: 73.8 %

========== Train Epoch 46 ==========
Loss: 0.005	Accuracy: 53 %	Time 40 s
Accuracy for class bzx   is: 28.6 %
Accuracy for class cwx   is: 42.9 %
Accuracy for class hdx   is: 0.0 %
Accuracy for class mtx   is: 18.8 %
Accuracy for class nqx   is: 26.3 %
Accuracy for class qtx   is: 83.9 %
Accuracy for class zxx   is: 83.6 %

========== Train Epoch 47 ==========
Loss: 0.003	Accuracy: 50 %	Time 40 s
Accuracy for class bzx   is: 23.8 %
Accuracy for class cwx   is: 38.1 %
Accuracy for class hdx   is: 5.3 %
Accuracy for class mtx   is: 18.8 %
Accuracy for class nqx   is: 21.1 %
Accuracy for class qtx   is: 77.4 %
Accuracy for class zxx   is: 82.0 %

========== Train Epoch 48 ==========
Loss: 0.003	Accuracy: 50 %	Time 39 s
Accuracy for class bzx   is: 28.6 %
Accuracy for class cwx   is: 33.3 %
Accuracy for class hdx   is: 5.3 %
Accuracy for class mtx   is: 18.8 %
Accuracy for class nqx   is: 21.1 %
Accuracy for class qtx   is: 77.4 %
Accuracy for class zxx   is: 80.3 %

========== Train Epoch 49 ==========
Loss: 0.004	Accuracy: 52 %	Time 39 s
Accuracy for class bzx   is: 23.8 %
Accuracy for class cwx   is: 38.1 %
Accuracy for class hdx   is: 5.3 %
Accuracy for class mtx   is: 18.8 %
Accuracy for class nqx   is: 36.8 %
Accuracy for class qtx   is: 77.4 %
Accuracy for class zxx   is: 82.0 %

========== Train Epoch 50 ==========
Loss: 0.003	Accuracy: 51 %	Time 39 s
Accuracy for class bzx   is: 19.0 %
Accuracy for class cwx   is: 42.9 %
Accuracy for class hdx   is: 5.3 %
Accuracy for class mtx   is: 18.8 %
Accuracy for class nqx   is: 36.8 %
Accuracy for class qtx   is: 77.4 %
Accuracy for class zxx   is: 78.7 %

========== Train Epoch 51 ==========
Loss: 0.002	Accuracy: 51 %	Time 40 s
Accuracy for class bzx   is: 19.0 %
Accuracy for class cwx   is: 33.3 %
Accuracy for class hdx   is: 10.5 %
Accuracy for class mtx   is: 18.8 %
Accuracy for class nqx   is: 42.1 %
Accuracy for class qtx   is: 77.4 %
Accuracy for class zxx   is: 80.3 %

========== Train Epoch 52 ==========
Loss: 0.010	Accuracy: 51 %	Time 39 s
Accuracy for class bzx   is: 28.6 %
Accuracy for class cwx   is: 47.6 %
Accuracy for class hdx   is: 0.0 %
Accuracy for class mtx   is: 18.8 %
Accuracy for class nqx   is: 36.8 %
Accuracy for class qtx   is: 77.4 %
Accuracy for class zxx   is: 75.4 %

========== Train Epoch 53 ==========
Loss: 0.064	Accuracy: 46 %	Time 38 s
Accuracy for class bzx   is: 14.3 %
Accuracy for class cwx   is: 38.1 %
Accuracy for class hdx   is: 0.0 %
Accuracy for class mtx   is: 6.2 %
Accuracy for class nqx   is: 5.3 %
Accuracy for class qtx   is: 54.8 %
Accuracy for class zxx   is: 93.4 %

========== Train Epoch 54 ==========
Loss: 0.057	Accuracy: 47 %	Time 40 s
Accuracy for class bzx   is: 52.4 %
Accuracy for class cwx   is: 38.1 %
Accuracy for class hdx   is: 5.3 %
Accuracy for class mtx   is: 25.0 %
Accuracy for class nqx   is: 26.3 %
Accuracy for class qtx   is: 71.0 %
Accuracy for class zxx   is: 63.9 %

========== Train Epoch 55 ==========
Loss: 0.050	Accuracy: 52 %	Time 41 s
Accuracy for class bzx   is: 14.3 %
Accuracy for class cwx   is: 47.6 %
Accuracy for class hdx   is: 21.1 %
Accuracy for class mtx   is: 25.0 %
Accuracy for class nqx   is: 31.6 %
Accuracy for class qtx   is: 71.0 %
Accuracy for class zxx   is: 82.0 %

========== Train Epoch 56 ==========
Loss: 0.075	Accuracy: 48 %	Time 39 s
Accuracy for class bzx   is: 9.5 %
Accuracy for class cwx   is: 23.8 %
Accuracy for class hdx   is: 0.0 %
Accuracy for class mtx   is: 25.0 %
Accuracy for class nqx   is: 26.3 %
Accuracy for class qtx   is: 77.4 %
Accuracy for class zxx   is: 83.6 %

========== Train Epoch 57 ==========
Loss: 0.179	Accuracy: 43 %	Time 39 s
Accuracy for class bzx   is: 19.0 %
Accuracy for class cwx   is: 14.3 %
Accuracy for class hdx   is: 5.3 %
Accuracy for class mtx   is: 31.2 %
Accuracy for class nqx   is: 52.6 %
Accuracy for class qtx   is: 29.0 %
Accuracy for class zxx   is: 82.0 %

========== Train Epoch 58 ==========
Loss: 0.147	Accuracy: 47 %	Time 41 s
Accuracy for class bzx   is: 28.6 %
Accuracy for class cwx   is: 4.8 %
Accuracy for class hdx   is: 26.3 %
Accuracy for class mtx   is: 12.5 %
Accuracy for class nqx   is: 63.2 %
Accuracy for class qtx   is: 64.5 %
Accuracy for class zxx   is: 72.1 %

========== Train Epoch 59 ==========
Loss: 0.231	Accuracy: 46 %	Time 41 s
Accuracy for class bzx   is: 66.7 %
Accuracy for class cwx   is: 9.5 %
Accuracy for class hdx   is: 0.0 %
Accuracy for class mtx   is: 12.5 %
Accuracy for class nqx   is: 5.3 %
Accuracy for class qtx   is: 74.2 %
Accuracy for class zxx   is: 73.8 %

========== Train Epoch 60 ==========
Loss: 0.186	Accuracy: 50 %	Time 40 s
Accuracy for class bzx   is: 19.0 %
Accuracy for class cwx   is: 19.0 %
Accuracy for class hdx   is: 5.3 %
Accuracy for class mtx   is: 31.2 %
Accuracy for class nqx   is: 52.6 %
Accuracy for class qtx   is: 74.2 %
Accuracy for class zxx   is: 78.7 %

========== Train Epoch 61 ==========
Loss: 0.080	Accuracy: 51 %	Time 39 s
Accuracy for class bzx   is: 38.1 %
Accuracy for class cwx   is: 23.8 %
Accuracy for class hdx   is: 0.0 %
Accuracy for class mtx   is: 37.5 %
Accuracy for class nqx   is: 42.1 %
Accuracy for class qtx   is: 67.7 %
Accuracy for class zxx   is: 80.3 %

========== Train Epoch 62 ==========
Loss: 0.041	Accuracy: 57 %	Time 41 s
Accuracy for class bzx   is: 57.1 %
Accuracy for class cwx   is: 28.6 %
Accuracy for class hdx   is: 31.6 %
Accuracy for class mtx   is: 12.5 %
Accuracy for class nqx   is: 52.6 %
Accuracy for class qtx   is: 74.2 %
Accuracy for class zxx   is: 80.3 %

========== Train Epoch 63 ==========
Loss: 0.023	Accuracy: 55 %	Time 40 s
Accuracy for class bzx   is: 52.4 %
Accuracy for class cwx   is: 52.4 %
Accuracy for class hdx   is: 10.5 %
Accuracy for class mtx   is: 18.8 %
Accuracy for class nqx   is: 42.1 %
Accuracy for class qtx   is: 87.1 %
Accuracy for class zxx   is: 68.9 %

========== Train Epoch 64 ==========
Loss: 0.007	Accuracy: 53 %	Time 40 s
Accuracy for class bzx   is: 28.6 %
Accuracy for class cwx   is: 42.9 %
Accuracy for class hdx   is: 10.5 %
Accuracy for class mtx   is: 25.0 %
Accuracy for class nqx   is: 36.8 %
Accuracy for class qtx   is: 74.2 %
Accuracy for class zxx   is: 80.3 %
Finished training!!!

Min Loss = 0.002 in epoch 50;
Max Accuracy = 57.45% in epoch 61;
Total Time 42 minutes

batch_size = 20
epochs = 64
loss_function = CrossEntropyLoss()
optimizer = Adam (
Parameter Group 0
    amsgrad: False
    betas: (0.9, 0.999)
    eps: 1e-08
    lr: 0.0001
    weight_decay: 0
)

ResNet(
  (conv1): Conv2d(3, 64, kernel_size=(7, 7), stride=(2, 2), padding=(3, 3), bias=False)
  (bn1): BatchNorm2d(64, eps=1e-05, momentum=0.1, affine=True, track_running_stats=True)
  (relu): ReLU(inplace=True)
  (maxpool): MaxPool2d(kernel_size=3, stride=2, padding=1, dilation=1, ceil_mode=False)
  (layer1): Sequential(
    (0): BasicBlock(
      (conv1): Conv2d(64, 64, kernel_size=(3, 3), stride=(1, 1), padding=(1, 1), bias=False)
      (bn1): BatchNorm2d(64, eps=1e-05, momentum=0.1, affine=True, track_running_stats=True)
      (relu): ReLU(inplace=True)
      (conv2): Conv2d(64, 64, kernel_size=(3, 3), stride=(1, 1), padding=(1, 1), bias=False)
      (bn2): BatchNorm2d(64, eps=1e-05, momentum=0.1, affine=True, track_running_stats=True)
    )
    (1): BasicBlock(
      (conv1): Conv2d(64, 64, kernel_size=(3, 3), stride=(1, 1), padding=(1, 1), bias=False)
      (bn1): BatchNorm2d(64, eps=1e-05, momentum=0.1, affine=True, track_running_stats=True)
      (relu): ReLU(inplace=True)
      (conv2): Conv2d(64, 64, kernel_size=(3, 3), stride=(1, 1), padding=(1, 1), bias=False)
      (bn2): BatchNorm2d(64, eps=1e-05, momentum=0.1, affine=True, track_running_stats=True)
    )
    (2): BasicBlock(
      (conv1): Conv2d(64, 64, kernel_size=(3, 3), stride=(1, 1), padding=(1, 1), bias=False)
      (bn1): BatchNorm2d(64, eps=1e-05, momentum=0.1, affine=True, track_running_stats=True)
      (relu): ReLU(inplace=True)
      (conv2): Conv2d(64, 64, kernel_size=(3, 3), stride=(1, 1), padding=(1, 1), bias=False)
      (bn2): BatchNorm2d(64, eps=1e-05, momentum=0.1, affine=True, track_running_stats=True)
    )
  )
  (layer2): Sequential(
    (0): BasicBlock(
      (conv1): Conv2d(64, 128, kernel_size=(3, 3), stride=(2, 2), padding=(1, 1), bias=False)
      (bn1): BatchNorm2d(128, eps=1e-05, momentum=0.1, affine=True, track_running_stats=True)
      (relu): ReLU(inplace=True)
      (conv2): Conv2d(128, 128, kernel_size=(3, 3), stride=(1, 1), padding=(1, 1), bias=False)
      (bn2): BatchNorm2d(128, eps=1e-05, momentum=0.1, affine=True, track_running_stats=True)
      (downsample): Sequential(
        (0): Conv2d(64, 128, kernel_size=(1, 1), stride=(2, 2), bias=False)
        (1): BatchNorm2d(128, eps=1e-05, momentum=0.1, affine=True, track_running_stats=True)
      )
    )
    (1): BasicBlock(
      (conv1): Conv2d(128, 128, kernel_size=(3, 3), stride=(1, 1), padding=(1, 1), bias=False)
      (bn1): BatchNorm2d(128, eps=1e-05, momentum=0.1, affine=True, track_running_stats=True)
      (relu): ReLU(inplace=True)
      (conv2): Conv2d(128, 128, kernel_size=(3, 3), stride=(1, 1), padding=(1, 1), bias=False)
      (bn2): BatchNorm2d(128, eps=1e-05, momentum=0.1, affine=True, track_running_stats=True)
    )
    (2): BasicBlock(
      (conv1): Conv2d(128, 128, kernel_size=(3, 3), stride=(1, 1), padding=(1, 1), bias=False)
      (bn1): BatchNorm2d(128, eps=1e-05, momentum=0.1, affine=True, track_running_stats=True)
      (relu): ReLU(inplace=True)
      (conv2): Conv2d(128, 128, kernel_size=(3, 3), stride=(1, 1), padding=(1, 1), bias=False)
      (bn2): BatchNorm2d(128, eps=1e-05, momentum=0.1, affine=True, track_running_stats=True)
    )
    (3): BasicBlock(
      (conv1): Conv2d(128, 128, kernel_size=(3, 3), stride=(1, 1), padding=(1, 1), bias=False)
      (bn1): BatchNorm2d(128, eps=1e-05, momentum=0.1, affine=True, track_running_stats=True)
      (relu): ReLU(inplace=True)
      (conv2): Conv2d(128, 128, kernel_size=(3, 3), stride=(1, 1), padding=(1, 1), bias=False)
      (bn2): BatchNorm2d(128, eps=1e-05, momentum=0.1, affine=True, track_running_stats=True)
    )
  )
  (layer3): Sequential(
    (0): BasicBlock(
      (conv1): Conv2d(128, 256, kernel_size=(3, 3), stride=(2, 2), padding=(1, 1), bias=False)
      (bn1): BatchNorm2d(256, eps=1e-05, momentum=0.1, affine=True, track_running_stats=True)
      (relu): ReLU(inplace=True)
      (conv2): Conv2d(256, 256, kernel_size=(3, 3), stride=(1, 1), padding=(1, 1), bias=False)
      (bn2): BatchNorm2d(256, eps=1e-05, momentum=0.1, affine=True, track_running_stats=True)
      (downsample): Sequential(
        (0): Conv2d(128, 256, kernel_size=(1, 1), stride=(2, 2), bias=False)
        (1): BatchNorm2d(256, eps=1e-05, momentum=0.1, affine=True, track_running_stats=True)
      )
    )
    (1): BasicBlock(
      (conv1): Conv2d(256, 256, kernel_size=(3, 3), stride=(1, 1), padding=(1, 1), bias=False)
      (bn1): BatchNorm2d(256, eps=1e-05, momentum=0.1, affine=True, track_running_stats=True)
      (relu): ReLU(inplace=True)
      (conv2): Conv2d(256, 256, kernel_size=(3, 3), stride=(1, 1), padding=(1, 1), bias=False)
      (bn2): BatchNorm2d(256, eps=1e-05, momentum=0.1, affine=True, track_running_stats=True)
    )
    (2): BasicBlock(
      (conv1): Conv2d(256, 256, kernel_size=(3, 3), stride=(1, 1), padding=(1, 1), bias=False)
      (bn1): BatchNorm2d(256, eps=1e-05, momentum=0.1, affine=True, track_running_stats=True)
      (relu): ReLU(inplace=True)
      (conv2): Conv2d(256, 256, kernel_size=(3, 3), stride=(1, 1), padding=(1, 1), bias=False)
      (bn2): BatchNorm2d(256, eps=1e-05, momentum=0.1, affine=True, track_running_stats=True)
    )
    (3): BasicBlock(
      (conv1): Conv2d(256, 256, kernel_size=(3, 3), stride=(1, 1), padding=(1, 1), bias=False)
      (bn1): BatchNorm2d(256, eps=1e-05, momentum=0.1, affine=True, track_running_stats=True)
      (relu): ReLU(inplace=True)
      (conv2): Conv2d(256, 256, kernel_size=(3, 3), stride=(1, 1), padding=(1, 1), bias=False)
      (bn2): BatchNorm2d(256, eps=1e-05, momentum=0.1, affine=True, track_running_stats=True)
    )
    (4): BasicBlock(
      (conv1): Conv2d(256, 256, kernel_size=(3, 3), stride=(1, 1), padding=(1, 1), bias=False)
      (bn1): BatchNorm2d(256, eps=1e-05, momentum=0.1, affine=True, track_running_stats=True)
      (relu): ReLU(inplace=True)
      (conv2): Conv2d(256, 256, kernel_size=(3, 3), stride=(1, 1), padding=(1, 1), bias=False)
      (bn2): BatchNorm2d(256, eps=1e-05, momentum=0.1, affine=True, track_running_stats=True)
    )
    (5): BasicBlock(
      (conv1): Conv2d(256, 256, kernel_size=(3, 3), stride=(1, 1), padding=(1, 1), bias=False)
      (bn1): BatchNorm2d(256, eps=1e-05, momentum=0.1, affine=True, track_running_stats=True)
      (relu): ReLU(inplace=True)
      (conv2): Conv2d(256, 256, kernel_size=(3, 3), stride=(1, 1), padding=(1, 1), bias=False)
      (bn2): BatchNorm2d(256, eps=1e-05, momentum=0.1, affine=True, track_running_stats=True)
    )
  )
  (layer4): Sequential(
    (0): BasicBlock(
      (conv1): Conv2d(256, 512, kernel_size=(3, 3), stride=(2, 2), padding=(1, 1), bias=False)
      (bn1): BatchNorm2d(512, eps=1e-05, momentum=0.1, affine=True, track_running_stats=True)
      (relu): ReLU(inplace=True)
      (conv2): Conv2d(512, 512, kernel_size=(3, 3), stride=(1, 1), padding=(1, 1), bias=False)
      (bn2): BatchNorm2d(512, eps=1e-05, momentum=0.1, affine=True, track_running_stats=True)
      (downsample): Sequential(
        (0): Conv2d(256, 512, kernel_size=(1, 1), stride=(2, 2), bias=False)
        (1): BatchNorm2d(512, eps=1e-05, momentum=0.1, affine=True, track_running_stats=True)
      )
    )
    (1): BasicBlock(
      (conv1): Conv2d(512, 512, kernel_size=(3, 3), stride=(1, 1), padding=(1, 1), bias=False)
      (bn1): BatchNorm2d(512, eps=1e-05, momentum=0.1, affine=True, track_running_stats=True)
      (relu): ReLU(inplace=True)
      (conv2): Conv2d(512, 512, kernel_size=(3, 3), stride=(1, 1), padding=(1, 1), bias=False)
      (bn2): BatchNorm2d(512, eps=1e-05, momentum=0.1, affine=True, track_running_stats=True)
    )
    (2): BasicBlock(
      (conv1): Conv2d(512, 512, kernel_size=(3, 3), stride=(1, 1), padding=(1, 1), bias=False)
      (bn1): BatchNorm2d(512, eps=1e-05, momentum=0.1, affine=True, track_running_stats=True)
      (relu): ReLU(inplace=True)
      (conv2): Conv2d(512, 512, kernel_size=(3, 3), stride=(1, 1), padding=(1, 1), bias=False)
      (bn2): BatchNorm2d(512, eps=1e-05, momentum=0.1, affine=True, track_running_stats=True)
    )
  )
  (avgpool): AdaptiveAvgPool2d(output_size=(1, 1))
  (fc_): Linear(in_features=512, out_features=7, bias=True)
  (__fc__): Linear(in_features=1024, out_features=7, bias=True)
)

