Train Model: LeNet, Using device cuda:0

========== Train Epoch 1 ==========
Loss: 2.220	Accuracy: 11 %
Accurary for class bzx   is: 1.7 %
Accurary for class cwx   is: 0.0 %
Accurary for class hdx   is: 41.5 %
Accurary for class mtx   is: 0.0 %
Accurary for class nqx   is: 61.1 %
Accurary for class nzx   is: 0.0 %
Accurary for class qtx   is: 0.0 %
Accurary for class sjx   is: 0.0 %
Accurary for class zxx   is: 0.0 %

========== Train Epoch 2 ==========
Loss: 2.194	Accuracy: 11 %
Accurary for class bzx   is: 0.0 %
Accurary for class cwx   is: 0.0 %
Accurary for class hdx   is: 61.7 %
Accurary for class mtx   is: 0.0 %
Accurary for class nqx   is: 0.0 %
Accurary for class nzx   is: 0.0 %
Accurary for class qtx   is: 0.0 %
Accurary for class sjx   is: 0.0 %
Accurary for class zxx   is: 46.5 %

========== Train Epoch 3 ==========
Loss: 2.178	Accuracy: 15 %
Accurary for class bzx   is: 86.1 %
Accurary for class cwx   is: 11.3 %
Accurary for class hdx   is: 3.2 %
Accurary for class mtx   is: 1.8 %
Accurary for class nqx   is: 0.0 %
Accurary for class nzx   is: 0.0 %
Accurary for class qtx   is: 0.0 %
Accurary for class sjx   is: 28.4 %
Accurary for class zxx   is: 10.5 %

========== Train Epoch 4 ==========
Loss: 2.130	Accuracy: 11 %
Accurary for class bzx   is: 0.0 %
Accurary for class cwx   is: 35.1 %
Accurary for class hdx   is: 35.1 %
Accurary for class mtx   is: 5.3 %
Accurary for class nqx   is: 0.0 %
Accurary for class nzx   is: 37.5 %
Accurary for class qtx   is: 0.9 %
Accurary for class sjx   is: 0.0 %
Accurary for class zxx   is: 0.0 %

========== Train Epoch 5 ==========
Loss: 2.125	Accuracy: 13 %
Accurary for class bzx   is: 8.7 %
Accurary for class cwx   is: 1.0 %
Accurary for class hdx   is: 8.5 %
Accurary for class mtx   is: 67.5 %
Accurary for class nqx   is: 0.0 %
Accurary for class nzx   is: 31.2 %
Accurary for class qtx   is: 0.0 %
Accurary for class sjx   is: 0.0 %
Accurary for class zxx   is: 0.0 %

========== Train Epoch 6 ==========
Loss: 2.078	Accuracy: 17 %
Accurary for class bzx   is: 61.7 %
Accurary for class cwx   is: 17.5 %
Accurary for class hdx   is: 10.6 %
Accurary for class mtx   is: 0.0 %
Accurary for class nqx   is: 0.0 %
Accurary for class nzx   is: 1.8 %
Accurary for class qtx   is: 0.0 %
Accurary for class sjx   is: 65.3 %
Accurary for class zxx   is: 9.6 %

========== Train Epoch 7 ==========
Loss: 1.991	Accuracy: 21 %
Accurary for class bzx   is: 37.4 %
Accurary for class cwx   is: 30.9 %
Accurary for class hdx   is: 4.3 %
Accurary for class mtx   is: 1.8 %
Accurary for class nqx   is: 0.0 %
Accurary for class nzx   is: 46.4 %
Accurary for class qtx   is: 12.2 %
Accurary for class sjx   is: 44.2 %
Accurary for class zxx   is: 22.8 %

========== Train Epoch 8 ==========
Loss: 1.900	Accuracy: 25 %
Accurary for class bzx   is: 7.8 %
Accurary for class cwx   is: 38.1 %
Accurary for class hdx   is: 16.0 %
Accurary for class mtx   is: 0.0 %
Accurary for class nqx   is: 25.7 %
Accurary for class nzx   is: 67.9 %
Accurary for class qtx   is: 0.0 %
Accurary for class sjx   is: 36.8 %
Accurary for class zxx   is: 42.1 %

========== Train Epoch 9 ==========
Loss: 1.818	Accuracy: 29 %
Accurary for class bzx   is: 35.7 %
Accurary for class cwx   is: 0.0 %
Accurary for class hdx   is: 2.1 %
Accurary for class mtx   is: 3.5 %
Accurary for class nqx   is: 35.4 %
Accurary for class nzx   is: 53.6 %
Accurary for class qtx   is: 35.7 %
Accurary for class sjx   is: 36.8 %
Accurary for class zxx   is: 58.8 %

========== Train Epoch 10 ==========
Loss: 1.752	Accuracy: 28 %
Accurary for class bzx   is: 28.7 %
Accurary for class cwx   is: 29.9 %
Accurary for class hdx   is: 2.1 %
Accurary for class mtx   is: 19.3 %
Accurary for class nqx   is: 0.9 %
Accurary for class nzx   is: 53.6 %
Accurary for class qtx   is: 23.5 %
Accurary for class sjx   is: 48.4 %
Accurary for class zxx   is: 46.5 %

========== Train Epoch 11 ==========
Loss: 1.667	Accuracy: 36 %
Accurary for class bzx   is: 42.6 %
Accurary for class cwx   is: 28.9 %
Accurary for class hdx   is: 7.4 %
Accurary for class mtx   is: 21.1 %
Accurary for class nqx   is: 0.0 %
Accurary for class nzx   is: 68.8 %
Accurary for class qtx   is: 33.0 %
Accurary for class sjx   is: 70.5 %
Accurary for class zxx   is: 57.0 %

========== Train Epoch 12 ==========
Loss: 1.503	Accuracy: 36 %
Accurary for class bzx   is: 38.3 %
Accurary for class cwx   is: 41.2 %
Accurary for class hdx   is: 22.3 %
Accurary for class mtx   is: 19.3 %
Accurary for class nqx   is: 0.0 %
Accurary for class nzx   is: 72.3 %
Accurary for class qtx   is: 27.8 %
Accurary for class sjx   is: 48.4 %
Accurary for class zxx   is: 63.2 %

========== Train Epoch 13 ==========
Loss: 1.406	Accuracy: 39 %
Accurary for class bzx   is: 36.5 %
Accurary for class cwx   is: 33.0 %
Accurary for class hdx   is: 2.1 %
Accurary for class mtx   is: 57.9 %
Accurary for class nqx   is: 0.0 %
Accurary for class nzx   is: 75.9 %
Accurary for class qtx   is: 40.0 %
Accurary for class sjx   is: 47.4 %
Accurary for class zxx   is: 60.5 %

========== Train Epoch 14 ==========
Loss: 1.333	Accuracy: 40 %
Accurary for class bzx   is: 42.6 %
Accurary for class cwx   is: 57.7 %
Accurary for class hdx   is: 21.3 %
Accurary for class mtx   is: 28.9 %
Accurary for class nqx   is: 0.0 %
Accurary for class nzx   is: 67.0 %
Accurary for class qtx   is: 35.7 %
Accurary for class sjx   is: 64.2 %
Accurary for class zxx   is: 48.2 %

========== Train Epoch 15 ==========
Loss: 1.240	Accuracy: 40 %
Accurary for class bzx   is: 53.9 %
Accurary for class cwx   is: 32.0 %
Accurary for class hdx   is: 28.7 %
Accurary for class mtx   is: 31.6 %
Accurary for class nqx   is: 0.9 %
Accurary for class nzx   is: 63.4 %
Accurary for class qtx   is: 30.4 %
Accurary for class sjx   is: 58.9 %
Accurary for class zxx   is: 61.4 %

========== Train Epoch 16 ==========
Loss: 1.200	Accuracy: 44 %
Accurary for class bzx   is: 57.4 %
Accurary for class cwx   is: 33.0 %
Accurary for class hdx   is: 37.2 %
Accurary for class mtx   is: 21.1 %
Accurary for class nqx   is: 25.7 %
Accurary for class nzx   is: 73.2 %
Accurary for class qtx   is: 34.8 %
Accurary for class sjx   is: 65.3 %
Accurary for class zxx   is: 54.4 %

========== Train Epoch 17 ==========
Loss: 1.017	Accuracy: 44 %
Accurary for class bzx   is: 47.8 %
Accurary for class cwx   is: 27.8 %
Accurary for class hdx   is: 24.5 %
Accurary for class mtx   is: 49.1 %
Accurary for class nqx   is: 10.6 %
Accurary for class nzx   is: 76.8 %
Accurary for class qtx   is: 36.5 %
Accurary for class sjx   is: 70.5 %
Accurary for class zxx   is: 57.9 %

========== Train Epoch 18 ==========
Loss: 0.961	Accuracy: 47 %
Accurary for class bzx   is: 51.3 %
Accurary for class cwx   is: 38.1 %
Accurary for class hdx   is: 54.3 %
Accurary for class mtx   is: 16.7 %
Accurary for class nqx   is: 39.8 %
Accurary for class nzx   is: 72.3 %
Accurary for class qtx   is: 33.9 %
Accurary for class sjx   is: 66.3 %
Accurary for class zxx   is: 56.1 %

========== Train Epoch 19 ==========
Loss: 0.847	Accuracy: 49 %
Accurary for class bzx   is: 57.4 %
Accurary for class cwx   is: 45.4 %
Accurary for class hdx   is: 37.2 %
Accurary for class mtx   is: 38.6 %
Accurary for class nqx   is: 23.0 %
Accurary for class nzx   is: 71.4 %
Accurary for class qtx   is: 50.4 %
Accurary for class sjx   is: 64.2 %
Accurary for class zxx   is: 57.9 %

========== Train Epoch 20 ==========
Loss: 0.754	Accuracy: 51 %
Accurary for class bzx   is: 55.7 %
Accurary for class cwx   is: 46.4 %
Accurary for class hdx   is: 36.2 %
Accurary for class mtx   is: 35.1 %
Accurary for class nqx   is: 30.1 %
Accurary for class nzx   is: 73.2 %
Accurary for class qtx   is: 47.0 %
Accurary for class sjx   is: 71.6 %
Accurary for class zxx   is: 64.9 %

========== Train Epoch 21 ==========
Loss: 0.709	Accuracy: 51 %
Accurary for class bzx   is: 58.3 %
Accurary for class cwx   is: 44.3 %
Accurary for class hdx   is: 43.6 %
Accurary for class mtx   is: 24.6 %
Accurary for class nqx   is: 44.2 %
Accurary for class nzx   is: 73.2 %
Accurary for class qtx   is: 53.0 %
Accurary for class sjx   is: 66.3 %
Accurary for class zxx   is: 52.6 %

========== Train Epoch 22 ==========
Loss: 0.575	Accuracy: 52 %
Accurary for class bzx   is: 51.3 %
Accurary for class cwx   is: 54.6 %
Accurary for class hdx   is: 41.5 %
Accurary for class mtx   is: 38.6 %
Accurary for class nqx   is: 28.3 %
Accurary for class nzx   is: 67.9 %
Accurary for class qtx   is: 53.9 %
Accurary for class sjx   is: 70.5 %
Accurary for class zxx   is: 64.9 %

========== Train Epoch 23 ==========
Loss: 0.528	Accuracy: 55 %
Accurary for class bzx   is: 60.9 %
Accurary for class cwx   is: 57.7 %
Accurary for class hdx   is: 56.4 %
Accurary for class mtx   is: 29.8 %
Accurary for class nqx   is: 39.8 %
Accurary for class nzx   is: 79.5 %
Accurary for class qtx   is: 49.6 %
Accurary for class sjx   is: 68.4 %
Accurary for class zxx   is: 57.0 %

========== Train Epoch 24 ==========
Loss: 0.466	Accuracy: 56 %
Accurary for class bzx   is: 55.7 %
Accurary for class cwx   is: 52.6 %
Accurary for class hdx   is: 50.0 %
Accurary for class mtx   is: 39.5 %
Accurary for class nqx   is: 52.2 %
Accurary for class nzx   is: 73.2 %
Accurary for class qtx   is: 53.0 %
Accurary for class sjx   is: 67.4 %
Accurary for class zxx   is: 65.8 %

========== Train Epoch 25 ==========
Loss: 0.391	Accuracy: 53 %
Accurary for class bzx   is: 58.3 %
Accurary for class cwx   is: 48.5 %
Accurary for class hdx   is: 47.9 %
Accurary for class mtx   is: 36.0 %
Accurary for class nqx   is: 38.9 %
Accurary for class nzx   is: 74.1 %
Accurary for class qtx   is: 51.3 %
Accurary for class sjx   is: 64.2 %
Accurary for class zxx   is: 65.8 %

========== Train Epoch 26 ==========
Loss: 0.385	Accuracy: 54 %
Accurary for class bzx   is: 49.6 %
Accurary for class cwx   is: 60.8 %
Accurary for class hdx   is: 53.2 %
Accurary for class mtx   is: 25.4 %
Accurary for class nqx   is: 44.2 %
Accurary for class nzx   is: 77.7 %
Accurary for class qtx   is: 47.8 %
Accurary for class sjx   is: 78.9 %
Accurary for class zxx   is: 57.0 %

========== Train Epoch 27 ==========
Loss: 0.352	Accuracy: 54 %
Accurary for class bzx   is: 60.9 %
Accurary for class cwx   is: 51.5 %
Accurary for class hdx   is: 46.8 %
Accurary for class mtx   is: 36.8 %
Accurary for class nqx   is: 39.8 %
Accurary for class nzx   is: 78.6 %
Accurary for class qtx   is: 46.1 %
Accurary for class sjx   is: 74.7 %
Accurary for class zxx   is: 53.5 %

========== Train Epoch 28 ==========
Loss: 0.301	Accuracy: 56 %
Accurary for class bzx   is: 60.9 %
Accurary for class cwx   is: 52.6 %
Accurary for class hdx   is: 61.7 %
Accurary for class mtx   is: 34.2 %
Accurary for class nqx   is: 45.1 %
Accurary for class nzx   is: 74.1 %
Accurary for class qtx   is: 53.9 %
Accurary for class sjx   is: 68.4 %
Accurary for class zxx   is: 60.5 %

========== Train Epoch 29 ==========
Loss: 0.256	Accuracy: 56 %
Accurary for class bzx   is: 64.3 %
Accurary for class cwx   is: 58.8 %
Accurary for class hdx   is: 55.3 %
Accurary for class mtx   is: 49.1 %
Accurary for class nqx   is: 29.2 %
Accurary for class nzx   is: 65.2 %
Accurary for class qtx   is: 50.4 %
Accurary for class sjx   is: 70.5 %
Accurary for class zxx   is: 66.7 %

========== Train Epoch 30 ==========
Loss: 0.231	Accuracy: 58 %
Accurary for class bzx   is: 61.7 %
Accurary for class cwx   is: 56.7 %
Accurary for class hdx   is: 54.3 %
Accurary for class mtx   is: 39.5 %
Accurary for class nqx   is: 54.0 %
Accurary for class nzx   is: 76.8 %
Accurary for class qtx   is: 53.9 %
Accurary for class sjx   is: 69.5 %
Accurary for class zxx   is: 62.3 %

========== Train Epoch 31 ==========
Loss: 0.212	Accuracy: 56 %
Accurary for class bzx   is: 57.4 %
Accurary for class cwx   is: 50.5 %
Accurary for class hdx   is: 62.8 %
Accurary for class mtx   is: 39.5 %
Accurary for class nqx   is: 39.8 %
Accurary for class nzx   is: 71.4 %
Accurary for class qtx   is: 47.0 %
Accurary for class sjx   is: 74.7 %
Accurary for class zxx   is: 64.9 %

========== Train Epoch 32 ==========
Loss: 0.181	Accuracy: 57 %
Accurary for class bzx   is: 65.2 %
Accurary for class cwx   is: 53.6 %
Accurary for class hdx   is: 56.4 %
Accurary for class mtx   is: 40.4 %
Accurary for class nqx   is: 45.1 %
Accurary for class nzx   is: 70.5 %
Accurary for class qtx   is: 55.7 %
Accurary for class sjx   is: 74.7 %
Accurary for class zxx   is: 54.4 %
Finished training!!!

Min loss = 7.044 in epoch 31, max Accuracy = 58.62% in epoch 29

AlexNet(
  (features): Sequential(
    (0): Conv2d(3, 64, kernel_size=(11, 11), stride=(4, 4), padding=(2, 2))
    (1): ReLU(inplace=True)
    (2): MaxPool2d(kernel_size=3, stride=2, padding=0, dilation=1, ceil_mode=False)
    (3): Conv2d(64, 192, kernel_size=(5, 5), stride=(1, 1), padding=(2, 2))
    (4): ReLU(inplace=True)
    (5): MaxPool2d(kernel_size=3, stride=2, padding=0, dilation=1, ceil_mode=False)
    (6): Conv2d(192, 384, kernel_size=(3, 3), stride=(1, 1), padding=(1, 1))
    (7): ReLU(inplace=True)
    (8): Conv2d(384, 256, kernel_size=(3, 3), stride=(1, 1), padding=(1, 1))
    (9): ReLU(inplace=True)
    (10): Conv2d(256, 256, kernel_size=(3, 3), stride=(1, 1), padding=(1, 1))
    (11): ReLU(inplace=True)
    (12): MaxPool2d(kernel_size=3, stride=2, padding=0, dilation=1, ceil_mode=False)
  )
  (avgpool): AdaptiveAvgPool2d(output_size=(6, 6))
  (classifier): Sequential(
    (0): Dropout(p=0.5, inplace=False)
    (1): Linear(in_features=9216, out_features=4096, bias=True)
    (2): ReLU(inplace=True)
    (3): Dropout(p=0.5, inplace=False)
    (4): Linear(in_features=4096, out_features=4096, bias=True)
    (5): ReLU(inplace=True)
    (6): Linear(in_features=4096, out_features=9, bias=True)
  )
)

batch_size = 100
epochs = 32
loss_function = CrossEntropyLoss()
optimizer = Adam (
Parameter Group 0
    amsgrad: False
    betas: (0.9, 0.999)
    eps: 1e-08
    lr: 0.001
    weight_decay: 0
)
