dataset_path: /home/djy/dataset/dataset1
Train Model: ResNet, pretrained : True , Using device cuda:0

resnet18_parallel_pretained
parallel_train : True
parallel_train dataset : /home/djy/dataset/ycrcb_hsv_dataset1

========== Train Epoch 1 ==========
Loss: 1.366Accuracy: 64 %	Time 31 s
Accuracy for class bzx   is: 43.8 %
Accuracy for class cwx   is: 64.3 %
Accuracy for class hdx   is: 16.0 %
Accuracy for class mtx   is: 33.3 %
Accuracy for class nqx   is: 33.3 %
Accuracy for class qtx   is: 94.6 %
Accuracy for class zxx   is: 96.7 %

========== Train Epoch 2 ==========
Loss: 0.538	Accuracy: 76 %	Time 32 s
Accuracy for class bzx   is: 37.5 %
Accuracy for class cwx   is: 82.1 %
Accuracy for class hdx   is: 56.0 %
Accuracy for class mtx   is: 66.7 %
Accuracy for class nqx   is: 50.0 %
Accuracy for class qtx   is: 94.6 %
Accuracy for class zxx   is: 93.3 %

========== Train Epoch 3 ==========
Loss: 0.190	Accuracy: 76 %	Time 32 s
Accuracy for class bzx   is: 62.5 %
Accuracy for class cwx   is: 92.9 %
Accuracy for class hdx   is: 76.0 %
Accuracy for class mtx   is: 48.1 %
Accuracy for class nqx   is: 61.1 %
Accuracy for class qtx   is: 91.9 %
Accuracy for class zxx   is: 81.7 %

========== Train Epoch 4 ==========
Loss: 0.082	Accuracy: 81 %	Time 31 s
Accuracy for class bzx   is: 68.8 %
Accuracy for class cwx   is: 92.9 %
Accuracy for class hdx   is: 80.0 %
Accuracy for class mtx   is: 55.6 %
Accuracy for class nqx   is: 50.0 %
Accuracy for class qtx   is: 94.6 %
Accuracy for class zxx   is: 91.7 %

========== Train Epoch 5 ==========
Loss: 0.048	Accuracy: 80 %	Time 31 s
Accuracy for class bzx   is: 68.8 %
Accuracy for class cwx   is: 85.7 %
Accuracy for class hdx   is: 72.0 %
Accuracy for class mtx   is: 70.4 %
Accuracy for class nqx   is: 55.6 %
Accuracy for class qtx   is: 94.6 %
Accuracy for class zxx   is: 86.7 %

========== Train Epoch 6 ==========
Loss: 0.038	Accuracy: 82 %	Time 32 s
Accuracy for class bzx   is: 75.0 %
Accuracy for class cwx   is: 92.9 %
Accuracy for class hdx   is: 72.0 %
Accuracy for class mtx   is: 66.7 %
Accuracy for class nqx   is: 44.4 %
Accuracy for class qtx   is: 94.6 %
Accuracy for class zxx   is: 96.7 %

========== Train Epoch 7 ==========
Loss: 0.020	Accuracy: 81 %	Time 33 s
Accuracy for class bzx   is: 62.5 %
Accuracy for class cwx   is: 89.3 %
Accuracy for class hdx   is: 72.0 %
Accuracy for class mtx   is: 55.6 %
Accuracy for class nqx   is: 61.1 %
Accuracy for class qtx   is: 91.9 %
Accuracy for class zxx   is: 98.3 %

========== Train Epoch 8 ==========
Loss: 0.025	Accuracy: 83 %	Time 31 s
Accuracy for class bzx   is: 75.0 %
Accuracy for class cwx   is: 89.3 %
Accuracy for class hdx   is: 80.0 %
Accuracy for class mtx   is: 63.0 %
Accuracy for class nqx   is: 61.1 %
Accuracy for class qtx   is: 94.6 %
Accuracy for class zxx   is: 93.3 %

========== Train Epoch 9 ==========
Loss: 0.014	Accuracy: 81 %	Time 32 s
Accuracy for class bzx   is: 75.0 %
Accuracy for class cwx   is: 92.9 %
Accuracy for class hdx   is: 60.0 %
Accuracy for class mtx   is: 66.7 %
Accuracy for class nqx   is: 55.6 %
Accuracy for class qtx   is: 94.6 %
Accuracy for class zxx   is: 91.7 %

========== Train Epoch 10 ==========
Loss: 0.015	Accuracy: 84 %	Time 32 s
Accuracy for class bzx   is: 81.2 %
Accuracy for class cwx   is: 92.9 %
Accuracy for class hdx   is: 76.0 %
Accuracy for class mtx   is: 55.6 %
Accuracy for class nqx   is: 66.7 %
Accuracy for class qtx   is: 94.6 %
Accuracy for class zxx   is: 98.3 %

========== Train Epoch 11 ==========
Loss: 0.018	Accuracy: 78 %	Time 31 s
Accuracy for class bzx   is: 68.8 %
Accuracy for class cwx   is: 89.3 %
Accuracy for class hdx   is: 60.0 %
Accuracy for class mtx   is: 55.6 %
Accuracy for class nqx   is: 55.6 %
Accuracy for class qtx   is: 91.9 %
Accuracy for class zxx   is: 93.3 %

========== Train Epoch 12 ==========
Loss: 0.032	Accuracy: 73 %	Time 32 s
Accuracy for class bzx   is: 56.2 %
Accuracy for class cwx   is: 92.9 %
Accuracy for class hdx   is: 72.0 %
Accuracy for class mtx   is: 29.6 %
Accuracy for class nqx   is: 66.7 %
Accuracy for class qtx   is: 78.4 %
Accuracy for class zxx   is: 90.0 %

========== Train Epoch 13 ==========
Loss: 0.097	Accuracy: 78 %	Time 31 s
Accuracy for class bzx   is: 62.5 %
Accuracy for class cwx   is: 85.7 %
Accuracy for class hdx   is: 64.0 %
Accuracy for class mtx   is: 44.4 %
Accuracy for class nqx   is: 66.7 %
Accuracy for class qtx   is: 91.9 %
Accuracy for class zxx   is: 95.0 %

========== Train Epoch 14 ==========
Loss: 0.063	Accuracy: 78 %	Time 31 s
Accuracy for class bzx   is: 75.0 %
Accuracy for class cwx   is: 89.3 %
Accuracy for class hdx   is: 88.0 %
Accuracy for class mtx   is: 51.9 %
Accuracy for class nqx   is: 50.0 %
Accuracy for class qtx   is: 81.1 %
Accuracy for class zxx   is: 88.3 %

========== Train Epoch 15 ==========
Loss: 0.049	Accuracy: 76 %	Time 31 s
Accuracy for class bzx   is: 62.5 %
Accuracy for class cwx   is: 75.0 %
Accuracy for class hdx   is: 96.0 %
Accuracy for class mtx   is: 51.9 %
Accuracy for class nqx   is: 55.6 %
Accuracy for class qtx   is: 91.9 %
Accuracy for class zxx   is: 81.7 %

========== Train Epoch 16 ==========
Loss: 0.050	Accuracy: 80 %	Time 31 s
Accuracy for class bzx   is: 68.8 %
Accuracy for class cwx   is: 92.9 %
Accuracy for class hdx   is: 76.0 %
Accuracy for class mtx   is: 63.0 %
Accuracy for class nqx   is: 50.0 %
Accuracy for class qtx   is: 89.2 %
Accuracy for class zxx   is: 91.7 %

========== Train Epoch 17 ==========
Loss: 0.024	Accuracy: 78 %	Time 33 s
Accuracy for class bzx   is: 68.8 %
Accuracy for class cwx   is: 82.1 %
Accuracy for class hdx   is: 92.0 %
Accuracy for class mtx   is: 29.6 %
Accuracy for class nqx   is: 50.0 %
Accuracy for class qtx   is: 89.2 %
Accuracy for class zxx   is: 96.7 %

========== Train Epoch 18 ==========
Loss: 0.028	Accuracy: 79 %	Time 31 s
Accuracy for class bzx   is: 87.5 %
Accuracy for class cwx   is: 92.9 %
Accuracy for class hdx   is: 48.0 %
Accuracy for class mtx   is: 48.1 %
Accuracy for class nqx   is: 55.6 %
Accuracy for class qtx   is: 94.6 %
Accuracy for class zxx   is: 96.7 %

========== Train Epoch 19 ==========
Loss: 0.012	Accuracy: 84 %	Time 32 s
Accuracy for class bzx   is: 81.2 %
Accuracy for class cwx   is: 92.9 %
Accuracy for class hdx   is: 80.0 %
Accuracy for class mtx   is: 66.7 %
Accuracy for class nqx   is: 50.0 %
Accuracy for class qtx   is: 91.9 %
Accuracy for class zxx   is: 96.7 %

========== Train Epoch 20 ==========
Loss: 0.015	Accuracy: 82 %	Time 31 s
Accuracy for class bzx   is: 68.8 %
Accuracy for class cwx   is: 89.3 %
Accuracy for class hdx   is: 76.0 %
Accuracy for class mtx   is: 55.6 %
Accuracy for class nqx   is: 61.1 %
Accuracy for class qtx   is: 91.9 %
Accuracy for class zxx   is: 98.3 %

========== Train Epoch 21 ==========
Loss: 0.029	Accuracy: 78 %	Time 32 s
Accuracy for class bzx   is: 56.2 %
Accuracy for class cwx   is: 82.1 %
Accuracy for class hdx   is: 80.0 %
Accuracy for class mtx   is: 59.3 %
Accuracy for class nqx   is: 55.6 %
Accuracy for class qtx   is: 94.6 %
Accuracy for class zxx   is: 88.3 %

========== Train Epoch 22 ==========
Loss: 0.029	Accuracy: 77 %	Time 32 s
Accuracy for class bzx   is: 68.8 %
Accuracy for class cwx   is: 89.3 %
Accuracy for class hdx   is: 60.0 %
Accuracy for class mtx   is: 51.9 %
Accuracy for class nqx   is: 61.1 %
Accuracy for class qtx   is: 94.6 %
Accuracy for class zxx   is: 88.3 %

========== Train Epoch 23 ==========
Loss: 0.025	Accuracy: 73 %	Time 31 s
Accuracy for class bzx   is: 81.2 %
Accuracy for class cwx   is: 82.1 %
Accuracy for class hdx   is: 68.0 %
Accuracy for class mtx   is: 44.4 %
Accuracy for class nqx   is: 61.1 %
Accuracy for class qtx   is: 91.9 %
Accuracy for class zxx   is: 76.7 %

========== Train Epoch 24 ==========
Loss: 0.040	Accuracy: 80 %	Time 32 s
Accuracy for class bzx   is: 68.8 %
Accuracy for class cwx   is: 89.3 %
Accuracy for class hdx   is: 32.0 %
Accuracy for class mtx   is: 70.4 %
Accuracy for class nqx   is: 72.2 %
Accuracy for class qtx   is: 94.6 %
Accuracy for class zxx   is: 96.7 %

========== Train Epoch 25 ==========
Loss: 0.020	Accuracy: 82 %	Time 31 s
Accuracy for class bzx   is: 75.0 %
Accuracy for class cwx   is: 78.6 %
Accuracy for class hdx   is: 84.0 %
Accuracy for class mtx   is: 55.6 %
Accuracy for class nqx   is: 66.7 %
Accuracy for class qtx   is: 94.6 %
Accuracy for class zxx   is: 95.0 %

========== Train Epoch 26 ==========
Loss: 0.015	Accuracy: 80 %	Time 31 s
Accuracy for class bzx   is: 81.2 %
Accuracy for class cwx   is: 89.3 %
Accuracy for class hdx   is: 68.0 %
Accuracy for class mtx   is: 44.4 %
Accuracy for class nqx   is: 72.2 %
Accuracy for class qtx   is: 89.2 %
Accuracy for class zxx   is: 95.0 %

========== Train Epoch 27 ==========
Loss: 0.044	Accuracy: 77 %	Time 31 s
Accuracy for class bzx   is: 62.5 %
Accuracy for class cwx   is: 92.9 %
Accuracy for class hdx   is: 56.0 %
Accuracy for class mtx   is: 63.0 %
Accuracy for class nqx   is: 66.7 %
Accuracy for class qtx   is: 94.6 %
Accuracy for class zxx   is: 83.3 %

========== Train Epoch 28 ==========
Loss: 0.065	Accuracy: 76 %	Time 32 s
Accuracy for class bzx   is: 87.5 %
Accuracy for class cwx   is: 85.7 %
Accuracy for class hdx   is: 44.0 %
Accuracy for class mtx   is: 92.6 %
Accuracy for class nqx   is: 44.4 %
Accuracy for class qtx   is: 94.6 %
Accuracy for class zxx   is: 73.3 %

========== Train Epoch 29 ==========
Loss: 0.016	Accuracy: 82 %	Time 32 s
Accuracy for class bzx   is: 81.2 %
Accuracy for class cwx   is: 85.7 %
Accuracy for class hdx   is: 48.0 %
Accuracy for class mtx   is: 92.6 %
Accuracy for class nqx   is: 50.0 %
Accuracy for class qtx   is: 94.6 %
Accuracy for class zxx   is: 93.3 %

========== Train Epoch 30 ==========
Loss: 0.009	Accuracy: 84 %	Time 31 s
Accuracy for class bzx   is: 75.0 %
Accuracy for class cwx   is: 89.3 %
Accuracy for class hdx   is: 40.0 %
Accuracy for class mtx   is: 81.5 %
Accuracy for class nqx   is: 88.9 %
Accuracy for class qtx   is: 94.6 %
Accuracy for class zxx   is: 96.7 %

========== Train Epoch 31 ==========
Loss: 0.005	Accuracy: 82 %	Time 32 s
Accuracy for class bzx   is: 75.0 %
Accuracy for class cwx   is: 89.3 %
Accuracy for class hdx   is: 48.0 %
Accuracy for class mtx   is: 77.8 %
Accuracy for class nqx   is: 66.7 %
Accuracy for class qtx   is: 94.6 %
Accuracy for class zxx   is: 96.7 %

========== Train Epoch 32 ==========
Loss: 0.007	Accuracy: 79 %	Time 31 s
Accuracy for class bzx   is: 75.0 %
Accuracy for class cwx   is: 100.0 %
Accuracy for class hdx   is: 28.0 %
Accuracy for class mtx   is: 63.0 %
Accuracy for class nqx   is: 61.1 %
Accuracy for class qtx   is: 94.6 %
Accuracy for class zxx   is: 96.7 %

========== Train Epoch 33 ==========
Loss: 0.009	Accuracy: 82 %	Time 32 s
Accuracy for class bzx   is: 68.8 %
Accuracy for class cwx   is: 92.9 %
Accuracy for class hdx   is: 60.0 %
Accuracy for class mtx   is: 51.9 %
Accuracy for class nqx   is: 83.3 %
Accuracy for class qtx   is: 94.6 %
Accuracy for class zxx   is: 96.7 %

========== Train Epoch 34 ==========
Loss: 0.019	Accuracy: 79 %	Time 32 s
Accuracy for class bzx   is: 75.0 %
Accuracy for class cwx   is: 96.4 %
Accuracy for class hdx   is: 36.0 %
Accuracy for class mtx   is: 70.4 %
Accuracy for class nqx   is: 27.8 %
Accuracy for class qtx   is: 97.3 %
Accuracy for class zxx   is: 98.3 %

========== Train Epoch 35 ==========
Loss: 0.043	Accuracy: 81 %	Time 31 s
Accuracy for class bzx   is: 93.8 %
Accuracy for class cwx   is: 75.0 %
Accuracy for class hdx   is: 48.0 %
Accuracy for class mtx   is: 81.5 %
Accuracy for class nqx   is: 55.6 %
Accuracy for class qtx   is: 94.6 %
Accuracy for class zxx   is: 95.0 %

========== Train Epoch 36 ==========
Loss: 0.090	Accuracy: 71 %	Time 32 s
Accuracy for class bzx   is: 81.2 %
Accuracy for class cwx   is: 82.1 %
Accuracy for class hdx   is: 28.0 %
Accuracy for class mtx   is: 59.3 %
Accuracy for class nqx   is: 83.3 %
Accuracy for class qtx   is: 81.1 %
Accuracy for class zxx   is: 78.3 %

========== Train Epoch 37 ==========
Loss: 0.066	Accuracy: 74 %	Time 31 s
Accuracy for class bzx   is: 75.0 %
Accuracy for class cwx   is: 75.0 %
Accuracy for class hdx   is: 20.0 %
Accuracy for class mtx   is: 85.2 %
Accuracy for class nqx   is: 66.7 %
Accuracy for class qtx   is: 91.9 %
Accuracy for class zxx   is: 85.0 %

========== Train Epoch 38 ==========
Loss: 0.061	Accuracy: 76 %	Time 33 s
Accuracy for class bzx   is: 81.2 %
Accuracy for class cwx   is: 78.6 %
Accuracy for class hdx   is: 32.0 %
Accuracy for class mtx   is: 59.3 %
Accuracy for class nqx   is: 72.2 %
Accuracy for class qtx   is: 97.3 %
Accuracy for class zxx   is: 90.0 %

========== Train Epoch 39 ==========
Loss: 0.044	Accuracy: 81 %	Time 31 s
Accuracy for class bzx   is: 62.5 %
Accuracy for class cwx   is: 85.7 %
Accuracy for class hdx   is: 52.0 %
Accuracy for class mtx   is: 81.5 %
Accuracy for class nqx   is: 72.2 %
Accuracy for class qtx   is: 89.2 %
Accuracy for class zxx   is: 95.0 %

========== Train Epoch 40 ==========
Loss: 0.013	Accuracy: 81 %	Time 31 s
Accuracy for class bzx   is: 62.5 %
Accuracy for class cwx   is: 89.3 %
Accuracy for class hdx   is: 28.0 %
Accuracy for class mtx   is: 88.9 %
Accuracy for class nqx   is: 72.2 %
Accuracy for class qtx   is: 94.6 %
Accuracy for class zxx   is: 95.0 %

========== Train Epoch 41 ==========
Loss: 0.008	Accuracy: 83 %	Time 33 s
Accuracy for class bzx   is: 87.5 %
Accuracy for class cwx   is: 89.3 %
Accuracy for class hdx   is: 44.0 %
Accuracy for class mtx   is: 74.1 %
Accuracy for class nqx   is: 83.3 %
Accuracy for class qtx   is: 94.6 %
Accuracy for class zxx   is: 93.3 %

========== Train Epoch 42 ==========
Loss: 0.005	Accuracy: 80 %	Time 33 s
Accuracy for class bzx   is: 68.8 %
Accuracy for class cwx   is: 92.9 %
Accuracy for class hdx   is: 40.0 %
Accuracy for class mtx   is: 70.4 %
Accuracy for class nqx   is: 72.2 %
Accuracy for class qtx   is: 94.6 %
Accuracy for class zxx   is: 93.3 %

========== Train Epoch 43 ==========
Loss: 0.004	Accuracy: 81 %	Time 32 s
Accuracy for class bzx   is: 75.0 %
Accuracy for class cwx   is: 89.3 %
Accuracy for class hdx   is: 36.0 %
Accuracy for class mtx   is: 77.8 %
Accuracy for class nqx   is: 77.8 %
Accuracy for class qtx   is: 94.6 %
Accuracy for class zxx   is: 95.0 %

========== Train Epoch 44 ==========
Loss: 0.003	Accuracy: 81 %	Time 31 s
Accuracy for class bzx   is: 62.5 %
Accuracy for class cwx   is: 89.3 %
Accuracy for class hdx   is: 40.0 %
Accuracy for class mtx   is: 77.8 %
Accuracy for class nqx   is: 77.8 %
Accuracy for class qtx   is: 94.6 %
Accuracy for class zxx   is: 95.0 %

========== Train Epoch 45 ==========
Loss: 0.002	Accuracy: 83 %	Time 32 s
Accuracy for class bzx   is: 87.5 %
Accuracy for class cwx   is: 92.9 %
Accuracy for class hdx   is: 40.0 %
Accuracy for class mtx   is: 74.1 %
Accuracy for class nqx   is: 77.8 %
Accuracy for class qtx   is: 94.6 %
Accuracy for class zxx   is: 95.0 %

========== Train Epoch 46 ==========
Loss: 0.039	Accuracy: 81 %	Time 31 s
Accuracy for class bzx   is: 75.0 %
Accuracy for class cwx   is: 89.3 %
Accuracy for class hdx   is: 32.0 %
Accuracy for class mtx   is: 81.5 %
Accuracy for class nqx   is: 72.2 %
Accuracy for class qtx   is: 94.6 %
Accuracy for class zxx   is: 95.0 %

========== Train Epoch 47 ==========
Loss: 0.035	Accuracy: 77 %	Time 32 s
Accuracy for class bzx   is: 62.5 %
Accuracy for class cwx   is: 89.3 %
Accuracy for class hdx   is: 52.0 %
Accuracy for class mtx   is: 51.9 %
Accuracy for class nqx   is: 61.1 %
Accuracy for class qtx   is: 94.6 %
Accuracy for class zxx   is: 93.3 %

========== Train Epoch 48 ==========
Loss: 0.037	Accuracy: 79 %	Time 31 s
Accuracy for class bzx   is: 68.8 %
Accuracy for class cwx   is: 82.1 %
Accuracy for class hdx   is: 32.0 %
Accuracy for class mtx   is: 63.0 %
Accuracy for class nqx   is: 88.9 %
Accuracy for class qtx   is: 94.6 %
Accuracy for class zxx   is: 96.7 %

========== Train Epoch 49 ==========
Loss: 0.071	Accuracy: 76 %	Time 33 s
Accuracy for class bzx   is: 68.8 %
Accuracy for class cwx   is: 78.6 %
Accuracy for class hdx   is: 80.0 %
Accuracy for class mtx   is: 33.3 %
Accuracy for class nqx   is: 66.7 %
Accuracy for class qtx   is: 78.4 %
Accuracy for class zxx   is: 96.7 %

========== Train Epoch 50 ==========
Loss: 0.048	Accuracy: 79 %	Time 31 s
Accuracy for class bzx   is: 62.5 %
Accuracy for class cwx   is: 96.4 %
Accuracy for class hdx   is: 52.0 %
Accuracy for class mtx   is: 59.3 %
Accuracy for class nqx   is: 77.8 %
Accuracy for class qtx   is: 91.9 %
Accuracy for class zxx   is: 90.0 %

========== Train Epoch 51 ==========
Loss: 0.044	Accuracy: 83 %	Time 31 s
Accuracy for class bzx   is: 75.0 %
Accuracy for class cwx   is: 89.3 %
Accuracy for class hdx   is: 44.0 %
Accuracy for class mtx   is: 85.2 %
Accuracy for class nqx   is: 83.3 %
Accuracy for class qtx   is: 94.6 %
Accuracy for class zxx   is: 91.7 %

========== Train Epoch 52 ==========
Loss: 0.011	Accuracy: 81 %	Time 31 s
Accuracy for class bzx   is: 75.0 %
Accuracy for class cwx   is: 82.1 %
Accuracy for class hdx   is: 52.0 %
Accuracy for class mtx   is: 85.2 %
Accuracy for class nqx   is: 66.7 %
Accuracy for class qtx   is: 94.6 %
Accuracy for class zxx   is: 91.7 %

========== Train Epoch 53 ==========
Loss: 0.016	Accuracy: 81 %	Time 31 s
Accuracy for class bzx   is: 68.8 %
Accuracy for class cwx   is: 92.9 %
Accuracy for class hdx   is: 68.0 %
Accuracy for class mtx   is: 63.0 %
Accuracy for class nqx   is: 77.8 %
Accuracy for class qtx   is: 94.6 %
Accuracy for class zxx   is: 88.3 %

========== Train Epoch 54 ==========
Loss: 0.040	Accuracy: 77 %	Time 31 s
Accuracy for class bzx   is: 62.5 %
Accuracy for class cwx   is: 85.7 %
Accuracy for class hdx   is: 40.0 %
Accuracy for class mtx   is: 66.7 %
Accuracy for class nqx   is: 66.7 %
Accuracy for class qtx   is: 94.6 %
Accuracy for class zxx   is: 91.7 %

========== Train Epoch 55 ==========
Loss: 0.024	Accuracy: 77 %	Time 32 s
Accuracy for class bzx   is: 75.0 %
Accuracy for class cwx   is: 85.7 %
Accuracy for class hdx   is: 36.0 %
Accuracy for class mtx   is: 55.6 %
Accuracy for class nqx   is: 55.6 %
Accuracy for class qtx   is: 97.3 %
Accuracy for class zxx   is: 96.7 %

========== Train Epoch 56 ==========
Loss: 0.011	Accuracy: 80 %	Time 32 s
Accuracy for class bzx   is: 75.0 %
Accuracy for class cwx   is: 85.7 %
Accuracy for class hdx   is: 60.0 %
Accuracy for class mtx   is: 63.0 %
Accuracy for class nqx   is: 66.7 %
Accuracy for class qtx   is: 91.9 %
Accuracy for class zxx   is: 93.3 %

========== Train Epoch 57 ==========
Loss: 0.005	Accuracy: 80 %	Time 31 s
Accuracy for class bzx   is: 75.0 %
Accuracy for class cwx   is: 92.9 %
Accuracy for class hdx   is: 76.0 %
Accuracy for class mtx   is: 59.3 %
Accuracy for class nqx   is: 66.7 %
Accuracy for class qtx   is: 91.9 %
Accuracy for class zxx   is: 83.3 %

========== Train Epoch 58 ==========
Loss: 0.003	Accuracy: 80 %	Time 32 s
Accuracy for class bzx   is: 75.0 %
Accuracy for class cwx   is: 89.3 %
Accuracy for class hdx   is: 52.0 %
Accuracy for class mtx   is: 55.6 %
Accuracy for class nqx   is: 77.8 %
Accuracy for class qtx   is: 91.9 %
Accuracy for class zxx   is: 95.0 %

========== Train Epoch 59 ==========
Loss: 0.010	Accuracy: 84 %	Time 31 s
Accuracy for class bzx   is: 81.2 %
Accuracy for class cwx   is: 92.9 %
Accuracy for class hdx   is: 60.0 %
Accuracy for class mtx   is: 81.5 %
Accuracy for class nqx   is: 61.1 %
Accuracy for class qtx   is: 91.9 %
Accuracy for class zxx   is: 96.7 %

========== Train Epoch 60 ==========
Loss: 0.020	Accuracy: 75 %	Time 32 s
Accuracy for class bzx   is: 68.8 %
Accuracy for class cwx   is: 85.7 %
Accuracy for class hdx   is: 36.0 %
Accuracy for class mtx   is: 59.3 %
Accuracy for class nqx   is: 66.7 %
Accuracy for class qtx   is: 97.3 %
Accuracy for class zxx   is: 85.0 %

========== Train Epoch 61 ==========
Loss: 0.023	Accuracy: 76 %	Time 33 s
Accuracy for class bzx   is: 68.8 %
Accuracy for class cwx   is: 92.9 %
Accuracy for class hdx   is: 32.0 %
Accuracy for class mtx   is: 48.1 %
Accuracy for class nqx   is: 66.7 %
Accuracy for class qtx   is: 89.2 %
Accuracy for class zxx   is: 96.7 %

========== Train Epoch 62 ==========
Loss: 0.019	Accuracy: 80 %	Time 32 s
Accuracy for class bzx   is: 68.8 %
Accuracy for class cwx   is: 89.3 %
Accuracy for class hdx   is: 44.0 %
Accuracy for class mtx   is: 59.3 %
Accuracy for class nqx   is: 72.2 %
Accuracy for class qtx   is: 94.6 %
Accuracy for class zxx   is: 96.7 %

========== Train Epoch 63 ==========
Loss: 0.013	Accuracy: 82 %	Time 32 s
Accuracy for class bzx   is: 68.8 %
Accuracy for class cwx   is: 92.9 %
Accuracy for class hdx   is: 52.0 %
Accuracy for class mtx   is: 63.0 %
Accuracy for class nqx   is: 83.3 %
Accuracy for class qtx   is: 94.6 %
Accuracy for class zxx   is: 95.0 %

========== Train Epoch 64 ==========
Loss: 0.005	Accuracy: 81 %	Time 32 s
Accuracy for class bzx   is: 62.5 %
Accuracy for class cwx   is: 96.4 %
Accuracy for class hdx   is: 36.0 %
Accuracy for class mtx   is: 74.1 %
Accuracy for class nqx   is: 88.9 %
Accuracy for class qtx   is: 94.6 %
Accuracy for class zxx   is: 91.7 %
Finished training!!!

Min loss = 0.002 in epoch 44;
max Accuracy = 84.83% in epoch 9;
Total Time 34 minutes

batch_size = 10
epochs = 64
loss_function = CrossEntropyLoss()
optimizer = Adam (
Parameter Group 0
    amsgrad: False
    betas: (0.9, 0.999)
    eps: 1e-08
    lr: 0.0001
    weight_decay: 0
)

ResNet(
  (conv1): Conv2d(3, 64, kernel_size=(7, 7), stride=(2, 2), padding=(3, 3), bias=False)
  (bn1): BatchNorm2d(64, eps=1e-05, momentum=0.1, affine=True, track_running_stats=True)
  (relu): ReLU(inplace=True)
  (maxpool): MaxPool2d(kernel_size=3, stride=2, padding=1, dilation=1, ceil_mode=False)
  (layer1): Sequential(
    (0): BasicBlock(
      (conv1): Conv2d(64, 64, kernel_size=(3, 3), stride=(1, 1), padding=(1, 1), bias=False)
      (bn1): BatchNorm2d(64, eps=1e-05, momentum=0.1, affine=True, track_running_stats=True)
      (relu): ReLU(inplace=True)
      (conv2): Conv2d(64, 64, kernel_size=(3, 3), stride=(1, 1), padding=(1, 1), bias=False)
      (bn2): BatchNorm2d(64, eps=1e-05, momentum=0.1, affine=True, track_running_stats=True)
    )
    (1): BasicBlock(
      (conv1): Conv2d(64, 64, kernel_size=(3, 3), stride=(1, 1), padding=(1, 1), bias=False)
      (bn1): BatchNorm2d(64, eps=1e-05, momentum=0.1, affine=True, track_running_stats=True)
      (relu): ReLU(inplace=True)
      (conv2): Conv2d(64, 64, kernel_size=(3, 3), stride=(1, 1), padding=(1, 1), bias=False)
      (bn2): BatchNorm2d(64, eps=1e-05, momentum=0.1, affine=True, track_running_stats=True)
    )
  )
  (layer2): Sequential(
    (0): BasicBlock(
      (conv1): Conv2d(64, 128, kernel_size=(3, 3), stride=(2, 2), padding=(1, 1), bias=False)
      (bn1): BatchNorm2d(128, eps=1e-05, momentum=0.1, affine=True, track_running_stats=True)
      (relu): ReLU(inplace=True)
      (conv2): Conv2d(128, 128, kernel_size=(3, 3), stride=(1, 1), padding=(1, 1), bias=False)
      (bn2): BatchNorm2d(128, eps=1e-05, momentum=0.1, affine=True, track_running_stats=True)
      (downsample): Sequential(
        (0): Conv2d(64, 128, kernel_size=(1, 1), stride=(2, 2), bias=False)
        (1): BatchNorm2d(128, eps=1e-05, momentum=0.1, affine=True, track_running_stats=True)
      )
    )
    (1): BasicBlock(
      (conv1): Conv2d(128, 128, kernel_size=(3, 3), stride=(1, 1), padding=(1, 1), bias=False)
      (bn1): BatchNorm2d(128, eps=1e-05, momentum=0.1, affine=True, track_running_stats=True)
      (relu): ReLU(inplace=True)
      (conv2): Conv2d(128, 128, kernel_size=(3, 3), stride=(1, 1), padding=(1, 1), bias=False)
      (bn2): BatchNorm2d(128, eps=1e-05, momentum=0.1, affine=True, track_running_stats=True)
    )
  )
  (layer3): Sequential(
    (0): BasicBlock(
      (conv1): Conv2d(128, 256, kernel_size=(3, 3), stride=(2, 2), padding=(1, 1), bias=False)
      (bn1): BatchNorm2d(256, eps=1e-05, momentum=0.1, affine=True, track_running_stats=True)
      (relu): ReLU(inplace=True)
      (conv2): Conv2d(256, 256, kernel_size=(3, 3), stride=(1, 1), padding=(1, 1), bias=False)
      (bn2): BatchNorm2d(256, eps=1e-05, momentum=0.1, affine=True, track_running_stats=True)
      (downsample): Sequential(
        (0): Conv2d(128, 256, kernel_size=(1, 1), stride=(2, 2), bias=False)
        (1): BatchNorm2d(256, eps=1e-05, momentum=0.1, affine=True, track_running_stats=True)
      )
    )
    (1): BasicBlock(
      (conv1): Conv2d(256, 256, kernel_size=(3, 3), stride=(1, 1), padding=(1, 1), bias=False)
      (bn1): BatchNorm2d(256, eps=1e-05, momentum=0.1, affine=True, track_running_stats=True)
      (relu): ReLU(inplace=True)
      (conv2): Conv2d(256, 256, kernel_size=(3, 3), stride=(1, 1), padding=(1, 1), bias=False)
      (bn2): BatchNorm2d(256, eps=1e-05, momentum=0.1, affine=True, track_running_stats=True)
    )
  )
  (layer4): Sequential(
    (0): BasicBlock(
      (conv1): Conv2d(256, 512, kernel_size=(3, 3), stride=(2, 2), padding=(1, 1), bias=False)
      (bn1): BatchNorm2d(512, eps=1e-05, momentum=0.1, affine=True, track_running_stats=True)
      (relu): ReLU(inplace=True)
      (conv2): Conv2d(512, 512, kernel_size=(3, 3), stride=(1, 1), padding=(1, 1), bias=False)
      (bn2): BatchNorm2d(512, eps=1e-05, momentum=0.1, affine=True, track_running_stats=True)
      (downsample): Sequential(
        (0): Conv2d(256, 512, kernel_size=(1, 1), stride=(2, 2), bias=False)
        (1): BatchNorm2d(512, eps=1e-05, momentum=0.1, affine=True, track_running_stats=True)
      )
    )
    (1): BasicBlock(
      (conv1): Conv2d(512, 512, kernel_size=(3, 3), stride=(1, 1), padding=(1, 1), bias=False)
      (bn1): BatchNorm2d(512, eps=1e-05, momentum=0.1, affine=True, track_running_stats=True)
      (relu): ReLU(inplace=True)
      (conv2): Conv2d(512, 512, kernel_size=(3, 3), stride=(1, 1), padding=(1, 1), bias=False)
      (bn2): BatchNorm2d(512, eps=1e-05, momentum=0.1, affine=True, track_running_stats=True)
    )
  )
  (avgpool): AdaptiveAvgPool2d(output_size=(1, 1))
  (fc_): Linear(in_features=512, out_features=7, bias=True)
  (__fc__): Linear(in_features=1024, out_features=7, bias=True)
)

