dataset_path: /home/djy/dataset/dataset2
pretrained : False 
parallel: False

msg: ca_resnet18
using model: ResNet, resnet18
using device cuda:0
batch_size = 20
epochs = 64
loss_function = CrossEntropyLoss()
optimizer = Adam (
Parameter Group 0
    amsgrad: False
    betas: (0.9, 0.999)
    eps: 1e-08
    initial_lr: 0.0001
    lr: 0.0001
    weight_decay: 0
)


========== Train Epoch 1 ==========
Loss: 1.815	Accuracy: 21.62%	Cost 27s
              precision    recall  f1-score   support

         bzx     0.1667    0.0323    0.0541        31
         cwx     0.0000    0.0000    0.0000        22
         hdx     0.0000    0.0000    0.0000        17
         mtx     0.0000    0.0000    0.0000        19
         nqx     0.2000    0.0833    0.1176        12
         qtx     0.2692    0.1556    0.1972        45
         zxx     0.2109    0.7949    0.3333        39

    accuracy                         0.2162       185
   macro avg     0.1210    0.1523    0.1003       185
weighted avg     0.1508    0.2162    0.1349       185

micro f-score: 0.21621621621621623

========== Train Epoch 2 ==========
/home/djy/anaconda3/envs/pytorch/lib/python3.7/site-packages/sklearn/metrics/_classification.py:1308: UndefinedMetricWarning: Precision and F-score are ill-defined and being set to 0.0 in labels with no predicted samples. Use `zero_division` parameter to control this behavior.
  _warn_prf(average, modifier, msg_start, len(result))
/home/djy/anaconda3/envs/pytorch/lib/python3.7/site-packages/sklearn/metrics/_classification.py:1308: UndefinedMetricWarning: Precision and F-score are ill-defined and being set to 0.0 in labels with no predicted samples. Use `zero_division` parameter to control this behavior.
  _warn_prf(average, modifier, msg_start, len(result))
/home/djy/anaconda3/envs/pytorch/lib/python3.7/site-packages/sklearn/metrics/_classification.py:1308: UndefinedMetricWarning: Precision and F-score are ill-defined and being set to 0.0 in labels with no predicted samples. Use `zero_division` parameter to control this behavior.
  _warn_prf(average, modifier, msg_start, len(result))
Loss: 1.646	Accuracy: 36.22%	Cost 28s
              precision    recall  f1-score   support

         bzx     0.5000    0.1613    0.2439        31
         cwx     0.4286    0.2727    0.3333        22
         hdx     0.0000    0.0000    0.0000        17
         mtx     0.0000    0.0000    0.0000        19
         nqx     0.3750    0.2500    0.3000        12
         qtx     0.5116    0.4889    0.5000        45
         zxx     0.2844    0.7949    0.4189        39

    accuracy                         0.3622       185
   macro avg     0.2999    0.2811    0.2566       185
weighted avg     0.3435    0.3622    0.3099       185

micro f-score: 0.3621621621621622

========== Train Epoch 3 ==========
/home/djy/anaconda3/envs/pytorch/lib/python3.7/site-packages/sklearn/metrics/_classification.py:1308: UndefinedMetricWarning: Precision and F-score are ill-defined and being set to 0.0 in labels with no predicted samples. Use `zero_division` parameter to control this behavior.
  _warn_prf(average, modifier, msg_start, len(result))
/home/djy/anaconda3/envs/pytorch/lib/python3.7/site-packages/sklearn/metrics/_classification.py:1308: UndefinedMetricWarning: Precision and F-score are ill-defined and being set to 0.0 in labels with no predicted samples. Use `zero_division` parameter to control this behavior.
  _warn_prf(average, modifier, msg_start, len(result))
/home/djy/anaconda3/envs/pytorch/lib/python3.7/site-packages/sklearn/metrics/_classification.py:1308: UndefinedMetricWarning: Precision and F-score are ill-defined and being set to 0.0 in labels with no predicted samples. Use `zero_division` parameter to control this behavior.
  _warn_prf(average, modifier, msg_start, len(result))
Loss: 1.563	Accuracy: 36.76%	Cost 27s
              precision    recall  f1-score   support

         bzx     0.4167    0.1613    0.2326        31
         cwx     0.2941    0.2273    0.2564        22
         hdx     0.0000    0.0000    0.0000        17
         mtx     0.0000    0.0000    0.0000        19
         nqx     0.2727    0.2500    0.2609        12
         qtx     0.4545    0.5556    0.5000        45
         zxx     0.3371    0.7692    0.4688        39

    accuracy                         0.3676       185
   macro avg     0.2536    0.2805    0.2455       185
weighted avg     0.3041    0.3676    0.3068       185

micro f-score: 0.3675675675675676

========== Train Epoch 4 ==========
/home/djy/anaconda3/envs/pytorch/lib/python3.7/site-packages/sklearn/metrics/_classification.py:1308: UndefinedMetricWarning: Precision and F-score are ill-defined and being set to 0.0 in labels with no predicted samples. Use `zero_division` parameter to control this behavior.
  _warn_prf(average, modifier, msg_start, len(result))
/home/djy/anaconda3/envs/pytorch/lib/python3.7/site-packages/sklearn/metrics/_classification.py:1308: UndefinedMetricWarning: Precision and F-score are ill-defined and being set to 0.0 in labels with no predicted samples. Use `zero_division` parameter to control this behavior.
  _warn_prf(average, modifier, msg_start, len(result))
/home/djy/anaconda3/envs/pytorch/lib/python3.7/site-packages/sklearn/metrics/_classification.py:1308: UndefinedMetricWarning: Precision and F-score are ill-defined and being set to 0.0 in labels with no predicted samples. Use `zero_division` parameter to control this behavior.
  _warn_prf(average, modifier, msg_start, len(result))
Loss: 1.531	Accuracy: 42.16%	Cost 28s
              precision    recall  f1-score   support

         bzx     0.3529    0.3871    0.3692        31
         cwx     0.4000    0.3636    0.3810        22
         hdx     0.0000    0.0000    0.0000        17
         mtx     0.0000    0.0000    0.0000        19
         nqx     0.3750    0.2500    0.3000        12
         qtx     0.5581    0.5333    0.5455        45
         zxx     0.3924    0.7949    0.5254        39

    accuracy                         0.4216       185
   macro avg     0.2969    0.3327    0.3030       185
weighted avg     0.3495    0.4216    0.3701       185

micro f-score: 0.42162162162162165

========== Train Epoch 5 ==========
/home/djy/anaconda3/envs/pytorch/lib/python3.7/site-packages/sklearn/metrics/_classification.py:1308: UndefinedMetricWarning: Precision and F-score are ill-defined and being set to 0.0 in labels with no predicted samples. Use `zero_division` parameter to control this behavior.
  _warn_prf(average, modifier, msg_start, len(result))
/home/djy/anaconda3/envs/pytorch/lib/python3.7/site-packages/sklearn/metrics/_classification.py:1308: UndefinedMetricWarning: Precision and F-score are ill-defined and being set to 0.0 in labels with no predicted samples. Use `zero_division` parameter to control this behavior.
  _warn_prf(average, modifier, msg_start, len(result))
/home/djy/anaconda3/envs/pytorch/lib/python3.7/site-packages/sklearn/metrics/_classification.py:1308: UndefinedMetricWarning: Precision and F-score are ill-defined and being set to 0.0 in labels with no predicted samples. Use `zero_division` parameter to control this behavior.
  _warn_prf(average, modifier, msg_start, len(result))
Loss: 1.508	Accuracy: 43.78%	Cost 29s
              precision    recall  f1-score   support

         bzx     0.3571    0.4839    0.4110        31
         cwx     0.4286    0.2727    0.3333        22
         hdx     0.0000    0.0000    0.0000        17
         mtx     0.0000    0.0000    0.0000        19
         nqx     0.2727    0.2500    0.2609        12
         qtx     0.5682    0.5556    0.5618        45
         zxx     0.4384    0.8205    0.5714        39

    accuracy                         0.4378       185
   macro avg     0.2950    0.3404    0.3055       185
weighted avg     0.3591    0.4378    0.3825       185

micro f-score: 0.43783783783783786

========== Train Epoch 6 ==========
/home/djy/anaconda3/envs/pytorch/lib/python3.7/site-packages/sklearn/metrics/_classification.py:1308: UndefinedMetricWarning: Precision and F-score are ill-defined and being set to 0.0 in labels with no predicted samples. Use `zero_division` parameter to control this behavior.
  _warn_prf(average, modifier, msg_start, len(result))
/home/djy/anaconda3/envs/pytorch/lib/python3.7/site-packages/sklearn/metrics/_classification.py:1308: UndefinedMetricWarning: Precision and F-score are ill-defined and being set to 0.0 in labels with no predicted samples. Use `zero_division` parameter to control this behavior.
  _warn_prf(average, modifier, msg_start, len(result))
/home/djy/anaconda3/envs/pytorch/lib/python3.7/site-packages/sklearn/metrics/_classification.py:1308: UndefinedMetricWarning: Precision and F-score are ill-defined and being set to 0.0 in labels with no predicted samples. Use `zero_division` parameter to control this behavior.
  _warn_prf(average, modifier, msg_start, len(result))
Loss: 1.471	Accuracy: 43.78%	Cost 28s
              precision    recall  f1-score   support

         bzx     0.3684    0.4516    0.4058        31
         cwx     0.5000    0.3636    0.4211        22
         hdx     0.0000    0.0000    0.0000        17
         mtx     0.0000    0.0000    0.0000        19
         nqx     0.3750    0.2500    0.3000        12
         qtx     0.5641    0.4889    0.5238        45
         zxx     0.4096    0.8718    0.5574        39

    accuracy                         0.4378       185
   macro avg     0.3167    0.3466    0.3154       185
weighted avg     0.3691    0.4378    0.3824       185

micro f-score: 0.43783783783783786

========== Train Epoch 7 ==========
/home/djy/anaconda3/envs/pytorch/lib/python3.7/site-packages/sklearn/metrics/_classification.py:1308: UndefinedMetricWarning: Precision and F-score are ill-defined and being set to 0.0 in labels with no predicted samples. Use `zero_division` parameter to control this behavior.
  _warn_prf(average, modifier, msg_start, len(result))
/home/djy/anaconda3/envs/pytorch/lib/python3.7/site-packages/sklearn/metrics/_classification.py:1308: UndefinedMetricWarning: Precision and F-score are ill-defined and being set to 0.0 in labels with no predicted samples. Use `zero_division` parameter to control this behavior.
  _warn_prf(average, modifier, msg_start, len(result))
/home/djy/anaconda3/envs/pytorch/lib/python3.7/site-packages/sklearn/metrics/_classification.py:1308: UndefinedMetricWarning: Precision and F-score are ill-defined and being set to 0.0 in labels with no predicted samples. Use `zero_division` parameter to control this behavior.
  _warn_prf(average, modifier, msg_start, len(result))
Loss: 1.460	Accuracy: 41.62%	Cost 27s
              precision    recall  f1-score   support

         bzx     0.3333    0.4194    0.3714        31
         cwx     0.4000    0.2727    0.3243        22
         hdx     0.2000    0.0588    0.0909        17
         mtx     0.0000    0.0000    0.0000        19
         nqx     0.2727    0.2500    0.2609        12
         qtx     0.5641    0.4889    0.5238        45
         zxx     0.4211    0.8205    0.5565        39

    accuracy                         0.4162       185
   macro avg     0.3130    0.3300    0.3040       185
weighted avg     0.3655    0.4162    0.3708       185

micro f-score: 0.41621621621621624

========== Train Epoch 8 ==========
/home/djy/anaconda3/envs/pytorch/lib/python3.7/site-packages/sklearn/metrics/_classification.py:1308: UndefinedMetricWarning: Precision and F-score are ill-defined and being set to 0.0 in labels with no predicted samples. Use `zero_division` parameter to control this behavior.
  _warn_prf(average, modifier, msg_start, len(result))
/home/djy/anaconda3/envs/pytorch/lib/python3.7/site-packages/sklearn/metrics/_classification.py:1308: UndefinedMetricWarning: Precision and F-score are ill-defined and being set to 0.0 in labels with no predicted samples. Use `zero_division` parameter to control this behavior.
  _warn_prf(average, modifier, msg_start, len(result))
/home/djy/anaconda3/envs/pytorch/lib/python3.7/site-packages/sklearn/metrics/_classification.py:1308: UndefinedMetricWarning: Precision and F-score are ill-defined and being set to 0.0 in labels with no predicted samples. Use `zero_division` parameter to control this behavior.
  _warn_prf(average, modifier, msg_start, len(result))
Loss: 1.448	Accuracy: 43.24%	Cost 28s
              precision    recall  f1-score   support

         bzx     0.3590    0.4516    0.4000        31
         cwx     0.4000    0.2727    0.3243        22
         hdx     0.2000    0.0588    0.0909        17
         mtx     0.0000    0.0000    0.0000        19
         nqx     0.2727    0.2500    0.2609        12
         qtx     0.5854    0.5333    0.5581        45
         zxx     0.4384    0.8205    0.5714        39

    accuracy                         0.4324       185
   macro avg     0.3222    0.3410    0.3151       185
weighted avg     0.3786    0.4324    0.3871       185

micro f-score: 0.43243243243243246

========== Train Epoch 9 ==========
Loss: 1.415	Accuracy: 44.86%	Cost 27s
              precision    recall  f1-score   support

         bzx     0.3590    0.4516    0.4000        31
         cwx     0.4375    0.3182    0.3684        22
         hdx     0.2000    0.0588    0.0909        17
         mtx     0.0000    0.0000    0.0000        19
         nqx     0.3333    0.2500    0.2857        12
         qtx     0.6098    0.5556    0.5814        45
         zxx     0.4459    0.8462    0.5841        39

    accuracy                         0.4486       185
   macro avg     0.3408    0.3543    0.3301       185
weighted avg     0.3945    0.4486    0.4023       185

micro f-score: 0.4486486486486486

========== Train Epoch 10 ==========
Loss: 1.392	Accuracy: 45.95%	Cost 27s
              precision    recall  f1-score   support

         bzx     0.4138    0.3871    0.4000        31
         cwx     0.3500    0.3182    0.3333        22
         hdx     0.4286    0.1765    0.2500        17
         mtx     0.0000    0.0000    0.0000        19
         nqx     0.3000    0.2500    0.2727        12
         qtx     0.5745    0.6000    0.5870        45
         zxx     0.4714    0.8462    0.6055        39

    accuracy                         0.4595       185
   macro avg     0.3626    0.3683    0.3498       185
weighted avg     0.4089    0.4595    0.4178       185

micro f-score: 0.4594594594594595

========== Train Epoch 11 ==========
Loss: 1.368	Accuracy: 43.78%	Cost 28s
              precision    recall  f1-score   support

         bzx     0.3415    0.4516    0.3889        31
         cwx     0.3182    0.3182    0.3182        22
         hdx     0.3333    0.1176    0.1739        17
         mtx     0.0000    0.0000    0.0000        19
         nqx     0.4286    0.2500    0.3158        12
         qtx     0.6471    0.4889    0.5570        45
         zxx     0.4521    0.8462    0.5893        39

    accuracy                         0.4378       185
   macro avg     0.3601    0.3532    0.3347       185
weighted avg     0.4062    0.4378    0.3992       185

micro f-score: 0.43783783783783786

========== Train Epoch 12 ==========
Loss: 1.331	Accuracy: 45.41%	Cost 27s
              precision    recall  f1-score   support

         bzx     0.4242    0.4516    0.4375        31
         cwx     0.3889    0.3182    0.3500        22
         hdx     0.2857    0.1176    0.1667        17
         mtx     0.0000    0.0000    0.0000        19
         nqx     0.2500    0.2500    0.2500        12
         qtx     0.6190    0.5778    0.5977        45
         zxx     0.4444    0.8205    0.5766        39

    accuracy                         0.4541       185
   macro avg     0.3446    0.3622    0.3398       185
weighted avg     0.4041    0.4541    0.4134       185

micro f-score: 0.4540540540540541

========== Train Epoch 13 ==========
Loss: 1.328	Accuracy: 47.03%	Cost 28s
              precision    recall  f1-score   support

         bzx     0.4688    0.4839    0.4762        31
         cwx     0.3500    0.3182    0.3333        22
         hdx     0.2222    0.1176    0.1538        17
         mtx     0.3333    0.0526    0.0909        19
         nqx     0.3333    0.2500    0.2857        12
         qtx     0.6250    0.5556    0.5882        45
         zxx     0.4722    0.8718    0.6126        39

    accuracy                         0.4703       185
   macro avg     0.4007    0.3785    0.3630       185
weighted avg     0.4480    0.4703    0.4337       185

micro f-score: 0.4702702702702703

========== Train Epoch 14 ==========
Loss: 1.320	Accuracy: 46.49%	Cost 30s
              precision    recall  f1-score   support

         bzx     0.3590    0.4516    0.4000        31
         cwx     0.3226    0.4545    0.3774        22
         hdx     0.3750    0.1765    0.2400        17
         mtx     0.0000    0.0000    0.0000        19
         nqx     0.4286    0.2500    0.3158        12
         qtx     0.6053    0.5111    0.5542        45
         zxx     0.5593    0.8462    0.6735        39

    accuracy                         0.4649       185
   macro avg     0.3785    0.3843    0.3658       185
weighted avg     0.4259    0.4649    0.4312       185

micro f-score: 0.4648648648648649

========== Train Epoch 15 ==========
Loss: 1.297	Accuracy: 47.57%	Cost 27s
              precision    recall  f1-score   support

         bzx     0.4412    0.4839    0.4615        31
         cwx     0.4375    0.3182    0.3684        22
         hdx     0.3333    0.1765    0.2308        17
         mtx     0.0000    0.0000    0.0000        19
         nqx     0.3000    0.2500    0.2727        12
         qtx     0.6500    0.5778    0.6118        45
         zxx     0.4533    0.8718    0.5965        39

    accuracy                         0.4757       185
   macro avg     0.3736    0.3826    0.3631       185
weighted avg     0.4297    0.4757    0.4346       185

micro f-score: 0.4756756756756757

========== Train Epoch 16 ==========
Loss: 1.282	Accuracy: 47.03%	Cost 27s
              precision    recall  f1-score   support

         bzx     0.4324    0.5161    0.4706        31
         cwx     0.4000    0.3636    0.3810        22
         hdx     0.3333    0.1765    0.2308        17
         mtx     0.0000    0.0000    0.0000        19
         nqx     0.3750    0.2500    0.3000        12
         qtx     0.5854    0.5333    0.5581        45
         zxx     0.4853    0.8462    0.6168        39

    accuracy                         0.4703       185
   macro avg     0.3731    0.3837    0.3653       185
weighted avg     0.4197    0.4703    0.4306       185

micro f-score: 0.4702702702702703

========== Train Epoch 17 ==========
Loss: 1.244	Accuracy: 49.73%	Cost 28s
              precision    recall  f1-score   support

         bzx     0.5758    0.6129    0.5938        31
         cwx     0.3810    0.3636    0.3721        22
         hdx     0.2857    0.2353    0.2581        17
         mtx     0.2500    0.0526    0.0870        19
         nqx     0.2727    0.2500    0.2609        12
         qtx     0.5745    0.6000    0.5870        45
         zxx     0.5455    0.7692    0.6383        39

    accuracy                         0.4973       185
   macro avg     0.4122    0.4120    0.3996       185
weighted avg     0.4661    0.4973    0.4706       185

micro f-score: 0.4972972972972973

========== Train Epoch 18 ==========
Loss: 1.240	Accuracy: 47.57%	Cost 28s
              precision    recall  f1-score   support

         bzx     0.5152    0.5484    0.5312        31
         cwx     0.3810    0.3636    0.3721        22
         hdx     0.2857    0.1176    0.1667        17
         mtx     0.0000    0.0000    0.0000        19
         nqx     0.2727    0.2500    0.2609        12
         qtx     0.5652    0.5778    0.5714        45
         zxx     0.4923    0.8205    0.6154        39

    accuracy                         0.4757       185
   macro avg     0.3589    0.3826    0.3597       185
weighted avg     0.4168    0.4757    0.4342       185

micro f-score: 0.4756756756756757

========== Train Epoch 19 ==========
Loss: 1.208	Accuracy: 47.03%	Cost 27s
              precision    recall  f1-score   support

         bzx     0.4483    0.4194    0.4333        31
         cwx     0.3200    0.3636    0.3404        22
         hdx     0.3333    0.2353    0.2759        17
         mtx     0.3333    0.0526    0.0909        19
         nqx     0.3333    0.2500    0.2857        12
         qtx     0.6047    0.5778    0.5909        45
         zxx     0.5000    0.8205    0.6214        39

    accuracy                         0.4703       185
   macro avg     0.4104    0.3885    0.3769       185
weighted avg     0.4521    0.4703    0.4410       185

micro f-score: 0.4702702702702703

========== Train Epoch 20 ==========
Loss: 1.195	Accuracy: 49.73%	Cost 27s
              precision    recall  f1-score   support

         bzx     0.4615    0.5806    0.5143        31
         cwx     0.3889    0.3182    0.3500        22
         hdx     0.4000    0.2353    0.2963        17
         mtx     0.5000    0.0526    0.0952        19
         nqx     0.3750    0.2500    0.3000        12
         qtx     0.6190    0.5778    0.5977        45
         zxx     0.5000    0.8462    0.6286        39

    accuracy                         0.4973       185
   macro avg     0.4635    0.4087    0.3974       185
weighted avg     0.4920    0.4973    0.4622       185

micro f-score: 0.4972972972972973

========== Train Epoch 21 ==========
Loss: 1.192	Accuracy: 47.57%	Cost 28s
              precision    recall  f1-score   support

         bzx     0.5652    0.4194    0.4815        31
         cwx     0.3500    0.3182    0.3333        22
         hdx     0.1818    0.1176    0.1429        17
         mtx     0.0000    0.0000    0.0000        19
         nqx     0.4000    0.5000    0.4444        12
         qtx     0.7027    0.5778    0.6341        45
         zxx     0.4359    0.8718    0.5812        39

    accuracy                         0.4757       185
   macro avg     0.3765    0.4007    0.3739       185
weighted avg     0.4418    0.4757    0.4391       185

micro f-score: 0.4756756756756757

========== Train Epoch 22 ==========
Loss: 1.156	Accuracy: 50.81%	Cost 27s
              precision    recall  f1-score   support

         bzx     0.5161    0.5161    0.5161        31
         cwx     0.4375    0.3182    0.3684        22
         hdx     0.2308    0.1765    0.2000        17
         mtx     0.5000    0.1053    0.1739        19
         nqx     0.4545    0.4167    0.4348        12
         qtx     0.7105    0.6000    0.6506        45
         zxx     0.4722    0.8718    0.6126        39

    accuracy                         0.5081       185
   macro avg     0.4745    0.4292    0.4224       185
weighted avg     0.5129    0.5081    0.4821       185

micro f-score: 0.5081081081081081

========== Train Epoch 23 ==========
Loss: 1.155	Accuracy: 47.57%	Cost 28s
              precision    recall  f1-score   support

         bzx     0.4545    0.4839    0.4687        31
         cwx     0.3750    0.2727    0.3158        22
         hdx     0.2222    0.1176    0.1538        17
         mtx     0.0000    0.0000    0.0000        19
         nqx     0.5000    0.5000    0.5000        12
         qtx     0.6757    0.5556    0.6098        45
         zxx     0.4474    0.8718    0.5913        39

    accuracy                         0.4757       185
   macro avg     0.3821    0.4002    0.3771       185
weighted avg     0.4323    0.4757    0.4356       185

micro f-score: 0.4756756756756757

========== Train Epoch 24 ==========
Loss: 1.151	Accuracy: 44.86%	Cost 28s
              precision    recall  f1-score   support

         bzx     0.5217    0.3871    0.4444        31
         cwx     0.2778    0.2273    0.2500        22
         hdx     0.3333    0.1765    0.2308        17
         mtx     0.2500    0.0526    0.0870        19
         nqx     0.4444    0.3333    0.3810        12
         qtx     0.7059    0.5333    0.6076        45
         zxx     0.3864    0.8718    0.5354        39

    accuracy                         0.4486       185
   macro avg     0.4171    0.3688    0.3623       185
weighted avg     0.4587    0.4486    0.4197       185

micro f-score: 0.4486486486486486

========== Train Epoch 25 ==========
Loss: 1.100	Accuracy: 50.81%	Cost 29s
              precision    recall  f1-score   support

         bzx     0.5185    0.4516    0.4828        31
         cwx     0.3913    0.4091    0.4000        22
         hdx     0.3636    0.2353    0.2857        17
         mtx     0.5000    0.1053    0.1739        19
         nqx     0.4375    0.5833    0.5000        12
         qtx     0.6667    0.5778    0.6190        45
         zxx     0.4923    0.8205    0.6154        39

    accuracy                         0.5081       185
   macro avg     0.4814    0.4547    0.4395       185
weighted avg     0.5125    0.5081    0.4853       185

micro f-score: 0.5081081081081081

========== Train Epoch 26 ==========
Loss: 1.086	Accuracy: 51.35%	Cost 28s
              precision    recall  f1-score   support

         bzx     0.4545    0.4839    0.4687        31
         cwx     0.4118    0.3182    0.3590        22
         hdx     0.3333    0.2353    0.2759        17
         mtx     0.3333    0.1579    0.2143        19
         nqx     0.4000    0.3333    0.3636        12
         qtx     0.6364    0.6222    0.6292        45
         zxx     0.5667    0.8718    0.6869        39

    accuracy                         0.5135       185
   macro avg     0.4480    0.4318    0.4282       185
weighted avg     0.4902    0.5135    0.4900       185

micro f-score: 0.5135135135135135

========== Train Epoch 27 ==========
Loss: 1.071	Accuracy: 50.81%	Cost 27s
              precision    recall  f1-score   support

         bzx     0.5385    0.4516    0.4912        31
         cwx     0.3600    0.4091    0.3830        22
         hdx     0.3636    0.2353    0.2857        17
         mtx     0.2500    0.0526    0.0870        19
         nqx     0.5714    0.6667    0.6154        12
         qtx     0.7273    0.5333    0.6154        45
         zxx     0.4722    0.8718    0.6126        39

    accuracy                         0.5081       185
   macro avg     0.4690    0.4601    0.4415       185
weighted avg     0.5056    0.5081    0.4818       185

micro f-score: 0.5081081081081081

========== Train Epoch 28 ==========
Loss: 1.046	Accuracy: 51.89%	Cost 28s
              precision    recall  f1-score   support

         bzx     0.4500    0.5806    0.5070        31
         cwx     0.4737    0.4091    0.4390        22
         hdx     0.3077    0.2353    0.2667        17
         mtx     0.2857    0.1053    0.1538        19
         nqx     0.4000    0.3333    0.3636        12
         qtx     0.6222    0.6222    0.6222        45
         zxx     0.6078    0.7949    0.6889        39

    accuracy                         0.5189       185
   macro avg     0.4496    0.4401    0.4345       185
weighted avg     0.4948    0.5189    0.4976       185

micro f-score: 0.518918918918919

========== Train Epoch 29 ==========
Loss: 1.040	Accuracy: 54.05%	Cost 27s
              precision    recall  f1-score   support

         bzx     0.5714    0.5161    0.5424        31
         cwx     0.3793    0.5000    0.4314        22
         hdx     0.2667    0.2353    0.2500        17
         mtx     0.2000    0.0526    0.0833        19
         nqx     0.4667    0.5833    0.5185        12
         qtx     0.6889    0.6889    0.6889        45
         zxx     0.6250    0.7692    0.6897        39

    accuracy                         0.5405       185
   macro avg     0.4569    0.4779    0.4577       185
weighted avg     0.5155    0.5405    0.5203       185

micro f-score: 0.5405405405405406

========== Train Epoch 30 ==========
Loss: 1.032	Accuracy: 50.27%	Cost 29s
              precision    recall  f1-score   support

         bzx     0.4000    0.5161    0.4507        31
         cwx     0.4706    0.3636    0.4103        22
         hdx     0.2857    0.2353    0.2581        17
         mtx     0.1667    0.0526    0.0800        19
         nqx     0.6000    0.5000    0.5455        12
         qtx     0.7429    0.5778    0.6500        45
         zxx     0.5079    0.8205    0.6275        39

    accuracy                         0.5027       185
   macro avg     0.4534    0.4380    0.4317       185
weighted avg     0.4931    0.5027    0.4820       185

micro f-score: 0.5027027027027027

========== Train Epoch 31 ==========
Loss: 0.987	Accuracy: 54.05%	Cost 29s
              precision    recall  f1-score   support

         bzx     0.4318    0.6129    0.5067        31
         cwx     0.6364    0.3182    0.4242        22
         hdx     0.3333    0.2353    0.2759        17
         mtx     0.2500    0.0526    0.0870        19
         nqx     0.5714    0.6667    0.6154        12
         qtx     0.6667    0.6667    0.6667        45
         zxx     0.5636    0.7949    0.6596        39

    accuracy                         0.5405       185
   macro avg     0.4933    0.4782    0.4622       185
weighted avg     0.5224    0.5405    0.5108       185

micro f-score: 0.5405405405405406

========== Train Epoch 32 ==========
Loss: 0.976	Accuracy: 54.05%	Cost 29s
              precision    recall  f1-score   support

         bzx     0.4783    0.3548    0.4074        31
         cwx     0.3684    0.6364    0.4667        22
         hdx     0.3125    0.2941    0.3030        17
         mtx     0.2727    0.1579    0.2000        19
         nqx     0.6667    0.6667    0.6667        12
         qtx     0.7429    0.5778    0.6500        45
         zxx     0.6600    0.8462    0.7416        39

    accuracy                         0.5405       185
   macro avg     0.5002    0.5048    0.4908       185
weighted avg     0.5438    0.5405    0.5298       185

micro f-score: 0.5405405405405406

========== Train Epoch 33 ==========
Loss: 0.968	Accuracy: 52.43%	Cost 28s
              precision    recall  f1-score   support

         bzx     0.4839    0.4839    0.4839        31
         cwx     0.5385    0.3182    0.4000        22
         hdx     0.3636    0.2353    0.2857        17
         mtx     0.2000    0.0526    0.0833        19
         nqx     0.5714    0.6667    0.6154        12
         qtx     0.6923    0.6000    0.6429        45
         zxx     0.4861    0.8974    0.6306        39

    accuracy                         0.5243       185
   macro avg     0.4765    0.4649    0.4488       185
weighted avg     0.5070    0.5243    0.4927       185

micro f-score: 0.5243243243243243

========== Train Epoch 34 ==========
Loss: 0.945	Accuracy: 54.05%	Cost 27s
              precision    recall  f1-score   support

         bzx     0.5143    0.5806    0.5455        31
         cwx     0.4286    0.4091    0.4186        22
         hdx     0.2857    0.2353    0.2581        17
         mtx     0.2500    0.0526    0.0870        19
         nqx     0.5714    0.6667    0.6154        12
         qtx     0.6667    0.6667    0.6667        45
         zxx     0.5769    0.7692    0.6593        39

    accuracy                         0.5405       185
   macro avg     0.4705    0.4829    0.4644       185
weighted avg     0.5099    0.5405    0.5149       185

micro f-score: 0.5405405405405406

========== Train Epoch 35 ==========
Loss: 0.925	Accuracy: 57.30%	Cost 27s
              precision    recall  f1-score   support

         bzx     0.5600    0.4516    0.5000        31
         cwx     0.5238    0.5000    0.5116        22
         hdx     0.2857    0.2353    0.2581        17
         mtx     0.3333    0.2105    0.2581        19
         nqx     0.7000    0.5833    0.6364        12
         qtx     0.7045    0.6889    0.6966        45
         zxx     0.5932    0.8974    0.7143        39

    accuracy                         0.5730       185
   macro avg     0.5287    0.5096    0.5107       185
weighted avg     0.5585    0.5730    0.5562       185

micro f-score: 0.572972972972973

========== Train Epoch 36 ==========
Loss: 0.895	Accuracy: 56.76%	Cost 28s
              precision    recall  f1-score   support

         bzx     0.4419    0.6129    0.5135        31
         cwx     0.4783    0.5000    0.4889        22
         hdx     0.3077    0.2353    0.2667        17
         mtx     0.2727    0.1579    0.2000        19
         nqx     0.7778    0.5833    0.6667        12
         qtx     0.7111    0.7111    0.7111        45
         zxx     0.7073    0.7436    0.7250        39

    accuracy                         0.5676       185
   macro avg     0.5281    0.5063    0.5103       185
weighted avg     0.5597    0.5676    0.5583       185

micro f-score: 0.5675675675675675

========== Train Epoch 37 ==========
Loss: 0.899	Accuracy: 56.22%	Cost 28s
              precision    recall  f1-score   support

         bzx     0.5714    0.5161    0.5424        31
         cwx     0.4800    0.5455    0.5106        22
         hdx     0.2857    0.2353    0.2581        17
         mtx     0.4000    0.2105    0.2759        19
         nqx     0.5833    0.5833    0.5833        12
         qtx     0.7250    0.6444    0.6824        45
         zxx     0.5714    0.8205    0.6737        39

    accuracy                         0.5622       185
   macro avg     0.5167    0.5080    0.5038       185
weighted avg     0.5548    0.5622    0.5495       185

micro f-score: 0.5621621621621622

========== Train Epoch 38 ==========
Loss: 0.872	Accuracy: 56.76%	Cost 26s
              precision    recall  f1-score   support

         bzx     0.4634    0.6129    0.5278        31
         cwx     0.6000    0.4091    0.4865        22
         hdx     0.3077    0.2353    0.2667        17
         mtx     0.4000    0.1053    0.1667        19
         nqx     0.5714    0.6667    0.6154        12
         qtx     0.7442    0.7111    0.7273        45
         zxx     0.5741    0.7949    0.6667        39

    accuracy                         0.5676       185
   macro avg     0.5230    0.5050    0.4938       185
weighted avg     0.5575    0.5676    0.5453       185

micro f-score: 0.5675675675675675

========== Train Epoch 39 ==========
Loss: 0.855	Accuracy: 56.76%	Cost 29s
              precision    recall  f1-score   support

         bzx     0.5833    0.4516    0.5091        31
         cwx     0.5789    0.5000    0.5366        22
         hdx     0.2857    0.2353    0.2581        17
         mtx     0.3636    0.2105    0.2667        19
         nqx     0.6667    0.6667    0.6667        12
         qtx     0.7273    0.7111    0.7191        45
         zxx     0.5246    0.8205    0.6400        39

    accuracy                         0.5676       185
   macro avg     0.5329    0.5137    0.5137       185
weighted avg     0.5609    0.5676    0.5533       185

micro f-score: 0.5675675675675675

========== Train Epoch 40 ==========
Loss: 0.848	Accuracy: 56.76%	Cost 28s
              precision    recall  f1-score   support

         bzx     0.4839    0.4839    0.4839        31
         cwx     0.5714    0.5455    0.5581        22
         hdx     0.4545    0.2941    0.3571        17
         mtx     0.3333    0.1053    0.1600        19
         nqx     0.7000    0.5833    0.6364        12
         qtx     0.7632    0.6444    0.6988        45
         zxx     0.5147    0.8974    0.6542        39

    accuracy                         0.5676       185
   macro avg     0.5459    0.5077    0.5069       185
weighted avg     0.5646    0.5676    0.5459       185

micro f-score: 0.5675675675675675

========== Train Epoch 41 ==========
Loss: 0.829	Accuracy: 57.84%	Cost 29s
              precision    recall  f1-score   support

         bzx     0.4722    0.5484    0.5075        31
         cwx     0.5000    0.3182    0.3889        22
         hdx     0.3077    0.2353    0.2667        17
         mtx     0.3846    0.2632    0.3125        19
         nqx     0.7273    0.6667    0.6957        12
         qtx     0.6957    0.7111    0.7033        45
         zxx     0.6538    0.8718    0.7473        39

    accuracy                         0.5784       185
   macro avg     0.5345    0.5164    0.5174       185
weighted avg     0.5606    0.5784    0.5616       185

micro f-score: 0.5783783783783784

========== Train Epoch 42 ==========
Loss: 0.812	Accuracy: 57.30%	Cost 30s
              precision    recall  f1-score   support

         bzx     0.5714    0.5161    0.5424        31
         cwx     0.4583    0.5000    0.4783        22
         hdx     0.3333    0.2353    0.2759        17
         mtx     0.3333    0.2105    0.2581        19
         nqx     0.6429    0.7500    0.6923        12
         qtx     0.6905    0.6444    0.6667        45
         zxx     0.6226    0.8462    0.7174        39

    accuracy                         0.5730       185
   macro avg     0.5218    0.5289    0.5187       185
weighted avg     0.5560    0.5730    0.5579       185

micro f-score: 0.572972972972973

========== Train Epoch 43 ==========
Loss: 0.778	Accuracy: 61.62%	Cost 27s
              precision    recall  f1-score   support

         bzx     0.5000    0.6774    0.5753        31
         cwx     0.5000    0.3636    0.4211        22
         hdx     0.3333    0.2353    0.2759        17
         mtx     0.5556    0.2632    0.3571        19
         nqx     0.6923    0.7500    0.7200        12
         qtx     0.7143    0.7778    0.7447        45
         zxx     0.7273    0.8205    0.7711        39

    accuracy                         0.6162       185
   macro avg     0.5747    0.5554    0.5522       185
weighted avg     0.6029    0.6162    0.5989       185

micro f-score: 0.6162162162162163

========== Train Epoch 44 ==========
Loss: 0.776	Accuracy: 58.38%	Cost 28s
              precision    recall  f1-score   support

         bzx     0.4737    0.5806    0.5217        31
         cwx     0.5909    0.5909    0.5909        22
         hdx     0.2857    0.2353    0.2581        17
         mtx     0.3750    0.1579    0.2222        19
         nqx     0.7000    0.5833    0.6364        12
         qtx     0.7561    0.6889    0.7209        45
         zxx     0.6154    0.8205    0.7033        39

    accuracy                         0.5838       185
   macro avg     0.5424    0.5225    0.5219       185
weighted avg     0.5735    0.5838    0.5691       185

micro f-score: 0.5837837837837838

========== Train Epoch 45 ==========
Loss: 0.747	Accuracy: 56.22%	Cost 29s
              precision    recall  f1-score   support

         bzx     0.4194    0.4194    0.4194        31
         cwx     0.6667    0.4545    0.5405        22
         hdx     0.3333    0.2353    0.2759        17
         mtx     0.3000    0.1579    0.2069        19
         nqx     0.7273    0.6667    0.6957        12
         qtx     0.7805    0.7111    0.7442        45
         zxx     0.5231    0.8718    0.6538        39

    accuracy                         0.5622       185
   macro avg     0.5357    0.5024    0.5052       185
weighted avg     0.5583    0.5622    0.5451       185

micro f-score: 0.5621621621621622

========== Train Epoch 46 ==========
Loss: 0.727	Accuracy: 57.30%	Cost 28s
              precision    recall  f1-score   support

         bzx     0.5500    0.3548    0.4314        31
         cwx     0.6111    0.5000    0.5500        22
         hdx     0.3333    0.2353    0.2759        17
         mtx     0.3529    0.3158    0.3333        19
         nqx     0.6000    0.7500    0.6667        12
         qtx     0.7381    0.6889    0.7126        45
         zxx     0.5574    0.8718    0.6800        39

    accuracy                         0.5730       185
   macro avg     0.5347    0.5309    0.5214       185
weighted avg     0.5677    0.5730    0.5572       185

micro f-score: 0.572972972972973

========== Train Epoch 47 ==========
Loss: 0.715	Accuracy: 61.08%	Cost 28s
              precision    recall  f1-score   support

         bzx     0.5185    0.4516    0.4828        31
         cwx     0.6875    0.5000    0.5789        22
         hdx     0.4667    0.4118    0.4375        17
         mtx     0.4000    0.2105    0.2759        19
         nqx     0.6364    0.5833    0.6087        12
         qtx     0.7292    0.7778    0.7527        45
         zxx     0.6034    0.8974    0.7216        39

    accuracy                         0.6108       185
   macro avg     0.5774    0.5475    0.5512       185
weighted avg     0.5985    0.6108    0.5930       185

micro f-score: 0.6108108108108108

========== Train Epoch 48 ==========
Loss: 0.697	Accuracy: 58.38%	Cost 28s
              precision    recall  f1-score   support

         bzx     0.5152    0.5484    0.5312        31
         cwx     0.5714    0.3636    0.4444        22
         hdx     0.3333    0.2353    0.2759        17
         mtx     0.4167    0.2632    0.3226        19
         nqx     0.5294    0.7500    0.6207        12
         qtx     0.7234    0.7556    0.7391        45
         zxx     0.6200    0.7949    0.6966        39

    accuracy                         0.5838       185
   macro avg     0.5299    0.5301    0.5187       185
weighted avg     0.5687    0.5838    0.5673       185

micro f-score: 0.5837837837837838

========== Train Epoch 49 ==========
Loss: 0.692	Accuracy: 58.92%	Cost 28s
              precision    recall  f1-score   support

         bzx     0.4848    0.5161    0.5000        31
         cwx     0.6667    0.4545    0.5405        22
         hdx     0.3750    0.3529    0.3636        17
         mtx     0.5000    0.1579    0.2400        19
         nqx     0.6667    0.6667    0.6667        12
         qtx     0.7674    0.7333    0.7500        45
         zxx     0.5500    0.8462    0.6667        39

    accuracy                         0.5892       185
   macro avg     0.5729    0.5325    0.5325       185
weighted avg     0.5922    0.5892    0.5723       185

micro f-score: 0.5891891891891892

========== Train Epoch 50 ==========
Loss: 0.658	Accuracy: 57.84%	Cost 29s
              precision    recall  f1-score   support

         bzx     0.4848    0.5161    0.5000        31
         cwx     0.6471    0.5000    0.5641        22
         hdx     0.3077    0.2353    0.2667        17
         mtx     0.2667    0.2105    0.2353        19
         nqx     0.6667    0.6667    0.6667        12
         qtx     0.7000    0.7778    0.7368        45
         zxx     0.6444    0.7436    0.6905        39

    accuracy                         0.5784       185
   macro avg     0.5311    0.5214    0.5229       185
weighted avg     0.5632    0.5784    0.5676       185

micro f-score: 0.5783783783783784

========== Train Epoch 51 ==========
Loss: 0.651	Accuracy: 58.38%	Cost 29s
              precision    recall  f1-score   support

         bzx     0.5000    0.5806    0.5373        31
         cwx     0.5000    0.5000    0.5000        22
         hdx     0.3333    0.2941    0.3125        17
         mtx     0.4000    0.2105    0.2759        19
         nqx     0.4286    0.7500    0.5455        12
         qtx     0.7143    0.7778    0.7447        45
         zxx     0.8125    0.6667    0.7324        39

    accuracy                         0.5838       185
   macro avg     0.5270    0.5400    0.5212       185
weighted avg     0.5878    0.5838    0.5775       185

micro f-score: 0.5837837837837838

========== Train Epoch 52 ==========
Loss: 0.639	Accuracy: 57.84%	Cost 30s
              precision    recall  f1-score   support

         bzx     0.4583    0.7097    0.5570        31
         cwx     0.5455    0.5455    0.5455        22
         hdx     0.5000    0.2353    0.3200        17
         mtx     0.4286    0.1579    0.2308        19
         nqx     0.7000    0.5833    0.6364        12
         qtx     0.7143    0.6667    0.6897        45
         zxx     0.6042    0.7436    0.6667        39

    accuracy                         0.5784       185
   macro avg     0.5644    0.5203    0.5208       185
weighted avg     0.5781    0.5784    0.5609       185

micro f-score: 0.5783783783783784

========== Train Epoch 53 ==========
Loss: 0.622	Accuracy: 61.08%	Cost 28s
              precision    recall  f1-score   support

         bzx     0.5200    0.4194    0.4643        31
         cwx     0.6471    0.5000    0.5641        22
         hdx     0.4118    0.4118    0.4118        17
         mtx     0.4167    0.2632    0.3226        19
         nqx     0.6000    0.7500    0.6667        12
         qtx     0.7234    0.7556    0.7391        45
         zxx     0.6538    0.8718    0.7473        39

    accuracy                         0.6108       185
   macro avg     0.5675    0.5674    0.5594       185
weighted avg     0.5974    0.6108    0.5964       185

micro f-score: 0.6108108108108108

========== Train Epoch 54 ==========
Loss: 0.589	Accuracy: 58.92%	Cost 29s
              precision    recall  f1-score   support

         bzx     0.4737    0.5806    0.5217        31
         cwx     0.5789    0.5000    0.5366        22
         hdx     0.4615    0.3529    0.4000        17
         mtx     0.3571    0.2632    0.3030        19
         nqx     0.6000    0.7500    0.6667        12
         qtx     0.7381    0.6889    0.7126        45
         zxx     0.6591    0.7436    0.6988        39

    accuracy                         0.5892       185
   macro avg     0.5526    0.5542    0.5485       185
weighted avg     0.5847    0.5892    0.5830       185

micro f-score: 0.5891891891891892

========== Train Epoch 55 ==========
Loss: 0.602	Accuracy: 56.76%	Cost 27s
              precision    recall  f1-score   support

         bzx     0.4615    0.3871    0.4211        31
         cwx     0.5500    0.5000    0.5238        22
         hdx     0.3684    0.4118    0.3889        17
         mtx     0.3571    0.2632    0.3030        19
         nqx     0.5000    0.7500    0.6000        12
         qtx     0.6538    0.7556    0.7010        45
         zxx     0.7500    0.6923    0.7200        39

    accuracy                         0.5676       185
   macro avg     0.5201    0.5371    0.5225       185
weighted avg     0.5629    0.5676    0.5609       185

micro f-score: 0.5675675675675675

========== Train Epoch 56 ==========
Loss: 0.583	Accuracy: 57.30%	Cost 27s
              precision    recall  f1-score   support

         bzx     0.4242    0.4516    0.4375        31
         cwx     0.6667    0.4545    0.5405        22
         hdx     0.3571    0.2941    0.3226        17
         mtx     0.3077    0.2105    0.2500        19
         nqx     0.5714    0.6667    0.6154        12
         qtx     0.7333    0.7333    0.7333        45
         zxx     0.6275    0.8205    0.7111        39

    accuracy                         0.5730       185
   macro avg     0.5269    0.5188    0.5158       185
weighted avg     0.5625    0.5730    0.5611       185

micro f-score: 0.572972972972973

========== Train Epoch 57 ==========
Loss: 0.554	Accuracy: 58.38%	Cost 29s
              precision    recall  f1-score   support

         bzx     0.5517    0.5161    0.5333        31
         cwx     0.5000    0.5000    0.5000        22
         hdx     0.3333    0.3529    0.3429        17
         mtx     0.3571    0.2632    0.3030        19
         nqx     0.6000    0.7500    0.6667        12
         qtx     0.7045    0.6889    0.6966        45
         zxx     0.6977    0.7692    0.7317        39

    accuracy                         0.5838       185
   macro avg     0.5349    0.5486    0.5392       185
weighted avg     0.5766    0.5838    0.5784       185

micro f-score: 0.5837837837837838

========== Train Epoch 58 ==========
Loss: 0.552	Accuracy: 57.30%	Cost 29s
              precision    recall  f1-score   support

         bzx     0.4643    0.4194    0.4407        31
         cwx     0.5556    0.4545    0.5000        22
         hdx     0.3333    0.3529    0.3429        17
         mtx     0.3333    0.2632    0.2941        19
         nqx     0.5833    0.5833    0.5833        12
         qtx     0.7059    0.8000    0.7500        45
         zxx     0.6744    0.7436    0.7073        39

    accuracy                         0.5730       185
   macro avg     0.5214    0.5167    0.5169       185
weighted avg     0.5604    0.5730    0.5644       185

micro f-score: 0.572972972972973

========== Train Epoch 59 ==========
Loss: 0.539	Accuracy: 57.30%	Cost 29s
              precision    recall  f1-score   support

         bzx     0.4800    0.3871    0.4286        31
         cwx     0.6250    0.4545    0.5263        22
         hdx     0.3500    0.4118    0.3784        17
         mtx     0.3333    0.2632    0.2941        19
         nqx     0.5714    0.6667    0.6154        12
         qtx     0.6939    0.7556    0.7234        45
         zxx     0.6522    0.7692    0.7059        39

    accuracy                         0.5730       185
   macro avg     0.5294    0.5297    0.5246       185
weighted avg     0.5645    0.5730    0.5641       185

micro f-score: 0.572972972972973

========== Train Epoch 60 ==========
Loss: 0.521	Accuracy: 60.00%	Cost 28s
              precision    recall  f1-score   support

         bzx     0.5652    0.4194    0.4815        31
         cwx     0.5882    0.4545    0.5128        22
         hdx     0.4211    0.4706    0.4444        17
         mtx     0.3846    0.2632    0.3125        19
         nqx     0.6000    0.7500    0.6667        12
         qtx     0.7083    0.7556    0.7312        45
         zxx     0.6400    0.8205    0.7191        39

    accuracy                         0.6000       185
   macro avg     0.5582    0.5620    0.5526       185
weighted avg     0.5890    0.6000    0.5873       185

micro f-score: 0.6

========== Train Epoch 61 ==========
Loss: 0.491	Accuracy: 57.30%	Cost 27s
              precision    recall  f1-score   support

         bzx     0.4800    0.3871    0.4286        31
         cwx     0.5714    0.5455    0.5581        22
         hdx     0.2941    0.2941    0.2941        17
         mtx     0.3846    0.2632    0.3125        19
         nqx     0.5294    0.7500    0.6207        12
         qtx     0.7949    0.6889    0.7381        45
         zxx     0.6038    0.8205    0.6957        39

    accuracy                         0.5730       185
   macro avg     0.5226    0.5356    0.5211       185
weighted avg     0.5699    0.5730    0.5638       185

micro f-score: 0.572972972972973

========== Train Epoch 62 ==========
Loss: 0.497	Accuracy: 58.38%	Cost 27s
              precision    recall  f1-score   support

         bzx     0.5000    0.3871    0.4364        31
         cwx     0.7059    0.5455    0.6154        22
         hdx     0.4000    0.3529    0.3750        17
         mtx     0.3077    0.2105    0.2500        19
         nqx     0.6154    0.6667    0.6400        12
         qtx     0.8049    0.7333    0.7674        45
         zxx     0.5323    0.8462    0.6535        39

    accuracy                         0.5838       185
   macro avg     0.5523    0.5346    0.5340       185
weighted avg     0.5840    0.5838    0.5724       185

micro f-score: 0.5837837837837838

========== Train Epoch 63 ==========
Loss: 0.481	Accuracy: 54.59%	Cost 29s
              precision    recall  f1-score   support

         bzx     0.5652    0.4194    0.4815        31
         cwx     0.5263    0.4545    0.4878        22
         hdx     0.2778    0.2941    0.2857        17
         mtx     0.2727    0.3158    0.2927        19
         nqx     0.5000    0.5000    0.5000        12
         qtx     0.7045    0.6889    0.6966        45
         zxx     0.6383    0.7692    0.6977        39

    accuracy                         0.5459       185
   macro avg     0.4978    0.4917    0.4917       185
weighted avg     0.5492    0.5459    0.5440       185

micro f-score: 0.5459459459459459

========== Train Epoch 64 ==========
Loss: 0.463	Accuracy: 58.92%	Cost 28s
              precision    recall  f1-score   support

         bzx     0.5600    0.4516    0.5000        31
         cwx     0.5789    0.5000    0.5366        22
         hdx     0.3889    0.4118    0.4000        17
         mtx     0.5000    0.3158    0.3871        19
         nqx     0.3600    0.7500    0.4865        12
         qtx     0.7083    0.7556    0.7312        45
         zxx     0.7368    0.7179    0.7273        39

    accuracy                         0.5892       185
   macro avg     0.5476    0.5575    0.5384       185
weighted avg     0.6008    0.5892    0.5868       185

micro f-score: 0.5891891891891892

Finished training!!!

Min Loss = 0.463 in epoch 63;
Max Accuracy = 61.62% in epoch 42;
Total Cost 30 minutes

===============================================================================================
Layer (type:depth-idx)                        Output Shape              Param #
===============================================================================================
Conv2d: 1-1                                 [-1, 64, 160, 160]        9,408
BatchNorm2d: 1-2                            [-1, 64, 160, 160]        128
ReLU: 1-3                                   [-1, 64, 160, 160]        --
MaxPool2d: 1-4                              [-1, 64, 80, 80]          --
Sequential: 1-5                             [-1, 64, 80, 80]          --
|    BasicBlock: 2-1                        [-1, 64, 80, 80]          --
|    |    Conv2d: 3-1                       [-1, 64, 80, 80]          36,864
|    |    BatchNorm2d: 3-2                  [-1, 64, 80, 80]          128
|    |    ReLU: 3-3                         [-1, 64, 80, 80]          --
|    |    Conv2d: 3-4                       [-1, 64, 80, 80]          36,864
|    |    BatchNorm2d: 3-5                  [-1, 64, 80, 80]          128
|    |    CoordAtt: 3-6                     [-1, 64, 80, 80]          1,688
|    |    ReLU: 3-7                         [-1, 64, 80, 80]          --
|    BasicBlock: 2-2                        [-1, 64, 80, 80]          --
|    |    Conv2d: 3-8                       [-1, 64, 80, 80]          36,864
|    |    BatchNorm2d: 3-9                  [-1, 64, 80, 80]          128
|    |    ReLU: 3-10                        [-1, 64, 80, 80]          --
|    |    Conv2d: 3-11                      [-1, 64, 80, 80]          36,864
|    |    BatchNorm2d: 3-12                 [-1, 64, 80, 80]          128
|    |    CoordAtt: 3-13                    [-1, 64, 80, 80]          1,688
|    |    ReLU: 3-14                        [-1, 64, 80, 80]          --
Sequential: 1-6                             [-1, 128, 40, 40]         --
|    BasicBlock: 2-3                        [-1, 128, 40, 40]         --
|    |    Conv2d: 3-15                      [-1, 128, 40, 40]         73,728
|    |    BatchNorm2d: 3-16                 [-1, 128, 40, 40]         256
|    |    ReLU: 3-17                        [-1, 128, 40, 40]         --
|    |    Conv2d: 3-18                      [-1, 128, 40, 40]         147,456
|    |    BatchNorm2d: 3-19                 [-1, 128, 40, 40]         256
|    |    CoordAtt: 3-20                    [-1, 128, 40, 40]         3,352
|    |    Sequential: 3-21                  [-1, 128, 40, 40]         8,448
|    |    ReLU: 3-22                        [-1, 128, 40, 40]         --
|    BasicBlock: 2-4                        [-1, 128, 40, 40]         --
|    |    Conv2d: 3-23                      [-1, 128, 40, 40]         147,456
|    |    BatchNorm2d: 3-24                 [-1, 128, 40, 40]         256
|    |    ReLU: 3-25                        [-1, 128, 40, 40]         --
|    |    Conv2d: 3-26                      [-1, 128, 40, 40]         147,456
|    |    BatchNorm2d: 3-27                 [-1, 128, 40, 40]         256
|    |    CoordAtt: 3-28                    [-1, 128, 40, 40]         3,352
|    |    ReLU: 3-29                        [-1, 128, 40, 40]         --
Sequential: 1-7                             [-1, 256, 20, 20]         --
|    BasicBlock: 2-5                        [-1, 256, 20, 20]         --
|    |    Conv2d: 3-30                      [-1, 256, 20, 20]         294,912
|    |    BatchNorm2d: 3-31                 [-1, 256, 20, 20]         512
|    |    ReLU: 3-32                        [-1, 256, 20, 20]         --
|    |    Conv2d: 3-33                      [-1, 256, 20, 20]         589,824
|    |    BatchNorm2d: 3-34                 [-1, 256, 20, 20]         512
|    |    CoordAtt: 3-35                    [-1, 256, 20, 20]         6,680
|    |    Sequential: 3-36                  [-1, 256, 20, 20]         33,280
|    |    ReLU: 3-37                        [-1, 256, 20, 20]         --
|    BasicBlock: 2-6                        [-1, 256, 20, 20]         --
|    |    Conv2d: 3-38                      [-1, 256, 20, 20]         589,824
|    |    BatchNorm2d: 3-39                 [-1, 256, 20, 20]         512
|    |    ReLU: 3-40                        [-1, 256, 20, 20]         --
|    |    Conv2d: 3-41                      [-1, 256, 20, 20]         589,824
|    |    BatchNorm2d: 3-42                 [-1, 256, 20, 20]         512
|    |    CoordAtt: 3-43                    [-1, 256, 20, 20]         6,680
|    |    ReLU: 3-44                        [-1, 256, 20, 20]         --
Sequential: 1-8                             [-1, 512, 10, 10]         --
|    BasicBlock: 2-7                        [-1, 512, 10, 10]         --
|    |    Conv2d: 3-45                      [-1, 512, 10, 10]         1,179,648
|    |    BatchNorm2d: 3-46                 [-1, 512, 10, 10]         1,024
|    |    ReLU: 3-47                        [-1, 512, 10, 10]         --
|    |    Conv2d: 3-48                      [-1, 512, 10, 10]         2,359,296
|    |    BatchNorm2d: 3-49                 [-1, 512, 10, 10]         1,024
|    |    CoordAtt: 3-50                    [-1, 512, 10, 10]         25,648
|    |    Sequential: 3-51                  [-1, 512, 10, 10]         132,096
|    |    ReLU: 3-52                        [-1, 512, 10, 10]         --
|    BasicBlock: 2-8                        [-1, 512, 10, 10]         --
|    |    Conv2d: 3-53                      [-1, 512, 10, 10]         2,359,296
|    |    BatchNorm2d: 3-54                 [-1, 512, 10, 10]         1,024
|    |    ReLU: 3-55                        [-1, 512, 10, 10]         --
|    |    Conv2d: 3-56                      [-1, 512, 10, 10]         2,359,296
|    |    BatchNorm2d: 3-57                 [-1, 512, 10, 10]         1,024
|    |    CoordAtt: 3-58                    [-1, 512, 10, 10]         25,648
|    |    ReLU: 3-59                        [-1, 512, 10, 10]         --
AdaptiveAvgPool2d: 1-9                      [-1, 512, 1, 1]           --
Linear: 1-10                                [-1, 7]                   3,591
===============================================================================================
Total params: 11,254,839
Trainable params: 11,254,839
Non-trainable params: 0
Total mult-adds (G): 3.73
===============================================================================================
Input size (MB): 1.17
Forward/backward pass size (MB): 78.05
Params size (MB): 42.93
Estimated Total Size (MB): 122.15
===============================================================================================



Traceback (most recent call last):
  File "train.py", line 258, in <module>
    ca_resnet.resnet18, **args)
  File "train.py", line 188, in train
    stat(net, (3, 320, 320))
  File "/home/djy/anaconda3/envs/pytorch/lib/python3.7/site-packages/torchstat/statistics.py", line 71, in stat
    ms.show_report()
  File "/home/djy/anaconda3/envs/pytorch/lib/python3.7/site-packages/torchstat/statistics.py", line 64, in show_report
    collected_nodes = self._analyze_model()
  File "/home/djy/anaconda3/envs/pytorch/lib/python3.7/site-packages/torchstat/statistics.py", line 57, in _analyze_model
    model_hook = ModelHook(self._model, self._input_size)
  File "/home/djy/anaconda3/envs/pytorch/lib/python3.7/site-packages/torchstat/model_hook.py", line 24, in __init__
    self._model(x)
  File "/home/djy/anaconda3/envs/pytorch/lib/python3.7/site-packages/torch/nn/modules/module.py", line 1102, in _call_impl
    return forward_call(*input, **kwargs)
  File "/home/djy/dl/models/ca_resnet.py", line 330, in forward
    return self._forward_impl(x, y)
  File "/home/djy/dl/models/ca_resnet.py", line 313, in _forward_impl
    x = self.conv1(x)
  File "/home/djy/anaconda3/envs/pytorch/lib/python3.7/site-packages/torchstat/model_hook.py", line 50, in wrap_call
    output = self._origin_call[module.__class__](module, *input, **kwargs)
  File "/home/djy/anaconda3/envs/pytorch/lib/python3.7/site-packages/torch/nn/modules/module.py", line 1102, in _call_impl
    return forward_call(*input, **kwargs)
  File "/home/djy/anaconda3/envs/pytorch/lib/python3.7/site-packages/torch/nn/modules/conv.py", line 446, in forward
    return self._conv_forward(input, self.weight, self.bias)
  File "/home/djy/anaconda3/envs/pytorch/lib/python3.7/site-packages/torch/nn/modules/conv.py", line 443, in _conv_forward
    self.padding, self.dilation, self.groups)
RuntimeError: Input type (torch.FloatTensor) and weight type (torch.cuda.FloatTensor) should be the same or input should be a MKLDNN tensor and weight is a dense tensor
