Train Model: VGG, Using device cuda:0

========== Train Epoch 1 ==========
Loss: 1.878	Accuracy: 32 %	Time 45 s
Accuracy for class bzx   is: 0.0 %
Accuracy for class cwx   is: 0.0 %
Accuracy for class hdx   is: 0.0 %
Accuracy for class mtx   is: 0.0 %
Accuracy for class nqx   is: 0.0 %
Accuracy for class qtx   is: 83.9 %
Accuracy for class zxx   is: 27.3 %

========== Train Epoch 2 ==========
Loss: 1.856	Accuracy: 36 %	Time 45 s
Accuracy for class bzx   is: 0.0 %
Accuracy for class cwx   is: 0.0 %
Accuracy for class hdx   is: 0.0 %
Accuracy for class mtx   is: 0.0 %
Accuracy for class nqx   is: 0.0 %
Accuracy for class qtx   is: 0.0 %
Accuracy for class zxx   is: 100.0 %

========== Train Epoch 3 ==========
Loss: 1.856	Accuracy: 34 %	Time 44 s
Accuracy for class bzx   is: 0.0 %
Accuracy for class cwx   is: 0.0 %
Accuracy for class hdx   is: 0.0 %
Accuracy for class mtx   is: 0.0 %
Accuracy for class nqx   is: 0.0 %
Accuracy for class qtx   is: 3.2 %
Accuracy for class zxx   is: 92.4 %

========== Train Epoch 4 ==========
Loss: 1.803	Accuracy: 36 %	Time 42 s
Accuracy for class bzx   is: 0.0 %
Accuracy for class cwx   is: 0.0 %
Accuracy for class hdx   is: 0.0 %
Accuracy for class mtx   is: 0.0 %
Accuracy for class nqx   is: 0.0 %
Accuracy for class qtx   is: 0.0 %
Accuracy for class zxx   is: 100.0 %

========== Train Epoch 5 ==========
Loss: 1.818	Accuracy: 35 %	Time 42 s
Accuracy for class bzx   is: 0.0 %
Accuracy for class cwx   is: 0.0 %
Accuracy for class hdx   is: 0.0 %
Accuracy for class mtx   is: 0.0 %
Accuracy for class nqx   is: 0.0 %
Accuracy for class qtx   is: 22.6 %
Accuracy for class zxx   is: 81.8 %

========== Train Epoch 6 ==========
Loss: 1.752	Accuracy: 36 %	Time 41 s
Accuracy for class bzx   is: 0.0 %
Accuracy for class cwx   is: 0.0 %
Accuracy for class hdx   is: 0.0 %
Accuracy for class mtx   is: 0.0 %
Accuracy for class nqx   is: 0.0 %
Accuracy for class qtx   is: 16.1 %
Accuracy for class zxx   is: 87.9 %

========== Train Epoch 7 ==========
Loss: 1.732	Accuracy: 37 %	Time 43 s
Accuracy for class bzx   is: 0.0 %
Accuracy for class cwx   is: 0.0 %
Accuracy for class hdx   is: 0.0 %
Accuracy for class mtx   is: 0.0 %
Accuracy for class nqx   is: 0.0 %
Accuracy for class qtx   is: 25.8 %
Accuracy for class zxx   is: 83.3 %

========== Train Epoch 8 ==========
Loss: 1.698	Accuracy: 33 %	Time 45 s
Accuracy for class bzx   is: 0.0 %
Accuracy for class cwx   is: 0.0 %
Accuracy for class hdx   is: 0.0 %
Accuracy for class mtx   is: 0.0 %
Accuracy for class nqx   is: 0.0 %
Accuracy for class qtx   is: 25.8 %
Accuracy for class zxx   is: 71.2 %

========== Train Epoch 9 ==========
Loss: 1.695	Accuracy: 35 %	Time 45 s
Accuracy for class bzx   is: 0.0 %
Accuracy for class cwx   is: 0.0 %
Accuracy for class hdx   is: 0.0 %
Accuracy for class mtx   is: 0.0 %
Accuracy for class nqx   is: 0.0 %
Accuracy for class qtx   is: 41.9 %
Accuracy for class zxx   is: 66.7 %

========== Train Epoch 10 ==========
Loss: 1.670	Accuracy: 30 %	Time 42 s
Accuracy for class bzx   is: 0.0 %
Accuracy for class cwx   is: 0.0 %
Accuracy for class hdx   is: 0.0 %
Accuracy for class mtx   is: 0.0 %
Accuracy for class nqx   is: 0.0 %
Accuracy for class qtx   is: 25.8 %
Accuracy for class zxx   is: 65.2 %

========== Train Epoch 11 ==========
Loss: 1.652	Accuracy: 30 %	Time 44 s
Accuracy for class bzx   is: 0.0 %
Accuracy for class cwx   is: 0.0 %
Accuracy for class hdx   is: 0.0 %
Accuracy for class mtx   is: 5.9 %
Accuracy for class nqx   is: 0.0 %
Accuracy for class qtx   is: 16.1 %
Accuracy for class zxx   is: 69.7 %

========== Train Epoch 12 ==========
Loss: 1.635	Accuracy: 33 %	Time 42 s
Accuracy for class bzx   is: 0.0 %
Accuracy for class cwx   is: 0.0 %
Accuracy for class hdx   is: 0.0 %
Accuracy for class mtx   is: 0.0 %
Accuracy for class nqx   is: 0.0 %
Accuracy for class qtx   is: 22.6 %
Accuracy for class zxx   is: 75.8 %

========== Train Epoch 13 ==========
Loss: 1.617	Accuracy: 35 %	Time 46 s
Accuracy for class bzx   is: 0.0 %
Accuracy for class cwx   is: 0.0 %
Accuracy for class hdx   is: 0.0 %
Accuracy for class mtx   is: 0.0 %
Accuracy for class nqx   is: 13.0 %
Accuracy for class qtx   is: 29.0 %
Accuracy for class zxx   is: 72.7 %

========== Train Epoch 14 ==========
Loss: 1.596	Accuracy: 30 %	Time 42 s
Accuracy for class bzx   is: 0.0 %
Accuracy for class cwx   is: 0.0 %
Accuracy for class hdx   is: 0.0 %
Accuracy for class mtx   is: 0.0 %
Accuracy for class nqx   is: 0.0 %
Accuracy for class qtx   is: 16.1 %
Accuracy for class zxx   is: 69.7 %

========== Train Epoch 15 ==========
Loss: 1.582	Accuracy: 32 %	Time 46 s
Accuracy for class bzx   is: 0.0 %
Accuracy for class cwx   is: 0.0 %
Accuracy for class hdx   is: 0.0 %
Accuracy for class mtx   is: 0.0 %
Accuracy for class nqx   is: 0.0 %
Accuracy for class qtx   is: 0.0 %
Accuracy for class zxx   is: 86.4 %

========== Train Epoch 16 ==========
Loss: 1.568	Accuracy: 31 %	Time 45 s
Accuracy for class bzx   is: 0.0 %
Accuracy for class cwx   is: 0.0 %
Accuracy for class hdx   is: 0.0 %
Accuracy for class mtx   is: 17.6 %
Accuracy for class nqx   is: 0.0 %
Accuracy for class qtx   is: 9.7 %
Accuracy for class zxx   is: 74.2 %

========== Train Epoch 17 ==========
Loss: 1.565	Accuracy: 27 %	Time 42 s
Accuracy for class bzx   is: 0.0 %
Accuracy for class cwx   is: 0.0 %
Accuracy for class hdx   is: 0.0 %
Accuracy for class mtx   is: 29.4 %
Accuracy for class nqx   is: 0.0 %
Accuracy for class qtx   is: 58.1 %
Accuracy for class zxx   is: 22.7 %

========== Train Epoch 18 ==========
Loss: 1.535	Accuracy: 30 %	Time 44 s
Accuracy for class bzx   is: 0.0 %
Accuracy for class cwx   is: 0.0 %
Accuracy for class hdx   is: 0.0 %
Accuracy for class mtx   is: 0.0 %
Accuracy for class nqx   is: 17.4 %
Accuracy for class qtx   is: 19.4 %
Accuracy for class zxx   is: 65.2 %

========== Train Epoch 19 ==========
Loss: 1.513	Accuracy: 34 %	Time 45 s
Accuracy for class bzx   is: 0.0 %
Accuracy for class cwx   is: 0.0 %
Accuracy for class hdx   is: 0.0 %
Accuracy for class mtx   is: 0.0 %
Accuracy for class nqx   is: 8.7 %
Accuracy for class qtx   is: 29.0 %
Accuracy for class zxx   is: 69.7 %

========== Train Epoch 20 ==========
Loss: 1.547	Accuracy: 33 %	Time 43 s
Accuracy for class bzx   is: 0.0 %
Accuracy for class cwx   is: 0.0 %
Accuracy for class hdx   is: 0.0 %
Accuracy for class mtx   is: 0.0 %
Accuracy for class nqx   is: 0.0 %
Accuracy for class qtx   is: 12.9 %
Accuracy for class zxx   is: 78.8 %

========== Train Epoch 21 ==========
Loss: 1.521	Accuracy: 32 %	Time 42 s
Accuracy for class bzx   is: 0.0 %
Accuracy for class cwx   is: 0.0 %
Accuracy for class hdx   is: 0.0 %
Accuracy for class mtx   is: 0.0 %
Accuracy for class nqx   is: 0.0 %
Accuracy for class qtx   is: 61.3 %
Accuracy for class zxx   is: 42.4 %

========== Train Epoch 22 ==========
Loss: 1.480	Accuracy: 29 %	Time 43 s
Accuracy for class bzx   is: 0.0 %
Accuracy for class cwx   is: 0.0 %
Accuracy for class hdx   is: 0.0 %
Accuracy for class mtx   is: 0.0 %
Accuracy for class nqx   is: 4.3 %
Accuracy for class qtx   is: 6.5 %
Accuracy for class zxx   is: 74.2 %

========== Train Epoch 23 ==========
Loss: 1.479	Accuracy: 28 %	Time 45 s
Accuracy for class bzx   is: 0.0 %
Accuracy for class cwx   is: 0.0 %
Accuracy for class hdx   is: 0.0 %
Accuracy for class mtx   is: 17.6 %
Accuracy for class nqx   is: 8.7 %
Accuracy for class qtx   is: 12.9 %
Accuracy for class zxx   is: 59.1 %

========== Train Epoch 24 ==========
Loss: 1.477	Accuracy: 25 %	Time 42 s
Accuracy for class bzx   is: 18.2 %
Accuracy for class cwx   is: 0.0 %
Accuracy for class hdx   is: 0.0 %
Accuracy for class mtx   is: 0.0 %
Accuracy for class nqx   is: 8.7 %
Accuracy for class qtx   is: 45.2 %
Accuracy for class zxx   is: 33.3 %

========== Train Epoch 25 ==========
Loss: 1.439	Accuracy: 26 %	Time 44 s
Accuracy for class bzx   is: 0.0 %
Accuracy for class cwx   is: 0.0 %
Accuracy for class hdx   is: 0.0 %
Accuracy for class mtx   is: 0.0 %
Accuracy for class nqx   is: 4.3 %
Accuracy for class qtx   is: 19.4 %
Accuracy for class zxx   is: 54.5 %

========== Train Epoch 26 ==========
Loss: 1.497	Accuracy: 30 %	Time 45 s
Accuracy for class bzx   is: 0.0 %
Accuracy for class cwx   is: 0.0 %
Accuracy for class hdx   is: 0.0 %
Accuracy for class mtx   is: 17.6 %
Accuracy for class nqx   is: 0.0 %
Accuracy for class qtx   is: 29.0 %
Accuracy for class zxx   is: 56.1 %

========== Train Epoch 27 ==========
Loss: 1.449	Accuracy: 39 %	Time 42 s
Accuracy for class bzx   is: 0.0 %
Accuracy for class cwx   is: 0.0 %
Accuracy for class hdx   is: 0.0 %
Accuracy for class mtx   is: 0.0 %
Accuracy for class nqx   is: 0.0 %
Accuracy for class qtx   is: 22.6 %
Accuracy for class zxx   is: 92.4 %

========== Train Epoch 28 ==========
Loss: 1.419	Accuracy: 30 %	Time 43 s
Accuracy for class bzx   is: 18.2 %
Accuracy for class cwx   is: 0.0 %
Accuracy for class hdx   is: 0.0 %
Accuracy for class mtx   is: 5.9 %
Accuracy for class nqx   is: 0.0 %
Accuracy for class qtx   is: 45.2 %
Accuracy for class zxx   is: 43.9 %

========== Train Epoch 29 ==========
Loss: 1.392	Accuracy: 25 %	Time 45 s
Accuracy for class bzx   is: 0.0 %
Accuracy for class cwx   is: 6.7 %
Accuracy for class hdx   is: 0.0 %
Accuracy for class mtx   is: 0.0 %
Accuracy for class nqx   is: 4.3 %
Accuracy for class qtx   is: 51.6 %
Accuracy for class zxx   is: 28.8 %

========== Train Epoch 30 ==========
Loss: 1.409	Accuracy: 20 %	Time 43 s
Accuracy for class bzx   is: 0.0 %
Accuracy for class cwx   is: 13.3 %
Accuracy for class hdx   is: 16.7 %
Accuracy for class mtx   is: 5.9 %
Accuracy for class nqx   is: 8.7 %
Accuracy for class qtx   is: 22.6 %
Accuracy for class zxx   is: 28.8 %

========== Train Epoch 31 ==========
Loss: 1.390	Accuracy: 29 %	Time 43 s
Accuracy for class bzx   is: 0.0 %
Accuracy for class cwx   is: 0.0 %
Accuracy for class hdx   is: 5.6 %
Accuracy for class mtx   is: 0.0 %
Accuracy for class nqx   is: 17.4 %
Accuracy for class qtx   is: 3.2 %
Accuracy for class zxx   is: 69.7 %

========== Train Epoch 32 ==========
Loss: 1.376	Accuracy: 35 %	Time 45 s
Accuracy for class bzx   is: 0.0 %
Accuracy for class cwx   is: 0.0 %
Accuracy for class hdx   is: 0.0 %
Accuracy for class mtx   is: 11.8 %
Accuracy for class nqx   is: 0.0 %
Accuracy for class qtx   is: 19.4 %
Accuracy for class zxx   is: 80.3 %

========== Train Epoch 33 ==========
Loss: 1.376	Accuracy: 32 %	Time 44 s
Accuracy for class bzx   is: 0.0 %
Accuracy for class cwx   is: 20.0 %
Accuracy for class hdx   is: 0.0 %
Accuracy for class mtx   is: 0.0 %
Accuracy for class nqx   is: 0.0 %
Accuracy for class qtx   is: 32.3 %
Accuracy for class zxx   is: 62.1 %

========== Train Epoch 34 ==========
Loss: 1.333	Accuracy: 28 %	Time 43 s
Accuracy for class bzx   is: 9.1 %
Accuracy for class cwx   is: 0.0 %
Accuracy for class hdx   is: 0.0 %
Accuracy for class mtx   is: 11.8 %
Accuracy for class nqx   is: 8.7 %
Accuracy for class qtx   is: 29.0 %
Accuracy for class zxx   is: 50.0 %

========== Train Epoch 35 ==========
Loss: 1.353	Accuracy: 27 %	Time 41 s
Accuracy for class bzx   is: 18.2 %
Accuracy for class cwx   is: 0.0 %
Accuracy for class hdx   is: 0.0 %
Accuracy for class mtx   is: 23.5 %
Accuracy for class nqx   is: 13.0 %
Accuracy for class qtx   is: 48.4 %
Accuracy for class zxx   is: 27.3 %

========== Train Epoch 36 ==========
Loss: 1.342	Accuracy: 31 %	Time 44 s
Accuracy for class bzx   is: 0.0 %
Accuracy for class cwx   is: 0.0 %
Accuracy for class hdx   is: 0.0 %
Accuracy for class mtx   is: 5.9 %
Accuracy for class nqx   is: 0.0 %
Accuracy for class qtx   is: 32.3 %
Accuracy for class zxx   is: 62.1 %

========== Train Epoch 37 ==========
Loss: 1.308	Accuracy: 20 %	Time 44 s
Accuracy for class bzx   is: 9.1 %
Accuracy for class cwx   is: 0.0 %
Accuracy for class hdx   is: 0.0 %
Accuracy for class mtx   is: 0.0 %
Accuracy for class nqx   is: 13.0 %
Accuracy for class qtx   is: 32.3 %
Accuracy for class zxx   is: 24.2 %

========== Train Epoch 38 ==========
Loss: 1.309	Accuracy: 29 %	Time 45 s
Accuracy for class bzx   is: 0.0 %
Accuracy for class cwx   is: 13.3 %
Accuracy for class hdx   is: 11.1 %
Accuracy for class mtx   is: 0.0 %
Accuracy for class nqx   is: 0.0 %
Accuracy for class qtx   is: 16.1 %
Accuracy for class zxx   is: 62.1 %

========== Train Epoch 39 ==========
Loss: 1.299	Accuracy: 29 %	Time 46 s
Accuracy for class bzx   is: 0.0 %
Accuracy for class cwx   is: 6.7 %
Accuracy for class hdx   is: 0.0 %
Accuracy for class mtx   is: 0.0 %
Accuracy for class nqx   is: 4.3 %
Accuracy for class qtx   is: 32.3 %
Accuracy for class zxx   is: 54.5 %

========== Train Epoch 40 ==========
Loss: 1.299	Accuracy: 21 %	Time 44 s
Accuracy for class bzx   is: 9.1 %
Accuracy for class cwx   is: 20.0 %
Accuracy for class hdx   is: 5.6 %
Accuracy for class mtx   is: 0.0 %
Accuracy for class nqx   is: 8.7 %
Accuracy for class qtx   is: 12.9 %
Accuracy for class zxx   is: 36.4 %

========== Train Epoch 41 ==========
Loss: 1.262	Accuracy: 28 %	Time 44 s
Accuracy for class bzx   is: 0.0 %
Accuracy for class cwx   is: 0.0 %
Accuracy for class hdx   is: 0.0 %
Accuracy for class mtx   is: 0.0 %
Accuracy for class nqx   is: 13.0 %
Accuracy for class qtx   is: 38.7 %
Accuracy for class zxx   is: 45.5 %

========== Train Epoch 42 ==========
Loss: 1.251	Accuracy: 24 %	Time 44 s
Accuracy for class bzx   is: 9.1 %
Accuracy for class cwx   is: 20.0 %
Accuracy for class hdx   is: 0.0 %
Accuracy for class mtx   is: 17.6 %
Accuracy for class nqx   is: 26.1 %
Accuracy for class qtx   is: 19.4 %
Accuracy for class zxx   is: 33.3 %

========== Train Epoch 43 ==========
Loss: 1.264	Accuracy: 16 %	Time 43 s
Accuracy for class bzx   is: 0.0 %
Accuracy for class cwx   is: 0.0 %
Accuracy for class hdx   is: 0.0 %
Accuracy for class mtx   is: 41.2 %
Accuracy for class nqx   is: 8.7 %
Accuracy for class qtx   is: 0.0 %
Accuracy for class zxx   is: 30.3 %

========== Train Epoch 44 ==========
Loss: 1.226	Accuracy: 23 %	Time 41 s
Accuracy for class bzx   is: 18.2 %
Accuracy for class cwx   is: 26.7 %
Accuracy for class hdx   is: 11.1 %
Accuracy for class mtx   is: 5.9 %
Accuracy for class nqx   is: 13.0 %
Accuracy for class qtx   is: 12.9 %
Accuracy for class zxx   is: 36.4 %

========== Train Epoch 45 ==========
Loss: 1.243	Accuracy: 20 %	Time 44 s
Accuracy for class bzx   is: 0.0 %
Accuracy for class cwx   is: 6.7 %
Accuracy for class hdx   is: 0.0 %
Accuracy for class mtx   is: 5.9 %
Accuracy for class nqx   is: 4.3 %
Accuracy for class qtx   is: 12.9 %
Accuracy for class zxx   is: 42.4 %

========== Train Epoch 46 ==========
Loss: 1.214	Accuracy: 25 %	Time 42 s
Accuracy for class bzx   is: 0.0 %
Accuracy for class cwx   is: 26.7 %
Accuracy for class hdx   is: 0.0 %
Accuracy for class mtx   is: 11.8 %
Accuracy for class nqx   is: 0.0 %
Accuracy for class qtx   is: 29.0 %
Accuracy for class zxx   is: 39.4 %

========== Train Epoch 47 ==========
Loss: 1.229	Accuracy: 21 %	Time 43 s
Accuracy for class bzx   is: 0.0 %
Accuracy for class cwx   is: 46.7 %
Accuracy for class hdx   is: 0.0 %
Accuracy for class mtx   is: 0.0 %
Accuracy for class nqx   is: 4.3 %
Accuracy for class qtx   is: 35.5 %
Accuracy for class zxx   is: 21.2 %

========== Train Epoch 48 ==========
Loss: 1.190	Accuracy: 18 %	Time 42 s
Accuracy for class bzx   is: 18.2 %
Accuracy for class cwx   is: 6.7 %
Accuracy for class hdx   is: 0.0 %
Accuracy for class mtx   is: 23.5 %
Accuracy for class nqx   is: 4.3 %
Accuracy for class qtx   is: 12.9 %
Accuracy for class zxx   is: 27.3 %

========== Train Epoch 49 ==========
Loss: 1.187	Accuracy: 19 %	Time 45 s
Accuracy for class bzx   is: 18.2 %
Accuracy for class cwx   is: 0.0 %
Accuracy for class hdx   is: 0.0 %
Accuracy for class mtx   is: 5.9 %
Accuracy for class nqx   is: 0.0 %
Accuracy for class qtx   is: 19.4 %
Accuracy for class zxx   is: 31.8 %

========== Train Epoch 50 ==========
Loss: 1.187	Accuracy: 29 %	Time 44 s
Accuracy for class bzx   is: 0.0 %
Accuracy for class cwx   is: 13.3 %
Accuracy for class hdx   is: 5.6 %
Accuracy for class mtx   is: 23.5 %
Accuracy for class nqx   is: 0.0 %
Accuracy for class qtx   is: 32.3 %
Accuracy for class zxx   is: 45.5 %

========== Train Epoch 51 ==========
Loss: 1.166	Accuracy: 28 %	Time 44 s
Accuracy for class bzx   is: 0.0 %
Accuracy for class cwx   is: 6.7 %
Accuracy for class hdx   is: 5.6 %
Accuracy for class mtx   is: 11.8 %
Accuracy for class nqx   is: 0.0 %
Accuracy for class qtx   is: 25.8 %
Accuracy for class zxx   is: 53.0 %

========== Train Epoch 52 ==========
Loss: 1.159	Accuracy: 23 %	Time 43 s
Accuracy for class bzx   is: 9.1 %
Accuracy for class cwx   is: 13.3 %
Accuracy for class hdx   is: 0.0 %
Accuracy for class mtx   is: 0.0 %
Accuracy for class nqx   is: 26.1 %
Accuracy for class qtx   is: 16.1 %
Accuracy for class zxx   is: 39.4 %

========== Train Epoch 53 ==========
Loss: 1.151	Accuracy: 19 %	Time 45 s
Accuracy for class bzx   is: 0.0 %
Accuracy for class cwx   is: 26.7 %
Accuracy for class hdx   is: 0.0 %
Accuracy for class mtx   is: 0.0 %
Accuracy for class nqx   is: 30.4 %
Accuracy for class qtx   is: 16.1 %
Accuracy for class zxx   is: 24.2 %

========== Train Epoch 54 ==========
Loss: 1.144	Accuracy: 28 %	Time 45 s
Accuracy for class bzx   is: 9.1 %
Accuracy for class cwx   is: 6.7 %
Accuracy for class hdx   is: 0.0 %
Accuracy for class mtx   is: 29.4 %
Accuracy for class nqx   is: 13.0 %
Accuracy for class qtx   is: 9.7 %
Accuracy for class zxx   is: 57.6 %

========== Train Epoch 55 ==========
Loss: 1.147	Accuracy: 24 %	Time 44 s
Accuracy for class bzx   is: 0.0 %
Accuracy for class cwx   is: 13.3 %
Accuracy for class hdx   is: 11.1 %
Accuracy for class mtx   is: 0.0 %
Accuracy for class nqx   is: 26.1 %
Accuracy for class qtx   is: 12.9 %
Accuracy for class zxx   is: 43.9 %

========== Train Epoch 56 ==========
Loss: 1.183	Accuracy: 23 %	Time 40 s
Accuracy for class bzx   is: 0.0 %
Accuracy for class cwx   is: 20.0 %
Accuracy for class hdx   is: 11.1 %
Accuracy for class mtx   is: 5.9 %
Accuracy for class nqx   is: 13.0 %
Accuracy for class qtx   is: 25.8 %
Accuracy for class zxx   is: 31.8 %

========== Train Epoch 57 ==========
Loss: 1.134	Accuracy: 30 %	Time 46 s
Accuracy for class bzx   is: 0.0 %
Accuracy for class cwx   is: 0.0 %
Accuracy for class hdx   is: 0.0 %
Accuracy for class mtx   is: 5.9 %
Accuracy for class nqx   is: 0.0 %
Accuracy for class qtx   is: 25.8 %
Accuracy for class zxx   is: 62.1 %

========== Train Epoch 58 ==========
Loss: 1.174	Accuracy: 31 %	Time 44 s
Accuracy for class bzx   is: 0.0 %
Accuracy for class cwx   is: 13.3 %
Accuracy for class hdx   is: 0.0 %
Accuracy for class mtx   is: 0.0 %
Accuracy for class nqx   is: 13.0 %
Accuracy for class qtx   is: 35.5 %
Accuracy for class zxx   is: 54.5 %

========== Train Epoch 59 ==========
Loss: 1.103	Accuracy: 29 %	Time 44 s
Accuracy for class bzx   is: 18.2 %
Accuracy for class cwx   is: 6.7 %
Accuracy for class hdx   is: 0.0 %
Accuracy for class mtx   is: 11.8 %
Accuracy for class nqx   is: 0.0 %
Accuracy for class qtx   is: 9.7 %
Accuracy for class zxx   is: 68.2 %

========== Train Epoch 60 ==========
Loss: 1.136	Accuracy: 28 %	Time 44 s
Accuracy for class bzx   is: 0.0 %
Accuracy for class cwx   is: 0.0 %
Accuracy for class hdx   is: 0.0 %
Accuracy for class mtx   is: 0.0 %
Accuracy for class nqx   is: 4.3 %
Accuracy for class qtx   is: 22.6 %
Accuracy for class zxx   is: 59.1 %

========== Train Epoch 61 ==========
Loss: 1.099	Accuracy: 22 %	Time 44 s
Accuracy for class bzx   is: 0.0 %
Accuracy for class cwx   is: 26.7 %
Accuracy for class hdx   is: 0.0 %
Accuracy for class mtx   is: 5.9 %
Accuracy for class nqx   is: 4.3 %
Accuracy for class qtx   is: 19.4 %
Accuracy for class zxx   is: 37.9 %

========== Train Epoch 62 ==========
Loss: 1.095	Accuracy: 18 %	Time 42 s
Accuracy for class bzx   is: 0.0 %
Accuracy for class cwx   is: 26.7 %
Accuracy for class hdx   is: 11.1 %
Accuracy for class mtx   is: 0.0 %
Accuracy for class nqx   is: 0.0 %
Accuracy for class qtx   is: 19.4 %
Accuracy for class zxx   is: 24.2 %

========== Train Epoch 63 ==========
Loss: 1.080	Accuracy: 25 %	Time 46 s
Accuracy for class bzx   is: 18.2 %
Accuracy for class cwx   is: 0.0 %
Accuracy for class hdx   is: 5.6 %
Accuracy for class mtx   is: 17.6 %
Accuracy for class nqx   is: 17.4 %
Accuracy for class qtx   is: 19.4 %
Accuracy for class zxx   is: 42.4 %

========== Train Epoch 64 ==========
Loss: 1.033	Accuracy: 26 %	Time 41 s
Accuracy for class bzx   is: 0.0 %
Accuracy for class cwx   is: 0.0 %
Accuracy for class hdx   is: 5.6 %
Accuracy for class mtx   is: 17.6 %
Accuracy for class nqx   is: 13.0 %
Accuracy for class qtx   is: 12.9 %
Accuracy for class zxx   is: 51.5 %
Finished training!!!

Min loss = 37.200 in epoch 63, max Accuracy = 39.23% in epoch 26

VGG(
  (features): Sequential(
    (0): Conv2d(3, 64, kernel_size=(3, 3), stride=(1, 1), padding=(1, 1))
    (1): ReLU(inplace=True)
    (2): MaxPool2d(kernel_size=2, stride=2, padding=0, dilation=1, ceil_mode=False)
    (3): Conv2d(64, 128, kernel_size=(3, 3), stride=(1, 1), padding=(1, 1))
    (4): ReLU(inplace=True)
    (5): MaxPool2d(kernel_size=2, stride=2, padding=0, dilation=1, ceil_mode=False)
    (6): Conv2d(128, 256, kernel_size=(3, 3), stride=(1, 1), padding=(1, 1))
    (7): ReLU(inplace=True)
    (8): Conv2d(256, 256, kernel_size=(3, 3), stride=(1, 1), padding=(1, 1))
    (9): ReLU(inplace=True)
    (10): MaxPool2d(kernel_size=2, stride=2, padding=0, dilation=1, ceil_mode=False)
    (11): Conv2d(256, 512, kernel_size=(3, 3), stride=(1, 1), padding=(1, 1))
    (12): ReLU(inplace=True)
    (13): Conv2d(512, 512, kernel_size=(3, 3), stride=(1, 1), padding=(1, 1))
    (14): ReLU(inplace=True)
    (15): MaxPool2d(kernel_size=2, stride=2, padding=0, dilation=1, ceil_mode=False)
    (16): Conv2d(512, 512, kernel_size=(3, 3), stride=(1, 1), padding=(1, 1))
    (17): ReLU(inplace=True)
    (18): Conv2d(512, 512, kernel_size=(3, 3), stride=(1, 1), padding=(1, 1))
    (19): ReLU(inplace=True)
    (20): MaxPool2d(kernel_size=2, stride=2, padding=0, dilation=1, ceil_mode=False)
  )
  (avgpool): AdaptiveAvgPool2d(output_size=(7, 7))
  (__classifier__): Sequential(
    (0): Linear(in_features=50176, out_features=4096, bias=True)
    (1): ReLU(inplace=True)
    (2): Dropout(p=0.5, inplace=False)
    (3): Linear(in_features=4096, out_features=4096, bias=True)
    (4): ReLU(inplace=True)
    (5): Dropout(p=0.5, inplace=False)
    (6): Linear(in_features=4096, out_features=7, bias=True)
  )
)

batch_size = 20
epochs = 64
loss_function = CrossEntropyLoss()
optimizer = Adam (
Parameter Group 0
    amsgrad: False
    betas: (0.9, 0.999)
    eps: 1e-08
    lr: 0.0001
    weight_decay: 0
)
