dataset_path: /home/djy/dataset/dataset2_aug
pretrained : True 
parallel: True

parallel segment dataset : /home/djy/dataset/ycrcb_hsv_dataset2_aug
net: hcam_sppb_resnet_alexnet.resnet18
msg: continue to train from /home/djy/dl/result/2022-01-04/22:14:07/model.pth
using model: ResNet, resnet18
using device cuda:0
batch_size = 20
epochs = 200
loss_function = CrossEntropyLoss()
optimizer = Adam (
Parameter Group 0
    amsgrad: False
    betas: (0.9, 0.999)
    eps: 1e-08
    initial_lr: 0.001
    lr: 0.001
    weight_decay: 0
)


========== Train Epoch 1 ==========
Learning Rate: [0.001]
Loss: 0.137	Accuracy: 88.73%	Cost 256s
              precision    recall  f1-score   support

         bzx     0.8390    0.7795    0.8082       127
         cwx     0.8824    0.9375    0.9091       128
         hdx     0.8315    0.8222    0.8268        90
         mtx     0.9121    0.8737    0.8925        95
         nqx     0.8767    0.8649    0.8707        74
         qtx     0.8715    0.9455    0.9070       165
         zxx     0.9409    0.9139    0.9272       244

    accuracy                         0.8873       923
   macro avg     0.8791    0.8767    0.8774       923
weighted avg     0.8876    0.8873    0.8868       923

micro f-score: 0.8873239436619719

========== Train Epoch 2 ==========
Learning Rate: [0.001]
Loss: 0.116	Accuracy: 87.00%	Cost 262s
              precision    recall  f1-score   support

         bzx     0.8462    0.7795    0.8115       127
         cwx     0.9316    0.8516    0.8898       128
         hdx     0.8488    0.8111    0.8295        90
         mtx     0.8119    0.8632    0.8367        95
         nqx     0.8889    0.7568    0.8175        74
         qtx     0.8000    0.9697    0.8767       165
         zxx     0.9372    0.9180    0.9275       244

    accuracy                         0.8700       923
   macro avg     0.8664    0.8500    0.8556       923
weighted avg     0.8740    0.8700    0.8695       923

micro f-score: 0.8699891657638137

========== Train Epoch 3 ==========
Learning Rate: [0.001]
Loss: 0.120	Accuracy: 89.82%	Cost 260s
              precision    recall  f1-score   support

         bzx     0.8720    0.8583    0.8651       127
         cwx     0.8571    0.9375    0.8955       128
         hdx     0.9067    0.7556    0.8242        90
         mtx     0.9286    0.8211    0.8715        95
         nqx     0.8395    0.9189    0.8774        74
         qtx     0.9290    0.9515    0.9401       165
         zxx     0.9197    0.9385    0.9290       244

    accuracy                         0.8982       923
   macro avg     0.8932    0.8830    0.8861       923
weighted avg     0.8993    0.8982    0.8973       923

micro f-score: 0.8981581798483207

========== Train Epoch 4 ==========
Learning Rate: [0.001]
Loss: 0.144	Accuracy: 83.86%	Cost 264s
              precision    recall  f1-score   support

         bzx     0.8018    0.7008    0.7479       127
         cwx     0.9528    0.7891    0.8632       128
         hdx     0.8514    0.7000    0.7683        90
         mtx     0.6569    0.9474    0.7759        95
         nqx     0.9423    0.6622    0.7778        74
         qtx     0.8844    0.9273    0.9053       165
         zxx     0.8481    0.9385    0.8911       244

    accuracy                         0.8386       923
   macro avg     0.8483    0.8093    0.8185       923
weighted avg     0.8509    0.8386    0.8371       923

micro f-score: 0.838569880823402

========== Train Epoch 5 ==========
Learning Rate: [0.001]
Loss: 0.134	Accuracy: 89.60%	Cost 258s
              precision    recall  f1-score   support

         bzx     0.8125    0.8189    0.8157       127
         cwx     0.8777    0.9531    0.9139       128
         hdx     0.8352    0.8444    0.8398        90
         mtx     0.9643    0.8526    0.9050        95
         nqx     0.9333    0.9459    0.9396        74
         qtx     0.8689    0.9636    0.9138       165
         zxx     0.9641    0.8811    0.9208       244

    accuracy                         0.8960       923
   macro avg     0.8937    0.8943    0.8926       923
weighted avg     0.8992    0.8960    0.8961       923

micro f-score: 0.8959913326110509

========== Train Epoch 6 ==========
Learning Rate: [0.001]
Loss: 0.126	Accuracy: 88.08%	Cost 263s
              precision    recall  f1-score   support

         bzx     0.7914    0.8661    0.8271       127
         cwx     0.9015    0.9297    0.9154       128
         hdx     0.8052    0.6889    0.7425        90
         mtx     0.9867    0.7789    0.8706        95
         nqx     0.9552    0.8649    0.9078        74
         qtx     0.8807    0.9394    0.9091       165
         zxx     0.8911    0.9385    0.9142       244

    accuracy                         0.8808       923
   macro avg     0.8874    0.8581    0.8695       923
weighted avg     0.8835    0.8808    0.8797       923

micro f-score: 0.8808234019501625

========== Train Epoch 7 ==========
Learning Rate: [0.001]
Loss: 0.150	Accuracy: 87.00%	Cost 263s
              precision    recall  f1-score   support

         bzx     0.7006    0.9213    0.7959       127
         cwx     0.8779    0.8984    0.8880       128
         hdx     0.9028    0.7222    0.8025        90
         mtx     0.9625    0.8105    0.8800        95
         nqx     0.8857    0.8378    0.8611        74
         qtx     0.8764    0.9455    0.9096       165
         zxx     0.9378    0.8648    0.8998       244

    accuracy                         0.8700       923
   macro avg     0.8777    0.8572    0.8624       923
weighted avg     0.8808    0.8700    0.8710       923

micro f-score: 0.8699891657638137

========== Train Epoch 8 ==========
Learning Rate: [0.001]
Loss: 0.141	Accuracy: 86.35%	Cost 265s
              precision    recall  f1-score   support

         bzx     0.7801    0.8661    0.8209       127
         cwx     0.7829    0.9297    0.8500       128
         hdx     0.8630    0.7000    0.7730        90
         mtx     0.8511    0.8421    0.8466        95
         nqx     0.7527    0.9459    0.8383        74
         qtx     0.9470    0.8667    0.9051       165
         zxx     0.9680    0.8689    0.9158       244

    accuracy                         0.8635       923
   macro avg     0.8493    0.8599    0.8499       923
weighted avg     0.8732    0.8635    0.8644       923

micro f-score: 0.8634886240520044

========== Train Epoch 9 ==========
Learning Rate: [0.001]
Loss: 0.129	Accuracy: 85.16%	Cost 255s
              precision    recall  f1-score   support

         bzx     0.6328    0.8819    0.7368       127
         cwx     0.8750    0.9297    0.9015       128
         hdx     0.8806    0.6556    0.7516        90
         mtx     0.8431    0.9053    0.8731        95
         nqx     0.8846    0.9324    0.9079        74
         qtx     0.9434    0.9091    0.9259       165
         zxx     0.9363    0.7828    0.8527       244

    accuracy                         0.8516       923
   macro avg     0.8565    0.8567    0.8499       923
weighted avg     0.8681    0.8516    0.8533       923

micro f-score: 0.8515709642470206

========== Train Epoch 10 ==========
Learning Rate: [0.001]
Loss: 0.124	Accuracy: 89.17%	Cost 260s
              precision    recall  f1-score   support

         bzx     0.7958    0.8898    0.8401       127
         cwx     0.9008    0.9219    0.9112       128
         hdx     0.7810    0.9111    0.8410        90
         mtx     0.9032    0.8842    0.8936        95
         nqx     0.8675    0.9730    0.9172        74
         qtx     0.9605    0.8848    0.9211       165
         zxx     0.9585    0.8525    0.9024       244

    accuracy                         0.8917       923
   macro avg     0.8810    0.9025    0.8895       923
weighted avg     0.8982    0.8917    0.8927       923

micro f-score: 0.8916576381365113

========== Train Epoch 11 ==========
Learning Rate: [0.001]
Loss: 0.117	Accuracy: 88.95%	Cost 265s
              precision    recall  f1-score   support

         bzx     0.7868    0.8425    0.8137       127
         cwx     0.9291    0.9219    0.9255       128
         hdx     0.7619    0.8889    0.8205        90
         mtx     0.9149    0.9053    0.9101        95
         nqx     0.9688    0.8378    0.8986        74
         qtx     0.9329    0.9273    0.9301       165
         zxx     0.9227    0.8811    0.9015       244

    accuracy                         0.8895       923
   macro avg     0.8882    0.8864    0.8857       923
weighted avg     0.8939    0.8895    0.8906       923

micro f-score: 0.8894907908992417

========== Train Epoch 12 ==========
Learning Rate: [0.001]
Loss: 0.102	Accuracy: 84.51%	Cost 262s
              precision    recall  f1-score   support

         bzx     0.8636    0.7480    0.8017       127
         cwx     0.8906    0.8906    0.8906       128
         hdx     0.8214    0.7667    0.7931        90
         mtx     0.9398    0.8211    0.8764        95
         nqx     0.9649    0.7432    0.8397        74
         qtx     0.9710    0.8121    0.8845       165
         zxx     0.7276    0.9631    0.8289       244

    accuracy                         0.8451       923
   macro avg     0.8827    0.8207    0.8450       923
weighted avg     0.8624    0.8451    0.8459       923

micro f-score: 0.8450704225352113

========== Train Epoch 13 ==========
Learning Rate: [0.001]
Loss: 0.105	Accuracy: 88.08%	Cost 256s
              precision    recall  f1-score   support

         bzx     0.9009    0.7874    0.8403       127
         cwx     0.9565    0.8594    0.9053       128
         hdx     0.7912    0.8000    0.7956        90
         mtx     0.7565    0.9158    0.8286        95
         nqx     0.9118    0.8378    0.8732        74
         qtx     0.8370    0.9333    0.8825       165
         zxx     0.9540    0.9344    0.9441       244

    accuracy                         0.8808       923
   macro avg     0.8725    0.8669    0.8671       923
weighted avg     0.8865    0.8808    0.8814       923

micro f-score: 0.8808234019501625

========== Train Epoch 14 ==========
Learning Rate: [0.001]
Loss: 0.129	Accuracy: 90.57%	Cost 262s
              precision    recall  f1-score   support

         bzx     0.8788    0.9134    0.8958       127
         cwx     0.9077    0.9219    0.9147       128
         hdx     0.7822    0.8778    0.8272        90
         mtx     0.8830    0.8737    0.8783        95
         nqx     0.9667    0.7838    0.8657        74
         qtx     0.9500    0.9212    0.9354       165
         zxx     0.9350    0.9426    0.9388       244

    accuracy                         0.9057       923
   macro avg     0.9005    0.8906    0.8937       923
weighted avg     0.9084    0.9057    0.9060       923

micro f-score: 0.905742145178765

========== Train Epoch 15 ==========
Learning Rate: [0.001]
Loss: 0.111	Accuracy: 86.57%	Cost 259s
              precision    recall  f1-score   support

         bzx     0.8770    0.8425    0.8594       127
         cwx     0.9008    0.8516    0.8755       128
         hdx     0.8525    0.5778    0.6887        90
         mtx     0.7244    0.9684    0.8288        95
         nqx     0.9483    0.7432    0.8333        74
         qtx     0.8876    0.9576    0.9213       165
         zxx     0.8828    0.9262    0.9040       244

    accuracy                         0.8657       923
   macro avg     0.8676    0.8382    0.8444       923
weighted avg     0.8714    0.8657    0.8626       923

micro f-score: 0.8656554712892741

========== Train Epoch 16 ==========
Learning Rate: [0.001]
