dataset_path: /home/djy/dataset/dataset2
pretrained : False 
parallel: False

net: ca_resnet.resnet18
msg: 
using model: ResNet, resnet18
using device cuda:0
batch_size = 20
epochs = 64
loss_function = CrossEntropyLoss()
optimizer = Adam (
Parameter Group 0
    amsgrad: False
    betas: (0.9, 0.999)
    eps: 1e-08
    lr: 0.0001
    weight_decay: 0
)


========== Train Epoch 1 ==========
Loss: 1.821	Accuracy: 28.65%	Cost 28s
              precision    recall  f1-score   support

         bzx     0.3421    0.4062    0.3714        32
         cwx     1.0000    0.0312    0.0606        32
         hdx     0.0000    0.0000    0.0000        13
         mtx     0.0000    0.0000    0.0000        22
         nqx     0.1429    0.0714    0.0952        14
         qtx     0.2750    0.3438    0.3056        32
         zxx     0.2755    0.6750    0.3913        40

    accuracy                         0.2865       185
   macro avg     0.2908    0.2182    0.1749       185
weighted avg     0.3501    0.2865    0.2194       185

micro f-score: 0.2864864864864865

========== Train Epoch 2 ==========
Loss: 1.636	Accuracy: 32.43%	Cost 30s
              precision    recall  f1-score   support

         bzx     0.0000    0.0000    0.0000        32
         cwx     0.5000    0.2812    0.3600        32
         hdx     0.2500    0.0769    0.1176        13
         mtx     0.0000    0.0000    0.0000        22
         nqx     0.0000    0.0000    0.0000        14
         qtx     0.3333    0.6562    0.4421        32
         zxx     0.3152    0.7250    0.4394        40

    accuracy                         0.3243       185
   macro avg     0.1998    0.2485    0.1942       185
weighted avg     0.2299    0.3243    0.2420       185

micro f-score: 0.32432432432432434

========== Train Epoch 3 ==========
Loss: 1.518	Accuracy: 36.76%	Cost 29s
              precision    recall  f1-score   support

         bzx     0.3333    0.5625    0.4186        32
         cwx     0.4583    0.3438    0.3929        32
         hdx     0.2000    0.0769    0.1111        13
         mtx     0.2128    0.4545    0.2899        22
         nqx     0.0000    0.0000    0.0000        14
         qtx     0.4800    0.3750    0.4211        32
         zxx     0.5517    0.4000    0.4638        40

    accuracy                         0.3676       185
   macro avg     0.3195    0.3161    0.2996       185
weighted avg     0.3786    0.3676    0.3557       185

micro f-score: 0.3675675675675676

========== Train Epoch 4 ==========
Loss: 1.388	Accuracy: 31.35%	Cost 29s
              precision    recall  f1-score   support

         bzx     0.3590    0.4375    0.3944        32
         cwx     0.4286    0.2812    0.3396        32
         hdx     0.0000    0.0000    0.0000        13
         mtx     0.0000    0.0000    0.0000        22
         nqx     0.0000    0.0000    0.0000        14
         qtx     0.2000    0.0312    0.0541        32
         zxx     0.3063    0.8500    0.4503        40

    accuracy                         0.3135       185
   macro avg     0.1848    0.2286    0.1769       185
weighted avg     0.2370    0.3135    0.2337       185

micro f-score: 0.31351351351351353

========== Train Epoch 5 ==========
Loss: 1.320	Accuracy: 37.84%	Cost 31s
              precision    recall  f1-score   support

         bzx     0.4500    0.2812    0.3462        32
         cwx     0.5143    0.5625    0.5373        32
         hdx     0.1250    0.2308    0.1622        13
         mtx     0.2308    0.2727    0.2500        22
         nqx     0.0000    0.0000    0.0000        14
         qtx     0.4118    0.6562    0.5060        32
         zxx     0.5200    0.3250    0.4000        40

    accuracy                         0.3784       185
   macro avg     0.3217    0.3326    0.3145       185
weighted avg     0.3867    0.3784    0.3680       185

micro f-score: 0.37837837837837834

========== Train Epoch 6 ==========
Loss: 1.229	Accuracy: 38.38%	Cost 28s
              precision    recall  f1-score   support

         bzx     0.2941    0.1562    0.2041        32
         cwx     0.3250    0.8125    0.4643        32
         hdx     0.0000    0.0000    0.0000        13
         mtx     0.3158    0.2727    0.2927        22
         nqx     0.2105    0.2857    0.2424        14
         qtx     0.5000    0.5625    0.5294        32
         zxx     0.9231    0.3000    0.4528        40

    accuracy                         0.3838       185
   macro avg     0.3669    0.3414    0.3122       185
weighted avg     0.4466    0.3838    0.3582       185

micro f-score: 0.3837837837837838

========== Train Epoch 7 ==========
Loss: 1.110	Accuracy: 37.84%	Cost 30s
              precision    recall  f1-score   support

         bzx     0.2963    0.7500    0.4248        32
         cwx     0.4500    0.5625    0.5000        32
         hdx     0.0000    0.0000    0.0000        13
         mtx     0.2857    0.2727    0.2791        22
         nqx     0.0000    0.0000    0.0000        14
         qtx     0.5000    0.5000    0.5000        32
         zxx     0.7500    0.1500    0.2500        40

    accuracy                         0.3784       185
   macro avg     0.3260    0.3193    0.2791       185
weighted avg     0.4117    0.3784    0.3337       185

micro f-score: 0.37837837837837834

========== Train Epoch 8 ==========
Loss: 1.005	Accuracy: 45.95%	Cost 29s
              precision    recall  f1-score   support

         bzx     1.0000    0.0312    0.0606        32
         cwx     0.4865    0.5625    0.5217        32
         hdx     0.1111    0.0769    0.0909        13
         mtx     0.3333    0.3636    0.3478        22
         nqx     0.1000    0.0714    0.0833        14
         qtx     0.5385    0.6562    0.5915        32
         zxx     0.5385    0.8750    0.6667        40

    accuracy                         0.4595       185
   macro avg     0.4440    0.3767    0.3375       185
weighted avg     0.5217    0.4595    0.4013       185

micro f-score: 0.4594594594594595

========== Train Epoch 9 ==========
Loss: 0.869	Accuracy: 51.89%	Cost 29s
              precision    recall  f1-score   support

         bzx     0.6087    0.4375    0.5091        32
         cwx     0.4800    0.7500    0.5854        32
         hdx     0.0000    0.0000    0.0000        13
         mtx     0.4211    0.3636    0.3902        22
         nqx     0.6667    0.1429    0.2353        14
         qtx     0.4800    0.7500    0.5854        32
         zxx     0.6154    0.6000    0.6076        40

    accuracy                         0.5189       185
   macro avg     0.4674    0.4349    0.4161       185
weighted avg     0.5049    0.5189    0.4861       185

micro f-score: 0.518918918918919

========== Train Epoch 10 ==========
Loss: 0.767	Accuracy: 38.38%	Cost 29s
              precision    recall  f1-score   support

         bzx     0.0000    0.0000    0.0000        32
         cwx     0.3710    0.7188    0.4894        32
         hdx     0.0645    0.1538    0.0909        13
         mtx     1.0000    0.0455    0.0870        22
         nqx     0.0000    0.0000    0.0000        14
         qtx     0.3621    0.6562    0.4667        32
         zxx     0.7273    0.6000    0.6575        40

    accuracy                         0.3838       185
   macro avg     0.3607    0.3106    0.2559       185
weighted avg     0.4075    0.3838    0.3243       185

micro f-score: 0.3837837837837838

========== Train Epoch 11 ==========
Loss: 0.659	Accuracy: 43.24%	Cost 29s
              precision    recall  f1-score   support

         bzx     0.3433    0.7188    0.4646        32
         cwx     0.6667    0.1875    0.2927        32
         hdx     0.2273    0.3846    0.2857        13
         mtx     0.5000    0.1818    0.2667        22
         nqx     0.4286    0.2143    0.2857        14
         qtx     0.4510    0.7188    0.5542        32
         zxx     0.7619    0.4000    0.5246        40

    accuracy                         0.4324       185
   macro avg     0.4827    0.4008    0.3820       185
weighted avg     0.5253    0.4324    0.4137       185

micro f-score: 0.43243243243243246

========== Train Epoch 12 ==========
Loss: 0.534	Accuracy: 48.11%	Cost 28s
              precision    recall  f1-score   support

         bzx     0.5417    0.4062    0.4643        32
         cwx     0.4030    0.8438    0.5455        32
         hdx     0.0714    0.0769    0.0741        13
         mtx     0.5455    0.2727    0.3636        22
         nqx     0.5000    0.2143    0.3000        14
         qtx     0.7500    0.4688    0.5769        32
         zxx     0.5581    0.6000    0.5783        40

    accuracy                         0.4811       185
   macro avg     0.4814    0.4118    0.4147       185
weighted avg     0.5215    0.4811    0.4706       185

micro f-score: 0.4810810810810811

========== Train Epoch 13 ==========
Loss: 0.439	Accuracy: 50.81%	Cost 29s
              precision    recall  f1-score   support

         bzx     0.5185    0.4375    0.4746        32
         cwx     0.4898    0.7500    0.5926        32
         hdx     0.2500    0.2308    0.2400        13
         mtx     0.3448    0.4545    0.3922        22
         nqx     0.4167    0.3571    0.3846        14
         qtx     0.6296    0.5312    0.5763        32
         zxx     0.7241    0.5250    0.6087        40

    accuracy                         0.5081       185
   macro avg     0.4819    0.4695    0.4670       185
weighted avg     0.5300    0.5081    0.5085       185

micro f-score: 0.5081081081081081

========== Train Epoch 14 ==========
Loss: 0.342	Accuracy: 51.35%	Cost 29s
              precision    recall  f1-score   support

         bzx     0.4872    0.5938    0.5352        32
         cwx     0.6154    0.5000    0.5517        32
         hdx     0.0000    0.0000    0.0000        13
         mtx     0.4348    0.4545    0.4444        22
         nqx     0.2692    0.5000    0.3500        14
         qtx     0.6957    0.5000    0.5818        32
         zxx     0.5870    0.6750    0.6279        40

    accuracy                         0.5135       185
   macro avg     0.4413    0.4605    0.4416       185
weighted avg     0.5100    0.5135    0.5038       185

micro f-score: 0.5135135135135135

========== Train Epoch 15 ==========
Loss: 0.258	Accuracy: 48.11%	Cost 30s
              precision    recall  f1-score   support

         bzx     0.3898    0.7188    0.5055        32
         cwx     0.5217    0.3750    0.4364        32
         hdx     0.0000    0.0000    0.0000        13
         mtx     1.0000    0.1364    0.2400        22
         nqx     0.5000    0.1429    0.2222        14
         qtx     0.6786    0.5938    0.6333        32
         zxx     0.4615    0.7500    0.5714        40

    accuracy                         0.4811       185
   macro avg     0.5074    0.3881    0.3727       185
weighted avg     0.5316    0.4811    0.4414       185

micro f-score: 0.4810810810810811

========== Train Epoch 16 ==========
Loss: 0.211	Accuracy: 54.05%	Cost 29s
              precision    recall  f1-score   support

         bzx     0.5250    0.6562    0.5833        32
         cwx     0.5000    0.8125    0.6190        32
         hdx     0.2500    0.1538    0.1905        13
         mtx     0.5333    0.3636    0.4324        22
         nqx     0.3636    0.2857    0.3200        14
         qtx     0.6923    0.5625    0.6207        32
         zxx     0.6364    0.5250    0.5753        40

    accuracy                         0.5405       185
   macro avg     0.5001    0.4799    0.4773       185
weighted avg     0.5431    0.5405    0.5288       185

micro f-score: 0.5405405405405406

========== Train Epoch 17 ==========
Loss: 0.160	Accuracy: 53.51%	Cost 31s
              precision    recall  f1-score   support

         bzx     0.7368    0.4375    0.5490        32
         cwx     0.5938    0.5938    0.5938        32
         hdx     0.2000    0.1538    0.1739        13
         mtx     0.3793    0.5000    0.4314        22
         nqx     0.5000    0.0714    0.1250        14
         qtx     0.6552    0.5938    0.6230        32
         zxx     0.5156    0.8250    0.6346        40

    accuracy                         0.5351       185
   macro avg     0.5115    0.4536    0.4472       185
weighted avg     0.5520    0.5351    0.5156       185

micro f-score: 0.5351351351351351

========== Train Epoch 18 ==========
Loss: 0.142	Accuracy: 49.19%	Cost 29s
              precision    recall  f1-score   support

         bzx     0.4286    0.1875    0.2609        32
         cwx     0.5610    0.7188    0.6301        32
         hdx     0.1111    0.1538    0.1290        13
         mtx     0.4211    0.3636    0.3902        22
         nqx     0.5000    0.1429    0.2222        14
         qtx     0.5000    0.7188    0.5897        32
         zxx     0.6279    0.6750    0.6506        40

    accuracy                         0.4919       185
   macro avg     0.4499    0.4229    0.4104       185
weighted avg     0.4891    0.4919    0.4691       185

micro f-score: 0.4918918918918919

========== Train Epoch 19 ==========
Loss: 0.103	Accuracy: 47.03%	Cost 28s
              precision    recall  f1-score   support

         bzx     0.3684    0.2188    0.2745        32
         cwx     0.5758    0.5938    0.5846        32
         hdx     0.1579    0.2308    0.1875        13
         mtx     0.3704    0.4545    0.4082        22
         nqx     0.3125    0.3571    0.3333        14
         qtx     0.4889    0.6875    0.5714        32
         zxx     0.8077    0.5250    0.6364        40

    accuracy                         0.4703       185
   macro avg     0.4402    0.4382    0.4280       185
weighted avg     0.5013    0.4703    0.4720       185

micro f-score: 0.4702702702702703

========== Train Epoch 20 ==========
Loss: 0.111	Accuracy: 52.43%	Cost 29s
              precision    recall  f1-score   support

         bzx     0.4815    0.4062    0.4407        32
         cwx     0.6250    0.4688    0.5357        32
         hdx     0.2727    0.2308    0.2500        13
         mtx     0.5294    0.4091    0.4615        22
         nqx     0.5000    0.3571    0.4167        14
         qtx     0.6897    0.6250    0.6557        32
         zxx     0.4776    0.8000    0.5981        40

    accuracy                         0.5243       185
   macro avg     0.5108    0.4710    0.4798       185
weighted avg     0.5339    0.5243    0.5156       185

micro f-score: 0.5243243243243243

========== Train Epoch 21 ==========
Loss: 0.100	Accuracy: 48.11%	Cost 29s
              precision    recall  f1-score   support

         bzx     0.5833    0.2188    0.3182        32
         cwx     0.5882    0.6250    0.6061        32
         hdx     0.2000    0.1538    0.1739        13
         mtx     0.3182    0.3182    0.3182        22
         nqx     0.0000    0.0000    0.0000        14
         qtx     0.4062    0.8125    0.5417        32
         zxx     0.6279    0.6750    0.6506        40

    accuracy                         0.4811       185
   macro avg     0.3891    0.4005    0.3727       185
weighted avg     0.4606    0.4811    0.4443       185

micro f-score: 0.4810810810810811

========== Train Epoch 22 ==========
Loss: 0.080	Accuracy: 47.57%	Cost 29s
              precision    recall  f1-score   support

         bzx     0.6667    0.0625    0.1143        32
         cwx     0.5758    0.5938    0.5846        32
         hdx     0.1429    0.1538    0.1481        13
         mtx     0.3333    0.4545    0.3846        22
         nqx     0.3000    0.2143    0.2500        14
         qtx     0.4783    0.6875    0.5641        32
         zxx     0.6122    0.7500    0.6742        40

    accuracy                         0.4757       185
   macro avg     0.4442    0.4166    0.3886       185
weighted avg     0.5024    0.4757    0.4393       185

micro f-score: 0.4756756756756757

========== Train Epoch 23 ==========
Loss: 0.075	Accuracy: 55.14%	Cost 29s
              precision    recall  f1-score   support

         bzx     0.7778    0.4375    0.5600        32
         cwx     0.7308    0.5938    0.6552        32
         hdx     0.2000    0.1538    0.1739        13
         mtx     0.4000    0.3636    0.3810        22
         nqx     0.4000    0.4286    0.4138        14
         qtx     0.5238    0.6875    0.5946        32
         zxx     0.5741    0.7750    0.6596        40

    accuracy                         0.5514       185
   macro avg     0.5152    0.4914    0.4911       185
weighted avg     0.5676    0.5514    0.5445       185

micro f-score: 0.5513513513513514

========== Train Epoch 24 ==========
Loss: 0.068	Accuracy: 45.95%	Cost 29s
              precision    recall  f1-score   support

         bzx     0.4444    0.1250    0.1951        32
         cwx     0.5588    0.5938    0.5758        32
         hdx     0.2000    0.1538    0.1739        13
         mtx     0.2750    0.5000    0.3548        22
         nqx     0.3333    0.1429    0.2000        14
         qtx     0.4667    0.6562    0.5455        32
         zxx     0.6341    0.6500    0.6420        40

    accuracy                         0.4595       185
   macro avg     0.4161    0.4031    0.3839       185
weighted avg     0.4634    0.4595    0.4360       185

micro f-score: 0.4594594594594595

========== Train Epoch 25 ==========
Loss: 0.064	Accuracy: 52.97%	Cost 28s
              precision    recall  f1-score   support

         bzx     0.5750    0.7188    0.6389        32
         cwx     0.4884    0.6562    0.5600        32
         hdx     0.3333    0.1538    0.2105        13
         mtx     0.7500    0.1364    0.2308        22
         nqx     0.4286    0.2143    0.2857        14
         qtx     0.5556    0.6250    0.5882        32
         zxx     0.5306    0.6500    0.5843        40

    accuracy                         0.5297       185
   macro avg     0.5231    0.4506    0.4426       185
weighted avg     0.5398    0.5297    0.4993       185

micro f-score: 0.5297297297297298

========== Train Epoch 26 ==========
Loss: 0.053	Accuracy: 50.81%	Cost 29s
              precision    recall  f1-score   support

         bzx     0.6800    0.5312    0.5965        32
         cwx     0.5312    0.5312    0.5312        32
         hdx     0.1538    0.1538    0.1538        13
         mtx     0.6667    0.2727    0.3871        22
         nqx     0.3750    0.2143    0.2727        14
         qtx     0.4762    0.6250    0.5405        32
         zxx     0.5179    0.7250    0.6042        40

    accuracy                         0.5081       185
   macro avg     0.4858    0.4362    0.4409       185
weighted avg     0.5223    0.5081    0.4967       185

micro f-score: 0.5081081081081081

========== Train Epoch 27 ==========
Loss: 0.054	Accuracy: 51.89%	Cost 28s
              precision    recall  f1-score   support

         bzx     0.5500    0.6875    0.6111        32
         cwx     0.5926    0.5000    0.5424        32
         hdx     0.2500    0.1538    0.1905        13
         mtx     0.5000    0.1364    0.2143        22
         nqx     0.3636    0.2857    0.3200        14
         qtx     0.5938    0.5938    0.5938        32
         zxx     0.4918    0.7500    0.5941        40

    accuracy                         0.5189       185
   macro avg     0.4774    0.4439    0.4380       185
weighted avg     0.5112    0.5189    0.4938       185

micro f-score: 0.518918918918919

========== Train Epoch 28 ==========
Loss: 0.055	Accuracy: 44.32%	Cost 31s
              precision    recall  f1-score   support

         bzx     0.4286    0.0938    0.1538        32
         cwx     0.5806    0.5625    0.5714        32
         hdx     0.1111    0.3077    0.1633        13
         mtx     0.4000    0.2727    0.3243        22
         nqx     0.2353    0.2857    0.2581        14
         qtx     0.5556    0.6250    0.5882        32
         zxx     0.6279    0.6750    0.6506        40

    accuracy                         0.4432       185
   macro avg     0.4199    0.4032    0.3871       185
weighted avg     0.4796    0.4432    0.4374       185

micro f-score: 0.44324324324324327

========== Train Epoch 29 ==========
Loss: 0.051	Accuracy: 47.57%	Cost 29s
              precision    recall  f1-score   support

         bzx     0.8333    0.3125    0.4545        32
         cwx     0.6000    0.4688    0.5263        32
         hdx     0.0000    0.0000    0.0000        13
         mtx     0.3448    0.4545    0.3922        22
         nqx     0.5000    0.1429    0.2222        14
         qtx     0.8667    0.4062    0.5532        32
         zxx     0.3878    0.9500    0.5507        40

    accuracy                         0.4757       185
   macro avg     0.5047    0.3907    0.3856       185
weighted avg     0.5605    0.4757    0.4479       185

micro f-score: 0.4756756756756757

========== Train Epoch 30 ==========
Loss: 0.044	Accuracy: 56.22%	Cost 30s
              precision    recall  f1-score   support

         bzx     0.7083    0.5312    0.6071        32
         cwx     0.6667    0.6250    0.6452        32
         hdx     0.5000    0.2308    0.3158        13
         mtx     0.7500    0.1364    0.2308        22
         nqx     0.8000    0.2857    0.4211        14
         qtx     0.4800    0.7500    0.5854        32
         zxx     0.5000    0.8250    0.6226        40

    accuracy                         0.5622       185
   macro avg     0.6293    0.4834    0.4897       185
weighted avg     0.6138    0.5622    0.5340       185

micro f-score: 0.5621621621621622

========== Train Epoch 31 ==========
Loss: 0.041	Accuracy: 51.89%	Cost 29s
              precision    recall  f1-score   support

         bzx     0.8235    0.4375    0.5714        32
         cwx     0.4878    0.6250    0.5479        32
         hdx     0.1538    0.1538    0.1538        13
         mtx     0.6000    0.2727    0.3750        22
         nqx     0.3750    0.2143    0.2727        14
         qtx     0.5250    0.6562    0.5833        32
         zxx     0.5357    0.7500    0.6250        40

    accuracy                         0.5189       185
   macro avg     0.5001    0.4442    0.4470       185
weighted avg     0.5440    0.5189    0.5057       185

micro f-score: 0.518918918918919

========== Train Epoch 32 ==========
Loss: 0.037	Accuracy: 51.35%	Cost 29s
              precision    recall  f1-score   support

         bzx     0.7692    0.3125    0.4444        32
         cwx     0.5667    0.5312    0.5484        32
         hdx     0.1667    0.0769    0.1053        13
         mtx     0.3793    0.5000    0.4314        22
         nqx     0.2500    0.1429    0.1818        14
         qtx     0.6250    0.6250    0.6250        32
         zxx     0.5075    0.8500    0.6355        40

    accuracy                         0.5135       185
   macro avg     0.4663    0.4341    0.4245       185
weighted avg     0.5246    0.5135    0.4897       185

micro f-score: 0.5135135135135135

========== Train Epoch 33 ==========
Loss: 0.033	Accuracy: 49.73%	Cost 28s
              precision    recall  f1-score   support

         bzx     0.4828    0.4375    0.4590        32
         cwx     0.5588    0.5938    0.5758        32
         hdx     0.1333    0.1538    0.1429        13
         mtx     0.8000    0.1818    0.2963        22
         nqx     0.7500    0.2143    0.3333        14
         qtx     0.4127    0.8125    0.5474        32
         zxx     0.6857    0.6000    0.6400        40

    accuracy                         0.4973       185
   macro avg     0.5462    0.4277    0.4278       185
weighted avg     0.5611    0.4973    0.4825       185

micro f-score: 0.4972972972972973

========== Train Epoch 34 ==========
Loss: 0.034	Accuracy: 54.05%	Cost 29s
              precision    recall  f1-score   support

         bzx     0.6842    0.4062    0.5098        32
         cwx     0.4444    0.6250    0.5195        32
         hdx     0.2500    0.1538    0.1905        13
         mtx     0.5333    0.3636    0.4324        22
         nqx     0.5000    0.2857    0.3636        14
         qtx     0.6452    0.6250    0.6349        32
         zxx     0.5593    0.8250    0.6667        40

    accuracy                         0.5405       185
   macro avg     0.5166    0.4692    0.4739       185
weighted avg     0.5466    0.5405    0.5243       185

micro f-score: 0.5405405405405406

========== Train Epoch 35 ==========
Loss: 0.034	Accuracy: 51.89%	Cost 30s
              precision    recall  f1-score   support

         bzx     0.6250    0.3125    0.4167        32
         cwx     0.4583    0.6875    0.5500        32
         hdx     0.2857    0.1538    0.2000        13
         mtx     0.3462    0.4091    0.3750        22
         nqx     0.3333    0.0714    0.1176        14
         qtx     0.6471    0.6875    0.6667        32
         zxx     0.5882    0.7500    0.6593        40

    accuracy                         0.5189       185
   macro avg     0.4691    0.4388    0.4265       185
weighted avg     0.5130    0.5189    0.4926       185

micro f-score: 0.518918918918919

========== Train Epoch 36 ==========
Loss: 0.037	Accuracy: 48.11%	Cost 30s
              precision    recall  f1-score   support

         bzx     0.3889    0.4375    0.4118        32
         cwx     0.5938    0.5938    0.5938        32
         hdx     0.3333    0.1538    0.2105        13
         mtx     0.6000    0.2727    0.3750        22
         nqx     0.3333    0.3571    0.3448        14
         qtx     0.4167    0.7812    0.5435        32
         zxx     0.6923    0.4500    0.5455        40

    accuracy                         0.4811       185
   macro avg     0.4798    0.4352    0.4321       185
weighted avg     0.5117    0.4811    0.4714       185

micro f-score: 0.4810810810810811

========== Train Epoch 37 ==========
Loss: 0.038	Accuracy: 51.35%	Cost 29s
              precision    recall  f1-score   support

         bzx     0.3913    0.8438    0.5347        32
         cwx     0.5000    0.5312    0.5152        32
         hdx     0.5000    0.1538    0.2353        13
         mtx     1.0000    0.1364    0.2400        22
         nqx     0.7500    0.2143    0.3333        14
         qtx     0.6333    0.5938    0.6129        32
         zxx     0.5854    0.6000    0.5926        40

    accuracy                         0.5135       185
   macro avg     0.6229    0.4390    0.4377       185
weighted avg     0.6011    0.5135    0.4860       185

micro f-score: 0.5135135135135135

========== Train Epoch 38 ==========
Loss: 0.032	Accuracy: 47.57%	Cost 30s
              precision    recall  f1-score   support

         bzx     0.7778    0.2188    0.3415        32
         cwx     0.5517    0.5000    0.5246        32
         hdx     0.2500    0.1538    0.1905        13
         mtx     0.5000    0.1364    0.2143        22
         nqx     0.3846    0.3571    0.3704        14
         qtx     0.5500    0.6875    0.6111        32
         zxx     0.4125    0.8250    0.5500        40

    accuracy                         0.4757       185
   macro avg     0.4895    0.4112    0.4003       185
weighted avg     0.5204    0.4757    0.4413       185

micro f-score: 0.4756756756756757

========== Train Epoch 39 ==========
Loss: 0.026	Accuracy: 47.57%	Cost 28s
              precision    recall  f1-score   support

         bzx     0.4615    0.3750    0.4138        32
         cwx     0.5556    0.6250    0.5882        32
         hdx     0.1765    0.2308    0.2000        13
         mtx     0.4667    0.3182    0.3784        22
         nqx     0.5000    0.0714    0.1250        14
         qtx     0.4340    0.7188    0.5412        32
         zxx     0.6111    0.5500    0.5789        40

    accuracy                         0.4757       185
   macro avg     0.4579    0.4127    0.4036       185
weighted avg     0.4889    0.4757    0.4606       185

micro f-score: 0.4756756756756757

========== Train Epoch 40 ==========
Loss: 0.026	Accuracy: 49.19%	Cost 29s
              precision    recall  f1-score   support

         bzx     0.5278    0.5938    0.5588        32
         cwx     0.5238    0.6875    0.5946        32
         hdx     0.1333    0.1538    0.1429        13
         mtx     0.4286    0.1364    0.2069        22
         nqx     0.3333    0.2857    0.3077        14
         qtx     0.5122    0.6562    0.5753        32
         zxx     0.6250    0.5000    0.5556        40

    accuracy                         0.4919       185
   macro avg     0.4406    0.4305    0.4203       185
weighted avg     0.4912    0.4919    0.4771       185

micro f-score: 0.4918918918918919

========== Train Epoch 41 ==========
Loss: 0.024	Accuracy: 43.78%	Cost 31s
              precision    recall  f1-score   support

         bzx     0.5357    0.4688    0.5000        32
         cwx     0.5556    0.3125    0.4000        32
         hdx     0.0667    0.0769    0.0714        13
         mtx     0.5000    0.0455    0.0833        22
         nqx     0.2326    0.7143    0.3509        14
         qtx     0.8462    0.3438    0.4889        32
         zxx     0.5000    0.8250    0.6226        40

    accuracy                         0.4378       185
   macro avg     0.4624    0.3981    0.3596       185
weighted avg     0.5250    0.4378    0.4163       185

micro f-score: 0.43783783783783786

========== Train Epoch 42 ==========
Loss: 0.033	Accuracy: 42.16%	Cost 29s
              precision    recall  f1-score   support

         bzx     0.4828    0.4375    0.4590        32
         cwx     0.6667    0.1875    0.2927        32
         hdx     0.1176    0.1538    0.1333        13
         mtx     1.0000    0.1364    0.2400        22
         nqx     0.1887    0.7143    0.2985        14
         qtx     0.6429    0.5625    0.6000        32
         zxx     0.5435    0.6250    0.5814        40

    accuracy                         0.4216       185
   macro avg     0.5203    0.4024    0.3721       185
weighted avg     0.5690    0.4216    0.4200       185

micro f-score: 0.42162162162162165

========== Train Epoch 43 ==========
Loss: 0.033	Accuracy: 48.65%	Cost 29s
              precision    recall  f1-score   support

         bzx     0.5000    0.3438    0.4074        32
         cwx     0.6400    0.5000    0.5614        32
         hdx     0.3333    0.0769    0.1250        13
         mtx     0.3333    0.5455    0.4138        22
         nqx     0.2500    0.1429    0.1818        14
         qtx     0.5111    0.7188    0.5974        32
         zxx     0.5435    0.6250    0.5814        40

    accuracy                         0.4865       185
   macro avg     0.4445    0.4218    0.4097       185
weighted avg     0.4851    0.4865    0.4684       185

micro f-score: 0.4864864864864865

========== Train Epoch 44 ==========
Loss: 0.023	Accuracy: 46.49%	Cost 29s
              precision    recall  f1-score   support

         bzx     0.8000    0.1250    0.2162        32
         cwx     0.4255    0.6250    0.5063        32
         hdx     0.1667    0.1538    0.1600        13
         mtx     0.4118    0.3182    0.3590        22
         nqx     0.2941    0.3571    0.3226        14
         qtx     0.4792    0.7188    0.5750        32
         zxx     0.6410    0.6250    0.6329        40

    accuracy                         0.4649       185
   macro avg     0.4598    0.4176    0.3960       185
weighted avg     0.5164    0.4649    0.4396       185

micro f-score: 0.4648648648648649

========== Train Epoch 45 ==========
Loss: 0.022	Accuracy: 54.59%	Cost 31s
              precision    recall  f1-score   support

         bzx     0.5405    0.6250    0.5797        32
         cwx     0.5405    0.6250    0.5797        32
         hdx     0.4286    0.2308    0.3000        13
         mtx     0.7500    0.2727    0.4000        22
         nqx     0.2500    0.0714    0.1111        14
         qtx     0.6111    0.6875    0.6471        32
         zxx     0.5179    0.7250    0.6042        40

    accuracy                         0.5459       185
   macro avg     0.5198    0.4625    0.4603       185
weighted avg     0.5429    0.5459    0.5202       185

micro f-score: 0.5459459459459459

========== Train Epoch 46 ==========
Loss: 0.029	Accuracy: 46.49%	Cost 28s
              precision    recall  f1-score   support

         bzx     0.3684    0.2188    0.2745        32
         cwx     0.6364    0.4375    0.5185        32
         hdx     0.2500    0.0769    0.1176        13
         mtx     0.3913    0.4091    0.4000        22
         nqx     0.2069    0.4286    0.2791        14
         qtx     0.5897    0.7188    0.6479        32
         zxx     0.5306    0.6500    0.5843        40

    accuracy                         0.4649       185
   macro avg     0.4248    0.4199    0.4031       185
weighted avg     0.4703    0.4649    0.4525       185

micro f-score: 0.4648648648648649

========== Train Epoch 47 ==========
Loss: 0.038	Accuracy: 35.68%	Cost 30s
              precision    recall  f1-score   support

         bzx     0.5000    0.0312    0.0588        32
         cwx     0.7059    0.3750    0.4898        32
         hdx     0.0000    0.0000    0.0000        13
         mtx     0.1545    0.8636    0.2621        22
         nqx     0.0000    0.0000    0.0000        14
         qtx     0.8333    0.4688    0.6000        32
         zxx     0.8636    0.4750    0.6129        40

    accuracy                         0.3568       185
   macro avg     0.4368    0.3162    0.2891       185
weighted avg     0.5578    0.3568    0.3624       185

micro f-score: 0.3567567567567568

========== Train Epoch 48 ==========
Loss: 0.029	Accuracy: 51.35%	Cost 29s
              precision    recall  f1-score   support

         bzx     0.5102    0.7812    0.6173        32
         cwx     0.7000    0.4375    0.5385        32
         hdx     0.3333    0.0769    0.1250        13
         mtx     0.5000    0.1364    0.2143        22
         nqx     0.3333    0.3571    0.3448        14
         qtx     0.4902    0.7812    0.6024        32
         zxx     0.5366    0.5500    0.5432        40

    accuracy                         0.5135       185
   macro avg     0.4862    0.4458    0.4265       185
weighted avg     0.5182    0.5135    0.4819       185

micro f-score: 0.5135135135135135

========== Train Epoch 49 ==========
Loss: 0.022	Accuracy: 46.49%	Cost 30s
              precision    recall  f1-score   support

         bzx     0.7000    0.2188    0.3333        32
         cwx     0.4878    0.6250    0.5479        32
         hdx     0.1538    0.1538    0.1538        13
         mtx     0.4615    0.2727    0.3429        22
         nqx     0.2500    0.0714    0.1111        14
         qtx     0.4035    0.7188    0.5169        32
         zxx     0.5745    0.6750    0.6207        40

    accuracy                         0.4649       185
   macro avg     0.4330    0.3908    0.3752       185
weighted avg     0.4841    0.4649    0.4360       185

micro f-score: 0.4648648648648649

========== Train Epoch 50 ==========
Loss: 0.030	Accuracy: 44.32%	Cost 29s
              precision    recall  f1-score   support

         bzx     0.3333    0.1875    0.2400        32
         cwx     0.5429    0.5938    0.5672        32
         hdx     0.2500    0.1538    0.1905        13
         mtx     0.2549    0.5909    0.3562        22
         nqx     0.2857    0.1429    0.1905        14
         qtx     0.5128    0.6250    0.5634        32
         zxx     0.7407    0.5000    0.5970        40

    accuracy                         0.4432       185
   macro avg     0.4172    0.3991    0.3864       185
weighted avg     0.4699    0.4432    0.4363       185

micro f-score: 0.44324324324324327

========== Train Epoch 51 ==========
Loss: 0.041	Accuracy: 44.32%	Cost 29s
              precision    recall  f1-score   support

         bzx     0.4138    0.3750    0.3934        32
         cwx     0.5278    0.5938    0.5588        32
         hdx     0.0952    0.1538    0.1176        13
         mtx     0.2800    0.3182    0.2979        22
         nqx     0.2500    0.0714    0.1111        14
         qtx     0.5135    0.5938    0.5507        32
         zxx     0.6667    0.5500    0.6027        40

    accuracy                         0.4432       185
   macro avg     0.3924    0.3794    0.3761       185
weighted avg     0.4547    0.4432    0.4424       185

micro f-score: 0.44324324324324327

========== Train Epoch 52 ==========
Loss: 0.039	Accuracy: 48.11%	Cost 29s
              precision    recall  f1-score   support

         bzx     0.7143    0.1562    0.2564        32
         cwx     0.6129    0.5938    0.6032        32
         hdx     0.1667    0.0769    0.1053        13
         mtx     0.3846    0.2273    0.2857        22
         nqx     0.2667    0.5714    0.3636        14
         qtx     0.5000    0.6875    0.5789        32
         zxx     0.5370    0.7250    0.6170        40

    accuracy                         0.4811       185
   macro avg     0.4546    0.4340    0.4015       185
weighted avg     0.5098    0.4811    0.4511       185

micro f-score: 0.4810810810810811

========== Train Epoch 53 ==========
Loss: 0.021	Accuracy: 49.19%	Cost 28s
              precision    recall  f1-score   support

         bzx     0.5000    0.6250    0.5556        32
         cwx     0.5806    0.5625    0.5714        32
         hdx     0.4000    0.1538    0.2222        13
         mtx     0.3333    0.2727    0.3000        22
         nqx     0.3000    0.2143    0.2500        14
         qtx     0.5625    0.5625    0.5625        32
         zxx     0.4898    0.6000    0.5393        40

    accuracy                         0.4919       185
   macro avg     0.4523    0.4273    0.4287       185
weighted avg     0.4806    0.4919    0.4791       185

micro f-score: 0.4918918918918919

========== Train Epoch 54 ==========
Loss: 0.024	Accuracy: 46.49%	Cost 30s
              precision    recall  f1-score   support

         bzx     0.4375    0.4375    0.4375        32
         cwx     0.5000    0.5938    0.5429        32
         hdx     0.1538    0.1538    0.1538        13
         mtx     0.2667    0.1818    0.2162        22
         nqx     0.3077    0.2857    0.2963        14
         qtx     0.5227    0.7188    0.6053        32
         zxx     0.6667    0.5000    0.5714        40

    accuracy                         0.4649       185
   macro avg     0.4079    0.4102    0.4033       185
weighted avg     0.4625    0.4649    0.4568       185

micro f-score: 0.4648648648648649

========== Train Epoch 55 ==========
Loss: 0.021	Accuracy: 48.65%	Cost 29s
              precision    recall  f1-score   support

         bzx     0.6000    0.3750    0.4615        32
         cwx     0.5333    0.5000    0.5161        32
         hdx     0.1667    0.1538    0.1600        13
         mtx     0.2800    0.3182    0.2979        22
         nqx     0.3077    0.2857    0.2963        14
         qtx     0.7308    0.5938    0.6552        32
         zxx     0.5085    0.7500    0.6061        40

    accuracy                         0.4865       185
   macro avg     0.4467    0.4252    0.4276       185
weighted avg     0.5007    0.4865    0.4826       185

micro f-score: 0.4864864864864865

========== Train Epoch 56 ==========
Loss: 0.023	Accuracy: 45.95%	Cost 31s
              precision    recall  f1-score   support

         bzx     0.5600    0.4375    0.4912        32
         cwx     0.5152    0.5312    0.5231        32
         hdx     0.1538    0.1538    0.1538        13
         mtx     0.3000    0.1364    0.1875        22
         nqx     0.2727    0.2143    0.2400        14
         qtx     0.4107    0.7188    0.5227        32
         zxx     0.6216    0.5750    0.5974        40

    accuracy                         0.4595       185
   macro avg     0.4049    0.3953    0.3880       185
weighted avg     0.4585    0.4595    0.4463       185

micro f-score: 0.4594594594594595

========== Train Epoch 57 ==========
Loss: 0.018	Accuracy: 48.11%	Cost 30s
              precision    recall  f1-score   support

         bzx     0.6190    0.4062    0.4906        32
         cwx     0.4878    0.6250    0.5479        32
         hdx     0.2222    0.1538    0.1818        13
         mtx     0.3125    0.2273    0.2632        22
         nqx     0.2500    0.2143    0.2308        14
         qtx     0.5405    0.6250    0.5797        32
         zxx     0.5306    0.6500    0.5843        40

    accuracy                         0.4811       185
   macro avg     0.4232    0.4145    0.4112       185
weighted avg     0.4714    0.4811    0.4678       185

micro f-score: 0.4810810810810811

========== Train Epoch 58 ==========
Loss: 0.018	Accuracy: 48.65%	Cost 30s
              precision    recall  f1-score   support

         bzx     0.5000    0.3750    0.4286        32
         cwx     0.5806    0.5625    0.5714        32
         hdx     0.2222    0.1538    0.1818        13
         mtx     0.4286    0.4091    0.4186        22
         nqx     0.3333    0.2857    0.3077        14
         qtx     0.4182    0.7188    0.5287        32
         zxx     0.6667    0.5500    0.6027        40

    accuracy                         0.4865       185
   macro avg     0.4499    0.4364    0.4342       185
weighted avg     0.4952    0.4865    0.4806       185

micro f-score: 0.4864864864864865

========== Train Epoch 59 ==========
Loss: 0.015	Accuracy: 49.73%	Cost 31s
              precision    recall  f1-score   support

         bzx     0.6087    0.4375    0.5091        32
         cwx     0.4750    0.5938    0.5278        32
         hdx     0.2500    0.1538    0.1905        13
         mtx     0.3750    0.2727    0.3158        22
         nqx     0.3571    0.3571    0.3571        14
         qtx     0.6552    0.5938    0.6230        32
         zxx     0.4909    0.6750    0.5684        40

    accuracy                         0.4973       185
   macro avg     0.4588    0.4405    0.4417       185
weighted avg     0.4961    0.4973    0.4880       185

micro f-score: 0.4972972972972973

========== Train Epoch 60 ==========
Loss: 0.014	Accuracy: 48.11%	Cost 28s
              precision    recall  f1-score   support

         bzx     0.6190    0.4062    0.4906        32
         cwx     0.5294    0.5625    0.5455        32
         hdx     0.1333    0.1538    0.1429        13
         mtx     0.3125    0.2273    0.2632        22
         nqx     0.2500    0.2143    0.2308        14
         qtx     0.5938    0.5938    0.5938        32
         zxx     0.5273    0.7250    0.6105        40

    accuracy                         0.4811       185
   macro avg     0.4236    0.4118    0.4110       185
weighted avg     0.4808    0.4811    0.4727       185

micro f-score: 0.4810810810810811

========== Train Epoch 61 ==========
Loss: 0.040	Accuracy: 35.14%	Cost 30s
              precision    recall  f1-score   support

         bzx     0.3182    0.8750    0.4667        32
         cwx     1.0000    0.1250    0.2222        32
         hdx     0.3333    0.0769    0.1250        13
         mtx     0.5000    0.0909    0.1538        22
         nqx     0.1724    0.7143    0.2778        14
         qtx     1.0000    0.1562    0.2703        32
         zxx     0.6522    0.3750    0.4762        40

    accuracy                         0.3514       185
   macro avg     0.5680    0.3448    0.2846       185
weighted avg     0.6379    0.3514    0.3170       185

micro f-score: 0.35135135135135137

========== Train Epoch 62 ==========
Loss: 0.153	Accuracy: 31.35%	Cost 31s
              precision    recall  f1-score   support

         bzx     0.0000    0.0000    0.0000        32
         cwx     0.4615    0.1875    0.2667        32
         hdx     0.0000    0.0000    0.0000        13
         mtx     0.2000    0.0909    0.1250        22
         nqx     0.0000    0.0000    0.0000        14
         qtx     0.3913    0.5625    0.4615        32
         zxx     0.2759    0.8000    0.4103        40

    accuracy                         0.3135       185
   macro avg     0.1898    0.2344    0.1805       185
weighted avg     0.2309    0.3135    0.2295       185

micro f-score: 0.31351351351351353

========== Train Epoch 63 ==========
Loss: 0.168	Accuracy: 35.68%	Cost 30s
              precision    recall  f1-score   support

         bzx     0.5000    0.0625    0.1111        32
         cwx     0.5217    0.3750    0.4364        32
         hdx     0.3333    0.0769    0.1250        13
         mtx     0.0000    0.0000    0.0000        22
         nqx     0.0000    0.0000    0.0000        14
         qtx     0.3118    0.9062    0.4640        32
         zxx     0.3729    0.5500    0.4444        40

    accuracy                         0.3568       185
   macro avg     0.2914    0.2815    0.2258       185
weighted avg     0.3347    0.3568    0.2798       185

micro f-score: 0.3567567567567568

========== Train Epoch 64 ==========
Loss: 0.120	Accuracy: 34.05%	Cost 29s
              precision    recall  f1-score   support

         bzx     1.0000    0.0625    0.1176        32
         cwx     0.4255    0.6250    0.5063        32
         hdx     0.0000    0.0000    0.0000        13
         mtx     0.1304    0.1364    0.1333        22
         nqx     0.1667    0.8571    0.2791        14
         qtx     0.8000    0.1250    0.2162        32
         zxx     0.6286    0.5500    0.5867        40

    accuracy                         0.3405       185
   macro avg     0.4502    0.3366    0.2628       185
weighted avg     0.5490    0.3405    0.3092       185

micro f-score: 0.34054054054054056

Finished training!!!

Min Loss = 0.014 in epoch 59;
Max Accuracy = 56.22% in epoch 29;
Total Cost 32 minutes

===============================================================================================
Layer (type:depth-idx)                        Output Shape              Param #
===============================================================================================
├─Conv2d: 1-1                                 [-1, 64, 160, 160]        9,408
├─BatchNorm2d: 1-2                            [-1, 64, 160, 160]        128
├─ReLU: 1-3                                   [-1, 64, 160, 160]        --
├─MaxPool2d: 1-4                              [-1, 64, 80, 80]          --
├─Sequential: 1-5                             [-1, 64, 80, 80]          --
|    └─BasicBlock: 2-1                        [-1, 64, 80, 80]          --
|    |    └─Conv2d: 3-1                       [-1, 64, 80, 80]          36,864
|    |    └─BatchNorm2d: 3-2                  [-1, 64, 80, 80]          128
|    |    └─ReLU: 3-3                         [-1, 64, 80, 80]          --
|    |    └─Conv2d: 3-4                       [-1, 64, 80, 80]          36,864
|    |    └─BatchNorm2d: 3-5                  [-1, 64, 80, 80]          128
|    |    └─CoordAtt: 3-6                     [-1, 64, 80, 80]          1,688
|    |    └─ReLU: 3-7                         [-1, 64, 80, 80]          --
|    └─BasicBlock: 2-2                        [-1, 64, 80, 80]          --
|    |    └─Conv2d: 3-8                       [-1, 64, 80, 80]          36,864
|    |    └─BatchNorm2d: 3-9                  [-1, 64, 80, 80]          128
|    |    └─ReLU: 3-10                        [-1, 64, 80, 80]          --
|    |    └─Conv2d: 3-11                      [-1, 64, 80, 80]          36,864
|    |    └─BatchNorm2d: 3-12                 [-1, 64, 80, 80]          128
|    |    └─CoordAtt: 3-13                    [-1, 64, 80, 80]          1,688
|    |    └─ReLU: 3-14                        [-1, 64, 80, 80]          --
├─Sequential: 1-6                             [-1, 128, 40, 40]         --
|    └─BasicBlock: 2-3                        [-1, 128, 40, 40]         --
|    |    └─Conv2d: 3-15                      [-1, 128, 40, 40]         73,728
|    |    └─BatchNorm2d: 3-16                 [-1, 128, 40, 40]         256
|    |    └─ReLU: 3-17                        [-1, 128, 40, 40]         --
|    |    └─Conv2d: 3-18                      [-1, 128, 40, 40]         147,456
|    |    └─BatchNorm2d: 3-19                 [-1, 128, 40, 40]         256
|    |    └─CoordAtt: 3-20                    [-1, 128, 40, 40]         3,352
|    |    └─Sequential: 3-21                  [-1, 128, 40, 40]         8,448
|    |    └─ReLU: 3-22                        [-1, 128, 40, 40]         --
|    └─BasicBlock: 2-4                        [-1, 128, 40, 40]         --
|    |    └─Conv2d: 3-23                      [-1, 128, 40, 40]         147,456
|    |    └─BatchNorm2d: 3-24                 [-1, 128, 40, 40]         256
|    |    └─ReLU: 3-25                        [-1, 128, 40, 40]         --
|    |    └─Conv2d: 3-26                      [-1, 128, 40, 40]         147,456
|    |    └─BatchNorm2d: 3-27                 [-1, 128, 40, 40]         256
|    |    └─CoordAtt: 3-28                    [-1, 128, 40, 40]         3,352
|    |    └─ReLU: 3-29                        [-1, 128, 40, 40]         --
├─Sequential: 1-7                             [-1, 256, 20, 20]         --
|    └─BasicBlock: 2-5                        [-1, 256, 20, 20]         --
|    |    └─Conv2d: 3-30                      [-1, 256, 20, 20]         294,912
|    |    └─BatchNorm2d: 3-31                 [-1, 256, 20, 20]         512
|    |    └─ReLU: 3-32                        [-1, 256, 20, 20]         --
|    |    └─Conv2d: 3-33                      [-1, 256, 20, 20]         589,824
|    |    └─BatchNorm2d: 3-34                 [-1, 256, 20, 20]         512
|    |    └─CoordAtt: 3-35                    [-1, 256, 20, 20]         6,680
|    |    └─Sequential: 3-36                  [-1, 256, 20, 20]         33,280
|    |    └─ReLU: 3-37                        [-1, 256, 20, 20]         --
|    └─BasicBlock: 2-6                        [-1, 256, 20, 20]         --
|    |    └─Conv2d: 3-38                      [-1, 256, 20, 20]         589,824
|    |    └─BatchNorm2d: 3-39                 [-1, 256, 20, 20]         512
|    |    └─ReLU: 3-40                        [-1, 256, 20, 20]         --
|    |    └─Conv2d: 3-41                      [-1, 256, 20, 20]         589,824
|    |    └─BatchNorm2d: 3-42                 [-1, 256, 20, 20]         512
|    |    └─CoordAtt: 3-43                    [-1, 256, 20, 20]         6,680
|    |    └─ReLU: 3-44                        [-1, 256, 20, 20]         --
├─Sequential: 1-8                             [-1, 512, 10, 10]         --
|    └─BasicBlock: 2-7                        [-1, 512, 10, 10]         --
|    |    └─Conv2d: 3-45                      [-1, 512, 10, 10]         1,179,648
|    |    └─BatchNorm2d: 3-46                 [-1, 512, 10, 10]         1,024
|    |    └─ReLU: 3-47                        [-1, 512, 10, 10]         --
|    |    └─Conv2d: 3-48                      [-1, 512, 10, 10]         2,359,296
|    |    └─BatchNorm2d: 3-49                 [-1, 512, 10, 10]         1,024
|    |    └─CoordAtt: 3-50                    [-1, 512, 10, 10]         25,648
|    |    └─Sequential: 3-51                  [-1, 512, 10, 10]         132,096
|    |    └─ReLU: 3-52                        [-1, 512, 10, 10]         --
|    └─BasicBlock: 2-8                        [-1, 512, 10, 10]         --
|    |    └─Conv2d: 3-53                      [-1, 512, 10, 10]         2,359,296
|    |    └─BatchNorm2d: 3-54                 [-1, 512, 10, 10]         1,024
|    |    └─ReLU: 3-55                        [-1, 512, 10, 10]         --
|    |    └─Conv2d: 3-56                      [-1, 512, 10, 10]         2,359,296
|    |    └─BatchNorm2d: 3-57                 [-1, 512, 10, 10]         1,024
|    |    └─CoordAtt: 3-58                    [-1, 512, 10, 10]         25,648
|    |    └─ReLU: 3-59                        [-1, 512, 10, 10]         --
├─AdaptiveAvgPool2d: 1-9                      [-1, 512, 1, 1]           --
├─Linear: 1-10                                [-1, 7]                   3,591
===============================================================================================
Total params: 11,254,839
Trainable params: 11,254,839
Non-trainable params: 0
Total mult-adds (G): 3.73
===============================================================================================
Input size (MB): 1.17
Forward/backward pass size (MB): 78.05
Params size (MB): 42.93
Estimated Total Size (MB): 122.15
===============================================================================================



