dataset_path: /home/djy/dataset/dataset2
pretrained : False 
parallel: False

msg: hcam_resnet18_max
using model: ResNet, resnet18
using device cuda:0
batch_size = 20
epochs = 64
loss_function = CrossEntropyLoss()
optimizer = Adam (
Parameter Group 0
    amsgrad: False
    betas: (0.9, 0.999)
    eps: 1e-08
    initial_lr: 0.001
    lr: 0.001
    weight_decay: 0
)


========== Train Epoch 1 ==========
Loss: 1.904	Accuracy: 29.73%	Cost 28s
              precision    recall  f1-score   support

         bzx     0.0000    0.0000    0.0000        31
         cwx     0.1818    0.3636    0.2424        22
         hdx     0.0000    0.0000    0.0000        17
         mtx     0.4000    0.1053    0.1667        19
         nqx     0.1579    0.5000    0.2400        12
         qtx     0.4615    0.5333    0.4948        45
         zxx     0.3333    0.3846    0.3571        39

    accuracy                         0.2973       185
   macro avg     0.2192    0.2695    0.2144       185
weighted avg     0.2555    0.2973    0.2572       185

micro f-score: 0.2972972972972973

========== Train Epoch 2 ==========
/home/djy/anaconda3/envs/pytorch/lib/python3.7/site-packages/sklearn/metrics/_classification.py:1308: UndefinedMetricWarning: Precision and F-score are ill-defined and being set to 0.0 in labels with no predicted samples. Use `zero_division` parameter to control this behavior.
  _warn_prf(average, modifier, msg_start, len(result))
/home/djy/anaconda3/envs/pytorch/lib/python3.7/site-packages/sklearn/metrics/_classification.py:1308: UndefinedMetricWarning: Precision and F-score are ill-defined and being set to 0.0 in labels with no predicted samples. Use `zero_division` parameter to control this behavior.
  _warn_prf(average, modifier, msg_start, len(result))
/home/djy/anaconda3/envs/pytorch/lib/python3.7/site-packages/sklearn/metrics/_classification.py:1308: UndefinedMetricWarning: Precision and F-score are ill-defined and being set to 0.0 in labels with no predicted samples. Use `zero_division` parameter to control this behavior.
  _warn_prf(average, modifier, msg_start, len(result))
Loss: 1.715	Accuracy: 23.24%	Cost 45s
              precision    recall  f1-score   support

         bzx     0.2400    0.1935    0.2143        31
         cwx     0.0000    0.0000    0.0000        22
         hdx     0.0000    0.0000    0.0000        17
         mtx     0.0000    0.0000    0.0000        19
         nqx     0.0000    0.0000    0.0000        12
         qtx     0.2778    0.2222    0.2469        45
         zxx     0.2231    0.6923    0.3375        39

    accuracy                         0.2324       185
   macro avg     0.1058    0.1583    0.1141       185
weighted avg     0.1548    0.2324    0.1671       185

micro f-score: 0.23243243243243245

========== Train Epoch 3 ==========
/home/djy/anaconda3/envs/pytorch/lib/python3.7/site-packages/sklearn/metrics/_classification.py:1308: UndefinedMetricWarning: Precision and F-score are ill-defined and being set to 0.0 in labels with no predicted samples. Use `zero_division` parameter to control this behavior.
  _warn_prf(average, modifier, msg_start, len(result))
/home/djy/anaconda3/envs/pytorch/lib/python3.7/site-packages/sklearn/metrics/_classification.py:1308: UndefinedMetricWarning: Precision and F-score are ill-defined and being set to 0.0 in labels with no predicted samples. Use `zero_division` parameter to control this behavior.
  _warn_prf(average, modifier, msg_start, len(result))
/home/djy/anaconda3/envs/pytorch/lib/python3.7/site-packages/sklearn/metrics/_classification.py:1308: UndefinedMetricWarning: Precision and F-score are ill-defined and being set to 0.0 in labels with no predicted samples. Use `zero_division` parameter to control this behavior.
  _warn_prf(average, modifier, msg_start, len(result))
Loss: 1.676	Accuracy: 28.11%	Cost 45s
              precision    recall  f1-score   support

         bzx     0.0000    0.0000    0.0000        31
         cwx     0.2222    0.1818    0.2000        22
         hdx     0.1818    0.1176    0.1429        17
         mtx     0.2000    0.0526    0.0833        19
         nqx     0.1636    0.7500    0.2687        12
         qtx     0.3968    0.5556    0.4630        45
         zxx     0.3667    0.2821    0.3188        39

    accuracy                         0.2811       185
   macro avg     0.2187    0.2771    0.2110       185
weighted avg     0.2481    0.2811    0.2427       185

micro f-score: 0.2810810810810811

========== Train Epoch 4 ==========
Loss: 1.572	Accuracy: 39.46%	Cost 45s
              precision    recall  f1-score   support

         bzx     0.0000    0.0000    0.0000        31
         cwx     0.6667    0.0909    0.1600        22
         hdx     0.0000    0.0000    0.0000        17
         mtx     0.2000    0.3684    0.2593        19
         nqx     0.6000    0.2500    0.3529        12
         qtx     0.4697    0.6889    0.5586        45
         zxx     0.4000    0.7692    0.5263        39

    accuracy                         0.3946       185
   macro avg     0.3338    0.3096    0.2653       185
weighted avg     0.3373    0.3946    0.3154       185

micro f-score: 0.3945945945945946

========== Train Epoch 5 ==========
/home/djy/anaconda3/envs/pytorch/lib/python3.7/site-packages/sklearn/metrics/_classification.py:1308: UndefinedMetricWarning: Precision and F-score are ill-defined and being set to 0.0 in labels with no predicted samples. Use `zero_division` parameter to control this behavior.
  _warn_prf(average, modifier, msg_start, len(result))
/home/djy/anaconda3/envs/pytorch/lib/python3.7/site-packages/sklearn/metrics/_classification.py:1308: UndefinedMetricWarning: Precision and F-score are ill-defined and being set to 0.0 in labels with no predicted samples. Use `zero_division` parameter to control this behavior.
  _warn_prf(average, modifier, msg_start, len(result))
/home/djy/anaconda3/envs/pytorch/lib/python3.7/site-packages/sklearn/metrics/_classification.py:1308: UndefinedMetricWarning: Precision and F-score are ill-defined and being set to 0.0 in labels with no predicted samples. Use `zero_division` parameter to control this behavior.
  _warn_prf(average, modifier, msg_start, len(result))
Loss: 1.483	Accuracy: 32.43%	Cost 46s
              precision    recall  f1-score   support

         bzx     0.5000    0.0323    0.0606        31
         cwx     0.2500    0.0455    0.0769        22
         hdx     0.0000    0.0000    0.0000        17
         mtx     0.0000    0.0000    0.0000        19
         nqx     0.0000    0.0000    0.0000        12
         qtx     0.3735    0.6889    0.4844        45
         zxx     0.3000    0.6923    0.4186        39

    accuracy                         0.3243       185
   macro avg     0.2034    0.2084    0.1486       185
weighted avg     0.2676    0.3243    0.2254       185

micro f-score: 0.32432432432432434

========== Train Epoch 6 ==========
/home/djy/anaconda3/envs/pytorch/lib/python3.7/site-packages/sklearn/metrics/_classification.py:1308: UndefinedMetricWarning: Precision and F-score are ill-defined and being set to 0.0 in labels with no predicted samples. Use `zero_division` parameter to control this behavior.
  _warn_prf(average, modifier, msg_start, len(result))
/home/djy/anaconda3/envs/pytorch/lib/python3.7/site-packages/sklearn/metrics/_classification.py:1308: UndefinedMetricWarning: Precision and F-score are ill-defined and being set to 0.0 in labels with no predicted samples. Use `zero_division` parameter to control this behavior.
  _warn_prf(average, modifier, msg_start, len(result))
/home/djy/anaconda3/envs/pytorch/lib/python3.7/site-packages/sklearn/metrics/_classification.py:1308: UndefinedMetricWarning: Precision and F-score are ill-defined and being set to 0.0 in labels with no predicted samples. Use `zero_division` parameter to control this behavior.
  _warn_prf(average, modifier, msg_start, len(result))
Loss: 1.446	Accuracy: 38.92%	Cost 46s
              precision    recall  f1-score   support

         bzx     0.0000    0.0000    0.0000        31
         cwx     0.0000    0.0000    0.0000        22
         hdx     0.0000    0.0000    0.0000        17
         mtx     0.0000    0.0000    0.0000        19
         nqx     0.7500    0.2500    0.3750        12
         qtx     0.3953    0.7556    0.5191        45
         zxx     0.3723    0.8974    0.5263        39

    accuracy                         0.3892       185
   macro avg     0.2168    0.2719    0.2029       185
weighted avg     0.2233    0.3892    0.2615       185

micro f-score: 0.3891891891891892

========== Train Epoch 7 ==========
/home/djy/anaconda3/envs/pytorch/lib/python3.7/site-packages/sklearn/metrics/_classification.py:1308: UndefinedMetricWarning: Precision and F-score are ill-defined and being set to 0.0 in labels with no predicted samples. Use `zero_division` parameter to control this behavior.
  _warn_prf(average, modifier, msg_start, len(result))
/home/djy/anaconda3/envs/pytorch/lib/python3.7/site-packages/sklearn/metrics/_classification.py:1308: UndefinedMetricWarning: Precision and F-score are ill-defined and being set to 0.0 in labels with no predicted samples. Use `zero_division` parameter to control this behavior.
  _warn_prf(average, modifier, msg_start, len(result))
/home/djy/anaconda3/envs/pytorch/lib/python3.7/site-packages/sklearn/metrics/_classification.py:1308: UndefinedMetricWarning: Precision and F-score are ill-defined and being set to 0.0 in labels with no predicted samples. Use `zero_division` parameter to control this behavior.
  _warn_prf(average, modifier, msg_start, len(result))
Loss: 1.387	Accuracy: 38.92%	Cost 47s
              precision    recall  f1-score   support

         bzx     0.2879    0.6129    0.3918        31
         cwx     1.0000    0.0455    0.0870        22
         hdx     0.0000    0.0000    0.0000        17
         mtx     1.0000    0.0526    0.1000        19
         nqx     0.5000    0.0833    0.1429        12
         qtx     0.7500    0.4000    0.5217        45
         zxx     0.3556    0.8205    0.4961        39

    accuracy                         0.3892       185
   macro avg     0.5562    0.2878    0.2485       185
weighted avg     0.5597    0.3892    0.3270       185

micro f-score: 0.3891891891891892

========== Train Epoch 8 ==========
Loss: 1.313	Accuracy: 38.38%	Cost 46s
              precision    recall  f1-score   support

         bzx     0.5000    0.0323    0.0606        31
         cwx     0.2632    0.6818    0.3797        22
         hdx     0.2500    0.1176    0.1600        17
         mtx     0.0000    0.0000    0.0000        19
         nqx     0.2917    0.5833    0.3889        12
         qtx     0.4412    0.6667    0.5310        45
         zxx     0.6957    0.4103    0.5161        39

    accuracy                         0.3838       185
   macro avg     0.3488    0.3560    0.2909       185
weighted avg     0.4109    0.3838    0.3332       185

micro f-score: 0.3837837837837838

========== Train Epoch 9 ==========
Loss: 1.280	Accuracy: 44.32%	Cost 45s
              precision    recall  f1-score   support

         bzx     0.3158    0.5806    0.4091        31
         cwx     0.3636    0.3636    0.3636        22
         hdx     0.0000    0.0000    0.0000        17
         mtx     0.1500    0.1579    0.1538        19
         nqx     0.8000    0.3333    0.4706        12
         qtx     0.6190    0.5778    0.5977        45
         zxx     0.6571    0.5897    0.6216        39

    accuracy                         0.4432       185
   macro avg     0.4151    0.3719    0.3738       185
weighted avg     0.4526    0.4432    0.4345       185

micro f-score: 0.44324324324324327

========== Train Epoch 10 ==========
Loss: 1.225	Accuracy: 29.73%	Cost 48s
              precision    recall  f1-score   support

         bzx     0.5217    0.3871    0.4444        31
         cwx     0.1957    0.4091    0.2647        22
         hdx     0.0000    0.0000    0.0000        17
         mtx     0.0000    0.0000    0.0000        19
         nqx     0.0000    0.0000    0.0000        12
         qtx     0.0000    0.0000    0.0000        45
         zxx     0.3036    0.8718    0.4503        39

    accuracy                         0.2973       185
   macro avg     0.1459    0.2383    0.1656       185
weighted avg     0.1747    0.2973    0.2009       185

micro f-score: 0.2972972972972973

========== Train Epoch 11 ==========
/home/djy/anaconda3/envs/pytorch/lib/python3.7/site-packages/sklearn/metrics/_classification.py:1308: UndefinedMetricWarning: Precision and F-score are ill-defined and being set to 0.0 in labels with no predicted samples. Use `zero_division` parameter to control this behavior.
  _warn_prf(average, modifier, msg_start, len(result))
/home/djy/anaconda3/envs/pytorch/lib/python3.7/site-packages/sklearn/metrics/_classification.py:1308: UndefinedMetricWarning: Precision and F-score are ill-defined and being set to 0.0 in labels with no predicted samples. Use `zero_division` parameter to control this behavior.
  _warn_prf(average, modifier, msg_start, len(result))
/home/djy/anaconda3/envs/pytorch/lib/python3.7/site-packages/sklearn/metrics/_classification.py:1308: UndefinedMetricWarning: Precision and F-score are ill-defined and being set to 0.0 in labels with no predicted samples. Use `zero_division` parameter to control this behavior.
  _warn_prf(average, modifier, msg_start, len(result))
Loss: 1.140	Accuracy: 25.41%	Cost 47s
              precision    recall  f1-score   support

         bzx     0.0000    0.0000    0.0000        31
         cwx     0.1429    0.9091    0.2469        22
         hdx     0.0000    0.0000    0.0000        17
         mtx     0.0000    0.0000    0.0000        19
         nqx     0.2941    0.4167    0.3448        12
         qtx     0.8462    0.2444    0.3793        45
         zxx     0.9167    0.2821    0.4314        39

    accuracy                         0.2541       185
   macro avg     0.3143    0.2646    0.2003       185
weighted avg     0.4351    0.2541    0.2349       185

micro f-score: 0.25405405405405407

========== Train Epoch 12 ==========
/home/djy/anaconda3/envs/pytorch/lib/python3.7/site-packages/sklearn/metrics/_classification.py:1308: UndefinedMetricWarning: Precision and F-score are ill-defined and being set to 0.0 in labels with no predicted samples. Use `zero_division` parameter to control this behavior.
  _warn_prf(average, modifier, msg_start, len(result))
/home/djy/anaconda3/envs/pytorch/lib/python3.7/site-packages/sklearn/metrics/_classification.py:1308: UndefinedMetricWarning: Precision and F-score are ill-defined and being set to 0.0 in labels with no predicted samples. Use `zero_division` parameter to control this behavior.
  _warn_prf(average, modifier, msg_start, len(result))
/home/djy/anaconda3/envs/pytorch/lib/python3.7/site-packages/sklearn/metrics/_classification.py:1308: UndefinedMetricWarning: Precision and F-score are ill-defined and being set to 0.0 in labels with no predicted samples. Use `zero_division` parameter to control this behavior.
  _warn_prf(average, modifier, msg_start, len(result))
Loss: 1.063	Accuracy: 47.57%	Cost 46s
              precision    recall  f1-score   support

         bzx     0.0000    0.0000    0.0000        31
         cwx     0.4333    0.5909    0.5000        22
         hdx     0.1818    0.1176    0.1429        17
         mtx     0.0000    0.0000    0.0000        19
         nqx     0.4167    0.4167    0.4167        12
         qtx     0.4494    0.8889    0.5970        45
         zxx     0.6512    0.7179    0.6829        39

    accuracy                         0.4757       185
   macro avg     0.3046    0.3903    0.3342       185
weighted avg     0.3419    0.4757    0.3888       185

micro f-score: 0.4756756756756757

========== Train Epoch 13 ==========
/home/djy/anaconda3/envs/pytorch/lib/python3.7/site-packages/sklearn/metrics/_classification.py:1308: UndefinedMetricWarning: Precision and F-score are ill-defined and being set to 0.0 in labels with no predicted samples. Use `zero_division` parameter to control this behavior.
  _warn_prf(average, modifier, msg_start, len(result))
/home/djy/anaconda3/envs/pytorch/lib/python3.7/site-packages/sklearn/metrics/_classification.py:1308: UndefinedMetricWarning: Precision and F-score are ill-defined and being set to 0.0 in labels with no predicted samples. Use `zero_division` parameter to control this behavior.
  _warn_prf(average, modifier, msg_start, len(result))
/home/djy/anaconda3/envs/pytorch/lib/python3.7/site-packages/sklearn/metrics/_classification.py:1308: UndefinedMetricWarning: Precision and F-score are ill-defined and being set to 0.0 in labels with no predicted samples. Use `zero_division` parameter to control this behavior.
  _warn_prf(average, modifier, msg_start, len(result))
Loss: 0.994	Accuracy: 30.81%	Cost 46s
              precision    recall  f1-score   support

         bzx     0.2117    0.9355    0.3452        31
         cwx     0.3333    0.0455    0.0800        22
         hdx     0.0000    0.0000    0.0000        17
         mtx     1.0000    0.0526    0.1000        19
         nqx     0.6250    0.4167    0.5000        12
         qtx     1.0000    0.0889    0.1633        45
         zxx     0.5484    0.4359    0.4857        39

    accuracy                         0.3081       185
   macro avg     0.5312    0.2821    0.2392       185
weighted avg     0.5772    0.3081    0.2522       185

micro f-score: 0.3081081081081081

========== Train Epoch 14 ==========
Loss: 0.988	Accuracy: 47.57%	Cost 43s
              precision    recall  f1-score   support

         bzx     0.0000    0.0000    0.0000        31
         cwx     0.3000    0.5455    0.3871        22
         hdx     0.2500    0.4118    0.3111        17
         mtx     0.2308    0.1579    0.1875        19
         nqx     0.3500    0.5833    0.4375        12
         qtx     0.6531    0.7111    0.6809        45
         zxx     0.7714    0.6923    0.7297        39

    accuracy                         0.4757       185
   macro avg     0.3650    0.4431    0.3905       185
weighted avg     0.4265    0.4757    0.4417       185

micro f-score: 0.4756756756756757

========== Train Epoch 15 ==========
/home/djy/anaconda3/envs/pytorch/lib/python3.7/site-packages/sklearn/metrics/_classification.py:1308: UndefinedMetricWarning: Precision and F-score are ill-defined and being set to 0.0 in labels with no predicted samples. Use `zero_division` parameter to control this behavior.
  _warn_prf(average, modifier, msg_start, len(result))
/home/djy/anaconda3/envs/pytorch/lib/python3.7/site-packages/sklearn/metrics/_classification.py:1308: UndefinedMetricWarning: Precision and F-score are ill-defined and being set to 0.0 in labels with no predicted samples. Use `zero_division` parameter to control this behavior.
  _warn_prf(average, modifier, msg_start, len(result))
/home/djy/anaconda3/envs/pytorch/lib/python3.7/site-packages/sklearn/metrics/_classification.py:1308: UndefinedMetricWarning: Precision and F-score are ill-defined and being set to 0.0 in labels with no predicted samples. Use `zero_division` parameter to control this behavior.
  _warn_prf(average, modifier, msg_start, len(result))
Loss: 0.817	Accuracy: 45.95%	Cost 46s
              precision    recall  f1-score   support

         bzx     0.4423    0.7419    0.5542        31
         cwx     0.3333    0.5909    0.4262        22
         hdx     0.2581    0.4706    0.3333        17
         mtx     0.0000    0.0000    0.0000        19
         nqx     0.3684    0.5833    0.4516        12
         qtx     0.7568    0.6222    0.6829        45
         zxx     1.0000    0.1538    0.2667        39

    accuracy                         0.4595       185
   macro avg     0.4513    0.4518    0.3879       185
weighted avg     0.5563    0.4595    0.4258       185

micro f-score: 0.4594594594594595

========== Train Epoch 16 ==========
Loss: 0.705	Accuracy: 29.73%	Cost 46s
              precision    recall  f1-score   support

         bzx     0.2500    0.0645    0.1026        31
         cwx     0.3667    0.5000    0.4231        22
         hdx     0.4286    0.3529    0.3871        17
         mtx     0.4000    0.1053    0.1667        19
         nqx     0.1333    1.0000    0.2353        12
         qtx     0.5429    0.4222    0.4750        45
         zxx     1.0000    0.0769    0.1429        39

    accuracy                         0.2973       185
   macro avg     0.4459    0.3603    0.2761       185
weighted avg     0.5175    0.2973    0.2811       185

micro f-score: 0.2972972972972973

========== Train Epoch 17 ==========
Loss: 0.579	Accuracy: 50.27%	Cost 47s
              precision    recall  f1-score   support

         bzx     0.4324    0.5161    0.4706        31
         cwx     0.4167    0.4545    0.4348        22
         hdx     0.7500    0.1765    0.2857        17
         mtx     0.3000    0.3158    0.3077        19
         nqx     0.8571    0.5000    0.6316        12
         qtx     0.7407    0.4444    0.5556        45
         zxx     0.4848    0.8205    0.6095        39

    accuracy                         0.5027       185
   macro avg     0.5688    0.4611    0.4708       185
weighted avg     0.5597    0.5027    0.4930       185

micro f-score: 0.5027027027027027

========== Train Epoch 18 ==========
Loss: 0.458	Accuracy: 32.97%	Cost 45s
              precision    recall  f1-score   support

         bzx     0.3667    0.3548    0.3607        31
         cwx     0.3265    0.7273    0.4507        22
         hdx     0.1875    0.1765    0.1818        17
         mtx     0.2000    0.1053    0.1379        19
         nqx     0.1864    0.9167    0.3099        12
         qtx     0.8889    0.1778    0.2963        45
         zxx     0.8333    0.2564    0.3922        39

    accuracy                         0.3297       185
   macro avg     0.4271    0.3878    0.3042       185
weighted avg     0.5420    0.3297    0.3197       185

micro f-score: 0.32972972972972975

========== Train Epoch 19 ==========
Loss: 0.406	Accuracy: 50.27%	Cost 44s
              precision    recall  f1-score   support

         bzx     0.6364    0.2258    0.3333        31
         cwx     0.2407    0.5909    0.3421        22
         hdx     0.3889    0.4118    0.4000        17
         mtx     0.3333    0.3158    0.3243        19
         nqx     1.0000    0.1667    0.2857        12
         qtx     0.6400    0.7111    0.6737        45
         zxx     0.8125    0.6667    0.7324        39

    accuracy                         0.5027       185
   macro avg     0.5788    0.4412    0.4417       185
weighted avg     0.5971    0.5027    0.5034       185

micro f-score: 0.5027027027027027

========== Train Epoch 20 ==========
Loss: 0.343	Accuracy: 52.43%	Cost 45s
              precision    recall  f1-score   support

         bzx     0.4483    0.4194    0.4333        31
         cwx     0.4706    0.3636    0.4103        22
         hdx     0.2200    0.6471    0.3284        17
         mtx     0.6667    0.2105    0.3200        19
         nqx     1.0000    0.2500    0.4000        12
         qtx     0.6538    0.7556    0.7010        45
         zxx     0.8571    0.6154    0.7164        39

    accuracy                         0.5243       185
   macro avg     0.6166    0.4659    0.4728       185
weighted avg     0.6244    0.5243    0.5319       185

micro f-score: 0.5243243243243243

========== Train Epoch 21 ==========
Loss: 0.335	Accuracy: 41.62%	Cost 46s
              precision    recall  f1-score   support

         bzx     0.4286    0.3871    0.4068        31
         cwx     0.4583    0.5000    0.4783        22
         hdx     0.3158    0.3529    0.3333        17
         mtx     0.1833    0.5789    0.2785        19
         nqx     0.4286    0.5000    0.4615        12
         qtx     0.9000    0.4000    0.5538        45
         zxx     0.6500    0.3333    0.4407        39

    accuracy                         0.4162       185
   macro avg     0.4807    0.4360    0.4218       185
weighted avg     0.5579    0.4162    0.4418       185

micro f-score: 0.41621621621621624

========== Train Epoch 22 ==========
Loss: 0.216	Accuracy: 46.49%	Cost 46s
              precision    recall  f1-score   support

         bzx     0.3958    0.6129    0.4810        31
         cwx     0.3871    0.5455    0.4528        22
         hdx     0.4286    0.1765    0.2500        17
         mtx     0.2857    0.1053    0.1538        19
         nqx     0.2895    0.9167    0.4400        12
         qtx     0.8095    0.3778    0.5152        45
         zxx     0.6667    0.5641    0.6111        39

    accuracy                         0.4649       185
   macro avg     0.4661    0.4712    0.4149       185
weighted avg     0.5373    0.4649    0.4559       185

micro f-score: 0.4648648648648649

========== Train Epoch 23 ==========
Loss: 0.171	Accuracy: 54.05%	Cost 48s
              precision    recall  f1-score   support

         bzx     0.5600    0.4516    0.5000        31
         cwx     0.7333    0.5000    0.5946        22
         hdx     0.8000    0.2353    0.3636        17
         mtx     0.2222    0.5263    0.3125        19
         nqx     0.5385    0.5833    0.5600        12
         qtx     0.8148    0.4889    0.6111        45
         zxx     0.5818    0.8205    0.6809        39

    accuracy                         0.5405       185
   macro avg     0.6072    0.5151    0.5175       185
weighted avg     0.6332    0.5405    0.5485       185

micro f-score: 0.5405405405405406

========== Train Epoch 24 ==========
Loss: 0.107	Accuracy: 46.49%	Cost 48s
              precision    recall  f1-score   support

         bzx     0.4615    0.1935    0.2727        31
         cwx     0.2759    0.7273    0.4000        22
         hdx     0.2400    0.3529    0.2857        17
         mtx     0.4286    0.1579    0.2308        19
         nqx     0.3462    0.7500    0.4737        12
         qtx     0.8750    0.4667    0.6087        45
         zxx     0.7812    0.6410    0.7042        39

    accuracy                         0.4649       185
   macro avg     0.4869    0.4699    0.4251       185
weighted avg     0.5762    0.4649    0.4705       185

micro f-score: 0.4648648648648649

========== Train Epoch 25 ==========
Loss: 0.079	Accuracy: 44.86%	Cost 46s
              precision    recall  f1-score   support

         bzx     0.7500    0.0968    0.1714        31
         cwx     0.4688    0.6818    0.5556        22
         hdx     0.3043    0.4118    0.3500        17
         mtx     0.3571    0.2632    0.3030        19
         nqx     0.6000    0.2500    0.3529        12
         qtx     0.8095    0.3778    0.5152        45
         zxx     0.3837    0.8462    0.5280        39

    accuracy                         0.4486       185
   macro avg     0.5248    0.4182    0.3966       185
weighted avg     0.5628    0.4486    0.4176       185

micro f-score: 0.4486486486486486

========== Train Epoch 26 ==========
Loss: 0.079	Accuracy: 50.81%	Cost 48s
              precision    recall  f1-score   support

         bzx     0.4000    0.3871    0.3934        31
         cwx     0.7000    0.3182    0.4375        22
         hdx     0.3636    0.4706    0.4103        17
         mtx     0.6000    0.1579    0.2500        19
         nqx     0.6923    0.7500    0.7200        12
         qtx     0.8333    0.4444    0.5797        45
         zxx     0.4321    0.8974    0.5833        39

    accuracy                         0.5081       185
   macro avg     0.5745    0.4894    0.4820       185
weighted avg     0.5840    0.5081    0.4920       185

micro f-score: 0.5081081081081081

========== Train Epoch 27 ==========
Loss: 0.102	Accuracy: 34.59%	Cost 46s
              precision    recall  f1-score   support

         bzx     0.0000    0.0000    0.0000        31
         cwx     0.1727    0.8636    0.2879        22
         hdx     0.0000    0.0000    0.0000        17
         mtx     0.5000    0.1053    0.1739        19
         nqx     0.6000    0.2500    0.3529        12
         qtx     0.5625    0.6000    0.5806        45
         zxx     0.9286    0.3333    0.4906        39

    accuracy                         0.3459       185
   macro avg     0.3948    0.3075    0.2694       185
weighted avg     0.4434    0.3459    0.3196       185

micro f-score: 0.34594594594594597

========== Train Epoch 28 ==========
/home/djy/anaconda3/envs/pytorch/lib/python3.7/site-packages/sklearn/metrics/_classification.py:1308: UndefinedMetricWarning: Precision and F-score are ill-defined and being set to 0.0 in labels with no predicted samples. Use `zero_division` parameter to control this behavior.
  _warn_prf(average, modifier, msg_start, len(result))
/home/djy/anaconda3/envs/pytorch/lib/python3.7/site-packages/sklearn/metrics/_classification.py:1308: UndefinedMetricWarning: Precision and F-score are ill-defined and being set to 0.0 in labels with no predicted samples. Use `zero_division` parameter to control this behavior.
  _warn_prf(average, modifier, msg_start, len(result))
/home/djy/anaconda3/envs/pytorch/lib/python3.7/site-packages/sklearn/metrics/_classification.py:1308: UndefinedMetricWarning: Precision and F-score are ill-defined and being set to 0.0 in labels with no predicted samples. Use `zero_division` parameter to control this behavior.
  _warn_prf(average, modifier, msg_start, len(result))
Loss: 0.104	Accuracy: 55.68%	Cost 46s
              precision    recall  f1-score   support

         bzx     0.5333    0.2581    0.3478        31
         cwx     0.4634    0.8636    0.6032        22
         hdx     0.5000    0.1765    0.2609        17
         mtx     0.2222    0.4211    0.2909        19
         nqx     0.6667    0.6667    0.6667        12
         qtx     0.8929    0.5556    0.6849        45
         zxx     0.6809    0.8205    0.7442        39

    accuracy                         0.5568       185
   macro avg     0.5656    0.5374    0.5141       185
weighted avg     0.6172    0.5568    0.5506       185

micro f-score: 0.5567567567567567

========== Train Epoch 29 ==========
Loss: 0.131	Accuracy: 38.92%	Cost 46s
              precision    recall  f1-score   support

         bzx     0.0000    0.0000    0.0000        31
         cwx     1.0000    0.1364    0.2400        22
         hdx     0.1300    0.7647    0.2222        17
         mtx     0.0000    0.0000    0.0000        19
         nqx     1.0000    0.0833    0.1538        12
         qtx     0.6415    0.7556    0.6939        45
         zxx     0.7778    0.5385    0.6364        39

    accuracy                         0.3892       185
   macro avg     0.5070    0.3255    0.2780       185
weighted avg     0.5157    0.3892    0.3619       185

micro f-score: 0.3891891891891892

========== Train Epoch 30 ==========
/home/djy/anaconda3/envs/pytorch/lib/python3.7/site-packages/sklearn/metrics/_classification.py:1308: UndefinedMetricWarning: Precision and F-score are ill-defined and being set to 0.0 in labels with no predicted samples. Use `zero_division` parameter to control this behavior.
  _warn_prf(average, modifier, msg_start, len(result))
/home/djy/anaconda3/envs/pytorch/lib/python3.7/site-packages/sklearn/metrics/_classification.py:1308: UndefinedMetricWarning: Precision and F-score are ill-defined and being set to 0.0 in labels with no predicted samples. Use `zero_division` parameter to control this behavior.
  _warn_prf(average, modifier, msg_start, len(result))
/home/djy/anaconda3/envs/pytorch/lib/python3.7/site-packages/sklearn/metrics/_classification.py:1308: UndefinedMetricWarning: Precision and F-score are ill-defined and being set to 0.0 in labels with no predicted samples. Use `zero_division` parameter to control this behavior.
  _warn_prf(average, modifier, msg_start, len(result))
Loss: 0.098	Accuracy: 42.70%	Cost 47s
              precision    recall  f1-score   support

         bzx     0.2857    0.6452    0.3960        31
         cwx     0.3889    0.3182    0.3500        22
         hdx     0.5455    0.3529    0.4286        17
         mtx     0.3125    0.2632    0.2857        19
         nqx     1.0000    0.1667    0.2857        12
         qtx     1.0000    0.2000    0.3333        45
         zxx     0.5085    0.7692    0.6122        39

    accuracy                         0.4270       185
   macro avg     0.5773    0.3879    0.3845       185
weighted avg     0.5916    0.4270    0.4054       185

micro f-score: 0.427027027027027

========== Train Epoch 31 ==========
Loss: 0.136	Accuracy: 42.70%	Cost 47s
              precision    recall  f1-score   support

         bzx     0.3086    0.8065    0.4464        31
         cwx     0.6667    0.2727    0.3871        22
         hdx     0.3478    0.4706    0.4000        17
         mtx     0.3333    0.2632    0.2941        19
         nqx     0.4118    0.5833    0.4828        12
         qtx     0.6667    0.4889    0.5641        45
         zxx     0.8571    0.1538    0.2609        39

    accuracy                         0.4270       185
   macro avg     0.5131    0.4341    0.4051       185
weighted avg     0.5668    0.4270    0.4113       185

micro f-score: 0.427027027027027

========== Train Epoch 32 ==========
Loss: 0.097	Accuracy: 56.22%	Cost 47s
              precision    recall  f1-score   support

         bzx     0.6250    0.3226    0.4255        31
         cwx     0.3556    0.7273    0.4776        22
         hdx     0.2778    0.2941    0.2857        17
         mtx     1.0000    0.2632    0.4167        19
         nqx     1.0000    0.0833    0.1538        12
         qtx     0.6429    0.8000    0.7129        45
         zxx     0.7045    0.7949    0.7470        39

    accuracy                         0.5622       185
   macro avg     0.6580    0.4693    0.4599       185
weighted avg     0.6450    0.5622    0.5380       185

micro f-score: 0.5621621621621622

========== Train Epoch 33 ==========
Loss: 0.053	Accuracy: 52.97%	Cost 47s
              precision    recall  f1-score   support

         bzx     0.4615    0.3871    0.4211        31
         cwx     0.5625    0.4091    0.4737        22
         hdx     0.2917    0.4118    0.3415        17
         mtx     0.2778    0.5263    0.3636        19
         nqx     1.0000    0.1667    0.2857        12
         qtx     0.6905    0.6444    0.6667        45
         zxx     0.7436    0.7436    0.7436        39

    accuracy                         0.5297       185
   macro avg     0.5754    0.4699    0.4708       185
weighted avg     0.5891    0.5297    0.5331       185

micro f-score: 0.5297297297297298

========== Train Epoch 34 ==========
Loss: 0.037	Accuracy: 60.54%	Cost 47s
              precision    recall  f1-score   support

         bzx     0.5000    0.6129    0.5507        31
         cwx     0.6190    0.5909    0.6047        22
         hdx     0.5263    0.5882    0.5556        17
         mtx     0.4000    0.1053    0.1667        19
         nqx     0.4211    0.6667    0.5161        12
         qtx     0.8108    0.6667    0.7317        45
         zxx     0.6522    0.7692    0.7059        39

    accuracy                         0.6054       185
   macro avg     0.5613    0.5714    0.5473       185
weighted avg     0.6089    0.6054    0.5926       185

micro f-score: 0.6054054054054054

========== Train Epoch 35 ==========
Loss: 0.046	Accuracy: 57.30%	Cost 48s
              precision    recall  f1-score   support

         bzx     0.6500    0.4194    0.5098        31
         cwx     0.5500    0.5000    0.5238        22
         hdx     0.7143    0.2941    0.4167        17
         mtx     0.2927    0.6316    0.4000        19
         nqx     0.8000    0.3333    0.4706        12
         qtx     0.6415    0.7556    0.6939        45
         zxx     0.6923    0.6923    0.6923        39

    accuracy                         0.5730       185
   macro avg     0.6201    0.5180    0.5296       185
weighted avg     0.6239    0.5730    0.5723       185

micro f-score: 0.572972972972973

========== Train Epoch 36 ==========
Loss: 0.071	Accuracy: 49.19%	Cost 46s
              precision    recall  f1-score   support

         bzx     0.4167    0.6452    0.5063        31
         cwx     0.4500    0.4091    0.4286        22
         hdx     0.2188    0.4118    0.2857        17
         mtx     0.2500    0.0526    0.0870        19
         nqx     0.6667    0.1667    0.2667        12
         qtx     0.8333    0.4444    0.5797        45
         zxx     0.5926    0.8205    0.6882        39

    accuracy                         0.4919       185
   macro avg     0.4897    0.4215    0.4060       185
weighted avg     0.5400    0.4919    0.4744       185

micro f-score: 0.4918918918918919

========== Train Epoch 37 ==========
Loss: 0.086	Accuracy: 54.05%	Cost 46s
              precision    recall  f1-score   support

         bzx     0.5789    0.3548    0.4400        31
         cwx     0.7273    0.3636    0.4848        22
         hdx     0.3846    0.2941    0.3333        17
         mtx     0.0000    0.0000    0.0000        19
         nqx     0.7143    0.4167    0.5263        12
         qtx     0.5000    0.8222    0.6218        45
         zxx     0.5574    0.8718    0.6800        39

    accuracy                         0.5405       185
   macro avg     0.4946    0.4462    0.4409       185
weighted avg     0.5043    0.5405    0.4908       185

micro f-score: 0.5405405405405406

========== Train Epoch 38 ==========
/home/djy/anaconda3/envs/pytorch/lib/python3.7/site-packages/sklearn/metrics/_classification.py:1308: UndefinedMetricWarning: Precision and F-score are ill-defined and being set to 0.0 in labels with no predicted samples. Use `zero_division` parameter to control this behavior.
  _warn_prf(average, modifier, msg_start, len(result))
/home/djy/anaconda3/envs/pytorch/lib/python3.7/site-packages/sklearn/metrics/_classification.py:1308: UndefinedMetricWarning: Precision and F-score are ill-defined and being set to 0.0 in labels with no predicted samples. Use `zero_division` parameter to control this behavior.
  _warn_prf(average, modifier, msg_start, len(result))
/home/djy/anaconda3/envs/pytorch/lib/python3.7/site-packages/sklearn/metrics/_classification.py:1308: UndefinedMetricWarning: Precision and F-score are ill-defined and being set to 0.0 in labels with no predicted samples. Use `zero_division` parameter to control this behavior.
  _warn_prf(average, modifier, msg_start, len(result))
Loss: 0.075	Accuracy: 46.49%	Cost 47s
              precision    recall  f1-score   support

         bzx     0.4444    0.5161    0.4776        31
         cwx     0.0000    0.0000    0.0000        22
         hdx     0.3182    0.4118    0.3590        17
         mtx     0.3500    0.3684    0.3590        19
         nqx     0.2692    0.5833    0.3684        12
         qtx     0.5238    0.7333    0.6111        45
         zxx     0.8889    0.4103    0.5614        39

    accuracy                         0.4649       185
   macro avg     0.3992    0.4319    0.3909       185
weighted avg     0.4719    0.4649    0.4408       185

micro f-score: 0.4648648648648649

========== Train Epoch 39 ==========
/home/djy/anaconda3/envs/pytorch/lib/python3.7/site-packages/sklearn/metrics/_classification.py:1308: UndefinedMetricWarning: Precision and F-score are ill-defined and being set to 0.0 in labels with no predicted samples. Use `zero_division` parameter to control this behavior.
  _warn_prf(average, modifier, msg_start, len(result))
/home/djy/anaconda3/envs/pytorch/lib/python3.7/site-packages/sklearn/metrics/_classification.py:1308: UndefinedMetricWarning: Precision and F-score are ill-defined and being set to 0.0 in labels with no predicted samples. Use `zero_division` parameter to control this behavior.
  _warn_prf(average, modifier, msg_start, len(result))
/home/djy/anaconda3/envs/pytorch/lib/python3.7/site-packages/sklearn/metrics/_classification.py:1308: UndefinedMetricWarning: Precision and F-score are ill-defined and being set to 0.0 in labels with no predicted samples. Use `zero_division` parameter to control this behavior.
  _warn_prf(average, modifier, msg_start, len(result))
Loss: 0.110	Accuracy: 37.30%	Cost 46s
              precision    recall  f1-score   support

         bzx     0.3103    0.5806    0.4045        31
         cwx     0.7778    0.3182    0.4516        22
         hdx     0.6000    0.1765    0.2727        17
         mtx     0.2368    0.4737    0.3158        19
         nqx     0.1714    0.5000    0.2553        12
         qtx     1.0000    0.1556    0.2692        45
         zxx     0.5758    0.4872    0.5278        39

    accuracy                         0.3730       185
   macro avg     0.5246    0.3845    0.3567       185
weighted avg     0.5997    0.3730    0.3723       185

micro f-score: 0.37297297297297294

========== Train Epoch 40 ==========
Loss: 0.081	Accuracy: 54.59%	Cost 48s
              precision    recall  f1-score   support

         bzx     0.3889    0.4516    0.4179        31
         cwx     0.5625    0.4091    0.4737        22
         hdx     0.4706    0.4706    0.4706        17
         mtx     1.0000    0.0526    0.1000        19
         nqx     0.6000    0.2500    0.3529        12
         qtx     0.5507    0.8444    0.6667        45
         zxx     0.6829    0.7179    0.7000        39

    accuracy                         0.5459       185
   macro avg     0.6079    0.4566    0.4545       185
weighted avg     0.5949    0.5459    0.5125       185

micro f-score: 0.5459459459459459

========== Train Epoch 41 ==========
Loss: 0.062	Accuracy: 55.14%	Cost 45s
              precision    recall  f1-score   support

         bzx     0.5000    0.3871    0.4364        31
         cwx     0.5652    0.5909    0.5778        22
         hdx     0.3571    0.5882    0.4444        17
         mtx     0.3750    0.3158    0.3429        19
         nqx     0.3214    0.7500    0.4500        12
         qtx     0.8182    0.6000    0.6923        45
         zxx     0.7576    0.6410    0.6944        39

    accuracy                         0.5514       185
   macro avg     0.5278    0.5533    0.5197       185
weighted avg     0.6019    0.5514    0.5619       185

micro f-score: 0.5513513513513514

========== Train Epoch 42 ==========
Loss: 0.055	Accuracy: 44.86%	Cost 47s
              precision    recall  f1-score   support

         bzx     0.4615    0.3871    0.4211        31
         cwx     0.5500    0.5000    0.5238        22
         hdx     0.5000    0.1176    0.1905        17
         mtx     0.2857    0.4211    0.3404        19
         nqx     0.3333    0.4167    0.3704        12
         qtx     1.0000    0.2222    0.3636        45
         zxx     0.4268    0.8974    0.5785        39

    accuracy                         0.4486       185
   macro avg     0.5082    0.4232    0.3983       185
weighted avg     0.5729    0.4486    0.4197       185

micro f-score: 0.4486486486486486

========== Train Epoch 43 ==========
Loss: 0.062	Accuracy: 53.51%	Cost 46s
              precision    recall  f1-score   support

         bzx     0.6875    0.3548    0.4681        31
         cwx     0.4545    0.2273    0.3030        22
         hdx     0.3333    0.3529    0.3429        17
         mtx     0.3214    0.4737    0.3830        19
         nqx     0.3571    0.4167    0.3846        12
         qtx     0.5968    0.8222    0.6916        45
         zxx     0.7222    0.6667    0.6933        39

    accuracy                         0.5351       185
   macro avg     0.4961    0.4735    0.4666       185
weighted avg     0.5535    0.5351    0.5246       185

micro f-score: 0.5351351351351351

========== Train Epoch 44 ==========
Loss: 0.037	Accuracy: 59.46%	Cost 47s
              precision    recall  f1-score   support

         bzx     0.4857    0.5484    0.5152        31
         cwx     0.5000    0.5909    0.5417        22
         hdx     0.4118    0.4118    0.4118        17
         mtx     0.4444    0.2105    0.2857        19
         nqx     0.4615    0.5000    0.4800        12
         qtx     0.7609    0.7778    0.7692        45
         zxx     0.7179    0.7179    0.7179        39

    accuracy                         0.5946       185
   macro avg     0.5403    0.5368    0.5316       185
weighted avg     0.5907    0.5946    0.5875       185

micro f-score: 0.5945945945945946

========== Train Epoch 45 ==========
Loss: 0.021	Accuracy: 60.00%	Cost 46s
              precision    recall  f1-score   support

         bzx     0.5357    0.4839    0.5085        31
         cwx     0.6667    0.5455    0.6000        22
         hdx     0.3846    0.5882    0.4651        17
         mtx     0.5000    0.1579    0.2400        19
         nqx     0.6154    0.6667    0.6400        12
         qtx     0.7949    0.6889    0.7381        45
         zxx     0.5818    0.8205    0.6809        39

    accuracy                         0.6000       185
   macro avg     0.5827    0.5645    0.5532       185
weighted avg     0.6117    0.6000    0.5885       185

micro f-score: 0.6

========== Train Epoch 46 ==========
Loss: 0.016	Accuracy: 60.54%	Cost 45s
              precision    recall  f1-score   support

         bzx     0.5652    0.4194    0.4815        31
         cwx     0.4848    0.7273    0.5818        22
         hdx     0.4737    0.5294    0.5000        17
         mtx     0.5000    0.2632    0.3448        19
         nqx     0.5455    0.5000    0.5217        12
         qtx     0.7442    0.7111    0.7273        45
         zxx     0.6739    0.7949    0.7294        39

    accuracy                         0.6054       185
   macro avg     0.5696    0.5636    0.5552       185
weighted avg     0.6057    0.6054    0.5957       185

micro f-score: 0.6054054054054054

========== Train Epoch 47 ==========
Loss: 0.016	Accuracy: 62.16%	Cost 48s
              precision    recall  f1-score   support

         bzx     0.5600    0.4516    0.5000        31
         cwx     0.6818    0.6818    0.6818        22
         hdx     0.5714    0.4706    0.5161        17
         mtx     0.6667    0.3158    0.4286        19
         nqx     0.5294    0.7500    0.6207        12
         qtx     0.7619    0.7111    0.7356        45
         zxx     0.5536    0.7949    0.6526        39

    accuracy                         0.6216       185
   macro avg     0.6178    0.5965    0.5908       185
weighted avg     0.6323    0.6216    0.6131       185

micro f-score: 0.6216216216216216

========== Train Epoch 48 ==========
Loss: 0.012	Accuracy: 62.70%	Cost 46s
              precision    recall  f1-score   support

         bzx     0.5185    0.4516    0.4828        31
         cwx     0.8462    0.5000    0.6286        22
         hdx     0.5000    0.5882    0.5405        17
         mtx     0.6667    0.3158    0.4286        19
         nqx     0.4500    0.7500    0.5625        12
         qtx     0.6731    0.7778    0.7216        45
         zxx     0.7045    0.7949    0.7470        39

    accuracy                         0.6270       185
   macro avg     0.6227    0.5969    0.5874       185
weighted avg     0.6434    0.6270    0.6188       185

micro f-score: 0.6270270270270271

========== Train Epoch 49 ==========
Loss: 0.018	Accuracy: 62.70%	Cost 46s
              precision    recall  f1-score   support

         bzx     0.6087    0.4516    0.5185        31
         cwx     0.9167    0.5000    0.6471        22
         hdx     0.4500    0.5294    0.4865        17
         mtx     0.6667    0.3158    0.4286        19
         nqx     0.5000    0.7500    0.6000        12
         qtx     0.6939    0.7556    0.7234        45
         zxx     0.6111    0.8462    0.7097        39

    accuracy                         0.6270       185
   macro avg     0.6353    0.5926    0.5877       185
weighted avg     0.6509    0.6270    0.6170       185

micro f-score: 0.6270270270270271

========== Train Epoch 50 ==========
Loss: 0.014	Accuracy: 64.32%	Cost 47s
              precision    recall  f1-score   support

         bzx     0.5385    0.4516    0.4912        31
         cwx     0.7059    0.5455    0.6154        22
         hdx     0.6000    0.5294    0.5625        17
         mtx     0.5714    0.4211    0.4848        19
         nqx     0.6000    0.7500    0.6667        12
         qtx     0.7292    0.7778    0.7527        45
         zxx     0.6400    0.8205    0.7191        39

    accuracy                         0.6432       185
   macro avg     0.6264    0.6137    0.6132       185
weighted avg     0.6392    0.6432    0.6349       185

micro f-score: 0.6432432432432432

========== Train Epoch 51 ==========
Loss: 0.013	Accuracy: 63.24%	Cost 47s
              precision    recall  f1-score   support

         bzx     0.5185    0.4516    0.4828        31
         cwx     0.7857    0.5000    0.6111        22
         hdx     0.4762    0.5882    0.5263        17
         mtx     0.5385    0.3684    0.4375        19
         nqx     0.6154    0.6667    0.6400        12
         qtx     0.7556    0.7556    0.7556        45
         zxx     0.6346    0.8462    0.7253        39

    accuracy                         0.6324       185
   macro avg     0.6178    0.5967    0.5969       185
weighted avg     0.6369    0.6324    0.6251       185

micro f-score: 0.6324324324324324

========== Train Epoch 52 ==========
Loss: 0.014	Accuracy: 63.78%	Cost 46s
              precision    recall  f1-score   support

         bzx     0.5357    0.4839    0.5085        31
         cwx     0.7059    0.5455    0.6154        22
         hdx     0.5000    0.5882    0.5405        17
         mtx     0.5556    0.2632    0.3571        19
         nqx     0.4737    0.7500    0.5806        12
         qtx     0.7447    0.7778    0.7609        45
         zxx     0.7111    0.8205    0.7619        39

    accuracy                         0.6378       185
   macro avg     0.6038    0.6041    0.5893       185
weighted avg     0.6385    0.6378    0.6281       185

micro f-score: 0.6378378378378379

========== Train Epoch 53 ==========
Loss: 0.014	Accuracy: 62.16%	Cost 47s
              precision    recall  f1-score   support

         bzx     0.5517    0.5161    0.5333        31
         cwx     0.5417    0.5909    0.5652        22
         hdx     0.4762    0.5882    0.5263        17
         mtx     0.5455    0.3158    0.4000        19
         nqx     0.4444    0.6667    0.5333        12
         qtx     0.7442    0.7111    0.7273        45
         zxx     0.7692    0.7692    0.7692        39

    accuracy                         0.6216       185
   macro avg     0.5818    0.5940    0.5792       185
weighted avg     0.6287    0.6216    0.6197       185

micro f-score: 0.6216216216216216

========== Train Epoch 54 ==========
Loss: 0.011	Accuracy: 63.78%	Cost 47s
              precision    recall  f1-score   support

         bzx     0.5333    0.5161    0.5246        31
         cwx     0.7857    0.5000    0.6111        22
         hdx     0.4737    0.5294    0.5000        17
         mtx     0.5455    0.3158    0.4000        19
         nqx     0.7273    0.6667    0.6957        12
         qtx     0.7143    0.7778    0.7447        45
         zxx     0.6471    0.8462    0.7333        39

    accuracy                         0.6378       185
   macro avg     0.6324    0.5931    0.6013       185
weighted avg     0.6397    0.6378    0.6285       185

micro f-score: 0.6378378378378379

========== Train Epoch 55 ==========
Loss: 0.014	Accuracy: 62.70%	Cost 47s
              precision    recall  f1-score   support

         bzx     0.4828    0.4516    0.4667        31
         cwx     0.6500    0.5909    0.6190        22
         hdx     0.5556    0.5882    0.5714        17
         mtx     0.4444    0.2105    0.2857        19
         nqx     0.6154    0.6667    0.6400        12
         qtx     0.7292    0.7778    0.7527        45
         zxx     0.6667    0.8205    0.7356        39

    accuracy                         0.6270       185
   macro avg     0.5920    0.5866    0.5816       185
weighted avg     0.6127    0.6270    0.6133       185

micro f-score: 0.6270270270270271

========== Train Epoch 56 ==========
Loss: 0.011	Accuracy: 62.70%	Cost 48s
              precision    recall  f1-score   support

         bzx     0.5600    0.4516    0.5000        31
         cwx     0.6842    0.5909    0.6341        22
         hdx     0.5263    0.5882    0.5556        17
         mtx     0.5556    0.2632    0.3571        19
         nqx     0.4286    0.7500    0.5455        12
         qtx     0.7021    0.7333    0.7174        45
         zxx     0.7111    0.8205    0.7619        39

    accuracy                         0.6270       185
   macro avg     0.5954    0.5997    0.5817       185
weighted avg     0.6291    0.6270    0.6174       185

micro f-score: 0.6270270270270271

========== Train Epoch 57 ==========
Loss: 0.011	Accuracy: 62.70%	Cost 45s
              precision    recall  f1-score   support

         bzx     0.5417    0.4194    0.4727        31
         cwx     0.6250    0.6818    0.6522        22
         hdx     0.5263    0.5882    0.5556        17
         mtx     0.5455    0.3158    0.4000        19
         nqx     0.6000    0.7500    0.6667        12
         qtx     0.6889    0.6889    0.6889        45
         zxx     0.6809    0.8205    0.7442        39

    accuracy                         0.6270       185
   macro avg     0.6012    0.6092    0.5972       185
weighted avg     0.6195    0.6270    0.6166       185

micro f-score: 0.6270270270270271

========== Train Epoch 58 ==========
Loss: 0.011	Accuracy: 62.70%	Cost 47s
              precision    recall  f1-score   support

         bzx     0.6250    0.4839    0.5455        31
         cwx     0.6087    0.6364    0.6222        22
         hdx     0.4762    0.5882    0.5263        17
         mtx     0.5000    0.2632    0.3448        19
         nqx     0.5333    0.6667    0.5926        12
         qtx     0.7209    0.6889    0.7045        45
         zxx     0.6735    0.8462    0.7500        39

    accuracy                         0.6270       185
   macro avg     0.5911    0.5962    0.5837       185
weighted avg     0.6242    0.6270    0.6171       185

micro f-score: 0.6270270270270271

========== Train Epoch 59 ==========
Loss: 0.016	Accuracy: 62.16%	Cost 46s
              precision    recall  f1-score   support

         bzx     0.5600    0.4516    0.5000        31
         cwx     0.6471    0.5000    0.5641        22
         hdx     0.4545    0.5882    0.5128        17
         mtx     0.6667    0.2105    0.3200        19
         nqx     0.5000    0.8333    0.6250        12
         qtx     0.7111    0.7111    0.7111        45
         zxx     0.6800    0.8718    0.7640        39

    accuracy                         0.6216       185
   macro avg     0.6028    0.5952    0.5710       185
weighted avg     0.6298    0.6216    0.6054       185

micro f-score: 0.6216216216216216

========== Train Epoch 60 ==========
Loss: 0.015	Accuracy: 63.24%	Cost 47s
              precision    recall  f1-score   support

         bzx     0.5556    0.4839    0.5172        31
         cwx     0.6500    0.5909    0.6190        22
         hdx     0.5882    0.5882    0.5882        17
         mtx     0.5000    0.3158    0.3871        19
         nqx     0.5000    0.6667    0.5714        12
         qtx     0.6889    0.6889    0.6889        45
         zxx     0.7083    0.8718    0.7816        39

    accuracy                         0.6324       185
   macro avg     0.5987    0.6009    0.5934       185
weighted avg     0.6251    0.6324    0.6235       185

micro f-score: 0.6324324324324324

========== Train Epoch 61 ==========
Loss: 0.010	Accuracy: 61.62%	Cost 46s
              precision    recall  f1-score   support

         bzx     0.6000    0.3871    0.4706        31
         cwx     0.6875    0.5000    0.5789        22
         hdx     0.5263    0.5882    0.5556        17
         mtx     0.6250    0.2632    0.3704        19
         nqx     0.4737    0.7500    0.5806        12
         qtx     0.6875    0.7333    0.7097        45
         zxx     0.6182    0.8718    0.7234        39

    accuracy                         0.6162       185
   macro avg     0.6026    0.5848    0.5699       185
weighted avg     0.6231    0.6162    0.5996       185

micro f-score: 0.6162162162162163

========== Train Epoch 62 ==========
Loss: 0.012	Accuracy: 62.16%	Cost 46s
              precision    recall  f1-score   support

         bzx     0.5556    0.4839    0.5172        31
         cwx     0.7692    0.4545    0.5714        22
         hdx     0.4762    0.5882    0.5263        17
         mtx     0.5000    0.3158    0.3871        19
         nqx     0.4737    0.7500    0.5806        12
         qtx     0.7381    0.6889    0.7126        45
         zxx     0.6667    0.8718    0.7556        39

    accuracy                         0.6216       185
   macro avg     0.5971    0.5933    0.5787       185
weighted avg     0.6305    0.6216    0.6130       185

micro f-score: 0.6216216216216216

========== Train Epoch 63 ==========
Loss: 0.015	Accuracy: 63.78%	Cost 46s
              precision    recall  f1-score   support

         bzx     0.5600    0.4516    0.5000        31
         cwx     0.7333    0.5000    0.5946        22
         hdx     0.5294    0.5294    0.5294        17
         mtx     0.5000    0.3684    0.4242        19
         nqx     0.6154    0.6667    0.6400        12
         qtx     0.7292    0.7778    0.7527        45
         zxx     0.6415    0.8718    0.7391        39

    accuracy                         0.6378       185
   macro avg     0.6155    0.5951    0.5972       185
weighted avg     0.6336    0.6378    0.6271       185

micro f-score: 0.6378378378378379

========== Train Epoch 64 ==========
Loss: 0.012	Accuracy: 64.32%	Cost 48s
              precision    recall  f1-score   support

         bzx     0.5556    0.4839    0.5172        31
         cwx     0.7857    0.5000    0.6111        22
         hdx     0.5556    0.5882    0.5714        17
         mtx     0.6000    0.3158    0.4138        19
         nqx     0.5333    0.6667    0.5926        12
         qtx     0.6731    0.7778    0.7216        45
         zxx     0.6939    0.8718    0.7727        39

    accuracy                         0.6432       185
   macro avg     0.6282    0.6006    0.6001       185
weighted avg     0.6438    0.6432    0.6312       185

micro f-score: 0.6432432432432432

Finished training!!!

Min Loss = 0.010 in epoch 60;
Max Accuracy = 64.32% in epoch 49;
Total Cost 49 minutes

===============================================================================================
Layer (type:depth-idx)                        Output Shape              Param #
===============================================================================================
Conv2d: 1-1                                 [-1, 64, 160, 160]        9,408
BatchNorm2d: 1-2                            [-1, 64, 160, 160]        128
ReLU: 1-3                                   [-1, 64, 160, 160]        --
MaxPool2d: 1-4                              [-1, 64, 80, 80]          --
Sequential: 1-5                             [-1, 64, 80, 80]          --
|    BasicBlock: 2-1                        [-1, 64, 80, 80]          --
|    |    Conv2d: 3-1                       [-1, 64, 80, 80]          36,864
|    |    BatchNorm2d: 3-2                  [-1, 64, 80, 80]          128
|    |    ReLU: 3-3                         [-1, 64, 80, 80]          --
|    |    Conv2d: 3-4                       [-1, 64, 80, 80]          36,864
|    |    BatchNorm2d: 3-5                  [-1, 64, 80, 80]          128
|    |    CoordAtt: 3-6                     [-1, 64, 80, 80]          1,688
|    |    ReLU: 3-7                         [-1, 64, 80, 80]          --
|    BasicBlock: 2-2                        [-1, 64, 80, 80]          --
|    |    Conv2d: 3-8                       [-1, 64, 80, 80]          36,864
|    |    BatchNorm2d: 3-9                  [-1, 64, 80, 80]          128
|    |    ReLU: 3-10                        [-1, 64, 80, 80]          --
|    |    Conv2d: 3-11                      [-1, 64, 80, 80]          36,864
|    |    BatchNorm2d: 3-12                 [-1, 64, 80, 80]          128
|    |    CoordAtt: 3-13                    [-1, 64, 80, 80]          1,688
|    |    ReLU: 3-14                        [-1, 64, 80, 80]          --
Sequential: 1-6                             [-1, 128, 40, 40]         --
|    BasicBlock: 2-3                        [-1, 128, 40, 40]         --
|    |    Conv2d: 3-15                      [-1, 128, 40, 40]         73,728
|    |    BatchNorm2d: 3-16                 [-1, 128, 40, 40]         256
|    |    ReLU: 3-17                        [-1, 128, 40, 40]         --
|    |    Conv2d: 3-18                      [-1, 128, 40, 40]         147,456
|    |    BatchNorm2d: 3-19                 [-1, 128, 40, 40]         256
|    |    CoordAtt: 3-20                    [-1, 128, 40, 40]         3,352
|    |    Sequential: 3-21                  [-1, 128, 40, 40]         8,448
|    |    ReLU: 3-22                        [-1, 128, 40, 40]         --
|    BasicBlock: 2-4                        [-1, 128, 40, 40]         --
|    |    Conv2d: 3-23                      [-1, 128, 40, 40]         147,456
|    |    BatchNorm2d: 3-24                 [-1, 128, 40, 40]         256
|    |    ReLU: 3-25                        [-1, 128, 40, 40]         --
|    |    Conv2d: 3-26                      [-1, 128, 40, 40]         147,456
|    |    BatchNorm2d: 3-27                 [-1, 128, 40, 40]         256
|    |    CoordAtt: 3-28                    [-1, 128, 40, 40]         3,352
|    |    ReLU: 3-29                        [-1, 128, 40, 40]         --
Sequential: 1-7                             [-1, 256, 20, 20]         --
|    BasicBlock: 2-5                        [-1, 256, 20, 20]         --
|    |    Conv2d: 3-30                      [-1, 256, 20, 20]         294,912
|    |    BatchNorm2d: 3-31                 [-1, 256, 20, 20]         512
|    |    ReLU: 3-32                        [-1, 256, 20, 20]         --
|    |    Conv2d: 3-33                      [-1, 256, 20, 20]         589,824
|    |    BatchNorm2d: 3-34                 [-1, 256, 20, 20]         512
|    |    CoordAtt: 3-35                    [-1, 256, 20, 20]         6,680
|    |    Sequential: 3-36                  [-1, 256, 20, 20]         33,280
|    |    ReLU: 3-37                        [-1, 256, 20, 20]         --
|    BasicBlock: 2-6                        [-1, 256, 20, 20]         --
|    |    Conv2d: 3-38                      [-1, 256, 20, 20]         589,824
|    |    BatchNorm2d: 3-39                 [-1, 256, 20, 20]         512
|    |    ReLU: 3-40                        [-1, 256, 20, 20]         --
|    |    Conv2d: 3-41                      [-1, 256, 20, 20]         589,824
|    |    BatchNorm2d: 3-42                 [-1, 256, 20, 20]         512
|    |    CoordAtt: 3-43                    [-1, 256, 20, 20]         6,680
|    |    ReLU: 3-44                        [-1, 256, 20, 20]         --
Sequential: 1-8                             [-1, 512, 10, 10]         --
|    BasicBlock: 2-7                        [-1, 512, 10, 10]         --
|    |    Conv2d: 3-45                      [-1, 512, 10, 10]         1,179,648
|    |    BatchNorm2d: 3-46                 [-1, 512, 10, 10]         1,024
|    |    ReLU: 3-47                        [-1, 512, 10, 10]         --
|    |    Conv2d: 3-48                      [-1, 512, 10, 10]         2,359,296
|    |    BatchNorm2d: 3-49                 [-1, 512, 10, 10]         1,024
|    |    CoordAtt: 3-50                    [-1, 512, 10, 10]         25,648
|    |    Sequential: 3-51                  [-1, 512, 10, 10]         132,096
|    |    ReLU: 3-52                        [-1, 512, 10, 10]         --
|    BasicBlock: 2-8                        [-1, 512, 10, 10]         --
|    |    Conv2d: 3-53                      [-1, 512, 10, 10]         2,359,296
|    |    BatchNorm2d: 3-54                 [-1, 512, 10, 10]         1,024
|    |    ReLU: 3-55                        [-1, 512, 10, 10]         --
|    |    Conv2d: 3-56                      [-1, 512, 10, 10]         2,359,296
|    |    BatchNorm2d: 3-57                 [-1, 512, 10, 10]         1,024
|    |    CoordAtt: 3-58                    [-1, 512, 10, 10]         25,648
|    |    ReLU: 3-59                        [-1, 512, 10, 10]         --
AdaptiveAvgPool2d: 1-9                      [-1, 512, 1, 1]           --
Linear: 1-10                                [-1, 7]                   3,591
===============================================================================================
Total params: 11,254,839
Trainable params: 11,254,839
Non-trainable params: 0
Total mult-adds (G): 3.73
===============================================================================================
Input size (MB): 1.17
Forward/backward pass size (MB): 78.05
Params size (MB): 42.93
Estimated Total Size (MB): 122.15
===============================================================================================



