Train Model: ResNet, Using device cuda

========== Train Epoch 1 ==========
Loss: 2.178	Accuracy: 19 %	Time 52 s
Accuracy for class bzx   is: 0.0 %
Accuracy for class cwx   is: 0.0 %
Accuracy for class hdx   is: 13.0 %
Accuracy for class mtx   is: 0.0 %
Accuracy for class nqx   is: 0.0 %
Accuracy for class qtx   is: 0.0 %
Accuracy for class zxx   is: 92.5 %

========== Train Epoch 2 ==========
Loss: 2.406	Accuracy: 18 %	Time 52 s
Accuracy for class bzx   is: 0.0 %
Accuracy for class cwx   is: 0.0 %
Accuracy for class hdx   is: 0.0 %
Accuracy for class mtx   is: 100.0 %
Accuracy for class nqx   is: 0.0 %
Accuracy for class qtx   is: 0.0 %
Accuracy for class zxx   is: 0.0 %

========== Train Epoch 3 ==========
Loss: 1.905	Accuracy: 18 %	Time 52 s
Accuracy for class bzx   is: 0.0 %
Accuracy for class cwx   is: 0.0 %
Accuracy for class hdx   is: 0.0 %
Accuracy for class mtx   is: 0.0 %
Accuracy for class nqx   is: 0.0 %
Accuracy for class qtx   is: 0.0 %
Accuracy for class zxx   is: 100.0 %

========== Train Epoch 4 ==========
Loss: 1.881	Accuracy: 18 %	Time 52 s
Accuracy for class bzx   is: 100.0 %
Accuracy for class cwx   is: 0.0 %
Accuracy for class hdx   is: 0.0 %
Accuracy for class mtx   is: 0.0 %
Accuracy for class nqx   is: 0.0 %
Accuracy for class qtx   is: 0.0 %
Accuracy for class zxx   is: 0.0 %

========== Train Epoch 5 ==========
Loss: 1.857	Accuracy: 25 %	Time 51 s
Accuracy for class bzx   is: 24.5 %
Accuracy for class cwx   is: 0.0 %
Accuracy for class hdx   is: 43.5 %
Accuracy for class mtx   is: 24.3 %
Accuracy for class nqx   is: 0.0 %
Accuracy for class qtx   is: 0.0 %
Accuracy for class zxx   is: 50.9 %

========== Train Epoch 6 ==========
Loss: 1.808	Accuracy: 24 %	Time 52 s
Accuracy for class bzx   is: 83.0 %
Accuracy for class cwx   is: 0.0 %
Accuracy for class hdx   is: 0.0 %
Accuracy for class mtx   is: 38.8 %
Accuracy for class nqx   is: 0.0 %
Accuracy for class qtx   is: 0.0 %
Accuracy for class zxx   is: 7.5 %

========== Train Epoch 7 ==========
Loss: 1.757	Accuracy: 26 %	Time 51 s
Accuracy for class bzx   is: 57.5 %
Accuracy for class cwx   is: 0.0 %
Accuracy for class hdx   is: 0.0 %
Accuracy for class mtx   is: 72.8 %
Accuracy for class nqx   is: 0.0 %
Accuracy for class qtx   is: 0.0 %
Accuracy for class zxx   is: 10.4 %

========== Train Epoch 8 ==========
Loss: 1.728	Accuracy: 28 %	Time 52 s
Accuracy for class bzx   is: 69.8 %
Accuracy for class cwx   is: 0.0 %
Accuracy for class hdx   is: 8.7 %
Accuracy for class mtx   is: 48.5 %
Accuracy for class nqx   is: 0.0 %
Accuracy for class qtx   is: 26.3 %
Accuracy for class zxx   is: 10.4 %

========== Train Epoch 9 ==========
Loss: 1.617	Accuracy: 25 %	Time 51 s
Accuracy for class bzx   is: 11.3 %
Accuracy for class cwx   is: 0.0 %
Accuracy for class hdx   is: 89.1 %
Accuracy for class mtx   is: 21.4 %
Accuracy for class nqx   is: 19.7 %
Accuracy for class qtx   is: 0.0 %
Accuracy for class zxx   is: 13.2 %

========== Train Epoch 10 ==========
Loss: 1.578	Accuracy: 33 %	Time 52 s
Accuracy for class bzx   is: 67.0 %
Accuracy for class cwx   is: 0.0 %
Accuracy for class hdx   is: 34.8 %
Accuracy for class mtx   is: 39.8 %
Accuracy for class nqx   is: 0.0 %
Accuracy for class qtx   is: 45.6 %
Accuracy for class zxx   is: 18.9 %

========== Train Epoch 11 ==========
Loss: 1.561	Accuracy: 30 %	Time 51 s
Accuracy for class bzx   is: 37.7 %
Accuracy for class cwx   is: 0.0 %
Accuracy for class hdx   is: 54.3 %
Accuracy for class mtx   is: 4.9 %
Accuracy for class nqx   is: 9.9 %
Accuracy for class qtx   is: 0.0 %
Accuracy for class zxx   is: 64.2 %

========== Train Epoch 12 ==========
Loss: 1.509	Accuracy: 39 %	Time 51 s
Accuracy for class bzx   is: 54.7 %
Accuracy for class cwx   is: 0.0 %
Accuracy for class hdx   is: 47.8 %
Accuracy for class mtx   is: 16.5 %
Accuracy for class nqx   is: 35.2 %
Accuracy for class qtx   is: 47.4 %
Accuracy for class zxx   is: 47.2 %

========== Train Epoch 13 ==========
Loss: 1.413	Accuracy: 37 %	Time 53 s
Accuracy for class bzx   is: 50.9 %
Accuracy for class cwx   is: 0.0 %
Accuracy for class hdx   is: 29.3 %
Accuracy for class mtx   is: 35.9 %
Accuracy for class nqx   is: 0.0 %
Accuracy for class qtx   is: 56.1 %
Accuracy for class zxx   is: 59.4 %

========== Train Epoch 14 ==========
Loss: 1.340	Accuracy: 38 %	Time 52 s
Accuracy for class bzx   is: 47.2 %
Accuracy for class cwx   is: 0.0 %
Accuracy for class hdx   is: 39.1 %
Accuracy for class mtx   is: 22.3 %
Accuracy for class nqx   is: 9.9 %
Accuracy for class qtx   is: 66.7 %
Accuracy for class zxx   is: 58.5 %

========== Train Epoch 15 ==========
Loss: 1.242	Accuracy: 42 %	Time 53 s
Accuracy for class bzx   is: 63.2 %
Accuracy for class cwx   is: 7.4 %
Accuracy for class hdx   is: 35.9 %
Accuracy for class mtx   is: 53.4 %
Accuracy for class nqx   is: 2.8 %
Accuracy for class qtx   is: 52.6 %
Accuracy for class zxx   is: 47.2 %

========== Train Epoch 16 ==========
Loss: 1.185	Accuracy: 40 %	Time 53 s
Accuracy for class bzx   is: 40.6 %
Accuracy for class cwx   is: 0.0 %
Accuracy for class hdx   is: 34.8 %
Accuracy for class mtx   is: 31.1 %
Accuracy for class nqx   is: 39.4 %
Accuracy for class qtx   is: 43.9 %
Accuracy for class zxx   is: 61.3 %

========== Train Epoch 17 ==========
Loss: 1.157	Accuracy: 44 %	Time 53 s
Accuracy for class bzx   is: 65.1 %
Accuracy for class cwx   is: 0.0 %
Accuracy for class hdx   is: 58.7 %
Accuracy for class mtx   is: 38.8 %
Accuracy for class nqx   is: 28.2 %
Accuracy for class qtx   is: 52.6 %
Accuracy for class zxx   is: 34.9 %

========== Train Epoch 18 ==========
Loss: 1.087	Accuracy: 38 %	Time 53 s
Accuracy for class bzx   is: 37.7 %
Accuracy for class cwx   is: 0.0 %
Accuracy for class hdx   is: 78.3 %
Accuracy for class mtx   is: 17.5 %
Accuracy for class nqx   is: 22.5 %
Accuracy for class qtx   is: 45.6 %
Accuracy for class zxx   is: 40.6 %

========== Train Epoch 19 ==========
Loss: 0.979	Accuracy: 44 %	Time 53 s
Accuracy for class bzx   is: 54.7 %
Accuracy for class cwx   is: 0.0 %
Accuracy for class hdx   is: 52.2 %
Accuracy for class mtx   is: 26.2 %
Accuracy for class nqx   is: 29.6 %
Accuracy for class qtx   is: 50.9 %
Accuracy for class zxx   is: 62.3 %

========== Train Epoch 20 ==========
Loss: 0.893	Accuracy: 44 %	Time 53 s
Accuracy for class bzx   is: 74.5 %
Accuracy for class cwx   is: 18.5 %
Accuracy for class hdx   is: 57.6 %
Accuracy for class mtx   is: 28.2 %
Accuracy for class nqx   is: 12.7 %
Accuracy for class qtx   is: 43.9 %
Accuracy for class zxx   is: 49.1 %

========== Train Epoch 21 ==========
Loss: 0.856	Accuracy: 48 %	Time 52 s
Accuracy for class bzx   is: 53.8 %
Accuracy for class cwx   is: 44.4 %
Accuracy for class hdx   is: 38.0 %
Accuracy for class mtx   is: 40.8 %
Accuracy for class nqx   is: 52.1 %
Accuracy for class qtx   is: 52.6 %
Accuracy for class zxx   is: 54.7 %

========== Train Epoch 22 ==========
Loss: 0.769	Accuracy: 49 %	Time 53 s
Accuracy for class bzx   is: 62.3 %
Accuracy for class cwx   is: 33.3 %
Accuracy for class hdx   is: 38.0 %
Accuracy for class mtx   is: 44.7 %
Accuracy for class nqx   is: 23.9 %
Accuracy for class qtx   is: 63.2 %
Accuracy for class zxx   is: 64.2 %

========== Train Epoch 23 ==========
Loss: 0.664	Accuracy: 50 %	Time 53 s
Accuracy for class bzx   is: 55.7 %
Accuracy for class cwx   is: 37.0 %
Accuracy for class hdx   is: 46.7 %
Accuracy for class mtx   is: 31.1 %
Accuracy for class nqx   is: 35.2 %
Accuracy for class qtx   is: 77.2 %
Accuracy for class zxx   is: 65.1 %

========== Train Epoch 24 ==========
Loss: 0.586	Accuracy: 48 %	Time 53 s
Accuracy for class bzx   is: 55.7 %
Accuracy for class cwx   is: 37.0 %
Accuracy for class hdx   is: 58.7 %
Accuracy for class mtx   is: 39.8 %
Accuracy for class nqx   is: 33.8 %
Accuracy for class qtx   is: 64.9 %
Accuracy for class zxx   is: 42.5 %

========== Train Epoch 25 ==========
Loss: 0.529	Accuracy: 48 %	Time 52 s
Accuracy for class bzx   is: 41.5 %
Accuracy for class cwx   is: 22.2 %
Accuracy for class hdx   is: 53.3 %
Accuracy for class mtx   is: 58.3 %
Accuracy for class nqx   is: 36.6 %
Accuracy for class qtx   is: 63.2 %
Accuracy for class zxx   is: 50.9 %

========== Train Epoch 26 ==========
Loss: 0.455	Accuracy: 50 %	Time 53 s
Accuracy for class bzx   is: 64.2 %
Accuracy for class cwx   is: 25.9 %
Accuracy for class hdx   is: 30.4 %
Accuracy for class mtx   is: 57.3 %
Accuracy for class nqx   is: 42.3 %
Accuracy for class qtx   is: 64.9 %
Accuracy for class zxx   is: 53.8 %

========== Train Epoch 27 ==========
Loss: 0.457	Accuracy: 49 %	Time 53 s
Accuracy for class bzx   is: 48.1 %
Accuracy for class cwx   is: 51.9 %
Accuracy for class hdx   is: 46.7 %
Accuracy for class mtx   is: 52.4 %
Accuracy for class nqx   is: 47.9 %
Accuracy for class qtx   is: 61.4 %
Accuracy for class zxx   is: 43.4 %

========== Train Epoch 28 ==========
Loss: 0.408	Accuracy: 52 %	Time 53 s
Accuracy for class bzx   is: 52.8 %
Accuracy for class cwx   is: 44.4 %
Accuracy for class hdx   is: 42.4 %
Accuracy for class mtx   is: 51.5 %
Accuracy for class nqx   is: 28.2 %
Accuracy for class qtx   is: 70.2 %
Accuracy for class zxx   is: 68.9 %

========== Train Epoch 29 ==========
Loss: 0.309	Accuracy: 50 %	Time 53 s
Accuracy for class bzx   is: 64.2 %
Accuracy for class cwx   is: 33.3 %
Accuracy for class hdx   is: 66.3 %
Accuracy for class mtx   is: 32.0 %
Accuracy for class nqx   is: 32.4 %
Accuracy for class qtx   is: 68.4 %
Accuracy for class zxx   is: 50.0 %

========== Train Epoch 30 ==========
Loss: 0.325	Accuracy: 50 %	Time 52 s
Accuracy for class bzx   is: 47.2 %
Accuracy for class cwx   is: 44.4 %
Accuracy for class hdx   is: 50.0 %
Accuracy for class mtx   is: 52.4 %
Accuracy for class nqx   is: 31.0 %
Accuracy for class qtx   is: 66.7 %
Accuracy for class zxx   is: 57.5 %

========== Train Epoch 31 ==========
Loss: 0.257	Accuracy: 51 %	Time 53 s
Accuracy for class bzx   is: 69.8 %
Accuracy for class cwx   is: 48.1 %
Accuracy for class hdx   is: 42.4 %
Accuracy for class mtx   is: 40.8 %
Accuracy for class nqx   is: 33.8 %
Accuracy for class qtx   is: 61.4 %
Accuracy for class zxx   is: 59.4 %

========== Train Epoch 32 ==========
Loss: 0.338	Accuracy: 53 %	Time 53 s
Accuracy for class bzx   is: 51.9 %
Accuracy for class cwx   is: 33.3 %
Accuracy for class hdx   is: 48.9 %
Accuracy for class mtx   is: 46.6 %
Accuracy for class nqx   is: 50.7 %
Accuracy for class qtx   is: 70.2 %
Accuracy for class zxx   is: 64.2 %

========== Train Epoch 33 ==========
Loss: 0.181	Accuracy: 54 %	Time 53 s
Accuracy for class bzx   is: 62.3 %
Accuracy for class cwx   is: 25.9 %
Accuracy for class hdx   is: 53.3 %
Accuracy for class mtx   is: 47.6 %
Accuracy for class nqx   is: 47.9 %
Accuracy for class qtx   is: 70.2 %
Accuracy for class zxx   is: 59.4 %

========== Train Epoch 34 ==========
Loss: 0.191	Accuracy: 53 %	Time 53 s
Accuracy for class bzx   is: 49.1 %
Accuracy for class cwx   is: 40.7 %
Accuracy for class hdx   is: 34.8 %
Accuracy for class mtx   is: 41.7 %
Accuracy for class nqx   is: 50.7 %
Accuracy for class qtx   is: 77.2 %
Accuracy for class zxx   is: 79.2 %

========== Train Epoch 35 ==========
Loss: 0.240	Accuracy: 53 %	Time 53 s
Accuracy for class bzx   is: 52.8 %
Accuracy for class cwx   is: 59.3 %
Accuracy for class hdx   is: 45.7 %
Accuracy for class mtx   is: 58.3 %
Accuracy for class nqx   is: 53.5 %
Accuracy for class qtx   is: 63.2 %
Accuracy for class zxx   is: 47.2 %

========== Train Epoch 36 ==========
Loss: 0.148	Accuracy: 53 %	Time 54 s
Accuracy for class bzx   is: 59.4 %
Accuracy for class cwx   is: 25.9 %
Accuracy for class hdx   is: 46.7 %
Accuracy for class mtx   is: 61.2 %
Accuracy for class nqx   is: 38.0 %
Accuracy for class qtx   is: 63.2 %
Accuracy for class zxx   is: 59.4 %

========== Train Epoch 37 ==========
Loss: 0.161	Accuracy: 53 %	Time 53 s
Accuracy for class bzx   is: 49.1 %
Accuracy for class cwx   is: 33.3 %
Accuracy for class hdx   is: 57.6 %
Accuracy for class mtx   is: 45.6 %
Accuracy for class nqx   is: 49.3 %
Accuracy for class qtx   is: 57.9 %
Accuracy for class zxx   is: 65.1 %

========== Train Epoch 38 ==========
Loss: 0.157	Accuracy: 52 %	Time 54 s
Accuracy for class bzx   is: 50.9 %
Accuracy for class cwx   is: 33.3 %
Accuracy for class hdx   is: 54.3 %
Accuracy for class mtx   is: 58.3 %
Accuracy for class nqx   is: 47.9 %
Accuracy for class qtx   is: 43.9 %
Accuracy for class zxx   is: 60.4 %

========== Train Epoch 39 ==========
Loss: 0.138	Accuracy: 52 %	Time 54 s
Accuracy for class bzx   is: 63.2 %
Accuracy for class cwx   is: 33.3 %
Accuracy for class hdx   is: 40.2 %
Accuracy for class mtx   is: 47.6 %
Accuracy for class nqx   is: 42.3 %
Accuracy for class qtx   is: 71.9 %
Accuracy for class zxx   is: 58.5 %

========== Train Epoch 40 ==========
Loss: 0.127	Accuracy: 53 %	Time 53 s
Accuracy for class bzx   is: 63.2 %
Accuracy for class cwx   is: 37.0 %
Accuracy for class hdx   is: 46.7 %
Accuracy for class mtx   is: 41.7 %
Accuracy for class nqx   is: 56.3 %
Accuracy for class qtx   is: 59.6 %
Accuracy for class zxx   is: 57.5 %

========== Train Epoch 41 ==========
Loss: 0.114	Accuracy: 53 %	Time 53 s
Accuracy for class bzx   is: 65.1 %
Accuracy for class cwx   is: 37.0 %
Accuracy for class hdx   is: 42.4 %
Accuracy for class mtx   is: 47.6 %
Accuracy for class nqx   is: 47.9 %
Accuracy for class qtx   is: 57.9 %
Accuracy for class zxx   is: 60.4 %

========== Train Epoch 42 ==========
Loss: 0.139	Accuracy: 52 %	Time 53 s
Accuracy for class bzx   is: 47.2 %
Accuracy for class cwx   is: 51.9 %
Accuracy for class hdx   is: 55.4 %
Accuracy for class mtx   is: 47.6 %
Accuracy for class nqx   is: 40.8 %
Accuracy for class qtx   is: 70.2 %
Accuracy for class zxx   is: 60.4 %

========== Train Epoch 43 ==========
Loss: 0.074	Accuracy: 56 %	Time 53 s
Accuracy for class bzx   is: 65.1 %
Accuracy for class cwx   is: 29.6 %
Accuracy for class hdx   is: 62.0 %
Accuracy for class mtx   is: 45.6 %
Accuracy for class nqx   is: 43.7 %
Accuracy for class qtx   is: 57.9 %
Accuracy for class zxx   is: 69.8 %

========== Train Epoch 44 ==========
Loss: 0.084	Accuracy: 51 %	Time 53 s
Accuracy for class bzx   is: 62.3 %
Accuracy for class cwx   is: 44.4 %
Accuracy for class hdx   is: 58.7 %
Accuracy for class mtx   is: 54.4 %
Accuracy for class nqx   is: 36.6 %
Accuracy for class qtx   is: 49.1 %
Accuracy for class zxx   is: 44.3 %

========== Train Epoch 45 ==========
Loss: 0.120	Accuracy: 51 %	Time 52 s
Accuracy for class bzx   is: 51.9 %
Accuracy for class cwx   is: 37.0 %
Accuracy for class hdx   is: 46.7 %
Accuracy for class mtx   is: 41.7 %
Accuracy for class nqx   is: 54.9 %
Accuracy for class qtx   is: 59.6 %
Accuracy for class zxx   is: 61.3 %

========== Train Epoch 46 ==========
Loss: 0.067	Accuracy: 53 %	Time 53 s
Accuracy for class bzx   is: 59.4 %
Accuracy for class cwx   is: 40.7 %
Accuracy for class hdx   is: 48.9 %
Accuracy for class mtx   is: 44.7 %
Accuracy for class nqx   is: 42.3 %
Accuracy for class qtx   is: 54.4 %
Accuracy for class zxx   is: 68.9 %

========== Train Epoch 47 ==========
Loss: 0.037	Accuracy: 58 %	Time 53 s
Accuracy for class bzx   is: 61.3 %
Accuracy for class cwx   is: 44.4 %
Accuracy for class hdx   is: 54.3 %
Accuracy for class mtx   is: 54.4 %
Accuracy for class nqx   is: 45.1 %
Accuracy for class qtx   is: 64.9 %
Accuracy for class zxx   is: 71.7 %

========== Train Epoch 48 ==========
Loss: 0.044	Accuracy: 54 %	Time 53 s
Accuracy for class bzx   is: 56.6 %
Accuracy for class cwx   is: 37.0 %
Accuracy for class hdx   is: 48.9 %
Accuracy for class mtx   is: 52.4 %
Accuracy for class nqx   is: 49.3 %
Accuracy for class qtx   is: 56.1 %
Accuracy for class zxx   is: 68.9 %

========== Train Epoch 49 ==========
Loss: 0.052	Accuracy: 53 %	Time 52 s
Accuracy for class bzx   is: 63.2 %
Accuracy for class cwx   is: 37.0 %
Accuracy for class hdx   is: 42.4 %
Accuracy for class mtx   is: 39.8 %
Accuracy for class nqx   is: 53.5 %
Accuracy for class qtx   is: 66.7 %
Accuracy for class zxx   is: 66.0 %

========== Train Epoch 50 ==========
Loss: 0.039	Accuracy: 53 %	Time 54 s
Accuracy for class bzx   is: 61.3 %
Accuracy for class cwx   is: 44.4 %
Accuracy for class hdx   is: 38.0 %
Accuracy for class mtx   is: 41.7 %
Accuracy for class nqx   is: 53.5 %
Accuracy for class qtx   is: 70.2 %
Accuracy for class zxx   is: 65.1 %

========== Train Epoch 51 ==========
Loss: 0.044	Accuracy: 53 %	Time 53 s
Accuracy for class bzx   is: 66.0 %
Accuracy for class cwx   is: 25.9 %
Accuracy for class hdx   is: 58.7 %
Accuracy for class mtx   is: 41.7 %
Accuracy for class nqx   is: 43.7 %
Accuracy for class qtx   is: 57.9 %
Accuracy for class zxx   is: 60.4 %

========== Train Epoch 52 ==========
Loss: 0.075	Accuracy: 54 %	Time 52 s
Accuracy for class bzx   is: 56.6 %
Accuracy for class cwx   is: 44.4 %
Accuracy for class hdx   is: 55.4 %
Accuracy for class mtx   is: 33.0 %
Accuracy for class nqx   is: 62.0 %
Accuracy for class qtx   is: 59.6 %
Accuracy for class zxx   is: 69.8 %

========== Train Epoch 53 ==========
Loss: 0.069	Accuracy: 54 %	Time 52 s
Accuracy for class bzx   is: 58.5 %
Accuracy for class cwx   is: 55.6 %
Accuracy for class hdx   is: 46.7 %
Accuracy for class mtx   is: 46.6 %
Accuracy for class nqx   is: 45.1 %
Accuracy for class qtx   is: 71.9 %
Accuracy for class zxx   is: 64.2 %

========== Train Epoch 54 ==========
Loss: 0.135	Accuracy: 51 %	Time 52 s
Accuracy for class bzx   is: 54.7 %
Accuracy for class cwx   is: 40.7 %
Accuracy for class hdx   is: 50.0 %
Accuracy for class mtx   is: 35.9 %
Accuracy for class nqx   is: 46.5 %
Accuracy for class qtx   is: 63.2 %
Accuracy for class zxx   is: 65.1 %

========== Train Epoch 55 ==========
Loss: 0.112	Accuracy: 54 %	Time 52 s
Accuracy for class bzx   is: 58.5 %
Accuracy for class cwx   is: 33.3 %
Accuracy for class hdx   is: 57.6 %
Accuracy for class mtx   is: 42.7 %
Accuracy for class nqx   is: 40.8 %
Accuracy for class qtx   is: 63.2 %
Accuracy for class zxx   is: 67.9 %

========== Train Epoch 56 ==========
Loss: 0.119	Accuracy: 55 %	Time 52 s
Accuracy for class bzx   is: 73.6 %
Accuracy for class cwx   is: 44.4 %
Accuracy for class hdx   is: 48.9 %
Accuracy for class mtx   is: 44.7 %
Accuracy for class nqx   is: 35.2 %
Accuracy for class qtx   is: 64.9 %
Accuracy for class zxx   is: 63.2 %

========== Train Epoch 57 ==========
Loss: 0.094	Accuracy: 52 %	Time 51 s
Accuracy for class bzx   is: 63.2 %
Accuracy for class cwx   is: 29.6 %
Accuracy for class hdx   is: 58.7 %
Accuracy for class mtx   is: 39.8 %
Accuracy for class nqx   is: 43.7 %
Accuracy for class qtx   is: 50.9 %
Accuracy for class zxx   is: 63.2 %

========== Train Epoch 58 ==========
Loss: 0.075	Accuracy: 53 %	Time 52 s
Accuracy for class bzx   is: 71.7 %
Accuracy for class cwx   is: 40.7 %
Accuracy for class hdx   is: 52.2 %
Accuracy for class mtx   is: 41.7 %
Accuracy for class nqx   is: 23.9 %
Accuracy for class qtx   is: 61.4 %
Accuracy for class zxx   is: 67.9 %

========== Train Epoch 59 ==========
Loss: 0.071	Accuracy: 53 %	Time 51 s
Accuracy for class bzx   is: 50.9 %
Accuracy for class cwx   is: 37.0 %
Accuracy for class hdx   is: 55.4 %
Accuracy for class mtx   is: 46.6 %
Accuracy for class nqx   is: 49.3 %
Accuracy for class qtx   is: 63.2 %
Accuracy for class zxx   is: 65.1 %

========== Train Epoch 60 ==========
Loss: 0.038	Accuracy: 55 %	Time 51 s
Accuracy for class bzx   is: 62.3 %
Accuracy for class cwx   is: 29.6 %
Accuracy for class hdx   is: 48.9 %
Accuracy for class mtx   is: 46.6 %
Accuracy for class nqx   is: 59.2 %
Accuracy for class qtx   is: 70.2 %
Accuracy for class zxx   is: 57.5 %

========== Train Epoch 61 ==========
Loss: 0.039	Accuracy: 52 %	Time 52 s
Accuracy for class bzx   is: 46.2 %
Accuracy for class cwx   is: 25.9 %
Accuracy for class hdx   is: 52.2 %
Accuracy for class mtx   is: 43.7 %
Accuracy for class nqx   is: 60.6 %
Accuracy for class qtx   is: 52.6 %
Accuracy for class zxx   is: 69.8 %

========== Train Epoch 62 ==========
Loss: 0.067	Accuracy: 53 %	Time 51 s
Accuracy for class bzx   is: 59.4 %
Accuracy for class cwx   is: 25.9 %
Accuracy for class hdx   is: 41.3 %
Accuracy for class mtx   is: 41.7 %
Accuracy for class nqx   is: 60.6 %
Accuracy for class qtx   is: 68.4 %
Accuracy for class zxx   is: 65.1 %

========== Train Epoch 63 ==========
Loss: 0.106	Accuracy: 53 %	Time 52 s
Accuracy for class bzx   is: 54.7 %
Accuracy for class cwx   is: 33.3 %
Accuracy for class hdx   is: 48.9 %
Accuracy for class mtx   is: 56.3 %
Accuracy for class nqx   is: 39.4 %
Accuracy for class qtx   is: 68.4 %
Accuracy for class zxx   is: 61.3 %

========== Train Epoch 64 ==========
Loss: 0.061	Accuracy: 54 %	Time 52 s
Accuracy for class bzx   is: 55.7 %
Accuracy for class cwx   is: 37.0 %
Accuracy for class hdx   is: 50.0 %
Accuracy for class mtx   is: 55.3 %
Accuracy for class nqx   is: 52.1 %
Accuracy for class qtx   is: 54.4 %
Accuracy for class zxx   is: 62.3 %
Finished training!!!

Min loss = 0.845 in epoch 46, max Accuracy = 58.36% in epoch 46

ResNet(
  (conv1): Conv2d(3, 64, kernel_size=(7, 7), stride=(2, 2), padding=(3, 3), bias=False)
  (bn1): BatchNorm2d(64, eps=1e-05, momentum=0.1, affine=True, track_running_stats=True)
  (relu): ReLU(inplace=True)
  (maxpool): MaxPool2d(kernel_size=3, stride=2, padding=1, dilation=1, ceil_mode=False)
  (layer1): Sequential(
    (0): Bottleneck(
      (conv1): Conv2d(64, 64, kernel_size=(1, 1), stride=(1, 1), bias=False)
      (bn1): BatchNorm2d(64, eps=1e-05, momentum=0.1, affine=True, track_running_stats=True)
      (conv2): Conv2d(64, 64, kernel_size=(3, 3), stride=(1, 1), padding=(1, 1), bias=False)
      (bn2): BatchNorm2d(64, eps=1e-05, momentum=0.1, affine=True, track_running_stats=True)
      (conv3): Conv2d(64, 256, kernel_size=(1, 1), stride=(1, 1), bias=False)
      (bn3): BatchNorm2d(256, eps=1e-05, momentum=0.1, affine=True, track_running_stats=True)
      (relu): ReLU(inplace=True)
      (downsample): Sequential(
        (0): Conv2d(64, 256, kernel_size=(1, 1), stride=(1, 1), bias=False)
        (1): BatchNorm2d(256, eps=1e-05, momentum=0.1, affine=True, track_running_stats=True)
      )
    )
    (1): Bottleneck(
      (conv1): Conv2d(256, 64, kernel_size=(1, 1), stride=(1, 1), bias=False)
      (bn1): BatchNorm2d(64, eps=1e-05, momentum=0.1, affine=True, track_running_stats=True)
      (conv2): Conv2d(64, 64, kernel_size=(3, 3), stride=(1, 1), padding=(1, 1), bias=False)
      (bn2): BatchNorm2d(64, eps=1e-05, momentum=0.1, affine=True, track_running_stats=True)
      (conv3): Conv2d(64, 256, kernel_size=(1, 1), stride=(1, 1), bias=False)
      (bn3): BatchNorm2d(256, eps=1e-05, momentum=0.1, affine=True, track_running_stats=True)
      (relu): ReLU(inplace=True)
    )
    (2): Bottleneck(
      (conv1): Conv2d(256, 64, kernel_size=(1, 1), stride=(1, 1), bias=False)
      (bn1): BatchNorm2d(64, eps=1e-05, momentum=0.1, affine=True, track_running_stats=True)
      (conv2): Conv2d(64, 64, kernel_size=(3, 3), stride=(1, 1), padding=(1, 1), bias=False)
      (bn2): BatchNorm2d(64, eps=1e-05, momentum=0.1, affine=True, track_running_stats=True)
      (conv3): Conv2d(64, 256, kernel_size=(1, 1), stride=(1, 1), bias=False)
      (bn3): BatchNorm2d(256, eps=1e-05, momentum=0.1, affine=True, track_running_stats=True)
      (relu): ReLU(inplace=True)
    )
  )
  (layer2): Sequential(
    (0): Bottleneck(
      (conv1): Conv2d(256, 128, kernel_size=(1, 1), stride=(1, 1), bias=False)
      (bn1): BatchNorm2d(128, eps=1e-05, momentum=0.1, affine=True, track_running_stats=True)
      (conv2): Conv2d(128, 128, kernel_size=(3, 3), stride=(2, 2), padding=(1, 1), bias=False)
      (bn2): BatchNorm2d(128, eps=1e-05, momentum=0.1, affine=True, track_running_stats=True)
      (conv3): Conv2d(128, 512, kernel_size=(1, 1), stride=(1, 1), bias=False)
      (bn3): BatchNorm2d(512, eps=1e-05, momentum=0.1, affine=True, track_running_stats=True)
      (relu): ReLU(inplace=True)
      (downsample): Sequential(
        (0): Conv2d(256, 512, kernel_size=(1, 1), stride=(2, 2), bias=False)
        (1): BatchNorm2d(512, eps=1e-05, momentum=0.1, affine=True, track_running_stats=True)
      )
    )
    (1): Bottleneck(
      (conv1): Conv2d(512, 128, kernel_size=(1, 1), stride=(1, 1), bias=False)
      (bn1): BatchNorm2d(128, eps=1e-05, momentum=0.1, affine=True, track_running_stats=True)
      (conv2): Conv2d(128, 128, kernel_size=(3, 3), stride=(1, 1), padding=(1, 1), bias=False)
      (bn2): BatchNorm2d(128, eps=1e-05, momentum=0.1, affine=True, track_running_stats=True)
      (conv3): Conv2d(128, 512, kernel_size=(1, 1), stride=(1, 1), bias=False)
      (bn3): BatchNorm2d(512, eps=1e-05, momentum=0.1, affine=True, track_running_stats=True)
      (relu): ReLU(inplace=True)
    )
    (2): Bottleneck(
      (conv1): Conv2d(512, 128, kernel_size=(1, 1), stride=(1, 1), bias=False)
      (bn1): BatchNorm2d(128, eps=1e-05, momentum=0.1, affine=True, track_running_stats=True)
      (conv2): Conv2d(128, 128, kernel_size=(3, 3), stride=(1, 1), padding=(1, 1), bias=False)
      (bn2): BatchNorm2d(128, eps=1e-05, momentum=0.1, affine=True, track_running_stats=True)
      (conv3): Conv2d(128, 512, kernel_size=(1, 1), stride=(1, 1), bias=False)
      (bn3): BatchNorm2d(512, eps=1e-05, momentum=0.1, affine=True, track_running_stats=True)
      (relu): ReLU(inplace=True)
    )
    (3): Bottleneck(
      (conv1): Conv2d(512, 128, kernel_size=(1, 1), stride=(1, 1), bias=False)
      (bn1): BatchNorm2d(128, eps=1e-05, momentum=0.1, affine=True, track_running_stats=True)
      (conv2): Conv2d(128, 128, kernel_size=(3, 3), stride=(1, 1), padding=(1, 1), bias=False)
      (bn2): BatchNorm2d(128, eps=1e-05, momentum=0.1, affine=True, track_running_stats=True)
      (conv3): Conv2d(128, 512, kernel_size=(1, 1), stride=(1, 1), bias=False)
      (bn3): BatchNorm2d(512, eps=1e-05, momentum=0.1, affine=True, track_running_stats=True)
      (relu): ReLU(inplace=True)
    )
  )
  (layer3): Sequential(
    (0): Bottleneck(
      (conv1): Conv2d(512, 256, kernel_size=(1, 1), stride=(1, 1), bias=False)
      (bn1): BatchNorm2d(256, eps=1e-05, momentum=0.1, affine=True, track_running_stats=True)
      (conv2): Conv2d(256, 256, kernel_size=(3, 3), stride=(2, 2), padding=(1, 1), bias=False)
      (bn2): BatchNorm2d(256, eps=1e-05, momentum=0.1, affine=True, track_running_stats=True)
      (conv3): Conv2d(256, 1024, kernel_size=(1, 1), stride=(1, 1), bias=False)
      (bn3): BatchNorm2d(1024, eps=1e-05, momentum=0.1, affine=True, track_running_stats=True)
      (relu): ReLU(inplace=True)
      (downsample): Sequential(
        (0): Conv2d(512, 1024, kernel_size=(1, 1), stride=(2, 2), bias=False)
        (1): BatchNorm2d(1024, eps=1e-05, momentum=0.1, affine=True, track_running_stats=True)
      )
    )
    (1): Bottleneck(
      (conv1): Conv2d(1024, 256, kernel_size=(1, 1), stride=(1, 1), bias=False)
      (bn1): BatchNorm2d(256, eps=1e-05, momentum=0.1, affine=True, track_running_stats=True)
      (conv2): Conv2d(256, 256, kernel_size=(3, 3), stride=(1, 1), padding=(1, 1), bias=False)
      (bn2): BatchNorm2d(256, eps=1e-05, momentum=0.1, affine=True, track_running_stats=True)
      (conv3): Conv2d(256, 1024, kernel_size=(1, 1), stride=(1, 1), bias=False)
      (bn3): BatchNorm2d(1024, eps=1e-05, momentum=0.1, affine=True, track_running_stats=True)
      (relu): ReLU(inplace=True)
    )
    (2): Bottleneck(
      (conv1): Conv2d(1024, 256, kernel_size=(1, 1), stride=(1, 1), bias=False)
      (bn1): BatchNorm2d(256, eps=1e-05, momentum=0.1, affine=True, track_running_stats=True)
      (conv2): Conv2d(256, 256, kernel_size=(3, 3), stride=(1, 1), padding=(1, 1), bias=False)
      (bn2): BatchNorm2d(256, eps=1e-05, momentum=0.1, affine=True, track_running_stats=True)
      (conv3): Conv2d(256, 1024, kernel_size=(1, 1), stride=(1, 1), bias=False)
      (bn3): BatchNorm2d(1024, eps=1e-05, momentum=0.1, affine=True, track_running_stats=True)
      (relu): ReLU(inplace=True)
    )
    (3): Bottleneck(
      (conv1): Conv2d(1024, 256, kernel_size=(1, 1), stride=(1, 1), bias=False)
      (bn1): BatchNorm2d(256, eps=1e-05, momentum=0.1, affine=True, track_running_stats=True)
      (conv2): Conv2d(256, 256, kernel_size=(3, 3), stride=(1, 1), padding=(1, 1), bias=False)
      (bn2): BatchNorm2d(256, eps=1e-05, momentum=0.1, affine=True, track_running_stats=True)
      (conv3): Conv2d(256, 1024, kernel_size=(1, 1), stride=(1, 1), bias=False)
      (bn3): BatchNorm2d(1024, eps=1e-05, momentum=0.1, affine=True, track_running_stats=True)
      (relu): ReLU(inplace=True)
    )
    (4): Bottleneck(
      (conv1): Conv2d(1024, 256, kernel_size=(1, 1), stride=(1, 1), bias=False)
      (bn1): BatchNorm2d(256, eps=1e-05, momentum=0.1, affine=True, track_running_stats=True)
      (conv2): Conv2d(256, 256, kernel_size=(3, 3), stride=(1, 1), padding=(1, 1), bias=False)
      (bn2): BatchNorm2d(256, eps=1e-05, momentum=0.1, affine=True, track_running_stats=True)
      (conv3): Conv2d(256, 1024, kernel_size=(1, 1), stride=(1, 1), bias=False)
      (bn3): BatchNorm2d(1024, eps=1e-05, momentum=0.1, affine=True, track_running_stats=True)
      (relu): ReLU(inplace=True)
    )
    (5): Bottleneck(
      (conv1): Conv2d(1024, 256, kernel_size=(1, 1), stride=(1, 1), bias=False)
      (bn1): BatchNorm2d(256, eps=1e-05, momentum=0.1, affine=True, track_running_stats=True)
      (conv2): Conv2d(256, 256, kernel_size=(3, 3), stride=(1, 1), padding=(1, 1), bias=False)
      (bn2): BatchNorm2d(256, eps=1e-05, momentum=0.1, affine=True, track_running_stats=True)
      (conv3): Conv2d(256, 1024, kernel_size=(1, 1), stride=(1, 1), bias=False)
      (bn3): BatchNorm2d(1024, eps=1e-05, momentum=0.1, affine=True, track_running_stats=True)
      (relu): ReLU(inplace=True)
    )
  )
  (layer4): Sequential(
    (0): Bottleneck(
      (conv1): Conv2d(1024, 512, kernel_size=(1, 1), stride=(1, 1), bias=False)
      (bn1): BatchNorm2d(512, eps=1e-05, momentum=0.1, affine=True, track_running_stats=True)
      (conv2): Conv2d(512, 512, kernel_size=(3, 3), stride=(2, 2), padding=(1, 1), bias=False)
      (bn2): BatchNorm2d(512, eps=1e-05, momentum=0.1, affine=True, track_running_stats=True)
      (conv3): Conv2d(512, 2048, kernel_size=(1, 1), stride=(1, 1), bias=False)
      (bn3): BatchNorm2d(2048, eps=1e-05, momentum=0.1, affine=True, track_running_stats=True)
      (relu): ReLU(inplace=True)
      (downsample): Sequential(
        (0): Conv2d(1024, 2048, kernel_size=(1, 1), stride=(2, 2), bias=False)
        (1): BatchNorm2d(2048, eps=1e-05, momentum=0.1, affine=True, track_running_stats=True)
      )
    )
    (1): Bottleneck(
      (conv1): Conv2d(2048, 512, kernel_size=(1, 1), stride=(1, 1), bias=False)
      (bn1): BatchNorm2d(512, eps=1e-05, momentum=0.1, affine=True, track_running_stats=True)
      (conv2): Conv2d(512, 512, kernel_size=(3, 3), stride=(1, 1), padding=(1, 1), bias=False)
      (bn2): BatchNorm2d(512, eps=1e-05, momentum=0.1, affine=True, track_running_stats=True)
      (conv3): Conv2d(512, 2048, kernel_size=(1, 1), stride=(1, 1), bias=False)
      (bn3): BatchNorm2d(2048, eps=1e-05, momentum=0.1, affine=True, track_running_stats=True)
      (relu): ReLU(inplace=True)
    )
    (2): Bottleneck(
      (conv1): Conv2d(2048, 512, kernel_size=(1, 1), stride=(1, 1), bias=False)
      (bn1): BatchNorm2d(512, eps=1e-05, momentum=0.1, affine=True, track_running_stats=True)
      (conv2): Conv2d(512, 512, kernel_size=(3, 3), stride=(1, 1), padding=(1, 1), bias=False)
      (bn2): BatchNorm2d(512, eps=1e-05, momentum=0.1, affine=True, track_running_stats=True)
      (conv3): Conv2d(512, 2048, kernel_size=(1, 1), stride=(1, 1), bias=False)
      (bn3): BatchNorm2d(2048, eps=1e-05, momentum=0.1, affine=True, track_running_stats=True)
      (relu): ReLU(inplace=True)
    )
  )
  (avgpool): AdaptiveAvgPool2d(output_size=(1, 1))
  (fc): Linear(in_features=2048, out_features=7, bias=True)
)

batch_size = 100
epochs = 64
loss_function = CrossEntropyLoss()
optimizer = Adam (
Parameter Group 0
    amsgrad: False
    betas: (0.9, 0.999)
    eps: 1e-08
    lr: 0.001
    weight_decay: 0
)
