dataset_path: /home/djy/dataset/dataset2
pretrained : True 
parallel: True

parallel segment dataset : /home/djy/dataset/ycrcb_hsv_dataset2
net: resnet.resnet18
msg: 
using model: ResNet, resnet18
using device cuda:0
batch_size = 20
epochs = 128
loss_function = CrossEntropyLoss()
optimizer = Adam (
Parameter Group 0
    amsgrad: False
    betas: (0.9, 0.999)
    eps: 1e-08
    lr: 0.001
    weight_decay: 0
)


========== Train Epoch 1 ==========
Loss: 1.728	Accuracy: 19.46%	Cost 29s
              precision    recall  f1-score   support

         bzx     0.1902    1.0000    0.3196        31
         cwx     0.2857    0.0800    0.1250        25
         hdx     0.0000    0.0000    0.0000        17
         mtx     0.0000    0.0000    0.0000        18
         nqx     0.0000    0.0000    0.0000        24
         qtx     0.0000    0.0000    0.0000        29
         zxx     1.0000    0.0732    0.1364        41

    accuracy                         0.1946       185
   macro avg     0.2108    0.1647    0.0830       185
weighted avg     0.2921    0.1946    0.1007       185

micro f-score: 0.1945945945945946

========== Train Epoch 2 ==========
Loss: 1.141	Accuracy: 29.19%	Cost 29s
              precision    recall  f1-score   support

         bzx     0.2205    0.9032    0.3544        31
         cwx     0.3404    0.6400    0.4444        25
         hdx     1.0000    0.0588    0.1111        17
         mtx     0.5000    0.0556    0.1000        18
         nqx     1.0000    0.0833    0.1538        24
         qtx     0.0000    0.0000    0.0000        29
         zxx     1.0000    0.1463    0.2553        41

    accuracy                         0.2919       185
   macro avg     0.5801    0.2696    0.2027       185
weighted avg     0.5748    0.2919    0.2159       185

micro f-score: 0.2918918918918919

========== Train Epoch 3 ==========
Loss: 0.868	Accuracy: 47.03%	Cost 28s
              precision    recall  f1-score   support

         bzx     0.4615    0.3871    0.4211        31
         cwx     0.3056    0.8800    0.4536        25
         hdx     0.3158    0.3529    0.3333        17
         mtx     0.5000    0.1111    0.1818        18
         nqx     0.0000    0.0000    0.0000        24
         qtx     0.5714    0.5517    0.5614        29
         zxx     0.8056    0.7073    0.7532        41

    accuracy                         0.4703       185
   macro avg     0.4228    0.4272    0.3864       185
weighted avg     0.4644    0.4703    0.4351       185

micro f-score: 0.4702702702702703

========== Train Epoch 4 ==========
Loss: 0.673	Accuracy: 30.81%	Cost 30s
              precision    recall  f1-score   support

         bzx     0.0000    0.0000    0.0000        31
         cwx     0.2951    0.7200    0.4186        25
         hdx     0.3158    0.3529    0.3333        17
         mtx     0.2105    0.8889    0.3404        18
         nqx     1.0000    0.0833    0.1538        24
         qtx     0.4375    0.2414    0.3111        29
         zxx     0.7273    0.1951    0.3077        41

    accuracy                         0.3081       185
   macro avg     0.4266    0.3545    0.2664       185
weighted avg     0.4489    0.3081    0.2572       185

micro f-score: 0.3081081081081081

========== Train Epoch 5 ==========
Loss: 0.515	Accuracy: 47.03%	Cost 29s
              precision    recall  f1-score   support

         bzx     0.4030    0.8710    0.5510        31
         cwx     0.4103    0.6400    0.5000        25
         hdx     0.3571    0.2941    0.3226        17
         mtx     0.4286    0.8333    0.5660        18
         nqx     0.5000    0.1250    0.2000        24
         qtx     0.8889    0.2759    0.4211        29
         zxx     0.8667    0.3171    0.4643        41

    accuracy                         0.4703       185
   macro avg     0.5506    0.4795    0.4321       185
weighted avg     0.5938    0.4703    0.4395       185

micro f-score: 0.4702702702702703

========== Train Epoch 6 ==========
Loss: 0.438	Accuracy: 66.49%	Cost 29s
              precision    recall  f1-score   support

         bzx     0.5897    0.7419    0.6571        31
         cwx     0.4865    0.7200    0.5806        25
         hdx     0.5385    0.4118    0.4667        17
         mtx     1.0000    0.4444    0.6154        18
         nqx     0.6400    0.6667    0.6531        24
         qtx     0.6786    0.6552    0.6667        29
         zxx     0.9143    0.7805    0.8421        41

    accuracy                         0.6649       185
   macro avg     0.6925    0.6315    0.6402       185
weighted avg     0.7034    0.6649    0.6672       185

micro f-score: 0.6648648648648648

========== Train Epoch 7 ==========
Loss: 0.249	Accuracy: 50.27%	Cost 28s
              precision    recall  f1-score   support

         bzx     0.5385    0.2258    0.3182        31
         cwx     0.7143    0.4000    0.5128        25
         hdx     0.8750    0.4118    0.5600        17
         mtx     0.2388    0.8889    0.3765        18
         nqx     0.5238    0.9167    0.6667        24
         qtx     0.9375    0.5172    0.6667        29
         zxx     0.6400    0.3902    0.4848        41

    accuracy                         0.5027       185
   macro avg     0.6383    0.5358    0.5122       185
weighted avg     0.6471    0.5027    0.5091       185

micro f-score: 0.5027027027027027

========== Train Epoch 8 ==========
Loss: 0.201	Accuracy: 60.00%	Cost 30s
              precision    recall  f1-score   support

         bzx     0.6957    0.5161    0.5926        31
         cwx     0.5429    0.7600    0.6333        25
         hdx     0.3548    0.6471    0.4583        17
         mtx     0.7778    0.3889    0.5185        18
         nqx     1.0000    0.2500    0.4000        24
         qtx     0.6923    0.6207    0.6545        29
         zxx     0.6182    0.8293    0.7083        41

    accuracy                         0.6000       185
   macro avg     0.6688    0.5731    0.5665       185
weighted avg     0.6735    0.6000    0.5889       185

micro f-score: 0.6

========== Train Epoch 9 ==========
Loss: 0.148	Accuracy: 60.00%	Cost 29s
              precision    recall  f1-score   support

         bzx     0.6522    0.4839    0.5556        31
         cwx     0.5909    0.5200    0.5532        25
         hdx     0.5789    0.6471    0.6111        17
         mtx     1.0000    0.2222    0.3636        18
         nqx     0.8889    0.3333    0.4848        24
         qtx     0.5714    0.8276    0.6761        29
         zxx     0.5455    0.8780    0.6729        41

    accuracy                         0.6000       185
   macro avg     0.6897    0.5589    0.5596       185
weighted avg     0.6654    0.6000    0.5774       185

micro f-score: 0.6

========== Train Epoch 10 ==========
Loss: 0.157	Accuracy: 68.11%	Cost 30s
              precision    recall  f1-score   support

         bzx     0.8500    0.5484    0.6667        31
         cwx     0.4098    1.0000    0.5814        25
         hdx     0.6000    0.3529    0.4444        17
         mtx     1.0000    0.3333    0.5000        18
         nqx     0.8421    0.6667    0.7442        24
         qtx     0.7778    0.7241    0.7500        29
         zxx     0.8333    0.8537    0.8434        41

    accuracy                         0.6811       185
   macro avg     0.7590    0.6399    0.6472       185
weighted avg     0.7661    0.6811    0.6808       185

micro f-score: 0.6810810810810811

========== Train Epoch 11 ==========
Loss: 0.167	Accuracy: 61.62%	Cost 29s
              precision    recall  f1-score   support

         bzx     0.6552    0.6129    0.6333        31
         cwx     0.3676    1.0000    0.5376        25
         hdx     0.8000    0.2353    0.3636        17
         mtx     0.5217    0.6667    0.5854        18
         nqx     0.9286    0.5417    0.6842        24
         qtx     0.9091    0.3448    0.5000        29
         zxx     0.8857    0.7561    0.8158        41

    accuracy                         0.6162       185
   macro avg     0.7240    0.5939    0.5886       185
weighted avg     0.7430    0.6162    0.6171       185

micro f-score: 0.6162162162162163

========== Train Epoch 12 ==========
Loss: 0.112	Accuracy: 60.00%	Cost 28s
              precision    recall  f1-score   support

         bzx     0.7083    0.5484    0.6182        31
         cwx     0.5000    0.7600    0.6032        25
         hdx     1.0000    0.1765    0.3000        17
         mtx     1.0000    0.2778    0.4348        18
         nqx     1.0000    0.5000    0.6667        24
         qtx     0.4118    0.9655    0.5773        29
         zxx     0.7714    0.6585    0.7105        41

    accuracy                         0.6000       185
   macro avg     0.7702    0.5552    0.5587       185
weighted avg     0.7407    0.6000    0.5894       185

micro f-score: 0.6

========== Train Epoch 13 ==========
Loss: 0.113	Accuracy: 56.76%	Cost 28s
              precision    recall  f1-score   support

         bzx     0.7391    0.5484    0.6296        31
         cwx     0.6154    0.3200    0.4211        25
         hdx     0.2500    0.0588    0.0952        17
         mtx     0.8000    0.6667    0.7273        18
         nqx     1.0000    0.3333    0.5000        24
         qtx     0.3214    0.9310    0.4779        29
         zxx     0.8421    0.7805    0.8101        41

    accuracy                         0.5676       185
   macro avg     0.6526    0.5198    0.5230       185
weighted avg     0.6746    0.5676    0.5612       185

micro f-score: 0.5675675675675675

========== Train Epoch 14 ==========
Loss: 0.114	Accuracy: 67.03%	Cost 30s
              precision    recall  f1-score   support

         bzx     0.8235    0.4516    0.5833        31
         cwx     0.5500    0.4400    0.4889        25
         hdx     0.4444    0.4706    0.4571        17
         mtx     0.5833    0.7778    0.6667        18
         nqx     0.5294    0.7500    0.6207        24
         qtx     0.7500    0.8276    0.7869        29
         zxx     0.8750    0.8537    0.8642        41

    accuracy                         0.6703       185
   macro avg     0.6508    0.6530    0.6383       185
weighted avg     0.6901    0.6703    0.6661       185

micro f-score: 0.6702702702702703

========== Train Epoch 15 ==========
Loss: 0.125	Accuracy: 61.62%	Cost 29s
              precision    recall  f1-score   support

         bzx     0.3929    0.7097    0.5057        31
         cwx     0.9000    0.3600    0.5143        25
         hdx     0.6000    0.1765    0.2727        17
         mtx     0.5556    0.5556    0.5556        18
         nqx     0.7143    0.6250    0.6667        24
         qtx     0.7097    0.7586    0.7333        29
         zxx     0.7500    0.8049    0.7765        41

    accuracy                         0.6162       185
   macro avg     0.6603    0.5700    0.5750       185
weighted avg     0.6668    0.6162    0.6069       185

micro f-score: 0.6162162162162163

========== Train Epoch 16 ==========
Loss: 0.127	Accuracy: 68.11%	Cost 29s
              precision    recall  f1-score   support

         bzx     0.4872    0.6129    0.5429        31
         cwx     0.6667    0.6400    0.6531        25
         hdx     0.5000    0.4118    0.4516        17
         mtx     1.0000    0.5556    0.7143        18
         nqx     0.7000    0.8750    0.7778        24
         qtx     0.7097    0.7586    0.7333        29
         zxx     0.8378    0.7561    0.7949        41

    accuracy                         0.6811       185
   macro avg     0.7002    0.6586    0.6668       185
weighted avg     0.7027    0.6811    0.6822       185

micro f-score: 0.6810810810810811

========== Train Epoch 17 ==========
Loss: 0.117	Accuracy: 71.35%	Cost 28s
              precision    recall  f1-score   support

         bzx     0.6129    0.6129    0.6129        31
         cwx     0.6098    1.0000    0.7576        25
         hdx     0.7143    0.5882    0.6452        17
         mtx     0.8571    0.6667    0.7500        18
         nqx     0.7647    0.5417    0.6341        24
         qtx     0.7241    0.7241    0.7241        29
         zxx     0.8205    0.7805    0.8000        41

    accuracy                         0.7135       185
   macro avg     0.7291    0.7020    0.7034       185
weighted avg     0.7287    0.7135    0.7104       185

micro f-score: 0.7135135135135136

========== Train Epoch 18 ==========
Loss: 0.087	Accuracy: 64.86%	Cost 27s
              precision    recall  f1-score   support

         bzx     0.6364    0.4516    0.5283        31
         cwx     0.5349    0.9200    0.6765        25
         hdx     0.7500    0.1765    0.2857        17
         mtx     0.8182    0.5000    0.6207        18
         nqx     0.6957    0.6667    0.6809        24
         qtx     0.8077    0.7241    0.7636        29
         zxx     0.6071    0.8293    0.7010        41

    accuracy                         0.6486       185
   macro avg     0.6928    0.6097    0.6081       185
weighted avg     0.6789    0.6486    0.6300       185

micro f-score: 0.6486486486486487

========== Train Epoch 19 ==========
Loss: 0.146	Accuracy: 57.84%	Cost 28s
              precision    recall  f1-score   support

         bzx     0.7500    0.3871    0.5106        31
         cwx     0.8800    0.8800    0.8800        25
         hdx     0.4091    0.5294    0.4615        17
         mtx     0.2742    0.9444    0.4250        18
         nqx     1.0000    0.1667    0.2857        24
         qtx     0.7647    0.4483    0.5652        29
         zxx     0.7692    0.7317    0.7500        41

    accuracy                         0.5784       185
   macro avg     0.6925    0.5839    0.5540       185
weighted avg     0.7289    0.5784    0.5801       185

micro f-score: 0.5783783783783784

========== Train Epoch 20 ==========
Loss: 0.114	Accuracy: 54.59%	Cost 29s
              precision    recall  f1-score   support

         bzx     0.6087    0.4516    0.5185        31
         cwx     0.4545    0.2000    0.2778        25
         hdx     0.4286    0.3529    0.3871        17
         mtx     0.5385    0.3889    0.4516        18
         nqx     0.5909    0.5417    0.5652        24
         qtx     0.4500    0.9310    0.6067        29
         zxx     0.6905    0.7073    0.6988        41

    accuracy                         0.5459       185
   macro avg     0.5374    0.5105    0.5008       185
weighted avg     0.5554    0.5459    0.5272       185

micro f-score: 0.5459459459459459

========== Train Epoch 21 ==========
Loss: 0.202	Accuracy: 66.49%	Cost 30s
              precision    recall  f1-score   support

         bzx     0.7083    0.5484    0.6182        31
         cwx     0.5455    0.9600    0.6957        25
         hdx     0.5714    0.2353    0.3333        17
         mtx     0.8750    0.3889    0.5385        18
         nqx     0.6296    0.7083    0.6667        24
         qtx     0.7917    0.6552    0.7170        29
         zxx     0.6863    0.8537    0.7609        41

    accuracy                         0.6649       185
   macro avg     0.6868    0.6214    0.6186       185
weighted avg     0.6879    0.6649    0.6481       185

micro f-score: 0.6648648648648648

========== Train Epoch 22 ==========
Loss: 0.070	Accuracy: 72.43%	Cost 29s
              precision    recall  f1-score   support

         bzx     0.6176    0.6774    0.6462        31
         cwx     0.6970    0.9200    0.7931        25
         hdx     0.7000    0.4118    0.5185        17
         mtx     0.6875    0.6111    0.6471        18
         nqx     0.9286    0.5417    0.6842        24
         qtx     0.7931    0.7931    0.7931        29
         zxx     0.7347    0.8780    0.8000        41

    accuracy                         0.7243       185
   macro avg     0.7369    0.6904    0.6974       185
weighted avg     0.7365    0.7243    0.7164       185

micro f-score: 0.7243243243243244

========== Train Epoch 23 ==========
Loss: 0.035	Accuracy: 70.27%	Cost 27s
              precision    recall  f1-score   support

         bzx     0.7037    0.6129    0.6552        31
         cwx     0.8182    0.7200    0.7660        25
         hdx     0.6111    0.6471    0.6286        17
         mtx     0.8462    0.6111    0.7097        18
         nqx     1.0000    0.5417    0.7027        24
         qtx     0.5814    0.8621    0.6944        29
         zxx     0.6735    0.8049    0.7333        41

    accuracy                         0.7027       185
   macro avg     0.7477    0.6857    0.6986       185
weighted avg     0.7371    0.7027    0.7026       185

micro f-score: 0.7027027027027027

========== Train Epoch 24 ==========
Loss: 0.043	Accuracy: 75.14%	Cost 28s
              precision    recall  f1-score   support

         bzx     0.7500    0.4839    0.5882        31
         cwx     0.6250    1.0000    0.7692        25
         hdx     0.8000    0.4706    0.5926        17
         mtx     1.0000    0.5556    0.7143        18
         nqx     0.9545    0.8750    0.9130        24
         qtx     0.6944    0.8621    0.7692        29
         zxx     0.7447    0.8537    0.7955        41

    accuracy                         0.7514       185
   macro avg     0.7955    0.7287    0.7346       185
weighted avg     0.7787    0.7514    0.7418       185

micro f-score: 0.7513513513513513

========== Train Epoch 25 ==========
Loss: 0.019	Accuracy: 78.38%	Cost 30s
              precision    recall  f1-score   support

         bzx     0.7600    0.6129    0.6786        31
         cwx     0.8750    0.8400    0.8571        25
         hdx     0.7647    0.7647    0.7647        17
         mtx     0.8125    0.7222    0.7647        18
         nqx     0.8400    0.8750    0.8571        24
         qtx     0.6857    0.8276    0.7500        29
         zxx     0.7907    0.8293    0.8095        41

    accuracy                         0.7838       185
   macro avg     0.7898    0.7817    0.7831       185
weighted avg     0.7866    0.7838    0.7824       185

micro f-score: 0.7837837837837838

========== Train Epoch 26 ==========
Loss: 0.015	Accuracy: 78.38%	Cost 28s
              precision    recall  f1-score   support

         bzx     0.6562    0.6774    0.6667        31
         cwx     0.7500    0.9600    0.8421        25
         hdx     0.8333    0.5882    0.6897        17
         mtx     0.7143    0.8333    0.7692        18
         nqx     0.9500    0.7917    0.8636        24
         qtx     0.8276    0.8276    0.8276        29
         zxx     0.8205    0.7805    0.8000        41

    accuracy                         0.7838       185
   macro avg     0.7931    0.7798    0.7798       185
weighted avg     0.7922    0.7838    0.7828       185

micro f-score: 0.7837837837837838

========== Train Epoch 27 ==========
Loss: 0.009	Accuracy: 80.54%	Cost 29s
              precision    recall  f1-score   support

         bzx     0.7407    0.6452    0.6897        31
         cwx     0.8276    0.9600    0.8889        25
         hdx     0.8333    0.5882    0.6897        17
         mtx     0.8333    0.8333    0.8333        18
         nqx     0.9130    0.8750    0.8936        24
         qtx     0.7576    0.8621    0.8065        29
         zxx     0.7907    0.8293    0.8095        41

    accuracy                         0.8054       185
   macro avg     0.8138    0.7990    0.8016       185
weighted avg     0.8061    0.8054    0.8019       185

micro f-score: 0.8054054054054054

========== Train Epoch 28 ==========
Loss: 0.035	Accuracy: 61.62%	Cost 30s
              precision    recall  f1-score   support

         bzx     0.7692    0.3226    0.4545        31
         cwx     0.8235    0.5600    0.6667        25
         hdx     0.8000    0.2353    0.3636        17
         mtx     0.5714    0.6667    0.6154        18
         nqx     0.6552    0.7917    0.7170        24
         qtx     0.4030    0.9310    0.5625        29
         zxx     0.8485    0.6829    0.7568        41

    accuracy                         0.6162       185
   macro avg     0.6958    0.5986    0.5909       185
weighted avg     0.7055    0.6162    0.6085       185

micro f-score: 0.6162162162162163

========== Train Epoch 29 ==========
Loss: 0.039	Accuracy: 74.05%	Cost 29s
              precision    recall  f1-score   support

         bzx     0.6389    0.7419    0.6866        31
         cwx     0.8696    0.8000    0.8333        25
         hdx     0.4737    0.5294    0.5000        17
         mtx     1.0000    0.6667    0.8000        18
         nqx     0.9474    0.7500    0.8372        24
         qtx     0.6667    0.7586    0.7097        29
         zxx     0.7674    0.8049    0.7857        41

    accuracy                         0.7405       185
   macro avg     0.7662    0.7216    0.7361       185
weighted avg     0.7629    0.7405    0.7454       185

micro f-score: 0.7405405405405405

========== Train Epoch 30 ==========
Loss: 0.018	Accuracy: 71.89%	Cost 30s
              precision    recall  f1-score   support

         bzx     0.6129    0.6129    0.6129        31
         cwx     0.6944    1.0000    0.8197        25
         hdx     0.4615    0.3529    0.4000        17
         mtx     0.9231    0.6667    0.7742        18
         nqx     0.9000    0.7500    0.8182        24
         qtx     0.8095    0.5862    0.6800        29
         zxx     0.7059    0.8780    0.7826        41

    accuracy                         0.7189       185
   macro avg     0.7296    0.6924    0.6982       185
weighted avg     0.7289    0.7189    0.7117       185

micro f-score: 0.7189189189189189

========== Train Epoch 31 ==========
Loss: 0.011	Accuracy: 73.51%	Cost 28s
              precision    recall  f1-score   support

         bzx     0.7308    0.6129    0.6667        31
         cwx     0.7742    0.9600    0.8571        25
         hdx     0.5263    0.5882    0.5556        17
         mtx     0.7059    0.6667    0.6857        18
         nqx     0.8947    0.7083    0.7907        24
         qtx     0.7407    0.6897    0.7143        29
         zxx     0.7391    0.8293    0.7816        41

    accuracy                         0.7351       185
   macro avg     0.7303    0.7222    0.7217       185
weighted avg     0.7401    0.7351    0.7331       185

micro f-score: 0.7351351351351352

========== Train Epoch 32 ==========
Loss: 0.008	Accuracy: 75.68%	Cost 29s
              precision    recall  f1-score   support

         bzx     0.6667    0.5806    0.6207        31
         cwx     0.7576    1.0000    0.8621        25
         hdx     0.5882    0.5882    0.5882        17
         mtx     0.8667    0.7222    0.7879        18
         nqx     0.9474    0.7500    0.8372        24
         qtx     0.7586    0.7586    0.7586        29
         zxx     0.7556    0.8293    0.7907        41

    accuracy                         0.7568       185
   macro avg     0.7630    0.7470    0.7493       185
weighted avg     0.7617    0.7568    0.7540       185

micro f-score: 0.7567567567567567

========== Train Epoch 33 ==========
Loss: 0.008	Accuracy: 76.76%	Cost 29s
              precision    recall  f1-score   support

         bzx     0.6129    0.6129    0.6129        31
         cwx     0.7812    1.0000    0.8772        25
         hdx     0.7273    0.4706    0.5714        17
         mtx     0.8235    0.7778    0.8000        18
         nqx     0.8400    0.8750    0.8571        24
         qtx     0.7857    0.7586    0.7719        29
         zxx     0.8049    0.8049    0.8049        41

    accuracy                         0.7676       185
   macro avg     0.7679    0.7571    0.7565       185
weighted avg     0.7658    0.7676    0.7622       185

micro f-score: 0.7675675675675676

========== Train Epoch 34 ==========
Loss: 0.009	Accuracy: 74.05%	Cost 27s
              precision    recall  f1-score   support

         bzx     0.6000    0.6774    0.6364        31
         cwx     0.6970    0.9200    0.7931        25
         hdx     0.6364    0.4118    0.5000        17
         mtx     0.8125    0.7222    0.7647        18
         nqx     0.8636    0.7917    0.8261        24
         qtx     0.7407    0.6897    0.7143        29
         zxx     0.8293    0.8293    0.8293        41

    accuracy                         0.7405       185
   macro avg     0.7399    0.7203    0.7234       185
weighted avg     0.7442    0.7405    0.7371       185

micro f-score: 0.7405405405405405

========== Train Epoch 35 ==========
Loss: 0.009	Accuracy: 75.14%	Cost 29s
              precision    recall  f1-score   support

         bzx     0.6286    0.7097    0.6667        31
         cwx     0.7059    0.9600    0.8136        25
         hdx     0.7000    0.4118    0.5185        17
         mtx     0.8125    0.7222    0.7647        18
         nqx     0.8421    0.6667    0.7442        24
         qtx     0.7667    0.7931    0.7797        29
         zxx     0.8293    0.8293    0.8293        41

    accuracy                         0.7514       185
   macro avg     0.7550    0.7275    0.7309       185
weighted avg     0.7573    0.7514    0.7462       185

micro f-score: 0.7513513513513513

========== Train Epoch 36 ==========
Loss: 0.006	Accuracy: 76.76%	Cost 30s
              precision    recall  f1-score   support

         bzx     0.6562    0.6774    0.6667        31
         cwx     0.8400    0.8400    0.8400        25
         hdx     0.7273    0.4706    0.5714        17
         mtx     0.8667    0.7222    0.7879        18
         nqx     0.6875    0.9167    0.7857        24
         qtx     0.7931    0.7931    0.7931        29
         zxx     0.8293    0.8293    0.8293        41

    accuracy                         0.7676       185
   macro avg     0.7714    0.7499    0.7534       185
weighted avg     0.7719    0.7676    0.7644       185

micro f-score: 0.7675675675675676

========== Train Epoch 37 ==========
Loss: 0.006	Accuracy: 75.14%	Cost 29s
              precision    recall  f1-score   support

         bzx     0.6111    0.7097    0.6567        31
         cwx     0.7778    0.8400    0.8077        25
         hdx     0.7000    0.4118    0.5185        17
         mtx     0.8667    0.7222    0.7879        18
         nqx     0.7407    0.8333    0.7843        24
         qtx     0.7667    0.7931    0.7797        29
         zxx     0.8250    0.8049    0.8148        41

    accuracy                         0.7514       185
   macro avg     0.7554    0.7307    0.7357       185
weighted avg     0.7553    0.7514    0.7480       185

micro f-score: 0.7513513513513513

========== Train Epoch 38 ==========
Loss: 0.006	Accuracy: 75.68%	Cost 29s
              precision    recall  f1-score   support

         bzx     0.6176    0.6774    0.6462        31
         cwx     0.8000    0.9600    0.8727        25
         hdx     0.6364    0.4118    0.5000        17
         mtx     0.8571    0.6667    0.7500        18
         nqx     0.8696    0.8333    0.8511        24
         qtx     0.7586    0.7586    0.7586        29
         zxx     0.7727    0.8293    0.8000        41

    accuracy                         0.7568       185
   macro avg     0.7589    0.7339    0.7398       185
weighted avg     0.7565    0.7568    0.7518       185

micro f-score: 0.7567567567567567

========== Train Epoch 39 ==========
Loss: 0.007	Accuracy: 76.22%	Cost 30s
              precision    recall  f1-score   support

         bzx     0.6667    0.5161    0.5818        31
         cwx     0.8621    1.0000    0.9259        25
         hdx     0.7143    0.5882    0.6452        17
         mtx     0.8667    0.7222    0.7879        18
         nqx     0.8750    0.8750    0.8750        24
         qtx     0.7586    0.7586    0.7586        29
         zxx     0.6800    0.8293    0.7473        41

    accuracy                         0.7622       185
   macro avg     0.7748    0.7556    0.7602       185
weighted avg     0.7613    0.7622    0.7566       185

micro f-score: 0.7621621621621621

========== Train Epoch 40 ==========
Loss: 0.008	Accuracy: 74.59%	Cost 29s
              precision    recall  f1-score   support

         bzx     0.6207    0.5806    0.6000        31
         cwx     0.7778    0.8400    0.8077        25
         hdx     0.7692    0.5882    0.6667        17
         mtx     0.9231    0.6667    0.7742        18
         nqx     0.7500    0.8750    0.8077        24
         qtx     0.7586    0.7586    0.7586        29
         zxx     0.7391    0.8293    0.7816        41

    accuracy                         0.7459       185
   macro avg     0.7626    0.7341    0.7424       185
weighted avg     0.7496    0.7459    0.7432       185

micro f-score: 0.7459459459459459

========== Train Epoch 41 ==========
Loss: 0.012	Accuracy: 74.05%	Cost 28s
              precision    recall  f1-score   support

         bzx     0.7143    0.4839    0.5769        31
         cwx     0.8462    0.8800    0.8627        25
         hdx     0.7000    0.4118    0.5185        17
         mtx     0.6000    0.8333    0.6977        18
         nqx     0.7692    0.8333    0.8000        24
         qtx     0.8000    0.8276    0.8136        29
         zxx     0.7234    0.8293    0.7727        41

    accuracy                         0.7405       185
   macro avg     0.7362    0.7285    0.7203       185
weighted avg     0.7423    0.7405    0.7314       185

micro f-score: 0.7405405405405405

========== Train Epoch 42 ==========
Loss: 0.008	Accuracy: 76.76%	Cost 28s
              precision    recall  f1-score   support

         bzx     0.7083    0.5484    0.6182        31
         cwx     0.8000    0.9600    0.8727        25
         hdx     0.7500    0.5294    0.6207        17
         mtx     0.6667    0.7778    0.7179        18
         nqx     0.8800    0.9167    0.8980        24
         qtx     0.8462    0.7586    0.8000        29
         zxx     0.7234    0.8293    0.7727        41

    accuracy                         0.7676       185
   macro avg     0.7678    0.7600    0.7572       185
weighted avg     0.7677    0.7676    0.7616       185

micro f-score: 0.7675675675675676

========== Train Epoch 43 ==========
Loss: 0.008	Accuracy: 76.22%	Cost 30s
              precision    recall  f1-score   support

         bzx     0.6333    0.6129    0.6230        31
         cwx     0.7742    0.9600    0.8571        25
         hdx     0.7692    0.5882    0.6667        17
         mtx     0.8125    0.7222    0.7647        18
         nqx     0.8696    0.8333    0.8511        24
         qtx     0.8148    0.7586    0.7857        29
         zxx     0.7333    0.8049    0.7674        41

    accuracy                         0.7622       185
   macro avg     0.7724    0.7543    0.7594       185
weighted avg     0.7635    0.7622    0.7595       185

micro f-score: 0.7621621621621621

========== Train Epoch 44 ==========
Loss: 0.006	Accuracy: 74.59%	Cost 28s
              precision    recall  f1-score   support

         bzx     0.6000    0.5806    0.5902        31
         cwx     0.8276    0.9600    0.8889        25
         hdx     0.6429    0.5294    0.5806        17
         mtx     0.8235    0.7778    0.8000        18
         nqx     0.9000    0.7500    0.8182        24
         qtx     0.8148    0.7586    0.7857        29
         zxx     0.6875    0.8049    0.7416        41

    accuracy                         0.7459       185
   macro avg     0.7566    0.7373    0.7436       185
weighted avg     0.7484    0.7459    0.7439       185

micro f-score: 0.7459459459459459

========== Train Epoch 45 ==========
Loss: 0.005	Accuracy: 76.22%	Cost 28s
              precision    recall  f1-score   support

         bzx     0.6207    0.5806    0.6000        31
         cwx     0.7812    1.0000    0.8772        25
         hdx     0.7143    0.5882    0.6452        17
         mtx     0.8125    0.7222    0.7647        18
         nqx     0.9048    0.7917    0.8444        24
         qtx     0.8519    0.7931    0.8214        29
         zxx     0.7174    0.8049    0.7586        41

    accuracy                         0.7622       185
   macro avg     0.7718    0.7544    0.7588       185
weighted avg     0.7642    0.7622    0.7592       185

micro f-score: 0.7621621621621621

========== Train Epoch 46 ==========
Loss: 0.006	Accuracy: 76.22%	Cost 30s
              precision    recall  f1-score   support

         bzx     0.6429    0.5806    0.6102        31
         cwx     0.8000    0.9600    0.8727        25
         hdx     0.6923    0.5294    0.6000        17
         mtx     0.8235    0.7778    0.8000        18
         nqx     0.8696    0.8333    0.8511        24
         qtx     0.8214    0.7931    0.8070        29
         zxx     0.7174    0.8049    0.7586        41

    accuracy                         0.7622       185
   macro avg     0.7667    0.7542    0.7571       185
weighted avg     0.7601    0.7622    0.7582       185

micro f-score: 0.7621621621621621

========== Train Epoch 47 ==========
Loss: 0.004	Accuracy: 76.22%	Cost 29s
              precision    recall  f1-score   support

         bzx     0.6333    0.6129    0.6230        31
         cwx     0.7576    1.0000    0.8621        25
         hdx     0.6667    0.5882    0.6250        17
         mtx     0.8125    0.7222    0.7647        18
         nqx     0.9048    0.7917    0.8444        24
         qtx     0.8462    0.7586    0.8000        29
         zxx     0.7500    0.8049    0.7765        41

    accuracy                         0.7622       185
   macro avg     0.7673    0.7541    0.7565       185
weighted avg     0.7650    0.7622    0.7598       185

micro f-score: 0.7621621621621621

========== Train Epoch 48 ==========
Loss: 0.005	Accuracy: 77.30%	Cost 30s
              precision    recall  f1-score   support

         bzx     0.6429    0.5806    0.6102        31
         cwx     0.8000    0.9600    0.8727        25
         hdx     0.7500    0.5294    0.6207        17
         mtx     0.8235    0.7778    0.8000        18
         nqx     0.8462    0.9167    0.8800        24
         qtx     0.8214    0.7931    0.8070        29
         zxx     0.7500    0.8049    0.7765        41

    accuracy                         0.7730       185
   macro avg     0.7763    0.7661    0.7667       185
weighted avg     0.7696    0.7730    0.7678       185

micro f-score: 0.772972972972973

========== Train Epoch 49 ==========
Loss: 0.005	Accuracy: 76.76%	Cost 29s
              precision    recall  f1-score   support

         bzx     0.6552    0.6129    0.6333        31
         cwx     0.7353    1.0000    0.8475        25
         hdx     0.6923    0.5294    0.6000        17
         mtx     0.8125    0.7222    0.7647        18
         nqx     0.9091    0.8333    0.8696        24
         qtx     0.8214    0.7931    0.8070        29
         zxx     0.7674    0.8049    0.7857        41

    accuracy                         0.7676       185
   macro avg     0.7705    0.7566    0.7583       185
weighted avg     0.7686    0.7676    0.7636       185

micro f-score: 0.7675675675675676

========== Train Epoch 50 ==========
Loss: 0.006	Accuracy: 78.38%	Cost 30s
              precision    recall  f1-score   support

         bzx     0.6774    0.6774    0.6774        31
         cwx     0.8276    0.9600    0.8889        25
         hdx     0.6923    0.5294    0.6000        17
         mtx     0.8235    0.7778    0.8000        18
         nqx     0.8750    0.8750    0.8750        24
         qtx     0.8214    0.7931    0.8070        29
         zxx     0.7674    0.8049    0.7857        41

    accuracy                         0.7838       185
   macro avg     0.7835    0.7739    0.7763       185
weighted avg     0.7815    0.7838    0.7808       185

micro f-score: 0.7837837837837838

========== Train Epoch 51 ==========
Loss: 0.005	Accuracy: 77.84%	Cost 29s
              precision    recall  f1-score   support

         bzx     0.6667    0.6452    0.6557        31
         cwx     0.7742    0.9600    0.8571        25
         hdx     0.7500    0.5294    0.6207        17
         mtx     0.8235    0.7778    0.8000        18
         nqx     0.8750    0.8750    0.8750        24
         qtx     0.8214    0.7931    0.8070        29
         zxx     0.7674    0.8049    0.7857        41

    accuracy                         0.7784       185
   macro avg     0.7826    0.7693    0.7716       185
weighted avg     0.7777    0.7784    0.7747       185

micro f-score: 0.7783783783783784

========== Train Epoch 52 ==========
Loss: 0.005	Accuracy: 77.30%	Cost 29s
              precision    recall  f1-score   support

         bzx     0.6562    0.6774    0.6667        31
         cwx     0.7353    1.0000    0.8475        25
         hdx     0.6923    0.5294    0.6000        17
         mtx     0.8125    0.7222    0.7647        18
         nqx     0.9500    0.7917    0.8636        24
         qtx     0.8214    0.7931    0.8070        29
         zxx     0.7857    0.8049    0.7952        41

    accuracy                         0.7730       185
   macro avg     0.7791    0.7598    0.7635       185
weighted avg     0.7781    0.7730    0.7705       185

micro f-score: 0.772972972972973

========== Train Epoch 53 ==========
Loss: 0.011	Accuracy: 75.14%	Cost 30s
              precision    recall  f1-score   support

         bzx     0.6250    0.6452    0.6349        31
         cwx     0.7778    0.8400    0.8077        25
         hdx     0.6667    0.5882    0.6250        17
         mtx     1.0000    0.7222    0.8387        18
         nqx     0.9524    0.8333    0.8889        24
         qtx     0.8000    0.8276    0.8136        29
         zxx     0.6596    0.7561    0.7045        41

    accuracy                         0.7514       185
   macro avg     0.7831    0.7447    0.7590       185
weighted avg     0.7635    0.7514    0.7536       185

micro f-score: 0.7513513513513513

========== Train Epoch 54 ==========
Loss: 0.051	Accuracy: 54.05%	Cost 28s
              precision    recall  f1-score   support

         bzx     0.3939    0.8387    0.5361        31
         cwx     0.6923    0.3600    0.4737        25
         hdx     0.5556    0.2941    0.3846        17
         mtx     1.0000    0.2222    0.3636        18
         nqx     1.0000    0.3333    0.5000        24
         qtx     0.6364    0.7241    0.6774        29
         zxx     0.5192    0.6585    0.5806        41

    accuracy                         0.5405       185
   macro avg     0.6853    0.4902    0.5023       185
weighted avg     0.6525    0.5405    0.5243       185

micro f-score: 0.5405405405405406

========== Train Epoch 55 ==========
Loss: 0.792	Accuracy: 37.84%	Cost 28s
              precision    recall  f1-score   support

         bzx     0.2879    0.6129    0.3918        31
         cwx     0.3043    0.8400    0.4468        25
         hdx     0.4000    0.2353    0.2963        17
         mtx     0.0000    0.0000    0.0000        18
         nqx     1.0000    0.0417    0.0800        24
         qtx     0.0000    0.0000    0.0000        29
         zxx     0.6410    0.6098    0.6250        41

    accuracy                         0.3784       185
   macro avg     0.3762    0.3342    0.2628       185
weighted avg     0.3979    0.3784    0.3021       185

micro f-score: 0.37837837837837834

========== Train Epoch 56 ==========
Loss: 0.803	Accuracy: 54.05%	Cost 29s
              precision    recall  f1-score   support

         bzx     0.5000    0.2903    0.3673        31
         cwx     0.4182    0.9200    0.5750        25
         hdx     0.6667    0.1176    0.2000        17
         mtx     0.7143    0.2778    0.4000        18
         nqx     0.6957    0.6667    0.6809        24
         qtx     0.7500    0.6207    0.6792        29
         zxx     0.4909    0.6585    0.5625        41

    accuracy                         0.5405       185
   macro avg     0.6051    0.5074    0.4950       185
weighted avg     0.5877    0.5405    0.5160       185

micro f-score: 0.5405405405405406

========== Train Epoch 57 ==========
Loss: 0.235	Accuracy: 68.65%	Cost 29s
              precision    recall  f1-score   support

         bzx     0.6389    0.7419    0.6866        31
         cwx     0.6552    0.7600    0.7037        25
         hdx     0.6667    0.4706    0.5517        17
         mtx     0.5000    0.7778    0.6087        18
         nqx     0.8182    0.3750    0.5143        24
         qtx     0.8214    0.7931    0.8070        29
         zxx     0.7561    0.7561    0.7561        41

    accuracy                         0.6865       185
   macro avg     0.6938    0.6678    0.6612       185
weighted avg     0.7080    0.6865    0.6809       185

micro f-score: 0.6864864864864865

========== Train Epoch 58 ==========
Loss: 0.116	Accuracy: 63.78%	Cost 29s
              precision    recall  f1-score   support

         bzx     0.5946    0.7097    0.6471        31
         cwx     0.7826    0.7200    0.7500        25
         hdx     0.4545    0.2941    0.3571        17
         mtx     0.7778    0.3889    0.5185        18
         nqx     0.6250    0.6250    0.6250        24
         qtx     0.5455    0.8276    0.6575        29
         zxx     0.7297    0.6585    0.6923        41

    accuracy                         0.6378       185
   macro avg     0.6442    0.6034    0.6068       185
weighted avg     0.6511    0.6378    0.6306       185

micro f-score: 0.6378378378378379

========== Train Epoch 59 ==========
Loss: 0.105	Accuracy: 63.24%	Cost 29s
              precision    recall  f1-score   support

         bzx     0.5600    0.4516    0.5000        31
         cwx     0.4894    0.9200    0.6389        25
         hdx     0.5000    0.2353    0.3200        17
         mtx     0.5217    0.6667    0.5854        18
         nqx     0.7368    0.5833    0.6512        24
         qtx     0.8696    0.6897    0.7692        29
         zxx     0.7500    0.7317    0.7407        41

    accuracy                         0.6324       185
   macro avg     0.6325    0.6112    0.6008       185
weighted avg     0.6548    0.6324    0.6257       185

micro f-score: 0.6324324324324324

========== Train Epoch 60 ==========
Loss: 0.095	Accuracy: 63.24%	Cost 29s
              precision    recall  f1-score   support

         bzx     0.8125    0.4194    0.5532        31
         cwx     0.8571    0.4800    0.6154        25
         hdx     0.5556    0.2941    0.3846        17
         mtx     0.8462    0.6111    0.7097        18
         nqx     0.7391    0.7083    0.7234        24
         qtx     0.4308    0.9655    0.5957        29
         zxx     0.6889    0.7561    0.7209        41

    accuracy                         0.6324       185
   macro avg     0.7043    0.6049    0.6147       185
weighted avg     0.7014    0.6324    0.6273       185

micro f-score: 0.6324324324324324

========== Train Epoch 61 ==========
Loss: 0.036	Accuracy: 74.05%	Cost 28s
              precision    recall  f1-score   support

         bzx     0.7727    0.5484    0.6415        31
         cwx     0.7273    0.9600    0.8276        25
         hdx     0.8000    0.2353    0.3636        17
         mtx     1.0000    0.5000    0.6667        18
         nqx     0.8947    0.7083    0.7907        24
         qtx     0.7368    0.9655    0.8358        29
         zxx     0.6441    0.9268    0.7600        41

    accuracy                         0.7405       185
   macro avg     0.7965    0.6921    0.6980       185
weighted avg     0.7729    0.7405    0.7196       185

micro f-score: 0.7405405405405405

========== Train Epoch 62 ==========
Loss: 0.034	Accuracy: 74.05%	Cost 28s
              precision    recall  f1-score   support

         bzx     0.7826    0.5806    0.6667        31
         cwx     0.7241    0.8400    0.7778        25
         hdx     0.5000    0.2353    0.3200        17
         mtx     0.7222    0.7222    0.7222        18
         nqx     0.7143    0.8333    0.7692        24
         qtx     0.8387    0.8966    0.8667        29
         zxx     0.7292    0.8537    0.7865        41

    accuracy                         0.7405       185
   macro avg     0.7159    0.7088    0.7013       185
weighted avg     0.7309    0.7405    0.7264       185

micro f-score: 0.7405405405405405

========== Train Epoch 63 ==========
Epoch    63: reducing learning rate of group 0 to 1.0000e-04.
Loss: 0.024	Accuracy: 77.84%	Cost 29s
              precision    recall  f1-score   support

         bzx     0.7500    0.6774    0.7119        31
         cwx     0.7241    0.8400    0.7778        25
         hdx     0.6364    0.4118    0.5000        17
         mtx     0.8333    0.8333    0.8333        18
         nqx     0.8333    0.8333    0.8333        24
         qtx     0.8667    0.8966    0.8814        29
         zxx     0.7556    0.8293    0.7907        41

    accuracy                         0.7784       185
   macro avg     0.7713    0.7602    0.7612       185
weighted avg     0.7745    0.7784    0.7729       185

micro f-score: 0.7783783783783784

========== Train Epoch 64 ==========
Loss: 0.010	Accuracy: 76.76%	Cost 28s
              precision    recall  f1-score   support

         bzx     0.7241    0.6774    0.7000        31
         cwx     0.7000    0.8400    0.7636        25
         hdx     0.6364    0.4118    0.5000        17
         mtx     0.8333    0.8333    0.8333        18
         nqx     0.8261    0.7917    0.8085        24
         qtx     0.8387    0.8966    0.8667        29
         zxx     0.7674    0.8049    0.7857        41

    accuracy                         0.7676       185
   macro avg     0.7609    0.7508    0.7511       185
weighted avg     0.7642    0.7676    0.7624       185

micro f-score: 0.7675675675675676

========== Train Epoch 65 ==========
Loss: 0.009	Accuracy: 75.14%	Cost 28s
              precision    recall  f1-score   support

         bzx     0.7241    0.6774    0.7000        31
         cwx     0.6562    0.8400    0.7368        25
         hdx     0.5833    0.4118    0.4828        17
         mtx     0.8235    0.7778    0.8000        18
         nqx     0.8095    0.7083    0.7556        24
         qtx     0.8387    0.8966    0.8667        29
         zxx     0.7674    0.8049    0.7857        41

    accuracy                         0.7514       185
   macro avg     0.7433    0.7310    0.7325       185
weighted avg     0.7503    0.7514    0.7471       185

micro f-score: 0.7513513513513513

========== Train Epoch 66 ==========
Loss: 0.007	Accuracy: 75.68%	Cost 28s
              precision    recall  f1-score   support

         bzx     0.7308    0.6129    0.6667        31
         cwx     0.7000    0.8400    0.7636        25
         hdx     0.5833    0.4118    0.4828        17
         mtx     0.8235    0.7778    0.8000        18
         nqx     0.8182    0.7500    0.7826        24
         qtx     0.8667    0.8966    0.8814        29
         zxx     0.7292    0.8537    0.7865        41

    accuracy                         0.7568       185
   macro avg     0.7502    0.7347    0.7376       185
weighted avg     0.7544    0.7568    0.7511       185

micro f-score: 0.7567567567567567

========== Train Epoch 67 ==========
Loss: 0.007	Accuracy: 77.30%	Cost 29s
              precision    recall  f1-score   support

         bzx     0.7407    0.6452    0.6897        31
         cwx     0.8077    0.8400    0.8235        25
         hdx     0.6000    0.5294    0.5625        17
         mtx     0.8235    0.7778    0.8000        18
         nqx     0.7917    0.7917    0.7917        24
         qtx     0.8387    0.8966    0.8667        29
         zxx     0.7556    0.8293    0.7907        41

    accuracy                         0.7730       185
   macro avg     0.7654    0.7585    0.7607       185
weighted avg     0.7702    0.7730    0.7702       185

micro f-score: 0.772972972972973

========== Train Epoch 68 ==========
Loss: 0.007	Accuracy: 76.76%	Cost 28s
              precision    recall  f1-score   support

         bzx     0.7143    0.6452    0.6780        31
         cwx     0.7500    0.8400    0.7925        25
         hdx     0.7000    0.4118    0.5185        17
         mtx     0.7895    0.8333    0.8108        18
         nqx     0.8261    0.7917    0.8085        24
         qtx     0.8387    0.8966    0.8667        29
         zxx     0.7391    0.8293    0.7816        41

    accuracy                         0.7676       185
   macro avg     0.7654    0.7497    0.7509       185
weighted avg     0.7646    0.7676    0.7612       185

micro f-score: 0.7675675675675676

========== Train Epoch 69 ==========
Loss: 0.008	Accuracy: 76.76%	Cost 29s
              precision    recall  f1-score   support

         bzx     0.7241    0.6774    0.7000        31
         cwx     0.7500    0.8400    0.7925        25
         hdx     0.5385    0.4118    0.4667        17
         mtx     0.8333    0.8333    0.8333        18
         nqx     0.8261    0.7917    0.8085        24
         qtx     0.8387    0.8966    0.8667        29
         zxx     0.7674    0.8049    0.7857        41

    accuracy                         0.7676       185
   macro avg     0.7540    0.7508    0.7505       185
weighted avg     0.7620    0.7676    0.7632       185

micro f-score: 0.7675675675675676

========== Train Epoch 70 ==========
Loss: 0.006	Accuracy: 77.30%	Cost 29s
              precision    recall  f1-score   support

         bzx     0.7143    0.6452    0.6780        31
         cwx     0.7500    0.8400    0.7925        25
         hdx     0.6364    0.4118    0.5000        17
         mtx     0.8333    0.8333    0.8333        18
         nqx     0.8333    0.8333    0.8333        24
         qtx     0.8387    0.8966    0.8667        29
         zxx     0.7556    0.8293    0.7907        41

    accuracy                         0.7730       185
   macro avg     0.7659    0.7556    0.7563       185
weighted avg     0.7676    0.7730    0.7669       185

micro f-score: 0.772972972972973

========== Train Epoch 71 ==========
Loss: 0.007	Accuracy: 76.76%	Cost 29s
              precision    recall  f1-score   support

         bzx     0.7241    0.6774    0.7000        31
         cwx     0.7241    0.8400    0.7778        25
         hdx     0.6364    0.4118    0.5000        17
         mtx     0.8750    0.7778    0.8235        18
         nqx     0.8000    0.8333    0.8163        24
         qtx     0.8387    0.8966    0.8667        29
         zxx     0.7500    0.8049    0.7765        41

    accuracy                         0.7676       185
   macro avg     0.7640    0.7488    0.7515       185
weighted avg     0.7643    0.7676    0.7623       185

micro f-score: 0.7675675675675676

========== Train Epoch 72 ==========
Loss: 0.006	Accuracy: 77.30%	Cost 28s
              precision    recall  f1-score   support

         bzx     0.7143    0.6452    0.6780        31
         cwx     0.8077    0.8400    0.8235        25
         hdx     0.6000    0.5294    0.5625        17
         mtx     0.8333    0.8333    0.8333        18
         nqx     0.8261    0.7917    0.8085        24
         qtx     0.8387    0.8966    0.8667        29
         zxx     0.7500    0.8049    0.7765        41

    accuracy                         0.7730       185
   macro avg     0.7672    0.7630    0.7641       185
weighted avg     0.7699    0.7730    0.7705       185

micro f-score: 0.772972972972973

========== Train Epoch 73 ==========
Loss: 0.005	Accuracy: 76.76%	Cost 29s
              precision    recall  f1-score   support

         bzx     0.7143    0.6452    0.6780        31
         cwx     0.8077    0.8400    0.8235        25
         hdx     0.6000    0.5294    0.5625        17
         mtx     0.8333    0.8333    0.8333        18
         nqx     0.8182    0.7500    0.7826        24
         qtx     0.8387    0.8966    0.8667        29
         zxx     0.7333    0.8049    0.7674        41

    accuracy                         0.7676       185
   macro avg     0.7636    0.7570    0.7591       185
weighted avg     0.7652    0.7676    0.7651       185

micro f-score: 0.7675675675675676

========== Train Epoch 74 ==========
Loss: 0.006	Accuracy: 76.76%	Cost 29s
              precision    recall  f1-score   support

         bzx     0.7037    0.6129    0.6552        31
         cwx     0.8077    0.8400    0.8235        25
         hdx     0.6429    0.5294    0.5806        17
         mtx     0.8750    0.7778    0.8235        18
         nqx     0.8000    0.8333    0.8163        24
         qtx     0.8387    0.8966    0.8667        29
         zxx     0.7174    0.8049    0.7586        41

    accuracy                         0.7676       185
   macro avg     0.7693    0.7564    0.7606       185
weighted avg     0.7655    0.7676    0.7644       185

micro f-score: 0.7675675675675676

========== Train Epoch 75 ==========
Loss: 0.007	Accuracy: 76.22%	Cost 30s
              precision    recall  f1-score   support

         bzx     0.7037    0.6129    0.6552        31
         cwx     0.7778    0.8400    0.8077        25
         hdx     0.5714    0.4706    0.5161        17
         mtx     0.8333    0.8333    0.8333        18
         nqx     0.8261    0.7917    0.8085        24
         qtx     0.8387    0.8966    0.8667        29
         zxx     0.7333    0.8049    0.7674        41

    accuracy                         0.7622       185
   macro avg     0.7549    0.7500    0.7507       185
weighted avg     0.7578    0.7622    0.7583       185

micro f-score: 0.7621621621621621

========== Train Epoch 76 ==========
Loss: 0.006	Accuracy: 76.76%	Cost 30s
              precision    recall  f1-score   support

         bzx     0.7143    0.6452    0.6780        31
         cwx     0.7778    0.8400    0.8077        25
         hdx     0.5714    0.4706    0.5161        17
         mtx     0.8333    0.8333    0.8333        18
         nqx     0.8261    0.7917    0.8085        24
         qtx     0.8387    0.8966    0.8667        29
         zxx     0.7500    0.8049    0.7765        41

    accuracy                         0.7676       185
   macro avg     0.7588    0.7546    0.7553       185
weighted avg     0.7632    0.7676    0.7641       185

micro f-score: 0.7675675675675676

========== Train Epoch 77 ==========
Loss: 0.006	Accuracy: 77.30%	Cost 29s
              precision    recall  f1-score   support

         bzx     0.7143    0.6452    0.6780        31
         cwx     0.8077    0.8400    0.8235        25
         hdx     0.6000    0.5294    0.5625        17
         mtx     0.8750    0.7778    0.8235        18
         nqx     0.8000    0.8333    0.8163        24
         qtx     0.8387    0.8966    0.8667        29
         zxx     0.7500    0.8049    0.7765        41

    accuracy                         0.7730       185
   macro avg     0.7694    0.7610    0.7639       185
weighted avg     0.7706    0.7730    0.7705       185

micro f-score: 0.772972972972973

========== Train Epoch 78 ==========
Loss: 0.006	Accuracy: 75.68%	Cost 30s
              precision    recall  f1-score   support

         bzx     0.6923    0.5806    0.6316        31
         cwx     0.7500    0.8400    0.7925        25
         hdx     0.6364    0.4118    0.5000        17
         mtx     0.8824    0.8333    0.8571        18
         nqx     0.8333    0.8333    0.8333        24
         qtx     0.8387    0.8966    0.8667        29
         zxx     0.6875    0.8049    0.7416        41

    accuracy                         0.7568       185
   macro avg     0.7601    0.7429    0.7461       185
weighted avg     0.7536    0.7568    0.7506       185

micro f-score: 0.7567567567567567

========== Train Epoch 79 ==========
Epoch    79: reducing learning rate of group 0 to 1.0000e-05.
Loss: 0.006	Accuracy: 76.22%	Cost 30s
              precision    recall  f1-score   support

         bzx     0.7000    0.6774    0.6885        31
         cwx     0.7500    0.8400    0.7925        25
         hdx     0.6364    0.4118    0.5000        17
         mtx     0.8750    0.7778    0.8235        18
         nqx     0.8000    0.8333    0.8163        24
         qtx     0.8387    0.8966    0.8667        29
         zxx     0.7273    0.7805    0.7529        41

    accuracy                         0.7622       185
   macro avg     0.7610    0.7453    0.7486       185
weighted avg     0.7587    0.7622    0.7572       185

micro f-score: 0.7621621621621621

========== Train Epoch 80 ==========
Loss: 0.005	Accuracy: 75.14%	Cost 29s
              precision    recall  f1-score   support

         bzx     0.6800    0.5484    0.6071        31
         cwx     0.7500    0.8400    0.7925        25
         hdx     0.5833    0.4118    0.4828        17
         mtx     0.8824    0.8333    0.8571        18
         nqx     0.8333    0.8333    0.8333        24
         qtx     0.8387    0.8966    0.8667        29
         zxx     0.6875    0.8049    0.7416        41

    accuracy                         0.7514       185
   macro avg     0.7507    0.7383    0.7402       185
weighted avg     0.7467    0.7514    0.7449       185

micro f-score: 0.7513513513513513

========== Train Epoch 81 ==========
Loss: 0.005	Accuracy: 77.84%	Cost 28s
              precision    recall  f1-score   support

         bzx     0.7241    0.6774    0.7000        31
         cwx     0.7586    0.8800    0.8148        25
         hdx     0.6364    0.4118    0.5000        17
         mtx     0.8824    0.8333    0.8571        18
         nqx     0.8333    0.8333    0.8333        24
         qtx     0.8387    0.8966    0.8667        29
         zxx     0.7500    0.8049    0.7765        41

    accuracy                         0.7784       185
   macro avg     0.7748    0.7625    0.7641       185
weighted avg     0.7740    0.7784    0.7728       185

micro f-score: 0.7783783783783784

========== Train Epoch 82 ==========
Loss: 0.005	Accuracy: 75.14%	Cost 29s
              precision    recall  f1-score   support

         bzx     0.6923    0.5806    0.6316        31
         cwx     0.7500    0.8400    0.7925        25
         hdx     0.5833    0.4118    0.4828        17
         mtx     0.8824    0.8333    0.8571        18
         nqx     0.8261    0.7917    0.8085        24
         qtx     0.8387    0.8966    0.8667        29
         zxx     0.6875    0.8049    0.7416        41

    accuracy                         0.7514       185
   macro avg     0.7515    0.7370    0.7401       185
weighted avg     0.7478    0.7514    0.7458       185

micro f-score: 0.7513513513513513

========== Train Epoch 83 ==========
Loss: 0.006	Accuracy: 75.14%	Cost 28s
              precision    recall  f1-score   support

         bzx     0.6800    0.5484    0.6071        31
         cwx     0.7500    0.8400    0.7925        25
         hdx     0.5833    0.4118    0.4828        17
         mtx     0.8333    0.8333    0.8333        18
         nqx     0.8333    0.8333    0.8333        24
         qtx     0.8387    0.8966    0.8667        29
         zxx     0.7021    0.8049    0.7500        41

    accuracy                         0.7514       185
   macro avg     0.7458    0.7383    0.7380       185
weighted avg     0.7452    0.7514    0.7444       185

micro f-score: 0.7513513513513513

========== Train Epoch 84 ==========
Loss: 0.005	Accuracy: 77.30%	Cost 29s
              precision    recall  f1-score   support

         bzx     0.7143    0.6452    0.6780        31
         cwx     0.7500    0.8400    0.7925        25
         hdx     0.7000    0.4118    0.5185        17
         mtx     0.8824    0.8333    0.8571        18
         nqx     0.8333    0.8333    0.8333        24
         qtx     0.8387    0.8966    0.8667        29
         zxx     0.7234    0.8293    0.7727        41

    accuracy                         0.7730       185
   macro avg     0.7774    0.7556    0.7598       185
weighted avg     0.7711    0.7730    0.7670       185

micro f-score: 0.772972972972973

========== Train Epoch 85 ==========
Loss: 0.004	Accuracy: 74.59%	Cost 29s
              precision    recall  f1-score   support

         bzx     0.6800    0.5484    0.6071        31
         cwx     0.7500    0.8400    0.7925        25
         hdx     0.5385    0.4118    0.4667        17
         mtx     0.8824    0.8333    0.8571        18
         nqx     0.8261    0.7917    0.8085        24
         qtx     0.8387    0.8966    0.8667        29
         zxx     0.6875    0.8049    0.7416        41

    accuracy                         0.7459       185
   macro avg     0.7433    0.7324    0.7343       185
weighted avg     0.7416    0.7459    0.7402       185

micro f-score: 0.7459459459459459

========== Train Epoch 86 ==========
Loss: 0.005	Accuracy: 75.68%	Cost 30s
              precision    recall  f1-score   support

         bzx     0.6800    0.5484    0.6071        31
         cwx     0.7500    0.8400    0.7925        25
         hdx     0.6364    0.4118    0.5000        17
         mtx     0.8824    0.8333    0.8571        18
         nqx     0.8333    0.8333    0.8333        24
         qtx     0.8387    0.8966    0.8667        29
         zxx     0.6939    0.8293    0.7556        41

    accuracy                         0.7568       185
   macro avg     0.7592    0.7418    0.7446       185
weighted avg     0.7530    0.7568    0.7496       185

micro f-score: 0.7567567567567567

========== Train Epoch 87 ==========
Loss: 0.005	Accuracy: 76.76%	Cost 28s
              precision    recall  f1-score   support

         bzx     0.7143    0.6452    0.6780        31
         cwx     0.7500    0.8400    0.7925        25
         hdx     0.5833    0.4118    0.4828        17
         mtx     0.8333    0.8333    0.8333        18
         nqx     0.8333    0.8333    0.8333        24
         qtx     0.8387    0.8966    0.8667        29
         zxx     0.7500    0.8049    0.7765        41

    accuracy                         0.7676       185
   macro avg     0.7576    0.7521    0.7519       185
weighted avg     0.7615    0.7676    0.7622       185

micro f-score: 0.7675675675675676

========== Train Epoch 88 ==========
Loss: 0.005	Accuracy: 75.68%	Cost 29s
              precision    recall  f1-score   support

         bzx     0.7037    0.6129    0.6552        31
         cwx     0.7500    0.8400    0.7925        25
         hdx     0.5385    0.4118    0.4667        17
         mtx     0.8824    0.8333    0.8571        18
         nqx     0.8261    0.7917    0.8085        24
         qtx     0.8387    0.8966    0.8667        29
         zxx     0.7174    0.8049    0.7586        41

    accuracy                         0.7568       185
   macro avg     0.7510    0.7416    0.7436       185
weighted avg     0.7522    0.7568    0.7520       185

micro f-score: 0.7567567567567567

========== Train Epoch 89 ==========
Loss: 0.005	Accuracy: 76.22%	Cost 29s
              precision    recall  f1-score   support

         bzx     0.7037    0.6129    0.6552        31
         cwx     0.7500    0.8400    0.7925        25
         hdx     0.6364    0.4118    0.5000        17
         mtx     0.8824    0.8333    0.8571        18
         nqx     0.8333    0.8333    0.8333        24
         qtx     0.8387    0.8966    0.8667        29
         zxx     0.7021    0.8049    0.7500        41

    accuracy                         0.7622       185
   macro avg     0.7638    0.7475    0.7507       185
weighted avg     0.7588    0.7622    0.7564       185

micro f-score: 0.7621621621621621

========== Train Epoch 90 ==========
Loss: 0.005	Accuracy: 75.14%	Cost 30s
              precision    recall  f1-score   support

         bzx     0.6897    0.6452    0.6667        31
         cwx     0.7500    0.8400    0.7925        25
         hdx     0.5385    0.4118    0.4667        17
         mtx     0.7895    0.8333    0.8108        18
         nqx     0.8182    0.7500    0.7826        24
         qtx     0.8387    0.8966    0.8667        29
         zxx     0.7442    0.7805    0.7619        41

    accuracy                         0.7514       185
   macro avg     0.7384    0.7368    0.7354       185
weighted avg     0.7458    0.7514    0.7468       185

micro f-score: 0.7513513513513513

========== Train Epoch 91 ==========
Loss: 0.006	Accuracy: 75.68%	Cost 28s
              precision    recall  f1-score   support

         bzx     0.6800    0.5484    0.6071        31
         cwx     0.8077    0.8400    0.8235        25
         hdx     0.6000    0.5294    0.5625        17
         mtx     0.8824    0.8333    0.8571        18
         nqx     0.8261    0.7917    0.8085        24
         qtx     0.8387    0.8966    0.8667        29
         zxx     0.6875    0.8049    0.7416        41

    accuracy                         0.7568       185
   macro avg     0.7603    0.7492    0.7524       185
weighted avg     0.7551    0.7568    0.7532       185

micro f-score: 0.7567567567567567

========== Train Epoch 92 ==========
Loss: 0.005	Accuracy: 76.76%	Cost 29s
              precision    recall  f1-score   support

         bzx     0.6897    0.6452    0.6667        31
         cwx     0.8077    0.8400    0.8235        25
         hdx     0.6000    0.5294    0.5625        17
         mtx     0.8333    0.8333    0.8333        18
         nqx     0.8261    0.7917    0.8085        24
         qtx     0.8387    0.8966    0.8667        29
         zxx     0.7442    0.7805    0.7619        41

    accuracy                         0.7676       185
   macro avg     0.7628    0.7595    0.7604       185
weighted avg     0.7645    0.7676    0.7654       185

micro f-score: 0.7675675675675676

========== Train Epoch 93 ==========
Loss: 0.005	Accuracy: 76.22%	Cost 30s
              precision    recall  f1-score   support

         bzx     0.7000    0.6774    0.6885        31
         cwx     0.7500    0.8400    0.7925        25
         hdx     0.5833    0.4118    0.4828        17
         mtx     0.8824    0.8333    0.8571        18
         nqx     0.8261    0.7917    0.8085        24
         qtx     0.8387    0.8966    0.8667        29
         zxx     0.7273    0.7805    0.7529        41

    accuracy                         0.7622       185
   macro avg     0.7583    0.7473    0.7499       185
weighted avg     0.7579    0.7622    0.7578       185

micro f-score: 0.7621621621621621

========== Train Epoch 94 ==========
Loss: 0.005	Accuracy: 74.05%	Cost 29s
              precision    recall  f1-score   support

         bzx     0.6800    0.5484    0.6071        31
         cwx     0.7500    0.8400    0.7925        25
         hdx     0.5385    0.4118    0.4667        17
         mtx     0.8750    0.7778    0.8235        18
         nqx     0.7917    0.7917    0.7917        24
         qtx     0.8387    0.8966    0.8667        29
         zxx     0.6875    0.8049    0.7416        41

    accuracy                         0.7405       185
   macro avg     0.7373    0.7244    0.7271       185
weighted avg     0.7365    0.7405    0.7347       185

micro f-score: 0.7405405405405405

========== Train Epoch 95 ==========
Epoch    95: reducing learning rate of group 0 to 1.0000e-06.
Loss: 0.006	Accuracy: 75.14%	Cost 28s
              precision    recall  f1-score   support

         bzx     0.6800    0.5484    0.6071        31
         cwx     0.7500    0.8400    0.7925        25
         hdx     0.5833    0.4118    0.4828        17
         mtx     0.8824    0.8333    0.8571        18
         nqx     0.8333    0.8333    0.8333        24
         qtx     0.8387    0.8966    0.8667        29
         zxx     0.6875    0.8049    0.7416        41

    accuracy                         0.7514       185
   macro avg     0.7507    0.7383    0.7402       185
weighted avg     0.7467    0.7514    0.7449       185

micro f-score: 0.7513513513513513

========== Train Epoch 96 ==========
Loss: 0.005	Accuracy: 75.14%	Cost 27s
              precision    recall  f1-score   support

         bzx     0.6923    0.5806    0.6316        31
         cwx     0.7500    0.8400    0.7925        25
         hdx     0.6364    0.4118    0.5000        17
         mtx     0.8750    0.7778    0.8235        18
         nqx     0.8000    0.8333    0.8163        24
         qtx     0.8387    0.8966    0.8667        29
         zxx     0.6875    0.8049    0.7416        41

    accuracy                         0.7514       185
   macro avg     0.7543    0.7350    0.7389       185
weighted avg     0.7486    0.7514    0.7451       185

micro f-score: 0.7513513513513513

========== Train Epoch 97 ==========
Loss: 0.006	Accuracy: 76.76%	Cost 29s
              precision    recall  f1-score   support

         bzx     0.7000    0.6774    0.6885        31
         cwx     0.7586    0.8800    0.8148        25
         hdx     0.5385    0.4118    0.4667        17
         mtx     0.8824    0.8333    0.8571        18
         nqx     0.8261    0.7917    0.8085        24
         qtx     0.8387    0.8966    0.8667        29
         zxx     0.7619    0.7805    0.7711        41

    accuracy                         0.7676       185
   macro avg     0.7580    0.7530    0.7533       185
weighted avg     0.7626    0.7676    0.7634       185

micro f-score: 0.7675675675675676

========== Train Epoch 98 ==========
Loss: 0.005	Accuracy: 76.76%	Cost 30s
              precision    recall  f1-score   support

         bzx     0.7000    0.6774    0.6885        31
         cwx     0.7500    0.8400    0.7925        25
         hdx     0.6364    0.4118    0.5000        17
         mtx     0.8824    0.8333    0.8571        18
         nqx     0.8333    0.8333    0.8333        24
         qtx     0.8387    0.8966    0.8667        29
         zxx     0.7273    0.7805    0.7529        41

    accuracy                         0.7676       185
   macro avg     0.7669    0.7533    0.7559       185
weighted avg     0.7637    0.7676    0.7626       185

micro f-score: 0.7675675675675676

========== Train Epoch 99 ==========
Loss: 0.005	Accuracy: 75.14%	Cost 28s
              precision    recall  f1-score   support

         bzx     0.6800    0.5484    0.6071        31
         cwx     0.7778    0.8400    0.8077        25
         hdx     0.5714    0.4706    0.5161        17
         mtx     0.8824    0.8333    0.8571        18
         nqx     0.8261    0.7917    0.8085        24
         qtx     0.8387    0.8966    0.8667        29
         zxx     0.6875    0.8049    0.7416        41

    accuracy                         0.7514       185
   macro avg     0.7520    0.7408    0.7436       185
weighted avg     0.7484    0.7514    0.7468       185

micro f-score: 0.7513513513513513

========== Train Epoch 100 ==========
Loss: 0.005	Accuracy: 76.22%	Cost 28s
              precision    recall  f1-score   support

         bzx     0.7000    0.6774    0.6885        31
         cwx     0.7500    0.8400    0.7925        25
         hdx     0.5833    0.4118    0.4828        17
         mtx     0.8824    0.8333    0.8571        18
         nqx     0.8261    0.7917    0.8085        24
         qtx     0.8387    0.8966    0.8667        29
         zxx     0.7273    0.7805    0.7529        41

    accuracy                         0.7622       185
   macro avg     0.7583    0.7473    0.7499       185
weighted avg     0.7579    0.7622    0.7578       185

micro f-score: 0.7621621621621621

========== Train Epoch 101 ==========
Loss: 0.005	Accuracy: 76.76%	Cost 29s
              precision    recall  f1-score   support

         bzx     0.7241    0.6774    0.7000        31
         cwx     0.7500    0.8400    0.7925        25
         hdx     0.6364    0.4118    0.5000        17
         mtx     0.8750    0.7778    0.8235        18
         nqx     0.8000    0.8333    0.8163        24
         qtx     0.8387    0.8966    0.8667        29
         zxx     0.7333    0.8049    0.7674        41

    accuracy                         0.7676       185
   macro avg     0.7654    0.7488    0.7523       185
weighted avg     0.7641    0.7676    0.7623       185

micro f-score: 0.7675675675675676

========== Train Epoch 102 ==========
Loss: 0.006	Accuracy: 75.68%	Cost 28s
              precision    recall  f1-score   support

         bzx     0.6923    0.5806    0.6316        31
         cwx     0.7500    0.8400    0.7925        25
         hdx     0.6364    0.4118    0.5000        17
         mtx     0.8333    0.8333    0.8333        18
         nqx     0.8333    0.8333    0.8333        24
         qtx     0.8387    0.8966    0.8667        29
         zxx     0.7021    0.8049    0.7500        41

    accuracy                         0.7568       185
   macro avg     0.7552    0.7429    0.7439       185
weighted avg     0.7521    0.7568    0.7501       185

micro f-score: 0.7567567567567567

========== Train Epoch 103 ==========
Loss: 0.005	Accuracy: 76.76%	Cost 30s
              precision    recall  f1-score   support

         bzx     0.7000    0.6774    0.6885        31
         cwx     0.7500    0.8400    0.7925        25
         hdx     0.6364    0.4118    0.5000        17
         mtx     0.8333    0.8333    0.8333        18
         nqx     0.8333    0.8333    0.8333        24
         qtx     0.8387    0.8966    0.8667        29
         zxx     0.7442    0.7805    0.7619        41

    accuracy                         0.7676       185
   macro avg     0.7623    0.7533    0.7537       185
weighted avg     0.7627    0.7676    0.7623       185

micro f-score: 0.7675675675675676

========== Train Epoch 104 ==========
Loss: 0.005	Accuracy: 76.76%	Cost 30s
              precision    recall  f1-score   support

         bzx     0.7000    0.6774    0.6885        31
         cwx     0.7500    0.8400    0.7925        25
         hdx     0.6364    0.4118    0.5000        17
         mtx     0.8750    0.7778    0.8235        18
         nqx     0.8077    0.8750    0.8400        24
         qtx     0.8387    0.8966    0.8667        29
         zxx     0.7442    0.7805    0.7619        41

    accuracy                         0.7676       185
   macro avg     0.7646    0.7513    0.7533       185
weighted avg     0.7634    0.7676    0.7622       185

micro f-score: 0.7675675675675676

========== Train Epoch 105 ==========
Loss: 0.005	Accuracy: 75.68%	Cost 29s
              precision    recall  f1-score   support

         bzx     0.6923    0.5806    0.6316        31
         cwx     0.7778    0.8400    0.8077        25
         hdx     0.6154    0.4706    0.5333        17
         mtx     0.8750    0.7778    0.8235        18
         nqx     0.8000    0.8333    0.8163        24
         qtx     0.8387    0.8966    0.8667        29
         zxx     0.7021    0.8049    0.7500        41

    accuracy                         0.7568       185
   macro avg     0.7573    0.7434    0.7470       185
weighted avg     0.7537    0.7568    0.7521       185

micro f-score: 0.7567567567567567

========== Train Epoch 106 ==========
Loss: 0.005	Accuracy: 76.22%	Cost 28s
              precision    recall  f1-score   support

         bzx     0.7037    0.6129    0.6552        31
         cwx     0.7500    0.8400    0.7925        25
         hdx     0.6364    0.4118    0.5000        17
         mtx     0.8824    0.8333    0.8571        18
         nqx     0.8333    0.8333    0.8333        24
         qtx     0.8387    0.8966    0.8667        29
         zxx     0.7021    0.8049    0.7500        41

    accuracy                         0.7622       185
   macro avg     0.7638    0.7475    0.7507       185
weighted avg     0.7588    0.7622    0.7564       185

micro f-score: 0.7621621621621621

========== Train Epoch 107 ==========
Loss: 0.006	Accuracy: 77.30%	Cost 27s
              precision    recall  f1-score   support

         bzx     0.7143    0.6452    0.6780        31
         cwx     0.7500    0.8400    0.7925        25
         hdx     0.7000    0.4118    0.5185        17
         mtx     0.8824    0.8333    0.8571        18
         nqx     0.8333    0.8333    0.8333        24
         qtx     0.8387    0.8966    0.8667        29
         zxx     0.7234    0.8293    0.7727        41

    accuracy                         0.7730       185
   macro avg     0.7774    0.7556    0.7598       185
weighted avg     0.7711    0.7730    0.7670       185

micro f-score: 0.772972972972973

========== Train Epoch 108 ==========
Loss: 0.005	Accuracy: 74.59%	Cost 30s
              precision    recall  f1-score   support

         bzx     0.6800    0.5484    0.6071        31
         cwx     0.7500    0.8400    0.7925        25
         hdx     0.5385    0.4118    0.4667        17
         mtx     0.8824    0.8333    0.8571        18
         nqx     0.8261    0.7917    0.8085        24
         qtx     0.8387    0.8966    0.8667        29
         zxx     0.6875    0.8049    0.7416        41

    accuracy                         0.7459       185
   macro avg     0.7433    0.7324    0.7343       185
weighted avg     0.7416    0.7459    0.7402       185

micro f-score: 0.7459459459459459

========== Train Epoch 109 ==========
Loss: 0.005	Accuracy: 75.68%	Cost 28s
              precision    recall  f1-score   support

         bzx     0.7000    0.6774    0.6885        31
         cwx     0.7500    0.8400    0.7925        25
         hdx     0.5833    0.4118    0.4828        17
         mtx     0.7895    0.8333    0.8108        18
         nqx     0.8182    0.7500    0.7826        24
         qtx     0.8387    0.8966    0.8667        29
         zxx     0.7442    0.7805    0.7619        41

    accuracy                         0.7568       185
   macro avg     0.7463    0.7414    0.7408       185
weighted avg     0.7516    0.7568    0.7520       185

micro f-score: 0.7567567567567567

========== Train Epoch 110 ==========
Loss: 0.005	Accuracy: 76.76%	Cost 29s
              precision    recall  f1-score   support

         bzx     0.7143    0.6452    0.6780        31
         cwx     0.7500    0.8400    0.7925        25
         hdx     0.6364    0.4118    0.5000        17
         mtx     0.8824    0.8333    0.8571        18
         nqx     0.8333    0.8333    0.8333        24
         qtx     0.8387    0.8966    0.8667        29
         zxx     0.7174    0.8049    0.7586        41

    accuracy                         0.7676       185
   macro avg     0.7675    0.7521    0.7552       185
weighted avg     0.7639    0.7676    0.7621       185

micro f-score: 0.7675675675675676

========== Train Epoch 111 ==========
Epoch   111: reducing learning rate of group 0 to 1.0000e-07.
Loss: 0.005	Accuracy: 77.84%	Cost 28s
              precision    recall  f1-score   support

         bzx     0.7241    0.6774    0.7000        31
         cwx     0.7586    0.8800    0.8148        25
         hdx     0.6364    0.4118    0.5000        17
         mtx     0.8750    0.7778    0.8235        18
         nqx     0.8077    0.8750    0.8400        24
         qtx     0.8387    0.8966    0.8667        29
         zxx     0.7674    0.8049    0.7857        41

    accuracy                         0.7784       185
   macro avg     0.7726    0.7605    0.7615       185
weighted avg     0.7738    0.7784    0.7724       185

micro f-score: 0.7783783783783784

========== Train Epoch 112 ==========
Loss: 0.004	Accuracy: 75.68%	Cost 29s
              precision    recall  f1-score   support

         bzx     0.6923    0.5806    0.6316        31
         cwx     0.7500    0.8400    0.7925        25
         hdx     0.5833    0.4118    0.4828        17
         mtx     0.8750    0.7778    0.8235        18
         nqx     0.8077    0.8750    0.8400        24
         qtx     0.8387    0.8966    0.8667        29
         zxx     0.7174    0.8049    0.7586        41

    accuracy                         0.7568       185
   macro avg     0.7521    0.7409    0.7422       185
weighted avg     0.7513    0.7568    0.7504       185

micro f-score: 0.7567567567567567

========== Train Epoch 113 ==========
Loss: 0.006	Accuracy: 74.59%	Cost 27s
              precision    recall  f1-score   support

         bzx     0.6800    0.5484    0.6071        31
         cwx     0.7500    0.8400    0.7925        25
         hdx     0.5385    0.4118    0.4667        17
         mtx     0.8824    0.8333    0.8571        18
         nqx     0.8261    0.7917    0.8085        24
         qtx     0.8387    0.8966    0.8667        29
         zxx     0.6875    0.8049    0.7416        41

    accuracy                         0.7459       185
   macro avg     0.7433    0.7324    0.7343       185
weighted avg     0.7416    0.7459    0.7402       185

micro f-score: 0.7459459459459459

========== Train Epoch 114 ==========
Loss: 0.005	Accuracy: 74.05%	Cost 29s
              precision    recall  f1-score   support

         bzx     0.6800    0.5484    0.6071        31
         cwx     0.7500    0.8400    0.7925        25
         hdx     0.5385    0.4118    0.4667        17
         mtx     0.8750    0.7778    0.8235        18
         nqx     0.7917    0.7917    0.7917        24
         qtx     0.8387    0.8966    0.8667        29
         zxx     0.6875    0.8049    0.7416        41

    accuracy                         0.7405       185
   macro avg     0.7373    0.7244    0.7271       185
weighted avg     0.7365    0.7405    0.7347       185

micro f-score: 0.7405405405405405

========== Train Epoch 115 ==========
Loss: 0.005	Accuracy: 75.14%	Cost 29s
              precision    recall  f1-score   support

         bzx     0.7037    0.6129    0.6552        31
         cwx     0.7500    0.8400    0.7925        25
         hdx     0.5385    0.4118    0.4667        17
         mtx     0.8750    0.7778    0.8235        18
         nqx     0.7917    0.7917    0.7917        24
         qtx     0.8387    0.8966    0.8667        29
         zxx     0.7174    0.8049    0.7586        41

    accuracy                         0.7514       185
   macro avg     0.7450    0.7336    0.7364       185
weighted avg     0.7471    0.7514    0.7466       185

micro f-score: 0.7513513513513513

========== Train Epoch 116 ==========
Loss: 0.005	Accuracy: 75.14%	Cost 29s
              precision    recall  f1-score   support

         bzx     0.7037    0.6129    0.6552        31
         cwx     0.7241    0.8400    0.7778        25
         hdx     0.5833    0.4118    0.4828        17
         mtx     0.8750    0.7778    0.8235        18
         nqx     0.8261    0.7917    0.8085        24
         qtx     0.8387    0.8966    0.8667        29
         zxx     0.7021    0.8049    0.7500        41

    accuracy                         0.7514       185
   macro avg     0.7504    0.7336    0.7378       185
weighted avg     0.7488    0.7514    0.7463       185

micro f-score: 0.7513513513513513

========== Train Epoch 117 ==========
Loss: 0.005	Accuracy: 76.22%	Cost 30s
              precision    recall  f1-score   support

         bzx     0.7143    0.6452    0.6780        31
         cwx     0.7500    0.8400    0.7925        25
         hdx     0.5385    0.4118    0.4667        17
         mtx     0.8824    0.8333    0.8571        18
         nqx     0.8261    0.7917    0.8085        24
         qtx     0.8387    0.8966    0.8667        29
         zxx     0.7333    0.8049    0.7674        41

    accuracy                         0.7622       185
   macro avg     0.7547    0.7462    0.7481       185
weighted avg     0.7575    0.7622    0.7578       185

micro f-score: 0.7621621621621621

========== Train Epoch 118 ==========
Loss: 0.006	Accuracy: 75.68%	Cost 30s
              precision    recall  f1-score   support

         bzx     0.6786    0.6129    0.6441        31
         cwx     0.7500    0.8400    0.7925        25
         hdx     0.5833    0.4118    0.4828        17
         mtx     0.8333    0.8333    0.8333        18
         nqx     0.8333    0.8333    0.8333        24
         qtx     0.8387    0.8966    0.8667        29
         zxx     0.7273    0.7805    0.7529        41

    accuracy                         0.7568       185
   macro avg     0.7492    0.7441    0.7437       185
weighted avg     0.7505    0.7568    0.7513       185

micro f-score: 0.7567567567567567

========== Train Epoch 119 ==========
Loss: 0.005	Accuracy: 74.59%	Cost 29s
              precision    recall  f1-score   support

         bzx     0.6800    0.5484    0.6071        31
         cwx     0.7500    0.8400    0.7925        25
         hdx     0.5833    0.4118    0.4828        17
         mtx     0.8750    0.7778    0.8235        18
         nqx     0.8000    0.8333    0.8163        24
         qtx     0.8387    0.8966    0.8667        29
         zxx     0.6875    0.8049    0.7416        41

    accuracy                         0.7459       185
   macro avg     0.7449    0.7304    0.7329       185
weighted avg     0.7417    0.7459    0.7394       185

micro f-score: 0.7459459459459459

========== Train Epoch 120 ==========
Loss: 0.008	Accuracy: 77.30%	Cost 28s
              precision    recall  f1-score   support

         bzx     0.7037    0.6129    0.6552        31
         cwx     0.8077    0.8400    0.8235        25
         hdx     0.6429    0.5294    0.5806        17
         mtx     0.8824    0.8333    0.8571        18
         nqx     0.8333    0.8333    0.8333        24
         qtx     0.8387    0.8966    0.8667        29
         zxx     0.7174    0.8049    0.7586        41

    accuracy                         0.7730       185
   macro avg     0.7751    0.7643    0.7679       185
weighted avg     0.7706    0.7730    0.7699       185

micro f-score: 0.772972972972973

========== Train Epoch 121 ==========
Loss: 0.005	Accuracy: 76.76%	Cost 29s
              precision    recall  f1-score   support

         bzx     0.7037    0.6129    0.6552        31
         cwx     0.7500    0.8400    0.7925        25
         hdx     0.7000    0.4118    0.5185        17
         mtx     0.8824    0.8333    0.8571        18
         nqx     0.8333    0.8333    0.8333        24
         qtx     0.8387    0.8966    0.8667        29
         zxx     0.7083    0.8293    0.7640        41

    accuracy                         0.7676       185
   macro avg     0.7738    0.7510    0.7553       185
weighted avg     0.7660    0.7676    0.7612       185

micro f-score: 0.7675675675675676

========== Train Epoch 122 ==========
Loss: 0.005	Accuracy: 74.59%	Cost 29s
              precision    recall  f1-score   support

         bzx     0.6800    0.5484    0.6071        31
         cwx     0.7241    0.8400    0.7778        25
         hdx     0.5833    0.4118    0.4828        17
         mtx     0.8750    0.7778    0.8235        18
         nqx     0.8333    0.8333    0.8333        24
         qtx     0.8387    0.8966    0.8667        29
         zxx     0.6875    0.8049    0.7416        41

    accuracy                         0.7459       185
   macro avg     0.7460    0.7304    0.7333       185
weighted avg     0.7425    0.7459    0.7396       185

micro f-score: 0.7459459459459459

========== Train Epoch 123 ==========
Loss: 0.006	Accuracy: 75.14%	Cost 28s
              precision    recall  f1-score   support

         bzx     0.6800    0.5484    0.6071        31
         cwx     0.7500    0.8400    0.7925        25
         hdx     0.5833    0.4118    0.4828        17
         mtx     0.8824    0.8333    0.8571        18
         nqx     0.8333    0.8333    0.8333        24
         qtx     0.8387    0.8966    0.8667        29
         zxx     0.6875    0.8049    0.7416        41

    accuracy                         0.7514       185
   macro avg     0.7507    0.7383    0.7402       185
weighted avg     0.7467    0.7514    0.7449       185

micro f-score: 0.7513513513513513

========== Train Epoch 124 ==========
Loss: 0.005	Accuracy: 76.22%	Cost 29s
              precision    recall  f1-score   support

         bzx     0.7143    0.6452    0.6780        31
         cwx     0.7500    0.8400    0.7925        25
         hdx     0.6364    0.4118    0.5000        17
         mtx     0.8750    0.7778    0.8235        18
         nqx     0.8000    0.8333    0.8163        24
         qtx     0.8387    0.8966    0.8667        29
         zxx     0.7174    0.8049    0.7586        41

    accuracy                         0.7622       185
   macro avg     0.7617    0.7442    0.7479       185
weighted avg     0.7589    0.7622    0.7567       185

micro f-score: 0.7621621621621621

========== Train Epoch 125 ==========
Loss: 0.005	Accuracy: 76.76%	Cost 27s
              precision    recall  f1-score   support

         bzx     0.7143    0.6452    0.6780        31
         cwx     0.7500    0.8400    0.7925        25
         hdx     0.5833    0.4118    0.4828        17
         mtx     0.8824    0.8333    0.8571        18
         nqx     0.8333    0.8333    0.8333        24
         qtx     0.8387    0.8966    0.8667        29
         zxx     0.7333    0.8049    0.7674        41

    accuracy                         0.7676       185
   macro avg     0.7622    0.7521    0.7540       185
weighted avg     0.7626    0.7676    0.7625       185

micro f-score: 0.7675675675675676

========== Train Epoch 126 ==========
Loss: 0.006	Accuracy: 76.22%	Cost 28s
              precision    recall  f1-score   support

         bzx     0.7143    0.6452    0.6780        31
         cwx     0.7500    0.8400    0.7925        25
         hdx     0.6364    0.4118    0.5000        17
         mtx     0.8750    0.7778    0.8235        18
         nqx     0.8000    0.8333    0.8163        24
         qtx     0.8387    0.8966    0.8667        29
         zxx     0.7174    0.8049    0.7586        41

    accuracy                         0.7622       185
   macro avg     0.7617    0.7442    0.7479       185
weighted avg     0.7589    0.7622    0.7567       185

micro f-score: 0.7621621621621621

========== Train Epoch 127 ==========
Loss: 0.006	Accuracy: 76.76%	Cost 30s
              precision    recall  f1-score   support

         bzx     0.7143    0.6452    0.6780        31
         cwx     0.7500    0.8400    0.7925        25
         hdx     0.6364    0.4118    0.5000        17
         mtx     0.8824    0.8333    0.8571        18
         nqx     0.8333    0.8333    0.8333        24
         qtx     0.8387    0.8966    0.8667        29
         zxx     0.7174    0.8049    0.7586        41

    accuracy                         0.7676       185
   macro avg     0.7675    0.7521    0.7552       185
weighted avg     0.7639    0.7676    0.7621       185

micro f-score: 0.7675675675675676

========== Train Epoch 128 ==========
Epoch   128: reducing learning rate of group 0 to 1.0000e-08.
Loss: 0.005	Accuracy: 76.76%	Cost 29s
              precision    recall  f1-score   support

         bzx     0.7000    0.6774    0.6885        31
         cwx     0.7500    0.8400    0.7925        25
         hdx     0.6364    0.4118    0.5000        17
         mtx     0.8750    0.7778    0.8235        18
         nqx     0.8077    0.8750    0.8400        24
         qtx     0.8387    0.8966    0.8667        29
         zxx     0.7442    0.7805    0.7619        41

    accuracy                         0.7676       185
   macro avg     0.7646    0.7513    0.7533       185
weighted avg     0.7634    0.7676    0.7622       185

micro f-score: 0.7675675675675676

Finished training!!!

Min Loss = 0.004 in epoch 111;
Max Accuracy = 80.54% in epoch 26;
Total Cost 62 minutes

==========================================================================================
Layer (type:depth-idx)                   Output Shape              Param #
==========================================================================================
Conv2d: 1-1                            [-1, 64, 160, 160]        9,408
BatchNorm2d: 1-2                       [-1, 64, 160, 160]        128
ReLU: 1-3                              [-1, 64, 160, 160]        --
MaxPool2d: 1-4                         [-1, 64, 80, 80]          --
Sequential: 1-5                        [-1, 64, 80, 80]          --
|    BasicBlock: 2-1                   [-1, 64, 80, 80]          --
|    |    Conv2d: 3-1                  [-1, 64, 80, 80]          36,864
|    |    BatchNorm2d: 3-2             [-1, 64, 80, 80]          128
|    |    ReLU: 3-3                    [-1, 64, 80, 80]          --
|    |    Conv2d: 3-4                  [-1, 64, 80, 80]          36,864
|    |    BatchNorm2d: 3-5             [-1, 64, 80, 80]          128
|    |    ReLU: 3-6                    [-1, 64, 80, 80]          --
|    BasicBlock: 2-2                   [-1, 64, 80, 80]          --
|    |    Conv2d: 3-7                  [-1, 64, 80, 80]          36,864
|    |    BatchNorm2d: 3-8             [-1, 64, 80, 80]          128
|    |    ReLU: 3-9                    [-1, 64, 80, 80]          --
|    |    Conv2d: 3-10                 [-1, 64, 80, 80]          36,864
|    |    BatchNorm2d: 3-11            [-1, 64, 80, 80]          128
|    |    ReLU: 3-12                   [-1, 64, 80, 80]          --
Sequential: 1-6                        [-1, 128, 40, 40]         --
|    BasicBlock: 2-3                   [-1, 128, 40, 40]         --
|    |    Conv2d: 3-13                 [-1, 128, 40, 40]         73,728
|    |    BatchNorm2d: 3-14            [-1, 128, 40, 40]         256
|    |    ReLU: 3-15                   [-1, 128, 40, 40]         --
|    |    Conv2d: 3-16                 [-1, 128, 40, 40]         147,456
|    |    BatchNorm2d: 3-17            [-1, 128, 40, 40]         256
|    |    Sequential: 3-18             [-1, 128, 40, 40]         8,448
|    |    ReLU: 3-19                   [-1, 128, 40, 40]         --
|    BasicBlock: 2-4                   [-1, 128, 40, 40]         --
|    |    Conv2d: 3-20                 [-1, 128, 40, 40]         147,456
|    |    BatchNorm2d: 3-21            [-1, 128, 40, 40]         256
|    |    ReLU: 3-22                   [-1, 128, 40, 40]         --
|    |    Conv2d: 3-23                 [-1, 128, 40, 40]         147,456
|    |    BatchNorm2d: 3-24            [-1, 128, 40, 40]         256
|    |    ReLU: 3-25                   [-1, 128, 40, 40]         --
Sequential: 1-7                        [-1, 256, 20, 20]         --
|    BasicBlock: 2-5                   [-1, 256, 20, 20]         --
|    |    Conv2d: 3-26                 [-1, 256, 20, 20]         294,912
|    |    BatchNorm2d: 3-27            [-1, 256, 20, 20]         512
|    |    ReLU: 3-28                   [-1, 256, 20, 20]         --
|    |    Conv2d: 3-29                 [-1, 256, 20, 20]         589,824
|    |    BatchNorm2d: 3-30            [-1, 256, 20, 20]         512
|    |    Sequential: 3-31             [-1, 256, 20, 20]         33,280
|    |    ReLU: 3-32                   [-1, 256, 20, 20]         --
|    BasicBlock: 2-6                   [-1, 256, 20, 20]         --
|    |    Conv2d: 3-33                 [-1, 256, 20, 20]         589,824
|    |    BatchNorm2d: 3-34            [-1, 256, 20, 20]         512
|    |    ReLU: 3-35                   [-1, 256, 20, 20]         --
|    |    Conv2d: 3-36                 [-1, 256, 20, 20]         589,824
|    |    BatchNorm2d: 3-37            [-1, 256, 20, 20]         512
|    |    ReLU: 3-38                   [-1, 256, 20, 20]         --
Sequential: 1-8                        [-1, 512, 10, 10]         --
|    BasicBlock: 2-7                   [-1, 512, 10, 10]         --
|    |    Conv2d: 3-39                 [-1, 512, 10, 10]         1,179,648
|    |    BatchNorm2d: 3-40            [-1, 512, 10, 10]         1,024
|    |    ReLU: 3-41                   [-1, 512, 10, 10]         --
|    |    Conv2d: 3-42                 [-1, 512, 10, 10]         2,359,296
|    |    BatchNorm2d: 3-43            [-1, 512, 10, 10]         1,024
|    |    Sequential: 3-44             [-1, 512, 10, 10]         132,096
|    |    ReLU: 3-45                   [-1, 512, 10, 10]         --
|    BasicBlock: 2-8                   [-1, 512, 10, 10]         --
|    |    Conv2d: 3-46                 [-1, 512, 10, 10]         2,359,296
|    |    BatchNorm2d: 3-47            [-1, 512, 10, 10]         1,024
|    |    ReLU: 3-48                   [-1, 512, 10, 10]         --
|    |    Conv2d: 3-49                 [-1, 512, 10, 10]         2,359,296
|    |    BatchNorm2d: 3-50            [-1, 512, 10, 10]         1,024
|    |    ReLU: 3-51                   [-1, 512, 10, 10]         --
AdaptiveAvgPool2d: 1-9                 [-1, 512, 1, 1]           --
Linear: 1-10                           [-1, 7]                   3,591
==========================================================================================
Total params: 11,180,103
Trainable params: 11,180,103
Non-trainable params: 0
Total mult-adds (G): 3.72
==========================================================================================
Input size (MB): 1.17
Forward/backward pass size (MB): 77.34
Params size (MB): 42.65
Estimated Total Size (MB): 121.16
==========================================================================================



