dataset_path: /home/djy/dataset/dataset2
pretrained : False 
parallel: False

msg: alexnet
using model: AlexNet, _alexnet
using device cuda:0
batch_size = 20
epochs = 64
loss_function = CrossEntropyLoss()
optimizer = Adam (
Parameter Group 0
    amsgrad: False
    betas: (0.9, 0.999)
    eps: 1e-08
    lr: 0.0001
    weight_decay: 0
)


========== Train Epoch 1 ==========
Loss: 1.939	Accuracy: 25.41%	Cost 27s
              precision    recall  f1-score   support

         bzx     0.2381    0.1613    0.1923        31
         cwx     0.3333    0.1364    0.1935        22
         hdx     0.0000    0.0000    0.0000        17
         mtx     0.0000    0.0000    0.0000        19
         nqx     0.3750    0.2500    0.3000        12
         qtx     0.0000    0.0000    0.0000        45
         zxx     0.2609    0.9231    0.4068        39

    accuracy                         0.2541       185
   macro avg     0.1725    0.2101    0.1561       185
weighted avg     0.1589    0.2541    0.1605       185

micro f-score: 0.25405405405405407

========== Train Epoch 2 ==========
/home/djy/anaconda3/envs/pytorch/lib/python3.7/site-packages/sklearn/metrics/_classification.py:1308: UndefinedMetricWarning: Precision and F-score are ill-defined and being set to 0.0 in labels with no predicted samples. Use `zero_division` parameter to control this behavior.
  _warn_prf(average, modifier, msg_start, len(result))
/home/djy/anaconda3/envs/pytorch/lib/python3.7/site-packages/sklearn/metrics/_classification.py:1308: UndefinedMetricWarning: Precision and F-score are ill-defined and being set to 0.0 in labels with no predicted samples. Use `zero_division` parameter to control this behavior.
  _warn_prf(average, modifier, msg_start, len(result))
/home/djy/anaconda3/envs/pytorch/lib/python3.7/site-packages/sklearn/metrics/_classification.py:1308: UndefinedMetricWarning: Precision and F-score are ill-defined and being set to 0.0 in labels with no predicted samples. Use `zero_division` parameter to control this behavior.
  _warn_prf(average, modifier, msg_start, len(result))
Loss: 1.760	Accuracy: 25.95%	Cost 25s
              precision    recall  f1-score   support

         bzx     0.2857    0.0645    0.1053        31
         cwx     0.1613    0.2273    0.1887        22
         hdx     0.0000    0.0000    0.0000        17
         mtx     0.0000    0.0000    0.0000        19
         nqx     0.2857    0.1667    0.2105        12
         qtx     0.2500    0.0444    0.0755        45
         zxx     0.2803    0.9487    0.4327        39

    accuracy                         0.2595       185
   macro avg     0.1804    0.2074    0.1447       185
weighted avg     0.2055    0.2595    0.1633       185

micro f-score: 0.2594594594594595

========== Train Epoch 3 ==========
/home/djy/anaconda3/envs/pytorch/lib/python3.7/site-packages/sklearn/metrics/_classification.py:1308: UndefinedMetricWarning: Precision and F-score are ill-defined and being set to 0.0 in labels with no predicted samples. Use `zero_division` parameter to control this behavior.
  _warn_prf(average, modifier, msg_start, len(result))
/home/djy/anaconda3/envs/pytorch/lib/python3.7/site-packages/sklearn/metrics/_classification.py:1308: UndefinedMetricWarning: Precision and F-score are ill-defined and being set to 0.0 in labels with no predicted samples. Use `zero_division` parameter to control this behavior.
  _warn_prf(average, modifier, msg_start, len(result))
/home/djy/anaconda3/envs/pytorch/lib/python3.7/site-packages/sklearn/metrics/_classification.py:1308: UndefinedMetricWarning: Precision and F-score are ill-defined and being set to 0.0 in labels with no predicted samples. Use `zero_division` parameter to control this behavior.
  _warn_prf(average, modifier, msg_start, len(result))
Loss: 1.652	Accuracy: 38.38%	Cost 27s
              precision    recall  f1-score   support

         bzx     0.3158    0.1935    0.2400        31
         cwx     0.3125    0.2273    0.2632        22
         hdx     0.0000    0.0000    0.0000        17
         mtx     0.1220    0.2632    0.1667        19
         nqx     1.0000    0.1667    0.2857        12
         qtx     0.4898    0.5333    0.5106        45
         zxx     0.5000    0.7436    0.5979        39

    accuracy                         0.3838       185
   macro avg     0.3914    0.3039    0.2949       185
weighted avg     0.3920    0.3838    0.3574       185

micro f-score: 0.3837837837837838

========== Train Epoch 4 ==========
/home/djy/anaconda3/envs/pytorch/lib/python3.7/site-packages/sklearn/metrics/_classification.py:1308: UndefinedMetricWarning: Precision and F-score are ill-defined and being set to 0.0 in labels with no predicted samples. Use `zero_division` parameter to control this behavior.
  _warn_prf(average, modifier, msg_start, len(result))
/home/djy/anaconda3/envs/pytorch/lib/python3.7/site-packages/sklearn/metrics/_classification.py:1308: UndefinedMetricWarning: Precision and F-score are ill-defined and being set to 0.0 in labels with no predicted samples. Use `zero_division` parameter to control this behavior.
  _warn_prf(average, modifier, msg_start, len(result))
/home/djy/anaconda3/envs/pytorch/lib/python3.7/site-packages/sklearn/metrics/_classification.py:1308: UndefinedMetricWarning: Precision and F-score are ill-defined and being set to 0.0 in labels with no predicted samples. Use `zero_division` parameter to control this behavior.
  _warn_prf(average, modifier, msg_start, len(result))
Loss: 1.533	Accuracy: 43.24%	Cost 28s
              precision    recall  f1-score   support

         bzx     0.5385    0.2258    0.3182        31
         cwx     0.3077    0.1818    0.2286        22
         hdx     0.2000    0.0588    0.0909        17
         mtx     0.2400    0.3158    0.2727        19
         nqx     1.0000    0.2500    0.4000        12
         qtx     0.4375    0.6222    0.5138        45
         zxx     0.5000    0.7949    0.6139        39

    accuracy                         0.4324       185
   macro avg     0.4605    0.3499    0.3483       185
weighted avg     0.4465    0.4324    0.3972       185

micro f-score: 0.43243243243243246

========== Train Epoch 5 ==========
Loss: 1.460	Accuracy: 48.65%	Cost 26s
              precision    recall  f1-score   support

         bzx     0.3200    0.5161    0.3951        31
         cwx     0.5000    0.1364    0.2143        22
         hdx     0.2273    0.2941    0.2564        17
         mtx     0.2500    0.2105    0.2286        19
         nqx     0.7500    0.7500    0.7500        12
         qtx     0.7931    0.5111    0.6216        45
         zxx     0.6000    0.7692    0.6742        39

    accuracy                         0.4865       185
   macro avg     0.4915    0.4554    0.4486       185
weighted avg     0.5277    0.4865    0.4807       185

micro f-score: 0.4864864864864865

========== Train Epoch 6 ==========
Loss: 1.379	Accuracy: 44.32%	Cost 27s
              precision    recall  f1-score   support

         bzx     0.4000    0.5161    0.4507        31
         cwx     0.3333    0.2727    0.3000        22
         hdx     0.1875    0.3529    0.2449        17
         mtx     0.0000    0.0000    0.0000        19
         nqx     0.3600    0.7500    0.4865        12
         qtx     0.5909    0.5778    0.5843        45
         zxx     0.7600    0.4872    0.5938        39

    accuracy                         0.4432       185
   macro avg     0.3760    0.4224    0.3800       185
weighted avg     0.4512    0.4432    0.4325       185

micro f-score: 0.44324324324324327

========== Train Epoch 7 ==========
Loss: 1.268	Accuracy: 48.65%	Cost 28s
              precision    recall  f1-score   support

         bzx     0.5000    0.2903    0.3673        31
         cwx     0.5714    0.1818    0.2759        22
         hdx     0.2222    0.2353    0.2286        17
         mtx     0.0000    0.0000    0.0000        19
         nqx     0.4500    0.7500    0.5625        12
         qtx     0.5082    0.6889    0.5849        45
         zxx     0.5789    0.8462    0.6875        39

    accuracy                         0.4865       185
   macro avg     0.4044    0.4275    0.3867       185
weighted avg     0.4470    0.4865    0.4391       185

micro f-score: 0.4864864864864865

========== Train Epoch 8 ==========
Loss: 1.205	Accuracy: 48.11%	Cost 29s
              precision    recall  f1-score   support

         bzx     0.4286    0.1935    0.2667        31
         cwx     0.3617    0.7727    0.4928        22
         hdx     0.1364    0.1765    0.1538        17
         mtx     0.2222    0.1053    0.1429        19
         nqx     0.6154    0.6667    0.6400        12
         qtx     0.7000    0.6222    0.6588        45
         zxx     0.6250    0.6410    0.6329        39

    accuracy                         0.4811       185
   macro avg     0.4413    0.4540    0.4268       185
weighted avg     0.4921    0.4811    0.4673       185

micro f-score: 0.4810810810810811

========== Train Epoch 9 ==========
Loss: 1.205	Accuracy: 48.65%	Cost 28s
              precision    recall  f1-score   support

         bzx     0.3871    0.3871    0.3871        31
         cwx     0.4091    0.4091    0.4091        22
         hdx     0.2222    0.2353    0.2286        17
         mtx     0.1250    0.0526    0.0741        19
         nqx     0.4167    0.8333    0.5556        12
         qtx     0.7273    0.5333    0.6154        45
         zxx     0.6122    0.7692    0.6818        39

    accuracy                         0.4865       185
   macro avg     0.4142    0.4600    0.4217       185
weighted avg     0.4798    0.4865    0.4716       185

micro f-score: 0.4864864864864865

========== Train Epoch 10 ==========
Loss: 1.068	Accuracy: 51.89%	Cost 42s
              precision    recall  f1-score   support

         bzx     0.5000    0.3548    0.4151        31
         cwx     0.5455    0.2727    0.3636        22
         hdx     0.3333    0.1765    0.2308        17
         mtx     0.2857    0.3158    0.3000        19
         nqx     0.5625    0.7500    0.6429        12
         qtx     0.7436    0.6444    0.6905        45
         zxx     0.4776    0.8205    0.6038        39

    accuracy                         0.5189       185
   macro avg     0.4926    0.4764    0.4638       185
weighted avg     0.5267    0.5189    0.5018       185

micro f-score: 0.518918918918919

========== Train Epoch 11 ==========
Loss: 1.030	Accuracy: 51.35%	Cost 45s
              precision    recall  f1-score   support

         bzx     0.5333    0.2581    0.3478        31
         cwx     0.4286    0.2727    0.3333        22
         hdx     0.2174    0.2941    0.2500        17
         mtx     1.0000    0.1053    0.1905        19
         nqx     0.6923    0.7500    0.7200        12
         qtx     0.4625    0.8222    0.5920        45
         zxx     0.7368    0.7179    0.7273        39

    accuracy                         0.5135       185
   macro avg     0.5816    0.4600    0.4516       185
weighted avg     0.5758    0.5135    0.4845       185

micro f-score: 0.5135135135135135

========== Train Epoch 12 ==========
Loss: 1.003	Accuracy: 49.73%	Cost 45s
              precision    recall  f1-score   support

         bzx     0.3256    0.4516    0.3784        31
         cwx     0.5455    0.2727    0.3636        22
         hdx     0.3333    0.1765    0.2308        17
         mtx     0.4545    0.2632    0.3333        19
         nqx     0.6667    0.8333    0.7407        12
         qtx     0.8462    0.4889    0.6197        45
         zxx     0.4571    0.8205    0.5872        39

    accuracy                         0.4973       185
   macro avg     0.5184    0.4724    0.4648       185
weighted avg     0.5422    0.4973    0.4847       185

micro f-score: 0.4972972972972973

========== Train Epoch 13 ==========
Loss: 0.908	Accuracy: 51.35%	Cost 45s
              precision    recall  f1-score   support

         bzx     0.4390    0.5806    0.5000        31
         cwx     0.7143    0.2273    0.3448        22
         hdx     0.3333    0.1765    0.2308        17
         mtx     0.3000    0.3158    0.3077        19
         nqx     0.3438    0.9167    0.5000        12
         qtx     0.8148    0.4889    0.6111        45
         zxx     0.6122    0.7692    0.6818        39

    accuracy                         0.5135       185
   macro avg     0.5082    0.4964    0.4537       185
weighted avg     0.5695    0.5135    0.5024       185

micro f-score: 0.5135135135135135

========== Train Epoch 14 ==========
Loss: 0.840	Accuracy: 53.51%	Cost 45s
              precision    recall  f1-score   support

         bzx     0.5556    0.3226    0.4082        31
         cwx     0.4545    0.6818    0.5455        22
         hdx     0.3333    0.2941    0.3125        17
         mtx     0.5000    0.2105    0.2963        19
         nqx     0.5789    0.9167    0.7097        12
         qtx     0.8800    0.4889    0.6286        45
         zxx     0.4776    0.8205    0.6038        39

    accuracy                         0.5351       185
   macro avg     0.5400    0.5336    0.5006       185
weighted avg     0.5814    0.5351    0.5186       185

micro f-score: 0.5351351351351351

========== Train Epoch 15 ==========
Loss: 0.802	Accuracy: 53.51%	Cost 46s
              precision    recall  f1-score   support

         bzx     0.4138    0.3871    0.4000        31
         cwx     0.3750    0.4091    0.3913        22
         hdx     0.4286    0.3529    0.3871        17
         mtx     0.3125    0.2632    0.2857        19
         nqx     0.6000    0.7500    0.6667        12
         qtx     0.8333    0.5556    0.6667        45
         zxx     0.5789    0.8462    0.6875        39

    accuracy                         0.5351       185
   macro avg     0.5060    0.5091    0.4978       185
weighted avg     0.5491    0.5351    0.5288       185

micro f-score: 0.5351351351351351

========== Train Epoch 16 ==========
Loss: 0.759	Accuracy: 53.51%	Cost 47s
              precision    recall  f1-score   support

         bzx     0.3438    0.7097    0.4632        31
         cwx     0.5000    0.4545    0.4762        22
         hdx     1.0000    0.0588    0.1111        17
         mtx     0.3750    0.3158    0.3429        19
         nqx     0.5238    0.9167    0.6667        12
         qtx     0.8929    0.5556    0.6849        45
         zxx     0.6857    0.6154    0.6486        39

    accuracy                         0.5351       185
   macro avg     0.6173    0.5181    0.4848       185
weighted avg     0.6432    0.5351    0.5263       185

micro f-score: 0.5351351351351351

========== Train Epoch 17 ==========
Loss: 0.707	Accuracy: 46.49%	Cost 47s
              precision    recall  f1-score   support

         bzx     0.3103    0.5806    0.4045        31
         cwx     0.4348    0.4545    0.4444        22
         hdx     0.5000    0.0588    0.1053        17
         mtx     0.2727    0.1579    0.2000        19
         nqx     0.5000    0.9167    0.6471        12
         qtx     0.9231    0.2667    0.4138        45
         zxx     0.5536    0.7949    0.6526        39

    accuracy                         0.4649       185
   macro avg     0.4992    0.4614    0.4097       185
weighted avg     0.5513    0.4649    0.4311       185

micro f-score: 0.4648648648648649

========== Train Epoch 18 ==========
Loss: 0.714	Accuracy: 47.57%	Cost 46s
              precision    recall  f1-score   support

         bzx     0.3273    0.5806    0.4186        31
         cwx     0.2727    0.5455    0.3636        22
         hdx     0.5000    0.0588    0.1053        17
         mtx     0.3333    0.1579    0.2143        19
         nqx     0.5714    0.6667    0.6154        12
         qtx     0.7879    0.5778    0.6667        45
         zxx     0.7143    0.5128    0.5970        39

    accuracy                         0.4757       185
   macro avg     0.5010    0.4429    0.4258       185
weighted avg     0.5467    0.4757    0.4730       185

micro f-score: 0.4756756756756757

========== Train Epoch 19 ==========
Loss: 0.681	Accuracy: 57.84%	Cost 44s
              precision    recall  f1-score   support

         bzx     0.3958    0.6129    0.4810        31
         cwx     0.5652    0.5909    0.5778        22
         hdx     0.5385    0.4118    0.4667        17
         mtx     0.0000    0.0000    0.0000        19
         nqx     0.6250    0.8333    0.7143        12
         qtx     0.7111    0.7111    0.7111        45
         zxx     0.7027    0.6667    0.6842        39

    accuracy                         0.5784       185
   macro avg     0.5055    0.5467    0.5193       185
weighted avg     0.5447    0.5784    0.5557       185

micro f-score: 0.5783783783783784

========== Train Epoch 20 ==========
Loss: 0.608	Accuracy: 56.76%	Cost 45s
              precision    recall  f1-score   support

         bzx     0.4872    0.6129    0.5429        31
         cwx     0.6667    0.4545    0.5405        22
         hdx     0.3043    0.4118    0.3500        17
         mtx     0.3846    0.2632    0.3125        19
         nqx     0.8000    0.6667    0.7273        12
         qtx     0.8621    0.5556    0.6757        45
         zxx     0.5536    0.7949    0.6526        39

    accuracy                         0.5676       185
   macro avg     0.5798    0.5371    0.5431       185
weighted avg     0.6067    0.5676    0.5686       185

micro f-score: 0.5675675675675675

========== Train Epoch 21 ==========
Loss: 0.480	Accuracy: 59.46%	Cost 44s
              precision    recall  f1-score   support

         bzx     0.7500    0.2903    0.4186        31
         cwx     0.3208    0.7727    0.4533        22
         hdx     0.6667    0.2353    0.3478        17
         mtx     0.5000    0.2632    0.3448        19
         nqx     0.5238    0.9167    0.6667        12
         qtx     0.7907    0.7556    0.7727        45
         zxx     0.7500    0.7692    0.7595        39

    accuracy                         0.5946       185
   macro avg     0.6146    0.5719    0.5376       185
weighted avg     0.6608    0.5946    0.5827       185

micro f-score: 0.5945945945945946

========== Train Epoch 22 ==========
Loss: 0.561	Accuracy: 52.43%	Cost 46s
              precision    recall  f1-score   support

         bzx     0.3684    0.4516    0.4058        31
         cwx     0.5714    0.3636    0.4444        22
         hdx     0.5000    0.1176    0.1905        17
         mtx     0.3103    0.4737    0.3750        19
         nqx     0.3143    0.9167    0.4681        12
         qtx     0.9600    0.5333    0.6857        45
         zxx     0.7250    0.7436    0.7342        39

    accuracy                         0.5243       185
   macro avg     0.5356    0.5143    0.4720       185
weighted avg     0.6142    0.5243    0.5288       185

micro f-score: 0.5243243243243243

========== Train Epoch 23 ==========
Loss: 0.616	Accuracy: 41.08%	Cost 46s
              precision    recall  f1-score   support

         bzx     0.2222    0.0645    0.1000        31
         cwx     0.5000    0.2273    0.3125        22
         hdx     0.1791    0.7059    0.2857        17
         mtx     0.3077    0.2105    0.2500        19
         nqx     0.5882    0.8333    0.6897        12
         qtx     0.5536    0.6889    0.6139        45
         zxx     0.9231    0.3077    0.4615        39

    accuracy                         0.4108       185
   macro avg     0.4677    0.4340    0.3876       185
weighted avg     0.5122    0.4108    0.3972       185

micro f-score: 0.4108108108108109

========== Train Epoch 24 ==========
Loss: 0.442	Accuracy: 60.54%	Cost 44s
              precision    recall  f1-score   support

         bzx     0.4643    0.4194    0.4407        31
         cwx     0.6667    0.5455    0.6000        22
         hdx     0.4286    0.5294    0.4737        17
         mtx     0.3333    0.3158    0.3243        19
         nqx     0.9000    0.7500    0.8182        12
         qtx     0.7857    0.7333    0.7586        45
         zxx     0.6250    0.7692    0.6897        39

    accuracy                         0.6054       185
   macro avg     0.6005    0.5804    0.5864       185
weighted avg     0.6119    0.6054    0.6050       185

micro f-score: 0.6054054054054054

========== Train Epoch 25 ==========
Loss: 0.403	Accuracy: 56.76%	Cost 46s
              precision    recall  f1-score   support

         bzx     0.6667    0.5161    0.5818        31
         cwx     0.3333    0.5000    0.4000        22
         hdx     0.1875    0.1765    0.1818        17
         mtx     0.4000    0.3158    0.3529        19
         nqx     0.6250    0.8333    0.7143        12
         qtx     0.7838    0.6444    0.7073        45
         zxx     0.6818    0.7692    0.7229        39

    accuracy                         0.5676       185
   macro avg     0.5254    0.5365    0.5230       185
weighted avg     0.5846    0.5676    0.5688       185

micro f-score: 0.5675675675675675

========== Train Epoch 26 ==========
Loss: 0.304	Accuracy: 58.92%	Cost 44s
              precision    recall  f1-score   support

         bzx     0.4318    0.6129    0.5067        31
         cwx     0.4242    0.6364    0.5091        22
         hdx     0.5556    0.2941    0.3846        17
         mtx     0.4444    0.4211    0.4324        19
         nqx     0.7273    0.6667    0.6957        12
         qtx     0.7895    0.6667    0.7229        45
         zxx     0.7812    0.6410    0.7042        39

    accuracy                         0.5892       185
   macro avg     0.5934    0.5627    0.5651       185
weighted avg     0.6234    0.5892    0.5946       185

micro f-score: 0.5891891891891892

========== Train Epoch 27 ==========
Loss: 0.368	Accuracy: 54.05%	Cost 45s
              precision    recall  f1-score   support

         bzx     0.5455    0.3871    0.4528        31
         cwx     0.7143    0.4545    0.5556        22
         hdx     0.4375    0.4118    0.4242        17
         mtx     0.3846    0.5263    0.4444        19
         nqx     0.2683    0.9167    0.4151        12
         qtx     0.8667    0.5778    0.6933        45
         zxx     0.6667    0.6154    0.6400        39

    accuracy                         0.5405       185
   macro avg     0.5548    0.5557    0.5179       185
weighted avg     0.6248    0.5405    0.5571       185

micro f-score: 0.5405405405405406

========== Train Epoch 28 ==========
Loss: 0.444	Accuracy: 60.54%	Cost 44s
              precision    recall  f1-score   support

         bzx     0.5714    0.5161    0.5424        31
         cwx     0.4375    0.3182    0.3684        22
         hdx     0.3478    0.4706    0.4000        17
         mtx     0.4286    0.6316    0.5106        19
         nqx     0.6250    0.8333    0.7143        12
         qtx     0.8333    0.6667    0.7407        45
         zxx     0.7632    0.7436    0.7532        39

    accuracy                         0.6054       185
   macro avg     0.5724    0.5972    0.5757       185
weighted avg     0.6279    0.6054    0.6092       185

micro f-score: 0.6054054054054054

========== Train Epoch 29 ==========
Loss: 0.304	Accuracy: 62.70%	Cost 46s
              precision    recall  f1-score   support

         bzx     0.5484    0.5484    0.5484        31
         cwx     0.7778    0.6364    0.7000        22
         hdx     0.3684    0.4118    0.3889        17
         mtx     0.3704    0.5263    0.4348        19
         nqx     0.9167    0.9167    0.9167        12
         qtx     0.9259    0.5556    0.6944        45
         zxx     0.6275    0.8205    0.7111        39

    accuracy                         0.6270       185
   macro avg     0.6479    0.6308    0.6278       185
weighted avg     0.6732    0.6270    0.6338       185

micro f-score: 0.6270270270270271

========== Train Epoch 30 ==========
Loss: 0.260	Accuracy: 58.38%	Cost 44s
              precision    recall  f1-score   support

         bzx     0.4138    0.3871    0.4000        31
         cwx     0.6471    0.5000    0.5641        22
         hdx     0.7143    0.2941    0.4167        17
         mtx     0.3214    0.4737    0.3830        19
         nqx     0.8000    0.6667    0.7273        12
         qtx     0.9118    0.6889    0.7848        45
         zxx     0.5333    0.8205    0.6465        39

    accuracy                         0.5838       185
   macro avg     0.6202    0.5473    0.5603       185
weighted avg     0.6310    0.5838    0.5861       185

micro f-score: 0.5837837837837838

========== Train Epoch 31 ==========
Loss: 0.258	Accuracy: 57.84%	Cost 46s
              precision    recall  f1-score   support

         bzx     0.4444    0.3871    0.4138        31
         cwx     0.7333    0.5000    0.5946        22
         hdx     0.3913    0.5294    0.4500        17
         mtx     0.3600    0.4737    0.4091        19
         nqx     0.7692    0.8333    0.8000        12
         qtx     0.9615    0.5556    0.7042        45
         zxx     0.5536    0.7949    0.6526        39

    accuracy                         0.5784       185
   macro avg     0.6019    0.5820    0.5749       185
weighted avg     0.6351    0.5784    0.5842       185

micro f-score: 0.5783783783783784

========== Train Epoch 32 ==========
Loss: 0.221	Accuracy: 57.30%	Cost 45s
              precision    recall  f1-score   support

         bzx     0.6111    0.3548    0.4490        31
         cwx     0.7273    0.3636    0.4848        22
         hdx     0.2917    0.4118    0.3415        17
         mtx     0.3000    0.4737    0.3673        19
         nqx     0.7692    0.8333    0.8000        12
         qtx     0.6140    0.7778    0.6863        45
         zxx     0.8125    0.6667    0.7324        39

    accuracy                         0.5730       185
   macro avg     0.5894    0.5545    0.5516       185
weighted avg     0.6170    0.5730    0.5752       185

micro f-score: 0.572972972972973

========== Train Epoch 33 ==========
Loss: 0.252	Accuracy: 59.46%	Cost 44s
              precision    recall  f1-score   support

         bzx     0.4688    0.4839    0.4762        31
         cwx     0.6667    0.4545    0.5405        22
         hdx     0.5263    0.5882    0.5556        17
         mtx     0.5000    0.3684    0.4242        19
         nqx     0.6000    0.7500    0.6667        12
         qtx     0.8276    0.5333    0.6486        45
         zxx     0.5738    0.8974    0.7000        39

    accuracy                         0.5946       185
   macro avg     0.5947    0.5823    0.5731       185
weighted avg     0.6187    0.5946    0.5873       185

micro f-score: 0.5945945945945946

========== Train Epoch 34 ==========
Loss: 0.171	Accuracy: 65.95%	Cost 46s
              precision    recall  f1-score   support

         bzx     0.5000    0.7097    0.5867        31
         cwx     0.6000    0.5455    0.5714        22
         hdx     0.5455    0.3529    0.4286        17
         mtx     0.4333    0.6842    0.5306        19
         nqx     0.7857    0.9167    0.8462        12
         qtx     0.9677    0.6667    0.7895        45
         zxx     0.8000    0.7179    0.7568        39

    accuracy                         0.6595       185
   macro avg     0.6617    0.6562    0.6442       185
weighted avg     0.7048    0.6595    0.6666       185

micro f-score: 0.6594594594594595

========== Train Epoch 35 ==========
Loss: 0.292	Accuracy: 58.38%	Cost 46s
              precision    recall  f1-score   support

         bzx     0.6111    0.3548    0.4490        31
         cwx     0.7143    0.2273    0.3448        22
         hdx     0.5714    0.4706    0.5161        17
         mtx     0.3793    0.5789    0.4583        19
         nqx     0.5000    0.6667    0.5714        12
         qtx     0.6400    0.7111    0.6737        45
         zxx     0.6471    0.8462    0.7333        39

    accuracy                         0.5838       185
   macro avg     0.5805    0.5508    0.5352       185
weighted avg     0.6033    0.5838    0.5663       185

micro f-score: 0.5837837837837838

========== Train Epoch 36 ==========
Loss: 0.266	Accuracy: 63.24%	Cost 47s
              precision    recall  f1-score   support

         bzx     0.7143    0.4839    0.5769        31
         cwx     0.5263    0.4545    0.4878        22
         hdx     0.3750    0.5294    0.4390        17
         mtx     0.4667    0.3684    0.4118        19
         nqx     0.5000    0.8333    0.6250        12
         qtx     0.8250    0.7333    0.7765        45
         zxx     0.7174    0.8462    0.7765        39

    accuracy                         0.6324       185
   macro avg     0.5892    0.6070    0.5848       185
weighted avg     0.6490    0.6324    0.6304       185

micro f-score: 0.6324324324324324

========== Train Epoch 37 ==========
Loss: 0.293	Accuracy: 63.78%	Cost 45s
              precision    recall  f1-score   support

         bzx     0.5789    0.3548    0.4400        31
         cwx     0.7368    0.6364    0.6829        22
         hdx     0.4500    0.5294    0.4865        17
         mtx     0.4800    0.6316    0.5455        19
         nqx     0.8000    0.6667    0.7273        12
         qtx     0.8824    0.6667    0.7595        45
         zxx     0.5862    0.8718    0.7010        39

    accuracy                         0.6378       185
   macro avg     0.6449    0.6225    0.6204       185
weighted avg     0.6654    0.6378    0.6354       185

micro f-score: 0.6378378378378379

========== Train Epoch 38 ==========
Loss: 0.173	Accuracy: 60.00%	Cost 45s
              precision    recall  f1-score   support

         bzx     0.5000    0.4516    0.4746        31
         cwx     0.7222    0.5909    0.6500        22
         hdx     0.3684    0.4118    0.3889        17
         mtx     0.4091    0.4737    0.4390        19
         nqx     0.6471    0.9167    0.7586        12
         qtx     0.9310    0.6000    0.7297        45
         zxx     0.5769    0.7692    0.6593        39

    accuracy                         0.6000       185
   macro avg     0.5935    0.6020    0.5857       185
weighted avg     0.6356    0.6000    0.6034       185

micro f-score: 0.6

========== Train Epoch 39 ==========
Loss: 0.155	Accuracy: 57.30%	Cost 48s
              precision    recall  f1-score   support

         bzx     0.5455    0.5806    0.5625        31
         cwx     0.5000    0.6364    0.5600        22
         hdx     0.2353    0.4706    0.3137        17
         mtx     0.5556    0.2632    0.3571        19
         nqx     0.5000    0.9167    0.6471        12
         qtx     0.8571    0.5333    0.6575        45
         zxx     0.8387    0.6667    0.7429        39

    accuracy                         0.5730       185
   macro avg     0.5760    0.5811    0.5487       185
weighted avg     0.6473    0.5730    0.5849       185

micro f-score: 0.572972972972973

========== Train Epoch 40 ==========
Loss: 0.235	Accuracy: 63.78%	Cost 46s
              precision    recall  f1-score   support

         bzx     0.7222    0.4194    0.5306        31
         cwx     0.7692    0.4545    0.5714        22
         hdx     0.6154    0.4706    0.5333        17
         mtx     0.3750    0.4737    0.4186        19
         nqx     0.8333    0.8333    0.8333        12
         qtx     0.6923    0.8000    0.7423        45
         zxx     0.6038    0.8205    0.6957        39

    accuracy                         0.6378       185
   macro avg     0.6588    0.6103    0.6179       185
weighted avg     0.6573    0.6378    0.6301       185

micro f-score: 0.6378378378378379

========== Train Epoch 41 ==========
Loss: 0.201	Accuracy: 49.73%	Cost 45s
              precision    recall  f1-score   support

         bzx     0.5000    0.0645    0.1143        31
         cwx     0.7143    0.2273    0.3448        22
         hdx     0.6667    0.2353    0.3478        17
         mtx     0.2333    0.7368    0.3544        19
         nqx     0.8182    0.7500    0.7826        12
         qtx     0.5067    0.8444    0.6333        45
         zxx     0.9091    0.5128    0.6557        39

    accuracy                         0.4973       185
   macro avg     0.6212    0.4816    0.4619       185
weighted avg     0.6219    0.4973    0.4716       185

micro f-score: 0.4972972972972973

========== Train Epoch 42 ==========
Loss: 0.242	Accuracy: 58.38%	Cost 46s
              precision    recall  f1-score   support

         bzx     0.7143    0.3226    0.4444        31
         cwx     0.8571    0.2727    0.4138        22
         hdx     0.3000    0.5294    0.3830        17
         mtx     0.3226    0.5263    0.4000        19
         nqx     0.9091    0.8333    0.8696        12
         qtx     0.7174    0.7333    0.7253        45
         zxx     0.6522    0.7692    0.7059        39

    accuracy                         0.5838       185
   macro avg     0.6390    0.5696    0.5631       185
weighted avg     0.6533    0.5838    0.5816       185

micro f-score: 0.5837837837837838

========== Train Epoch 43 ==========
Loss: 0.121	Accuracy: 60.54%	Cost 46s
              precision    recall  f1-score   support

         bzx     0.5000    0.6129    0.5507        31
         cwx     0.8889    0.3636    0.5161        22
         hdx     0.3333    0.4118    0.3684        17
         mtx     0.3333    0.6316    0.4364        19
         nqx     0.8889    0.6667    0.7619        12
         qtx     0.7949    0.6889    0.7381        45
         zxx     0.8182    0.6923    0.7500        39

    accuracy                         0.6054       185
   macro avg     0.6511    0.5811    0.5888       185
weighted avg     0.6778    0.6054    0.6194       185

micro f-score: 0.6054054054054054

========== Train Epoch 44 ==========
Loss: 0.192	Accuracy: 61.62%	Cost 43s
              precision    recall  f1-score   support

         bzx     0.5161    0.5161    0.5161        31
         cwx     0.4643    0.5909    0.5200        22
         hdx     0.6000    0.3529    0.4444        17
         mtx     0.3636    0.6316    0.4615        19
         nqx     1.0000    0.6667    0.8000        12
         qtx     0.9062    0.6444    0.7532        45
         zxx     0.6977    0.7692    0.7317        39

    accuracy                         0.6162       185
   macro avg     0.6497    0.5960    0.6039       185
weighted avg     0.6666    0.6162    0.6259       185

micro f-score: 0.6162162162162163

========== Train Epoch 45 ==========
Loss: 0.204	Accuracy: 58.92%	Cost 47s
              precision    recall  f1-score   support

         bzx     0.4103    0.5161    0.4571        31
         cwx     0.6875    0.5000    0.5789        22
         hdx     0.8333    0.2941    0.4348        17
         mtx     0.3846    0.2632    0.3125        19
         nqx     0.7692    0.8333    0.8000        12
         qtx     0.8710    0.6000    0.7105        45
         zxx     0.5224    0.8974    0.6604        39

    accuracy                         0.5892       185
   macro avg     0.6398    0.5577    0.5649       185
weighted avg     0.6385    0.5892    0.5814       185

micro f-score: 0.5891891891891892

========== Train Epoch 46 ==========
Loss: 0.180	Accuracy: 60.54%	Cost 47s
              precision    recall  f1-score   support

         bzx     0.6667    0.1935    0.3000        31
         cwx     0.5556    0.6818    0.6122        22
         hdx     0.3929    0.6471    0.4889        17
         mtx     0.4762    0.5263    0.5000        19
         nqx     0.5625    0.7500    0.6429        12
         qtx     0.8108    0.6667    0.7317        45
         zxx     0.6596    0.7949    0.7209        39

    accuracy                         0.6054       185
   macro avg     0.5892    0.6086    0.5709       185
weighted avg     0.6355    0.6054    0.5910       185

micro f-score: 0.6054054054054054

========== Train Epoch 47 ==========
Loss: 0.167	Accuracy: 61.62%	Cost 47s
              precision    recall  f1-score   support

         bzx     0.6000    0.3871    0.4706        31
         cwx     0.5769    0.6818    0.6250        22
         hdx     0.3913    0.5294    0.4500        17
         mtx     0.4706    0.4211    0.4444        19
         nqx     0.7143    0.8333    0.7692        12
         qtx     0.8056    0.6444    0.7160        45
         zxx     0.6327    0.7949    0.7045        39

    accuracy                         0.6162       185
   macro avg     0.5988    0.6131    0.5971       185
weighted avg     0.6291    0.6162    0.6128       185

micro f-score: 0.6162162162162163

========== Train Epoch 48 ==========
Loss: 0.111	Accuracy: 62.70%	Cost 45s
              precision    recall  f1-score   support

         bzx     0.7647    0.4194    0.5417        31
         cwx     0.6190    0.5909    0.6047        22
         hdx     0.3548    0.6471    0.4583        17
         mtx     0.4545    0.2632    0.3333        19
         nqx     0.7692    0.8333    0.8000        12
         qtx     0.6667    0.7556    0.7083        45
         zxx     0.7317    0.7692    0.7500        39

    accuracy                         0.6270       185
   macro avg     0.6230    0.6112    0.5995       185
weighted avg     0.6474    0.6270    0.6213       185

micro f-score: 0.6270270270270271

========== Train Epoch 49 ==========
Loss: 0.093	Accuracy: 58.38%	Cost 45s
              precision    recall  f1-score   support

         bzx     0.3696    0.5484    0.4416        31
         cwx     0.6875    0.5000    0.5789        22
         hdx     0.7500    0.3529    0.4800        17
         mtx     0.4375    0.3684    0.4000        19
         nqx     0.9000    0.7500    0.8182        12
         qtx     0.9231    0.5333    0.6761        45
         zxx     0.5397    0.8718    0.6667        39

    accuracy                         0.5838       185
   macro avg     0.6582    0.5607    0.5802       185
weighted avg     0.6542    0.5838    0.5861       185

micro f-score: 0.5837837837837838

========== Train Epoch 50 ==========
Loss: 0.123	Accuracy: 60.00%	Cost 48s
              precision    recall  f1-score   support

         bzx     0.6250    0.1613    0.2564        31
         cwx     0.4062    0.5909    0.4815        22
         hdx     0.4000    0.4706    0.4324        17
         mtx     0.4348    0.5263    0.4762        19
         nqx     0.9091    0.8333    0.8696        12
         qtx     0.8611    0.6889    0.7654        45
         zxx     0.6182    0.8718    0.7234        39

    accuracy                         0.6000       185
   macro avg     0.6078    0.5919    0.5721       185
weighted avg     0.6332    0.6000    0.5840       185

micro f-score: 0.6

========== Train Epoch 51 ==========
Loss: 0.134	Accuracy: 61.62%	Cost 46s
              precision    recall  f1-score   support

         bzx     0.6316    0.3871    0.4800        31
         cwx     0.5000    0.6818    0.5769        22
         hdx     0.5833    0.4118    0.4828        17
         mtx     0.4667    0.3684    0.4118        19
         nqx     0.7143    0.8333    0.7692        12
         qtx     0.8788    0.6444    0.7436        45
         zxx     0.5484    0.8718    0.6733        39

    accuracy                         0.6162       185
   macro avg     0.6176    0.5998    0.5911       185
weighted avg     0.6425    0.6162    0.6084       185

micro f-score: 0.6162162162162163

========== Train Epoch 52 ==========
Loss: 0.146	Accuracy: 54.59%	Cost 47s
              precision    recall  f1-score   support

         bzx     0.4118    0.2258    0.2917        31
         cwx     0.6667    0.3636    0.4706        22
         hdx     0.4737    0.5294    0.5000        17
         mtx     0.4444    0.4211    0.4324        19
         nqx     0.9091    0.8333    0.8696        12
         qtx     0.7027    0.5778    0.6341        45
         zxx     0.4648    0.8462    0.6000        39

    accuracy                         0.5459       185
   macro avg     0.5819    0.5425    0.5426       185
weighted avg     0.5653    0.5459    0.5323       185

micro f-score: 0.5459459459459459

========== Train Epoch 53 ==========
Loss: 0.112	Accuracy: 65.95%	Cost 47s
              precision    recall  f1-score   support

         bzx     0.5000    0.6129    0.5507        31
         cwx     0.9000    0.4091    0.5625        22
         hdx     0.5000    0.5882    0.5405        17
         mtx     0.4231    0.5789    0.4889        19
         nqx     1.0000    0.7500    0.8571        12
         qtx     0.8824    0.6667    0.7595        45
         zxx     0.7083    0.8718    0.7816        39

    accuracy                         0.6595       185
   macro avg     0.7020    0.6397    0.6487       185
weighted avg     0.7090    0.6595    0.6642       185

micro f-score: 0.6594594594594595

========== Train Epoch 54 ==========
Loss: 0.102	Accuracy: 59.46%	Cost 45s
              precision    recall  f1-score   support

         bzx     0.5556    0.3226    0.4082        31
         cwx     0.4286    0.6818    0.5263        22
         hdx     0.3667    0.6471    0.4681        17
         mtx     0.3333    0.2632    0.2941        19
         nqx     0.6667    0.8333    0.7407        12
         qtx     0.9355    0.6444    0.7632        45
         zxx     0.7317    0.7692    0.7500        39

    accuracy                         0.5946       185
   macro avg     0.5740    0.5945    0.5644       185
weighted avg     0.6370    0.5946    0.5960       185

micro f-score: 0.5945945945945946

========== Train Epoch 55 ==========
Loss: 0.112	Accuracy: 61.08%	Cost 47s
              precision    recall  f1-score   support

         bzx     0.4490    0.7097    0.5500        31
         cwx     0.5000    0.5000    0.5000        22
         hdx     0.3462    0.5294    0.4186        17
         mtx     0.5000    0.3684    0.4242        19
         nqx     0.9000    0.7500    0.8182        12
         qtx     0.8529    0.6444    0.7342        45
         zxx     0.8667    0.6667    0.7536        39

    accuracy                         0.6108       185
   macro avg     0.6307    0.5955    0.5998       185
weighted avg     0.6664    0.6108    0.6242       185

micro f-score: 0.6108108108108108

========== Train Epoch 56 ==========
Loss: 0.122	Accuracy: 58.38%	Cost 46s
              precision    recall  f1-score   support

         bzx     0.6000    0.2903    0.3913        31
         cwx     0.6154    0.3636    0.4571        22
         hdx     0.2778    0.5882    0.3774        17
         mtx     0.4667    0.3684    0.4118        19
         nqx     0.8333    0.8333    0.8333        12
         qtx     0.8049    0.7333    0.7674        45
         zxx     0.5849    0.7949    0.6739        39

    accuracy                         0.5838       185
   macro avg     0.5976    0.5675    0.5589       185
weighted avg     0.6203    0.5838    0.5797       185

micro f-score: 0.5837837837837838

========== Train Epoch 57 ==========
Loss: 0.155	Accuracy: 58.92%	Cost 44s
              precision    recall  f1-score   support

         bzx     0.7500    0.1935    0.3077        31
         cwx     0.7500    0.1364    0.2308        22
         hdx     0.4545    0.5882    0.5128        17
         mtx     0.4242    0.7368    0.5385        19
         nqx     0.8889    0.6667    0.7619        12
         qtx     0.5507    0.8444    0.6667        45
         zxx     0.7500    0.7692    0.7595        39

    accuracy                         0.5892       185
   macro avg     0.6526    0.5622    0.5397       185
weighted avg     0.6499    0.5892    0.5531       185

micro f-score: 0.5891891891891892

========== Train Epoch 58 ==========
Loss: 0.090	Accuracy: 62.16%	Cost 44s
              precision    recall  f1-score   support

         bzx     0.6154    0.5161    0.5614        31
         cwx     0.6111    0.5000    0.5500        22
         hdx     0.2927    0.7059    0.4138        17
         mtx     0.5000    0.2105    0.2963        19
         nqx     0.7692    0.8333    0.8000        12
         qtx     0.8378    0.6889    0.7561        45
         zxx     0.7381    0.7949    0.7654        39

    accuracy                         0.6216       185
   macro avg     0.6235    0.6071    0.5919       185
weighted avg     0.6633    0.6216    0.6251       185

micro f-score: 0.6216216216216216

========== Train Epoch 59 ==========
Loss: 0.096	Accuracy: 64.86%	Cost 46s
              precision    recall  f1-score   support

         bzx     0.5610    0.7419    0.6389        31
         cwx     0.6667    0.4545    0.5405        22
         hdx     0.4762    0.5882    0.5263        17
         mtx     0.4583    0.5789    0.5116        19
         nqx     0.8462    0.9167    0.8800        12
         qtx     0.8929    0.5556    0.6849        45
         zxx     0.6977    0.7692    0.7317        39

    accuracy                         0.6486       185
   macro avg     0.6570    0.6579    0.6449       185
weighted avg     0.6833    0.6486    0.6502       185

micro f-score: 0.6486486486486487

========== Train Epoch 60 ==========
Loss: 0.085	Accuracy: 64.86%	Cost 46s
              precision    recall  f1-score   support

         bzx     0.7143    0.4839    0.5769        31
         cwx     0.9000    0.4091    0.5625        22
         hdx     0.3333    0.6471    0.4400        17
         mtx     0.4800    0.6316    0.5455        19
         nqx     0.9000    0.7500    0.8182        12
         qtx     0.7447    0.7778    0.7609        45
         zxx     0.7436    0.7436    0.7436        39

    accuracy                         0.6486       185
   macro avg     0.6880    0.6347    0.6354       185
weighted avg     0.7029    0.6486    0.6549       185

micro f-score: 0.6486486486486487

========== Train Epoch 61 ==========
Loss: 0.102	Accuracy: 54.59%	Cost 45s
              precision    recall  f1-score   support

         bzx     0.5000    0.2903    0.3673        31
         cwx     1.0000    0.4545    0.6250        22
         hdx     0.2927    0.7059    0.4138        17
         mtx     0.3438    0.5789    0.4314        19
         nqx     0.7273    0.6667    0.6957        12
         qtx     0.6316    0.8000    0.7059        45
         zxx     0.9375    0.3846    0.5455        39

    accuracy                         0.5459       185
   macro avg     0.6333    0.5544    0.5406       185
weighted avg     0.6633    0.5459    0.5500       185

micro f-score: 0.5459459459459459

========== Train Epoch 62 ==========
Loss: 0.170	Accuracy: 63.78%	Cost 47s
              precision    recall  f1-score   support

         bzx     0.6667    0.3871    0.4898        31
         cwx     0.4643    0.5909    0.5200        22
         hdx     0.5625    0.5294    0.5455        17
         mtx     0.3750    0.4737    0.4186        19
         nqx     0.6923    0.7500    0.7200        12
         qtx     0.7447    0.7778    0.7609        45
         zxx     0.7949    0.7949    0.7949        39

    accuracy                         0.6378       185
   macro avg     0.6143    0.6148    0.6071       185
weighted avg     0.6507    0.6378    0.6364       185

micro f-score: 0.6378378378378379

========== Train Epoch 63 ==========
Loss: 0.135	Accuracy: 64.32%	Cost 47s
              precision    recall  f1-score   support

         bzx     0.5250    0.6774    0.5915        31
         cwx     0.5417    0.5909    0.5652        22
         hdx     0.4167    0.5882    0.4878        17
         mtx     0.4615    0.3158    0.3750        19
         nqx     0.7692    0.8333    0.8000        12
         qtx     0.9032    0.6222    0.7368        45
         zxx     0.7750    0.7949    0.7848        39

    accuracy                         0.6432       185
   macro avg     0.6275    0.6318    0.6202       185
weighted avg     0.6711    0.6432    0.6462       185

micro f-score: 0.6432432432432432

========== Train Epoch 64 ==========
Loss: 0.092	Accuracy: 64.86%	Cost 48s
              precision    recall  f1-score   support

         bzx     0.5769    0.4839    0.5263        31
         cwx     0.5769    0.6818    0.6250        22
         hdx     0.6429    0.5294    0.5806        17
         mtx     0.6000    0.1579    0.2500        19
         nqx     0.7143    0.8333    0.7692        12
         qtx     0.6981    0.8222    0.7551        45
         zxx     0.6596    0.7949    0.7209        39

    accuracy                         0.6486       185
   macro avg     0.6384    0.6148    0.6039       185
weighted avg     0.6412    0.6486    0.6271       185

micro f-score: 0.6486486486486487

Finished training!!!

Min Loss = 0.085 in epoch 59;
Max Accuracy = 65.95% in epoch 33;
Total Cost 46 minutes

==========================================================================================
Layer (type:depth-idx)                   Output Shape              Param #
==========================================================================================
├─Sequential: 1-1                        [-1, 256, 9, 9]           --
|    └─Conv2d: 2-1                       [-1, 64, 79, 79]          23,296
|    └─BatchNorm2d: 2-2                  [-1, 64, 79, 79]          128
|    └─ReLU: 2-3                         [-1, 64, 79, 79]          --
|    └─MaxPool2d: 2-4                    [-1, 64, 39, 39]          --
|    └─Conv2d: 2-5                       [-1, 192, 39, 39]         307,392
|    └─BatchNorm2d: 2-6                  [-1, 192, 39, 39]         384
|    └─ReLU: 2-7                         [-1, 192, 39, 39]         --
|    └─MaxPool2d: 2-8                    [-1, 192, 19, 19]         --
|    └─Conv2d: 2-9                       [-1, 384, 19, 19]         663,936
|    └─BatchNorm2d: 2-10                 [-1, 384, 19, 19]         768
|    └─ReLU: 2-11                        [-1, 384, 19, 19]         --
|    └─Conv2d: 2-12                      [-1, 256, 19, 19]         884,992
|    └─BatchNorm2d: 2-13                 [-1, 256, 19, 19]         512
|    └─ReLU: 2-14                        [-1, 256, 19, 19]         --
|    └─Conv2d: 2-15                      [-1, 256, 19, 19]         590,080
|    └─BatchNorm2d: 2-16                 [-1, 256, 19, 19]         512
|    └─ReLU: 2-17                        [-1, 256, 19, 19]         --
|    └─MaxPool2d: 2-18                   [-1, 256, 9, 9]           --
├─AdaptiveAvgPool2d: 1-2                 [-1, 256, 3, 3]           --
├─Sequential: 1-3                        [-1, 7]                   --
|    └─Dropout: 2-19                     [-1, 2304]                --
|    └─Linear: 2-20                      [-1, 4096]                9,441,280
|    └─ReLU: 2-21                        [-1, 4096]                --
|    └─Dropout: 2-22                     [-1, 4096]                --
|    └─Linear: 2-23                      [-1, 4096]                16,781,312
|    └─ReLU: 2-24                        [-1, 4096]                --
|    └─Linear: 2-25                      [-1, 7]                   28,679
==========================================================================================
Total params: 28,723,271
Trainable params: 28,723,271
Non-trainable params: 0
Total mult-adds (G): 1.44
==========================================================================================
Input size (MB): 1.17
Forward/backward pass size (MB): 15.55
Params size (MB): 109.57
Estimated Total Size (MB): 126.29
==========================================================================================
[0.25405405405405407, 0.2594594594594595, 0.3837837837837838, 0.43243243243243246, 0.4864864864864865, 0.44324324324324327, 0.4864864864864865, 0.4810810810810811, 0.4864864864864865, 0.518918918918919, 0.5135135135135135, 0.4972972972972973, 0.5135135135135135, 0.5351351351351351, 0.5351351351351351, 0.5351351351351351, 0.4648648648648649, 0.4756756756756757, 0.5783783783783784, 0.5675675675675675, 0.5945945945945946, 0.5243243243243243, 0.41081081081081083, 0.6054054054054054, 0.5675675675675675, 0.5891891891891892, 0.5405405405405406, 0.6054054054054054, 0.6270270270270271, 0.5837837837837838, 0.5783783783783784, 0.572972972972973, 0.5945945945945946, 0.6594594594594595, 0.5837837837837838, 0.6324324324324324, 0.6378378378378379, 0.6, 0.572972972972973, 0.6378378378378379, 0.4972972972972973, 0.5837837837837838, 0.6054054054054054, 0.6162162162162163, 0.5891891891891892, 0.6054054054054054, 0.6162162162162163, 0.6270270270270271, 0.5837837837837838, 0.6, 0.6162162162162163, 0.5459459459459459, 0.6594594594594595, 0.5945945945945946, 0.6108108108108108, 0.5837837837837838, 0.5891891891891892, 0.6216216216216216, 0.6486486486486487, 0.6486486486486487, 0.5459459459459459, 0.6378378378378379, 0.6432432432432432, 0.6486486486486487]
