dataset_path: /home/djy/dataset/dataset2
pretrained : False 
parallel: False

msg: resnet18 cbam spp
using model: ResNet, resnet18
using device cuda:0
batch_size = 10
epochs = 64
loss_function = CrossEntropyLoss()
optimizer = Adam (
Parameter Group 0
    amsgrad: False
    betas: (0.9, 0.999)
    eps: 1e-08
    lr: 0.0001
    weight_decay: 0
)


========== Train Epoch 1 ==========
Loss: 1.842	Accuracy: 30.81%	Cost 32s
              precision    recall  f1-score   support

         bzx     0.2295    0.4516    0.3043        31
         cwx     0.2941    0.2273    0.2564        22
         hdx     0.0000    0.0000    0.0000        17
         mtx     0.0000    0.0000    0.0000        19
         nqx     0.3333    0.3333    0.3333        12
         qtx     0.3623    0.5556    0.4386        45
         zxx     0.4286    0.2308    0.3000        39

    accuracy                         0.3081       185
   macro avg     0.2354    0.2569    0.2332       185
weighted avg     0.2735    0.3081    0.2730       185

micro f-score: 0.3081081081081081

========== Train Epoch 2 ==========
Loss: 1.685	Accuracy: 26.49%	Cost 50s
              precision    recall  f1-score   support

         bzx     0.0000    0.0000    0.0000        31
         cwx     0.0000    0.0000    0.0000        22
         hdx     0.0000    0.0000    0.0000        17
         mtx     0.2000    0.0526    0.0833        19
         nqx     0.5000    0.1667    0.2500        12
         qtx     0.3704    0.2222    0.2778        45
         zxx     0.2432    0.9231    0.3850        39

    accuracy                         0.2649       185
   macro avg     0.1877    0.1949    0.1423       185
weighted avg     0.1943    0.2649    0.1735       185

micro f-score: 0.2648648648648649

========== Train Epoch 3 ==========
/home/djy/anaconda3/envs/pytorch/lib/python3.7/site-packages/sklearn/metrics/_classification.py:1308: UndefinedMetricWarning: Precision and F-score are ill-defined and being set to 0.0 in labels with no predicted samples. Use `zero_division` parameter to control this behavior.
  _warn_prf(average, modifier, msg_start, len(result))
/home/djy/anaconda3/envs/pytorch/lib/python3.7/site-packages/sklearn/metrics/_classification.py:1308: UndefinedMetricWarning: Precision and F-score are ill-defined and being set to 0.0 in labels with no predicted samples. Use `zero_division` parameter to control this behavior.
  _warn_prf(average, modifier, msg_start, len(result))
/home/djy/anaconda3/envs/pytorch/lib/python3.7/site-packages/sklearn/metrics/_classification.py:1308: UndefinedMetricWarning: Precision and F-score are ill-defined and being set to 0.0 in labels with no predicted samples. Use `zero_division` parameter to control this behavior.
  _warn_prf(average, modifier, msg_start, len(result))
Loss: 1.579	Accuracy: 40.00%	Cost 49s
              precision    recall  f1-score   support

         bzx     0.3750    0.2903    0.3273        31
         cwx     0.6000    0.1364    0.2222        22
         hdx     0.2500    0.2353    0.2424        17
         mtx     0.1818    0.1053    0.1333        19
         nqx     0.5000    0.1667    0.2500        12
         qtx     0.5349    0.5111    0.5227        45
         zxx     0.3780    0.7949    0.5124        39

    accuracy                         0.4000       185
   macro avg     0.4028    0.3200    0.3158       185
weighted avg     0.4181    0.4000    0.3686       185

micro f-score: 0.4000000000000001

========== Train Epoch 4 ==========
Loss: 1.464	Accuracy: 34.05%	Cost 50s
              precision    recall  f1-score   support

         bzx     0.4762    0.3226    0.3846        31
         cwx     0.4286    0.1364    0.2069        22
         hdx     0.3636    0.2353    0.2857        17
         mtx     0.2500    0.0526    0.0870        19
         nqx     0.1875    0.2500    0.2143        12
         qtx     0.7500    0.2000    0.3158        45
         zxx     0.2895    0.8462    0.4314        39

    accuracy                         0.3405       185
   macro avg     0.3922    0.2919    0.2751       185
weighted avg     0.4455    0.3405    0.3059       185

micro f-score: 0.34054054054054056

========== Train Epoch 5 ==========
Loss: 1.403	Accuracy: 43.78%	Cost 48s
              precision    recall  f1-score   support

         bzx     0.3235    0.3548    0.3385        31
         cwx     0.3500    0.3182    0.3333        22
         hdx     0.2000    0.1765    0.1875        17
         mtx     0.5000    0.0526    0.0952        19
         nqx     0.5000    0.3333    0.4000        12
         qtx     0.7778    0.4667    0.5833        45
         zxx     0.4304    0.8718    0.5763        39

    accuracy                         0.4378       185
   macro avg     0.4402    0.3677    0.3592       185
weighted avg     0.4779    0.4378    0.4127       185

micro f-score: 0.43783783783783786

========== Train Epoch 6 ==========
Loss: 1.287	Accuracy: 45.95%	Cost 48s
              precision    recall  f1-score   support

         bzx     0.3448    0.6452    0.4494        31
         cwx     0.4545    0.2273    0.3030        22
         hdx     0.2105    0.2353    0.2222        17
         mtx     0.3333    0.3158    0.3243        19
         nqx     0.3500    0.5833    0.4375        12
         qtx     0.7714    0.6000    0.6750        45
         zxx     0.6667    0.4103    0.5079        39

    accuracy                         0.4595       185
   macro avg     0.4473    0.4310    0.4171       185
weighted avg     0.5163    0.4595    0.4647       185

micro f-score: 0.4594594594594595

========== Train Epoch 7 ==========
Loss: 1.184	Accuracy: 47.03%	Cost 48s
              precision    recall  f1-score   support

         bzx     0.6667    0.0645    0.1176        31
         cwx     0.3429    0.5455    0.4211        22
         hdx     0.2857    0.1176    0.1667        17
         mtx     1.0000    0.1053    0.1905        19
         nqx     0.2245    0.9167    0.3607        12
         qtx     0.5957    0.6222    0.6087        45
         zxx     0.7143    0.7692    0.7407        39

    accuracy                         0.4703       185
   macro avg     0.5471    0.4487    0.3723       185
weighted avg     0.5915    0.4703    0.4323       185

micro f-score: 0.4702702702702703

========== Train Epoch 8 ==========
Loss: 1.081	Accuracy: 47.03%	Cost 49s
              precision    recall  f1-score   support

         bzx     0.6667    0.0645    0.1176        31
         cwx     0.2414    0.9545    0.3853        22
         hdx     0.6000    0.1765    0.2727        17
         mtx     0.2500    0.0526    0.0870        19
         nqx     0.3333    0.2500    0.2857        12
         qtx     0.7143    0.6667    0.6897        45
         zxx     0.7714    0.6923    0.7297        39

    accuracy                         0.4703       185
   macro avg     0.5110    0.4082    0.3668       185
weighted avg     0.5792    0.4703    0.4396       185

micro f-score: 0.4702702702702703

========== Train Epoch 9 ==========
Loss: 0.963	Accuracy: 48.11%	Cost 48s
              precision    recall  f1-score   support

         bzx     0.4737    0.2903    0.3600        31
         cwx     0.5385    0.3182    0.4000        22
         hdx     0.3571    0.2941    0.3226        17
         mtx     1.0000    0.1053    0.1905        19
         nqx     0.5556    0.4167    0.4762        12
         qtx     0.8800    0.4889    0.6286        45
         zxx     0.3786    1.0000    0.5493        39

    accuracy                         0.4811       185
   macro avg     0.5976    0.4162    0.4182       185
weighted avg     0.6088    0.4811    0.4567       185

micro f-score: 0.4810810810810811

========== Train Epoch 10 ==========
Loss: 0.801	Accuracy: 43.78%	Cost 45s
              precision    recall  f1-score   support

         bzx     0.4667    0.2258    0.3043        31
         cwx     0.5333    0.3636    0.4324        22
         hdx     0.2414    0.4118    0.3043        17
         mtx     0.0000    0.0000    0.0000        19
         nqx     0.2222    0.8333    0.3509        12
         qtx     0.5556    0.7778    0.6481        45
         zxx     0.8235    0.3590    0.5000        39

    accuracy                         0.4378       185
   macro avg     0.4061    0.4245    0.3629       185
weighted avg     0.4870    0.4378    0.4162       185

micro f-score: 0.43783783783783786

========== Train Epoch 11 ==========
Loss: 0.649	Accuracy: 53.51%	Cost 47s
              precision    recall  f1-score   support

         bzx     0.3500    0.4516    0.3944        31
         cwx     0.3585    0.8636    0.5067        22
         hdx     0.4375    0.4118    0.4242        17
         mtx     0.0000    0.0000    0.0000        19
         nqx     0.5333    0.6667    0.5926        12
         qtx     0.8387    0.5778    0.6842        45
         zxx     0.8929    0.6410    0.7463        39

    accuracy                         0.5351       185
   macro avg     0.4873    0.5161    0.4783       185
weighted avg     0.5683    0.5351    0.5275       185

micro f-score: 0.5351351351351351

========== Train Epoch 12 ==========
Loss: 0.602	Accuracy: 55.14%	Cost 48s
              precision    recall  f1-score   support

         bzx     0.5833    0.2258    0.3256        31
         cwx     0.3922    0.9091    0.5479        22
         hdx     0.8000    0.2353    0.3636        17
         mtx     0.8571    0.3158    0.4615        19
         nqx     0.2727    0.7500    0.4000        12
         qtx     0.9000    0.6000    0.7200        45
         zxx     0.6170    0.7436    0.6744        39

    accuracy                         0.5514       185
   macro avg     0.6318    0.5399    0.4990       185
weighted avg     0.6726    0.5514    0.5438       185

micro f-score: 0.5513513513513514

========== Train Epoch 13 ==========
Loss: 0.434	Accuracy: 54.59%	Cost 50s
              precision    recall  f1-score   support

         bzx     0.4865    0.5806    0.5294        31
         cwx     0.3509    0.9091    0.5063        22
         hdx     0.7500    0.1765    0.2857        17
         mtx     0.0000    0.0000    0.0000        19
         nqx     0.5882    0.8333    0.6897        12
         qtx     0.9000    0.4000    0.5538        45
         zxx     0.6400    0.8205    0.7191        39

    accuracy                         0.5459       185
   macro avg     0.5308    0.5314    0.4692       185
weighted avg     0.5842    0.5459    0.5062       185

micro f-score: 0.5459459459459459

========== Train Epoch 14 ==========
/home/djy/anaconda3/envs/pytorch/lib/python3.7/site-packages/sklearn/metrics/_classification.py:1308: UndefinedMetricWarning: Precision and F-score are ill-defined and being set to 0.0 in labels with no predicted samples. Use `zero_division` parameter to control this behavior.
  _warn_prf(average, modifier, msg_start, len(result))
/home/djy/anaconda3/envs/pytorch/lib/python3.7/site-packages/sklearn/metrics/_classification.py:1308: UndefinedMetricWarning: Precision and F-score are ill-defined and being set to 0.0 in labels with no predicted samples. Use `zero_division` parameter to control this behavior.
  _warn_prf(average, modifier, msg_start, len(result))
/home/djy/anaconda3/envs/pytorch/lib/python3.7/site-packages/sklearn/metrics/_classification.py:1308: UndefinedMetricWarning: Precision and F-score are ill-defined and being set to 0.0 in labels with no predicted samples. Use `zero_division` parameter to control this behavior.
  _warn_prf(average, modifier, msg_start, len(result))
Loss: 0.324	Accuracy: 56.76%	Cost 49s
              precision    recall  f1-score   support

         bzx     0.0000    0.0000    0.0000        31
         cwx     0.7059    0.5455    0.6154        22
         hdx     0.4167    0.5882    0.4878        17
         mtx     0.3750    0.1579    0.2222        19
         nqx     0.4167    0.8333    0.5556        12
         qtx     0.6094    0.8667    0.7156        45
         zxx     0.6458    0.7949    0.7126        39

    accuracy                         0.5676       185
   macro avg     0.4528    0.5409    0.4727       185
weighted avg     0.4721    0.5676    0.5012       185

micro f-score: 0.5675675675675675

========== Train Epoch 15 ==========
/home/djy/anaconda3/envs/pytorch/lib/python3.7/site-packages/sklearn/metrics/_classification.py:1308: UndefinedMetricWarning: Precision and F-score are ill-defined and being set to 0.0 in labels with no predicted samples. Use `zero_division` parameter to control this behavior.
  _warn_prf(average, modifier, msg_start, len(result))
/home/djy/anaconda3/envs/pytorch/lib/python3.7/site-packages/sklearn/metrics/_classification.py:1308: UndefinedMetricWarning: Precision and F-score are ill-defined and being set to 0.0 in labels with no predicted samples. Use `zero_division` parameter to control this behavior.
  _warn_prf(average, modifier, msg_start, len(result))
/home/djy/anaconda3/envs/pytorch/lib/python3.7/site-packages/sklearn/metrics/_classification.py:1308: UndefinedMetricWarning: Precision and F-score are ill-defined and being set to 0.0 in labels with no predicted samples. Use `zero_division` parameter to control this behavior.
  _warn_prf(average, modifier, msg_start, len(result))
Loss: 0.276	Accuracy: 64.32%	Cost 48s
              precision    recall  f1-score   support

         bzx     0.4762    0.6452    0.5479        31
         cwx     0.8333    0.6818    0.7500        22
         hdx     0.6000    0.5294    0.5625        17
         mtx     0.6667    0.1053    0.1818        19
         nqx     0.5000    0.9167    0.6471        12
         qtx     0.9000    0.6000    0.7200        45
         zxx     0.6364    0.8974    0.7447        39

    accuracy                         0.6432       185
   macro avg     0.6589    0.6251    0.5934       185
weighted avg     0.6880    0.6432    0.6255       185

micro f-score: 0.6432432432432432

========== Train Epoch 16 ==========
Loss: 0.205	Accuracy: 57.30%	Cost 49s
              precision    recall  f1-score   support

         bzx     0.4000    0.5161    0.4507        31
         cwx     0.9167    0.5000    0.6471        22
         hdx     0.2600    0.7647    0.3881        17
         mtx     1.0000    0.0526    0.1000        19
         nqx     0.8333    0.4167    0.5556        12
         qtx     0.7857    0.7333    0.7586        45
         zxx     0.7941    0.6923    0.7397        39

    accuracy                         0.5730       185
   macro avg     0.7128    0.5251    0.5200       185
weighted avg     0.7152    0.5730    0.5749       185

micro f-score: 0.572972972972973

========== Train Epoch 17 ==========
Loss: 0.192	Accuracy: 54.05%	Cost 52s
              precision    recall  f1-score   support

         bzx     0.6000    0.1935    0.2927        31
         cwx     0.4390    0.8182    0.5714        22
         hdx     0.5714    0.4706    0.5161        17
         mtx     0.0000    0.0000    0.0000        19
         nqx     0.6429    0.7500    0.6923        12
         qtx     0.8750    0.4667    0.6087        45
         zxx     0.4634    0.9744    0.6281        39

    accuracy                         0.5405       185
   macro avg     0.5131    0.5248    0.4728       185
weighted avg     0.5575    0.5405    0.4898       185

micro f-score: 0.5405405405405406

========== Train Epoch 18 ==========
/home/djy/anaconda3/envs/pytorch/lib/python3.7/site-packages/sklearn/metrics/_classification.py:1308: UndefinedMetricWarning: Precision and F-score are ill-defined and being set to 0.0 in labels with no predicted samples. Use `zero_division` parameter to control this behavior.
  _warn_prf(average, modifier, msg_start, len(result))
/home/djy/anaconda3/envs/pytorch/lib/python3.7/site-packages/sklearn/metrics/_classification.py:1308: UndefinedMetricWarning: Precision and F-score are ill-defined and being set to 0.0 in labels with no predicted samples. Use `zero_division` parameter to control this behavior.
  _warn_prf(average, modifier, msg_start, len(result))
/home/djy/anaconda3/envs/pytorch/lib/python3.7/site-packages/sklearn/metrics/_classification.py:1308: UndefinedMetricWarning: Precision and F-score are ill-defined and being set to 0.0 in labels with no predicted samples. Use `zero_division` parameter to control this behavior.
  _warn_prf(average, modifier, msg_start, len(result))
Loss: 0.156	Accuracy: 63.78%	Cost 50s
              precision    recall  f1-score   support

         bzx     0.7857    0.3548    0.4889        31
         cwx     0.7143    0.6818    0.6977        22
         hdx     0.5714    0.4706    0.5161        17
         mtx     0.3333    0.8421    0.4776        19
         nqx     1.0000    0.0833    0.1538        12
         qtx     0.8919    0.7333    0.8049        45
         zxx     0.6800    0.8718    0.7640        39

    accuracy                         0.6378       185
   macro avg     0.7110    0.5768    0.5576       185
weighted avg     0.7285    0.6378    0.6282       185

micro f-score: 0.6378378378378379

========== Train Epoch 19 ==========
Loss: 0.133	Accuracy: 59.46%	Cost 49s
              precision    recall  f1-score   support

         bzx     0.7500    0.2903    0.4186        31
         cwx     1.0000    0.3182    0.4828        22
         hdx     0.2264    0.7059    0.3429        17
         mtx     0.6000    0.3158    0.4138        19
         nqx     0.6000    0.7500    0.6667        12
         qtx     0.7609    0.7778    0.7692        45
         zxx     0.7619    0.8205    0.7901        39

    accuracy                         0.5946       185
   macro avg     0.6713    0.5684    0.5549       185
weighted avg     0.7116    0.5946    0.5985       185

micro f-score: 0.5945945945945946

========== Train Epoch 20 ==========
Loss: 0.103	Accuracy: 58.92%	Cost 49s
              precision    recall  f1-score   support

         bzx     0.7500    0.3871    0.5106        31
         cwx     0.8750    0.6364    0.7368        22
         hdx     0.5000    0.4706    0.4848        17
         mtx     0.5000    0.1579    0.2400        19
         nqx     0.3793    0.9167    0.5366        12
         qtx     0.8571    0.5333    0.6575        45
         zxx     0.5000    0.9487    0.6549        39

    accuracy                         0.5892       185
   macro avg     0.6231    0.5787    0.5459       185
weighted avg     0.6655    0.5892    0.5752       185

micro f-score: 0.5891891891891892

========== Train Epoch 21 ==========
Loss: 0.093	Accuracy: 67.57%	Cost 51s
              precision    recall  f1-score   support

         bzx     0.6500    0.4194    0.5098        31
         cwx     0.6296    0.7727    0.6939        22
         hdx     0.6250    0.5882    0.6061        17
         mtx     0.5882    0.5263    0.5556        19
         nqx     0.6667    0.8333    0.7407        12
         qtx     0.8462    0.7333    0.7857        45
         zxx     0.6275    0.8205    0.7111        39

    accuracy                         0.6757       185
   macro avg     0.6619    0.6705    0.6576       185
weighted avg     0.6830    0.6757    0.6698       185

micro f-score: 0.6756756756756757

========== Train Epoch 22 ==========
Loss: 0.116	Accuracy: 67.57%	Cost 49s
              precision    recall  f1-score   support

         bzx     0.5111    0.7419    0.6053        31
         cwx     0.7500    0.5455    0.6316        22
         hdx     0.5294    0.5294    0.5294        17
         mtx     0.5714    0.6316    0.6000        19
         nqx     1.0000    0.5833    0.7368        12
         qtx     0.7674    0.7333    0.7500        45
         zxx     0.8056    0.7436    0.7733        39

    accuracy                         0.6757       185
   macro avg     0.7050    0.6441    0.6609       185
weighted avg     0.7035    0.6757    0.6801       185

micro f-score: 0.6756756756756757

========== Train Epoch 23 ==========
Loss: 0.131	Accuracy: 63.78%	Cost 49s
              precision    recall  f1-score   support

         bzx     0.4565    0.6774    0.5455        31
         cwx     0.5385    0.6364    0.5833        22
         hdx     0.7143    0.2941    0.4167        17
         mtx     0.4348    0.5263    0.4762        19
         nqx     1.0000    0.1667    0.2857        12
         qtx     0.8649    0.7111    0.7805        45
         zxx     0.7727    0.8718    0.8193        39

    accuracy                         0.6378       185
   macro avg     0.6831    0.5548    0.5582       185
weighted avg     0.6890    0.6378    0.6291       185

micro f-score: 0.6378378378378379

========== Train Epoch 24 ==========
Loss: 0.081	Accuracy: 63.78%	Cost 52s
              precision    recall  f1-score   support

         bzx     1.0000    0.2258    0.3684        31
         cwx     0.6842    0.5909    0.6341        22
         hdx     0.3056    0.6471    0.4151        17
         mtx     0.8000    0.4211    0.5517        19
         nqx     0.5000    0.8333    0.6250        12
         qtx     0.8293    0.7556    0.7907        45
         zxx     0.6731    0.8974    0.7692        39

    accuracy                         0.6378       185
   macro avg     0.6846    0.6245    0.5935       185
weighted avg     0.7352    0.6378    0.6270       185

micro f-score: 0.6378378378378379

========== Train Epoch 25 ==========
Loss: 0.071	Accuracy: 64.86%	Cost 51s
              precision    recall  f1-score   support

         bzx     0.7500    0.2903    0.4186        31
         cwx     0.5312    0.7727    0.6296        22
         hdx     0.4706    0.4706    0.4706        17
         mtx     0.8571    0.3158    0.4615        19
         nqx     0.5789    0.9167    0.7097        12
         qtx     0.6102    0.8000    0.6923        45
         zxx     0.8462    0.8462    0.8462        39

    accuracy                         0.6486       185
   macro avg     0.6635    0.6303    0.6041       185
weighted avg     0.6845    0.6486    0.6285       185

micro f-score: 0.6486486486486487

========== Train Epoch 26 ==========
Loss: 0.071	Accuracy: 68.65%	Cost 52s
              precision    recall  f1-score   support

         bzx     0.7083    0.5484    0.6182        31
         cwx     0.6429    0.8182    0.7200        22
         hdx     0.4545    0.5882    0.5128        17
         mtx     0.5000    0.5263    0.5128        19
         nqx     0.6111    0.9167    0.7333        12
         qtx     0.8000    0.8000    0.8000        45
         zxx     0.8929    0.6410    0.7463        39

    accuracy                         0.6865       185
   macro avg     0.6585    0.6913    0.6633       185
weighted avg     0.7107    0.6865    0.6885       185

micro f-score: 0.6864864864864865

========== Train Epoch 27 ==========
Loss: 0.076	Accuracy: 61.62%	Cost 49s
              precision    recall  f1-score   support

         bzx     0.4364    0.7742    0.5581        31
         cwx     0.8000    0.3636    0.5000        22
         hdx     0.3030    0.5882    0.4000        17
         mtx     1.0000    0.2105    0.3478        19
         nqx     0.7333    0.9167    0.8148        12
         qtx     0.8333    0.6667    0.7407        45
         zxx     0.8438    0.6923    0.7606        39

    accuracy                         0.6162       185
   macro avg     0.7071    0.6017    0.5889       185
weighted avg     0.7269    0.6162    0.6188       185

micro f-score: 0.6162162162162163

========== Train Epoch 28 ==========
Loss: 0.097	Accuracy: 65.41%	Cost 51s
              precision    recall  f1-score   support

         bzx     0.4706    0.7742    0.5854        31
         cwx     0.4643    0.5909    0.5200        22
         hdx     0.6923    0.5294    0.6000        17
         mtx     0.7143    0.2632    0.3846        19
         nqx     0.8462    0.9167    0.8800        12
         qtx     0.7750    0.6889    0.7294        45
         zxx     0.8485    0.7179    0.7778        39

    accuracy                         0.6541       185
   macro avg     0.6873    0.6402    0.6396       185
weighted avg     0.6933    0.6541    0.6530       185

micro f-score: 0.654054054054054

========== Train Epoch 29 ==========
Loss: 0.053	Accuracy: 70.27%	Cost 52s
              precision    recall  f1-score   support

         bzx     0.6000    0.6774    0.6364        31
         cwx     0.5294    0.8182    0.6429        22
         hdx     0.7143    0.5882    0.6452        17
         mtx     0.7778    0.3684    0.5000        19
         nqx     0.6250    0.8333    0.7143        12
         qtx     0.8378    0.6889    0.7561        45
         zxx     0.8250    0.8462    0.8354        39

    accuracy                         0.7027       185
   macro avg     0.7013    0.6887    0.6757       185
weighted avg     0.7273    0.7027    0.7001       185

micro f-score: 0.7027027027027027

========== Train Epoch 30 ==========
Loss: 0.055	Accuracy: 63.24%	Cost 50s
              precision    recall  f1-score   support

         bzx     0.5667    0.5484    0.5574        31
         cwx     0.4848    0.7273    0.5818        22
         hdx     0.4167    0.5882    0.4878        17
         mtx     0.8000    0.2105    0.3333        19
         nqx     0.6429    0.7500    0.6923        12
         qtx     0.7209    0.6889    0.7045        45
         zxx     0.8333    0.7692    0.8000        39

    accuracy                         0.6324       185
   macro avg     0.6379    0.6118    0.5939       185
weighted avg     0.6658    0.6324    0.6266       185

micro f-score: 0.6324324324324324

========== Train Epoch 31 ==========
Loss: 0.074	Accuracy: 37.84%	Cost 50s
              precision    recall  f1-score   support

         bzx     1.0000    0.0323    0.0625        31
         cwx     0.8750    0.3182    0.4667        22
         hdx     0.1667    0.0588    0.0870        17
         mtx     0.1518    0.8947    0.2595        19
         nqx     0.2500    0.1667    0.2000        12
         qtx     0.9000    0.4000    0.5538        45
         zxx     0.8000    0.6154    0.6957        39

    accuracy                         0.3784       185
   macro avg     0.5919    0.3552    0.3322       185
weighted avg     0.7063    0.3784    0.3950       185

micro f-score: 0.37837837837837834

========== Train Epoch 32 ==========
Loss: 0.080	Accuracy: 61.08%	Cost 49s
              precision    recall  f1-score   support

         bzx     0.4200    0.6774    0.5185        31
         cwx     0.7059    0.5455    0.6154        22
         hdx     1.0000    0.1176    0.2105        17
         mtx     0.3235    0.5789    0.4151        19
         nqx     0.8571    0.5000    0.6316        12
         qtx     0.8333    0.6667    0.7407        45
         zxx     0.7949    0.7949    0.7949        39

    accuracy                         0.6108       185
   macro avg     0.7050    0.5544    0.5610       185
weighted avg     0.7053    0.6108    0.6108       185

micro f-score: 0.6108108108108108

========== Train Epoch 33 ==========
Loss: 0.087	Accuracy: 45.41%	Cost 51s
              precision    recall  f1-score   support

         bzx     0.4474    0.5484    0.4928        31
         cwx     0.5714    0.7273    0.6400        22
         hdx     0.6667    0.1176    0.2000        17
         mtx     0.2727    0.1579    0.2000        19
         nqx     0.1833    0.9167    0.3056        12
         qtx     0.8000    0.1778    0.2909        45
         zxx     0.7714    0.6923    0.7297        39

    accuracy                         0.4541       185
   macro avg     0.5304    0.4769    0.4084       185
weighted avg     0.6013    0.4541    0.4420       185

micro f-score: 0.4540540540540541

========== Train Epoch 34 ==========
Loss: 0.083	Accuracy: 65.41%	Cost 50s
              precision    recall  f1-score   support

         bzx     0.6000    0.4839    0.5357        31
         cwx     0.6667    0.7273    0.6957        22
         hdx     0.5000    0.5882    0.5405        17
         mtx     0.5000    0.2105    0.2963        19
         nqx     0.5625    0.7500    0.6429        12
         qtx     0.8649    0.7111    0.7805        45
         zxx     0.6364    0.8974    0.7447        39

    accuracy                         0.6541       185
   macro avg     0.6186    0.6241    0.6052       185
weighted avg     0.6581    0.6541    0.6411       185

micro f-score: 0.654054054054054

========== Train Epoch 35 ==========
Loss: 0.068	Accuracy: 64.86%	Cost 49s
              precision    recall  f1-score   support

         bzx     0.5294    0.5806    0.5538        31
         cwx     0.4419    0.8636    0.5846        22
         hdx     0.6154    0.4706    0.5333        17
         mtx     0.5455    0.6316    0.5854        19
         nqx     0.7500    0.5000    0.6000        12
         qtx     0.9310    0.6000    0.7297        45
         zxx     0.8333    0.7692    0.8000        39

    accuracy                         0.6486       185
   macro avg     0.6638    0.6308    0.6267       185
weighted avg     0.7046    0.6486    0.6565       185

micro f-score: 0.6486486486486487

========== Train Epoch 36 ==========
Loss: 0.071	Accuracy: 62.16%	Cost 51s
              precision    recall  f1-score   support

         bzx     0.6500    0.4194    0.5098        31
         cwx     0.5600    0.6364    0.5957        22
         hdx     0.6154    0.4706    0.5333        17
         mtx     0.3333    0.2632    0.2941        19
         nqx     1.0000    0.4167    0.5882        12
         qtx     0.6800    0.7556    0.7158        45
         zxx     0.6316    0.9231    0.7500        39

    accuracy                         0.6216       185
   macro avg     0.6386    0.5550    0.5696       185
weighted avg     0.6297    0.6216    0.6059       185

micro f-score: 0.6216216216216216

========== Train Epoch 37 ==========
Loss: 0.069	Accuracy: 60.54%	Cost 51s
              precision    recall  f1-score   support

         bzx     0.6667    0.3226    0.4348        31
         cwx     0.3462    0.8182    0.4865        22
         hdx     0.5714    0.4706    0.5161        17
         mtx     1.0000    0.2632    0.4167        19
         nqx     0.3571    0.8333    0.5000        12
         qtx     0.8611    0.6889    0.7654        45
         zxx     0.8571    0.7692    0.8108        39

    accuracy                         0.6054       185
   macro avg     0.6657    0.5951    0.5615       185
weighted avg     0.7214    0.6054    0.6105       185

micro f-score: 0.6054054054054054

========== Train Epoch 38 ==========
Loss: 0.039	Accuracy: 64.32%	Cost 49s
              precision    recall  f1-score   support

         bzx     0.7692    0.3226    0.4545        31
         cwx     0.6667    0.6364    0.6512        22
         hdx     0.4286    0.5294    0.4737        17
         mtx     0.5000    0.3684    0.4242        19
         nqx     0.4000    0.8333    0.5405        12
         qtx     0.7308    0.8444    0.7835        45
         zxx     0.7949    0.7949    0.7949        39

    accuracy                         0.6432       185
   macro avg     0.6129    0.6185    0.5889       185
weighted avg     0.6702    0.6432    0.6339       185

micro f-score: 0.6432432432432432

========== Train Epoch 39 ==========
Loss: 0.058	Accuracy: 54.05%	Cost 50s
              precision    recall  f1-score   support

         bzx     0.5172    0.4839    0.5000        31
         cwx     0.8750    0.3182    0.4667        22
         hdx     0.2083    0.8824    0.3371        17
         mtx     0.6154    0.4211    0.5000        19
         nqx     0.6111    0.9167    0.7333        12
         qtx     0.9545    0.4667    0.6269        45
         zxx     1.0000    0.5897    0.7419        39

    accuracy                         0.5405       185
   macro avg     0.6831    0.5826    0.5580       185
weighted avg     0.7557    0.5405    0.5781       185

micro f-score: 0.5405405405405406

========== Train Epoch 40 ==========
Loss: 0.120	Accuracy: 61.62%	Cost 50s
              precision    recall  f1-score   support

         bzx     0.5385    0.4516    0.4912        31
         cwx     0.6154    0.7273    0.6667        22
         hdx     0.7143    0.2941    0.4167        17
         mtx     0.2963    0.4211    0.3478        19
         nqx     0.6667    0.5000    0.5714        12
         qtx     0.7234    0.7556    0.7391        45
         zxx     0.7209    0.7949    0.7561        39

    accuracy                         0.6162       185
   macro avg     0.6108    0.5635    0.5699       185
weighted avg     0.6307    0.6162    0.6119       185

micro f-score: 0.6162162162162163

========== Train Epoch 41 ==========
Loss: 0.087	Accuracy: 62.16%	Cost 49s
              precision    recall  f1-score   support

         bzx     0.8000    0.2581    0.3902        31
         cwx     0.3889    0.9545    0.5526        22
         hdx     0.6154    0.4706    0.5333        17
         mtx     0.4348    0.5263    0.4762        19
         nqx     0.8000    0.3333    0.4706        12
         qtx     0.7556    0.7556    0.7556        45
         zxx     0.8571    0.7692    0.8108        39

    accuracy                         0.6216       185
   macro avg     0.6645    0.5811    0.5699       185
weighted avg     0.6979    0.6216    0.6143       185

micro f-score: 0.6216216216216216

========== Train Epoch 42 ==========
Loss: 0.053	Accuracy: 55.68%	Cost 51s
              precision    recall  f1-score   support

         bzx     0.8000    0.2581    0.3902        31
         cwx     1.0000    0.5000    0.6667        22
         hdx     0.3429    0.7059    0.4615        17
         mtx     0.3750    0.1579    0.2222        19
         nqx     0.4545    0.4167    0.4348        12
         qtx     0.4884    0.9333    0.6412        45
         zxx     0.9167    0.5641    0.6984        39

    accuracy                         0.5568       185
   macro avg     0.6253    0.5051    0.5022       185
weighted avg     0.6645    0.5568    0.5413       185

micro f-score: 0.5567567567567567

========== Train Epoch 43 ==========
Loss: 0.044	Accuracy: 67.57%	Cost 49s
              precision    recall  f1-score   support

         bzx     0.6957    0.5161    0.5926        31
         cwx     0.6207    0.8182    0.7059        22
         hdx     0.5263    0.5882    0.5556        17
         mtx     0.5455    0.3158    0.4000        19
         nqx     0.5263    0.8333    0.6452        12
         qtx     0.7727    0.7556    0.7640        45
         zxx     0.7750    0.7949    0.7848        39

    accuracy                         0.6757       185
   macro avg     0.6375    0.6603    0.6354       185
weighted avg     0.6802    0.6757    0.6685       185

micro f-score: 0.6756756756756757

========== Train Epoch 44 ==========
Loss: 0.029	Accuracy: 69.73%	Cost 49s
              precision    recall  f1-score   support

         bzx     0.6957    0.5161    0.5926        31
         cwx     0.7391    0.7727    0.7556        22
         hdx     0.7273    0.4706    0.5714        17
         mtx     0.4737    0.4737    0.4737        19
         nqx     0.4783    0.9167    0.6286        12
         qtx     0.8974    0.7778    0.8333        45
         zxx     0.7021    0.8462    0.7674        39

    accuracy                         0.6973       185
   macro avg     0.6734    0.6820    0.6604       185
weighted avg     0.7173    0.6973    0.6956       185

micro f-score: 0.6972972972972973

========== Train Epoch 45 ==========
Loss: 0.024	Accuracy: 69.73%	Cost 50s
              precision    recall  f1-score   support

         bzx     0.6786    0.6129    0.6441        31
         cwx     0.5000    0.9091    0.6452        22
         hdx     0.6429    0.5294    0.5806        17
         mtx     0.7143    0.2632    0.3846        19
         nqx     0.6000    0.7500    0.6667        12
         qtx     0.8500    0.7556    0.8000        45
         zxx     0.8049    0.8462    0.8250        39

    accuracy                         0.6973       185
   macro avg     0.6844    0.6666    0.6495       185
weighted avg     0.7210    0.6973    0.6893       185

micro f-score: 0.6972972972972973

========== Train Epoch 46 ==========
Loss: 0.029	Accuracy: 66.49%	Cost 50s
              precision    recall  f1-score   support

         bzx     0.6250    0.3226    0.4255        31
         cwx     0.8824    0.6818    0.7692        22
         hdx     0.4400    0.6471    0.5238        17
         mtx     0.6667    0.5263    0.5882        19
         nqx     0.3929    0.9167    0.5500        12
         qtx     0.7907    0.7556    0.7727        45
         zxx     0.7805    0.8205    0.8000        39

    accuracy                         0.6649       185
   macro avg     0.6540    0.6672    0.6328       185
weighted avg     0.7009    0.6649    0.6636       185

micro f-score: 0.6648648648648648

========== Train Epoch 47 ==========
Loss: 0.026	Accuracy: 68.11%	Cost 52s
              precision    recall  f1-score   support

         bzx     0.7143    0.4839    0.5769        31
         cwx     0.6400    0.7273    0.6809        22
         hdx     0.4167    0.5882    0.4878        17
         mtx     0.5294    0.4737    0.5000        19
         nqx     0.5625    0.7500    0.6429        12
         qtx     0.8718    0.7556    0.8095        45
         zxx     0.7674    0.8462    0.8049        39

    accuracy                         0.6811       185
   macro avg     0.6432    0.6607    0.6433       185
weighted avg     0.6988    0.6811    0.6821       185

micro f-score: 0.6810810810810811

========== Train Epoch 48 ==========
Loss: 0.025	Accuracy: 65.41%	Cost 50s
              precision    recall  f1-score   support

         bzx     0.6190    0.4194    0.5000        31
         cwx     0.5000    0.8182    0.6207        22
         hdx     0.6000    0.5294    0.5625        17
         mtx     0.6667    0.3158    0.4286        19
         nqx     0.5882    0.8333    0.6897        12
         qtx     0.8889    0.7111    0.7901        45
         zxx     0.6471    0.8462    0.7333        39

    accuracy                         0.6541       185
   macro avg     0.6443    0.6390    0.6178       185
weighted avg     0.6776    0.6541    0.6448       185

micro f-score: 0.654054054054054

========== Train Epoch 49 ==========
Loss: 0.021	Accuracy: 69.19%	Cost 50s
              precision    recall  f1-score   support

         bzx     0.7692    0.3226    0.4545        31
         cwx     0.7083    0.7727    0.7391        22
         hdx     0.5882    0.5882    0.5882        17
         mtx     0.7143    0.5263    0.6061        19
         nqx     0.5556    0.8333    0.6667        12
         qtx     0.7955    0.7778    0.7865        45
         zxx     0.6545    0.9231    0.7660        39

    accuracy                         0.6919       185
   macro avg     0.6837    0.6777    0.6582       185
weighted avg     0.7081    0.6919    0.6764       185

micro f-score: 0.6918918918918919

========== Train Epoch 50 ==========
Loss: 0.023	Accuracy: 69.73%	Cost 50s
              precision    recall  f1-score   support

         bzx     0.6296    0.5484    0.5862        31
         cwx     0.7273    0.7273    0.7273        22
         hdx     0.6250    0.5882    0.6061        17
         mtx     0.4762    0.5263    0.5000        19
         nqx     0.5000    0.8333    0.6250        12
         qtx     0.8684    0.7333    0.7952        45
         zxx     0.8049    0.8462    0.8250        39

    accuracy                         0.6973       185
   macro avg     0.6616    0.6861    0.6664       185
weighted avg     0.7117    0.6973    0.6996       185

micro f-score: 0.6972972972972973

========== Train Epoch 51 ==========
Loss: 0.040	Accuracy: 69.19%	Cost 52s
              precision    recall  f1-score   support

         bzx     0.5862    0.5484    0.5667        31
         cwx     0.6154    0.7273    0.6667        22
         hdx     0.5000    0.5294    0.5143        17
         mtx     1.0000    0.2632    0.4167        19
         nqx     0.8333    0.8333    0.8333        12
         qtx     0.8409    0.8222    0.8315        45
         zxx     0.6667    0.8718    0.7556        39

    accuracy                         0.6919       185
   macro avg     0.7204    0.6565    0.6549       185
weighted avg     0.7192    0.6919    0.6799       185

micro f-score: 0.6918918918918919

========== Train Epoch 52 ==========
Loss: 0.029	Accuracy: 62.16%	Cost 49s
              precision    recall  f1-score   support

         bzx     0.8333    0.3226    0.4651        31
         cwx     0.7619    0.7273    0.7442        22
         hdx     0.3571    0.5882    0.4444        17
         mtx     0.5455    0.3158    0.4000        19
         nqx     0.3333    0.9167    0.4889        12
         qtx     0.7083    0.7556    0.7312        45
         zxx     0.8750    0.7179    0.7887        39

    accuracy                         0.6216       185
   macro avg     0.6306    0.6206    0.5804       185
weighted avg     0.6975    0.6216    0.6242       185

micro f-score: 0.6216216216216216

========== Train Epoch 53 ==========
Loss: 0.043	Accuracy: 48.65%	Cost 50s
              precision    recall  f1-score   support

         bzx     0.4286    0.5806    0.4932        31
         cwx     0.2581    0.7273    0.3810        22
         hdx     0.4615    0.3529    0.4000        17
         mtx     0.4000    0.1053    0.1667        19
         nqx     0.6154    0.6667    0.6400        12
         qtx     0.7714    0.6000    0.6750        45
         zxx     0.8667    0.3333    0.4815        39

    accuracy                         0.4865       185
   macro avg     0.5431    0.4809    0.4625       185
weighted avg     0.5963    0.4865    0.4890       185

micro f-score: 0.4864864864864865

========== Train Epoch 54 ==========
Loss: 0.140	Accuracy: 51.35%	Cost 51s
              precision    recall  f1-score   support

         bzx     0.8333    0.1613    0.2703        31
         cwx     0.7143    0.4545    0.5556        22
         hdx     1.0000    0.0588    0.1111        17
         mtx     0.2027    0.7895    0.3226        19
         nqx     1.0000    0.0833    0.1538        12
         qtx     0.8158    0.6889    0.7470        45
         zxx     0.6275    0.8205    0.7111        39

    accuracy                         0.5135       185
   macro avg     0.7419    0.4367    0.4102       185
weighted avg     0.7329    0.5135    0.4963       185

micro f-score: 0.5135135135135135

========== Train Epoch 55 ==========
Loss: 0.179	Accuracy: 49.73%	Cost 51s
              precision    recall  f1-score   support

         bzx     0.5000    0.5161    0.5079        31
         cwx     0.8571    0.2727    0.4138        22
         hdx     1.0000    0.1765    0.3000        17
         mtx     0.0000    0.0000    0.0000        19
         nqx     0.1714    1.0000    0.2927        12
         qtx     0.8621    0.5556    0.6757        45
         zxx     0.6818    0.7692    0.7229        39

    accuracy                         0.4973       185
   macro avg     0.5818    0.4700    0.4161       185
weighted avg     0.6422    0.4973    0.4976       185

micro f-score: 0.4972972972972973

========== Train Epoch 56 ==========
/home/djy/anaconda3/envs/pytorch/lib/python3.7/site-packages/sklearn/metrics/_classification.py:1308: UndefinedMetricWarning: Precision and F-score are ill-defined and being set to 0.0 in labels with no predicted samples. Use `zero_division` parameter to control this behavior.
  _warn_prf(average, modifier, msg_start, len(result))
/home/djy/anaconda3/envs/pytorch/lib/python3.7/site-packages/sklearn/metrics/_classification.py:1308: UndefinedMetricWarning: Precision and F-score are ill-defined and being set to 0.0 in labels with no predicted samples. Use `zero_division` parameter to control this behavior.
  _warn_prf(average, modifier, msg_start, len(result))
/home/djy/anaconda3/envs/pytorch/lib/python3.7/site-packages/sklearn/metrics/_classification.py:1308: UndefinedMetricWarning: Precision and F-score are ill-defined and being set to 0.0 in labels with no predicted samples. Use `zero_division` parameter to control this behavior.
  _warn_prf(average, modifier, msg_start, len(result))
Loss: 0.131	Accuracy: 60.54%	Cost 50s
              precision    recall  f1-score   support

         bzx     0.5000    0.6129    0.5507        31
         cwx     0.4167    0.9091    0.5714        22
         hdx     1.0000    0.2353    0.3810        17
         mtx     0.4000    0.2105    0.2759        19
         nqx     0.8750    0.5833    0.7000        12
         qtx     0.7045    0.6889    0.6966        45
         zxx     0.8182    0.6923    0.7500        39

    accuracy                         0.6054       185
   macro avg     0.6735    0.5618    0.5608       185
weighted avg     0.6669    0.6054    0.5965       185

micro f-score: 0.6054054054054054

========== Train Epoch 57 ==========
Loss: 0.066	Accuracy: 62.70%	Cost 49s
              precision    recall  f1-score   support

         bzx     0.5625    0.2903    0.3830        31
         cwx     0.7500    0.5455    0.6316        22
         hdx     0.3636    0.7059    0.4800        17
         mtx     0.5294    0.4737    0.5000        19
         nqx     0.5882    0.8333    0.6897        12
         qtx     0.7021    0.7333    0.7174        45
         zxx     0.7949    0.7949    0.7949        39

    accuracy                         0.6270       185
   macro avg     0.6130    0.6253    0.5995       185
weighted avg     0.6477    0.6270    0.6215       185

micro f-score: 0.6270270270270271

========== Train Epoch 58 ==========
Loss: 0.036	Accuracy: 64.86%	Cost 51s
              precision    recall  f1-score   support

         bzx     0.4839    0.4839    0.4839        31
         cwx     0.5625    0.8182    0.6667        22
         hdx     0.5455    0.7059    0.6154        17
         mtx     0.5333    0.4211    0.4706        19
         nqx     0.6923    0.7500    0.7200        12
         qtx     0.7234    0.7556    0.7391        45
         zxx     0.9600    0.6154    0.7500        39

    accuracy                         0.6486       185
   macro avg     0.6430    0.6500    0.6351       185
weighted avg     0.6761    0.6486    0.6498       185

micro f-score: 0.6486486486486487

========== Train Epoch 59 ==========
Loss: 0.036	Accuracy: 64.86%	Cost 49s
              precision    recall  f1-score   support

         bzx     0.4667    0.6774    0.5526        31
         cwx     0.6087    0.6364    0.6222        22
         hdx     0.6364    0.4118    0.5000        17
         mtx     0.4000    0.5263    0.4545        19
         nqx     0.6250    0.8333    0.7143        12
         qtx     0.9062    0.6444    0.7532        45
         zxx     0.8788    0.7436    0.8056        39

    accuracy                         0.6486       185
   macro avg     0.6460    0.6390    0.6289       185
weighted avg     0.6964    0.6486    0.6586       185

micro f-score: 0.6486486486486487

========== Train Epoch 60 ==========
Loss: 0.028	Accuracy: 66.49%	Cost 51s
              precision    recall  f1-score   support

         bzx     0.5238    0.3548    0.4231        31
         cwx     0.5625    0.8182    0.6667        22
         hdx     0.4615    0.7059    0.5581        17
         mtx     0.8889    0.4211    0.5714        19
         nqx     0.7333    0.9167    0.8148        12
         qtx     0.7674    0.7333    0.7500        45
         zxx     0.7692    0.7692    0.7692        39

    accuracy                         0.6649       185
   macro avg     0.6724    0.6742    0.6505       185
weighted avg     0.6848    0.6649    0.6576       185

micro f-score: 0.6648648648648648

========== Train Epoch 61 ==========
Loss: 0.020	Accuracy: 68.11%	Cost 50s
              precision    recall  f1-score   support

         bzx     0.7222    0.4194    0.5306        31
         cwx     0.6296    0.7727    0.6939        22
         hdx     0.4333    0.7647    0.5532        17
         mtx     1.0000    0.2105    0.3478        19
         nqx     0.6250    0.8333    0.7143        12
         qtx     0.8378    0.6889    0.7561        45
         zxx     0.7170    0.9744    0.8261        39

    accuracy                         0.6811       185
   macro avg     0.7093    0.6663    0.6317       185
weighted avg     0.7339    0.6811    0.6624       185

micro f-score: 0.6810810810810811

========== Train Epoch 62 ==========
Loss: 0.058	Accuracy: 60.00%	Cost 51s
              precision    recall  f1-score   support

         bzx     0.4483    0.4194    0.4333        31
         cwx     0.8235    0.6364    0.7179        22
         hdx     0.2553    0.7059    0.3750        17
         mtx     0.6667    0.1053    0.1818        19
         nqx     0.7143    0.8333    0.7692        12
         qtx     0.9091    0.6667    0.7692        45
         zxx     0.7143    0.7692    0.7407        39

    accuracy                         0.6000       185
   macro avg     0.6474    0.5909    0.5696       185
weighted avg     0.6830    0.6000    0.6043       185

micro f-score: 0.6

========== Train Epoch 63 ==========
Loss: 0.055	Accuracy: 62.70%	Cost 52s
              precision    recall  f1-score   support

         bzx     0.5806    0.5806    0.5806        31
         cwx     0.5909    0.5909    0.5909        22
         hdx     0.2857    0.7059    0.4068        17
         mtx     0.8000    0.2105    0.3333        19
         nqx     0.7692    0.8333    0.8000        12
         qtx     0.8000    0.6222    0.7000        45
         zxx     0.8378    0.7949    0.8158        39

    accuracy                         0.6270       185
   macro avg     0.6663    0.6198    0.6039       185
weighted avg     0.6971    0.6270    0.6333       185

micro f-score: 0.6270270270270271

========== Train Epoch 64 ==========
Loss: 0.047	Accuracy: 58.38%	Cost 51s
              precision    recall  f1-score   support

         bzx     0.5455    0.1935    0.2857        31
         cwx     0.7333    0.5000    0.5946        22
         hdx     0.6364    0.4118    0.5000        17
         mtx     0.5714    0.2105    0.3077        19
         nqx     0.5238    0.9167    0.6667        12
         qtx     0.7619    0.7111    0.7356        45
         zxx     0.4744    0.9487    0.6325        39

    accuracy                         0.5838       185
   macro avg     0.6067    0.5560    0.5318       185
weighted avg     0.6151    0.5838    0.5516       185

micro f-score: 0.5837837837837838

Finished training!!!

Min Loss = 0.020 in epoch 60;
Max Accuracy = 70.27% in epoch 28;
Total Cost 53 minutes

==========================================================================================
Layer (type:depth-idx)                   Output Shape              Param #
==========================================================================================
Conv2d: 1-1                            [-1, 64, 160, 160]        9,408
BatchNorm2d: 1-2                       [-1, 64, 160, 160]        128
ReLU: 1-3                              [-1, 64, 160, 160]        --
SPP: 1-4                               [-1, 256, 160, 160]       --
|    MaxPool2d: 2-1                    [-1, 64, 160, 160]        --
|    MaxPool2d: 2-2                    [-1, 64, 160, 160]        --
|    MaxPool2d: 2-3                    [-1, 64, 160, 160]        --
Conv2d: 1-5                            [-1, 64, 80, 80]          802,816
BatchNorm2d: 1-6                       [-1, 64, 80, 80]          128
ReLU: 1-7                              [-1, 64, 80, 80]          --
Sequential: 1-8                        [-1, 64, 80, 80]          --
|    BasicBlock: 2-4                   [-1, 64, 80, 80]          --
|    |    Conv2d: 3-1                  [-1, 64, 80, 80]          36,864
|    |    BatchNorm2d: 3-2             [-1, 64, 80, 80]          128
|    |    ReLU: 3-3                    [-1, 64, 80, 80]          --
|    |    Conv2d: 3-4                  [-1, 64, 80, 80]          36,864
|    |    BatchNorm2d: 3-5             [-1, 64, 80, 80]          128
|    |    CBAM: 3-6                    [-1, 64, 80, 80]          680
|    |    ReLU: 3-7                    [-1, 64, 80, 80]          --
|    BasicBlock: 2-5                   [-1, 64, 80, 80]          --
|    |    Conv2d: 3-8                  [-1, 64, 80, 80]          36,864
|    |    BatchNorm2d: 3-9             [-1, 64, 80, 80]          128
|    |    ReLU: 3-10                   [-1, 64, 80, 80]          --
|    |    Conv2d: 3-11                 [-1, 64, 80, 80]          36,864
|    |    BatchNorm2d: 3-12            [-1, 64, 80, 80]          128
|    |    CBAM: 3-13                   [-1, 64, 80, 80]          680
|    |    ReLU: 3-14                   [-1, 64, 80, 80]          --
Sequential: 1-9                        [-1, 128, 40, 40]         --
|    BasicBlock: 2-6                   [-1, 128, 40, 40]         --
|    |    Conv2d: 3-15                 [-1, 128, 40, 40]         73,728
|    |    BatchNorm2d: 3-16            [-1, 128, 40, 40]         256
|    |    ReLU: 3-17                   [-1, 128, 40, 40]         --
|    |    Conv2d: 3-18                 [-1, 128, 40, 40]         147,456
|    |    BatchNorm2d: 3-19            [-1, 128, 40, 40]         256
|    |    CBAM: 3-20                   [-1, 128, 40, 40]         2,284
|    |    Sequential: 3-21             [-1, 128, 40, 40]         8,448
|    |    ReLU: 3-22                   [-1, 128, 40, 40]         --
|    BasicBlock: 2-7                   [-1, 128, 40, 40]         --
|    |    Conv2d: 3-23                 [-1, 128, 40, 40]         147,456
|    |    BatchNorm2d: 3-24            [-1, 128, 40, 40]         256
|    |    ReLU: 3-25                   [-1, 128, 40, 40]         --
|    |    Conv2d: 3-26                 [-1, 128, 40, 40]         147,456
|    |    BatchNorm2d: 3-27            [-1, 128, 40, 40]         256
|    |    CBAM: 3-28                   [-1, 128, 40, 40]         2,284
|    |    ReLU: 3-29                   [-1, 128, 40, 40]         --
Sequential: 1-10                       [-1, 256, 20, 20]         --
|    BasicBlock: 2-8                   [-1, 256, 20, 20]         --
|    |    Conv2d: 3-30                 [-1, 256, 20, 20]         294,912
|    |    BatchNorm2d: 3-31            [-1, 256, 20, 20]         512
|    |    ReLU: 3-32                   [-1, 256, 20, 20]         --
|    |    Conv2d: 3-33                 [-1, 256, 20, 20]         589,824
|    |    BatchNorm2d: 3-34            [-1, 256, 20, 20]         512
|    |    CBAM: 3-35                   [-1, 256, 20, 20]         8,564
|    |    Sequential: 3-36             [-1, 256, 20, 20]         33,280
|    |    ReLU: 3-37                   [-1, 256, 20, 20]         --
|    BasicBlock: 2-9                   [-1, 256, 20, 20]         --
|    |    Conv2d: 3-38                 [-1, 256, 20, 20]         589,824
|    |    BatchNorm2d: 3-39            [-1, 256, 20, 20]         512
|    |    ReLU: 3-40                   [-1, 256, 20, 20]         --
|    |    Conv2d: 3-41                 [-1, 256, 20, 20]         589,824
|    |    BatchNorm2d: 3-42            [-1, 256, 20, 20]         512
|    |    CBAM: 3-43                   [-1, 256, 20, 20]         8,564
|    |    ReLU: 3-44                   [-1, 256, 20, 20]         --
Sequential: 1-11                       [-1, 512, 10, 10]         --
|    BasicBlock: 2-10                  [-1, 512, 10, 10]         --
|    |    Conv2d: 3-45                 [-1, 512, 10, 10]         1,179,648
|    |    BatchNorm2d: 3-46            [-1, 512, 10, 10]         1,024
|    |    ReLU: 3-47                   [-1, 512, 10, 10]         --
|    |    Conv2d: 3-48                 [-1, 512, 10, 10]         2,359,296
|    |    BatchNorm2d: 3-49            [-1, 512, 10, 10]         1,024
|    |    CBAM: 3-50                   [-1, 512, 10, 10]         33,412
|    |    Sequential: 3-51             [-1, 512, 10, 10]         132,096
|    |    ReLU: 3-52                   [-1, 512, 10, 10]         --
|    BasicBlock: 2-11                  [-1, 512, 10, 10]         --
|    |    Conv2d: 3-53                 [-1, 512, 10, 10]         2,359,296
|    |    BatchNorm2d: 3-54            [-1, 512, 10, 10]         1,024
|    |    ReLU: 3-55                   [-1, 512, 10, 10]         --
|    |    Conv2d: 3-56                 [-1, 512, 10, 10]         2,359,296
|    |    BatchNorm2d: 3-57            [-1, 512, 10, 10]         1,024
|    |    CBAM: 3-58                   [-1, 512, 10, 10]         33,412
|    |    ReLU: 3-59                   [-1, 512, 10, 10]         --
AdaptiveAvgPool2d: 1-12                [-1, 512, 1, 1]           --
Linear: 1-13                           [-1, 7]                   3,591
==========================================================================================
Total params: 12,072,927
Trainable params: 12,072,927
Non-trainable params: 0
Total mult-adds (G): 8.86
==========================================================================================
Input size (MB): 1.17
Forward/backward pass size (MB): 83.59
Params size (MB): 46.05
Estimated Total Size (MB): 130.82
==========================================================================================
[0.3081081081081081, 0.2648648648648649, 0.4, 0.34054054054054056, 0.43783783783783786, 0.4594594594594595, 0.4702702702702703, 0.4702702702702703, 0.4810810810810811, 0.43783783783783786, 0.5351351351351351, 0.5513513513513514, 0.5459459459459459, 0.5675675675675675, 0.6432432432432432, 0.572972972972973, 0.5405405405405406, 0.6378378378378379, 0.5945945945945946, 0.5891891891891892, 0.6756756756756757, 0.6756756756756757, 0.6378378378378379, 0.6378378378378379, 0.6486486486486487, 0.6864864864864865, 0.6162162162162163, 0.654054054054054, 0.7027027027027027, 0.6324324324324324, 0.3783783783783784, 0.6108108108108108, 0.4540540540540541, 0.654054054054054, 0.6486486486486487, 0.6216216216216216, 0.6054054054054054, 0.6432432432432432, 0.5405405405405406, 0.6162162162162163, 0.6216216216216216, 0.5567567567567567, 0.6756756756756757, 0.6972972972972973, 0.6972972972972973, 0.6648648648648648, 0.6810810810810811, 0.654054054054054, 0.6918918918918919, 0.6972972972972973, 0.6918918918918919, 0.6216216216216216, 0.4864864864864865, 0.5135135135135135, 0.4972972972972973, 0.6054054054054054, 0.6270270270270271, 0.6486486486486487, 0.6486486486486487, 0.6648648648648648, 0.6810810810810811, 0.6, 0.6270270270270271, 0.5837837837837838]
